[0.533s] Invoking command in '/home/mscrobotics2425laptop4/LEO-ROVER-CODING/interbotix_ws/src/interbotix_ros_toolboxes/interbotix_perception_toolbox/interbotix_perception_modules': AMENT_PREFIX_PATH=/home/mscrobotics2425laptop4/LEO-ROVER-CODING/install/interbotix_perception_pipelines:/home/mscrobotics2425laptop4/LEO-ROVER-CODING/install/interbotix_xs_msgs:/home/mscrobotics2425laptop4/LEO-ROVER-CODING/install/interbotix_perception_msgs:/home/mscrobotics2425laptop4/LEO-ROVER-CODING/install/interbotix_common_modules:${AMENT_PREFIX_PATH} CMAKE_PREFIX_PATH=/home/mscrobotics2425laptop4/LEO-ROVER-CODING/install/interbotix_perception_pipelines:/home/mscrobotics2425laptop4/LEO-ROVER-CODING/install/interbotix_xs_msgs:/home/mscrobotics2425laptop4/LEO-ROVER-CODING/install/interbotix_perception_msgs:${CMAKE_PREFIX_PATH} LD_LIBRARY_PATH=/home/mscrobotics2425laptop4/LEO-ROVER-CODING/install/interbotix_xs_msgs/lib:/home/mscrobotics2425laptop4/LEO-ROVER-CODING/install/interbotix_perception_msgs/lib:${LD_LIBRARY_PATH} PYTHONPATH=/home/mscrobotics2425laptop4/LEO-ROVER-CODING/build/interbotix_perception_modules/prefix_override:/usr/lib/python3/dist-packages/colcon_core/task/python/colcon_distutils_commands:/home/mscrobotics2425laptop4/LEO-ROVER-CODING/install/interbotix_perception_modules/lib/python3.10/site-packages:/home/mscrobotics2425laptop4/LEO-ROVER-CODING/install/interbotix_xs_msgs/local/lib/python3.10/dist-packages:/home/mscrobotics2425laptop4/LEO-ROVER-CODING/install/interbotix_perception_msgs/local/lib/python3.10/dist-packages:/home/mscrobotics2425laptop4/LEO-ROVER-CODING/install/interbotix_common_modules/lib/python3.10/site-packages:${PYTHONPATH} /usr/bin/python3 -W ignore:setup.py install is deprecated -W ignore:easy_install command is deprecated setup.py egg_info --egg-base ../../../../../build/interbotix_perception_modules build --build-base /home/mscrobotics2425laptop4/LEO-ROVER-CODING/build/interbotix_perception_modules/build install --record /home/mscrobotics2425laptop4/LEO-ROVER-CODING/build/interbotix_perception_modules/install.log --single-version-externally-managed install_data
[0.722s] running egg_info
[0.722s] creating ../../../../../build/interbotix_perception_modules/interbotix_perception_modules.egg-info
[0.723s] writing ../../../../../build/interbotix_perception_modules/interbotix_perception_modules.egg-info/PKG-INFO
[0.723s] writing dependency_links to ../../../../../build/interbotix_perception_modules/interbotix_perception_modules.egg-info/dependency_links.txt
[0.723s] writing entry points to ../../../../../build/interbotix_perception_modules/interbotix_perception_modules.egg-info/entry_points.txt
[0.723s] writing requirements to ../../../../../build/interbotix_perception_modules/interbotix_perception_modules.egg-info/requires.txt
[0.723s] writing top-level names to ../../../../../build/interbotix_perception_modules/interbotix_perception_modules.egg-info/top_level.txt
[0.723s] writing manifest file '../../../../../build/interbotix_perception_modules/interbotix_perception_modules.egg-info/SOURCES.txt'
[0.725s] reading manifest file '../../../../../build/interbotix_perception_modules/interbotix_perception_modules.egg-info/SOURCES.txt'
[0.726s] writing manifest file '../../../../../build/interbotix_perception_modules/interbotix_perception_modules.egg-info/SOURCES.txt'
[0.727s] running build
[0.727s] running build_py
[0.727s] creating /home/mscrobotics2425laptop4/LEO-ROVER-CODING/build/interbotix_perception_modules/build
[0.727s] creating /home/mscrobotics2425laptop4/LEO-ROVER-CODING/build/interbotix_perception_modules/build/lib
[0.727s] creating /home/mscrobotics2425laptop4/LEO-ROVER-CODING/build/interbotix_perception_modules/build/lib/interbotix_perception_modules
[0.727s] copying interbotix_perception_modules/armtag.py -> /home/mscrobotics2425laptop4/LEO-ROVER-CODING/build/interbotix_perception_modules/build/lib/interbotix_perception_modules
[0.727s] copying interbotix_perception_modules/picture_snapper.py -> /home/mscrobotics2425laptop4/LEO-ROVER-CODING/build/interbotix_perception_modules/build/lib/interbotix_perception_modules
[0.727s] copying interbotix_perception_modules/apriltag.py -> /home/mscrobotics2425laptop4/LEO-ROVER-CODING/build/interbotix_perception_modules/build/lib/interbotix_perception_modules
[0.727s] copying interbotix_perception_modules/pointcloud_tuner_gui.py -> /home/mscrobotics2425laptop4/LEO-ROVER-CODING/build/interbotix_perception_modules/build/lib/interbotix_perception_modules
[0.727s] copying interbotix_perception_modules/__init__.py -> /home/mscrobotics2425laptop4/LEO-ROVER-CODING/build/interbotix_perception_modules/build/lib/interbotix_perception_modules
[0.727s] copying interbotix_perception_modules/armtag_tuner_gui.py -> /home/mscrobotics2425laptop4/LEO-ROVER-CODING/build/interbotix_perception_modules/build/lib/interbotix_perception_modules
[0.728s] copying interbotix_perception_modules/pointcloud.py -> /home/mscrobotics2425laptop4/LEO-ROVER-CODING/build/interbotix_perception_modules/build/lib/interbotix_perception_modules
[0.728s] running install
[0.728s] running install_lib
[0.729s] creating /home/mscrobotics2425laptop4/LEO-ROVER-CODING/install/interbotix_perception_modules/lib/python3.10/site-packages/interbotix_perception_modules
[0.729s] copying /home/mscrobotics2425laptop4/LEO-ROVER-CODING/build/interbotix_perception_modules/build/lib/interbotix_perception_modules/armtag.py -> /home/mscrobotics2425laptop4/LEO-ROVER-CODING/install/interbotix_perception_modules/lib/python3.10/site-packages/interbotix_perception_modules
[0.729s] copying /home/mscrobotics2425laptop4/LEO-ROVER-CODING/build/interbotix_perception_modules/build/lib/interbotix_perception_modules/picture_snapper.py -> /home/mscrobotics2425laptop4/LEO-ROVER-CODING/install/interbotix_perception_modules/lib/python3.10/site-packages/interbotix_perception_modules
[0.729s] copying /home/mscrobotics2425laptop4/LEO-ROVER-CODING/build/interbotix_perception_modules/build/lib/interbotix_perception_modules/apriltag.py -> /home/mscrobotics2425laptop4/LEO-ROVER-CODING/install/interbotix_perception_modules/lib/python3.10/site-packages/interbotix_perception_modules
[0.729s] copying /home/mscrobotics2425laptop4/LEO-ROVER-CODING/build/interbotix_perception_modules/build/lib/interbotix_perception_modules/pointcloud_tuner_gui.py -> /home/mscrobotics2425laptop4/LEO-ROVER-CODING/install/interbotix_perception_modules/lib/python3.10/site-packages/interbotix_perception_modules
[0.729s] copying /home/mscrobotics2425laptop4/LEO-ROVER-CODING/build/interbotix_perception_modules/build/lib/interbotix_perception_modules/__init__.py -> /home/mscrobotics2425laptop4/LEO-ROVER-CODING/install/interbotix_perception_modules/lib/python3.10/site-packages/interbotix_perception_modules
[0.729s] copying /home/mscrobotics2425laptop4/LEO-ROVER-CODING/build/interbotix_perception_modules/build/lib/interbotix_perception_modules/armtag_tuner_gui.py -> /home/mscrobotics2425laptop4/LEO-ROVER-CODING/install/interbotix_perception_modules/lib/python3.10/site-packages/interbotix_perception_modules
[0.729s] copying /home/mscrobotics2425laptop4/LEO-ROVER-CODING/build/interbotix_perception_modules/build/lib/interbotix_perception_modules/pointcloud.py -> /home/mscrobotics2425laptop4/LEO-ROVER-CODING/install/interbotix_perception_modules/lib/python3.10/site-packages/interbotix_perception_modules
[0.730s] byte-compiling /home/mscrobotics2425laptop4/LEO-ROVER-CODING/install/interbotix_perception_modules/lib/python3.10/site-packages/interbotix_perception_modules/armtag.py to armtag.cpython-310.pyc
[0.731s] byte-compiling /home/mscrobotics2425laptop4/LEO-ROVER-CODING/install/interbotix_perception_modules/lib/python3.10/site-packages/interbotix_perception_modules/picture_snapper.py to picture_snapper.cpython-310.pyc
[0.732s] byte-compiling /home/mscrobotics2425laptop4/LEO-ROVER-CODING/install/interbotix_perception_modules/lib/python3.10/site-packages/interbotix_perception_modules/apriltag.py to apriltag.cpython-310.pyc
[0.732s] byte-compiling /home/mscrobotics2425laptop4/LEO-ROVER-CODING/install/interbotix_perception_modules/lib/python3.10/site-packages/interbotix_perception_modules/pointcloud_tuner_gui.py to pointcloud_tuner_gui.cpython-310.pyc
[0.735s] byte-compiling /home/mscrobotics2425laptop4/LEO-ROVER-CODING/install/interbotix_perception_modules/lib/python3.10/site-packages/interbotix_perception_modules/__init__.py to __init__.cpython-310.pyc
[0.735s] byte-compiling /home/mscrobotics2425laptop4/LEO-ROVER-CODING/install/interbotix_perception_modules/lib/python3.10/site-packages/interbotix_perception_modules/armtag_tuner_gui.py to armtag_tuner_gui.cpython-310.pyc
[0.737s] byte-compiling /home/mscrobotics2425laptop4/LEO-ROVER-CODING/install/interbotix_perception_modules/lib/python3.10/site-packages/interbotix_perception_modules/pointcloud.py to pointcloud.cpython-310.pyc
[0.743s] running install_data
[0.744s] creating /home/mscrobotics2425laptop4/LEO-ROVER-CODING/install/interbotix_perception_modules/share/ament_index
[0.745s] creating /home/mscrobotics2425laptop4/LEO-ROVER-CODING/install/interbotix_perception_modules/share/ament_index/resource_index
[0.745s] creating /home/mscrobotics2425laptop4/LEO-ROVER-CODING/install/interbotix_perception_modules/share/ament_index/resource_index/packages
[0.745s] copying resource/interbotix_perception_modules -> /home/mscrobotics2425laptop4/LEO-ROVER-CODING/install/interbotix_perception_modules/share/ament_index/resource_index/packages
[0.745s] copying package.xml -> /home/mscrobotics2425laptop4/LEO-ROVER-CODING/install/interbotix_perception_modules/share/interbotix_perception_modules
[0.745s] creating /home/mscrobotics2425laptop4/LEO-ROVER-CODING/install/interbotix_perception_modules/share/interbotix_perception_modules/launch
[0.745s] copying launch/picture_snapper.launch.py -> /home/mscrobotics2425laptop4/LEO-ROVER-CODING/install/interbotix_perception_modules/share/interbotix_perception_modules/launch
[0.745s] copying launch/pc_filter.launch.py -> /home/mscrobotics2425laptop4/LEO-ROVER-CODING/install/interbotix_perception_modules/share/interbotix_perception_modules/launch
[0.745s] copying launch/apriltag.launch.py -> /home/mscrobotics2425laptop4/LEO-ROVER-CODING/install/interbotix_perception_modules/share/interbotix_perception_modules/launch
[0.745s] copying launch/armtag.launch.py -> /home/mscrobotics2425laptop4/LEO-ROVER-CODING/install/interbotix_perception_modules/share/interbotix_perception_modules/launch
[0.746s] creating /home/mscrobotics2425laptop4/LEO-ROVER-CODING/install/interbotix_perception_modules/share/interbotix_perception_modules/config
[0.746s] copying config/tags.yaml -> /home/mscrobotics2425laptop4/LEO-ROVER-CODING/install/interbotix_perception_modules/share/interbotix_perception_modules/config
[0.746s] copying config/filter_params.yaml -> /home/mscrobotics2425laptop4/LEO-ROVER-CODING/install/interbotix_perception_modules/share/interbotix_perception_modules/config
[0.746s] creating /home/mscrobotics2425laptop4/LEO-ROVER-CODING/install/interbotix_perception_modules/share/interbotix_perception_modules/ui
[0.746s] copying src/ui/pointcloudtunergui.ui -> /home/mscrobotics2425laptop4/LEO-ROVER-CODING/install/interbotix_perception_modules/share/interbotix_perception_modules/ui
[0.746s] copying src/ui/armtagtunergui.ui -> /home/mscrobotics2425laptop4/LEO-ROVER-CODING/install/interbotix_perception_modules/share/interbotix_perception_modules/ui
[0.746s] running install_egg_info
[0.750s] Copying ../../../../../build/interbotix_perception_modules/interbotix_perception_modules.egg-info to /home/mscrobotics2425laptop4/LEO-ROVER-CODING/install/interbotix_perception_modules/lib/python3.10/site-packages/interbotix_perception_modules-0.0.0-py3.10.egg-info
[0.751s] running install_scripts
[0.772s] Installing armtag_tuner_gui script to /home/mscrobotics2425laptop4/LEO-ROVER-CODING/install/interbotix_perception_modules/lib/interbotix_perception_modules
[0.772s] Installing picture_snapper script to /home/mscrobotics2425laptop4/LEO-ROVER-CODING/install/interbotix_perception_modules/lib/interbotix_perception_modules
[0.772s] Installing pointcloud_tuner_gui script to /home/mscrobotics2425laptop4/LEO-ROVER-CODING/install/interbotix_perception_modules/lib/interbotix_perception_modules
[0.773s] writing list of installed files to '/home/mscrobotics2425laptop4/LEO-ROVER-CODING/build/interbotix_perception_modules/install.log'
[0.797s] Invoked command in '/home/mscrobotics2425laptop4/LEO-ROVER-CODING/interbotix_ws/src/interbotix_ros_toolboxes/interbotix_perception_toolbox/interbotix_perception_modules' returned '0': AMENT_PREFIX_PATH=/home/mscrobotics2425laptop4/LEO-ROVER-CODING/install/interbotix_perception_pipelines:/home/mscrobotics2425laptop4/LEO-ROVER-CODING/install/interbotix_xs_msgs:/home/mscrobotics2425laptop4/LEO-ROVER-CODING/install/interbotix_perception_msgs:/home/mscrobotics2425laptop4/LEO-ROVER-CODING/install/interbotix_common_modules:${AMENT_PREFIX_PATH} CMAKE_PREFIX_PATH=/home/mscrobotics2425laptop4/LEO-ROVER-CODING/install/interbotix_perception_pipelines:/home/mscrobotics2425laptop4/LEO-ROVER-CODING/install/interbotix_xs_msgs:/home/mscrobotics2425laptop4/LEO-ROVER-CODING/install/interbotix_perception_msgs:${CMAKE_PREFIX_PATH} LD_LIBRARY_PATH=/home/mscrobotics2425laptop4/LEO-ROVER-CODING/install/interbotix_xs_msgs/lib:/home/mscrobotics2425laptop4/LEO-ROVER-CODING/install/interbotix_perception_msgs/lib:${LD_LIBRARY_PATH} PYTHONPATH=/home/mscrobotics2425laptop4/LEO-ROVER-CODING/build/interbotix_perception_modules/prefix_override:/usr/lib/python3/dist-packages/colcon_core/task/python/colcon_distutils_commands:/home/mscrobotics2425laptop4/LEO-ROVER-CODING/install/interbotix_perception_modules/lib/python3.10/site-packages:/home/mscrobotics2425laptop4/LEO-ROVER-CODING/install/interbotix_xs_msgs/local/lib/python3.10/dist-packages:/home/mscrobotics2425laptop4/LEO-ROVER-CODING/install/interbotix_perception_msgs/local/lib/python3.10/dist-packages:/home/mscrobotics2425laptop4/LEO-ROVER-CODING/install/interbotix_common_modules/lib/python3.10/site-packages:${PYTHONPATH} /usr/bin/python3 -W ignore:setup.py install is deprecated -W ignore:easy_install command is deprecated setup.py egg_info --egg-base ../../../../../build/interbotix_perception_modules build --build-base /home/mscrobotics2425laptop4/LEO-ROVER-CODING/build/interbotix_perception_modules/build install --record /home/mscrobotics2425laptop4/LEO-ROVER-CODING/build/interbotix_perception_modules/install.log --single-version-externally-managed install_data
