running egg_info
creating ../../../build/leo_manipulator/leo_manipulator.egg-info
writing ../../../build/leo_manipulator/leo_manipulator.egg-info/PKG-INFO
writing dependency_links to ../../../build/leo_manipulator/leo_manipulator.egg-info/dependency_links.txt
writing entry points to ../../../build/leo_manipulator/leo_manipulator.egg-info/entry_points.txt
writing requirements to ../../../build/leo_manipulator/leo_manipulator.egg-info/requires.txt
writing top-level names to ../../../build/leo_manipulator/leo_manipulator.egg-info/top_level.txt
writing manifest file '../../../build/leo_manipulator/leo_manipulator.egg-info/SOURCES.txt'
reading manifest file '../../../build/leo_manipulator/leo_manipulator.egg-info/SOURCES.txt'
writing manifest file '../../../build/leo_manipulator/leo_manipulator.egg-info/SOURCES.txt'
running build
running build_py
creating /home/mscrobotics2425laptop4/LEO-ROVER-CODING/build/leo_manipulator/build
creating /home/mscrobotics2425laptop4/LEO-ROVER-CODING/build/leo_manipulator/build/lib
creating /home/mscrobotics2425laptop4/LEO-ROVER-CODING/build/leo_manipulator/build/lib/leo_manipulator
copying leo_manipulator/manipulator_node.py -> /home/mscrobotics2425laptop4/LEO-ROVER-CODING/build/leo_manipulator/build/lib/leo_manipulator
copying leo_manipulator/__init__.py -> /home/mscrobotics2425laptop4/LEO-ROVER-CODING/build/leo_manipulator/build/lib/leo_manipulator
running install
running install_lib
creating /home/mscrobotics2425laptop4/LEO-ROVER-CODING/install/leo_manipulator/lib/python3.10/site-packages/leo_manipulator
copying /home/mscrobotics2425laptop4/LEO-ROVER-CODING/build/leo_manipulator/build/lib/leo_manipulator/manipulator_node.py -> /home/mscrobotics2425laptop4/LEO-ROVER-CODING/install/leo_manipulator/lib/python3.10/site-packages/leo_manipulator
copying /home/mscrobotics2425laptop4/LEO-ROVER-CODING/build/leo_manipulator/build/lib/leo_manipulator/__init__.py -> /home/mscrobotics2425laptop4/LEO-ROVER-CODING/install/leo_manipulator/lib/python3.10/site-packages/leo_manipulator
byte-compiling /home/mscrobotics2425laptop4/LEO-ROVER-CODING/install/leo_manipulator/lib/python3.10/site-packages/leo_manipulator/manipulator_node.py to manipulator_node.cpython-310.pyc
byte-compiling /home/mscrobotics2425laptop4/LEO-ROVER-CODING/install/leo_manipulator/lib/python3.10/site-packages/leo_manipulator/__init__.py to __init__.cpython-310.pyc
running install_data
creating /home/mscrobotics2425laptop4/LEO-ROVER-CODING/install/leo_manipulator/share/ament_index
creating /home/mscrobotics2425laptop4/LEO-ROVER-CODING/install/leo_manipulator/share/ament_index/resource_index
creating /home/mscrobotics2425laptop4/LEO-ROVER-CODING/install/leo_manipulator/share/ament_index/resource_index/packages
copying resource/leo_manipulator -> /home/mscrobotics2425laptop4/LEO-ROVER-CODING/install/leo_manipulator/share/ament_index/resource_index/packages
copying package.xml -> /home/mscrobotics2425laptop4/LEO-ROVER-CODING/install/leo_manipulator/share/leo_manipulator
running install_egg_info
Copying ../../../build/leo_manipulator/leo_manipulator.egg-info to /home/mscrobotics2425laptop4/LEO-ROVER-CODING/install/leo_manipulator/lib/python3.10/site-packages/leo_manipulator-0.0.0-py3.10.egg-info
running install_scripts
Installing manipulator_node script to /home/mscrobotics2425laptop4/LEO-ROVER-CODING/install/leo_manipulator/lib/leo_manipulator
writing list of installed files to '/home/mscrobotics2425laptop4/LEO-ROVER-CODING/build/leo_manipulator/install.log'
