[0.119s] Invoking command in '/home/mscrobotics2425laptop4/interbotix_ws/build/interbotix_xs_msgs': CMAKE_PREFIX_PATH=${CMAKE_PREFIX_PATH}:/home/mscrobotics2425laptop4/interbotix_ws/install/ros_cv_messages:/home/mscrobotics2425laptop4/interbotix_ws/install/leo_realsense:/home/mscrobotics2425laptop4/interbotix_ws/install/leo_manipulator:/home/mscrobotics2425laptop4/interbotix_ws/install/leo_main:/home/mscrobotics2425laptop4/interbotix_ws/install/leo_launch:/home/mscrobotics2425laptop4/interbotix_ws/install/interbotix_xs_modules:/home/mscrobotics2425laptop4/interbotix_ws/install/interbotix_perception_modules:/home/mscrobotics2425laptop4/interbotix_ws/install/interbotix_common_modules:/opt/ros/humble /usr/bin/cmake --build /home/mscrobotics2425laptop4/interbotix_ws/build/interbotix_xs_msgs -- -j12 -l12
[0.706s] [ 12%] Built target interbotix_xs_msgs__rosidl_generator_c
[0.708s] [ 12%] Built target interbotix_xs_msgs__cpp
[0.709s] [ 12%] Built target ament_cmake_python_copy_interbotix_xs_msgs
[0.710s] [ 24%] Built target interbotix_xs_msgs__rosidl_typesupport_c
[0.710s] [ 36%] Built target interbotix_xs_msgs__rosidl_typesupport_introspection_c
[0.711s] [ 48%] Built target interbotix_xs_msgs__rosidl_typesupport_fastrtps_c
[0.712s] [ 60%] Built target interbotix_xs_msgs__rosidl_typesupport_cpp
[0.714s] [ 84%] Built target interbotix_xs_msgs__rosidl_typesupport_introspection_cpp
[0.715s] [ 84%] Built target interbotix_xs_msgs__rosidl_typesupport_fastrtps_cpp
[0.718s] [ 84%] Built target interbotix_xs_msgs
[0.720s] [ 85%] Built target interbotix_xs_msgs__py
[0.720s] [ 96%] Built target interbotix_xs_msgs__rosidl_generator_py
[0.720s] [ 97%] Built target interbotix_xs_msgs__rosidl_typesupport_c__pyext
[0.720s] [ 98%] Built target interbotix_xs_msgs__rosidl_typesupport_fastrtps_c__pyext
[0.721s] [100%] Built target interbotix_xs_msgs__rosidl_typesupport_introspection_c__pyext
[0.724s] running egg_info
[0.725s] writing interbotix_xs_msgs.egg-info/PKG-INFO
[0.725s] writing dependency_links to interbotix_xs_msgs.egg-info/dependency_links.txt
[0.727s] writing top-level names to interbotix_xs_msgs.egg-info/top_level.txt
[0.735s] reading manifest file 'interbotix_xs_msgs.egg-info/SOURCES.txt'
[0.737s] writing manifest file 'interbotix_xs_msgs.egg-info/SOURCES.txt'
[0.856s] [100%] Built target ament_cmake_python_build_interbotix_xs_msgs_egg
[1.675s] Invoked command in '/home/mscrobotics2425laptop4/interbotix_ws/build/interbotix_xs_msgs' returned '0': CMAKE_PREFIX_PATH=${CMAKE_PREFIX_PATH}:/home/mscrobotics2425laptop4/interbotix_ws/install/ros_cv_messages:/home/mscrobotics2425laptop4/interbotix_ws/install/leo_realsense:/home/mscrobotics2425laptop4/interbotix_ws/install/leo_manipulator:/home/mscrobotics2425laptop4/interbotix_ws/install/leo_main:/home/mscrobotics2425laptop4/interbotix_ws/install/leo_launch:/home/mscrobotics2425laptop4/interbotix_ws/install/interbotix_xs_modules:/home/mscrobotics2425laptop4/interbotix_ws/install/interbotix_perception_modules:/home/mscrobotics2425laptop4/interbotix_ws/install/interbotix_common_modules:/opt/ros/humble /usr/bin/cmake --build /home/mscrobotics2425laptop4/interbotix_ws/build/interbotix_xs_msgs -- -j12 -l12
[1.678s] Invoking command in '/home/mscrobotics2425laptop4/interbotix_ws/build/interbotix_xs_msgs': CMAKE_PREFIX_PATH=${CMAKE_PREFIX_PATH}:/home/mscrobotics2425laptop4/interbotix_ws/install/ros_cv_messages:/home/mscrobotics2425laptop4/interbotix_ws/install/leo_realsense:/home/mscrobotics2425laptop4/interbotix_ws/install/leo_manipulator:/home/mscrobotics2425laptop4/interbotix_ws/install/leo_main:/home/mscrobotics2425laptop4/interbotix_ws/install/leo_launch:/home/mscrobotics2425laptop4/interbotix_ws/install/interbotix_xs_modules:/home/mscrobotics2425laptop4/interbotix_ws/install/interbotix_perception_modules:/home/mscrobotics2425laptop4/interbotix_ws/install/interbotix_common_modules:/opt/ros/humble /usr/bin/cmake --install /home/mscrobotics2425laptop4/interbotix_ws/build/interbotix_xs_msgs
[1.722s] -- Install configuration: ""
[1.724s] -- Up-to-date: /home/mscrobotics2425laptop4/interbotix_ws/install/interbotix_xs_msgs/share/ament_index/resource_index/rosidl_interfaces/interbotix_xs_msgs
[1.725s] -- Up-to-date: /home/mscrobotics2425laptop4/interbotix_ws/install/interbotix_xs_msgs/include/interbotix_xs_msgs/interbotix_xs_msgs
[1.725s] -- Up-to-date: /home/mscrobotics2425laptop4/interbotix_ws/install/interbotix_xs_msgs/include/interbotix_xs_msgs/interbotix_xs_msgs/msg
[1.727s] -- Up-to-date: /home/mscrobotics2425laptop4/interbotix_ws/install/interbotix_xs_msgs/include/interbotix_xs_msgs/interbotix_xs_msgs/msg/joint_temps.h
[1.729s] -- Up-to-date: /home/mscrobotics2425laptop4/interbotix_ws/install/interbotix_xs_msgs/include/interbotix_xs_msgs/interbotix_xs_msgs/msg/joint_group_command.h
[1.729s] -- Up-to-date: /home/mscrobotics2425laptop4/interbotix_ws/install/interbotix_xs_msgs/include/interbotix_xs_msgs/interbotix_xs_msgs/msg/turret_joy.h
[1.731s] -- Up-to-date: /home/mscrobotics2425laptop4/interbotix_ws/install/interbotix_xs_msgs/include/interbotix_xs_msgs/interbotix_xs_msgs/msg/rosidl_generator_c__visibility_control.h
[1.741s] -- Up-to-date: /home/mscrobotics2425laptop4/interbotix_ws/install/interbotix_xs_msgs/include/interbotix_xs_msgs/interbotix_xs_msgs/msg/joint_trajectory_command.h
[1.745s] -- Up-to-date: /home/mscrobotics2425laptop4/interbotix_ws/install/interbotix_xs_msgs/include/interbotix_xs_msgs/interbotix_xs_msgs/msg/hex_joy.h
[1.745s] -- Up-to-date: /home/mscrobotics2425laptop4/interbotix_ws/install/interbotix_xs_msgs/include/interbotix_xs_msgs/interbotix_xs_msgs/msg/detail
[1.746s] -- Up-to-date: /home/mscrobotics2425laptop4/interbotix_ws/install/interbotix_xs_msgs/include/interbotix_xs_msgs/interbotix_xs_msgs/msg/detail/joint_temps__struct.h
[1.746s] -- Up-to-date: /home/mscrobotics2425laptop4/interbotix_ws/install/interbotix_xs_msgs/include/interbotix_xs_msgs/interbotix_xs_msgs/msg/detail/arm_joy__functions.h
[1.747s] -- Up-to-date: /home/mscrobotics2425laptop4/interbotix_ws/install/interbotix_xs_msgs/include/interbotix_xs_msgs/interbotix_xs_msgs/msg/detail/joint_single_command__struct.h
[1.747s] -- Up-to-date: /home/mscrobotics2425laptop4/interbotix_ws/install/interbotix_xs_msgs/include/interbotix_xs_msgs/interbotix_xs_msgs/msg/detail/joint_group_command__type_support.h
[1.748s] -- Up-to-date: /home/mscrobotics2425laptop4/interbotix_ws/install/interbotix_xs_msgs/include/interbotix_xs_msgs/interbotix_xs_msgs/msg/detail/turret_joy__struct.h
[1.749s] -- Up-to-date: /home/mscrobotics2425laptop4/interbotix_ws/install/interbotix_xs_msgs/include/interbotix_xs_msgs/interbotix_xs_msgs/msg/detail/joint_temps__functions.h
[1.749s] -- Up-to-date: /home/mscrobotics2425laptop4/interbotix_ws/install/interbotix_xs_msgs/include/interbotix_xs_msgs/interbotix_xs_msgs/msg/detail/joint_trajectory_command__functions.c
[1.750s] -- Up-to-date: /home/mscrobotics2425laptop4/interbotix_ws/install/interbotix_xs_msgs/include/interbotix_xs_msgs/interbotix_xs_msgs/msg/detail/joint_trajectory_command__type_support.h
[1.750s] -- Up-to-date: /home/mscrobotics2425laptop4/interbotix_ws/install/interbotix_xs_msgs/include/interbotix_xs_msgs/interbotix_xs_msgs/msg/detail/hex_joy__functions.h
[1.750s] -- Up-to-date: /home/mscrobotics2425laptop4/interbotix_ws/install/interbotix_xs_msgs/include/interbotix_xs_msgs/interbotix_xs_msgs/msg/detail/turret_joy__type_support.h
[1.750s] -- Up-to-date: /home/mscrobotics2425laptop4/interbotix_ws/install/interbotix_xs_msgs/include/interbotix_xs_msgs/interbotix_xs_msgs/msg/detail/locobot_joy__struct.h
[1.751s] -- Up-to-date: /home/mscrobotics2425laptop4/interbotix_ws/install/interbotix_xs_msgs/include/interbotix_xs_msgs/interbotix_xs_msgs/msg/detail/locobot_joy__type_support.h
[1.751s] -- Up-to-date: /home/mscrobotics2425laptop4/interbotix_ws/install/interbotix_xs_msgs/include/interbotix_xs_msgs/interbotix_xs_msgs/msg/detail/turret_joy__functions.c
[1.751s] -- Up-to-date: /home/mscrobotics2425laptop4/interbotix_ws/install/interbotix_xs_msgs/include/interbotix_xs_msgs/interbotix_xs_msgs/msg/detail/locobot_joy__functions.c
[1.751s] -- Up-to-date: /home/mscrobotics2425laptop4/interbotix_ws/install/interbotix_xs_msgs/include/interbotix_xs_msgs/interbotix_xs_msgs/msg/detail/turret_joy__functions.h
[1.761s] -- Up-to-date: /home/mscrobotics2425laptop4/interbotix_ws/install/interbotix_xs_msgs/include/interbotix_xs_msgs/interbotix_xs_msgs/msg/detail/joint_single_command__functions.h
[1.761s] -- Up-to-date: /home/mscrobotics2425laptop4/interbotix_ws/install/interbotix_xs_msgs/include/interbotix_xs_msgs/interbotix_xs_msgs/msg/detail/joint_single_command__type_support.h
[1.761s] -- Up-to-date: /home/mscrobotics2425laptop4/interbotix_ws/install/interbotix_xs_msgs/include/interbotix_xs_msgs/interbotix_xs_msgs/msg/detail/arm_joy__functions.c
[1.761s] -- Up-to-date: /home/mscrobotics2425laptop4/interbotix_ws/install/interbotix_xs_msgs/include/interbotix_xs_msgs/interbotix_xs_msgs/msg/detail/joint_trajectory_command__struct.h
[1.762s] -- Up-to-date: /home/mscrobotics2425laptop4/interbotix_ws/install/interbotix_xs_msgs/include/interbotix_xs_msgs/interbotix_xs_msgs/msg/detail/hex_joy__struct.h
[1.762s] -- Up-to-date: /home/mscrobotics2425laptop4/interbotix_ws/install/interbotix_xs_msgs/include/interbotix_xs_msgs/interbotix_xs_msgs/msg/detail/hex_joy__functions.c
[1.762s] -- Up-to-date: /home/mscrobotics2425laptop4/interbotix_ws/install/interbotix_xs_msgs/include/interbotix_xs_msgs/interbotix_xs_msgs/msg/detail/hex_joy__type_support.h
[1.762s] -- Up-to-date: /home/mscrobotics2425laptop4/interbotix_ws/install/interbotix_xs_msgs/include/interbotix_xs_msgs/interbotix_xs_msgs/msg/detail/joint_single_command__functions.c
[1.762s] -- Up-to-date: /home/mscrobotics2425laptop4/interbotix_ws/install/interbotix_xs_msgs/include/interbotix_xs_msgs/interbotix_xs_msgs/msg/detail/locobot_joy__functions.h
[1.762s] -- Up-to-date: /home/mscrobotics2425laptop4/interbotix_ws/install/interbotix_xs_msgs/include/interbotix_xs_msgs/interbotix_xs_msgs/msg/detail/joint_temps__type_support.h
[1.763s] -- Up-to-date: /home/mscrobotics2425laptop4/interbotix_ws/install/interbotix_xs_msgs/include/interbotix_xs_msgs/interbotix_xs_msgs/msg/detail/joint_temps__functions.c
[1.763s] -- Up-to-date: /home/mscrobotics2425laptop4/interbotix_ws/install/interbotix_xs_msgs/include/interbotix_xs_msgs/interbotix_xs_msgs/msg/detail/arm_joy__type_support.h
[1.763s] -- Up-to-date: /home/mscrobotics2425laptop4/interbotix_ws/install/interbotix_xs_msgs/include/interbotix_xs_msgs/interbotix_xs_msgs/msg/detail/arm_joy__struct.h
[1.765s] -- Up-to-date: /home/mscrobotics2425laptop4/interbotix_ws/install/interbotix_xs_msgs/include/interbotix_xs_msgs/interbotix_xs_msgs/msg/detail/joint_group_command__functions.c
[1.766s] -- Up-to-date: /home/mscrobotics2425laptop4/interbotix_ws/install/interbotix_xs_msgs/include/interbotix_xs_msgs/interbotix_xs_msgs/msg/detail/joint_group_command__functions.h
[1.766s] -- Up-to-date: /home/mscrobotics2425laptop4/interbotix_ws/install/interbotix_xs_msgs/include/interbotix_xs_msgs/interbotix_xs_msgs/msg/detail/joint_group_command__struct.h
[1.766s] -- Up-to-date: /home/mscrobotics2425laptop4/interbotix_ws/install/interbotix_xs_msgs/include/interbotix_xs_msgs/interbotix_xs_msgs/msg/detail/joint_trajectory_command__functions.h
[1.767s] -- Up-to-date: /home/mscrobotics2425laptop4/interbotix_ws/install/interbotix_xs_msgs/include/interbotix_xs_msgs/interbotix_xs_msgs/msg/joint_single_command.h
[1.767s] -- Up-to-date: /home/mscrobotics2425laptop4/interbotix_ws/install/interbotix_xs_msgs/include/interbotix_xs_msgs/interbotix_xs_msgs/msg/arm_joy.h
[1.767s] -- Up-to-date: /home/mscrobotics2425laptop4/interbotix_ws/install/interbotix_xs_msgs/include/interbotix_xs_msgs/interbotix_xs_msgs/msg/locobot_joy.h
[1.767s] -- Up-to-date: /home/mscrobotics2425laptop4/interbotix_ws/install/interbotix_xs_msgs/include/interbotix_xs_msgs/interbotix_xs_msgs/srv
[1.768s] -- Up-to-date: /home/mscrobotics2425laptop4/interbotix_ws/install/interbotix_xs_msgs/include/interbotix_xs_msgs/interbotix_xs_msgs/srv/operating_modes.h
[1.768s] -- Up-to-date: /home/mscrobotics2425laptop4/interbotix_ws/install/interbotix_xs_msgs/include/interbotix_xs_msgs/interbotix_xs_msgs/srv/torque_enable.h
[1.768s] -- Up-to-date: /home/mscrobotics2425laptop4/interbotix_ws/install/interbotix_xs_msgs/include/interbotix_xs_msgs/interbotix_xs_msgs/srv/robot_info.h
[1.768s] -- Up-to-date: /home/mscrobotics2425laptop4/interbotix_ws/install/interbotix_xs_msgs/include/interbotix_xs_msgs/interbotix_xs_msgs/srv/register_values.h
[1.768s] -- Up-to-date: /home/mscrobotics2425laptop4/interbotix_ws/install/interbotix_xs_msgs/include/interbotix_xs_msgs/interbotix_xs_msgs/srv/detail
[1.769s] -- Up-to-date: /home/mscrobotics2425laptop4/interbotix_ws/install/interbotix_xs_msgs/include/interbotix_xs_msgs/interbotix_xs_msgs/srv/detail/motor_gains__functions.h
[1.769s] -- Up-to-date: /home/mscrobotics2425laptop4/interbotix_ws/install/interbotix_xs_msgs/include/interbotix_xs_msgs/interbotix_xs_msgs/srv/detail/reboot__struct.h
[1.769s] -- Up-to-date: /home/mscrobotics2425laptop4/interbotix_ws/install/interbotix_xs_msgs/include/interbotix_xs_msgs/interbotix_xs_msgs/srv/detail/torque_enable__functions.h
[1.769s] -- Up-to-date: /home/mscrobotics2425laptop4/interbotix_ws/install/interbotix_xs_msgs/include/interbotix_xs_msgs/interbotix_xs_msgs/srv/detail/register_values__functions.h
[1.770s] -- Up-to-date: /home/mscrobotics2425laptop4/interbotix_ws/install/interbotix_xs_msgs/include/interbotix_xs_msgs/interbotix_xs_msgs/srv/detail/torque_enable__struct.h
[1.771s] -- Up-to-date: /home/mscrobotics2425laptop4/interbotix_ws/install/interbotix_xs_msgs/include/interbotix_xs_msgs/interbotix_xs_msgs/srv/detail/register_values__struct.h
[1.772s] -- Up-to-date: /home/mscrobotics2425laptop4/interbotix_ws/install/interbotix_xs_msgs/include/interbotix_xs_msgs/interbotix_xs_msgs/srv/detail/register_values__functions.c
[1.772s] -- Up-to-date: /home/mscrobotics2425laptop4/interbotix_ws/install/interbotix_xs_msgs/include/interbotix_xs_msgs/interbotix_xs_msgs/srv/detail/operating_modes__type_support.h
[1.772s] -- Up-to-date: /home/mscrobotics2425laptop4/interbotix_ws/install/interbotix_xs_msgs/include/interbotix_xs_msgs/interbotix_xs_msgs/srv/detail/motor_gains__struct.h
[1.772s] -- Up-to-date: /home/mscrobotics2425laptop4/interbotix_ws/install/interbotix_xs_msgs/include/interbotix_xs_msgs/interbotix_xs_msgs/srv/detail/reboot__type_support.h
[1.773s] -- Up-to-date: /home/mscrobotics2425laptop4/interbotix_ws/install/interbotix_xs_msgs/include/interbotix_xs_msgs/interbotix_xs_msgs/srv/detail/robot_info__type_support.h
[1.773s] -- Up-to-date: /home/mscrobotics2425laptop4/interbotix_ws/install/interbotix_xs_msgs/include/interbotix_xs_msgs/interbotix_xs_msgs/srv/detail/torque_enable__functions.c
[1.773s] -- Up-to-date: /home/mscrobotics2425laptop4/interbotix_ws/install/interbotix_xs_msgs/include/interbotix_xs_msgs/interbotix_xs_msgs/srv/detail/robot_info__functions.h
[1.773s] -- Up-to-date: /home/mscrobotics2425laptop4/interbotix_ws/install/interbotix_xs_msgs/include/interbotix_xs_msgs/interbotix_xs_msgs/srv/detail/register_values__type_support.h
[1.773s] -- Up-to-date: /home/mscrobotics2425laptop4/interbotix_ws/install/interbotix_xs_msgs/include/interbotix_xs_msgs/interbotix_xs_msgs/srv/detail/operating_modes__functions.h
[1.774s] -- Up-to-date: /home/mscrobotics2425laptop4/interbotix_ws/install/interbotix_xs_msgs/include/interbotix_xs_msgs/interbotix_xs_msgs/srv/detail/reboot__functions.c
[1.774s] -- Up-to-date: /home/mscrobotics2425laptop4/interbotix_ws/install/interbotix_xs_msgs/include/interbotix_xs_msgs/interbotix_xs_msgs/srv/detail/reboot__functions.h
[1.774s] -- Up-to-date: /home/mscrobotics2425laptop4/interbotix_ws/install/interbotix_xs_msgs/include/interbotix_xs_msgs/interbotix_xs_msgs/srv/detail/robot_info__functions.c
[1.774s] -- Up-to-date: /home/mscrobotics2425laptop4/interbotix_ws/install/interbotix_xs_msgs/include/interbotix_xs_msgs/interbotix_xs_msgs/srv/detail/operating_modes__struct.h
[1.774s] -- Up-to-date: /home/mscrobotics2425laptop4/interbotix_ws/install/interbotix_xs_msgs/include/interbotix_xs_msgs/interbotix_xs_msgs/srv/detail/torque_enable__type_support.h
[1.775s] -- Up-to-date: /home/mscrobotics2425laptop4/interbotix_ws/install/interbotix_xs_msgs/include/interbotix_xs_msgs/interbotix_xs_msgs/srv/detail/robot_info__struct.h
[1.775s] -- Up-to-date: /home/mscrobotics2425laptop4/interbotix_ws/install/interbotix_xs_msgs/include/interbotix_xs_msgs/interbotix_xs_msgs/srv/detail/motor_gains__functions.c
[1.775s] -- Up-to-date: /home/mscrobotics2425laptop4/interbotix_ws/install/interbotix_xs_msgs/include/interbotix_xs_msgs/interbotix_xs_msgs/srv/detail/motor_gains__type_support.h
[1.775s] -- Up-to-date: /home/mscrobotics2425laptop4/interbotix_ws/install/interbotix_xs_msgs/include/interbotix_xs_msgs/interbotix_xs_msgs/srv/detail/operating_modes__functions.c
[1.775s] -- Up-to-date: /home/mscrobotics2425laptop4/interbotix_ws/install/interbotix_xs_msgs/include/interbotix_xs_msgs/interbotix_xs_msgs/srv/reboot.h
[1.776s] -- Up-to-date: /home/mscrobotics2425laptop4/interbotix_ws/install/interbotix_xs_msgs/include/interbotix_xs_msgs/interbotix_xs_msgs/srv/motor_gains.h
[1.776s] -- Up-to-date: /home/mscrobotics2425laptop4/interbotix_ws/install/interbotix_xs_msgs/share/interbotix_xs_msgs/environment/library_path.sh
[1.777s] -- Up-to-date: /home/mscrobotics2425laptop4/interbotix_ws/install/interbotix_xs_msgs/share/interbotix_xs_msgs/environment/library_path.dsv
[1.777s] -- Up-to-date: /home/mscrobotics2425laptop4/interbotix_ws/install/interbotix_xs_msgs/lib/libinterbotix_xs_msgs__rosidl_generator_c.so
[1.778s] -- Up-to-date: /home/mscrobotics2425laptop4/interbotix_ws/install/interbotix_xs_msgs/include/interbotix_xs_msgs/interbotix_xs_msgs
[1.778s] -- Up-to-date: /home/mscrobotics2425laptop4/interbotix_ws/install/interbotix_xs_msgs/include/interbotix_xs_msgs/interbotix_xs_msgs/msg
[1.778s] -- Up-to-date: /home/mscrobotics2425laptop4/interbotix_ws/install/interbotix_xs_msgs/include/interbotix_xs_msgs/interbotix_xs_msgs/msg/rosidl_typesupport_fastrtps_c__visibility_control.h
[1.778s] -- Up-to-date: /home/mscrobotics2425laptop4/interbotix_ws/install/interbotix_xs_msgs/include/interbotix_xs_msgs/interbotix_xs_msgs/msg/detail
[1.779s] -- Up-to-date: /home/mscrobotics2425laptop4/interbotix_ws/install/interbotix_xs_msgs/include/interbotix_xs_msgs/interbotix_xs_msgs/msg/detail/joint_single_command__rosidl_typesupport_fastrtps_c.h
[1.779s] -- Up-to-date: /home/mscrobotics2425laptop4/interbotix_ws/install/interbotix_xs_msgs/include/interbotix_xs_msgs/interbotix_xs_msgs/msg/detail/hex_joy__rosidl_typesupport_fastrtps_c.h
[1.779s] -- Up-to-date: /home/mscrobotics2425laptop4/interbotix_ws/install/interbotix_xs_msgs/include/interbotix_xs_msgs/interbotix_xs_msgs/msg/detail/joint_group_command__rosidl_typesupport_fastrtps_c.h
[1.779s] -- Up-to-date: /home/mscrobotics2425laptop4/interbotix_ws/install/interbotix_xs_msgs/include/interbotix_xs_msgs/interbotix_xs_msgs/msg/detail/arm_joy__rosidl_typesupport_fastrtps_c.h
[1.779s] -- Up-to-date: /home/mscrobotics2425laptop4/interbotix_ws/install/interbotix_xs_msgs/include/interbotix_xs_msgs/interbotix_xs_msgs/msg/detail/locobot_joy__rosidl_typesupport_fastrtps_c.h
[1.780s] -- Up-to-date: /home/mscrobotics2425laptop4/interbotix_ws/install/interbotix_xs_msgs/include/interbotix_xs_msgs/interbotix_xs_msgs/msg/detail/turret_joy__rosidl_typesupport_fastrtps_c.h
[1.780s] -- Up-to-date: /home/mscrobotics2425laptop4/interbotix_ws/install/interbotix_xs_msgs/include/interbotix_xs_msgs/interbotix_xs_msgs/msg/detail/joint_trajectory_command__rosidl_typesupport_fastrtps_c.h
[1.781s] -- Up-to-date: /home/mscrobotics2425laptop4/interbotix_ws/install/interbotix_xs_msgs/include/interbotix_xs_msgs/interbotix_xs_msgs/msg/detail/joint_temps__rosidl_typesupport_fastrtps_c.h
[1.782s] -- Up-to-date: /home/mscrobotics2425laptop4/interbotix_ws/install/interbotix_xs_msgs/include/interbotix_xs_msgs/interbotix_xs_msgs/srv
[1.782s] -- Up-to-date: /home/mscrobotics2425laptop4/interbotix_ws/install/interbotix_xs_msgs/include/interbotix_xs_msgs/interbotix_xs_msgs/srv/detail
[1.782s] -- Up-to-date: /home/mscrobotics2425laptop4/interbotix_ws/install/interbotix_xs_msgs/include/interbotix_xs_msgs/interbotix_xs_msgs/srv/detail/robot_info__rosidl_typesupport_fastrtps_c.h
[1.782s] -- Up-to-date: /home/mscrobotics2425laptop4/interbotix_ws/install/interbotix_xs_msgs/include/interbotix_xs_msgs/interbotix_xs_msgs/srv/detail/operating_modes__rosidl_typesupport_fastrtps_c.h
[1.784s] -- Up-to-date: /home/mscrobotics2425laptop4/interbotix_ws/install/interbotix_xs_msgs/include/interbotix_xs_msgs/interbotix_xs_msgs/srv/detail/reboot__rosidl_typesupport_fastrtps_c.h
[1.784s] -- Up-to-date: /home/mscrobotics2425laptop4/interbotix_ws/install/interbotix_xs_msgs/include/interbotix_xs_msgs/interbotix_xs_msgs/srv/detail/torque_enable__rosidl_typesupport_fastrtps_c.h
[1.785s] -- Up-to-date: /home/mscrobotics2425laptop4/interbotix_ws/install/interbotix_xs_msgs/include/interbotix_xs_msgs/interbotix_xs_msgs/srv/detail/register_values__rosidl_typesupport_fastrtps_c.h
[1.787s] -- Up-to-date: /home/mscrobotics2425laptop4/interbotix_ws/install/interbotix_xs_msgs/include/interbotix_xs_msgs/interbotix_xs_msgs/srv/detail/motor_gains__rosidl_typesupport_fastrtps_c.h
[1.788s] -- Up-to-date: /home/mscrobotics2425laptop4/interbotix_ws/install/interbotix_xs_msgs/lib/libinterbotix_xs_msgs__rosidl_typesupport_fastrtps_c.so
[1.788s] -- Up-to-date: /home/mscrobotics2425laptop4/interbotix_ws/install/interbotix_xs_msgs/include/interbotix_xs_msgs/interbotix_xs_msgs
[1.788s] -- Up-to-date: /home/mscrobotics2425laptop4/interbotix_ws/install/interbotix_xs_msgs/include/interbotix_xs_msgs/interbotix_xs_msgs/msg
[1.789s] -- Up-to-date: /home/mscrobotics2425laptop4/interbotix_ws/install/interbotix_xs_msgs/include/interbotix_xs_msgs/interbotix_xs_msgs/msg/rosidl_typesupport_introspection_c__visibility_control.h
[1.790s] -- Up-to-date: /home/mscrobotics2425laptop4/interbotix_ws/install/interbotix_xs_msgs/include/interbotix_xs_msgs/interbotix_xs_msgs/msg/detail
[1.790s] -- Up-to-date: /home/mscrobotics2425laptop4/interbotix_ws/install/interbotix_xs_msgs/include/interbotix_xs_msgs/interbotix_xs_msgs/msg/detail/joint_group_command__type_support.c
[1.790s] -- Up-to-date: /home/mscrobotics2425laptop4/interbotix_ws/install/interbotix_xs_msgs/include/interbotix_xs_msgs/interbotix_xs_msgs/msg/detail/joint_trajectory_command__type_support.c
[1.791s] -- Up-to-date: /home/mscrobotics2425laptop4/interbotix_ws/install/interbotix_xs_msgs/include/interbotix_xs_msgs/interbotix_xs_msgs/msg/detail/locobot_joy__rosidl_typesupport_introspection_c.h
[1.792s] -- Up-to-date: /home/mscrobotics2425laptop4/interbotix_ws/install/interbotix_xs_msgs/include/interbotix_xs_msgs/interbotix_xs_msgs/msg/detail/hex_joy__rosidl_typesupport_introspection_c.h
[1.792s] -- Up-to-date: /home/mscrobotics2425laptop4/interbotix_ws/install/interbotix_xs_msgs/include/interbotix_xs_msgs/interbotix_xs_msgs/msg/detail/joint_trajectory_command__rosidl_typesupport_introspection_c.h
[1.793s] -- Up-to-date: /home/mscrobotics2425laptop4/interbotix_ws/install/interbotix_xs_msgs/include/interbotix_xs_msgs/interbotix_xs_msgs/msg/detail/joint_group_command__rosidl_typesupport_introspection_c.h
[1.793s] -- Up-to-date: /home/mscrobotics2425laptop4/interbotix_ws/install/interbotix_xs_msgs/include/interbotix_xs_msgs/interbotix_xs_msgs/msg/detail/arm_joy__type_support.c
[1.793s] -- Up-to-date: /home/mscrobotics2425laptop4/interbotix_ws/install/interbotix_xs_msgs/include/interbotix_xs_msgs/interbotix_xs_msgs/msg/detail/joint_temps__rosidl_typesupport_introspection_c.h
[1.793s] -- Up-to-date: /home/mscrobotics2425laptop4/interbotix_ws/install/interbotix_xs_msgs/include/interbotix_xs_msgs/interbotix_xs_msgs/msg/detail/joint_temps__type_support.c
[1.794s] -- Up-to-date: /home/mscrobotics2425laptop4/interbotix_ws/install/interbotix_xs_msgs/include/interbotix_xs_msgs/interbotix_xs_msgs/msg/detail/turret_joy__rosidl_typesupport_introspection_c.h
[1.794s] -- Up-to-date: /home/mscrobotics2425laptop4/interbotix_ws/install/interbotix_xs_msgs/include/interbotix_xs_msgs/interbotix_xs_msgs/msg/detail/hex_joy__type_support.c
[1.794s] -- Up-to-date: /home/mscrobotics2425laptop4/interbotix_ws/install/interbotix_xs_msgs/include/interbotix_xs_msgs/interbotix_xs_msgs/msg/detail/joint_single_command__type_support.c
[1.798s] -- Up-to-date: /home/mscrobotics2425laptop4/interbotix_ws/install/interbotix_xs_msgs/include/interbotix_xs_msgs/interbotix_xs_msgs/msg/detail/arm_joy__rosidl_typesupport_introspection_c.h
[1.798s] -- Up-to-date: /home/mscrobotics2425laptop4/interbotix_ws/install/interbotix_xs_msgs/include/interbotix_xs_msgs/interbotix_xs_msgs/msg/detail/locobot_joy__type_support.c
[1.798s] -- Up-to-date: /home/mscrobotics2425laptop4/interbotix_ws/install/interbotix_xs_msgs/include/interbotix_xs_msgs/interbotix_xs_msgs/msg/detail/joint_single_command__rosidl_typesupport_introspection_c.h
[1.799s] -- Up-to-date: /home/mscrobotics2425laptop4/interbotix_ws/install/interbotix_xs_msgs/include/interbotix_xs_msgs/interbotix_xs_msgs/msg/detail/turret_joy__type_support.c
[1.799s] -- Up-to-date: /home/mscrobotics2425laptop4/interbotix_ws/install/interbotix_xs_msgs/include/interbotix_xs_msgs/interbotix_xs_msgs/srv
[1.806s] -- Up-to-date: /home/mscrobotics2425laptop4/interbotix_ws/install/interbotix_xs_msgs/include/interbotix_xs_msgs/interbotix_xs_msgs/srv/detail
[1.806s] -- Up-to-date: /home/mscrobotics2425laptop4/interbotix_ws/install/interbotix_xs_msgs/include/interbotix_xs_msgs/interbotix_xs_msgs/srv/detail/robot_info__type_support.c
[1.806s] -- Up-to-date: /home/mscrobotics2425laptop4/interbotix_ws/install/interbotix_xs_msgs/include/interbotix_xs_msgs/interbotix_xs_msgs/srv/detail/reboot__rosidl_typesupport_introspection_c.h
[1.806s] -- Up-to-date: /home/mscrobotics2425laptop4/interbotix_ws/install/interbotix_xs_msgs/include/interbotix_xs_msgs/interbotix_xs_msgs/srv/detail/motor_gains__rosidl_typesupport_introspection_c.h
[1.806s] -- Up-to-date: /home/mscrobotics2425laptop4/interbotix_ws/install/interbotix_xs_msgs/include/interbotix_xs_msgs/interbotix_xs_msgs/srv/detail/robot_info__rosidl_typesupport_introspection_c.h
[1.806s] -- Up-to-date: /home/mscrobotics2425laptop4/interbotix_ws/install/interbotix_xs_msgs/include/interbotix_xs_msgs/interbotix_xs_msgs/srv/detail/torque_enable__rosidl_typesupport_introspection_c.h
[1.807s] -- Up-to-date: /home/mscrobotics2425laptop4/interbotix_ws/install/interbotix_xs_msgs/include/interbotix_xs_msgs/interbotix_xs_msgs/srv/detail/register_values__rosidl_typesupport_introspection_c.h
[1.807s] -- Up-to-date: /home/mscrobotics2425laptop4/interbotix_ws/install/interbotix_xs_msgs/include/interbotix_xs_msgs/interbotix_xs_msgs/srv/detail/torque_enable__type_support.c
[1.807s] -- Up-to-date: /home/mscrobotics2425laptop4/interbotix_ws/install/interbotix_xs_msgs/include/interbotix_xs_msgs/interbotix_xs_msgs/srv/detail/operating_modes__type_support.c
[1.807s] -- Up-to-date: /home/mscrobotics2425laptop4/interbotix_ws/install/interbotix_xs_msgs/include/interbotix_xs_msgs/interbotix_xs_msgs/srv/detail/reboot__type_support.c
[1.807s] -- Up-to-date: /home/mscrobotics2425laptop4/interbotix_ws/install/interbotix_xs_msgs/include/interbotix_xs_msgs/interbotix_xs_msgs/srv/detail/operating_modes__rosidl_typesupport_introspection_c.h
[1.813s] -- Up-to-date: /home/mscrobotics2425laptop4/interbotix_ws/install/interbotix_xs_msgs/include/interbotix_xs_msgs/interbotix_xs_msgs/srv/detail/register_values__type_support.c
[1.814s] -- Up-to-date: /home/mscrobotics2425laptop4/interbotix_ws/install/interbotix_xs_msgs/include/interbotix_xs_msgs/interbotix_xs_msgs/srv/detail/motor_gains__type_support.c
[1.814s] -- Up-to-date: /home/mscrobotics2425laptop4/interbotix_ws/install/interbotix_xs_msgs/lib/libinterbotix_xs_msgs__rosidl_typesupport_introspection_c.so
[1.814s] -- Up-to-date: /home/mscrobotics2425laptop4/interbotix_ws/install/interbotix_xs_msgs/lib/libinterbotix_xs_msgs__rosidl_typesupport_c.so
[1.814s] -- Up-to-date: /home/mscrobotics2425laptop4/interbotix_ws/install/interbotix_xs_msgs/include/interbotix_xs_msgs/interbotix_xs_msgs
[1.815s] -- Up-to-date: /home/mscrobotics2425laptop4/interbotix_ws/install/interbotix_xs_msgs/include/interbotix_xs_msgs/interbotix_xs_msgs/msg
[1.815s] -- Up-to-date: /home/mscrobotics2425laptop4/interbotix_ws/install/interbotix_xs_msgs/include/interbotix_xs_msgs/interbotix_xs_msgs/msg/joint_temps.hpp
[1.815s] -- Up-to-date: /home/mscrobotics2425laptop4/interbotix_ws/install/interbotix_xs_msgs/include/interbotix_xs_msgs/interbotix_xs_msgs/msg/joint_single_command.hpp
[1.815s] -- Up-to-date: /home/mscrobotics2425laptop4/interbotix_ws/install/interbotix_xs_msgs/include/interbotix_xs_msgs/interbotix_xs_msgs/msg/joint_group_command.hpp
[1.815s] -- Up-to-date: /home/mscrobotics2425laptop4/interbotix_ws/install/interbotix_xs_msgs/include/interbotix_xs_msgs/interbotix_xs_msgs/msg/arm_joy.hpp
[1.816s] -- Up-to-date: /home/mscrobotics2425laptop4/interbotix_ws/install/interbotix_xs_msgs/include/interbotix_xs_msgs/interbotix_xs_msgs/msg/joint_trajectory_command.hpp
[1.816s] -- Up-to-date: /home/mscrobotics2425laptop4/interbotix_ws/install/interbotix_xs_msgs/include/interbotix_xs_msgs/interbotix_xs_msgs/msg/turret_joy.hpp
[1.816s] -- Up-to-date: /home/mscrobotics2425laptop4/interbotix_ws/install/interbotix_xs_msgs/include/interbotix_xs_msgs/interbotix_xs_msgs/msg/hex_joy.hpp
[1.816s] -- Up-to-date: /home/mscrobotics2425laptop4/interbotix_ws/install/interbotix_xs_msgs/include/interbotix_xs_msgs/interbotix_xs_msgs/msg/locobot_joy.hpp
[1.816s] -- Up-to-date: /home/mscrobotics2425laptop4/interbotix_ws/install/interbotix_xs_msgs/include/interbotix_xs_msgs/interbotix_xs_msgs/msg/detail
[1.820s] -- Up-to-date: /home/mscrobotics2425laptop4/interbotix_ws/install/interbotix_xs_msgs/include/interbotix_xs_msgs/interbotix_xs_msgs/msg/detail/joint_single_command__type_support.hpp
[1.820s] -- Up-to-date: /home/mscrobotics2425laptop4/interbotix_ws/install/interbotix_xs_msgs/include/interbotix_xs_msgs/interbotix_xs_msgs/msg/detail/locobot_joy__struct.hpp
[1.820s] -- Up-to-date: /home/mscrobotics2425laptop4/interbotix_ws/install/interbotix_xs_msgs/include/interbotix_xs_msgs/interbotix_xs_msgs/msg/detail/arm_joy__traits.hpp
[1.821s] -- Up-to-date: /home/mscrobotics2425laptop4/interbotix_ws/install/interbotix_xs_msgs/include/interbotix_xs_msgs/interbotix_xs_msgs/msg/detail/joint_trajectory_command__struct.hpp
[1.821s] -- Up-to-date: /home/mscrobotics2425laptop4/interbotix_ws/install/interbotix_xs_msgs/include/interbotix_xs_msgs/interbotix_xs_msgs/msg/detail/arm_joy__struct.hpp
[1.821s] -- Up-to-date: /home/mscrobotics2425laptop4/interbotix_ws/install/interbotix_xs_msgs/include/interbotix_xs_msgs/interbotix_xs_msgs/msg/detail/turret_joy__traits.hpp
[1.821s] -- Up-to-date: /home/mscrobotics2425laptop4/interbotix_ws/install/interbotix_xs_msgs/include/interbotix_xs_msgs/interbotix_xs_msgs/msg/detail/arm_joy__builder.hpp
[1.821s] -- Up-to-date: /home/mscrobotics2425laptop4/interbotix_ws/install/interbotix_xs_msgs/include/interbotix_xs_msgs/interbotix_xs_msgs/msg/detail/joint_single_command__traits.hpp
[1.821s] -- Up-to-date: /home/mscrobotics2425laptop4/interbotix_ws/install/interbotix_xs_msgs/include/interbotix_xs_msgs/interbotix_xs_msgs/msg/detail/turret_joy__builder.hpp
[1.822s] -- Up-to-date: /home/mscrobotics2425laptop4/interbotix_ws/install/interbotix_xs_msgs/include/interbotix_xs_msgs/interbotix_xs_msgs/msg/detail/joint_group_command__struct.hpp
[1.822s] -- Up-to-date: /home/mscrobotics2425laptop4/interbotix_ws/install/interbotix_xs_msgs/include/interbotix_xs_msgs/interbotix_xs_msgs/msg/detail/joint_group_command__builder.hpp
[1.822s] -- Up-to-date: /home/mscrobotics2425laptop4/interbotix_ws/install/interbotix_xs_msgs/include/interbotix_xs_msgs/interbotix_xs_msgs/msg/detail/joint_temps__struct.hpp
[1.822s] -- Up-to-date: /home/mscrobotics2425laptop4/interbotix_ws/install/interbotix_xs_msgs/include/interbotix_xs_msgs/interbotix_xs_msgs/msg/detail/hex_joy__type_support.hpp
[1.822s] -- Up-to-date: /home/mscrobotics2425laptop4/interbotix_ws/install/interbotix_xs_msgs/include/interbotix_xs_msgs/interbotix_xs_msgs/msg/detail/locobot_joy__builder.hpp
[1.823s] -- Up-to-date: /home/mscrobotics2425laptop4/interbotix_ws/install/interbotix_xs_msgs/include/interbotix_xs_msgs/interbotix_xs_msgs/msg/detail/joint_trajectory_command__traits.hpp
[1.823s] -- Up-to-date: /home/mscrobotics2425laptop4/interbotix_ws/install/interbotix_xs_msgs/include/interbotix_xs_msgs/interbotix_xs_msgs/msg/detail/turret_joy__struct.hpp
[1.823s] -- Up-to-date: /home/mscrobotics2425laptop4/interbotix_ws/install/interbotix_xs_msgs/include/interbotix_xs_msgs/interbotix_xs_msgs/msg/detail/joint_single_command__builder.hpp
[1.823s] -- Up-to-date: /home/mscrobotics2425laptop4/interbotix_ws/install/interbotix_xs_msgs/include/interbotix_xs_msgs/interbotix_xs_msgs/msg/detail/hex_joy__struct.hpp
[1.823s] -- Up-to-date: /home/mscrobotics2425laptop4/interbotix_ws/install/interbotix_xs_msgs/include/interbotix_xs_msgs/interbotix_xs_msgs/msg/detail/joint_trajectory_command__builder.hpp
[1.824s] -- Up-to-date: /home/mscrobotics2425laptop4/interbotix_ws/install/interbotix_xs_msgs/include/interbotix_xs_msgs/interbotix_xs_msgs/msg/detail/hex_joy__builder.hpp
[1.824s] -- Up-to-date: /home/mscrobotics2425laptop4/interbotix_ws/install/interbotix_xs_msgs/include/interbotix_xs_msgs/interbotix_xs_msgs/msg/detail/turret_joy__type_support.hpp
[1.824s] -- Up-to-date: /home/mscrobotics2425laptop4/interbotix_ws/install/interbotix_xs_msgs/include/interbotix_xs_msgs/interbotix_xs_msgs/msg/detail/joint_trajectory_command__type_support.hpp
[1.824s] -- Up-to-date: /home/mscrobotics2425laptop4/interbotix_ws/install/interbotix_xs_msgs/include/interbotix_xs_msgs/interbotix_xs_msgs/msg/detail/joint_group_command__type_support.hpp
[1.824s] -- Up-to-date: /home/mscrobotics2425laptop4/interbotix_ws/install/interbotix_xs_msgs/include/interbotix_xs_msgs/interbotix_xs_msgs/msg/detail/locobot_joy__traits.hpp
[1.827s] -- Up-to-date: /home/mscrobotics2425laptop4/interbotix_ws/install/interbotix_xs_msgs/include/interbotix_xs_msgs/interbotix_xs_msgs/msg/detail/hex_joy__traits.hpp
[1.833s] -- Up-to-date: /home/mscrobotics2425laptop4/interbotix_ws/install/interbotix_xs_msgs/include/interbotix_xs_msgs/interbotix_xs_msgs/msg/detail/joint_temps__builder.hpp
[1.834s] -- Up-to-date: /home/mscrobotics2425laptop4/interbotix_ws/install/interbotix_xs_msgs/include/interbotix_xs_msgs/interbotix_xs_msgs/msg/detail/joint_temps__type_support.hpp
[1.834s] -- Up-to-date: /home/mscrobotics2425laptop4/interbotix_ws/install/interbotix_xs_msgs/include/interbotix_xs_msgs/interbotix_xs_msgs/msg/detail/locobot_joy__type_support.hpp
[1.834s] -- Up-to-date: /home/mscrobotics2425laptop4/interbotix_ws/install/interbotix_xs_msgs/include/interbotix_xs_msgs/interbotix_xs_msgs/msg/detail/joint_single_command__struct.hpp
[1.834s] -- Up-to-date: /home/mscrobotics2425laptop4/interbotix_ws/install/interbotix_xs_msgs/include/interbotix_xs_msgs/interbotix_xs_msgs/msg/detail/joint_group_command__traits.hpp
[1.835s] -- Up-to-date: /home/mscrobotics2425laptop4/interbotix_ws/install/interbotix_xs_msgs/include/interbotix_xs_msgs/interbotix_xs_msgs/msg/detail/joint_temps__traits.hpp
[1.835s] -- Up-to-date: /home/mscrobotics2425laptop4/interbotix_ws/install/interbotix_xs_msgs/include/interbotix_xs_msgs/interbotix_xs_msgs/msg/detail/arm_joy__type_support.hpp
[1.835s] -- Up-to-date: /home/mscrobotics2425laptop4/interbotix_ws/install/interbotix_xs_msgs/include/interbotix_xs_msgs/interbotix_xs_msgs/msg/rosidl_generator_cpp__visibility_control.hpp
[1.835s] -- Up-to-date: /home/mscrobotics2425laptop4/interbotix_ws/install/interbotix_xs_msgs/include/interbotix_xs_msgs/interbotix_xs_msgs/srv
[1.836s] -- Up-to-date: /home/mscrobotics2425laptop4/interbotix_ws/install/interbotix_xs_msgs/include/interbotix_xs_msgs/interbotix_xs_msgs/srv/register_values.hpp
[1.836s] -- Up-to-date: /home/mscrobotics2425laptop4/interbotix_ws/install/interbotix_xs_msgs/include/interbotix_xs_msgs/interbotix_xs_msgs/srv/reboot.hpp
[1.837s] -- Up-to-date: /home/mscrobotics2425laptop4/interbotix_ws/install/interbotix_xs_msgs/include/interbotix_xs_msgs/interbotix_xs_msgs/srv/operating_modes.hpp
[1.837s] -- Up-to-date: /home/mscrobotics2425laptop4/interbotix_ws/install/interbotix_xs_msgs/include/interbotix_xs_msgs/interbotix_xs_msgs/srv/torque_enable.hpp
[1.837s] -- Up-to-date: /home/mscrobotics2425laptop4/interbotix_ws/install/interbotix_xs_msgs/include/interbotix_xs_msgs/interbotix_xs_msgs/srv/robot_info.hpp
[1.837s] -- Up-to-date: /home/mscrobotics2425laptop4/interbotix_ws/install/interbotix_xs_msgs/include/interbotix_xs_msgs/interbotix_xs_msgs/srv/motor_gains.hpp
[1.839s] -- Up-to-date: /home/mscrobotics2425laptop4/interbotix_ws/install/interbotix_xs_msgs/include/interbotix_xs_msgs/interbotix_xs_msgs/srv/detail
[1.839s] -- Up-to-date: /home/mscrobotics2425laptop4/interbotix_ws/install/interbotix_xs_msgs/include/interbotix_xs_msgs/interbotix_xs_msgs/srv/detail/operating_modes__builder.hpp
[1.840s] -- Up-to-date: /home/mscrobotics2425laptop4/interbotix_ws/install/interbotix_xs_msgs/include/interbotix_xs_msgs/interbotix_xs_msgs/srv/detail/torque_enable__struct.hpp
[1.840s] -- Up-to-date: /home/mscrobotics2425laptop4/interbotix_ws/install/interbotix_xs_msgs/include/interbotix_xs_msgs/interbotix_xs_msgs/srv/detail/torque_enable__traits.hpp
[1.840s] -- Up-to-date: /home/mscrobotics2425laptop4/interbotix_ws/install/interbotix_xs_msgs/include/interbotix_xs_msgs/interbotix_xs_msgs/srv/detail/register_values__struct.hpp
[1.840s] -- Up-to-date: /home/mscrobotics2425laptop4/interbotix_ws/install/interbotix_xs_msgs/include/interbotix_xs_msgs/interbotix_xs_msgs/srv/detail/operating_modes__struct.hpp
[1.841s] -- Up-to-date: /home/mscrobotics2425laptop4/interbotix_ws/install/interbotix_xs_msgs/include/interbotix_xs_msgs/interbotix_xs_msgs/srv/detail/motor_gains__builder.hpp
[1.845s] -- Up-to-date: /home/mscrobotics2425laptop4/interbotix_ws/install/interbotix_xs_msgs/include/interbotix_xs_msgs/interbotix_xs_msgs/srv/detail/register_values__builder.hpp
[1.846s] -- Up-to-date: /home/mscrobotics2425laptop4/interbotix_ws/install/interbotix_xs_msgs/include/interbotix_xs_msgs/interbotix_xs_msgs/srv/detail/robot_info__builder.hpp
[1.846s] -- Up-to-date: /home/mscrobotics2425laptop4/interbotix_ws/install/interbotix_xs_msgs/include/interbotix_xs_msgs/interbotix_xs_msgs/srv/detail/robot_info__type_support.hpp
[1.851s] -- Up-to-date: /home/mscrobotics2425laptop4/interbotix_ws/install/interbotix_xs_msgs/include/interbotix_xs_msgs/interbotix_xs_msgs/srv/detail/operating_modes__type_support.hpp
[1.852s] -- Up-to-date: /home/mscrobotics2425laptop4/interbotix_ws/install/interbotix_xs_msgs/include/interbotix_xs_msgs/interbotix_xs_msgs/srv/detail/robot_info__struct.hpp
[1.852s] -- Up-to-date: /home/mscrobotics2425laptop4/interbotix_ws/install/interbotix_xs_msgs/include/interbotix_xs_msgs/interbotix_xs_msgs/srv/detail/motor_gains__struct.hpp
[1.853s] -- Up-to-date: /home/mscrobotics2425laptop4/interbotix_ws/install/interbotix_xs_msgs/include/interbotix_xs_msgs/interbotix_xs_msgs/srv/detail/operating_modes__traits.hpp
[1.854s] -- Up-to-date: /home/mscrobotics2425laptop4/interbotix_ws/install/interbotix_xs_msgs/include/interbotix_xs_msgs/interbotix_xs_msgs/srv/detail/register_values__traits.hpp
[1.856s] -- Up-to-date: /home/mscrobotics2425laptop4/interbotix_ws/install/interbotix_xs_msgs/include/interbotix_xs_msgs/interbotix_xs_msgs/srv/detail/torque_enable__builder.hpp
[1.857s] -- Up-to-date: /home/mscrobotics2425laptop4/interbotix_ws/install/interbotix_xs_msgs/include/interbotix_xs_msgs/interbotix_xs_msgs/srv/detail/reboot__type_support.hpp
[1.858s] -- Up-to-date: /home/mscrobotics2425laptop4/interbotix_ws/install/interbotix_xs_msgs/include/interbotix_xs_msgs/interbotix_xs_msgs/srv/detail/motor_gains__type_support.hpp
[1.860s] -- Up-to-date: /home/mscrobotics2425laptop4/interbotix_ws/install/interbotix_xs_msgs/include/interbotix_xs_msgs/interbotix_xs_msgs/srv/detail/motor_gains__traits.hpp
[1.860s] -- Up-to-date: /home/mscrobotics2425laptop4/interbotix_ws/install/interbotix_xs_msgs/include/interbotix_xs_msgs/interbotix_xs_msgs/srv/detail/robot_info__traits.hpp
[1.861s] -- Up-to-date: /home/mscrobotics2425laptop4/interbotix_ws/install/interbotix_xs_msgs/include/interbotix_xs_msgs/interbotix_xs_msgs/srv/detail/reboot__struct.hpp
[1.861s] -- Up-to-date: /home/mscrobotics2425laptop4/interbotix_ws/install/interbotix_xs_msgs/include/interbotix_xs_msgs/interbotix_xs_msgs/srv/detail/register_values__type_support.hpp
[1.861s] -- Up-to-date: /home/mscrobotics2425laptop4/interbotix_ws/install/interbotix_xs_msgs/include/interbotix_xs_msgs/interbotix_xs_msgs/srv/detail/reboot__builder.hpp
[1.862s] -- Up-to-date: /home/mscrobotics2425laptop4/interbotix_ws/install/interbotix_xs_msgs/include/interbotix_xs_msgs/interbotix_xs_msgs/srv/detail/torque_enable__type_support.hpp
[1.862s] -- Up-to-date: /home/mscrobotics2425laptop4/interbotix_ws/install/interbotix_xs_msgs/include/interbotix_xs_msgs/interbotix_xs_msgs/srv/detail/reboot__traits.hpp
[1.862s] -- Up-to-date: /home/mscrobotics2425laptop4/interbotix_ws/install/interbotix_xs_msgs/include/interbotix_xs_msgs/interbotix_xs_msgs
[1.863s] -- Up-to-date: /home/mscrobotics2425laptop4/interbotix_ws/install/interbotix_xs_msgs/include/interbotix_xs_msgs/interbotix_xs_msgs/msg
[1.883s] -- Up-to-date: /home/mscrobotics2425laptop4/interbotix_ws/install/interbotix_xs_msgs/include/interbotix_xs_msgs/interbotix_xs_msgs/msg/detail
[1.883s] -- Up-to-date: /home/mscrobotics2425laptop4/interbotix_ws/install/interbotix_xs_msgs/include/interbotix_xs_msgs/interbotix_xs_msgs/msg/detail/turret_joy__rosidl_typesupport_fastrtps_cpp.hpp
[1.883s] -- Up-to-date: /home/mscrobotics2425laptop4/interbotix_ws/install/interbotix_xs_msgs/include/interbotix_xs_msgs/interbotix_xs_msgs/msg/detail/arm_joy__rosidl_typesupport_fastrtps_cpp.hpp
[1.883s] -- Up-to-date: /home/mscrobotics2425laptop4/interbotix_ws/install/interbotix_xs_msgs/include/interbotix_xs_msgs/interbotix_xs_msgs/msg/detail/joint_group_command__rosidl_typesupport_fastrtps_cpp.hpp
[1.883s] -- Up-to-date: /home/mscrobotics2425laptop4/interbotix_ws/install/interbotix_xs_msgs/include/interbotix_xs_msgs/interbotix_xs_msgs/msg/detail/dds_fastrtps
[1.883s] -- Up-to-date: /home/mscrobotics2425laptop4/interbotix_ws/install/interbotix_xs_msgs/include/interbotix_xs_msgs/interbotix_xs_msgs/msg/detail/locobot_joy__rosidl_typesupport_fastrtps_cpp.hpp
[1.883s] -- Up-to-date: /home/mscrobotics2425laptop4/interbotix_ws/install/interbotix_xs_msgs/include/interbotix_xs_msgs/interbotix_xs_msgs/msg/detail/joint_trajectory_command__rosidl_typesupport_fastrtps_cpp.hpp
[1.883s] -- Up-to-date: /home/mscrobotics2425laptop4/interbotix_ws/install/interbotix_xs_msgs/include/interbotix_xs_msgs/interbotix_xs_msgs/msg/detail/hex_joy__rosidl_typesupport_fastrtps_cpp.hpp
[1.883s] -- Up-to-date: /home/mscrobotics2425laptop4/interbotix_ws/install/interbotix_xs_msgs/include/interbotix_xs_msgs/interbotix_xs_msgs/msg/detail/joint_single_command__rosidl_typesupport_fastrtps_cpp.hpp
[1.883s] -- Up-to-date: /home/mscrobotics2425laptop4/interbotix_ws/install/interbotix_xs_msgs/include/interbotix_xs_msgs/interbotix_xs_msgs/msg/detail/joint_temps__rosidl_typesupport_fastrtps_cpp.hpp
[1.883s] -- Up-to-date: /home/mscrobotics2425laptop4/interbotix_ws/install/interbotix_xs_msgs/include/interbotix_xs_msgs/interbotix_xs_msgs/msg/rosidl_typesupport_fastrtps_cpp__visibility_control.h
[1.884s] -- Up-to-date: /home/mscrobotics2425laptop4/interbotix_ws/install/interbotix_xs_msgs/include/interbotix_xs_msgs/interbotix_xs_msgs/srv
[1.884s] -- Up-to-date: /home/mscrobotics2425laptop4/interbotix_ws/install/interbotix_xs_msgs/include/interbotix_xs_msgs/interbotix_xs_msgs/srv/detail
[1.884s] -- Up-to-date: /home/mscrobotics2425laptop4/interbotix_ws/install/interbotix_xs_msgs/include/interbotix_xs_msgs/interbotix_xs_msgs/srv/detail/motor_gains__rosidl_typesupport_fastrtps_cpp.hpp
[1.884s] -- Up-to-date: /home/mscrobotics2425laptop4/interbotix_ws/install/interbotix_xs_msgs/include/interbotix_xs_msgs/interbotix_xs_msgs/srv/detail/torque_enable__rosidl_typesupport_fastrtps_cpp.hpp
[1.884s] -- Up-to-date: /home/mscrobotics2425laptop4/interbotix_ws/install/interbotix_xs_msgs/include/interbotix_xs_msgs/interbotix_xs_msgs/srv/detail/register_values__rosidl_typesupport_fastrtps_cpp.hpp
[1.884s] -- Up-to-date: /home/mscrobotics2425laptop4/interbotix_ws/install/interbotix_xs_msgs/include/interbotix_xs_msgs/interbotix_xs_msgs/srv/detail/reboot__rosidl_typesupport_fastrtps_cpp.hpp
[1.884s] -- Up-to-date: /home/mscrobotics2425laptop4/interbotix_ws/install/interbotix_xs_msgs/include/interbotix_xs_msgs/interbotix_xs_msgs/srv/detail/dds_fastrtps
[1.884s] -- Up-to-date: /home/mscrobotics2425laptop4/interbotix_ws/install/interbotix_xs_msgs/include/interbotix_xs_msgs/interbotix_xs_msgs/srv/detail/robot_info__rosidl_typesupport_fastrtps_cpp.hpp
[1.885s] -- Up-to-date: /home/mscrobotics2425laptop4/interbotix_ws/install/interbotix_xs_msgs/include/interbotix_xs_msgs/interbotix_xs_msgs/srv/detail/operating_modes__rosidl_typesupport_fastrtps_cpp.hpp
[1.885s] -- Up-to-date: /home/mscrobotics2425laptop4/interbotix_ws/install/interbotix_xs_msgs/lib/libinterbotix_xs_msgs__rosidl_typesupport_fastrtps_cpp.so
[1.886s] -- Up-to-date: /home/mscrobotics2425laptop4/interbotix_ws/install/interbotix_xs_msgs/include/interbotix_xs_msgs/interbotix_xs_msgs
[1.887s] -- Up-to-date: /home/mscrobotics2425laptop4/interbotix_ws/install/interbotix_xs_msgs/include/interbotix_xs_msgs/interbotix_xs_msgs/msg
[1.887s] -- Up-to-date: /home/mscrobotics2425laptop4/interbotix_ws/install/interbotix_xs_msgs/include/interbotix_xs_msgs/interbotix_xs_msgs/msg/detail
[1.887s] -- Up-to-date: /home/mscrobotics2425laptop4/interbotix_ws/install/interbotix_xs_msgs/include/interbotix_xs_msgs/interbotix_xs_msgs/msg/detail/joint_trajectory_command__type_support.cpp
[1.887s] -- Up-to-date: /home/mscrobotics2425laptop4/interbotix_ws/install/interbotix_xs_msgs/include/interbotix_xs_msgs/interbotix_xs_msgs/msg/detail/turret_joy__type_support.cpp
[1.888s] -- Up-to-date: /home/mscrobotics2425laptop4/interbotix_ws/install/interbotix_xs_msgs/include/interbotix_xs_msgs/interbotix_xs_msgs/msg/detail/joint_trajectory_command__rosidl_typesupport_introspection_cpp.hpp
[1.890s] -- Up-to-date: /home/mscrobotics2425laptop4/interbotix_ws/install/interbotix_xs_msgs/include/interbotix_xs_msgs/interbotix_xs_msgs/msg/detail/arm_joy__rosidl_typesupport_introspection_cpp.hpp
[1.892s] -- Up-to-date: /home/mscrobotics2425laptop4/interbotix_ws/install/interbotix_xs_msgs/include/interbotix_xs_msgs/interbotix_xs_msgs/msg/detail/hex_joy__type_support.cpp
[1.892s] -- Up-to-date: /home/mscrobotics2425laptop4/interbotix_ws/install/interbotix_xs_msgs/include/interbotix_xs_msgs/interbotix_xs_msgs/msg/detail/joint_temps__rosidl_typesupport_introspection_cpp.hpp
[1.892s] -- Up-to-date: /home/mscrobotics2425laptop4/interbotix_ws/install/interbotix_xs_msgs/include/interbotix_xs_msgs/interbotix_xs_msgs/msg/detail/joint_temps__type_support.cpp
[1.892s] -- Up-to-date: /home/mscrobotics2425laptop4/interbotix_ws/install/interbotix_xs_msgs/include/interbotix_xs_msgs/interbotix_xs_msgs/msg/detail/joint_single_command__type_support.cpp
[1.892s] -- Up-to-date: /home/mscrobotics2425laptop4/interbotix_ws/install/interbotix_xs_msgs/include/interbotix_xs_msgs/interbotix_xs_msgs/msg/detail/joint_group_command__rosidl_typesupport_introspection_cpp.hpp
[1.892s] -- Up-to-date: /home/mscrobotics2425laptop4/interbotix_ws/install/interbotix_xs_msgs/include/interbotix_xs_msgs/interbotix_xs_msgs/msg/detail/turret_joy__rosidl_typesupport_introspection_cpp.hpp
[1.892s] -- Up-to-date: /home/mscrobotics2425laptop4/interbotix_ws/install/interbotix_xs_msgs/include/interbotix_xs_msgs/interbotix_xs_msgs/msg/detail/hex_joy__rosidl_typesupport_introspection_cpp.hpp
[1.893s] -- Up-to-date: /home/mscrobotics2425laptop4/interbotix_ws/install/interbotix_xs_msgs/include/interbotix_xs_msgs/interbotix_xs_msgs/msg/detail/locobot_joy__rosidl_typesupport_introspection_cpp.hpp
[1.893s] -- Up-to-date: /home/mscrobotics2425laptop4/interbotix_ws/install/interbotix_xs_msgs/include/interbotix_xs_msgs/interbotix_xs_msgs/msg/detail/locobot_joy__type_support.cpp
[1.893s] -- Up-to-date: /home/mscrobotics2425laptop4/interbotix_ws/install/interbotix_xs_msgs/include/interbotix_xs_msgs/interbotix_xs_msgs/msg/detail/joint_group_command__type_support.cpp
[1.893s] -- Up-to-date: /home/mscrobotics2425laptop4/interbotix_ws/install/interbotix_xs_msgs/include/interbotix_xs_msgs/interbotix_xs_msgs/msg/detail/arm_joy__type_support.cpp
[1.893s] -- Up-to-date: /home/mscrobotics2425laptop4/interbotix_ws/install/interbotix_xs_msgs/include/interbotix_xs_msgs/interbotix_xs_msgs/msg/detail/joint_single_command__rosidl_typesupport_introspection_cpp.hpp
[1.893s] -- Up-to-date: /home/mscrobotics2425laptop4/interbotix_ws/install/interbotix_xs_msgs/include/interbotix_xs_msgs/interbotix_xs_msgs/srv
[1.893s] -- Up-to-date: /home/mscrobotics2425laptop4/interbotix_ws/install/interbotix_xs_msgs/include/interbotix_xs_msgs/interbotix_xs_msgs/srv/detail
[1.894s] -- Up-to-date: /home/mscrobotics2425laptop4/interbotix_ws/install/interbotix_xs_msgs/include/interbotix_xs_msgs/interbotix_xs_msgs/srv/detail/reboot__rosidl_typesupport_introspection_cpp.hpp
[1.894s] -- Up-to-date: /home/mscrobotics2425laptop4/interbotix_ws/install/interbotix_xs_msgs/include/interbotix_xs_msgs/interbotix_xs_msgs/srv/detail/robot_info__rosidl_typesupport_introspection_cpp.hpp
[1.894s] -- Up-to-date: /home/mscrobotics2425laptop4/interbotix_ws/install/interbotix_xs_msgs/include/interbotix_xs_msgs/interbotix_xs_msgs/srv/detail/operating_modes__rosidl_typesupport_introspection_cpp.hpp
[1.894s] -- Up-to-date: /home/mscrobotics2425laptop4/interbotix_ws/install/interbotix_xs_msgs/include/interbotix_xs_msgs/interbotix_xs_msgs/srv/detail/torque_enable__rosidl_typesupport_introspection_cpp.hpp
[1.894s] -- Up-to-date: /home/mscrobotics2425laptop4/interbotix_ws/install/interbotix_xs_msgs/include/interbotix_xs_msgs/interbotix_xs_msgs/srv/detail/operating_modes__type_support.cpp
[1.894s] -- Up-to-date: /home/mscrobotics2425laptop4/interbotix_ws/install/interbotix_xs_msgs/include/interbotix_xs_msgs/interbotix_xs_msgs/srv/detail/register_values__type_support.cpp
[1.894s] -- Up-to-date: /home/mscrobotics2425laptop4/interbotix_ws/install/interbotix_xs_msgs/include/interbotix_xs_msgs/interbotix_xs_msgs/srv/detail/torque_enable__type_support.cpp
[1.894s] -- Up-to-date: /home/mscrobotics2425laptop4/interbotix_ws/install/interbotix_xs_msgs/include/interbotix_xs_msgs/interbotix_xs_msgs/srv/detail/motor_gains__type_support.cpp
[1.894s] -- Up-to-date: /home/mscrobotics2425laptop4/interbotix_ws/install/interbotix_xs_msgs/include/interbotix_xs_msgs/interbotix_xs_msgs/srv/detail/motor_gains__rosidl_typesupport_introspection_cpp.hpp
[1.894s] -- Up-to-date: /home/mscrobotics2425laptop4/interbotix_ws/install/interbotix_xs_msgs/include/interbotix_xs_msgs/interbotix_xs_msgs/srv/detail/register_values__rosidl_typesupport_introspection_cpp.hpp
[1.894s] -- Up-to-date: /home/mscrobotics2425laptop4/interbotix_ws/install/interbotix_xs_msgs/include/interbotix_xs_msgs/interbotix_xs_msgs/srv/detail/robot_info__type_support.cpp
[1.894s] -- Up-to-date: /home/mscrobotics2425laptop4/interbotix_ws/install/interbotix_xs_msgs/include/interbotix_xs_msgs/interbotix_xs_msgs/srv/detail/reboot__type_support.cpp
[1.895s] -- Up-to-date: /home/mscrobotics2425laptop4/interbotix_ws/install/interbotix_xs_msgs/lib/libinterbotix_xs_msgs__rosidl_typesupport_introspection_cpp.so
[1.895s] -- Up-to-date: /home/mscrobotics2425laptop4/interbotix_ws/install/interbotix_xs_msgs/lib/libinterbotix_xs_msgs__rosidl_typesupport_cpp.so
[1.895s] -- Up-to-date: /home/mscrobotics2425laptop4/interbotix_ws/install/interbotix_xs_msgs/share/interbotix_xs_msgs/environment/pythonpath.sh
[1.895s] -- Up-to-date: /home/mscrobotics2425laptop4/interbotix_ws/install/interbotix_xs_msgs/share/interbotix_xs_msgs/environment/pythonpath.dsv
[1.895s] -- Up-to-date: /home/mscrobotics2425laptop4/interbotix_ws/install/interbotix_xs_msgs/local/lib/python3.10/dist-packages/interbotix_xs_msgs-0.0.0-py3.10.egg-info
[1.895s] -- Installing: /home/mscrobotics2425laptop4/interbotix_ws/install/interbotix_xs_msgs/local/lib/python3.10/dist-packages/interbotix_xs_msgs-0.0.0-py3.10.egg-info/dependency_links.txt
[1.895s] -- Installing: /home/mscrobotics2425laptop4/interbotix_ws/install/interbotix_xs_msgs/local/lib/python3.10/dist-packages/interbotix_xs_msgs-0.0.0-py3.10.egg-info/SOURCES.txt
[1.895s] -- Installing: /home/mscrobotics2425laptop4/interbotix_ws/install/interbotix_xs_msgs/local/lib/python3.10/dist-packages/interbotix_xs_msgs-0.0.0-py3.10.egg-info/PKG-INFO
[1.895s] -- Installing: /home/mscrobotics2425laptop4/interbotix_ws/install/interbotix_xs_msgs/local/lib/python3.10/dist-packages/interbotix_xs_msgs-0.0.0-py3.10.egg-info/top_level.txt
[1.895s] -- Up-to-date: /home/mscrobotics2425laptop4/interbotix_ws/install/interbotix_xs_msgs/local/lib/python3.10/dist-packages/interbotix_xs_msgs
[1.895s] -- Up-to-date: /home/mscrobotics2425laptop4/interbotix_ws/install/interbotix_xs_msgs/local/lib/python3.10/dist-packages/interbotix_xs_msgs/libinterbotix_xs_msgs__rosidl_generator_py.so
[1.895s] -- Up-to-date: /home/mscrobotics2425laptop4/interbotix_ws/install/interbotix_xs_msgs/local/lib/python3.10/dist-packages/interbotix_xs_msgs/_interbotix_xs_msgs_s.ep.rosidl_typesupport_c.c
[1.895s] -- Up-to-date: /home/mscrobotics2425laptop4/interbotix_ws/install/interbotix_xs_msgs/local/lib/python3.10/dist-packages/interbotix_xs_msgs/interbotix_xs_msgs_s__rosidl_typesupport_c.cpython-310-x86_64-linux-gnu.so
[1.896s] -- Up-to-date: /home/mscrobotics2425laptop4/interbotix_ws/install/interbotix_xs_msgs/local/lib/python3.10/dist-packages/interbotix_xs_msgs/interbotix_xs_msgs_s__rosidl_typesupport_fastrtps_c.cpython-310-x86_64-linux-gnu.so
[1.896s] -- Up-to-date: /home/mscrobotics2425laptop4/interbotix_ws/install/interbotix_xs_msgs/local/lib/python3.10/dist-packages/interbotix_xs_msgs/_interbotix_xs_msgs_s.ep.rosidl_typesupport_introspection_c.c
[1.896s] -- Up-to-date: /home/mscrobotics2425laptop4/interbotix_ws/install/interbotix_xs_msgs/local/lib/python3.10/dist-packages/interbotix_xs_msgs/__init__.py
[1.896s] -- Up-to-date: /home/mscrobotics2425laptop4/interbotix_ws/install/interbotix_xs_msgs/local/lib/python3.10/dist-packages/interbotix_xs_msgs/interbotix_xs_msgs_s__rosidl_typesupport_introspection_c.cpython-310-x86_64-linux-gnu.so
[1.896s] -- Up-to-date: /home/mscrobotics2425laptop4/interbotix_ws/install/interbotix_xs_msgs/local/lib/python3.10/dist-packages/interbotix_xs_msgs/_interbotix_xs_msgs_s.ep.rosidl_typesupport_fastrtps_c.c
[1.896s] -- Up-to-date: /home/mscrobotics2425laptop4/interbotix_ws/install/interbotix_xs_msgs/local/lib/python3.10/dist-packages/interbotix_xs_msgs/msg
[1.896s] -- Up-to-date: /home/mscrobotics2425laptop4/interbotix_ws/install/interbotix_xs_msgs/local/lib/python3.10/dist-packages/interbotix_xs_msgs/msg/_arm_joy.py
[1.896s] -- Up-to-date: /home/mscrobotics2425laptop4/interbotix_ws/install/interbotix_xs_msgs/local/lib/python3.10/dist-packages/interbotix_xs_msgs/msg/_arm_joy_s.c
[1.896s] -- Up-to-date: /home/mscrobotics2425laptop4/interbotix_ws/install/interbotix_xs_msgs/local/lib/python3.10/dist-packages/interbotix_xs_msgs/msg/_joint_group_command.py
[1.896s] -- Up-to-date: /home/mscrobotics2425laptop4/interbotix_ws/install/interbotix_xs_msgs/local/lib/python3.10/dist-packages/interbotix_xs_msgs/msg/_joint_temps_s.c
[1.896s] -- Up-to-date: /home/mscrobotics2425laptop4/interbotix_ws/install/interbotix_xs_msgs/local/lib/python3.10/dist-packages/interbotix_xs_msgs/msg/_joint_trajectory_command_s.c
[1.896s] -- Up-to-date: /home/mscrobotics2425laptop4/interbotix_ws/install/interbotix_xs_msgs/local/lib/python3.10/dist-packages/interbotix_xs_msgs/msg/_joint_temps.py
[1.896s] -- Up-to-date: /home/mscrobotics2425laptop4/interbotix_ws/install/interbotix_xs_msgs/local/lib/python3.10/dist-packages/interbotix_xs_msgs/msg/__init__.py
[1.896s] -- Up-to-date: /home/mscrobotics2425laptop4/interbotix_ws/install/interbotix_xs_msgs/local/lib/python3.10/dist-packages/interbotix_xs_msgs/msg/_locobot_joy_s.c
[1.897s] -- Up-to-date: /home/mscrobotics2425laptop4/interbotix_ws/install/interbotix_xs_msgs/local/lib/python3.10/dist-packages/interbotix_xs_msgs/msg/_hex_joy.py
[1.897s] -- Up-to-date: /home/mscrobotics2425laptop4/interbotix_ws/install/interbotix_xs_msgs/local/lib/python3.10/dist-packages/interbotix_xs_msgs/msg/_joint_single_command_s.c
[1.897s] -- Up-to-date: /home/mscrobotics2425laptop4/interbotix_ws/install/interbotix_xs_msgs/local/lib/python3.10/dist-packages/interbotix_xs_msgs/msg/_turret_joy.py
[1.897s] -- Up-to-date: /home/mscrobotics2425laptop4/interbotix_ws/install/interbotix_xs_msgs/local/lib/python3.10/dist-packages/interbotix_xs_msgs/msg/_joint_trajectory_command.py
[1.897s] -- Up-to-date: /home/mscrobotics2425laptop4/interbotix_ws/install/interbotix_xs_msgs/local/lib/python3.10/dist-packages/interbotix_xs_msgs/msg/_joint_single_command.py
[1.897s] -- Up-to-date: /home/mscrobotics2425laptop4/interbotix_ws/install/interbotix_xs_msgs/local/lib/python3.10/dist-packages/interbotix_xs_msgs/msg/_turret_joy_s.c
[1.897s] -- Up-to-date: /home/mscrobotics2425laptop4/interbotix_ws/install/interbotix_xs_msgs/local/lib/python3.10/dist-packages/interbotix_xs_msgs/msg/_joint_group_command_s.c
[1.897s] -- Up-to-date: /home/mscrobotics2425laptop4/interbotix_ws/install/interbotix_xs_msgs/local/lib/python3.10/dist-packages/interbotix_xs_msgs/msg/_hex_joy_s.c
[1.897s] -- Up-to-date: /home/mscrobotics2425laptop4/interbotix_ws/install/interbotix_xs_msgs/local/lib/python3.10/dist-packages/interbotix_xs_msgs/msg/_locobot_joy.py
[1.897s] -- Up-to-date: /home/mscrobotics2425laptop4/interbotix_ws/install/interbotix_xs_msgs/local/lib/python3.10/dist-packages/interbotix_xs_msgs/srv
[1.897s] -- Up-to-date: /home/mscrobotics2425laptop4/interbotix_ws/install/interbotix_xs_msgs/local/lib/python3.10/dist-packages/interbotix_xs_msgs/srv/_reboot_s.c
[1.897s] -- Up-to-date: /home/mscrobotics2425laptop4/interbotix_ws/install/interbotix_xs_msgs/local/lib/python3.10/dist-packages/interbotix_xs_msgs/srv/_motor_gains.py
[1.897s] -- Up-to-date: /home/mscrobotics2425laptop4/interbotix_ws/install/interbotix_xs_msgs/local/lib/python3.10/dist-packages/interbotix_xs_msgs/srv/_register_values_s.c
[1.898s] -- Up-to-date: /home/mscrobotics2425laptop4/interbotix_ws/install/interbotix_xs_msgs/local/lib/python3.10/dist-packages/interbotix_xs_msgs/srv/_reboot.py
[1.898s] -- Up-to-date: /home/mscrobotics2425laptop4/interbotix_ws/install/interbotix_xs_msgs/local/lib/python3.10/dist-packages/interbotix_xs_msgs/srv/_robot_info.py
[1.898s] -- Up-to-date: /home/mscrobotics2425laptop4/interbotix_ws/install/interbotix_xs_msgs/local/lib/python3.10/dist-packages/interbotix_xs_msgs/srv/_torque_enable_s.c
[1.898s] -- Up-to-date: /home/mscrobotics2425laptop4/interbotix_ws/install/interbotix_xs_msgs/local/lib/python3.10/dist-packages/interbotix_xs_msgs/srv/_operating_modes_s.c
[1.898s] -- Up-to-date: /home/mscrobotics2425laptop4/interbotix_ws/install/interbotix_xs_msgs/local/lib/python3.10/dist-packages/interbotix_xs_msgs/srv/_register_values.py
[1.898s] -- Up-to-date: /home/mscrobotics2425laptop4/interbotix_ws/install/interbotix_xs_msgs/local/lib/python3.10/dist-packages/interbotix_xs_msgs/srv/__init__.py
[1.898s] -- Up-to-date: /home/mscrobotics2425laptop4/interbotix_ws/install/interbotix_xs_msgs/local/lib/python3.10/dist-packages/interbotix_xs_msgs/srv/_torque_enable.py
[1.898s] -- Up-to-date: /home/mscrobotics2425laptop4/interbotix_ws/install/interbotix_xs_msgs/local/lib/python3.10/dist-packages/interbotix_xs_msgs/srv/_robot_info_s.c
[1.898s] -- Up-to-date: /home/mscrobotics2425laptop4/interbotix_ws/install/interbotix_xs_msgs/local/lib/python3.10/dist-packages/interbotix_xs_msgs/srv/_operating_modes.py
[1.898s] -- Up-to-date: /home/mscrobotics2425laptop4/interbotix_ws/install/interbotix_xs_msgs/local/lib/python3.10/dist-packages/interbotix_xs_msgs/srv/_motor_gains_s.c
[1.920s] Listing '/home/mscrobotics2425laptop4/interbotix_ws/install/interbotix_xs_msgs/local/lib/python3.10/dist-packages/interbotix_xs_msgs'...
[1.921s] Listing '/home/mscrobotics2425laptop4/interbotix_ws/install/interbotix_xs_msgs/local/lib/python3.10/dist-packages/interbotix_xs_msgs/msg'...
[1.921s] Listing '/home/mscrobotics2425laptop4/interbotix_ws/install/interbotix_xs_msgs/local/lib/python3.10/dist-packages/interbotix_xs_msgs/srv'...
[1.922s] -- Up-to-date: /home/mscrobotics2425laptop4/interbotix_ws/install/interbotix_xs_msgs/local/lib/python3.10/dist-packages/interbotix_xs_msgs/interbotix_xs_msgs_s__rosidl_typesupport_fastrtps_c.cpython-310-x86_64-linux-gnu.so
[1.922s] -- Up-to-date: /home/mscrobotics2425laptop4/interbotix_ws/install/interbotix_xs_msgs/local/lib/python3.10/dist-packages/interbotix_xs_msgs/interbotix_xs_msgs_s__rosidl_typesupport_introspection_c.cpython-310-x86_64-linux-gnu.so
[1.922s] -- Up-to-date: /home/mscrobotics2425laptop4/interbotix_ws/install/interbotix_xs_msgs/local/lib/python3.10/dist-packages/interbotix_xs_msgs/interbotix_xs_msgs_s__rosidl_typesupport_c.cpython-310-x86_64-linux-gnu.so
[1.924s] -- Up-to-date: /home/mscrobotics2425laptop4/interbotix_ws/install/interbotix_xs_msgs/lib/libinterbotix_xs_msgs__rosidl_generator_py.so
[1.924s] -- Up-to-date: /home/mscrobotics2425laptop4/interbotix_ws/install/interbotix_xs_msgs/share/interbotix_xs_msgs/msg/ArmJoy.idl
[1.925s] -- Up-to-date: /home/mscrobotics2425laptop4/interbotix_ws/install/interbotix_xs_msgs/share/interbotix_xs_msgs/msg/HexJoy.idl
[1.925s] -- Up-to-date: /home/mscrobotics2425laptop4/interbotix_ws/install/interbotix_xs_msgs/share/interbotix_xs_msgs/msg/JointGroupCommand.idl
[1.925s] -- Up-to-date: /home/mscrobotics2425laptop4/interbotix_ws/install/interbotix_xs_msgs/share/interbotix_xs_msgs/msg/JointSingleCommand.idl
[1.925s] -- Up-to-date: /home/mscrobotics2425laptop4/interbotix_ws/install/interbotix_xs_msgs/share/interbotix_xs_msgs/msg/JointTemps.idl
[1.925s] -- Up-to-date: /home/mscrobotics2425laptop4/interbotix_ws/install/interbotix_xs_msgs/share/interbotix_xs_msgs/msg/JointTrajectoryCommand.idl
[1.925s] -- Up-to-date: /home/mscrobotics2425laptop4/interbotix_ws/install/interbotix_xs_msgs/share/interbotix_xs_msgs/msg/LocobotJoy.idl
[1.926s] -- Up-to-date: /home/mscrobotics2425laptop4/interbotix_ws/install/interbotix_xs_msgs/share/interbotix_xs_msgs/msg/TurretJoy.idl
[1.926s] -- Up-to-date: /home/mscrobotics2425laptop4/interbotix_ws/install/interbotix_xs_msgs/share/interbotix_xs_msgs/srv/MotorGains.idl
[1.926s] -- Up-to-date: /home/mscrobotics2425laptop4/interbotix_ws/install/interbotix_xs_msgs/share/interbotix_xs_msgs/srv/OperatingModes.idl
[1.926s] -- Up-to-date: /home/mscrobotics2425laptop4/interbotix_ws/install/interbotix_xs_msgs/share/interbotix_xs_msgs/srv/Reboot.idl
[1.926s] -- Up-to-date: /home/mscrobotics2425laptop4/interbotix_ws/install/interbotix_xs_msgs/share/interbotix_xs_msgs/srv/RegisterValues.idl
[1.928s] -- Up-to-date: /home/mscrobotics2425laptop4/interbotix_ws/install/interbotix_xs_msgs/share/interbotix_xs_msgs/srv/RobotInfo.idl
[1.928s] -- Up-to-date: /home/mscrobotics2425laptop4/interbotix_ws/install/interbotix_xs_msgs/share/interbotix_xs_msgs/srv/TorqueEnable.idl
[1.928s] -- Up-to-date: /home/mscrobotics2425laptop4/interbotix_ws/install/interbotix_xs_msgs/share/interbotix_xs_msgs/msg/ArmJoy.msg
[1.928s] -- Up-to-date: /home/mscrobotics2425laptop4/interbotix_ws/install/interbotix_xs_msgs/share/interbotix_xs_msgs/msg/HexJoy.msg
[1.929s] -- Up-to-date: /home/mscrobotics2425laptop4/interbotix_ws/install/interbotix_xs_msgs/share/interbotix_xs_msgs/msg/JointGroupCommand.msg
[1.930s] -- Up-to-date: /home/mscrobotics2425laptop4/interbotix_ws/install/interbotix_xs_msgs/share/interbotix_xs_msgs/msg/JointSingleCommand.msg
[1.930s] -- Up-to-date: /home/mscrobotics2425laptop4/interbotix_ws/install/interbotix_xs_msgs/share/interbotix_xs_msgs/msg/JointTemps.msg
[1.930s] -- Up-to-date: /home/mscrobotics2425laptop4/interbotix_ws/install/interbotix_xs_msgs/share/interbotix_xs_msgs/msg/JointTrajectoryCommand.msg
[1.930s] -- Up-to-date: /home/mscrobotics2425laptop4/interbotix_ws/install/interbotix_xs_msgs/share/interbotix_xs_msgs/msg/LocobotJoy.msg
[1.931s] -- Up-to-date: /home/mscrobotics2425laptop4/interbotix_ws/install/interbotix_xs_msgs/share/interbotix_xs_msgs/msg/TurretJoy.msg
[1.931s] -- Up-to-date: /home/mscrobotics2425laptop4/interbotix_ws/install/interbotix_xs_msgs/share/interbotix_xs_msgs/srv/MotorGains.srv
[1.931s] -- Up-to-date: /home/mscrobotics2425laptop4/interbotix_ws/install/interbotix_xs_msgs/share/interbotix_xs_msgs/srv/MotorGains_Request.msg
[1.931s] -- Up-to-date: /home/mscrobotics2425laptop4/interbotix_ws/install/interbotix_xs_msgs/share/interbotix_xs_msgs/srv/MotorGains_Response.msg
[1.931s] -- Up-to-date: /home/mscrobotics2425laptop4/interbotix_ws/install/interbotix_xs_msgs/share/interbotix_xs_msgs/srv/OperatingModes.srv
[1.933s] -- Up-to-date: /home/mscrobotics2425laptop4/interbotix_ws/install/interbotix_xs_msgs/share/interbotix_xs_msgs/srv/OperatingModes_Request.msg
[1.933s] -- Up-to-date: /home/mscrobotics2425laptop4/interbotix_ws/install/interbotix_xs_msgs/share/interbotix_xs_msgs/srv/OperatingModes_Response.msg
[1.933s] -- Up-to-date: /home/mscrobotics2425laptop4/interbotix_ws/install/interbotix_xs_msgs/share/interbotix_xs_msgs/srv/Reboot.srv
[1.933s] -- Up-to-date: /home/mscrobotics2425laptop4/interbotix_ws/install/interbotix_xs_msgs/share/interbotix_xs_msgs/srv/Reboot_Request.msg
[1.933s] -- Up-to-date: /home/mscrobotics2425laptop4/interbotix_ws/install/interbotix_xs_msgs/share/interbotix_xs_msgs/srv/Reboot_Response.msg
[1.933s] -- Up-to-date: /home/mscrobotics2425laptop4/interbotix_ws/install/interbotix_xs_msgs/share/interbotix_xs_msgs/srv/RegisterValues.srv
[1.933s] -- Up-to-date: /home/mscrobotics2425laptop4/interbotix_ws/install/interbotix_xs_msgs/share/interbotix_xs_msgs/srv/RegisterValues_Request.msg
[1.933s] -- Up-to-date: /home/mscrobotics2425laptop4/interbotix_ws/install/interbotix_xs_msgs/share/interbotix_xs_msgs/srv/RegisterValues_Response.msg
[1.934s] -- Up-to-date: /home/mscrobotics2425laptop4/interbotix_ws/install/interbotix_xs_msgs/share/interbotix_xs_msgs/srv/RobotInfo.srv
[1.934s] -- Up-to-date: /home/mscrobotics2425laptop4/interbotix_ws/install/interbotix_xs_msgs/share/interbotix_xs_msgs/srv/RobotInfo_Request.msg
[1.934s] -- Up-to-date: /home/mscrobotics2425laptop4/interbotix_ws/install/interbotix_xs_msgs/share/interbotix_xs_msgs/srv/RobotInfo_Response.msg
[1.934s] -- Up-to-date: /home/mscrobotics2425laptop4/interbotix_ws/install/interbotix_xs_msgs/share/interbotix_xs_msgs/srv/TorqueEnable.srv
[1.934s] -- Up-to-date: /home/mscrobotics2425laptop4/interbotix_ws/install/interbotix_xs_msgs/share/interbotix_xs_msgs/srv/TorqueEnable_Request.msg
[1.934s] -- Up-to-date: /home/mscrobotics2425laptop4/interbotix_ws/install/interbotix_xs_msgs/share/interbotix_xs_msgs/srv/TorqueEnable_Response.msg
[1.937s] -- Up-to-date: /home/mscrobotics2425laptop4/interbotix_ws/install/interbotix_xs_msgs/share/ament_index/resource_index/package_run_dependencies/interbotix_xs_msgs
[1.937s] -- Up-to-date: /home/mscrobotics2425laptop4/interbotix_ws/install/interbotix_xs_msgs/share/ament_index/resource_index/parent_prefix_path/interbotix_xs_msgs
[1.937s] -- Up-to-date: /home/mscrobotics2425laptop4/interbotix_ws/install/interbotix_xs_msgs/share/interbotix_xs_msgs/environment/ament_prefix_path.sh
[1.937s] -- Up-to-date: /home/mscrobotics2425laptop4/interbotix_ws/install/interbotix_xs_msgs/share/interbotix_xs_msgs/environment/ament_prefix_path.dsv
[1.938s] -- Up-to-date: /home/mscrobotics2425laptop4/interbotix_ws/install/interbotix_xs_msgs/share/interbotix_xs_msgs/environment/path.sh
[1.938s] -- Up-to-date: /home/mscrobotics2425laptop4/interbotix_ws/install/interbotix_xs_msgs/share/interbotix_xs_msgs/environment/path.dsv
[1.938s] -- Up-to-date: /home/mscrobotics2425laptop4/interbotix_ws/install/interbotix_xs_msgs/share/interbotix_xs_msgs/local_setup.bash
[1.939s] -- Up-to-date: /home/mscrobotics2425laptop4/interbotix_ws/install/interbotix_xs_msgs/share/interbotix_xs_msgs/local_setup.sh
[1.939s] -- Up-to-date: /home/mscrobotics2425laptop4/interbotix_ws/install/interbotix_xs_msgs/share/interbotix_xs_msgs/local_setup.zsh
[1.939s] -- Up-to-date: /home/mscrobotics2425laptop4/interbotix_ws/install/interbotix_xs_msgs/share/interbotix_xs_msgs/local_setup.dsv
[1.939s] -- Installing: /home/mscrobotics2425laptop4/interbotix_ws/install/interbotix_xs_msgs/share/interbotix_xs_msgs/package.dsv
[1.940s] -- Up-to-date: /home/mscrobotics2425laptop4/interbotix_ws/install/interbotix_xs_msgs/share/ament_index/resource_index/packages/interbotix_xs_msgs
[1.940s] -- Up-to-date: /home/mscrobotics2425laptop4/interbotix_ws/install/interbotix_xs_msgs/share/interbotix_xs_msgs/cmake/export_interbotix_xs_msgs__rosidl_generator_cExport.cmake
[1.940s] -- Up-to-date: /home/mscrobotics2425laptop4/interbotix_ws/install/interbotix_xs_msgs/share/interbotix_xs_msgs/cmake/export_interbotix_xs_msgs__rosidl_generator_cExport-noconfig.cmake
[1.940s] -- Up-to-date: /home/mscrobotics2425laptop4/interbotix_ws/install/interbotix_xs_msgs/share/interbotix_xs_msgs/cmake/export_interbotix_xs_msgs__rosidl_typesupport_fastrtps_cExport.cmake
[1.941s] -- Up-to-date: /home/mscrobotics2425laptop4/interbotix_ws/install/interbotix_xs_msgs/share/interbotix_xs_msgs/cmake/export_interbotix_xs_msgs__rosidl_typesupport_fastrtps_cExport-noconfig.cmake
[1.941s] -- Up-to-date: /home/mscrobotics2425laptop4/interbotix_ws/install/interbotix_xs_msgs/share/interbotix_xs_msgs/cmake/interbotix_xs_msgs__rosidl_typesupport_introspection_cExport.cmake
[1.941s] -- Up-to-date: /home/mscrobotics2425laptop4/interbotix_ws/install/interbotix_xs_msgs/share/interbotix_xs_msgs/cmake/interbotix_xs_msgs__rosidl_typesupport_introspection_cExport-noconfig.cmake
[1.941s] -- Up-to-date: /home/mscrobotics2425laptop4/interbotix_ws/install/interbotix_xs_msgs/share/interbotix_xs_msgs/cmake/interbotix_xs_msgs__rosidl_typesupport_cExport.cmake
[1.941s] -- Up-to-date: /home/mscrobotics2425laptop4/interbotix_ws/install/interbotix_xs_msgs/share/interbotix_xs_msgs/cmake/interbotix_xs_msgs__rosidl_typesupport_cExport-noconfig.cmake
[1.942s] -- Up-to-date: /home/mscrobotics2425laptop4/interbotix_ws/install/interbotix_xs_msgs/share/interbotix_xs_msgs/cmake/export_interbotix_xs_msgs__rosidl_generator_cppExport.cmake
[1.943s] -- Up-to-date: /home/mscrobotics2425laptop4/interbotix_ws/install/interbotix_xs_msgs/share/interbotix_xs_msgs/cmake/export_interbotix_xs_msgs__rosidl_typesupport_fastrtps_cppExport.cmake
[1.945s] -- Up-to-date: /home/mscrobotics2425laptop4/interbotix_ws/install/interbotix_xs_msgs/share/interbotix_xs_msgs/cmake/export_interbotix_xs_msgs__rosidl_typesupport_fastrtps_cppExport-noconfig.cmake
[1.951s] -- Up-to-date: /home/mscrobotics2425laptop4/interbotix_ws/install/interbotix_xs_msgs/share/interbotix_xs_msgs/cmake/interbotix_xs_msgs__rosidl_typesupport_introspection_cppExport.cmake
[1.951s] -- Up-to-date: /home/mscrobotics2425laptop4/interbotix_ws/install/interbotix_xs_msgs/share/interbotix_xs_msgs/cmake/interbotix_xs_msgs__rosidl_typesupport_introspection_cppExport-noconfig.cmake
[1.952s] -- Up-to-date: /home/mscrobotics2425laptop4/interbotix_ws/install/interbotix_xs_msgs/share/interbotix_xs_msgs/cmake/interbotix_xs_msgs__rosidl_typesupport_cppExport.cmake
[1.953s] -- Up-to-date: /home/mscrobotics2425laptop4/interbotix_ws/install/interbotix_xs_msgs/share/interbotix_xs_msgs/cmake/interbotix_xs_msgs__rosidl_typesupport_cppExport-noconfig.cmake
[1.953s] -- Up-to-date: /home/mscrobotics2425laptop4/interbotix_ws/install/interbotix_xs_msgs/share/interbotix_xs_msgs/cmake/export_interbotix_xs_msgs__rosidl_generator_pyExport.cmake
[1.953s] -- Up-to-date: /home/mscrobotics2425laptop4/interbotix_ws/install/interbotix_xs_msgs/share/interbotix_xs_msgs/cmake/export_interbotix_xs_msgs__rosidl_generator_pyExport-noconfig.cmake
[1.955s] -- Up-to-date: /home/mscrobotics2425laptop4/interbotix_ws/install/interbotix_xs_msgs/share/interbotix_xs_msgs/cmake/rosidl_cmake-extras.cmake
[1.955s] -- Up-to-date: /home/mscrobotics2425laptop4/interbotix_ws/install/interbotix_xs_msgs/share/interbotix_xs_msgs/cmake/ament_cmake_export_dependencies-extras.cmake
[1.955s] -- Up-to-date: /home/mscrobotics2425laptop4/interbotix_ws/install/interbotix_xs_msgs/share/interbotix_xs_msgs/cmake/ament_cmake_export_include_directories-extras.cmake
[1.955s] -- Up-to-date: /home/mscrobotics2425laptop4/interbotix_ws/install/interbotix_xs_msgs/share/interbotix_xs_msgs/cmake/ament_cmake_export_libraries-extras.cmake
[1.956s] -- Up-to-date: /home/mscrobotics2425laptop4/interbotix_ws/install/interbotix_xs_msgs/share/interbotix_xs_msgs/cmake/ament_cmake_export_targets-extras.cmake
[1.960s] -- Up-to-date: /home/mscrobotics2425laptop4/interbotix_ws/install/interbotix_xs_msgs/share/interbotix_xs_msgs/cmake/rosidl_cmake_export_typesupport_targets-extras.cmake
[1.960s] -- Up-to-date: /home/mscrobotics2425laptop4/interbotix_ws/install/interbotix_xs_msgs/share/interbotix_xs_msgs/cmake/rosidl_cmake_export_typesupport_libraries-extras.cmake
[1.988s] -- Up-to-date: /home/mscrobotics2425laptop4/interbotix_ws/install/interbotix_xs_msgs/share/interbotix_xs_msgs/cmake/interbotix_xs_msgsConfig.cmake
[1.989s] -- Up-to-date: /home/mscrobotics2425laptop4/interbotix_ws/install/interbotix_xs_msgs/share/interbotix_xs_msgs/cmake/interbotix_xs_msgsConfig-version.cmake
[1.990s] -- Up-to-date: /home/mscrobotics2425laptop4/interbotix_ws/install/interbotix_xs_msgs/share/interbotix_xs_msgs/package.xml
[2.142s] Invoked command in '/home/mscrobotics2425laptop4/interbotix_ws/build/interbotix_xs_msgs' returned '0': CMAKE_PREFIX_PATH=${CMAKE_PREFIX_PATH}:/home/mscrobotics2425laptop4/interbotix_ws/install/ros_cv_messages:/home/mscrobotics2425laptop4/interbotix_ws/install/leo_realsense:/home/mscrobotics2425laptop4/interbotix_ws/install/leo_manipulator:/home/mscrobotics2425laptop4/interbotix_ws/install/leo_main:/home/mscrobotics2425laptop4/interbotix_ws/install/leo_launch:/home/mscrobotics2425laptop4/interbotix_ws/install/interbotix_xs_modules:/home/mscrobotics2425laptop4/interbotix_ws/install/interbotix_perception_modules:/home/mscrobotics2425laptop4/interbotix_ws/install/interbotix_common_modules:/opt/ros/humble /usr/bin/cmake --install /home/mscrobotics2425laptop4/interbotix_ws/build/interbotix_xs_msgs
