[5.275s] Invoking command in '/home/mscrobotics2425laptop4/interbotix_ws/src/leo_launch': PYTHONPATH=/home/mscrobotics2425laptop4/interbotix_ws/build/leo_launch/prefix_override:/usr/lib/python3/dist-packages/colcon_core/task/python/colcon_distutils_commands:/home/mscrobotics2425laptop4/interbotix_ws/install/leo_launch/lib/python3.10/site-packages:${PYTHONPATH} /usr/bin/python3 -W ignore:setup.py install is deprecated -W ignore:easy_install command is deprecated setup.py egg_info --egg-base ../../build/leo_launch build --build-base /home/mscrobotics2425laptop4/interbotix_ws/build/leo_launch/build install --record /home/mscrobotics2425laptop4/interbotix_ws/build/leo_launch/install.log --single-version-externally-managed install_data
[6.453s] running egg_info
[6.455s] writing ../../build/leo_launch/leo_launch.egg-info/PKG-INFO
[6.456s] writing dependency_links to ../../build/leo_launch/leo_launch.egg-info/dependency_links.txt
[6.458s] writing entry points to ../../build/leo_launch/leo_launch.egg-info/entry_points.txt
[6.459s] writing requirements to ../../build/leo_launch/leo_launch.egg-info/requires.txt
[6.459s] writing top-level names to ../../build/leo_launch/leo_launch.egg-info/top_level.txt
[6.467s] reading manifest file '../../build/leo_launch/leo_launch.egg-info/SOURCES.txt'
[6.471s] writing manifest file '../../build/leo_launch/leo_launch.egg-info/SOURCES.txt'
[6.473s] running build
[6.473s] running build_py
[6.473s] running install
[6.477s] running install_lib
[6.482s] running install_data
[6.483s] running install_egg_info
[6.495s] removing '/home/mscrobotics2425laptop4/interbotix_ws/install/leo_launch/lib/python3.10/site-packages/leo_launch-0.0.0-py3.10.egg-info' (and everything under it)
[6.496s] Copying ../../build/leo_launch/leo_launch.egg-info to /home/mscrobotics2425laptop4/interbotix_ws/install/leo_launch/lib/python3.10/site-packages/leo_launch-0.0.0-py3.10.egg-info
[6.496s] running install_scripts
[6.605s] writing list of installed files to '/home/mscrobotics2425laptop4/interbotix_ws/build/leo_launch/install.log'
[6.720s] Invoked command in '/home/mscrobotics2425laptop4/interbotix_ws/src/leo_launch' returned '0': PYTHONPATH=/home/mscrobotics2425laptop4/interbotix_ws/build/leo_launch/prefix_override:/usr/lib/python3/dist-packages/colcon_core/task/python/colcon_distutils_commands:/home/mscrobotics2425laptop4/interbotix_ws/install/leo_launch/lib/python3.10/site-packages:${PYTHONPATH} /usr/bin/python3 -W ignore:setup.py install is deprecated -W ignore:easy_install command is deprecated setup.py egg_info --egg-base ../../build/leo_launch build --build-base /home/mscrobotics2425laptop4/interbotix_ws/build/leo_launch/build install --record /home/mscrobotics2425laptop4/interbotix_ws/build/leo_launch/install.log --single-version-externally-managed install_data
