[1.859s] Invoking command in '/home/mscrobotics2425laptop4/interbotix_ws/src/leo_launch': PYTHONPATH=/home/mscrobotics2425laptop4/interbotix_ws/build/leo_launch/prefix_override:/usr/lib/python3/dist-packages/colcon_core/task/python/colcon_distutils_commands:/home/mscrobotics2425laptop4/interbotix_ws/install/leo_launch/lib/python3.10/site-packages:${PYTHONPATH} /usr/bin/python3 -W ignore:setup.py install is deprecated -W ignore:easy_install command is deprecated setup.py egg_info --egg-base ../../build/leo_launch build --build-base /home/mscrobotics2425laptop4/interbotix_ws/build/leo_launch/build install --record /home/mscrobotics2425laptop4/interbotix_ws/build/leo_launch/install.log --single-version-externally-managed install_data
[2.393s] running egg_info
[2.395s] writing ../../build/leo_launch/leo_launch.egg-info/PKG-INFO
[2.395s] writing dependency_links to ../../build/leo_launch/leo_launch.egg-info/dependency_links.txt
[2.395s] writing entry points to ../../build/leo_launch/leo_launch.egg-info/entry_points.txt
[2.395s] writing requirements to ../../build/leo_launch/leo_launch.egg-info/requires.txt
[2.395s] writing top-level names to ../../build/leo_launch/leo_launch.egg-info/top_level.txt
[2.398s] reading manifest file '../../build/leo_launch/leo_launch.egg-info/SOURCES.txt'
[2.399s] writing manifest file '../../build/leo_launch/leo_launch.egg-info/SOURCES.txt'
[2.400s] running build
[2.400s] running build_py
[2.400s] running install
[2.401s] running install_lib
[2.402s] running install_data
[2.402s] running install_egg_info
[2.405s] removing '/home/mscrobotics2425laptop4/interbotix_ws/install/leo_launch/lib/python3.10/site-packages/leo_launch-0.0.0-py3.10.egg-info' (and everything under it)
[2.406s] Copying ../../build/leo_launch/leo_launch.egg-info to /home/mscrobotics2425laptop4/interbotix_ws/install/leo_launch/lib/python3.10/site-packages/leo_launch-0.0.0-py3.10.egg-info
[2.407s] running install_scripts
[2.441s] writing list of installed files to '/home/mscrobotics2425laptop4/interbotix_ws/build/leo_launch/install.log'
[2.889s] Invoked command in '/home/mscrobotics2425laptop4/interbotix_ws/src/leo_launch' returned '0': PYTHONPATH=/home/mscrobotics2425laptop4/interbotix_ws/build/leo_launch/prefix_override:/usr/lib/python3/dist-packages/colcon_core/task/python/colcon_distutils_commands:/home/mscrobotics2425laptop4/interbotix_ws/install/leo_launch/lib/python3.10/site-packages:${PYTHONPATH} /usr/bin/python3 -W ignore:setup.py install is deprecated -W ignore:easy_install command is deprecated setup.py egg_info --egg-base ../../build/leo_launch build --build-base /home/mscrobotics2425laptop4/interbotix_ws/build/leo_launch/build install --record /home/mscrobotics2425laptop4/interbotix_ws/build/leo_launch/install.log --single-version-externally-managed install_data
