[0.258s] Invoking command in '/home/mscrobotics2425laptop4/interbotix_ws/build/leo_with_interfaces': CMAKE_PREFIX_PATH=${CMAKE_PREFIX_PATH}:/home/mscrobotics2425laptop4/interbotix_ws/install/ros_cv_messages:/home/mscrobotics2425laptop4/interbotix_ws/install/leo_realsense:/home/mscrobotics2425laptop4/interbotix_ws/install/leo_manipulator:/home/mscrobotics2425laptop4/interbotix_ws/install/leo_main:/home/mscrobotics2425laptop4/interbotix_ws/install/leo_launch:/home/mscrobotics2425laptop4/interbotix_ws/install/interbotix_xs_modules:/home/mscrobotics2425laptop4/interbotix_ws/install/interbotix_perception_modules:/home/mscrobotics2425laptop4/interbotix_ws/install/interbotix_common_modules:/opt/ros/humble /usr/bin/cmake --build /home/mscrobotics2425laptop4/interbotix_ws/build/leo_with_interfaces -- -j12 -l12
[0.350s] [  3%] Built target leo_with_interfaces__cpp
[0.355s] [ 12%] Built target leo_with_interfaces__rosidl_generator_c
[0.385s] [ 12%] Built target ament_cmake_python_copy_leo_with_interfaces
[0.429s] [ 22%] Built target leo_with_interfaces__rosidl_typesupport_fastrtps_cpp
[0.430s] [ 32%] Built target leo_with_interfaces__rosidl_typesupport_cpp
[0.445s] [ 41%] Built target leo_with_interfaces__rosidl_typesupport_introspection_cpp
[0.449s] [ 51%] Built target leo_with_interfaces__rosidl_typesupport_fastrtps_c
[0.450s] [ 61%] Built target leo_with_interfaces__rosidl_typesupport_introspection_c
[0.451s] [ 70%] Built target leo_with_interfaces__rosidl_typesupport_c
[0.472s] [ 70%] Built target leo_with_interfaces
[0.515s] [ 74%] Built target leo_with_interfaces__py
[0.561s] [ 80%] Built target leo_with_interfaces__rosidl_generator_py
[0.602s] [ 87%] Built target leo_with_interfaces__rosidl_typesupport_fastrtps_c__pyext
[0.602s] [ 93%] Built target leo_with_interfaces__rosidl_typesupport_introspection_c__pyext
[0.608s] [100%] Built target leo_with_interfaces__rosidl_typesupport_c__pyext
[0.840s] running egg_info
[0.848s] writing leo_with_interfaces.egg-info/PKG-INFO
[0.849s] writing dependency_links to leo_with_interfaces.egg-info/dependency_links.txt
[0.849s] writing top-level names to leo_with_interfaces.egg-info/top_level.txt
[0.857s] reading manifest file 'leo_with_interfaces.egg-info/SOURCES.txt'
[0.860s] writing manifest file 'leo_with_interfaces.egg-info/SOURCES.txt'
[0.860s] [100%] Built target ament_cmake_python_build_leo_with_interfaces_egg
[0.937s] Invoked command in '/home/mscrobotics2425laptop4/interbotix_ws/build/leo_with_interfaces' returned '0': CMAKE_PREFIX_PATH=${CMAKE_PREFIX_PATH}:/home/mscrobotics2425laptop4/interbotix_ws/install/ros_cv_messages:/home/mscrobotics2425laptop4/interbotix_ws/install/leo_realsense:/home/mscrobotics2425laptop4/interbotix_ws/install/leo_manipulator:/home/mscrobotics2425laptop4/interbotix_ws/install/leo_main:/home/mscrobotics2425laptop4/interbotix_ws/install/leo_launch:/home/mscrobotics2425laptop4/interbotix_ws/install/interbotix_xs_modules:/home/mscrobotics2425laptop4/interbotix_ws/install/interbotix_perception_modules:/home/mscrobotics2425laptop4/interbotix_ws/install/interbotix_common_modules:/opt/ros/humble /usr/bin/cmake --build /home/mscrobotics2425laptop4/interbotix_ws/build/leo_with_interfaces -- -j12 -l12
[0.946s] Invoking command in '/home/mscrobotics2425laptop4/interbotix_ws/build/leo_with_interfaces': CMAKE_PREFIX_PATH=${CMAKE_PREFIX_PATH}:/home/mscrobotics2425laptop4/interbotix_ws/install/ros_cv_messages:/home/mscrobotics2425laptop4/interbotix_ws/install/leo_realsense:/home/mscrobotics2425laptop4/interbotix_ws/install/leo_manipulator:/home/mscrobotics2425laptop4/interbotix_ws/install/leo_main:/home/mscrobotics2425laptop4/interbotix_ws/install/leo_launch:/home/mscrobotics2425laptop4/interbotix_ws/install/interbotix_xs_modules:/home/mscrobotics2425laptop4/interbotix_ws/install/interbotix_perception_modules:/home/mscrobotics2425laptop4/interbotix_ws/install/interbotix_common_modules:/opt/ros/humble /usr/bin/cmake --install /home/mscrobotics2425laptop4/interbotix_ws/build/leo_with_interfaces
[0.985s] -- Install configuration: ""
[0.985s] -- Up-to-date: /home/mscrobotics2425laptop4/interbotix_ws/install/leo_with_interfaces/share/ament_index/resource_index/rosidl_interfaces/leo_with_interfaces
[0.986s] -- Up-to-date: /home/mscrobotics2425laptop4/interbotix_ws/install/leo_with_interfaces/include/leo_with_interfaces/leo_with_interfaces
[0.986s] -- Up-to-date: /home/mscrobotics2425laptop4/interbotix_ws/install/leo_with_interfaces/include/leo_with_interfaces/leo_with_interfaces/msg
[0.986s] -- Up-to-date: /home/mscrobotics2425laptop4/interbotix_ws/install/leo_with_interfaces/include/leo_with_interfaces/leo_with_interfaces/msg/position.h
[0.986s] -- Up-to-date: /home/mscrobotics2425laptop4/interbotix_ws/install/leo_with_interfaces/include/leo_with_interfaces/leo_with_interfaces/msg/rosidl_generator_c__visibility_control.h
[0.986s] -- Up-to-date: /home/mscrobotics2425laptop4/interbotix_ws/install/leo_with_interfaces/include/leo_with_interfaces/leo_with_interfaces/msg/detail
[0.986s] -- Up-to-date: /home/mscrobotics2425laptop4/interbotix_ws/install/leo_with_interfaces/include/leo_with_interfaces/leo_with_interfaces/msg/detail/position__struct.h
[0.986s] -- Up-to-date: /home/mscrobotics2425laptop4/interbotix_ws/install/leo_with_interfaces/include/leo_with_interfaces/leo_with_interfaces/msg/detail/position__type_support.h
[0.986s] -- Up-to-date: /home/mscrobotics2425laptop4/interbotix_ws/install/leo_with_interfaces/include/leo_with_interfaces/leo_with_interfaces/msg/detail/position__functions.c
[0.986s] -- Up-to-date: /home/mscrobotics2425laptop4/interbotix_ws/install/leo_with_interfaces/include/leo_with_interfaces/leo_with_interfaces/msg/detail/position__functions.h
[0.986s] -- Up-to-date: /home/mscrobotics2425laptop4/interbotix_ws/install/leo_with_interfaces/share/leo_with_interfaces/environment/library_path.sh
[0.986s] -- Up-to-date: /home/mscrobotics2425laptop4/interbotix_ws/install/leo_with_interfaces/share/leo_with_interfaces/environment/library_path.dsv
[0.986s] -- Up-to-date: /home/mscrobotics2425laptop4/interbotix_ws/install/leo_with_interfaces/lib/libleo_with_interfaces__rosidl_generator_c.so
[0.986s] -- Up-to-date: /home/mscrobotics2425laptop4/interbotix_ws/install/leo_with_interfaces/include/leo_with_interfaces/leo_with_interfaces
[0.986s] -- Up-to-date: /home/mscrobotics2425laptop4/interbotix_ws/install/leo_with_interfaces/include/leo_with_interfaces/leo_with_interfaces/msg
[0.986s] -- Up-to-date: /home/mscrobotics2425laptop4/interbotix_ws/install/leo_with_interfaces/include/leo_with_interfaces/leo_with_interfaces/msg/rosidl_typesupport_fastrtps_c__visibility_control.h
[0.986s] -- Up-to-date: /home/mscrobotics2425laptop4/interbotix_ws/install/leo_with_interfaces/include/leo_with_interfaces/leo_with_interfaces/msg/detail
[0.986s] -- Up-to-date: /home/mscrobotics2425laptop4/interbotix_ws/install/leo_with_interfaces/include/leo_with_interfaces/leo_with_interfaces/msg/detail/position__rosidl_typesupport_fastrtps_c.h
[0.987s] -- Up-to-date: /home/mscrobotics2425laptop4/interbotix_ws/install/leo_with_interfaces/lib/libleo_with_interfaces__rosidl_typesupport_fastrtps_c.so
[0.987s] -- Up-to-date: /home/mscrobotics2425laptop4/interbotix_ws/install/leo_with_interfaces/include/leo_with_interfaces/leo_with_interfaces
[0.987s] -- Up-to-date: /home/mscrobotics2425laptop4/interbotix_ws/install/leo_with_interfaces/include/leo_with_interfaces/leo_with_interfaces/msg
[0.987s] -- Up-to-date: /home/mscrobotics2425laptop4/interbotix_ws/install/leo_with_interfaces/include/leo_with_interfaces/leo_with_interfaces/msg/position.hpp
[0.987s] -- Up-to-date: /home/mscrobotics2425laptop4/interbotix_ws/install/leo_with_interfaces/include/leo_with_interfaces/leo_with_interfaces/msg/detail
[0.987s] -- Up-to-date: /home/mscrobotics2425laptop4/interbotix_ws/install/leo_with_interfaces/include/leo_with_interfaces/leo_with_interfaces/msg/detail/position__traits.hpp
[0.987s] -- Up-to-date: /home/mscrobotics2425laptop4/interbotix_ws/install/leo_with_interfaces/include/leo_with_interfaces/leo_with_interfaces/msg/detail/position__struct.hpp
[0.987s] -- Up-to-date: /home/mscrobotics2425laptop4/interbotix_ws/install/leo_with_interfaces/include/leo_with_interfaces/leo_with_interfaces/msg/detail/position__type_support.hpp
[0.987s] -- Up-to-date: /home/mscrobotics2425laptop4/interbotix_ws/install/leo_with_interfaces/include/leo_with_interfaces/leo_with_interfaces/msg/detail/position__builder.hpp
[0.987s] -- Up-to-date: /home/mscrobotics2425laptop4/interbotix_ws/install/leo_with_interfaces/include/leo_with_interfaces/leo_with_interfaces/msg/rosidl_generator_cpp__visibility_control.hpp
[0.987s] -- Up-to-date: /home/mscrobotics2425laptop4/interbotix_ws/install/leo_with_interfaces/include/leo_with_interfaces/leo_with_interfaces
[0.987s] -- Up-to-date: /home/mscrobotics2425laptop4/interbotix_ws/install/leo_with_interfaces/include/leo_with_interfaces/leo_with_interfaces/msg
[0.987s] -- Up-to-date: /home/mscrobotics2425laptop4/interbotix_ws/install/leo_with_interfaces/include/leo_with_interfaces/leo_with_interfaces/msg/detail
[0.987s] -- Up-to-date: /home/mscrobotics2425laptop4/interbotix_ws/install/leo_with_interfaces/include/leo_with_interfaces/leo_with_interfaces/msg/detail/dds_fastrtps
[0.987s] -- Up-to-date: /home/mscrobotics2425laptop4/interbotix_ws/install/leo_with_interfaces/include/leo_with_interfaces/leo_with_interfaces/msg/detail/position__rosidl_typesupport_fastrtps_cpp.hpp
[0.987s] -- Up-to-date: /home/mscrobotics2425laptop4/interbotix_ws/install/leo_with_interfaces/include/leo_with_interfaces/leo_with_interfaces/msg/rosidl_typesupport_fastrtps_cpp__visibility_control.h
[0.987s] -- Up-to-date: /home/mscrobotics2425laptop4/interbotix_ws/install/leo_with_interfaces/lib/libleo_with_interfaces__rosidl_typesupport_fastrtps_cpp.so
[0.987s] -- Up-to-date: /home/mscrobotics2425laptop4/interbotix_ws/install/leo_with_interfaces/include/leo_with_interfaces/leo_with_interfaces
[0.987s] -- Up-to-date: /home/mscrobotics2425laptop4/interbotix_ws/install/leo_with_interfaces/include/leo_with_interfaces/leo_with_interfaces/msg
[0.987s] -- Up-to-date: /home/mscrobotics2425laptop4/interbotix_ws/install/leo_with_interfaces/include/leo_with_interfaces/leo_with_interfaces/msg/rosidl_typesupport_introspection_c__visibility_control.h
[0.988s] -- Up-to-date: /home/mscrobotics2425laptop4/interbotix_ws/install/leo_with_interfaces/include/leo_with_interfaces/leo_with_interfaces/msg/detail
[0.988s] -- Up-to-date: /home/mscrobotics2425laptop4/interbotix_ws/install/leo_with_interfaces/include/leo_with_interfaces/leo_with_interfaces/msg/detail/position__type_support.c
[0.988s] -- Up-to-date: /home/mscrobotics2425laptop4/interbotix_ws/install/leo_with_interfaces/include/leo_with_interfaces/leo_with_interfaces/msg/detail/position__rosidl_typesupport_introspection_c.h
[0.988s] -- Up-to-date: /home/mscrobotics2425laptop4/interbotix_ws/install/leo_with_interfaces/lib/libleo_with_interfaces__rosidl_typesupport_introspection_c.so
[0.988s] -- Up-to-date: /home/mscrobotics2425laptop4/interbotix_ws/install/leo_with_interfaces/lib/libleo_with_interfaces__rosidl_typesupport_c.so
[0.988s] -- Up-to-date: /home/mscrobotics2425laptop4/interbotix_ws/install/leo_with_interfaces/include/leo_with_interfaces/leo_with_interfaces
[0.988s] -- Up-to-date: /home/mscrobotics2425laptop4/interbotix_ws/install/leo_with_interfaces/include/leo_with_interfaces/leo_with_interfaces/msg
[0.988s] -- Up-to-date: /home/mscrobotics2425laptop4/interbotix_ws/install/leo_with_interfaces/include/leo_with_interfaces/leo_with_interfaces/msg/detail
[0.988s] -- Up-to-date: /home/mscrobotics2425laptop4/interbotix_ws/install/leo_with_interfaces/include/leo_with_interfaces/leo_with_interfaces/msg/detail/position__type_support.cpp
[0.988s] -- Up-to-date: /home/mscrobotics2425laptop4/interbotix_ws/install/leo_with_interfaces/include/leo_with_interfaces/leo_with_interfaces/msg/detail/position__rosidl_typesupport_introspection_cpp.hpp
[0.988s] -- Up-to-date: /home/mscrobotics2425laptop4/interbotix_ws/install/leo_with_interfaces/lib/libleo_with_interfaces__rosidl_typesupport_introspection_cpp.so
[0.988s] -- Up-to-date: /home/mscrobotics2425laptop4/interbotix_ws/install/leo_with_interfaces/lib/libleo_with_interfaces__rosidl_typesupport_cpp.so
[0.988s] -- Up-to-date: /home/mscrobotics2425laptop4/interbotix_ws/install/leo_with_interfaces/share/leo_with_interfaces/environment/pythonpath.sh
[0.989s] -- Up-to-date: /home/mscrobotics2425laptop4/interbotix_ws/install/leo_with_interfaces/share/leo_with_interfaces/environment/pythonpath.dsv
[0.989s] -- Up-to-date: /home/mscrobotics2425laptop4/interbotix_ws/install/leo_with_interfaces/local/lib/python3.10/dist-packages/leo_with_interfaces-0.0.0-py3.10.egg-info
[0.989s] -- Installing: /home/mscrobotics2425laptop4/interbotix_ws/install/leo_with_interfaces/local/lib/python3.10/dist-packages/leo_with_interfaces-0.0.0-py3.10.egg-info/dependency_links.txt
[0.989s] -- Installing: /home/mscrobotics2425laptop4/interbotix_ws/install/leo_with_interfaces/local/lib/python3.10/dist-packages/leo_with_interfaces-0.0.0-py3.10.egg-info/SOURCES.txt
[0.989s] -- Installing: /home/mscrobotics2425laptop4/interbotix_ws/install/leo_with_interfaces/local/lib/python3.10/dist-packages/leo_with_interfaces-0.0.0-py3.10.egg-info/PKG-INFO
[0.989s] -- Installing: /home/mscrobotics2425laptop4/interbotix_ws/install/leo_with_interfaces/local/lib/python3.10/dist-packages/leo_with_interfaces-0.0.0-py3.10.egg-info/top_level.txt
[0.989s] -- Up-to-date: /home/mscrobotics2425laptop4/interbotix_ws/install/leo_with_interfaces/local/lib/python3.10/dist-packages/leo_with_interfaces
[0.989s] -- Up-to-date: /home/mscrobotics2425laptop4/interbotix_ws/install/leo_with_interfaces/local/lib/python3.10/dist-packages/leo_with_interfaces/leo_with_interfaces_s__rosidl_typesupport_c.cpython-310-x86_64-linux-gnu.so
[0.989s] -- Up-to-date: /home/mscrobotics2425laptop4/interbotix_ws/install/leo_with_interfaces/local/lib/python3.10/dist-packages/leo_with_interfaces/leo_with_interfaces_s__rosidl_typesupport_introspection_c.cpython-310-x86_64-linux-gnu.so
[0.989s] -- Up-to-date: /home/mscrobotics2425laptop4/interbotix_ws/install/leo_with_interfaces/local/lib/python3.10/dist-packages/leo_with_interfaces/__init__.py
[0.989s] -- Up-to-date: /home/mscrobotics2425laptop4/interbotix_ws/install/leo_with_interfaces/local/lib/python3.10/dist-packages/leo_with_interfaces/_leo_with_interfaces_s.ep.rosidl_typesupport_c.c
[0.989s] -- Up-to-date: /home/mscrobotics2425laptop4/interbotix_ws/install/leo_with_interfaces/local/lib/python3.10/dist-packages/leo_with_interfaces/_leo_with_interfaces_s.ep.rosidl_typesupport_fastrtps_c.c
[0.989s] -- Up-to-date: /home/mscrobotics2425laptop4/interbotix_ws/install/leo_with_interfaces/local/lib/python3.10/dist-packages/leo_with_interfaces/libleo_with_interfaces__rosidl_generator_py.so
[0.989s] -- Up-to-date: /home/mscrobotics2425laptop4/interbotix_ws/install/leo_with_interfaces/local/lib/python3.10/dist-packages/leo_with_interfaces/_leo_with_interfaces_s.ep.rosidl_typesupport_introspection_c.c
[0.989s] -- Up-to-date: /home/mscrobotics2425laptop4/interbotix_ws/install/leo_with_interfaces/local/lib/python3.10/dist-packages/leo_with_interfaces/msg
[0.989s] -- Up-to-date: /home/mscrobotics2425laptop4/interbotix_ws/install/leo_with_interfaces/local/lib/python3.10/dist-packages/leo_with_interfaces/msg/_position.py
[0.989s] -- Up-to-date: /home/mscrobotics2425laptop4/interbotix_ws/install/leo_with_interfaces/local/lib/python3.10/dist-packages/leo_with_interfaces/msg/__init__.py
[0.990s] -- Up-to-date: /home/mscrobotics2425laptop4/interbotix_ws/install/leo_with_interfaces/local/lib/python3.10/dist-packages/leo_with_interfaces/msg/_position_s.c
[0.990s] -- Up-to-date: /home/mscrobotics2425laptop4/interbotix_ws/install/leo_with_interfaces/local/lib/python3.10/dist-packages/leo_with_interfaces/leo_with_interfaces_s__rosidl_typesupport_fastrtps_c.cpython-310-x86_64-linux-gnu.so
[0.994s] Listing '/home/mscrobotics2425laptop4/interbotix_ws/install/leo_with_interfaces/local/lib/python3.10/dist-packages/leo_with_interfaces'...
[0.994s] Listing '/home/mscrobotics2425laptop4/interbotix_ws/install/leo_with_interfaces/local/lib/python3.10/dist-packages/leo_with_interfaces/msg'...
[1.004s] -- Up-to-date: /home/mscrobotics2425laptop4/interbotix_ws/install/leo_with_interfaces/local/lib/python3.10/dist-packages/leo_with_interfaces/leo_with_interfaces_s__rosidl_typesupport_fastrtps_c.cpython-310-x86_64-linux-gnu.so
[1.005s] -- Up-to-date: /home/mscrobotics2425laptop4/interbotix_ws/install/leo_with_interfaces/local/lib/python3.10/dist-packages/leo_with_interfaces/leo_with_interfaces_s__rosidl_typesupport_introspection_c.cpython-310-x86_64-linux-gnu.so
[1.005s] -- Up-to-date: /home/mscrobotics2425laptop4/interbotix_ws/install/leo_with_interfaces/local/lib/python3.10/dist-packages/leo_with_interfaces/leo_with_interfaces_s__rosidl_typesupport_c.cpython-310-x86_64-linux-gnu.so
[1.005s] -- Up-to-date: /home/mscrobotics2425laptop4/interbotix_ws/install/leo_with_interfaces/lib/libleo_with_interfaces__rosidl_generator_py.so
[1.005s] -- Up-to-date: /home/mscrobotics2425laptop4/interbotix_ws/install/leo_with_interfaces/share/leo_with_interfaces/msg/Position.idl
[1.005s] -- Up-to-date: /home/mscrobotics2425laptop4/interbotix_ws/install/leo_with_interfaces/share/leo_with_interfaces/msg/Position.msg
[1.005s] -- Up-to-date: /home/mscrobotics2425laptop4/interbotix_ws/install/leo_with_interfaces/share/ament_index/resource_index/package_run_dependencies/leo_with_interfaces
[1.005s] -- Up-to-date: /home/mscrobotics2425laptop4/interbotix_ws/install/leo_with_interfaces/share/ament_index/resource_index/parent_prefix_path/leo_with_interfaces
[1.005s] -- Up-to-date: /home/mscrobotics2425laptop4/interbotix_ws/install/leo_with_interfaces/share/leo_with_interfaces/environment/ament_prefix_path.sh
[1.005s] -- Up-to-date: /home/mscrobotics2425laptop4/interbotix_ws/install/leo_with_interfaces/share/leo_with_interfaces/environment/ament_prefix_path.dsv
[1.005s] -- Up-to-date: /home/mscrobotics2425laptop4/interbotix_ws/install/leo_with_interfaces/share/leo_with_interfaces/environment/path.sh
[1.005s] -- Up-to-date: /home/mscrobotics2425laptop4/interbotix_ws/install/leo_with_interfaces/share/leo_with_interfaces/environment/path.dsv
[1.005s] -- Up-to-date: /home/mscrobotics2425laptop4/interbotix_ws/install/leo_with_interfaces/share/leo_with_interfaces/local_setup.bash
[1.005s] -- Up-to-date: /home/mscrobotics2425laptop4/interbotix_ws/install/leo_with_interfaces/share/leo_with_interfaces/local_setup.sh
[1.005s] -- Up-to-date: /home/mscrobotics2425laptop4/interbotix_ws/install/leo_with_interfaces/share/leo_with_interfaces/local_setup.zsh
[1.005s] -- Up-to-date: /home/mscrobotics2425laptop4/interbotix_ws/install/leo_with_interfaces/share/leo_with_interfaces/local_setup.dsv
[1.005s] -- Installing: /home/mscrobotics2425laptop4/interbotix_ws/install/leo_with_interfaces/share/leo_with_interfaces/package.dsv
[1.006s] -- Up-to-date: /home/mscrobotics2425laptop4/interbotix_ws/install/leo_with_interfaces/share/ament_index/resource_index/packages/leo_with_interfaces
[1.006s] -- Up-to-date: /home/mscrobotics2425laptop4/interbotix_ws/install/leo_with_interfaces/share/leo_with_interfaces/cmake/export_leo_with_interfaces__rosidl_generator_cExport.cmake
[1.006s] -- Up-to-date: /home/mscrobotics2425laptop4/interbotix_ws/install/leo_with_interfaces/share/leo_with_interfaces/cmake/export_leo_with_interfaces__rosidl_generator_cExport-noconfig.cmake
[1.006s] -- Up-to-date: /home/mscrobotics2425laptop4/interbotix_ws/install/leo_with_interfaces/share/leo_with_interfaces/cmake/export_leo_with_interfaces__rosidl_typesupport_fastrtps_cExport.cmake
[1.006s] -- Up-to-date: /home/mscrobotics2425laptop4/interbotix_ws/install/leo_with_interfaces/share/leo_with_interfaces/cmake/export_leo_with_interfaces__rosidl_typesupport_fastrtps_cExport-noconfig.cmake
[1.006s] -- Up-to-date: /home/mscrobotics2425laptop4/interbotix_ws/install/leo_with_interfaces/share/leo_with_interfaces/cmake/export_leo_with_interfaces__rosidl_generator_cppExport.cmake
[1.006s] -- Up-to-date: /home/mscrobotics2425laptop4/interbotix_ws/install/leo_with_interfaces/share/leo_with_interfaces/cmake/export_leo_with_interfaces__rosidl_typesupport_fastrtps_cppExport.cmake
[1.006s] -- Up-to-date: /home/mscrobotics2425laptop4/interbotix_ws/install/leo_with_interfaces/share/leo_with_interfaces/cmake/export_leo_with_interfaces__rosidl_typesupport_fastrtps_cppExport-noconfig.cmake
[1.006s] -- Up-to-date: /home/mscrobotics2425laptop4/interbotix_ws/install/leo_with_interfaces/share/leo_with_interfaces/cmake/leo_with_interfaces__rosidl_typesupport_introspection_cExport.cmake
[1.006s] -- Up-to-date: /home/mscrobotics2425laptop4/interbotix_ws/install/leo_with_interfaces/share/leo_with_interfaces/cmake/leo_with_interfaces__rosidl_typesupport_introspection_cExport-noconfig.cmake
[1.006s] -- Up-to-date: /home/mscrobotics2425laptop4/interbotix_ws/install/leo_with_interfaces/share/leo_with_interfaces/cmake/leo_with_interfaces__rosidl_typesupport_cExport.cmake
[1.006s] -- Up-to-date: /home/mscrobotics2425laptop4/interbotix_ws/install/leo_with_interfaces/share/leo_with_interfaces/cmake/leo_with_interfaces__rosidl_typesupport_cExport-noconfig.cmake
[1.006s] -- Up-to-date: /home/mscrobotics2425laptop4/interbotix_ws/install/leo_with_interfaces/share/leo_with_interfaces/cmake/leo_with_interfaces__rosidl_typesupport_introspection_cppExport.cmake
[1.006s] -- Up-to-date: /home/mscrobotics2425laptop4/interbotix_ws/install/leo_with_interfaces/share/leo_with_interfaces/cmake/leo_with_interfaces__rosidl_typesupport_introspection_cppExport-noconfig.cmake
[1.006s] -- Up-to-date: /home/mscrobotics2425laptop4/interbotix_ws/install/leo_with_interfaces/share/leo_with_interfaces/cmake/leo_with_interfaces__rosidl_typesupport_cppExport.cmake
[1.006s] -- Up-to-date: /home/mscrobotics2425laptop4/interbotix_ws/install/leo_with_interfaces/share/leo_with_interfaces/cmake/leo_with_interfaces__rosidl_typesupport_cppExport-noconfig.cmake
[1.006s] -- Up-to-date: /home/mscrobotics2425laptop4/interbotix_ws/install/leo_with_interfaces/share/leo_with_interfaces/cmake/export_leo_with_interfaces__rosidl_generator_pyExport.cmake
[1.006s] -- Up-to-date: /home/mscrobotics2425laptop4/interbotix_ws/install/leo_with_interfaces/share/leo_with_interfaces/cmake/export_leo_with_interfaces__rosidl_generator_pyExport-noconfig.cmake
[1.006s] -- Up-to-date: /home/mscrobotics2425laptop4/interbotix_ws/install/leo_with_interfaces/share/leo_with_interfaces/cmake/rosidl_cmake-extras.cmake
[1.007s] -- Up-to-date: /home/mscrobotics2425laptop4/interbotix_ws/install/leo_with_interfaces/share/leo_with_interfaces/cmake/ament_cmake_export_dependencies-extras.cmake
[1.007s] -- Up-to-date: /home/mscrobotics2425laptop4/interbotix_ws/install/leo_with_interfaces/share/leo_with_interfaces/cmake/ament_cmake_export_include_directories-extras.cmake
[1.007s] -- Up-to-date: /home/mscrobotics2425laptop4/interbotix_ws/install/leo_with_interfaces/share/leo_with_interfaces/cmake/ament_cmake_export_libraries-extras.cmake
[1.007s] -- Up-to-date: /home/mscrobotics2425laptop4/interbotix_ws/install/leo_with_interfaces/share/leo_with_interfaces/cmake/ament_cmake_export_targets-extras.cmake
[1.007s] -- Up-to-date: /home/mscrobotics2425laptop4/interbotix_ws/install/leo_with_interfaces/share/leo_with_interfaces/cmake/rosidl_cmake_export_typesupport_targets-extras.cmake
[1.007s] -- Up-to-date: /home/mscrobotics2425laptop4/interbotix_ws/install/leo_with_interfaces/share/leo_with_interfaces/cmake/rosidl_cmake_export_typesupport_libraries-extras.cmake
[1.007s] -- Up-to-date: /home/mscrobotics2425laptop4/interbotix_ws/install/leo_with_interfaces/share/leo_with_interfaces/cmake/leo_with_interfacesConfig.cmake
[1.007s] -- Up-to-date: /home/mscrobotics2425laptop4/interbotix_ws/install/leo_with_interfaces/share/leo_with_interfaces/cmake/leo_with_interfacesConfig-version.cmake
[1.007s] -- Up-to-date: /home/mscrobotics2425laptop4/interbotix_ws/install/leo_with_interfaces/share/leo_with_interfaces/package.xml
[1.026s] Invoked command in '/home/mscrobotics2425laptop4/interbotix_ws/build/leo_with_interfaces' returned '0': CMAKE_PREFIX_PATH=${CMAKE_PREFIX_PATH}:/home/mscrobotics2425laptop4/interbotix_ws/install/ros_cv_messages:/home/mscrobotics2425laptop4/interbotix_ws/install/leo_realsense:/home/mscrobotics2425laptop4/interbotix_ws/install/leo_manipulator:/home/mscrobotics2425laptop4/interbotix_ws/install/leo_main:/home/mscrobotics2425laptop4/interbotix_ws/install/leo_launch:/home/mscrobotics2425laptop4/interbotix_ws/install/interbotix_xs_modules:/home/mscrobotics2425laptop4/interbotix_ws/install/interbotix_perception_modules:/home/mscrobotics2425laptop4/interbotix_ws/install/interbotix_common_modules:/opt/ros/humble /usr/bin/cmake --install /home/mscrobotics2425laptop4/interbotix_ws/build/leo_with_interfaces
