[0.250s] Invoking command in '/home/mscrobotics2425laptop4/interbotix_ws/build/leo_with_interfaces': CMAKE_PREFIX_PATH=${CMAKE_PREFIX_PATH}:/home/mscrobotics2425laptop4/interbotix_ws/install/ros_cv_messages:/home/mscrobotics2425laptop4/interbotix_ws/install/leo_realsense:/home/mscrobotics2425laptop4/interbotix_ws/install/leo_manipulator:/home/mscrobotics2425laptop4/interbotix_ws/install/leo_main:/home/mscrobotics2425laptop4/interbotix_ws/install/leo_launch:/home/mscrobotics2425laptop4/interbotix_ws/install/interbotix_xs_modules:/home/mscrobotics2425laptop4/interbotix_ws/install/interbotix_perception_modules:/home/mscrobotics2425laptop4/interbotix_ws/install/interbotix_common_modules:/opt/ros/humble /usr/bin/cmake --build /home/mscrobotics2425laptop4/interbotix_ws/build/leo_with_interfaces -- -j12 -l12
[0.313s] [  3%] Built target leo_with_interfaces__cpp
[0.325s] [ 12%] Built target leo_with_interfaces__rosidl_generator_c
[0.334s] [ 12%] Built target ament_cmake_python_copy_leo_with_interfaces
[0.426s] [ 22%] Built target leo_with_interfaces__rosidl_typesupport_introspection_cpp
[0.426s] [ 32%] Built target leo_with_interfaces__rosidl_typesupport_fastrtps_cpp
[0.426s] [ 51%] Built target leo_with_interfaces__rosidl_typesupport_c
[0.426s] [ 51%] Built target leo_with_interfaces__rosidl_typesupport_fastrtps_c
[0.426s] [ 61%] Built target leo_with_interfaces__rosidl_typesupport_cpp
[0.426s] [ 70%] Built target leo_with_interfaces__rosidl_typesupport_introspection_c
[0.483s] [ 70%] Built target leo_with_interfaces
[0.524s] [ 74%] Built target leo_with_interfaces__py
[0.553s] [ 80%] Built target leo_with_interfaces__rosidl_generator_py
[0.580s] [ 90%] Built target leo_with_interfaces__rosidl_typesupport_introspection_c__pyext
[0.582s] [ 93%] Built target leo_with_interfaces__rosidl_typesupport_c__pyext
[0.597s] [100%] Built target leo_with_interfaces__rosidl_typesupport_fastrtps_c__pyext
[0.816s] running egg_info
[0.816s] writing leo_with_interfaces.egg-info/PKG-INFO
[0.816s] writing dependency_links to leo_with_interfaces.egg-info/dependency_links.txt
[0.816s] writing top-level names to leo_with_interfaces.egg-info/top_level.txt
[0.825s] reading manifest file 'leo_with_interfaces.egg-info/SOURCES.txt'
[0.825s] writing manifest file 'leo_with_interfaces.egg-info/SOURCES.txt'
[0.849s] [100%] Built target ament_cmake_python_build_leo_with_interfaces_egg
[0.911s] Invoked command in '/home/mscrobotics2425laptop4/interbotix_ws/build/leo_with_interfaces' returned '0': CMAKE_PREFIX_PATH=${CMAKE_PREFIX_PATH}:/home/mscrobotics2425laptop4/interbotix_ws/install/ros_cv_messages:/home/mscrobotics2425laptop4/interbotix_ws/install/leo_realsense:/home/mscrobotics2425laptop4/interbotix_ws/install/leo_manipulator:/home/mscrobotics2425laptop4/interbotix_ws/install/leo_main:/home/mscrobotics2425laptop4/interbotix_ws/install/leo_launch:/home/mscrobotics2425laptop4/interbotix_ws/install/interbotix_xs_modules:/home/mscrobotics2425laptop4/interbotix_ws/install/interbotix_perception_modules:/home/mscrobotics2425laptop4/interbotix_ws/install/interbotix_common_modules:/opt/ros/humble /usr/bin/cmake --build /home/mscrobotics2425laptop4/interbotix_ws/build/leo_with_interfaces -- -j12 -l12
[0.911s] Invoking command in '/home/mscrobotics2425laptop4/interbotix_ws/build/leo_with_interfaces': CMAKE_PREFIX_PATH=${CMAKE_PREFIX_PATH}:/home/mscrobotics2425laptop4/interbotix_ws/install/ros_cv_messages:/home/mscrobotics2425laptop4/interbotix_ws/install/leo_realsense:/home/mscrobotics2425laptop4/interbotix_ws/install/leo_manipulator:/home/mscrobotics2425laptop4/interbotix_ws/install/leo_main:/home/mscrobotics2425laptop4/interbotix_ws/install/leo_launch:/home/mscrobotics2425laptop4/interbotix_ws/install/interbotix_xs_modules:/home/mscrobotics2425laptop4/interbotix_ws/install/interbotix_perception_modules:/home/mscrobotics2425laptop4/interbotix_ws/install/interbotix_common_modules:/opt/ros/humble /usr/bin/cmake --install /home/mscrobotics2425laptop4/interbotix_ws/build/leo_with_interfaces
[0.928s] -- Install configuration: ""
[0.929s] -- Up-to-date: /home/mscrobotics2425laptop4/interbotix_ws/install/leo_with_interfaces/share/ament_index/resource_index/rosidl_interfaces/leo_with_interfaces
[0.929s] -- Up-to-date: /home/mscrobotics2425laptop4/interbotix_ws/install/leo_with_interfaces/include/leo_with_interfaces/leo_with_interfaces
[0.929s] -- Up-to-date: /home/mscrobotics2425laptop4/interbotix_ws/install/leo_with_interfaces/include/leo_with_interfaces/leo_with_interfaces/msg
[0.929s] -- Up-to-date: /home/mscrobotics2425laptop4/interbotix_ws/install/leo_with_interfaces/include/leo_with_interfaces/leo_with_interfaces/msg/position.h
[0.930s] -- Up-to-date: /home/mscrobotics2425laptop4/interbotix_ws/install/leo_with_interfaces/include/leo_with_interfaces/leo_with_interfaces/msg/rosidl_generator_c__visibility_control.h
[0.930s] -- Up-to-date: /home/mscrobotics2425laptop4/interbotix_ws/install/leo_with_interfaces/include/leo_with_interfaces/leo_with_interfaces/msg/detail
[0.930s] -- Up-to-date: /home/mscrobotics2425laptop4/interbotix_ws/install/leo_with_interfaces/include/leo_with_interfaces/leo_with_interfaces/msg/detail/position__struct.h
[0.930s] -- Up-to-date: /home/mscrobotics2425laptop4/interbotix_ws/install/leo_with_interfaces/include/leo_with_interfaces/leo_with_interfaces/msg/detail/position__type_support.h
[0.930s] -- Up-to-date: /home/mscrobotics2425laptop4/interbotix_ws/install/leo_with_interfaces/include/leo_with_interfaces/leo_with_interfaces/msg/detail/position__functions.c
[0.930s] -- Up-to-date: /home/mscrobotics2425laptop4/interbotix_ws/install/leo_with_interfaces/include/leo_with_interfaces/leo_with_interfaces/msg/detail/position__functions.h
[0.930s] -- Up-to-date: /home/mscrobotics2425laptop4/interbotix_ws/install/leo_with_interfaces/share/leo_with_interfaces/environment/library_path.sh
[0.931s] -- Up-to-date: /home/mscrobotics2425laptop4/interbotix_ws/install/leo_with_interfaces/share/leo_with_interfaces/environment/library_path.dsv
[0.933s] -- Up-to-date: /home/mscrobotics2425laptop4/interbotix_ws/install/leo_with_interfaces/lib/libleo_with_interfaces__rosidl_generator_c.so
[0.933s] -- Up-to-date: /home/mscrobotics2425laptop4/interbotix_ws/install/leo_with_interfaces/include/leo_with_interfaces/leo_with_interfaces
[0.933s] -- Up-to-date: /home/mscrobotics2425laptop4/interbotix_ws/install/leo_with_interfaces/include/leo_with_interfaces/leo_with_interfaces/msg
[0.933s] -- Up-to-date: /home/mscrobotics2425laptop4/interbotix_ws/install/leo_with_interfaces/include/leo_with_interfaces/leo_with_interfaces/msg/rosidl_typesupport_fastrtps_c__visibility_control.h
[0.933s] -- Up-to-date: /home/mscrobotics2425laptop4/interbotix_ws/install/leo_with_interfaces/include/leo_with_interfaces/leo_with_interfaces/msg/detail
[0.933s] -- Up-to-date: /home/mscrobotics2425laptop4/interbotix_ws/install/leo_with_interfaces/include/leo_with_interfaces/leo_with_interfaces/msg/detail/position__rosidl_typesupport_fastrtps_c.h
[0.933s] -- Up-to-date: /home/mscrobotics2425laptop4/interbotix_ws/install/leo_with_interfaces/lib/libleo_with_interfaces__rosidl_typesupport_fastrtps_c.so
[0.933s] -- Up-to-date: /home/mscrobotics2425laptop4/interbotix_ws/install/leo_with_interfaces/include/leo_with_interfaces/leo_with_interfaces
[0.933s] -- Up-to-date: /home/mscrobotics2425laptop4/interbotix_ws/install/leo_with_interfaces/include/leo_with_interfaces/leo_with_interfaces/msg
[0.934s] -- Up-to-date: /home/mscrobotics2425laptop4/interbotix_ws/install/leo_with_interfaces/include/leo_with_interfaces/leo_with_interfaces/msg/position.hpp
[0.934s] -- Up-to-date: /home/mscrobotics2425laptop4/interbotix_ws/install/leo_with_interfaces/include/leo_with_interfaces/leo_with_interfaces/msg/detail
[0.934s] -- Up-to-date: /home/mscrobotics2425laptop4/interbotix_ws/install/leo_with_interfaces/include/leo_with_interfaces/leo_with_interfaces/msg/detail/position__traits.hpp
[0.934s] -- Up-to-date: /home/mscrobotics2425laptop4/interbotix_ws/install/leo_with_interfaces/include/leo_with_interfaces/leo_with_interfaces/msg/detail/position__struct.hpp
[0.934s] -- Up-to-date: /home/mscrobotics2425laptop4/interbotix_ws/install/leo_with_interfaces/include/leo_with_interfaces/leo_with_interfaces/msg/detail/position__type_support.hpp
[0.934s] -- Up-to-date: /home/mscrobotics2425laptop4/interbotix_ws/install/leo_with_interfaces/include/leo_with_interfaces/leo_with_interfaces/msg/detail/position__builder.hpp
[0.934s] -- Up-to-date: /home/mscrobotics2425laptop4/interbotix_ws/install/leo_with_interfaces/include/leo_with_interfaces/leo_with_interfaces/msg/rosidl_generator_cpp__visibility_control.hpp
[0.935s] -- Up-to-date: /home/mscrobotics2425laptop4/interbotix_ws/install/leo_with_interfaces/include/leo_with_interfaces/leo_with_interfaces
[0.935s] -- Up-to-date: /home/mscrobotics2425laptop4/interbotix_ws/install/leo_with_interfaces/include/leo_with_interfaces/leo_with_interfaces/msg
[0.935s] -- Up-to-date: /home/mscrobotics2425laptop4/interbotix_ws/install/leo_with_interfaces/include/leo_with_interfaces/leo_with_interfaces/msg/detail
[0.935s] -- Up-to-date: /home/mscrobotics2425laptop4/interbotix_ws/install/leo_with_interfaces/include/leo_with_interfaces/leo_with_interfaces/msg/detail/dds_fastrtps
[0.935s] -- Up-to-date: /home/mscrobotics2425laptop4/interbotix_ws/install/leo_with_interfaces/include/leo_with_interfaces/leo_with_interfaces/msg/detail/position__rosidl_typesupport_fastrtps_cpp.hpp
[0.935s] -- Up-to-date: /home/mscrobotics2425laptop4/interbotix_ws/install/leo_with_interfaces/include/leo_with_interfaces/leo_with_interfaces/msg/rosidl_typesupport_fastrtps_cpp__visibility_control.h
[0.935s] -- Up-to-date: /home/mscrobotics2425laptop4/interbotix_ws/install/leo_with_interfaces/lib/libleo_with_interfaces__rosidl_typesupport_fastrtps_cpp.so
[0.936s] -- Up-to-date: /home/mscrobotics2425laptop4/interbotix_ws/install/leo_with_interfaces/include/leo_with_interfaces/leo_with_interfaces
[0.936s] -- Up-to-date: /home/mscrobotics2425laptop4/interbotix_ws/install/leo_with_interfaces/include/leo_with_interfaces/leo_with_interfaces/msg
[0.936s] -- Up-to-date: /home/mscrobotics2425laptop4/interbotix_ws/install/leo_with_interfaces/include/leo_with_interfaces/leo_with_interfaces/msg/rosidl_typesupport_introspection_c__visibility_control.h
[0.936s] -- Up-to-date: /home/mscrobotics2425laptop4/interbotix_ws/install/leo_with_interfaces/include/leo_with_interfaces/leo_with_interfaces/msg/detail
[0.936s] -- Up-to-date: /home/mscrobotics2425laptop4/interbotix_ws/install/leo_with_interfaces/include/leo_with_interfaces/leo_with_interfaces/msg/detail/position__type_support.c
[0.936s] -- Up-to-date: /home/mscrobotics2425laptop4/interbotix_ws/install/leo_with_interfaces/include/leo_with_interfaces/leo_with_interfaces/msg/detail/position__rosidl_typesupport_introspection_c.h
[0.936s] -- Up-to-date: /home/mscrobotics2425laptop4/interbotix_ws/install/leo_with_interfaces/lib/libleo_with_interfaces__rosidl_typesupport_introspection_c.so
[0.937s] -- Up-to-date: /home/mscrobotics2425laptop4/interbotix_ws/install/leo_with_interfaces/lib/libleo_with_interfaces__rosidl_typesupport_c.so
[0.940s] -- Up-to-date: /home/mscrobotics2425laptop4/interbotix_ws/install/leo_with_interfaces/include/leo_with_interfaces/leo_with_interfaces
[0.940s] -- Up-to-date: /home/mscrobotics2425laptop4/interbotix_ws/install/leo_with_interfaces/include/leo_with_interfaces/leo_with_interfaces/msg
[0.940s] -- Up-to-date: /home/mscrobotics2425laptop4/interbotix_ws/install/leo_with_interfaces/include/leo_with_interfaces/leo_with_interfaces/msg/detail
[0.941s] -- Up-to-date: /home/mscrobotics2425laptop4/interbotix_ws/install/leo_with_interfaces/include/leo_with_interfaces/leo_with_interfaces/msg/detail/position__type_support.cpp
[0.941s] -- Up-to-date: /home/mscrobotics2425laptop4/interbotix_ws/install/leo_with_interfaces/include/leo_with_interfaces/leo_with_interfaces/msg/detail/position__rosidl_typesupport_introspection_cpp.hpp
[0.941s] -- Up-to-date: /home/mscrobotics2425laptop4/interbotix_ws/install/leo_with_interfaces/lib/libleo_with_interfaces__rosidl_typesupport_introspection_cpp.so
[0.941s] -- Up-to-date: /home/mscrobotics2425laptop4/interbotix_ws/install/leo_with_interfaces/lib/libleo_with_interfaces__rosidl_typesupport_cpp.so
[0.941s] -- Up-to-date: /home/mscrobotics2425laptop4/interbotix_ws/install/leo_with_interfaces/share/leo_with_interfaces/environment/pythonpath.sh
[0.941s] -- Up-to-date: /home/mscrobotics2425laptop4/interbotix_ws/install/leo_with_interfaces/share/leo_with_interfaces/environment/pythonpath.dsv
[0.941s] -- Up-to-date: /home/mscrobotics2425laptop4/interbotix_ws/install/leo_with_interfaces/local/lib/python3.10/dist-packages/leo_with_interfaces-0.0.0-py3.10.egg-info
[0.941s] -- Installing: /home/mscrobotics2425laptop4/interbotix_ws/install/leo_with_interfaces/local/lib/python3.10/dist-packages/leo_with_interfaces-0.0.0-py3.10.egg-info/dependency_links.txt
[0.942s] -- Installing: /home/mscrobotics2425laptop4/interbotix_ws/install/leo_with_interfaces/local/lib/python3.10/dist-packages/leo_with_interfaces-0.0.0-py3.10.egg-info/SOURCES.txt
[0.942s] -- Installing: /home/mscrobotics2425laptop4/interbotix_ws/install/leo_with_interfaces/local/lib/python3.10/dist-packages/leo_with_interfaces-0.0.0-py3.10.egg-info/PKG-INFO
[0.942s] -- Installing: /home/mscrobotics2425laptop4/interbotix_ws/install/leo_with_interfaces/local/lib/python3.10/dist-packages/leo_with_interfaces-0.0.0-py3.10.egg-info/top_level.txt
[0.942s] -- Up-to-date: /home/mscrobotics2425laptop4/interbotix_ws/install/leo_with_interfaces/local/lib/python3.10/dist-packages/leo_with_interfaces
[0.942s] -- Up-to-date: /home/mscrobotics2425laptop4/interbotix_ws/install/leo_with_interfaces/local/lib/python3.10/dist-packages/leo_with_interfaces/leo_with_interfaces_s__rosidl_typesupport_c.cpython-310-x86_64-linux-gnu.so
[0.942s] -- Up-to-date: /home/mscrobotics2425laptop4/interbotix_ws/install/leo_with_interfaces/local/lib/python3.10/dist-packages/leo_with_interfaces/leo_with_interfaces_s__rosidl_typesupport_introspection_c.cpython-310-x86_64-linux-gnu.so
[0.942s] -- Up-to-date: /home/mscrobotics2425laptop4/interbotix_ws/install/leo_with_interfaces/local/lib/python3.10/dist-packages/leo_with_interfaces/__init__.py
[0.942s] -- Up-to-date: /home/mscrobotics2425laptop4/interbotix_ws/install/leo_with_interfaces/local/lib/python3.10/dist-packages/leo_with_interfaces/_leo_with_interfaces_s.ep.rosidl_typesupport_c.c
[0.943s] -- Up-to-date: /home/mscrobotics2425laptop4/interbotix_ws/install/leo_with_interfaces/local/lib/python3.10/dist-packages/leo_with_interfaces/_leo_with_interfaces_s.ep.rosidl_typesupport_fastrtps_c.c
[0.943s] -- Up-to-date: /home/mscrobotics2425laptop4/interbotix_ws/install/leo_with_interfaces/local/lib/python3.10/dist-packages/leo_with_interfaces/libleo_with_interfaces__rosidl_generator_py.so
[0.943s] -- Up-to-date: /home/mscrobotics2425laptop4/interbotix_ws/install/leo_with_interfaces/local/lib/python3.10/dist-packages/leo_with_interfaces/_leo_with_interfaces_s.ep.rosidl_typesupport_introspection_c.c
[0.943s] -- Up-to-date: /home/mscrobotics2425laptop4/interbotix_ws/install/leo_with_interfaces/local/lib/python3.10/dist-packages/leo_with_interfaces/msg
[0.943s] -- Up-to-date: /home/mscrobotics2425laptop4/interbotix_ws/install/leo_with_interfaces/local/lib/python3.10/dist-packages/leo_with_interfaces/msg/_position.py
[0.943s] -- Up-to-date: /home/mscrobotics2425laptop4/interbotix_ws/install/leo_with_interfaces/local/lib/python3.10/dist-packages/leo_with_interfaces/msg/__init__.py
[0.943s] -- Up-to-date: /home/mscrobotics2425laptop4/interbotix_ws/install/leo_with_interfaces/local/lib/python3.10/dist-packages/leo_with_interfaces/msg/_position_s.c
[0.943s] -- Up-to-date: /home/mscrobotics2425laptop4/interbotix_ws/install/leo_with_interfaces/local/lib/python3.10/dist-packages/leo_with_interfaces/leo_with_interfaces_s__rosidl_typesupport_fastrtps_c.cpython-310-x86_64-linux-gnu.so
[0.985s] Listing '/home/mscrobotics2425laptop4/interbotix_ws/install/leo_with_interfaces/local/lib/python3.10/dist-packages/leo_with_interfaces'...
[0.985s] Listing '/home/mscrobotics2425laptop4/interbotix_ws/install/leo_with_interfaces/local/lib/python3.10/dist-packages/leo_with_interfaces/msg'...
[0.995s] -- Up-to-date: /home/mscrobotics2425laptop4/interbotix_ws/install/leo_with_interfaces/local/lib/python3.10/dist-packages/leo_with_interfaces/leo_with_interfaces_s__rosidl_typesupport_fastrtps_c.cpython-310-x86_64-linux-gnu.so
[0.995s] -- Up-to-date: /home/mscrobotics2425laptop4/interbotix_ws/install/leo_with_interfaces/local/lib/python3.10/dist-packages/leo_with_interfaces/leo_with_interfaces_s__rosidl_typesupport_introspection_c.cpython-310-x86_64-linux-gnu.so
[0.996s] -- Up-to-date: /home/mscrobotics2425laptop4/interbotix_ws/install/leo_with_interfaces/local/lib/python3.10/dist-packages/leo_with_interfaces/leo_with_interfaces_s__rosidl_typesupport_c.cpython-310-x86_64-linux-gnu.so
[0.996s] -- Up-to-date: /home/mscrobotics2425laptop4/interbotix_ws/install/leo_with_interfaces/lib/libleo_with_interfaces__rosidl_generator_py.so
[0.996s] -- Up-to-date: /home/mscrobotics2425laptop4/interbotix_ws/install/leo_with_interfaces/share/leo_with_interfaces/msg/Position.idl
[0.996s] -- Up-to-date: /home/mscrobotics2425laptop4/interbotix_ws/install/leo_with_interfaces/share/leo_with_interfaces/msg/Position.msg
[0.996s] -- Up-to-date: /home/mscrobotics2425laptop4/interbotix_ws/install/leo_with_interfaces/share/ament_index/resource_index/package_run_dependencies/leo_with_interfaces
[0.996s] -- Up-to-date: /home/mscrobotics2425laptop4/interbotix_ws/install/leo_with_interfaces/share/ament_index/resource_index/parent_prefix_path/leo_with_interfaces
[0.997s] -- Up-to-date: /home/mscrobotics2425laptop4/interbotix_ws/install/leo_with_interfaces/share/leo_with_interfaces/environment/ament_prefix_path.sh
[0.997s] -- Up-to-date: /home/mscrobotics2425laptop4/interbotix_ws/install/leo_with_interfaces/share/leo_with_interfaces/environment/ament_prefix_path.dsv
[0.997s] -- Up-to-date: /home/mscrobotics2425laptop4/interbotix_ws/install/leo_with_interfaces/share/leo_with_interfaces/environment/path.sh
[0.997s] -- Up-to-date: /home/mscrobotics2425laptop4/interbotix_ws/install/leo_with_interfaces/share/leo_with_interfaces/environment/path.dsv
[0.997s] -- Up-to-date: /home/mscrobotics2425laptop4/interbotix_ws/install/leo_with_interfaces/share/leo_with_interfaces/local_setup.bash
[0.997s] -- Up-to-date: /home/mscrobotics2425laptop4/interbotix_ws/install/leo_with_interfaces/share/leo_with_interfaces/local_setup.sh
[0.998s] -- Up-to-date: /home/mscrobotics2425laptop4/interbotix_ws/install/leo_with_interfaces/share/leo_with_interfaces/local_setup.zsh
[0.998s] -- Up-to-date: /home/mscrobotics2425laptop4/interbotix_ws/install/leo_with_interfaces/share/leo_with_interfaces/local_setup.dsv
[1.000s] -- Installing: /home/mscrobotics2425laptop4/interbotix_ws/install/leo_with_interfaces/share/leo_with_interfaces/package.dsv
[1.001s] -- Up-to-date: /home/mscrobotics2425laptop4/interbotix_ws/install/leo_with_interfaces/share/ament_index/resource_index/packages/leo_with_interfaces
[1.001s] -- Up-to-date: /home/mscrobotics2425laptop4/interbotix_ws/install/leo_with_interfaces/share/leo_with_interfaces/cmake/export_leo_with_interfaces__rosidl_generator_cExport.cmake
[1.001s] -- Up-to-date: /home/mscrobotics2425laptop4/interbotix_ws/install/leo_with_interfaces/share/leo_with_interfaces/cmake/export_leo_with_interfaces__rosidl_generator_cExport-noconfig.cmake
[1.001s] -- Up-to-date: /home/mscrobotics2425laptop4/interbotix_ws/install/leo_with_interfaces/share/leo_with_interfaces/cmake/export_leo_with_interfaces__rosidl_typesupport_fastrtps_cExport.cmake
[1.001s] -- Up-to-date: /home/mscrobotics2425laptop4/interbotix_ws/install/leo_with_interfaces/share/leo_with_interfaces/cmake/export_leo_with_interfaces__rosidl_typesupport_fastrtps_cExport-noconfig.cmake
[1.002s] -- Up-to-date: /home/mscrobotics2425laptop4/interbotix_ws/install/leo_with_interfaces/share/leo_with_interfaces/cmake/export_leo_with_interfaces__rosidl_generator_cppExport.cmake
[1.002s] -- Up-to-date: /home/mscrobotics2425laptop4/interbotix_ws/install/leo_with_interfaces/share/leo_with_interfaces/cmake/export_leo_with_interfaces__rosidl_typesupport_fastrtps_cppExport.cmake
[1.002s] -- Up-to-date: /home/mscrobotics2425laptop4/interbotix_ws/install/leo_with_interfaces/share/leo_with_interfaces/cmake/export_leo_with_interfaces__rosidl_typesupport_fastrtps_cppExport-noconfig.cmake
[1.002s] -- Up-to-date: /home/mscrobotics2425laptop4/interbotix_ws/install/leo_with_interfaces/share/leo_with_interfaces/cmake/leo_with_interfaces__rosidl_typesupport_introspection_cExport.cmake
[1.002s] -- Up-to-date: /home/mscrobotics2425laptop4/interbotix_ws/install/leo_with_interfaces/share/leo_with_interfaces/cmake/leo_with_interfaces__rosidl_typesupport_introspection_cExport-noconfig.cmake
[1.002s] -- Up-to-date: /home/mscrobotics2425laptop4/interbotix_ws/install/leo_with_interfaces/share/leo_with_interfaces/cmake/leo_with_interfaces__rosidl_typesupport_cExport.cmake
[1.002s] -- Up-to-date: /home/mscrobotics2425laptop4/interbotix_ws/install/leo_with_interfaces/share/leo_with_interfaces/cmake/leo_with_interfaces__rosidl_typesupport_cExport-noconfig.cmake
[1.002s] -- Up-to-date: /home/mscrobotics2425laptop4/interbotix_ws/install/leo_with_interfaces/share/leo_with_interfaces/cmake/leo_with_interfaces__rosidl_typesupport_introspection_cppExport.cmake
[1.002s] -- Up-to-date: /home/mscrobotics2425laptop4/interbotix_ws/install/leo_with_interfaces/share/leo_with_interfaces/cmake/leo_with_interfaces__rosidl_typesupport_introspection_cppExport-noconfig.cmake
[1.002s] -- Up-to-date: /home/mscrobotics2425laptop4/interbotix_ws/install/leo_with_interfaces/share/leo_with_interfaces/cmake/leo_with_interfaces__rosidl_typesupport_cppExport.cmake
[1.003s] -- Up-to-date: /home/mscrobotics2425laptop4/interbotix_ws/install/leo_with_interfaces/share/leo_with_interfaces/cmake/leo_with_interfaces__rosidl_typesupport_cppExport-noconfig.cmake
[1.003s] -- Up-to-date: /home/mscrobotics2425laptop4/interbotix_ws/install/leo_with_interfaces/share/leo_with_interfaces/cmake/export_leo_with_interfaces__rosidl_generator_pyExport.cmake
[1.003s] -- Up-to-date: /home/mscrobotics2425laptop4/interbotix_ws/install/leo_with_interfaces/share/leo_with_interfaces/cmake/export_leo_with_interfaces__rosidl_generator_pyExport-noconfig.cmake
[1.003s] -- Up-to-date: /home/mscrobotics2425laptop4/interbotix_ws/install/leo_with_interfaces/share/leo_with_interfaces/cmake/rosidl_cmake-extras.cmake
[1.003s] -- Up-to-date: /home/mscrobotics2425laptop4/interbotix_ws/install/leo_with_interfaces/share/leo_with_interfaces/cmake/ament_cmake_export_dependencies-extras.cmake
[1.003s] -- Up-to-date: /home/mscrobotics2425laptop4/interbotix_ws/install/leo_with_interfaces/share/leo_with_interfaces/cmake/ament_cmake_export_include_directories-extras.cmake
[1.003s] -- Up-to-date: /home/mscrobotics2425laptop4/interbotix_ws/install/leo_with_interfaces/share/leo_with_interfaces/cmake/ament_cmake_export_libraries-extras.cmake
[1.003s] -- Up-to-date: /home/mscrobotics2425laptop4/interbotix_ws/install/leo_with_interfaces/share/leo_with_interfaces/cmake/ament_cmake_export_targets-extras.cmake
[1.003s] -- Up-to-date: /home/mscrobotics2425laptop4/interbotix_ws/install/leo_with_interfaces/share/leo_with_interfaces/cmake/rosidl_cmake_export_typesupport_targets-extras.cmake
[1.003s] -- Up-to-date: /home/mscrobotics2425laptop4/interbotix_ws/install/leo_with_interfaces/share/leo_with_interfaces/cmake/rosidl_cmake_export_typesupport_libraries-extras.cmake
[1.003s] -- Up-to-date: /home/mscrobotics2425laptop4/interbotix_ws/install/leo_with_interfaces/share/leo_with_interfaces/cmake/leo_with_interfacesConfig.cmake
[1.003s] -- Up-to-date: /home/mscrobotics2425laptop4/interbotix_ws/install/leo_with_interfaces/share/leo_with_interfaces/cmake/leo_with_interfacesConfig-version.cmake
[1.003s] -- Up-to-date: /home/mscrobotics2425laptop4/interbotix_ws/install/leo_with_interfaces/share/leo_with_interfaces/package.xml
[1.032s] Invoked command in '/home/mscrobotics2425laptop4/interbotix_ws/build/leo_with_interfaces' returned '0': CMAKE_PREFIX_PATH=${CMAKE_PREFIX_PATH}:/home/mscrobotics2425laptop4/interbotix_ws/install/ros_cv_messages:/home/mscrobotics2425laptop4/interbotix_ws/install/leo_realsense:/home/mscrobotics2425laptop4/interbotix_ws/install/leo_manipulator:/home/mscrobotics2425laptop4/interbotix_ws/install/leo_main:/home/mscrobotics2425laptop4/interbotix_ws/install/leo_launch:/home/mscrobotics2425laptop4/interbotix_ws/install/interbotix_xs_modules:/home/mscrobotics2425laptop4/interbotix_ws/install/interbotix_perception_modules:/home/mscrobotics2425laptop4/interbotix_ws/install/interbotix_common_modules:/opt/ros/humble /usr/bin/cmake --install /home/mscrobotics2425laptop4/interbotix_ws/build/leo_with_interfaces
