[0.651s] Invoking command in '/home/mscrobotics2425laptop4/interbotix_ws/build/interbotix_tf_tools': CMAKE_PREFIX_PATH=${CMAKE_PREFIX_PATH}:/opt/ros/humble /usr/bin/cmake /home/mscrobotics2425laptop4/interbotix_ws/src/interbotix_ros_toolboxes/interbotix_common_toolbox/interbotix_tf_tools -DCMAKE_INSTALL_PREFIX=/home/mscrobotics2425laptop4/interbotix_ws/install/interbotix_tf_tools
[0.779s] -- The C compiler identification is GNU 11.4.0
[0.934s] -- The CXX compiler identification is GNU 11.4.0
[0.946s] -- Detecting C compiler ABI info
[1.126s] -- Detecting C compiler ABI info - done
[1.145s] -- Check for working C compiler: /usr/bin/cc - skipped
[1.146s] -- Detecting C compile features
[1.146s] -- Detecting C compile features - done
[1.158s] -- Detecting CXX compiler ABI info
[1.381s] -- Detecting CXX compiler ABI info - done
[1.409s] -- Check for working CXX compiler: /usr/bin/c++ - skipped
[1.409s] -- Detecting CXX compile features
[1.410s] -- Detecting CXX compile features - done
[1.416s] -- Found ament_cmake: 1.3.11 (/opt/ros/humble/share/ament_cmake/cmake)
[1.862s] -- Found Python3: /usr/bin/python3 (found version "3.10.12") found components: Interpreter 
[2.167s] -- Found geometry_msgs: 4.2.4 (/opt/ros/humble/share/geometry_msgs/cmake)
[2.242s] -- Found rosidl_generator_c: 3.1.6 (/opt/ros/humble/share/rosidl_generator_c/cmake)
[2.249s] -- Found rosidl_adapter: 3.1.6 (/opt/ros/humble/share/rosidl_adapter/cmake)
[2.291s] -- Found rosidl_generator_cpp: 3.1.6 (/opt/ros/humble/share/rosidl_generator_cpp/cmake)
[2.310s] -- Using all available rosidl_typesupport_c: rosidl_typesupport_fastrtps_c;rosidl_typesupport_introspection_c
[2.334s] -- Using all available rosidl_typesupport_cpp: rosidl_typesupport_fastrtps_cpp;rosidl_typesupport_introspection_cpp
[2.409s] -- Found rclcpp: 16.0.11 (/opt/ros/humble/share/rclcpp/cmake)
[2.479s] -- Found rmw_implementation_cmake: 6.1.2 (/opt/ros/humble/share/rmw_implementation_cmake/cmake)
[2.484s] -- Found rmw_fastrtps_cpp: 6.2.7 (/opt/ros/humble/share/rmw_fastrtps_cpp/cmake)
[2.648s] -- Found OpenSSL: /usr/lib/x86_64-linux-gnu/libcrypto.so (found version "3.0.2")  
[2.741s] -- Found FastRTPS: /opt/ros/humble/include  
[2.850s] -- Using RMW implementation 'rmw_fastrtps_cpp' as default
[2.881s] -- Looking for pthread.h
[3.055s] -- Looking for pthread.h - found
[3.056s] -- Performing Test CMAKE_HAVE_LIBC_PTHREAD
[3.264s] -- Performing Test CMAKE_HAVE_LIBC_PTHREAD - Success
[3.271s] -- Found Threads: TRUE  
[3.339s] -- Found rclcpp_components: 16.0.11 (/opt/ros/humble/share/rclcpp_components/cmake)
[3.415s] -- Found tf2_msgs: 0.25.12 (/opt/ros/humble/share/tf2_msgs/cmake)
[3.564s] -- Found tf2_ros: 0.25.12 (/opt/ros/humble/share/tf2_ros/cmake)
[3.691s] -- Found ament_lint_auto: 0.12.11 (/opt/ros/humble/share/ament_lint_auto/cmake)
[3.902s] -- Added test 'copyright' to check source files copyright and LICENSE
[3.904s] -- Added test 'cppcheck' to perform static code analysis on C / C++ code
[3.905s] -- Configured cppcheck include dirs: /home/mscrobotics2425laptop4/interbotix_ws/src/interbotix_ros_toolboxes/interbotix_common_toolbox/interbotix_tf_tools/include
[3.905s] -- Configured cppcheck exclude dirs and/or files: 
[3.908s] -- Added test 'cpplint' to check C / C++ code against the Google style
[3.908s] -- Configured cpplint exclude dirs and/or files: 
[3.909s] -- Added test 'flake8' to check Python code syntax and style conventions
[3.911s] -- Added test 'lint_cmake' to check CMake code style
[3.912s] -- Added test 'pep257' to check Python code against some of the docstring style conventions in PEP 257
[3.915s] -- Added test 'uncrustify' to check C / C++ code style
[3.915s] -- Configured uncrustify additional arguments: 
[3.917s] -- Added test 'xmllint' to check XML markup files
[3.921s] -- Configuring done
[3.959s] -- Generating done
[3.969s] -- Build files have been written to: /home/mscrobotics2425laptop4/interbotix_ws/build/interbotix_tf_tools
[3.997s] Invoked command in '/home/mscrobotics2425laptop4/interbotix_ws/build/interbotix_tf_tools' returned '0': CMAKE_PREFIX_PATH=${CMAKE_PREFIX_PATH}:/opt/ros/humble /usr/bin/cmake /home/mscrobotics2425laptop4/interbotix_ws/src/interbotix_ros_toolboxes/interbotix_common_toolbox/interbotix_tf_tools -DCMAKE_INSTALL_PREFIX=/home/mscrobotics2425laptop4/interbotix_ws/install/interbotix_tf_tools
[4.000s] Invoking command in '/home/mscrobotics2425laptop4/interbotix_ws/build/interbotix_tf_tools': CMAKE_PREFIX_PATH=${CMAKE_PREFIX_PATH}:/opt/ros/humble /usr/bin/cmake --build /home/mscrobotics2425laptop4/interbotix_ws/build/interbotix_tf_tools -- -j12 -l12
[4.108s] [ 50%] [32mBuilding CXX object CMakeFiles/tf_rebroadcaster.dir/src/tf_rebroadcaster.cpp.o[0m
[30.686s] [100%] [32m[1mLinking CXX shared library libtf_rebroadcaster.so[0m
[31.700s] [100%] Built target tf_rebroadcaster
[31.721s] Invoked command in '/home/mscrobotics2425laptop4/interbotix_ws/build/interbotix_tf_tools' returned '0': CMAKE_PREFIX_PATH=${CMAKE_PREFIX_PATH}:/opt/ros/humble /usr/bin/cmake --build /home/mscrobotics2425laptop4/interbotix_ws/build/interbotix_tf_tools -- -j12 -l12
[31.723s] Invoking command in '/home/mscrobotics2425laptop4/interbotix_ws/build/interbotix_tf_tools': CMAKE_PREFIX_PATH=${CMAKE_PREFIX_PATH}:/opt/ros/humble /usr/bin/cmake --install /home/mscrobotics2425laptop4/interbotix_ws/build/interbotix_tf_tools
[31.737s] -- Install configuration: ""
[31.738s] -- Installing: /home/mscrobotics2425laptop4/interbotix_ws/install/interbotix_tf_tools/lib/libtf_rebroadcaster.so
[31.745s] -- Set runtime path of "/home/mscrobotics2425laptop4/interbotix_ws/install/interbotix_tf_tools/lib/libtf_rebroadcaster.so" to ""
[31.746s] -- Installing: /home/mscrobotics2425laptop4/interbotix_ws/install/interbotix_tf_tools/lib/interbotix_tf_tools/static_trans_pub.py
[31.746s] -- Installing: /home/mscrobotics2425laptop4/interbotix_ws/install/interbotix_tf_tools/share/interbotix_tf_tools//config
[31.747s] -- Installing: /home/mscrobotics2425laptop4/interbotix_ws/install/interbotix_tf_tools/share/interbotix_tf_tools//config/tf_rebroadcaster.yaml
[31.747s] -- Installing: /home/mscrobotics2425laptop4/interbotix_ws/install/interbotix_tf_tools/share/interbotix_tf_tools//launch
[31.747s] -- Installing: /home/mscrobotics2425laptop4/interbotix_ws/install/interbotix_tf_tools/share/interbotix_tf_tools//launch/tf_rebroadcaster.launch.py
[31.747s] -- Installing: /home/mscrobotics2425laptop4/interbotix_ws/install/interbotix_tf_tools/share/interbotix_tf_tools//launch/static_transform_pub.launch.py
[31.747s] -- Installing: /home/mscrobotics2425laptop4/interbotix_ws/install/interbotix_tf_tools/share/ament_index/resource_index/package_run_dependencies/interbotix_tf_tools
[31.747s] -- Installing: /home/mscrobotics2425laptop4/interbotix_ws/install/interbotix_tf_tools/share/ament_index/resource_index/parent_prefix_path/interbotix_tf_tools
[31.748s] -- Installing: /home/mscrobotics2425laptop4/interbotix_ws/install/interbotix_tf_tools/share/interbotix_tf_tools/environment/ament_prefix_path.sh
[31.748s] -- Installing: /home/mscrobotics2425laptop4/interbotix_ws/install/interbotix_tf_tools/share/interbotix_tf_tools/environment/ament_prefix_path.dsv
[31.749s] -- Installing: /home/mscrobotics2425laptop4/interbotix_ws/install/interbotix_tf_tools/share/interbotix_tf_tools/environment/path.sh
[31.749s] -- Installing: /home/mscrobotics2425laptop4/interbotix_ws/install/interbotix_tf_tools/share/interbotix_tf_tools/environment/path.dsv
[31.751s] -- Installing: /home/mscrobotics2425laptop4/interbotix_ws/install/interbotix_tf_tools/share/interbotix_tf_tools/local_setup.bash
[31.751s] -- Installing: /home/mscrobotics2425laptop4/interbotix_ws/install/interbotix_tf_tools/share/interbotix_tf_tools/local_setup.sh
[31.751s] -- Installing: /home/mscrobotics2425laptop4/interbotix_ws/install/interbotix_tf_tools/share/interbotix_tf_tools/local_setup.zsh
[31.752s] -- Installing: /home/mscrobotics2425laptop4/interbotix_ws/install/interbotix_tf_tools/share/interbotix_tf_tools/local_setup.dsv
[31.752s] -- Installing: /home/mscrobotics2425laptop4/interbotix_ws/install/interbotix_tf_tools/share/interbotix_tf_tools/package.dsv
[31.754s] -- Installing: /home/mscrobotics2425laptop4/interbotix_ws/install/interbotix_tf_tools/share/ament_index/resource_index/packages/interbotix_tf_tools
[31.754s] -- Installing: /home/mscrobotics2425laptop4/interbotix_ws/install/interbotix_tf_tools/share/ament_index/resource_index/rclcpp_components/interbotix_tf_tools
[31.754s] -- Installing: /home/mscrobotics2425laptop4/interbotix_ws/install/interbotix_tf_tools/share/interbotix_tf_tools/cmake/interbotix_tf_toolsConfig.cmake
[31.755s] -- Installing: /home/mscrobotics2425laptop4/interbotix_ws/install/interbotix_tf_tools/share/interbotix_tf_tools/cmake/interbotix_tf_toolsConfig-version.cmake
[31.755s] -- Installing: /home/mscrobotics2425laptop4/interbotix_ws/install/interbotix_tf_tools/share/interbotix_tf_tools/package.xml
[31.764s] Invoked command in '/home/mscrobotics2425laptop4/interbotix_ws/build/interbotix_tf_tools' returned '0': CMAKE_PREFIX_PATH=${CMAKE_PREFIX_PATH}:/opt/ros/humble /usr/bin/cmake --install /home/mscrobotics2425laptop4/interbotix_ws/build/interbotix_tf_tools
