/home/mscrobotics2425laptop4/LEO-ROVER-CODING/install/nav_final/lib/python3.10/site-packages/nav_final/__init__.py
/home/mscrobotics2425laptop4/LEO-ROVER-CODING/install/nav_final/lib/python3.10/site-packages/nav_final/__pycache__/__init__.cpython-310.pyc
/home/mscrobotics2425laptop4/LEO-ROVER-CODING/install/nav_final/share/ament_index/resource_index/packages/nav_final
/home/mscrobotics2425laptop4/LEO-ROVER-CODING/install/nav_final/share/nav_final/package.xml
/home/mscrobotics2425laptop4/LEO-ROVER-CODING/install/nav_final/share/nav_final/launch/main_nav.launch.py
/home/mscrobotics2425laptop4/LEO-ROVER-CODING/install/nav_final/share/nav_final/launch/model_nav.launch.py
/home/mscrobotics2425laptop4/LEO-ROVER-CODING/install/nav_final/share/nav_final/launch/full_model_nav.launch.py
/home/mscrobotics2425laptop4/LEO-ROVER-CODING/install/nav_final/share/nav_final/urdf/laser.urdf.xacro
/home/mscrobotics2425laptop4/LEO-ROVER-CODING/install/nav_final/share/nav_final/rviz/robot.rviz
/home/mscrobotics2425laptop4/LEO-ROVER-CODING/install/nav_final/share/nav_final/rviz/view_model.rviz
/home/mscrobotics2425laptop4/LEO-ROVER-CODING/install/nav_final/share/nav_final/worlds
/home/mscrobotics2425laptop4/LEO-ROVER-CODING/install/nav_final/share/nav_final/config/ekf.yaml
/home/mscrobotics2425laptop4/LEO-ROVER-CODING/install/nav_final/share/nav_final/config/controller.yaml
/home/mscrobotics2425laptop4/LEO-ROVER-CODING/install/nav_final/share/nav_final/config/imu_filter.yaml
/home/mscrobotics2425laptop4/LEO-ROVER-CODING/install/nav_final/share/nav_final/config/planner.yaml
/home/mscrobotics2425laptop4/LEO-ROVER-CODING/install/nav_final/share/nav_final/config/bt_nav.yaml
/home/mscrobotics2425laptop4/LEO-ROVER-CODING/install/nav_final/share/nav_final/maps
/home/mscrobotics2425laptop4/LEO-ROVER-CODING/install/nav_final/lib/python3.10/site-packages/nav_final-0.0.0-py3.10.egg-info/dependency_links.txt
/home/mscrobotics2425laptop4/LEO-ROVER-CODING/install/nav_final/lib/python3.10/site-packages/nav_final-0.0.0-py3.10.egg-info/SOURCES.txt
/home/mscrobotics2425laptop4/LEO-ROVER-CODING/install/nav_final/lib/python3.10/site-packages/nav_final-0.0.0-py3.10.egg-info/zip-safe
/home/mscrobotics2425laptop4/LEO-ROVER-CODING/install/nav_final/lib/python3.10/site-packages/nav_final-0.0.0-py3.10.egg-info/PKG-INFO
/home/mscrobotics2425laptop4/LEO-ROVER-CODING/install/nav_final/lib/python3.10/site-packages/nav_final-0.0.0-py3.10.egg-info/entry_points.txt
/home/mscrobotics2425laptop4/LEO-ROVER-CODING/install/nav_final/lib/python3.10/site-packages/nav_final-0.0.0-py3.10.egg-info/top_level.txt
/home/mscrobotics2425laptop4/LEO-ROVER-CODING/install/nav_final/lib/python3.10/site-packages/nav_final-0.0.0-py3.10.egg-info/requires.txt
