[2.905s] Invoking command in '/home/mscrobotics2425laptop4/LEO-ROVER-CODING/interbotix_ws/src/ros_cv_messages': AMENT_PREFIX_PATH=/home/mscrobotics2425laptop4/LEO-ROVER-CODING/install/leo_with_interfaces:${AMENT_PREFIX_PATH} CMAKE_PREFIX_PATH=/home/mscrobotics2425laptop4/LEO-ROVER-CODING/install/leo_with_interfaces:${CMAKE_PREFIX_PATH} LD_LIBRARY_PATH=/home/mscrobotics2425laptop4/LEO-ROVER-CODING/install/leo_with_interfaces/lib:${LD_LIBRARY_PATH} PYTHONPATH=/home/mscrobotics2425laptop4/LEO-ROVER-CODING/build/ros_cv_messages/prefix_override:/usr/lib/python3/dist-packages/colcon_core/task/python/colcon_distutils_commands:/home/mscrobotics2425laptop4/LEO-ROVER-CODING/install/ros_cv_messages/lib/python3.10/site-packages:/home/mscrobotics2425laptop4/LEO-ROVER-CODING/install/leo_with_interfaces/local/lib/python3.10/dist-packages:${PYTHONPATH} /usr/bin/python3 -W ignore:setup.py install is deprecated -W ignore:easy_install command is deprecated setup.py egg_info --egg-base ../../../build/ros_cv_messages build --build-base /home/mscrobotics2425laptop4/LEO-ROVER-CODING/build/ros_cv_messages/build install --record /home/mscrobotics2425laptop4/LEO-ROVER-CODING/build/ros_cv_messages/install.log --single-version-externally-managed install_data
[4.139s] running egg_info
[4.142s] writing ../../../build/ros_cv_messages/ros_cv_messages.egg-info/PKG-INFO
[4.142s] writing dependency_links to ../../../build/ros_cv_messages/ros_cv_messages.egg-info/dependency_links.txt
[4.142s] writing entry points to ../../../build/ros_cv_messages/ros_cv_messages.egg-info/entry_points.txt
[4.142s] writing requirements to ../../../build/ros_cv_messages/ros_cv_messages.egg-info/requires.txt
[4.156s] writing top-level names to ../../../build/ros_cv_messages/ros_cv_messages.egg-info/top_level.txt
[4.164s] reading manifest file '../../../build/ros_cv_messages/ros_cv_messages.egg-info/SOURCES.txt'
[4.164s] writing manifest file '../../../build/ros_cv_messages/ros_cv_messages.egg-info/SOURCES.txt'
[4.168s] running build
[4.168s] running build_py
[4.171s] running install
[4.172s] running install_lib
[4.172s] running install_data
[4.172s] running install_egg_info
[4.183s] removing '/home/mscrobotics2425laptop4/LEO-ROVER-CODING/install/ros_cv_messages/lib/python3.10/site-packages/ros_cv_messages-0.0.0-py3.10.egg-info' (and everything under it)
[4.190s] Copying ../../../build/ros_cv_messages/ros_cv_messages.egg-info to /home/mscrobotics2425laptop4/LEO-ROVER-CODING/install/ros_cv_messages/lib/python3.10/site-packages/ros_cv_messages-0.0.0-py3.10.egg-info
[4.197s] running install_scripts
[4.295s] Installing ros_cv_messages script to /home/mscrobotics2425laptop4/LEO-ROVER-CODING/install/ros_cv_messages/lib/ros_cv_messages
[4.303s] writing list of installed files to '/home/mscrobotics2425laptop4/LEO-ROVER-CODING/build/ros_cv_messages/install.log'
[5.161s] Invoked command in '/home/mscrobotics2425laptop4/LEO-ROVER-CODING/interbotix_ws/src/ros_cv_messages' returned '0': AMENT_PREFIX_PATH=/home/mscrobotics2425laptop4/LEO-ROVER-CODING/install/leo_with_interfaces:${AMENT_PREFIX_PATH} CMAKE_PREFIX_PATH=/home/mscrobotics2425laptop4/LEO-ROVER-CODING/install/leo_with_interfaces:${CMAKE_PREFIX_PATH} LD_LIBRARY_PATH=/home/mscrobotics2425laptop4/LEO-ROVER-CODING/install/leo_with_interfaces/lib:${LD_LIBRARY_PATH} PYTHONPATH=/home/mscrobotics2425laptop4/LEO-ROVER-CODING/build/ros_cv_messages/prefix_override:/usr/lib/python3/dist-packages/colcon_core/task/python/colcon_distutils_commands:/home/mscrobotics2425laptop4/LEO-ROVER-CODING/install/ros_cv_messages/lib/python3.10/site-packages:/home/mscrobotics2425laptop4/LEO-ROVER-CODING/install/leo_with_interfaces/local/lib/python3.10/dist-packages:${PYTHONPATH} /usr/bin/python3 -W ignore:setup.py install is deprecated -W ignore:easy_install command is deprecated setup.py egg_info --egg-base ../../../build/ros_cv_messages build --build-base /home/mscrobotics2425laptop4/LEO-ROVER-CODING/build/ros_cv_messages/build install --record /home/mscrobotics2425laptop4/LEO-ROVER-CODING/build/ros_cv_messages/install.log --single-version-externally-managed install_data
