[1.768s] Invoking command in '/home/mscrobotics2425laptop4/LEO-ROVER-CODING/interbotix_ws/src/interbotix_ros_toolboxes/interbotix_common_toolbox/interbotix_common_modules': PYTHONPATH=/home/mscrobotics2425laptop4/LEO-ROVER-CODING/build/interbotix_common_modules/prefix_override:/usr/lib/python3/dist-packages/colcon_core/task/python/colcon_distutils_commands:/home/mscrobotics2425laptop4/LEO-ROVER-CODING/install/interbotix_common_modules/lib/python3.10/site-packages:${PYTHONPATH} /usr/bin/python3 -W ignore:setup.py install is deprecated -W ignore:easy_install command is deprecated setup.py egg_info --egg-base ../../../../../build/interbotix_common_modules build --build-base /home/mscrobotics2425laptop4/LEO-ROVER-CODING/build/interbotix_common_modules/build install --record /home/mscrobotics2425laptop4/LEO-ROVER-CODING/build/interbotix_common_modules/install.log --single-version-externally-managed install_data
[2.139s] running egg_info
[2.140s] writing ../../../../../build/interbotix_common_modules/interbotix_common_modules.egg-info/PKG-INFO
[2.140s] writing dependency_links to ../../../../../build/interbotix_common_modules/interbotix_common_modules.egg-info/dependency_links.txt
[2.140s] writing entry points to ../../../../../build/interbotix_common_modules/interbotix_common_modules.egg-info/entry_points.txt
[2.140s] writing requirements to ../../../../../build/interbotix_common_modules/interbotix_common_modules.egg-info/requires.txt
[2.141s] writing top-level names to ../../../../../build/interbotix_common_modules/interbotix_common_modules.egg-info/top_level.txt
[2.143s] reading manifest file '../../../../../build/interbotix_common_modules/interbotix_common_modules.egg-info/SOURCES.txt'
[2.145s] writing manifest file '../../../../../build/interbotix_common_modules/interbotix_common_modules.egg-info/SOURCES.txt'
[2.145s] running build
[2.145s] running build_py
[2.146s] running install
[2.147s] running install_lib
[2.149s] running install_data
[2.150s] running install_egg_info
[2.152s] removing '/home/mscrobotics2425laptop4/LEO-ROVER-CODING/install/interbotix_common_modules/lib/python3.10/site-packages/interbotix_common_modules-0.0.0-py3.10.egg-info' (and everything under it)
[2.152s] Copying ../../../../../build/interbotix_common_modules/interbotix_common_modules.egg-info to /home/mscrobotics2425laptop4/LEO-ROVER-CODING/install/interbotix_common_modules/lib/python3.10/site-packages/interbotix_common_modules-0.0.0-py3.10.egg-info
[2.154s] running install_scripts
[2.185s] writing list of installed files to '/home/mscrobotics2425laptop4/LEO-ROVER-CODING/build/interbotix_common_modules/install.log'
[2.275s] Invoked command in '/home/mscrobotics2425laptop4/LEO-ROVER-CODING/interbotix_ws/src/interbotix_ros_toolboxes/interbotix_common_toolbox/interbotix_common_modules' returned '0': PYTHONPATH=/home/mscrobotics2425laptop4/LEO-ROVER-CODING/build/interbotix_common_modules/prefix_override:/usr/lib/python3/dist-packages/colcon_core/task/python/colcon_distutils_commands:/home/mscrobotics2425laptop4/LEO-ROVER-CODING/install/interbotix_common_modules/lib/python3.10/site-packages:${PYTHONPATH} /usr/bin/python3 -W ignore:setup.py install is deprecated -W ignore:easy_install command is deprecated setup.py egg_info --egg-base ../../../../../build/interbotix_common_modules build --build-base /home/mscrobotics2425laptop4/LEO-ROVER-CODING/build/interbotix_common_modules/build install --record /home/mscrobotics2425laptop4/LEO-ROVER-CODING/build/interbotix_common_modules/install.log --single-version-externally-managed install_data
