[1.148s] Invoking command in '/home/mscrobotics2425laptop4/interbotix_ws/build/interbotix_moveit_interface_msgs': CMAKE_PREFIX_PATH=${CMAKE_PREFIX_PATH}:/home/mscrobotics2425laptop4/interbotix_ws/install/ros_cv_messages:/home/mscrobotics2425laptop4/interbotix_ws/install/leo_realsense:/home/mscrobotics2425laptop4/interbotix_ws/install/leo_manipulator:/home/mscrobotics2425laptop4/interbotix_ws/install/leo_main:/home/mscrobotics2425laptop4/interbotix_ws/install/leo_launch:/home/mscrobotics2425laptop4/interbotix_ws/install/interbotix_xs_modules:/home/mscrobotics2425laptop4/interbotix_ws/install/interbotix_perception_modules:/home/mscrobotics2425laptop4/interbotix_ws/install/interbotix_common_modules:/opt/ros/humble /usr/bin/cmake --build /home/mscrobotics2425laptop4/interbotix_ws/build/interbotix_moveit_interface_msgs -- -j12 -l12
[1.474s] [  9%] Built target interbotix_moveit_interface_msgs__rosidl_generator_c
[1.540s] [ 12%] Built target interbotix_moveit_interface_msgs__cpp
[1.546s] [ 12%] Built target ament_cmake_python_copy_interbotix_moveit_interface_msgs
[1.679s] [ 22%] Built target interbotix_moveit_interface_msgs__rosidl_typesupport_c
[1.734s] [ 32%] Built target interbotix_moveit_interface_msgs__rosidl_typesupport_fastrtps_c
[1.745s] [ 41%] Built target interbotix_moveit_interface_msgs__rosidl_typesupport_introspection_c
[1.813s] [ 51%] Built target interbotix_moveit_interface_msgs__rosidl_typesupport_introspection_cpp
[1.828s] [ 61%] Built target interbotix_moveit_interface_msgs__rosidl_typesupport_fastrtps_cpp
[1.845s] [ 70%] Built target interbotix_moveit_interface_msgs__rosidl_typesupport_cpp
[1.940s] [ 70%] Built target interbotix_moveit_interface_msgs
[2.079s] [ 74%] Built target interbotix_moveit_interface_msgs__py
[2.198s] [ 80%] Built target interbotix_moveit_interface_msgs__rosidl_generator_py
[2.331s] [ 87%] Built target interbotix_moveit_interface_msgs__rosidl_typesupport_introspection_c__pyext
[2.371s] [ 93%] Built target interbotix_moveit_interface_msgs__rosidl_typesupport_c__pyext
[2.414s] [100%] Built target interbotix_moveit_interface_msgs__rosidl_typesupport_fastrtps_c__pyext
[2.808s] running egg_info
[2.814s] writing interbotix_moveit_interface_msgs.egg-info/PKG-INFO
[2.816s] writing dependency_links to interbotix_moveit_interface_msgs.egg-info/dependency_links.txt
[2.822s] writing top-level names to interbotix_moveit_interface_msgs.egg-info/top_level.txt
[2.825s] reading manifest file 'interbotix_moveit_interface_msgs.egg-info/SOURCES.txt'
[2.826s] writing manifest file 'interbotix_moveit_interface_msgs.egg-info/SOURCES.txt'
[3.045s] [100%] Built target ament_cmake_python_build_interbotix_moveit_interface_msgs_egg
[3.490s] Invoked command in '/home/mscrobotics2425laptop4/interbotix_ws/build/interbotix_moveit_interface_msgs' returned '0': CMAKE_PREFIX_PATH=${CMAKE_PREFIX_PATH}:/home/mscrobotics2425laptop4/interbotix_ws/install/ros_cv_messages:/home/mscrobotics2425laptop4/interbotix_ws/install/leo_realsense:/home/mscrobotics2425laptop4/interbotix_ws/install/leo_manipulator:/home/mscrobotics2425laptop4/interbotix_ws/install/leo_main:/home/mscrobotics2425laptop4/interbotix_ws/install/leo_launch:/home/mscrobotics2425laptop4/interbotix_ws/install/interbotix_xs_modules:/home/mscrobotics2425laptop4/interbotix_ws/install/interbotix_perception_modules:/home/mscrobotics2425laptop4/interbotix_ws/install/interbotix_common_modules:/opt/ros/humble /usr/bin/cmake --build /home/mscrobotics2425laptop4/interbotix_ws/build/interbotix_moveit_interface_msgs -- -j12 -l12
[3.492s] Invoking command in '/home/mscrobotics2425laptop4/interbotix_ws/build/interbotix_moveit_interface_msgs': CMAKE_PREFIX_PATH=${CMAKE_PREFIX_PATH}:/home/mscrobotics2425laptop4/interbotix_ws/install/ros_cv_messages:/home/mscrobotics2425laptop4/interbotix_ws/install/leo_realsense:/home/mscrobotics2425laptop4/interbotix_ws/install/leo_manipulator:/home/mscrobotics2425laptop4/interbotix_ws/install/leo_main:/home/mscrobotics2425laptop4/interbotix_ws/install/leo_launch:/home/mscrobotics2425laptop4/interbotix_ws/install/interbotix_xs_modules:/home/mscrobotics2425laptop4/interbotix_ws/install/interbotix_perception_modules:/home/mscrobotics2425laptop4/interbotix_ws/install/interbotix_common_modules:/opt/ros/humble /usr/bin/cmake --install /home/mscrobotics2425laptop4/interbotix_ws/build/interbotix_moveit_interface_msgs
[3.647s] -- Install configuration: ""
[3.647s] -- Up-to-date: /home/mscrobotics2425laptop4/interbotix_ws/install/interbotix_moveit_interface_msgs/share/ament_index/resource_index/rosidl_interfaces/interbotix_moveit_interface_msgs
[3.647s] -- Up-to-date: /home/mscrobotics2425laptop4/interbotix_ws/install/interbotix_moveit_interface_msgs/include/interbotix_moveit_interface_msgs/interbotix_moveit_interface_msgs
[3.647s] -- Up-to-date: /home/mscrobotics2425laptop4/interbotix_ws/install/interbotix_moveit_interface_msgs/include/interbotix_moveit_interface_msgs/interbotix_moveit_interface_msgs/msg
[3.648s] -- Up-to-date: /home/mscrobotics2425laptop4/interbotix_ws/install/interbotix_moveit_interface_msgs/include/interbotix_moveit_interface_msgs/interbotix_moveit_interface_msgs/msg/rosidl_generator_c__visibility_control.h
[3.648s] -- Up-to-date: /home/mscrobotics2425laptop4/interbotix_ws/install/interbotix_moveit_interface_msgs/include/interbotix_moveit_interface_msgs/interbotix_moveit_interface_msgs/srv
[3.648s] -- Up-to-date: /home/mscrobotics2425laptop4/interbotix_ws/install/interbotix_moveit_interface_msgs/include/interbotix_moveit_interface_msgs/interbotix_moveit_interface_msgs/srv/move_it_plan.h
[3.648s] -- Up-to-date: /home/mscrobotics2425laptop4/interbotix_ws/install/interbotix_moveit_interface_msgs/include/interbotix_moveit_interface_msgs/interbotix_moveit_interface_msgs/srv/detail
[3.648s] -- Up-to-date: /home/mscrobotics2425laptop4/interbotix_ws/install/interbotix_moveit_interface_msgs/include/interbotix_moveit_interface_msgs/interbotix_moveit_interface_msgs/srv/detail/move_it_plan__type_support.h
[3.648s] -- Up-to-date: /home/mscrobotics2425laptop4/interbotix_ws/install/interbotix_moveit_interface_msgs/include/interbotix_moveit_interface_msgs/interbotix_moveit_interface_msgs/srv/detail/move_it_plan__functions.c
[3.648s] -- Up-to-date: /home/mscrobotics2425laptop4/interbotix_ws/install/interbotix_moveit_interface_msgs/include/interbotix_moveit_interface_msgs/interbotix_moveit_interface_msgs/srv/detail/move_it_plan__functions.h
[3.649s] -- Up-to-date: /home/mscrobotics2425laptop4/interbotix_ws/install/interbotix_moveit_interface_msgs/include/interbotix_moveit_interface_msgs/interbotix_moveit_interface_msgs/srv/detail/move_it_plan__struct.h
[3.649s] -- Up-to-date: /home/mscrobotics2425laptop4/interbotix_ws/install/interbotix_moveit_interface_msgs/share/interbotix_moveit_interface_msgs/environment/library_path.sh
[3.649s] -- Up-to-date: /home/mscrobotics2425laptop4/interbotix_ws/install/interbotix_moveit_interface_msgs/share/interbotix_moveit_interface_msgs/environment/library_path.dsv
[3.649s] -- Up-to-date: /home/mscrobotics2425laptop4/interbotix_ws/install/interbotix_moveit_interface_msgs/lib/libinterbotix_moveit_interface_msgs__rosidl_generator_c.so
[3.649s] -- Up-to-date: /home/mscrobotics2425laptop4/interbotix_ws/install/interbotix_moveit_interface_msgs/include/interbotix_moveit_interface_msgs/interbotix_moveit_interface_msgs
[3.649s] -- Up-to-date: /home/mscrobotics2425laptop4/interbotix_ws/install/interbotix_moveit_interface_msgs/include/interbotix_moveit_interface_msgs/interbotix_moveit_interface_msgs/msg
[3.650s] -- Up-to-date: /home/mscrobotics2425laptop4/interbotix_ws/install/interbotix_moveit_interface_msgs/include/interbotix_moveit_interface_msgs/interbotix_moveit_interface_msgs/msg/rosidl_typesupport_fastrtps_c__visibility_control.h
[3.650s] -- Up-to-date: /home/mscrobotics2425laptop4/interbotix_ws/install/interbotix_moveit_interface_msgs/include/interbotix_moveit_interface_msgs/interbotix_moveit_interface_msgs/srv
[3.650s] -- Up-to-date: /home/mscrobotics2425laptop4/interbotix_ws/install/interbotix_moveit_interface_msgs/include/interbotix_moveit_interface_msgs/interbotix_moveit_interface_msgs/srv/detail
[3.650s] -- Up-to-date: /home/mscrobotics2425laptop4/interbotix_ws/install/interbotix_moveit_interface_msgs/include/interbotix_moveit_interface_msgs/interbotix_moveit_interface_msgs/srv/detail/move_it_plan__rosidl_typesupport_fastrtps_c.h
[3.650s] -- Up-to-date: /home/mscrobotics2425laptop4/interbotix_ws/install/interbotix_moveit_interface_msgs/lib/libinterbotix_moveit_interface_msgs__rosidl_typesupport_fastrtps_c.so
[3.650s] -- Up-to-date: /home/mscrobotics2425laptop4/interbotix_ws/install/interbotix_moveit_interface_msgs/include/interbotix_moveit_interface_msgs/interbotix_moveit_interface_msgs
[3.650s] -- Up-to-date: /home/mscrobotics2425laptop4/interbotix_ws/install/interbotix_moveit_interface_msgs/include/interbotix_moveit_interface_msgs/interbotix_moveit_interface_msgs/msg
[3.650s] -- Up-to-date: /home/mscrobotics2425laptop4/interbotix_ws/install/interbotix_moveit_interface_msgs/include/interbotix_moveit_interface_msgs/interbotix_moveit_interface_msgs/msg/rosidl_typesupport_introspection_c__visibility_control.h
[3.651s] -- Up-to-date: /home/mscrobotics2425laptop4/interbotix_ws/install/interbotix_moveit_interface_msgs/include/interbotix_moveit_interface_msgs/interbotix_moveit_interface_msgs/srv
[3.651s] -- Up-to-date: /home/mscrobotics2425laptop4/interbotix_ws/install/interbotix_moveit_interface_msgs/include/interbotix_moveit_interface_msgs/interbotix_moveit_interface_msgs/srv/detail
[3.652s] -- Up-to-date: /home/mscrobotics2425laptop4/interbotix_ws/install/interbotix_moveit_interface_msgs/include/interbotix_moveit_interface_msgs/interbotix_moveit_interface_msgs/srv/detail/move_it_plan__rosidl_typesupport_introspection_c.h
[3.652s] -- Up-to-date: /home/mscrobotics2425laptop4/interbotix_ws/install/interbotix_moveit_interface_msgs/include/interbotix_moveit_interface_msgs/interbotix_moveit_interface_msgs/srv/detail/move_it_plan__type_support.c
[3.653s] -- Up-to-date: /home/mscrobotics2425laptop4/interbotix_ws/install/interbotix_moveit_interface_msgs/lib/libinterbotix_moveit_interface_msgs__rosidl_typesupport_introspection_c.so
[3.655s] -- Up-to-date: /home/mscrobotics2425laptop4/interbotix_ws/install/interbotix_moveit_interface_msgs/lib/libinterbotix_moveit_interface_msgs__rosidl_typesupport_c.so
[3.656s] -- Up-to-date: /home/mscrobotics2425laptop4/interbotix_ws/install/interbotix_moveit_interface_msgs/include/interbotix_moveit_interface_msgs/interbotix_moveit_interface_msgs
[3.656s] -- Up-to-date: /home/mscrobotics2425laptop4/interbotix_ws/install/interbotix_moveit_interface_msgs/include/interbotix_moveit_interface_msgs/interbotix_moveit_interface_msgs/msg
[3.657s] -- Up-to-date: /home/mscrobotics2425laptop4/interbotix_ws/install/interbotix_moveit_interface_msgs/include/interbotix_moveit_interface_msgs/interbotix_moveit_interface_msgs/msg/rosidl_generator_cpp__visibility_control.hpp
[3.657s] -- Up-to-date: /home/mscrobotics2425laptop4/interbotix_ws/install/interbotix_moveit_interface_msgs/include/interbotix_moveit_interface_msgs/interbotix_moveit_interface_msgs/srv
[3.657s] -- Up-to-date: /home/mscrobotics2425laptop4/interbotix_ws/install/interbotix_moveit_interface_msgs/include/interbotix_moveit_interface_msgs/interbotix_moveit_interface_msgs/srv/move_it_plan.hpp
[3.657s] -- Up-to-date: /home/mscrobotics2425laptop4/interbotix_ws/install/interbotix_moveit_interface_msgs/include/interbotix_moveit_interface_msgs/interbotix_moveit_interface_msgs/srv/detail
[3.658s] -- Up-to-date: /home/mscrobotics2425laptop4/interbotix_ws/install/interbotix_moveit_interface_msgs/include/interbotix_moveit_interface_msgs/interbotix_moveit_interface_msgs/srv/detail/move_it_plan__struct.hpp
[3.658s] -- Up-to-date: /home/mscrobotics2425laptop4/interbotix_ws/install/interbotix_moveit_interface_msgs/include/interbotix_moveit_interface_msgs/interbotix_moveit_interface_msgs/srv/detail/move_it_plan__builder.hpp
[3.658s] -- Up-to-date: /home/mscrobotics2425laptop4/interbotix_ws/install/interbotix_moveit_interface_msgs/include/interbotix_moveit_interface_msgs/interbotix_moveit_interface_msgs/srv/detail/move_it_plan__traits.hpp
[3.659s] -- Up-to-date: /home/mscrobotics2425laptop4/interbotix_ws/install/interbotix_moveit_interface_msgs/include/interbotix_moveit_interface_msgs/interbotix_moveit_interface_msgs/srv/detail/move_it_plan__type_support.hpp
[3.659s] -- Up-to-date: /home/mscrobotics2425laptop4/interbotix_ws/install/interbotix_moveit_interface_msgs/include/interbotix_moveit_interface_msgs/interbotix_moveit_interface_msgs
[3.659s] -- Up-to-date: /home/mscrobotics2425laptop4/interbotix_ws/install/interbotix_moveit_interface_msgs/include/interbotix_moveit_interface_msgs/interbotix_moveit_interface_msgs/msg
[3.660s] -- Up-to-date: /home/mscrobotics2425laptop4/interbotix_ws/install/interbotix_moveit_interface_msgs/include/interbotix_moveit_interface_msgs/interbotix_moveit_interface_msgs/msg/rosidl_typesupport_fastrtps_cpp__visibility_control.h
[3.660s] -- Up-to-date: /home/mscrobotics2425laptop4/interbotix_ws/install/interbotix_moveit_interface_msgs/include/interbotix_moveit_interface_msgs/interbotix_moveit_interface_msgs/srv
[3.660s] -- Up-to-date: /home/mscrobotics2425laptop4/interbotix_ws/install/interbotix_moveit_interface_msgs/include/interbotix_moveit_interface_msgs/interbotix_moveit_interface_msgs/srv/detail
[3.660s] -- Up-to-date: /home/mscrobotics2425laptop4/interbotix_ws/install/interbotix_moveit_interface_msgs/include/interbotix_moveit_interface_msgs/interbotix_moveit_interface_msgs/srv/detail/dds_fastrtps
[3.661s] -- Up-to-date: /home/mscrobotics2425laptop4/interbotix_ws/install/interbotix_moveit_interface_msgs/include/interbotix_moveit_interface_msgs/interbotix_moveit_interface_msgs/srv/detail/move_it_plan__rosidl_typesupport_fastrtps_cpp.hpp
[3.668s] -- Up-to-date: /home/mscrobotics2425laptop4/interbotix_ws/install/interbotix_moveit_interface_msgs/lib/libinterbotix_moveit_interface_msgs__rosidl_typesupport_fastrtps_cpp.so
[3.668s] -- Up-to-date: /home/mscrobotics2425laptop4/interbotix_ws/install/interbotix_moveit_interface_msgs/include/interbotix_moveit_interface_msgs/interbotix_moveit_interface_msgs
[3.669s] -- Up-to-date: /home/mscrobotics2425laptop4/interbotix_ws/install/interbotix_moveit_interface_msgs/include/interbotix_moveit_interface_msgs/interbotix_moveit_interface_msgs/srv
[3.669s] -- Up-to-date: /home/mscrobotics2425laptop4/interbotix_ws/install/interbotix_moveit_interface_msgs/include/interbotix_moveit_interface_msgs/interbotix_moveit_interface_msgs/srv/detail
[3.669s] -- Up-to-date: /home/mscrobotics2425laptop4/interbotix_ws/install/interbotix_moveit_interface_msgs/include/interbotix_moveit_interface_msgs/interbotix_moveit_interface_msgs/srv/detail/move_it_plan__rosidl_typesupport_introspection_cpp.hpp
[3.670s] -- Up-to-date: /home/mscrobotics2425laptop4/interbotix_ws/install/interbotix_moveit_interface_msgs/include/interbotix_moveit_interface_msgs/interbotix_moveit_interface_msgs/srv/detail/move_it_plan__type_support.cpp
[3.670s] -- Up-to-date: /home/mscrobotics2425laptop4/interbotix_ws/install/interbotix_moveit_interface_msgs/lib/libinterbotix_moveit_interface_msgs__rosidl_typesupport_introspection_cpp.so
[3.670s] -- Up-to-date: /home/mscrobotics2425laptop4/interbotix_ws/install/interbotix_moveit_interface_msgs/lib/libinterbotix_moveit_interface_msgs__rosidl_typesupport_cpp.so
[3.670s] -- Up-to-date: /home/mscrobotics2425laptop4/interbotix_ws/install/interbotix_moveit_interface_msgs/share/interbotix_moveit_interface_msgs/environment/pythonpath.sh
[3.671s] -- Up-to-date: /home/mscrobotics2425laptop4/interbotix_ws/install/interbotix_moveit_interface_msgs/share/interbotix_moveit_interface_msgs/environment/pythonpath.dsv
[3.672s] -- Up-to-date: /home/mscrobotics2425laptop4/interbotix_ws/install/interbotix_moveit_interface_msgs/local/lib/python3.10/dist-packages/interbotix_moveit_interface_msgs-0.0.0-py3.10.egg-info
[3.673s] -- Installing: /home/mscrobotics2425laptop4/interbotix_ws/install/interbotix_moveit_interface_msgs/local/lib/python3.10/dist-packages/interbotix_moveit_interface_msgs-0.0.0-py3.10.egg-info/dependency_links.txt
[3.673s] -- Installing: /home/mscrobotics2425laptop4/interbotix_ws/install/interbotix_moveit_interface_msgs/local/lib/python3.10/dist-packages/interbotix_moveit_interface_msgs-0.0.0-py3.10.egg-info/SOURCES.txt
[3.673s] -- Installing: /home/mscrobotics2425laptop4/interbotix_ws/install/interbotix_moveit_interface_msgs/local/lib/python3.10/dist-packages/interbotix_moveit_interface_msgs-0.0.0-py3.10.egg-info/PKG-INFO
[3.674s] -- Installing: /home/mscrobotics2425laptop4/interbotix_ws/install/interbotix_moveit_interface_msgs/local/lib/python3.10/dist-packages/interbotix_moveit_interface_msgs-0.0.0-py3.10.egg-info/top_level.txt
[3.674s] -- Up-to-date: /home/mscrobotics2425laptop4/interbotix_ws/install/interbotix_moveit_interface_msgs/local/lib/python3.10/dist-packages/interbotix_moveit_interface_msgs
[3.674s] -- Up-to-date: /home/mscrobotics2425laptop4/interbotix_ws/install/interbotix_moveit_interface_msgs/local/lib/python3.10/dist-packages/interbotix_moveit_interface_msgs/_interbotix_moveit_interface_msgs_s.ep.rosidl_typesupport_introspection_c.c
[3.675s] -- Up-to-date: /home/mscrobotics2425laptop4/interbotix_ws/install/interbotix_moveit_interface_msgs/local/lib/python3.10/dist-packages/interbotix_moveit_interface_msgs/interbotix_moveit_interface_msgs_s__rosidl_typesupport_c.cpython-310-x86_64-linux-gnu.so
[3.675s] -- Up-to-date: /home/mscrobotics2425laptop4/interbotix_ws/install/interbotix_moveit_interface_msgs/local/lib/python3.10/dist-packages/interbotix_moveit_interface_msgs/interbotix_moveit_interface_msgs_s__rosidl_typesupport_fastrtps_c.cpython-310-x86_64-linux-gnu.so
[3.675s] -- Up-to-date: /home/mscrobotics2425laptop4/interbotix_ws/install/interbotix_moveit_interface_msgs/local/lib/python3.10/dist-packages/interbotix_moveit_interface_msgs/libinterbotix_moveit_interface_msgs__rosidl_generator_py.so
[3.675s] -- Up-to-date: /home/mscrobotics2425laptop4/interbotix_ws/install/interbotix_moveit_interface_msgs/local/lib/python3.10/dist-packages/interbotix_moveit_interface_msgs/_interbotix_moveit_interface_msgs_s.ep.rosidl_typesupport_c.c
[3.676s] -- Up-to-date: /home/mscrobotics2425laptop4/interbotix_ws/install/interbotix_moveit_interface_msgs/local/lib/python3.10/dist-packages/interbotix_moveit_interface_msgs/__init__.py
[3.680s] -- Up-to-date: /home/mscrobotics2425laptop4/interbotix_ws/install/interbotix_moveit_interface_msgs/local/lib/python3.10/dist-packages/interbotix_moveit_interface_msgs/interbotix_moveit_interface_msgs_s__rosidl_typesupport_introspection_c.cpython-310-x86_64-linux-gnu.so
[3.680s] -- Up-to-date: /home/mscrobotics2425laptop4/interbotix_ws/install/interbotix_moveit_interface_msgs/local/lib/python3.10/dist-packages/interbotix_moveit_interface_msgs/_interbotix_moveit_interface_msgs_s.ep.rosidl_typesupport_fastrtps_c.c
[3.681s] -- Up-to-date: /home/mscrobotics2425laptop4/interbotix_ws/install/interbotix_moveit_interface_msgs/local/lib/python3.10/dist-packages/interbotix_moveit_interface_msgs/srv
[3.681s] -- Up-to-date: /home/mscrobotics2425laptop4/interbotix_ws/install/interbotix_moveit_interface_msgs/local/lib/python3.10/dist-packages/interbotix_moveit_interface_msgs/srv/_move_it_plan_s.c
[3.681s] -- Up-to-date: /home/mscrobotics2425laptop4/interbotix_ws/install/interbotix_moveit_interface_msgs/local/lib/python3.10/dist-packages/interbotix_moveit_interface_msgs/srv/__init__.py
[3.682s] -- Up-to-date: /home/mscrobotics2425laptop4/interbotix_ws/install/interbotix_moveit_interface_msgs/local/lib/python3.10/dist-packages/interbotix_moveit_interface_msgs/srv/_move_it_plan.py
[3.688s] Listing '/home/mscrobotics2425laptop4/interbotix_ws/install/interbotix_moveit_interface_msgs/local/lib/python3.10/dist-packages/interbotix_moveit_interface_msgs'...
[3.688s] Listing '/home/mscrobotics2425laptop4/interbotix_ws/install/interbotix_moveit_interface_msgs/local/lib/python3.10/dist-packages/interbotix_moveit_interface_msgs/srv'...
[3.706s] -- Up-to-date: /home/mscrobotics2425laptop4/interbotix_ws/install/interbotix_moveit_interface_msgs/local/lib/python3.10/dist-packages/interbotix_moveit_interface_msgs/interbotix_moveit_interface_msgs_s__rosidl_typesupport_fastrtps_c.cpython-310-x86_64-linux-gnu.so
[3.707s] -- Up-to-date: /home/mscrobotics2425laptop4/interbotix_ws/install/interbotix_moveit_interface_msgs/local/lib/python3.10/dist-packages/interbotix_moveit_interface_msgs/interbotix_moveit_interface_msgs_s__rosidl_typesupport_introspection_c.cpython-310-x86_64-linux-gnu.so
[3.708s] -- Up-to-date: /home/mscrobotics2425laptop4/interbotix_ws/install/interbotix_moveit_interface_msgs/local/lib/python3.10/dist-packages/interbotix_moveit_interface_msgs/interbotix_moveit_interface_msgs_s__rosidl_typesupport_c.cpython-310-x86_64-linux-gnu.so
[3.711s] -- Up-to-date: /home/mscrobotics2425laptop4/interbotix_ws/install/interbotix_moveit_interface_msgs/lib/libinterbotix_moveit_interface_msgs__rosidl_generator_py.so
[3.712s] -- Up-to-date: /home/mscrobotics2425laptop4/interbotix_ws/install/interbotix_moveit_interface_msgs/share/interbotix_moveit_interface_msgs/srv/MoveItPlan.idl
[3.712s] -- Up-to-date: /home/mscrobotics2425laptop4/interbotix_ws/install/interbotix_moveit_interface_msgs/share/interbotix_moveit_interface_msgs/srv/MoveItPlan.srv
[3.713s] -- Up-to-date: /home/mscrobotics2425laptop4/interbotix_ws/install/interbotix_moveit_interface_msgs/share/interbotix_moveit_interface_msgs/srv/MoveItPlan_Request.msg
[3.715s] -- Up-to-date: /home/mscrobotics2425laptop4/interbotix_ws/install/interbotix_moveit_interface_msgs/share/interbotix_moveit_interface_msgs/srv/MoveItPlan_Response.msg
[3.716s] -- Up-to-date: /home/mscrobotics2425laptop4/interbotix_ws/install/interbotix_moveit_interface_msgs/share/ament_index/resource_index/package_run_dependencies/interbotix_moveit_interface_msgs
[3.718s] -- Up-to-date: /home/mscrobotics2425laptop4/interbotix_ws/install/interbotix_moveit_interface_msgs/share/ament_index/resource_index/parent_prefix_path/interbotix_moveit_interface_msgs
[3.719s] -- Up-to-date: /home/mscrobotics2425laptop4/interbotix_ws/install/interbotix_moveit_interface_msgs/share/interbotix_moveit_interface_msgs/environment/ament_prefix_path.sh
[3.720s] -- Up-to-date: /home/mscrobotics2425laptop4/interbotix_ws/install/interbotix_moveit_interface_msgs/share/interbotix_moveit_interface_msgs/environment/ament_prefix_path.dsv
[3.720s] -- Up-to-date: /home/mscrobotics2425laptop4/interbotix_ws/install/interbotix_moveit_interface_msgs/share/interbotix_moveit_interface_msgs/environment/path.sh
[3.721s] -- Up-to-date: /home/mscrobotics2425laptop4/interbotix_ws/install/interbotix_moveit_interface_msgs/share/interbotix_moveit_interface_msgs/environment/path.dsv
[3.721s] -- Up-to-date: /home/mscrobotics2425laptop4/interbotix_ws/install/interbotix_moveit_interface_msgs/share/interbotix_moveit_interface_msgs/local_setup.bash
[3.721s] -- Up-to-date: /home/mscrobotics2425laptop4/interbotix_ws/install/interbotix_moveit_interface_msgs/share/interbotix_moveit_interface_msgs/local_setup.sh
[3.722s] -- Up-to-date: /home/mscrobotics2425laptop4/interbotix_ws/install/interbotix_moveit_interface_msgs/share/interbotix_moveit_interface_msgs/local_setup.zsh
[3.722s] -- Up-to-date: /home/mscrobotics2425laptop4/interbotix_ws/install/interbotix_moveit_interface_msgs/share/interbotix_moveit_interface_msgs/local_setup.dsv
[3.722s] -- Installing: /home/mscrobotics2425laptop4/interbotix_ws/install/interbotix_moveit_interface_msgs/share/interbotix_moveit_interface_msgs/package.dsv
[3.723s] -- Up-to-date: /home/mscrobotics2425laptop4/interbotix_ws/install/interbotix_moveit_interface_msgs/share/ament_index/resource_index/packages/interbotix_moveit_interface_msgs
[3.723s] -- Up-to-date: /home/mscrobotics2425laptop4/interbotix_ws/install/interbotix_moveit_interface_msgs/share/interbotix_moveit_interface_msgs/cmake/export_interbotix_moveit_interface_msgs__rosidl_generator_cExport.cmake
[3.724s] -- Up-to-date: /home/mscrobotics2425laptop4/interbotix_ws/install/interbotix_moveit_interface_msgs/share/interbotix_moveit_interface_msgs/cmake/export_interbotix_moveit_interface_msgs__rosidl_generator_cExport-noconfig.cmake
[3.724s] -- Up-to-date: /home/mscrobotics2425laptop4/interbotix_ws/install/interbotix_moveit_interface_msgs/share/interbotix_moveit_interface_msgs/cmake/export_interbotix_moveit_interface_msgs__rosidl_typesupport_fastrtps_cExport.cmake
[3.724s] -- Up-to-date: /home/mscrobotics2425laptop4/interbotix_ws/install/interbotix_moveit_interface_msgs/share/interbotix_moveit_interface_msgs/cmake/export_interbotix_moveit_interface_msgs__rosidl_typesupport_fastrtps_cExport-noconfig.cmake
[3.725s] -- Up-to-date: /home/mscrobotics2425laptop4/interbotix_ws/install/interbotix_moveit_interface_msgs/share/interbotix_moveit_interface_msgs/cmake/interbotix_moveit_interface_msgs__rosidl_typesupport_introspection_cExport.cmake
[3.725s] -- Up-to-date: /home/mscrobotics2425laptop4/interbotix_ws/install/interbotix_moveit_interface_msgs/share/interbotix_moveit_interface_msgs/cmake/interbotix_moveit_interface_msgs__rosidl_typesupport_introspection_cExport-noconfig.cmake
[3.726s] -- Up-to-date: /home/mscrobotics2425laptop4/interbotix_ws/install/interbotix_moveit_interface_msgs/share/interbotix_moveit_interface_msgs/cmake/interbotix_moveit_interface_msgs__rosidl_typesupport_cExport.cmake
[3.726s] -- Up-to-date: /home/mscrobotics2425laptop4/interbotix_ws/install/interbotix_moveit_interface_msgs/share/interbotix_moveit_interface_msgs/cmake/interbotix_moveit_interface_msgs__rosidl_typesupport_cExport-noconfig.cmake
[3.726s] -- Up-to-date: /home/mscrobotics2425laptop4/interbotix_ws/install/interbotix_moveit_interface_msgs/share/interbotix_moveit_interface_msgs/cmake/export_interbotix_moveit_interface_msgs__rosidl_generator_cppExport.cmake
[3.727s] -- Up-to-date: /home/mscrobotics2425laptop4/interbotix_ws/install/interbotix_moveit_interface_msgs/share/interbotix_moveit_interface_msgs/cmake/export_interbotix_moveit_interface_msgs__rosidl_typesupport_fastrtps_cppExport.cmake
[3.727s] -- Up-to-date: /home/mscrobotics2425laptop4/interbotix_ws/install/interbotix_moveit_interface_msgs/share/interbotix_moveit_interface_msgs/cmake/export_interbotix_moveit_interface_msgs__rosidl_typesupport_fastrtps_cppExport-noconfig.cmake
[3.727s] -- Up-to-date: /home/mscrobotics2425laptop4/interbotix_ws/install/interbotix_moveit_interface_msgs/share/interbotix_moveit_interface_msgs/cmake/interbotix_moveit_interface_msgs__rosidl_typesupport_introspection_cppExport.cmake
[3.727s] -- Up-to-date: /home/mscrobotics2425laptop4/interbotix_ws/install/interbotix_moveit_interface_msgs/share/interbotix_moveit_interface_msgs/cmake/interbotix_moveit_interface_msgs__rosidl_typesupport_introspection_cppExport-noconfig.cmake
[3.728s] -- Up-to-date: /home/mscrobotics2425laptop4/interbotix_ws/install/interbotix_moveit_interface_msgs/share/interbotix_moveit_interface_msgs/cmake/interbotix_moveit_interface_msgs__rosidl_typesupport_cppExport.cmake
[3.728s] -- Up-to-date: /home/mscrobotics2425laptop4/interbotix_ws/install/interbotix_moveit_interface_msgs/share/interbotix_moveit_interface_msgs/cmake/interbotix_moveit_interface_msgs__rosidl_typesupport_cppExport-noconfig.cmake
[3.728s] -- Up-to-date: /home/mscrobotics2425laptop4/interbotix_ws/install/interbotix_moveit_interface_msgs/share/interbotix_moveit_interface_msgs/cmake/export_interbotix_moveit_interface_msgs__rosidl_generator_pyExport.cmake
[3.728s] -- Up-to-date: /home/mscrobotics2425laptop4/interbotix_ws/install/interbotix_moveit_interface_msgs/share/interbotix_moveit_interface_msgs/cmake/export_interbotix_moveit_interface_msgs__rosidl_generator_pyExport-noconfig.cmake
[3.728s] -- Up-to-date: /home/mscrobotics2425laptop4/interbotix_ws/install/interbotix_moveit_interface_msgs/share/interbotix_moveit_interface_msgs/cmake/rosidl_cmake-extras.cmake
[3.728s] -- Up-to-date: /home/mscrobotics2425laptop4/interbotix_ws/install/interbotix_moveit_interface_msgs/share/interbotix_moveit_interface_msgs/cmake/ament_cmake_export_dependencies-extras.cmake
[3.728s] -- Up-to-date: /home/mscrobotics2425laptop4/interbotix_ws/install/interbotix_moveit_interface_msgs/share/interbotix_moveit_interface_msgs/cmake/ament_cmake_export_include_directories-extras.cmake
[3.728s] -- Up-to-date: /home/mscrobotics2425laptop4/interbotix_ws/install/interbotix_moveit_interface_msgs/share/interbotix_moveit_interface_msgs/cmake/ament_cmake_export_libraries-extras.cmake
[3.729s] -- Up-to-date: /home/mscrobotics2425laptop4/interbotix_ws/install/interbotix_moveit_interface_msgs/share/interbotix_moveit_interface_msgs/cmake/ament_cmake_export_targets-extras.cmake
[3.729s] -- Up-to-date: /home/mscrobotics2425laptop4/interbotix_ws/install/interbotix_moveit_interface_msgs/share/interbotix_moveit_interface_msgs/cmake/rosidl_cmake_export_typesupport_targets-extras.cmake
[3.729s] -- Up-to-date: /home/mscrobotics2425laptop4/interbotix_ws/install/interbotix_moveit_interface_msgs/share/interbotix_moveit_interface_msgs/cmake/rosidl_cmake_export_typesupport_libraries-extras.cmake
[3.729s] -- Up-to-date: /home/mscrobotics2425laptop4/interbotix_ws/install/interbotix_moveit_interface_msgs/share/interbotix_moveit_interface_msgs/cmake/interbotix_moveit_interface_msgsConfig.cmake
[3.729s] -- Up-to-date: /home/mscrobotics2425laptop4/interbotix_ws/install/interbotix_moveit_interface_msgs/share/interbotix_moveit_interface_msgs/cmake/interbotix_moveit_interface_msgsConfig-version.cmake
[3.729s] -- Up-to-date: /home/mscrobotics2425laptop4/interbotix_ws/install/interbotix_moveit_interface_msgs/share/interbotix_moveit_interface_msgs/package.xml
[4.000s] Invoked command in '/home/mscrobotics2425laptop4/interbotix_ws/build/interbotix_moveit_interface_msgs' returned '0': CMAKE_PREFIX_PATH=${CMAKE_PREFIX_PATH}:/home/mscrobotics2425laptop4/interbotix_ws/install/ros_cv_messages:/home/mscrobotics2425laptop4/interbotix_ws/install/leo_realsense:/home/mscrobotics2425laptop4/interbotix_ws/install/leo_manipulator:/home/mscrobotics2425laptop4/interbotix_ws/install/leo_main:/home/mscrobotics2425laptop4/interbotix_ws/install/leo_launch:/home/mscrobotics2425laptop4/interbotix_ws/install/interbotix_xs_modules:/home/mscrobotics2425laptop4/interbotix_ws/install/interbotix_perception_modules:/home/mscrobotics2425laptop4/interbotix_ws/install/interbotix_common_modules:/opt/ros/humble /usr/bin/cmake --install /home/mscrobotics2425laptop4/interbotix_ws/build/interbotix_moveit_interface_msgs
