[2.533s] Invoking command in '/home/mscrobotics2425laptop4/interbotix_ws/src/leo_launch': PYTHONPATH=/home/mscrobotics2425laptop4/interbotix_ws/build/leo_launch/prefix_override:/usr/lib/python3/dist-packages/colcon_core/task/python/colcon_distutils_commands:/home/mscrobotics2425laptop4/interbotix_ws/install/leo_launch/lib/python3.10/site-packages:${PYTHONPATH} /usr/bin/python3 -W ignore:setup.py install is deprecated -W ignore:easy_install command is deprecated setup.py egg_info --egg-base ../../build/leo_launch build --build-base /home/mscrobotics2425laptop4/interbotix_ws/build/leo_launch/build install --record /home/mscrobotics2425laptop4/interbotix_ws/build/leo_launch/install.log --single-version-externally-managed install_data
[3.342s] running egg_info
[3.343s] writing ../../build/leo_launch/leo_launch.egg-info/PKG-INFO
[3.344s] writing dependency_links to ../../build/leo_launch/leo_launch.egg-info/dependency_links.txt
[3.344s] writing entry points to ../../build/leo_launch/leo_launch.egg-info/entry_points.txt
[3.345s] writing requirements to ../../build/leo_launch/leo_launch.egg-info/requires.txt
[3.345s] writing top-level names to ../../build/leo_launch/leo_launch.egg-info/top_level.txt
[3.349s] reading manifest file '../../build/leo_launch/leo_launch.egg-info/SOURCES.txt'
[3.350s] writing manifest file '../../build/leo_launch/leo_launch.egg-info/SOURCES.txt'
[3.350s] running build
[3.350s] running build_py
[3.351s] running install
[3.352s] running install_lib
[3.353s] running install_data
[3.354s] running install_egg_info
[3.357s] removing '/home/mscrobotics2425laptop4/interbotix_ws/install/leo_launch/lib/python3.10/site-packages/leo_launch-0.0.0-py3.10.egg-info' (and everything under it)
[3.357s] Copying ../../build/leo_launch/leo_launch.egg-info to /home/mscrobotics2425laptop4/interbotix_ws/install/leo_launch/lib/python3.10/site-packages/leo_launch-0.0.0-py3.10.egg-info
[3.359s] running install_scripts
[3.396s] writing list of installed files to '/home/mscrobotics2425laptop4/interbotix_ws/build/leo_launch/install.log'
[4.022s] Invoked command in '/home/mscrobotics2425laptop4/interbotix_ws/src/leo_launch' returned '0': PYTHONPATH=/home/mscrobotics2425laptop4/interbotix_ws/build/leo_launch/prefix_override:/usr/lib/python3/dist-packages/colcon_core/task/python/colcon_distutils_commands:/home/mscrobotics2425laptop4/interbotix_ws/install/leo_launch/lib/python3.10/site-packages:${PYTHONPATH} /usr/bin/python3 -W ignore:setup.py install is deprecated -W ignore:easy_install command is deprecated setup.py egg_info --egg-base ../../build/leo_launch build --build-base /home/mscrobotics2425laptop4/interbotix_ws/build/leo_launch/build install --record /home/mscrobotics2425laptop4/interbotix_ws/build/leo_launch/install.log --single-version-externally-managed install_data
