[0.026s] Invoking command in '/home/mscrobotics2425laptop36/LEO-ROVER-CODING/build/image_geometry': CMAKE_PREFIX_PATH=/opt/ros/humble /usr/bin/cmake /home/mscrobotics2425laptop36/LEO-ROVER-CODING/vision_opencv/image_geometry -DCMAKE_INSTALL_PREFIX=/home/mscrobotics2425laptop36/LEO-ROVER-CODING/install/image_geometry
[0.036s] -- Found ament_cmake_python: 1.3.11 (/opt/ros/humble/share/ament_cmake_python/cmake)
[0.037s] -- Found ament_cmake_ros: 0.10.0 (/opt/ros/humble/share/ament_cmake_ros/cmake)
[0.186s] Traceback (most recent call last):
[0.190s]   File "/opt/ros/humble/share/ament_cmake_core/cmake/core/package_xml_2_cmake.py", line 22, in <module>
[0.190s]     from catkin_pkg.package import parse_package_string
[0.190s] ModuleNotFoundError: No module named 'catkin_pkg'
[0.196s] [31mCMake Error at /opt/ros/humble/share/ament_cmake_core/cmake/core/ament_package_xml.cmake:95 (message):
[0.196s]   execute_process(/home/linuxbrew/.linuxbrew/bin/python3
[0.196s]   /opt/ros/humble/share/ament_cmake_core/cmake/core/package_xml_2_cmake.py
[0.196s]   /home/mscrobotics2425laptop36/LEO-ROVER-CODING/vision_opencv/image_geometry/package.xml
[0.196s]   /home/mscrobotics2425laptop36/LEO-ROVER-CODING/build/image_geometry/ament_cmake_core/package.cmake)
[0.196s]   returned error code 1
[0.196s] Call Stack (most recent call first):
[0.197s]   /opt/ros/humble/share/ament_cmake_core/cmake/core/ament_package_xml.cmake:49 (_ament_package_xml)
[0.197s]   /opt/ros/humble/share/ament_cmake_python/cmake/ament_python_install_package.cmake:60 (ament_package_xml)
[0.197s]   /opt/ros/humble/share/ament_cmake_python/cmake/ament_python_install_package.cmake:39 (_ament_cmake_python_install_package)
[0.197s]   CMakeLists.txt:7 (ament_python_install_package)
[0.197s] 
[0.197s] [0m
[0.197s] -- Configuring incomplete, errors occurred!
[0.197s] See also "/home/mscrobotics2425laptop36/LEO-ROVER-CODING/build/image_geometry/CMakeFiles/CMakeOutput.log".
[0.345s] Invoked command in '/home/mscrobotics2425laptop36/LEO-ROVER-CODING/build/image_geometry' returned '1': CMAKE_PREFIX_PATH=/opt/ros/humble /usr/bin/cmake /home/mscrobotics2425laptop36/LEO-ROVER-CODING/vision_opencv/image_geometry -DCMAKE_INSTALL_PREFIX=/home/mscrobotics2425laptop36/LEO-ROVER-CODING/install/image_geometry
