[0.346s] Invoking command in '/home/mscrobotics2425laptop4/LEO-ROVER-CODING/build/leo_with_interfaces': CMAKE_PREFIX_PATH=${CMAKE_PREFIX_PATH}:/home/mscrobotics2425laptop4/LEO-ROVER-CODING/install/ros_cv_messages:/home/mscrobotics2425laptop4/LEO-ROVER-CODING/install/nav_final:/home/mscrobotics2425laptop4/LEO-ROVER-CODING/install/leo_realsense:/home/mscrobotics2425laptop4/LEO-ROVER-CODING/install/leo_manipulator:/home/mscrobotics2425laptop4/LEO-ROVER-CODING/install/leo_main:/home/mscrobotics2425laptop4/LEO-ROVER-CODING/install/leo_launcher:/home/mscrobotics2425laptop4/LEO-ROVER-CODING/install/leo_launch:/home/mscrobotics2425laptop4/LEO-ROVER-CODING/install/interbotix_xs_modules:/home/mscrobotics2425laptop4/LEO-ROVER-CODING/install/interbotix_perception_modules:/home/mscrobotics2425laptop4/LEO-ROVER-CODING/install/interbotix_common_modules:/home/mscrobotics2425laptop4/interbotix_ws/install/ros_cv_messages:/home/mscrobotics2425laptop4/interbotix_ws/install/leo_realsense:/home/mscrobotics2425laptop4/interbotix_ws/install/leo_manipulator:/home/mscrobotics2425laptop4/interbotix_ws/install/leo_main:/home/mscrobotics2425laptop4/interbotix_ws/install/leo_launch:/home/mscrobotics2425laptop4/interbotix_ws/install/interbotix_xs_modules:/home/mscrobotics2425laptop4/interbotix_ws/install/interbotix_perception_modules:/home/mscrobotics2425laptop4/interbotix_ws/install/interbotix_common_modules:/home/mscrobotics2425laptop4/ros2_tutorial_workspace/install/the_simplest_python_package:/home/mscrobotics2425laptop4/ros2_tutorial_workspace/install/test_package:/home/mscrobotics2425laptop4/ros2_tutorial_workspace/install/python_package_with_a_node:/home/mscrobotics2425laptop4/ros2_tutorial_workspace/install/python_package_that_uses_the_library:/home/mscrobotics2425laptop4/ros2_tutorial_workspace/install/python_package_with_a_library:/home/mscrobotics2425laptop4/ros2_tutorial_workspace/install/python_package_that_uses_the_services:/home/mscrobotics2425laptop4/ros2_tutorial_workspace/install/python_package_that_uses_the_messages:/home/mscrobotics2425laptop4/ros2_tutorial_workspace/install/python_package_that_uses_parameters_and_launch_files:/home/mscrobotics2425laptop4/ros2_tutorial_workspace/install/navigation_leo:/home/mscrobotics2425laptop4/ros2_tutorial_workspace/install/navigation_demos_custom_map:/home/mscrobotics2425laptop4/ros2_tutorial_workspace/install/navigation_demos:/home/mscrobotics2425laptop4/ros2_tutorial_workspace/install/m_explore_toggle:/home/mscrobotics2425laptop4/ros2_tutorial_workspace/install/lidar_emulator:/home/mscrobotics2425laptop4/ros2_tutorial_workspace/install/leo_team9:/home/mscrobotics2425laptop4/ros2_tutorial_workspace/install/gz_example_robot_description:/home/mscrobotics2425laptop4/ros2_tutorial_workspace/install/example_urdf_robot:/home/mscrobotics2425laptop4/ros2_tutorial_workspace/install/example_urdf_description:/home/mscrobotics2425laptop4/ros2_tutorial_workspace/install/example_gz_robot:/home/mscrobotics2425laptop4/ros2_tutorial_workspace/install/custom_server_package:/home/mscrobotics2425laptop4/ros2_tutorial_workspace/install/custom_client_package:/home/mscrobotics2425laptop4/ros2_tutorial_workspace/install/challenge_package:/home/mscrobotics2425laptop4/ros2_tutorial_workspace/install/bt_demos:/opt/ros/humble /usr/bin/cmake --build /home/mscrobotics2425laptop4/LEO-ROVER-CODING/build/leo_with_interfaces -- -j12 -l12
[0.422s] [  3%] Built target leo_with_interfaces__cpp
[0.439s] [ 12%] Built target leo_with_interfaces__rosidl_generator_c
[0.483s] [ 12%] Built target ament_cmake_python_copy_leo_with_interfaces
[0.538s] [ 22%] Built target leo_with_interfaces__rosidl_typesupport_fastrtps_cpp
[0.538s] [ 41%] Built target leo_with_interfaces__rosidl_typesupport_fastrtps_c
[0.539s] [ 41%] Built target leo_with_interfaces__rosidl_typesupport_cpp
[0.572s] [ 51%] Built target leo_with_interfaces__rosidl_typesupport_introspection_cpp
[0.601s] [ 61%] Built target leo_with_interfaces__rosidl_typesupport_c
[0.606s] [ 70%] Built target leo_with_interfaces__rosidl_typesupport_introspection_c
[0.643s] [ 70%] Built target leo_with_interfaces
[0.706s] [ 74%] Built target leo_with_interfaces__py
[0.801s] [ 80%] Built target leo_with_interfaces__rosidl_generator_py
[0.819s] [ 93%] Built target leo_with_interfaces__rosidl_typesupport_introspection_c__pyext
[0.819s] [ 93%] Built target leo_with_interfaces__rosidl_typesupport_fastrtps_c__pyext
[0.820s] [100%] Built target leo_with_interfaces__rosidl_typesupport_c__pyext
[1.017s] running egg_info
[1.018s] writing leo_with_interfaces.egg-info/PKG-INFO
[1.018s] writing dependency_links to leo_with_interfaces.egg-info/dependency_links.txt
[1.019s] writing top-level names to leo_with_interfaces.egg-info/top_level.txt
[1.022s] reading manifest file 'leo_with_interfaces.egg-info/SOURCES.txt'
[1.023s] writing manifest file 'leo_with_interfaces.egg-info/SOURCES.txt'
[1.072s] [100%] Built target ament_cmake_python_build_leo_with_interfaces_egg
[1.210s] Invoked command in '/home/mscrobotics2425laptop4/LEO-ROVER-CODING/build/leo_with_interfaces' returned '0': CMAKE_PREFIX_PATH=${CMAKE_PREFIX_PATH}:/home/mscrobotics2425laptop4/LEO-ROVER-CODING/install/ros_cv_messages:/home/mscrobotics2425laptop4/LEO-ROVER-CODING/install/nav_final:/home/mscrobotics2425laptop4/LEO-ROVER-CODING/install/leo_realsense:/home/mscrobotics2425laptop4/LEO-ROVER-CODING/install/leo_manipulator:/home/mscrobotics2425laptop4/LEO-ROVER-CODING/install/leo_main:/home/mscrobotics2425laptop4/LEO-ROVER-CODING/install/leo_launcher:/home/mscrobotics2425laptop4/LEO-ROVER-CODING/install/leo_launch:/home/mscrobotics2425laptop4/LEO-ROVER-CODING/install/interbotix_xs_modules:/home/mscrobotics2425laptop4/LEO-ROVER-CODING/install/interbotix_perception_modules:/home/mscrobotics2425laptop4/LEO-ROVER-CODING/install/interbotix_common_modules:/home/mscrobotics2425laptop4/interbotix_ws/install/ros_cv_messages:/home/mscrobotics2425laptop4/interbotix_ws/install/leo_realsense:/home/mscrobotics2425laptop4/interbotix_ws/install/leo_manipulator:/home/mscrobotics2425laptop4/interbotix_ws/install/leo_main:/home/mscrobotics2425laptop4/interbotix_ws/install/leo_launch:/home/mscrobotics2425laptop4/interbotix_ws/install/interbotix_xs_modules:/home/mscrobotics2425laptop4/interbotix_ws/install/interbotix_perception_modules:/home/mscrobotics2425laptop4/interbotix_ws/install/interbotix_common_modules:/home/mscrobotics2425laptop4/ros2_tutorial_workspace/install/the_simplest_python_package:/home/mscrobotics2425laptop4/ros2_tutorial_workspace/install/test_package:/home/mscrobotics2425laptop4/ros2_tutorial_workspace/install/python_package_with_a_node:/home/mscrobotics2425laptop4/ros2_tutorial_workspace/install/python_package_that_uses_the_library:/home/mscrobotics2425laptop4/ros2_tutorial_workspace/install/python_package_with_a_library:/home/mscrobotics2425laptop4/ros2_tutorial_workspace/install/python_package_that_uses_the_services:/home/mscrobotics2425laptop4/ros2_tutorial_workspace/install/python_package_that_uses_the_messages:/home/mscrobotics2425laptop4/ros2_tutorial_workspace/install/python_package_that_uses_parameters_and_launch_files:/home/mscrobotics2425laptop4/ros2_tutorial_workspace/install/navigation_leo:/home/mscrobotics2425laptop4/ros2_tutorial_workspace/install/navigation_demos_custom_map:/home/mscrobotics2425laptop4/ros2_tutorial_workspace/install/navigation_demos:/home/mscrobotics2425laptop4/ros2_tutorial_workspace/install/m_explore_toggle:/home/mscrobotics2425laptop4/ros2_tutorial_workspace/install/lidar_emulator:/home/mscrobotics2425laptop4/ros2_tutorial_workspace/install/leo_team9:/home/mscrobotics2425laptop4/ros2_tutorial_workspace/install/gz_example_robot_description:/home/mscrobotics2425laptop4/ros2_tutorial_workspace/install/example_urdf_robot:/home/mscrobotics2425laptop4/ros2_tutorial_workspace/install/example_urdf_description:/home/mscrobotics2425laptop4/ros2_tutorial_workspace/install/example_gz_robot:/home/mscrobotics2425laptop4/ros2_tutorial_workspace/install/custom_server_package:/home/mscrobotics2425laptop4/ros2_tutorial_workspace/install/custom_client_package:/home/mscrobotics2425laptop4/ros2_tutorial_workspace/install/challenge_package:/home/mscrobotics2425laptop4/ros2_tutorial_workspace/install/bt_demos:/opt/ros/humble /usr/bin/cmake --build /home/mscrobotics2425laptop4/LEO-ROVER-CODING/build/leo_with_interfaces -- -j12 -l12
[1.212s] Invoking command in '/home/mscrobotics2425laptop4/LEO-ROVER-CODING/build/leo_with_interfaces': CMAKE_PREFIX_PATH=${CMAKE_PREFIX_PATH}:/home/mscrobotics2425laptop4/LEO-ROVER-CODING/install/ros_cv_messages:/home/mscrobotics2425laptop4/LEO-ROVER-CODING/install/nav_final:/home/mscrobotics2425laptop4/LEO-ROVER-CODING/install/leo_realsense:/home/mscrobotics2425laptop4/LEO-ROVER-CODING/install/leo_manipulator:/home/mscrobotics2425laptop4/LEO-ROVER-CODING/install/leo_main:/home/mscrobotics2425laptop4/LEO-ROVER-CODING/install/leo_launcher:/home/mscrobotics2425laptop4/LEO-ROVER-CODING/install/leo_launch:/home/mscrobotics2425laptop4/LEO-ROVER-CODING/install/interbotix_xs_modules:/home/mscrobotics2425laptop4/LEO-ROVER-CODING/install/interbotix_perception_modules:/home/mscrobotics2425laptop4/LEO-ROVER-CODING/install/interbotix_common_modules:/home/mscrobotics2425laptop4/interbotix_ws/install/ros_cv_messages:/home/mscrobotics2425laptop4/interbotix_ws/install/leo_realsense:/home/mscrobotics2425laptop4/interbotix_ws/install/leo_manipulator:/home/mscrobotics2425laptop4/interbotix_ws/install/leo_main:/home/mscrobotics2425laptop4/interbotix_ws/install/leo_launch:/home/mscrobotics2425laptop4/interbotix_ws/install/interbotix_xs_modules:/home/mscrobotics2425laptop4/interbotix_ws/install/interbotix_perception_modules:/home/mscrobotics2425laptop4/interbotix_ws/install/interbotix_common_modules:/home/mscrobotics2425laptop4/ros2_tutorial_workspace/install/the_simplest_python_package:/home/mscrobotics2425laptop4/ros2_tutorial_workspace/install/test_package:/home/mscrobotics2425laptop4/ros2_tutorial_workspace/install/python_package_with_a_node:/home/mscrobotics2425laptop4/ros2_tutorial_workspace/install/python_package_that_uses_the_library:/home/mscrobotics2425laptop4/ros2_tutorial_workspace/install/python_package_with_a_library:/home/mscrobotics2425laptop4/ros2_tutorial_workspace/install/python_package_that_uses_the_services:/home/mscrobotics2425laptop4/ros2_tutorial_workspace/install/python_package_that_uses_the_messages:/home/mscrobotics2425laptop4/ros2_tutorial_workspace/install/python_package_that_uses_parameters_and_launch_files:/home/mscrobotics2425laptop4/ros2_tutorial_workspace/install/navigation_leo:/home/mscrobotics2425laptop4/ros2_tutorial_workspace/install/navigation_demos_custom_map:/home/mscrobotics2425laptop4/ros2_tutorial_workspace/install/navigation_demos:/home/mscrobotics2425laptop4/ros2_tutorial_workspace/install/m_explore_toggle:/home/mscrobotics2425laptop4/ros2_tutorial_workspace/install/lidar_emulator:/home/mscrobotics2425laptop4/ros2_tutorial_workspace/install/leo_team9:/home/mscrobotics2425laptop4/ros2_tutorial_workspace/install/gz_example_robot_description:/home/mscrobotics2425laptop4/ros2_tutorial_workspace/install/example_urdf_robot:/home/mscrobotics2425laptop4/ros2_tutorial_workspace/install/example_urdf_description:/home/mscrobotics2425laptop4/ros2_tutorial_workspace/install/example_gz_robot:/home/mscrobotics2425laptop4/ros2_tutorial_workspace/install/custom_server_package:/home/mscrobotics2425laptop4/ros2_tutorial_workspace/install/custom_client_package:/home/mscrobotics2425laptop4/ros2_tutorial_workspace/install/challenge_package:/home/mscrobotics2425laptop4/ros2_tutorial_workspace/install/bt_demos:/opt/ros/humble /usr/bin/cmake --install /home/mscrobotics2425laptop4/LEO-ROVER-CODING/build/leo_with_interfaces
[1.273s] -- Install configuration: ""
[1.273s] -- Up-to-date: /home/mscrobotics2425laptop4/LEO-ROVER-CODING/install/leo_with_interfaces/share/ament_index/resource_index/rosidl_interfaces/leo_with_interfaces
[1.273s] -- Up-to-date: /home/mscrobotics2425laptop4/LEO-ROVER-CODING/install/leo_with_interfaces/include/leo_with_interfaces/leo_with_interfaces
[1.273s] -- Up-to-date: /home/mscrobotics2425laptop4/LEO-ROVER-CODING/install/leo_with_interfaces/include/leo_with_interfaces/leo_with_interfaces/msg
[1.273s] -- Up-to-date: /home/mscrobotics2425laptop4/LEO-ROVER-CODING/install/leo_with_interfaces/include/leo_with_interfaces/leo_with_interfaces/msg/position.h
[1.273s] -- Up-to-date: /home/mscrobotics2425laptop4/LEO-ROVER-CODING/install/leo_with_interfaces/include/leo_with_interfaces/leo_with_interfaces/msg/rosidl_generator_c__visibility_control.h
[1.273s] -- Up-to-date: /home/mscrobotics2425laptop4/LEO-ROVER-CODING/install/leo_with_interfaces/include/leo_with_interfaces/leo_with_interfaces/msg/detail
[1.273s] -- Up-to-date: /home/mscrobotics2425laptop4/LEO-ROVER-CODING/install/leo_with_interfaces/include/leo_with_interfaces/leo_with_interfaces/msg/detail/position__struct.h
[1.273s] -- Up-to-date: /home/mscrobotics2425laptop4/LEO-ROVER-CODING/install/leo_with_interfaces/include/leo_with_interfaces/leo_with_interfaces/msg/detail/position__type_support.h
[1.273s] -- Up-to-date: /home/mscrobotics2425laptop4/LEO-ROVER-CODING/install/leo_with_interfaces/include/leo_with_interfaces/leo_with_interfaces/msg/detail/position__functions.c
[1.273s] -- Up-to-date: /home/mscrobotics2425laptop4/LEO-ROVER-CODING/install/leo_with_interfaces/include/leo_with_interfaces/leo_with_interfaces/msg/detail/position__functions.h
[1.273s] -- Up-to-date: /home/mscrobotics2425laptop4/LEO-ROVER-CODING/install/leo_with_interfaces/share/leo_with_interfaces/environment/library_path.sh
[1.273s] -- Up-to-date: /home/mscrobotics2425laptop4/LEO-ROVER-CODING/install/leo_with_interfaces/share/leo_with_interfaces/environment/library_path.dsv
[1.273s] -- Up-to-date: /home/mscrobotics2425laptop4/LEO-ROVER-CODING/install/leo_with_interfaces/lib/libleo_with_interfaces__rosidl_generator_c.so
[1.273s] -- Up-to-date: /home/mscrobotics2425laptop4/LEO-ROVER-CODING/install/leo_with_interfaces/include/leo_with_interfaces/leo_with_interfaces
[1.273s] -- Up-to-date: /home/mscrobotics2425laptop4/LEO-ROVER-CODING/install/leo_with_interfaces/include/leo_with_interfaces/leo_with_interfaces/msg
[1.273s] -- Up-to-date: /home/mscrobotics2425laptop4/LEO-ROVER-CODING/install/leo_with_interfaces/include/leo_with_interfaces/leo_with_interfaces/msg/rosidl_typesupport_fastrtps_c__visibility_control.h
[1.273s] -- Up-to-date: /home/mscrobotics2425laptop4/LEO-ROVER-CODING/install/leo_with_interfaces/include/leo_with_interfaces/leo_with_interfaces/msg/detail
[1.273s] -- Up-to-date: /home/mscrobotics2425laptop4/LEO-ROVER-CODING/install/leo_with_interfaces/include/leo_with_interfaces/leo_with_interfaces/msg/detail/position__rosidl_typesupport_fastrtps_c.h
[1.273s] -- Up-to-date: /home/mscrobotics2425laptop4/LEO-ROVER-CODING/install/leo_with_interfaces/lib/libleo_with_interfaces__rosidl_typesupport_fastrtps_c.so
[1.273s] -- Up-to-date: /home/mscrobotics2425laptop4/LEO-ROVER-CODING/install/leo_with_interfaces/include/leo_with_interfaces/leo_with_interfaces
[1.273s] -- Up-to-date: /home/mscrobotics2425laptop4/LEO-ROVER-CODING/install/leo_with_interfaces/include/leo_with_interfaces/leo_with_interfaces/msg
[1.273s] -- Up-to-date: /home/mscrobotics2425laptop4/LEO-ROVER-CODING/install/leo_with_interfaces/include/leo_with_interfaces/leo_with_interfaces/msg/position.hpp
[1.273s] -- Up-to-date: /home/mscrobotics2425laptop4/LEO-ROVER-CODING/install/leo_with_interfaces/include/leo_with_interfaces/leo_with_interfaces/msg/detail
[1.273s] -- Up-to-date: /home/mscrobotics2425laptop4/LEO-ROVER-CODING/install/leo_with_interfaces/include/leo_with_interfaces/leo_with_interfaces/msg/detail/position__traits.hpp
[1.273s] -- Up-to-date: /home/mscrobotics2425laptop4/LEO-ROVER-CODING/install/leo_with_interfaces/include/leo_with_interfaces/leo_with_interfaces/msg/detail/position__struct.hpp
[1.276s] -- Up-to-date: /home/mscrobotics2425laptop4/LEO-ROVER-CODING/install/leo_with_interfaces/include/leo_with_interfaces/leo_with_interfaces/msg/detail/position__type_support.hpp
[1.276s] -- Up-to-date: /home/mscrobotics2425laptop4/LEO-ROVER-CODING/install/leo_with_interfaces/include/leo_with_interfaces/leo_with_interfaces/msg/detail/position__builder.hpp
[1.276s] -- Up-to-date: /home/mscrobotics2425laptop4/LEO-ROVER-CODING/install/leo_with_interfaces/include/leo_with_interfaces/leo_with_interfaces/msg/rosidl_generator_cpp__visibility_control.hpp
[1.276s] -- Up-to-date: /home/mscrobotics2425laptop4/LEO-ROVER-CODING/install/leo_with_interfaces/include/leo_with_interfaces/leo_with_interfaces
[1.276s] -- Up-to-date: /home/mscrobotics2425laptop4/LEO-ROVER-CODING/install/leo_with_interfaces/include/leo_with_interfaces/leo_with_interfaces/msg
[1.277s] -- Up-to-date: /home/mscrobotics2425laptop4/LEO-ROVER-CODING/install/leo_with_interfaces/include/leo_with_interfaces/leo_with_interfaces/msg/detail
[1.277s] -- Up-to-date: /home/mscrobotics2425laptop4/LEO-ROVER-CODING/install/leo_with_interfaces/include/leo_with_interfaces/leo_with_interfaces/msg/detail/dds_fastrtps
[1.277s] -- Up-to-date: /home/mscrobotics2425laptop4/LEO-ROVER-CODING/install/leo_with_interfaces/include/leo_with_interfaces/leo_with_interfaces/msg/detail/position__rosidl_typesupport_fastrtps_cpp.hpp
[1.278s] -- Up-to-date: /home/mscrobotics2425laptop4/LEO-ROVER-CODING/install/leo_with_interfaces/include/leo_with_interfaces/leo_with_interfaces/msg/rosidl_typesupport_fastrtps_cpp__visibility_control.h
[1.278s] -- Up-to-date: /home/mscrobotics2425laptop4/LEO-ROVER-CODING/install/leo_with_interfaces/lib/libleo_with_interfaces__rosidl_typesupport_fastrtps_cpp.so
[1.278s] -- Up-to-date: /home/mscrobotics2425laptop4/LEO-ROVER-CODING/install/leo_with_interfaces/include/leo_with_interfaces/leo_with_interfaces
[1.278s] -- Up-to-date: /home/mscrobotics2425laptop4/LEO-ROVER-CODING/install/leo_with_interfaces/include/leo_with_interfaces/leo_with_interfaces/msg
[1.278s] -- Up-to-date: /home/mscrobotics2425laptop4/LEO-ROVER-CODING/install/leo_with_interfaces/include/leo_with_interfaces/leo_with_interfaces/msg/rosidl_typesupport_introspection_c__visibility_control.h
[1.278s] -- Up-to-date: /home/mscrobotics2425laptop4/LEO-ROVER-CODING/install/leo_with_interfaces/include/leo_with_interfaces/leo_with_interfaces/msg/detail
[1.278s] -- Up-to-date: /home/mscrobotics2425laptop4/LEO-ROVER-CODING/install/leo_with_interfaces/include/leo_with_interfaces/leo_with_interfaces/msg/detail/position__type_support.c
[1.278s] -- Up-to-date: /home/mscrobotics2425laptop4/LEO-ROVER-CODING/install/leo_with_interfaces/include/leo_with_interfaces/leo_with_interfaces/msg/detail/position__rosidl_typesupport_introspection_c.h
[1.278s] -- Up-to-date: /home/mscrobotics2425laptop4/LEO-ROVER-CODING/install/leo_with_interfaces/lib/libleo_with_interfaces__rosidl_typesupport_introspection_c.so
[1.279s] -- Up-to-date: /home/mscrobotics2425laptop4/LEO-ROVER-CODING/install/leo_with_interfaces/lib/libleo_with_interfaces__rosidl_typesupport_c.so
[1.279s] -- Up-to-date: /home/mscrobotics2425laptop4/LEO-ROVER-CODING/install/leo_with_interfaces/include/leo_with_interfaces/leo_with_interfaces
[1.279s] -- Up-to-date: /home/mscrobotics2425laptop4/LEO-ROVER-CODING/install/leo_with_interfaces/include/leo_with_interfaces/leo_with_interfaces/msg
[1.279s] -- Up-to-date: /home/mscrobotics2425laptop4/LEO-ROVER-CODING/install/leo_with_interfaces/include/leo_with_interfaces/leo_with_interfaces/msg/detail
[1.279s] -- Up-to-date: /home/mscrobotics2425laptop4/LEO-ROVER-CODING/install/leo_with_interfaces/include/leo_with_interfaces/leo_with_interfaces/msg/detail/position__type_support.cpp
[1.279s] -- Up-to-date: /home/mscrobotics2425laptop4/LEO-ROVER-CODING/install/leo_with_interfaces/include/leo_with_interfaces/leo_with_interfaces/msg/detail/position__rosidl_typesupport_introspection_cpp.hpp
[1.279s] -- Up-to-date: /home/mscrobotics2425laptop4/LEO-ROVER-CODING/install/leo_with_interfaces/lib/libleo_with_interfaces__rosidl_typesupport_introspection_cpp.so
[1.279s] -- Up-to-date: /home/mscrobotics2425laptop4/LEO-ROVER-CODING/install/leo_with_interfaces/lib/libleo_with_interfaces__rosidl_typesupport_cpp.so
[1.279s] -- Up-to-date: /home/mscrobotics2425laptop4/LEO-ROVER-CODING/install/leo_with_interfaces/share/leo_with_interfaces/environment/pythonpath.sh
[1.290s] -- Up-to-date: /home/mscrobotics2425laptop4/LEO-ROVER-CODING/install/leo_with_interfaces/share/leo_with_interfaces/environment/pythonpath.dsv
[1.290s] -- Up-to-date: /home/mscrobotics2425laptop4/LEO-ROVER-CODING/install/leo_with_interfaces/local/lib/python3.10/dist-packages/leo_with_interfaces-0.0.0-py3.10.egg-info
[1.290s] -- Installing: /home/mscrobotics2425laptop4/LEO-ROVER-CODING/install/leo_with_interfaces/local/lib/python3.10/dist-packages/leo_with_interfaces-0.0.0-py3.10.egg-info/dependency_links.txt
[1.291s] -- Installing: /home/mscrobotics2425laptop4/LEO-ROVER-CODING/install/leo_with_interfaces/local/lib/python3.10/dist-packages/leo_with_interfaces-0.0.0-py3.10.egg-info/SOURCES.txt
[1.291s] -- Installing: /home/mscrobotics2425laptop4/LEO-ROVER-CODING/install/leo_with_interfaces/local/lib/python3.10/dist-packages/leo_with_interfaces-0.0.0-py3.10.egg-info/PKG-INFO
[1.291s] -- Installing: /home/mscrobotics2425laptop4/LEO-ROVER-CODING/install/leo_with_interfaces/local/lib/python3.10/dist-packages/leo_with_interfaces-0.0.0-py3.10.egg-info/top_level.txt
[1.291s] -- Up-to-date: /home/mscrobotics2425laptop4/LEO-ROVER-CODING/install/leo_with_interfaces/local/lib/python3.10/dist-packages/leo_with_interfaces
[1.291s] -- Up-to-date: /home/mscrobotics2425laptop4/LEO-ROVER-CODING/install/leo_with_interfaces/local/lib/python3.10/dist-packages/leo_with_interfaces/leo_with_interfaces_s__rosidl_typesupport_c.cpython-310-x86_64-linux-gnu.so
[1.291s] -- Up-to-date: /home/mscrobotics2425laptop4/LEO-ROVER-CODING/install/leo_with_interfaces/local/lib/python3.10/dist-packages/leo_with_interfaces/leo_with_interfaces_s__rosidl_typesupport_introspection_c.cpython-310-x86_64-linux-gnu.so
[1.291s] -- Up-to-date: /home/mscrobotics2425laptop4/LEO-ROVER-CODING/install/leo_with_interfaces/local/lib/python3.10/dist-packages/leo_with_interfaces/__init__.py
[1.291s] -- Up-to-date: /home/mscrobotics2425laptop4/LEO-ROVER-CODING/install/leo_with_interfaces/local/lib/python3.10/dist-packages/leo_with_interfaces/_leo_with_interfaces_s.ep.rosidl_typesupport_c.c
[1.291s] -- Up-to-date: /home/mscrobotics2425laptop4/LEO-ROVER-CODING/install/leo_with_interfaces/local/lib/python3.10/dist-packages/leo_with_interfaces/_leo_with_interfaces_s.ep.rosidl_typesupport_fastrtps_c.c
[1.291s] -- Up-to-date: /home/mscrobotics2425laptop4/LEO-ROVER-CODING/install/leo_with_interfaces/local/lib/python3.10/dist-packages/leo_with_interfaces/libleo_with_interfaces__rosidl_generator_py.so
[1.291s] -- Up-to-date: /home/mscrobotics2425laptop4/LEO-ROVER-CODING/install/leo_with_interfaces/local/lib/python3.10/dist-packages/leo_with_interfaces/_leo_with_interfaces_s.ep.rosidl_typesupport_introspection_c.c
[1.291s] -- Up-to-date: /home/mscrobotics2425laptop4/LEO-ROVER-CODING/install/leo_with_interfaces/local/lib/python3.10/dist-packages/leo_with_interfaces/msg
[1.292s] -- Up-to-date: /home/mscrobotics2425laptop4/LEO-ROVER-CODING/install/leo_with_interfaces/local/lib/python3.10/dist-packages/leo_with_interfaces/msg/_position.py
[1.292s] -- Up-to-date: /home/mscrobotics2425laptop4/LEO-ROVER-CODING/install/leo_with_interfaces/local/lib/python3.10/dist-packages/leo_with_interfaces/msg/__init__.py
[1.292s] -- Up-to-date: /home/mscrobotics2425laptop4/LEO-ROVER-CODING/install/leo_with_interfaces/local/lib/python3.10/dist-packages/leo_with_interfaces/msg/_position_s.c
[1.292s] -- Up-to-date: /home/mscrobotics2425laptop4/LEO-ROVER-CODING/install/leo_with_interfaces/local/lib/python3.10/dist-packages/leo_with_interfaces/leo_with_interfaces_s__rosidl_typesupport_fastrtps_c.cpython-310-x86_64-linux-gnu.so
[1.300s] Listing '/home/mscrobotics2425laptop4/LEO-ROVER-CODING/install/leo_with_interfaces/local/lib/python3.10/dist-packages/leo_with_interfaces'...
[1.300s] Listing '/home/mscrobotics2425laptop4/LEO-ROVER-CODING/install/leo_with_interfaces/local/lib/python3.10/dist-packages/leo_with_interfaces/msg'...
[1.300s] -- Up-to-date: /home/mscrobotics2425laptop4/LEO-ROVER-CODING/install/leo_with_interfaces/local/lib/python3.10/dist-packages/leo_with_interfaces/leo_with_interfaces_s__rosidl_typesupport_fastrtps_c.cpython-310-x86_64-linux-gnu.so
[1.300s] -- Up-to-date: /home/mscrobotics2425laptop4/LEO-ROVER-CODING/install/leo_with_interfaces/local/lib/python3.10/dist-packages/leo_with_interfaces/leo_with_interfaces_s__rosidl_typesupport_introspection_c.cpython-310-x86_64-linux-gnu.so
[1.300s] -- Up-to-date: /home/mscrobotics2425laptop4/LEO-ROVER-CODING/install/leo_with_interfaces/local/lib/python3.10/dist-packages/leo_with_interfaces/leo_with_interfaces_s__rosidl_typesupport_c.cpython-310-x86_64-linux-gnu.so
[1.300s] -- Up-to-date: /home/mscrobotics2425laptop4/LEO-ROVER-CODING/install/leo_with_interfaces/lib/libleo_with_interfaces__rosidl_generator_py.so
[1.300s] -- Up-to-date: /home/mscrobotics2425laptop4/LEO-ROVER-CODING/install/leo_with_interfaces/share/leo_with_interfaces/msg/Position.idl
[1.300s] -- Up-to-date: /home/mscrobotics2425laptop4/LEO-ROVER-CODING/install/leo_with_interfaces/share/leo_with_interfaces/msg/Position.msg
[1.300s] -- Up-to-date: /home/mscrobotics2425laptop4/LEO-ROVER-CODING/install/leo_with_interfaces/share/ament_index/resource_index/package_run_dependencies/leo_with_interfaces
[1.301s] -- Up-to-date: /home/mscrobotics2425laptop4/LEO-ROVER-CODING/install/leo_with_interfaces/share/ament_index/resource_index/parent_prefix_path/leo_with_interfaces
[1.301s] -- Up-to-date: /home/mscrobotics2425laptop4/LEO-ROVER-CODING/install/leo_with_interfaces/share/leo_with_interfaces/environment/ament_prefix_path.sh
[1.301s] -- Up-to-date: /home/mscrobotics2425laptop4/LEO-ROVER-CODING/install/leo_with_interfaces/share/leo_with_interfaces/environment/ament_prefix_path.dsv
[1.301s] -- Up-to-date: /home/mscrobotics2425laptop4/LEO-ROVER-CODING/install/leo_with_interfaces/share/leo_with_interfaces/environment/path.sh
[1.301s] -- Up-to-date: /home/mscrobotics2425laptop4/LEO-ROVER-CODING/install/leo_with_interfaces/share/leo_with_interfaces/environment/path.dsv
[1.301s] -- Up-to-date: /home/mscrobotics2425laptop4/LEO-ROVER-CODING/install/leo_with_interfaces/share/leo_with_interfaces/local_setup.bash
[1.301s] -- Up-to-date: /home/mscrobotics2425laptop4/LEO-ROVER-CODING/install/leo_with_interfaces/share/leo_with_interfaces/local_setup.sh
[1.301s] -- Up-to-date: /home/mscrobotics2425laptop4/LEO-ROVER-CODING/install/leo_with_interfaces/share/leo_with_interfaces/local_setup.zsh
[1.301s] -- Up-to-date: /home/mscrobotics2425laptop4/LEO-ROVER-CODING/install/leo_with_interfaces/share/leo_with_interfaces/local_setup.dsv
[1.301s] -- Up-to-date: /home/mscrobotics2425laptop4/LEO-ROVER-CODING/install/leo_with_interfaces/share/leo_with_interfaces/package.dsv
[1.301s] -- Up-to-date: /home/mscrobotics2425laptop4/LEO-ROVER-CODING/install/leo_with_interfaces/share/ament_index/resource_index/packages/leo_with_interfaces
[1.301s] -- Up-to-date: /home/mscrobotics2425laptop4/LEO-ROVER-CODING/install/leo_with_interfaces/share/leo_with_interfaces/cmake/export_leo_with_interfaces__rosidl_generator_cExport.cmake
[1.302s] -- Up-to-date: /home/mscrobotics2425laptop4/LEO-ROVER-CODING/install/leo_with_interfaces/share/leo_with_interfaces/cmake/export_leo_with_interfaces__rosidl_generator_cExport-noconfig.cmake
[1.302s] -- Up-to-date: /home/mscrobotics2425laptop4/LEO-ROVER-CODING/install/leo_with_interfaces/share/leo_with_interfaces/cmake/export_leo_with_interfaces__rosidl_typesupport_fastrtps_cExport.cmake
[1.302s] -- Up-to-date: /home/mscrobotics2425laptop4/LEO-ROVER-CODING/install/leo_with_interfaces/share/leo_with_interfaces/cmake/export_leo_with_interfaces__rosidl_typesupport_fastrtps_cExport-noconfig.cmake
[1.302s] -- Up-to-date: /home/mscrobotics2425laptop4/LEO-ROVER-CODING/install/leo_with_interfaces/share/leo_with_interfaces/cmake/export_leo_with_interfaces__rosidl_generator_cppExport.cmake
[1.302s] -- Up-to-date: /home/mscrobotics2425laptop4/LEO-ROVER-CODING/install/leo_with_interfaces/share/leo_with_interfaces/cmake/export_leo_with_interfaces__rosidl_typesupport_fastrtps_cppExport.cmake
[1.302s] -- Up-to-date: /home/mscrobotics2425laptop4/LEO-ROVER-CODING/install/leo_with_interfaces/share/leo_with_interfaces/cmake/export_leo_with_interfaces__rosidl_typesupport_fastrtps_cppExport-noconfig.cmake
[1.302s] -- Up-to-date: /home/mscrobotics2425laptop4/LEO-ROVER-CODING/install/leo_with_interfaces/share/leo_with_interfaces/cmake/leo_with_interfaces__rosidl_typesupport_introspection_cExport.cmake
[1.302s] -- Up-to-date: /home/mscrobotics2425laptop4/LEO-ROVER-CODING/install/leo_with_interfaces/share/leo_with_interfaces/cmake/leo_with_interfaces__rosidl_typesupport_introspection_cExport-noconfig.cmake
[1.302s] -- Up-to-date: /home/mscrobotics2425laptop4/LEO-ROVER-CODING/install/leo_with_interfaces/share/leo_with_interfaces/cmake/leo_with_interfaces__rosidl_typesupport_cExport.cmake
[1.302s] -- Up-to-date: /home/mscrobotics2425laptop4/LEO-ROVER-CODING/install/leo_with_interfaces/share/leo_with_interfaces/cmake/leo_with_interfaces__rosidl_typesupport_cExport-noconfig.cmake
[1.302s] -- Up-to-date: /home/mscrobotics2425laptop4/LEO-ROVER-CODING/install/leo_with_interfaces/share/leo_with_interfaces/cmake/leo_with_interfaces__rosidl_typesupport_introspection_cppExport.cmake
[1.303s] -- Up-to-date: /home/mscrobotics2425laptop4/LEO-ROVER-CODING/install/leo_with_interfaces/share/leo_with_interfaces/cmake/leo_with_interfaces__rosidl_typesupport_introspection_cppExport-noconfig.cmake
[1.303s] -- Up-to-date: /home/mscrobotics2425laptop4/LEO-ROVER-CODING/install/leo_with_interfaces/share/leo_with_interfaces/cmake/leo_with_interfaces__rosidl_typesupport_cppExport.cmake
[1.303s] -- Up-to-date: /home/mscrobotics2425laptop4/LEO-ROVER-CODING/install/leo_with_interfaces/share/leo_with_interfaces/cmake/leo_with_interfaces__rosidl_typesupport_cppExport-noconfig.cmake
[1.303s] -- Up-to-date: /home/mscrobotics2425laptop4/LEO-ROVER-CODING/install/leo_with_interfaces/share/leo_with_interfaces/cmake/export_leo_with_interfaces__rosidl_generator_pyExport.cmake
[1.303s] -- Up-to-date: /home/mscrobotics2425laptop4/LEO-ROVER-CODING/install/leo_with_interfaces/share/leo_with_interfaces/cmake/export_leo_with_interfaces__rosidl_generator_pyExport-noconfig.cmake
[1.303s] -- Up-to-date: /home/mscrobotics2425laptop4/LEO-ROVER-CODING/install/leo_with_interfaces/share/leo_with_interfaces/cmake/rosidl_cmake-extras.cmake
[1.303s] -- Up-to-date: /home/mscrobotics2425laptop4/LEO-ROVER-CODING/install/leo_with_interfaces/share/leo_with_interfaces/cmake/ament_cmake_export_dependencies-extras.cmake
[1.303s] -- Up-to-date: /home/mscrobotics2425laptop4/LEO-ROVER-CODING/install/leo_with_interfaces/share/leo_with_interfaces/cmake/ament_cmake_export_include_directories-extras.cmake
[1.303s] -- Up-to-date: /home/mscrobotics2425laptop4/LEO-ROVER-CODING/install/leo_with_interfaces/share/leo_with_interfaces/cmake/ament_cmake_export_libraries-extras.cmake
[1.303s] -- Up-to-date: /home/mscrobotics2425laptop4/LEO-ROVER-CODING/install/leo_with_interfaces/share/leo_with_interfaces/cmake/ament_cmake_export_targets-extras.cmake
[1.303s] -- Up-to-date: /home/mscrobotics2425laptop4/LEO-ROVER-CODING/install/leo_with_interfaces/share/leo_with_interfaces/cmake/rosidl_cmake_export_typesupport_targets-extras.cmake
[1.303s] -- Up-to-date: /home/mscrobotics2425laptop4/LEO-ROVER-CODING/install/leo_with_interfaces/share/leo_with_interfaces/cmake/rosidl_cmake_export_typesupport_libraries-extras.cmake
[1.304s] -- Up-to-date: /home/mscrobotics2425laptop4/LEO-ROVER-CODING/install/leo_with_interfaces/share/leo_with_interfaces/cmake/leo_with_interfacesConfig.cmake
[1.304s] -- Up-to-date: /home/mscrobotics2425laptop4/LEO-ROVER-CODING/install/leo_with_interfaces/share/leo_with_interfaces/cmake/leo_with_interfacesConfig-version.cmake
[1.304s] -- Up-to-date: /home/mscrobotics2425laptop4/LEO-ROVER-CODING/install/leo_with_interfaces/share/leo_with_interfaces/package.xml
[1.614s] Invoked command in '/home/mscrobotics2425laptop4/LEO-ROVER-CODING/build/leo_with_interfaces' returned '0': CMAKE_PREFIX_PATH=${CMAKE_PREFIX_PATH}:/home/mscrobotics2425laptop4/LEO-ROVER-CODING/install/ros_cv_messages:/home/mscrobotics2425laptop4/LEO-ROVER-CODING/install/nav_final:/home/mscrobotics2425laptop4/LEO-ROVER-CODING/install/leo_realsense:/home/mscrobotics2425laptop4/LEO-ROVER-CODING/install/leo_manipulator:/home/mscrobotics2425laptop4/LEO-ROVER-CODING/install/leo_main:/home/mscrobotics2425laptop4/LEO-ROVER-CODING/install/leo_launcher:/home/mscrobotics2425laptop4/LEO-ROVER-CODING/install/leo_launch:/home/mscrobotics2425laptop4/LEO-ROVER-CODING/install/interbotix_xs_modules:/home/mscrobotics2425laptop4/LEO-ROVER-CODING/install/interbotix_perception_modules:/home/mscrobotics2425laptop4/LEO-ROVER-CODING/install/interbotix_common_modules:/home/mscrobotics2425laptop4/interbotix_ws/install/ros_cv_messages:/home/mscrobotics2425laptop4/interbotix_ws/install/leo_realsense:/home/mscrobotics2425laptop4/interbotix_ws/install/leo_manipulator:/home/mscrobotics2425laptop4/interbotix_ws/install/leo_main:/home/mscrobotics2425laptop4/interbotix_ws/install/leo_launch:/home/mscrobotics2425laptop4/interbotix_ws/install/interbotix_xs_modules:/home/mscrobotics2425laptop4/interbotix_ws/install/interbotix_perception_modules:/home/mscrobotics2425laptop4/interbotix_ws/install/interbotix_common_modules:/home/mscrobotics2425laptop4/ros2_tutorial_workspace/install/the_simplest_python_package:/home/mscrobotics2425laptop4/ros2_tutorial_workspace/install/test_package:/home/mscrobotics2425laptop4/ros2_tutorial_workspace/install/python_package_with_a_node:/home/mscrobotics2425laptop4/ros2_tutorial_workspace/install/python_package_that_uses_the_library:/home/mscrobotics2425laptop4/ros2_tutorial_workspace/install/python_package_with_a_library:/home/mscrobotics2425laptop4/ros2_tutorial_workspace/install/python_package_that_uses_the_services:/home/mscrobotics2425laptop4/ros2_tutorial_workspace/install/python_package_that_uses_the_messages:/home/mscrobotics2425laptop4/ros2_tutorial_workspace/install/python_package_that_uses_parameters_and_launch_files:/home/mscrobotics2425laptop4/ros2_tutorial_workspace/install/navigation_leo:/home/mscrobotics2425laptop4/ros2_tutorial_workspace/install/navigation_demos_custom_map:/home/mscrobotics2425laptop4/ros2_tutorial_workspace/install/navigation_demos:/home/mscrobotics2425laptop4/ros2_tutorial_workspace/install/m_explore_toggle:/home/mscrobotics2425laptop4/ros2_tutorial_workspace/install/lidar_emulator:/home/mscrobotics2425laptop4/ros2_tutorial_workspace/install/leo_team9:/home/mscrobotics2425laptop4/ros2_tutorial_workspace/install/gz_example_robot_description:/home/mscrobotics2425laptop4/ros2_tutorial_workspace/install/example_urdf_robot:/home/mscrobotics2425laptop4/ros2_tutorial_workspace/install/example_urdf_description:/home/mscrobotics2425laptop4/ros2_tutorial_workspace/install/example_gz_robot:/home/mscrobotics2425laptop4/ros2_tutorial_workspace/install/custom_server_package:/home/mscrobotics2425laptop4/ros2_tutorial_workspace/install/custom_client_package:/home/mscrobotics2425laptop4/ros2_tutorial_workspace/install/challenge_package:/home/mscrobotics2425laptop4/ros2_tutorial_workspace/install/bt_demos:/opt/ros/humble /usr/bin/cmake --install /home/mscrobotics2425laptop4/LEO-ROVER-CODING/build/leo_with_interfaces
