[0.708s] Invoking command in '/home/mscrobotics2425laptop4/interbotix_ws/build/interbotix_moveit_interface_msgs': CMAKE_PREFIX_PATH=${CMAKE_PREFIX_PATH}:/home/mscrobotics2425laptop4/interbotix_ws/install/ros_cv_messages:/home/mscrobotics2425laptop4/interbotix_ws/install/leo_realsense:/home/mscrobotics2425laptop4/interbotix_ws/install/leo_manipulator:/home/mscrobotics2425laptop4/interbotix_ws/install/leo_main:/home/mscrobotics2425laptop4/interbotix_ws/install/leo_launch:/home/mscrobotics2425laptop4/interbotix_ws/install/interbotix_xs_modules:/home/mscrobotics2425laptop4/interbotix_ws/install/interbotix_perception_modules:/home/mscrobotics2425laptop4/interbotix_ws/install/interbotix_common_modules:/opt/ros/humble /usr/bin/cmake --build /home/mscrobotics2425laptop4/interbotix_ws/build/interbotix_moveit_interface_msgs -- -j12 -l12
[0.829s] [  9%] Built target interbotix_moveit_interface_msgs__rosidl_generator_c
[0.851s] [ 12%] Built target interbotix_moveit_interface_msgs__cpp
[0.923s] [ 12%] Built target ament_cmake_python_copy_interbotix_moveit_interface_msgs
[0.954s] [ 22%] Built target interbotix_moveit_interface_msgs__rosidl_typesupport_fastrtps_c
[0.963s] [ 32%] Built target interbotix_moveit_interface_msgs__rosidl_typesupport_cpp
[0.984s] [ 41%] Built target interbotix_moveit_interface_msgs__rosidl_typesupport_introspection_cpp
[0.984s] [ 51%] Built target interbotix_moveit_interface_msgs__rosidl_typesupport_c
[0.987s] [ 61%] Built target interbotix_moveit_interface_msgs__rosidl_typesupport_introspection_c
[1.023s] [ 70%] Built target interbotix_moveit_interface_msgs__rosidl_typesupport_fastrtps_cpp
[1.081s] [ 70%] Built target interbotix_moveit_interface_msgs
[1.141s] [ 74%] Built target interbotix_moveit_interface_msgs__py
[1.207s] [ 80%] Built target interbotix_moveit_interface_msgs__rosidl_generator_py
[1.285s] [ 87%] Built target interbotix_moveit_interface_msgs__rosidl_typesupport_fastrtps_c__pyext
[1.295s] [ 93%] Built target interbotix_moveit_interface_msgs__rosidl_typesupport_c__pyext
[1.304s] [100%] Built target interbotix_moveit_interface_msgs__rosidl_typesupport_introspection_c__pyext
[1.810s] running egg_info
[1.813s] writing interbotix_moveit_interface_msgs.egg-info/PKG-INFO
[1.814s] writing dependency_links to interbotix_moveit_interface_msgs.egg-info/dependency_links.txt
[1.816s] writing top-level names to interbotix_moveit_interface_msgs.egg-info/top_level.txt
[1.823s] reading manifest file 'interbotix_moveit_interface_msgs.egg-info/SOURCES.txt'
[1.826s] writing manifest file 'interbotix_moveit_interface_msgs.egg-info/SOURCES.txt'
[1.895s] [100%] Built target ament_cmake_python_build_interbotix_moveit_interface_msgs_egg
[2.023s] Invoked command in '/home/mscrobotics2425laptop4/interbotix_ws/build/interbotix_moveit_interface_msgs' returned '0': CMAKE_PREFIX_PATH=${CMAKE_PREFIX_PATH}:/home/mscrobotics2425laptop4/interbotix_ws/install/ros_cv_messages:/home/mscrobotics2425laptop4/interbotix_ws/install/leo_realsense:/home/mscrobotics2425laptop4/interbotix_ws/install/leo_manipulator:/home/mscrobotics2425laptop4/interbotix_ws/install/leo_main:/home/mscrobotics2425laptop4/interbotix_ws/install/leo_launch:/home/mscrobotics2425laptop4/interbotix_ws/install/interbotix_xs_modules:/home/mscrobotics2425laptop4/interbotix_ws/install/interbotix_perception_modules:/home/mscrobotics2425laptop4/interbotix_ws/install/interbotix_common_modules:/opt/ros/humble /usr/bin/cmake --build /home/mscrobotics2425laptop4/interbotix_ws/build/interbotix_moveit_interface_msgs -- -j12 -l12
[2.027s] Invoking command in '/home/mscrobotics2425laptop4/interbotix_ws/build/interbotix_moveit_interface_msgs': CMAKE_PREFIX_PATH=${CMAKE_PREFIX_PATH}:/home/mscrobotics2425laptop4/interbotix_ws/install/ros_cv_messages:/home/mscrobotics2425laptop4/interbotix_ws/install/leo_realsense:/home/mscrobotics2425laptop4/interbotix_ws/install/leo_manipulator:/home/mscrobotics2425laptop4/interbotix_ws/install/leo_main:/home/mscrobotics2425laptop4/interbotix_ws/install/leo_launch:/home/mscrobotics2425laptop4/interbotix_ws/install/interbotix_xs_modules:/home/mscrobotics2425laptop4/interbotix_ws/install/interbotix_perception_modules:/home/mscrobotics2425laptop4/interbotix_ws/install/interbotix_common_modules:/opt/ros/humble /usr/bin/cmake --install /home/mscrobotics2425laptop4/interbotix_ws/build/interbotix_moveit_interface_msgs
[2.067s] -- Install configuration: ""
[2.068s] -- Up-to-date: /home/mscrobotics2425laptop4/interbotix_ws/install/interbotix_moveit_interface_msgs/share/ament_index/resource_index/rosidl_interfaces/interbotix_moveit_interface_msgs
[2.068s] -- Up-to-date: /home/mscrobotics2425laptop4/interbotix_ws/install/interbotix_moveit_interface_msgs/include/interbotix_moveit_interface_msgs/interbotix_moveit_interface_msgs
[2.070s] -- Up-to-date: /home/mscrobotics2425laptop4/interbotix_ws/install/interbotix_moveit_interface_msgs/include/interbotix_moveit_interface_msgs/interbotix_moveit_interface_msgs/msg
[2.070s] -- Up-to-date: /home/mscrobotics2425laptop4/interbotix_ws/install/interbotix_moveit_interface_msgs/include/interbotix_moveit_interface_msgs/interbotix_moveit_interface_msgs/msg/rosidl_generator_c__visibility_control.h
[2.070s] -- Up-to-date: /home/mscrobotics2425laptop4/interbotix_ws/install/interbotix_moveit_interface_msgs/include/interbotix_moveit_interface_msgs/interbotix_moveit_interface_msgs/srv
[2.071s] -- Up-to-date: /home/mscrobotics2425laptop4/interbotix_ws/install/interbotix_moveit_interface_msgs/include/interbotix_moveit_interface_msgs/interbotix_moveit_interface_msgs/srv/move_it_plan.h
[2.071s] -- Up-to-date: /home/mscrobotics2425laptop4/interbotix_ws/install/interbotix_moveit_interface_msgs/include/interbotix_moveit_interface_msgs/interbotix_moveit_interface_msgs/srv/detail
[2.072s] -- Up-to-date: /home/mscrobotics2425laptop4/interbotix_ws/install/interbotix_moveit_interface_msgs/include/interbotix_moveit_interface_msgs/interbotix_moveit_interface_msgs/srv/detail/move_it_plan__type_support.h
[2.072s] -- Up-to-date: /home/mscrobotics2425laptop4/interbotix_ws/install/interbotix_moveit_interface_msgs/include/interbotix_moveit_interface_msgs/interbotix_moveit_interface_msgs/srv/detail/move_it_plan__functions.c
[2.072s] -- Up-to-date: /home/mscrobotics2425laptop4/interbotix_ws/install/interbotix_moveit_interface_msgs/include/interbotix_moveit_interface_msgs/interbotix_moveit_interface_msgs/srv/detail/move_it_plan__functions.h
[2.072s] -- Up-to-date: /home/mscrobotics2425laptop4/interbotix_ws/install/interbotix_moveit_interface_msgs/include/interbotix_moveit_interface_msgs/interbotix_moveit_interface_msgs/srv/detail/move_it_plan__struct.h
[2.073s] -- Up-to-date: /home/mscrobotics2425laptop4/interbotix_ws/install/interbotix_moveit_interface_msgs/share/interbotix_moveit_interface_msgs/environment/library_path.sh
[2.073s] -- Up-to-date: /home/mscrobotics2425laptop4/interbotix_ws/install/interbotix_moveit_interface_msgs/share/interbotix_moveit_interface_msgs/environment/library_path.dsv
[2.073s] -- Up-to-date: /home/mscrobotics2425laptop4/interbotix_ws/install/interbotix_moveit_interface_msgs/lib/libinterbotix_moveit_interface_msgs__rosidl_generator_c.so
[2.073s] -- Up-to-date: /home/mscrobotics2425laptop4/interbotix_ws/install/interbotix_moveit_interface_msgs/include/interbotix_moveit_interface_msgs/interbotix_moveit_interface_msgs
[2.073s] -- Up-to-date: /home/mscrobotics2425laptop4/interbotix_ws/install/interbotix_moveit_interface_msgs/include/interbotix_moveit_interface_msgs/interbotix_moveit_interface_msgs/msg
[2.074s] -- Up-to-date: /home/mscrobotics2425laptop4/interbotix_ws/install/interbotix_moveit_interface_msgs/include/interbotix_moveit_interface_msgs/interbotix_moveit_interface_msgs/msg/rosidl_typesupport_fastrtps_c__visibility_control.h
[2.074s] -- Up-to-date: /home/mscrobotics2425laptop4/interbotix_ws/install/interbotix_moveit_interface_msgs/include/interbotix_moveit_interface_msgs/interbotix_moveit_interface_msgs/srv
[2.074s] -- Up-to-date: /home/mscrobotics2425laptop4/interbotix_ws/install/interbotix_moveit_interface_msgs/include/interbotix_moveit_interface_msgs/interbotix_moveit_interface_msgs/srv/detail
[2.074s] -- Up-to-date: /home/mscrobotics2425laptop4/interbotix_ws/install/interbotix_moveit_interface_msgs/include/interbotix_moveit_interface_msgs/interbotix_moveit_interface_msgs/srv/detail/move_it_plan__rosidl_typesupport_fastrtps_c.h
[2.074s] -- Up-to-date: /home/mscrobotics2425laptop4/interbotix_ws/install/interbotix_moveit_interface_msgs/lib/libinterbotix_moveit_interface_msgs__rosidl_typesupport_fastrtps_c.so
[2.075s] -- Up-to-date: /home/mscrobotics2425laptop4/interbotix_ws/install/interbotix_moveit_interface_msgs/include/interbotix_moveit_interface_msgs/interbotix_moveit_interface_msgs
[2.075s] -- Up-to-date: /home/mscrobotics2425laptop4/interbotix_ws/install/interbotix_moveit_interface_msgs/include/interbotix_moveit_interface_msgs/interbotix_moveit_interface_msgs/msg
[2.075s] -- Up-to-date: /home/mscrobotics2425laptop4/interbotix_ws/install/interbotix_moveit_interface_msgs/include/interbotix_moveit_interface_msgs/interbotix_moveit_interface_msgs/msg/rosidl_typesupport_introspection_c__visibility_control.h
[2.076s] -- Up-to-date: /home/mscrobotics2425laptop4/interbotix_ws/install/interbotix_moveit_interface_msgs/include/interbotix_moveit_interface_msgs/interbotix_moveit_interface_msgs/srv
[2.076s] -- Up-to-date: /home/mscrobotics2425laptop4/interbotix_ws/install/interbotix_moveit_interface_msgs/include/interbotix_moveit_interface_msgs/interbotix_moveit_interface_msgs/srv/detail
[2.077s] -- Up-to-date: /home/mscrobotics2425laptop4/interbotix_ws/install/interbotix_moveit_interface_msgs/include/interbotix_moveit_interface_msgs/interbotix_moveit_interface_msgs/srv/detail/move_it_plan__rosidl_typesupport_introspection_c.h
[2.077s] -- Up-to-date: /home/mscrobotics2425laptop4/interbotix_ws/install/interbotix_moveit_interface_msgs/include/interbotix_moveit_interface_msgs/interbotix_moveit_interface_msgs/srv/detail/move_it_plan__type_support.c
[2.077s] -- Up-to-date: /home/mscrobotics2425laptop4/interbotix_ws/install/interbotix_moveit_interface_msgs/lib/libinterbotix_moveit_interface_msgs__rosidl_typesupport_introspection_c.so
[2.077s] -- Up-to-date: /home/mscrobotics2425laptop4/interbotix_ws/install/interbotix_moveit_interface_msgs/lib/libinterbotix_moveit_interface_msgs__rosidl_typesupport_c.so
[2.077s] -- Up-to-date: /home/mscrobotics2425laptop4/interbotix_ws/install/interbotix_moveit_interface_msgs/include/interbotix_moveit_interface_msgs/interbotix_moveit_interface_msgs
[2.078s] -- Up-to-date: /home/mscrobotics2425laptop4/interbotix_ws/install/interbotix_moveit_interface_msgs/include/interbotix_moveit_interface_msgs/interbotix_moveit_interface_msgs/msg
[2.078s] -- Up-to-date: /home/mscrobotics2425laptop4/interbotix_ws/install/interbotix_moveit_interface_msgs/include/interbotix_moveit_interface_msgs/interbotix_moveit_interface_msgs/msg/rosidl_generator_cpp__visibility_control.hpp
[2.078s] -- Up-to-date: /home/mscrobotics2425laptop4/interbotix_ws/install/interbotix_moveit_interface_msgs/include/interbotix_moveit_interface_msgs/interbotix_moveit_interface_msgs/srv
[2.079s] -- Up-to-date: /home/mscrobotics2425laptop4/interbotix_ws/install/interbotix_moveit_interface_msgs/include/interbotix_moveit_interface_msgs/interbotix_moveit_interface_msgs/srv/move_it_plan.hpp
[2.079s] -- Up-to-date: /home/mscrobotics2425laptop4/interbotix_ws/install/interbotix_moveit_interface_msgs/include/interbotix_moveit_interface_msgs/interbotix_moveit_interface_msgs/srv/detail
[2.079s] -- Up-to-date: /home/mscrobotics2425laptop4/interbotix_ws/install/interbotix_moveit_interface_msgs/include/interbotix_moveit_interface_msgs/interbotix_moveit_interface_msgs/srv/detail/move_it_plan__struct.hpp
[2.080s] -- Up-to-date: /home/mscrobotics2425laptop4/interbotix_ws/install/interbotix_moveit_interface_msgs/include/interbotix_moveit_interface_msgs/interbotix_moveit_interface_msgs/srv/detail/move_it_plan__builder.hpp
[2.080s] -- Up-to-date: /home/mscrobotics2425laptop4/interbotix_ws/install/interbotix_moveit_interface_msgs/include/interbotix_moveit_interface_msgs/interbotix_moveit_interface_msgs/srv/detail/move_it_plan__traits.hpp
[2.080s] -- Up-to-date: /home/mscrobotics2425laptop4/interbotix_ws/install/interbotix_moveit_interface_msgs/include/interbotix_moveit_interface_msgs/interbotix_moveit_interface_msgs/srv/detail/move_it_plan__type_support.hpp
[2.080s] -- Up-to-date: /home/mscrobotics2425laptop4/interbotix_ws/install/interbotix_moveit_interface_msgs/include/interbotix_moveit_interface_msgs/interbotix_moveit_interface_msgs
[2.080s] -- Up-to-date: /home/mscrobotics2425laptop4/interbotix_ws/install/interbotix_moveit_interface_msgs/include/interbotix_moveit_interface_msgs/interbotix_moveit_interface_msgs/msg
[2.081s] -- Up-to-date: /home/mscrobotics2425laptop4/interbotix_ws/install/interbotix_moveit_interface_msgs/include/interbotix_moveit_interface_msgs/interbotix_moveit_interface_msgs/msg/rosidl_typesupport_fastrtps_cpp__visibility_control.h
[2.081s] -- Up-to-date: /home/mscrobotics2425laptop4/interbotix_ws/install/interbotix_moveit_interface_msgs/include/interbotix_moveit_interface_msgs/interbotix_moveit_interface_msgs/srv
[2.081s] -- Up-to-date: /home/mscrobotics2425laptop4/interbotix_ws/install/interbotix_moveit_interface_msgs/include/interbotix_moveit_interface_msgs/interbotix_moveit_interface_msgs/srv/detail
[2.081s] -- Up-to-date: /home/mscrobotics2425laptop4/interbotix_ws/install/interbotix_moveit_interface_msgs/include/interbotix_moveit_interface_msgs/interbotix_moveit_interface_msgs/srv/detail/dds_fastrtps
[2.081s] -- Up-to-date: /home/mscrobotics2425laptop4/interbotix_ws/install/interbotix_moveit_interface_msgs/include/interbotix_moveit_interface_msgs/interbotix_moveit_interface_msgs/srv/detail/move_it_plan__rosidl_typesupport_fastrtps_cpp.hpp
[2.081s] -- Up-to-date: /home/mscrobotics2425laptop4/interbotix_ws/install/interbotix_moveit_interface_msgs/lib/libinterbotix_moveit_interface_msgs__rosidl_typesupport_fastrtps_cpp.so
[2.082s] -- Up-to-date: /home/mscrobotics2425laptop4/interbotix_ws/install/interbotix_moveit_interface_msgs/include/interbotix_moveit_interface_msgs/interbotix_moveit_interface_msgs
[2.082s] -- Up-to-date: /home/mscrobotics2425laptop4/interbotix_ws/install/interbotix_moveit_interface_msgs/include/interbotix_moveit_interface_msgs/interbotix_moveit_interface_msgs/srv
[2.082s] -- Up-to-date: /home/mscrobotics2425laptop4/interbotix_ws/install/interbotix_moveit_interface_msgs/include/interbotix_moveit_interface_msgs/interbotix_moveit_interface_msgs/srv/detail
[2.082s] -- Up-to-date: /home/mscrobotics2425laptop4/interbotix_ws/install/interbotix_moveit_interface_msgs/include/interbotix_moveit_interface_msgs/interbotix_moveit_interface_msgs/srv/detail/move_it_plan__rosidl_typesupport_introspection_cpp.hpp
[2.082s] -- Up-to-date: /home/mscrobotics2425laptop4/interbotix_ws/install/interbotix_moveit_interface_msgs/include/interbotix_moveit_interface_msgs/interbotix_moveit_interface_msgs/srv/detail/move_it_plan__type_support.cpp
[2.083s] -- Up-to-date: /home/mscrobotics2425laptop4/interbotix_ws/install/interbotix_moveit_interface_msgs/lib/libinterbotix_moveit_interface_msgs__rosidl_typesupport_introspection_cpp.so
[2.083s] -- Up-to-date: /home/mscrobotics2425laptop4/interbotix_ws/install/interbotix_moveit_interface_msgs/lib/libinterbotix_moveit_interface_msgs__rosidl_typesupport_cpp.so
[2.083s] -- Up-to-date: /home/mscrobotics2425laptop4/interbotix_ws/install/interbotix_moveit_interface_msgs/share/interbotix_moveit_interface_msgs/environment/pythonpath.sh
[2.083s] -- Up-to-date: /home/mscrobotics2425laptop4/interbotix_ws/install/interbotix_moveit_interface_msgs/share/interbotix_moveit_interface_msgs/environment/pythonpath.dsv
[2.083s] -- Up-to-date: /home/mscrobotics2425laptop4/interbotix_ws/install/interbotix_moveit_interface_msgs/local/lib/python3.10/dist-packages/interbotix_moveit_interface_msgs-0.0.0-py3.10.egg-info
[2.084s] -- Installing: /home/mscrobotics2425laptop4/interbotix_ws/install/interbotix_moveit_interface_msgs/local/lib/python3.10/dist-packages/interbotix_moveit_interface_msgs-0.0.0-py3.10.egg-info/dependency_links.txt
[2.084s] -- Installing: /home/mscrobotics2425laptop4/interbotix_ws/install/interbotix_moveit_interface_msgs/local/lib/python3.10/dist-packages/interbotix_moveit_interface_msgs-0.0.0-py3.10.egg-info/SOURCES.txt
[2.084s] -- Installing: /home/mscrobotics2425laptop4/interbotix_ws/install/interbotix_moveit_interface_msgs/local/lib/python3.10/dist-packages/interbotix_moveit_interface_msgs-0.0.0-py3.10.egg-info/PKG-INFO
[2.084s] -- Installing: /home/mscrobotics2425laptop4/interbotix_ws/install/interbotix_moveit_interface_msgs/local/lib/python3.10/dist-packages/interbotix_moveit_interface_msgs-0.0.0-py3.10.egg-info/top_level.txt
[2.084s] -- Up-to-date: /home/mscrobotics2425laptop4/interbotix_ws/install/interbotix_moveit_interface_msgs/local/lib/python3.10/dist-packages/interbotix_moveit_interface_msgs
[2.084s] -- Up-to-date: /home/mscrobotics2425laptop4/interbotix_ws/install/interbotix_moveit_interface_msgs/local/lib/python3.10/dist-packages/interbotix_moveit_interface_msgs/_interbotix_moveit_interface_msgs_s.ep.rosidl_typesupport_introspection_c.c
[2.085s] -- Up-to-date: /home/mscrobotics2425laptop4/interbotix_ws/install/interbotix_moveit_interface_msgs/local/lib/python3.10/dist-packages/interbotix_moveit_interface_msgs/interbotix_moveit_interface_msgs_s__rosidl_typesupport_c.cpython-310-x86_64-linux-gnu.so
[2.085s] -- Up-to-date: /home/mscrobotics2425laptop4/interbotix_ws/install/interbotix_moveit_interface_msgs/local/lib/python3.10/dist-packages/interbotix_moveit_interface_msgs/interbotix_moveit_interface_msgs_s__rosidl_typesupport_fastrtps_c.cpython-310-x86_64-linux-gnu.so
[2.085s] -- Up-to-date: /home/mscrobotics2425laptop4/interbotix_ws/install/interbotix_moveit_interface_msgs/local/lib/python3.10/dist-packages/interbotix_moveit_interface_msgs/libinterbotix_moveit_interface_msgs__rosidl_generator_py.so
[2.085s] -- Up-to-date: /home/mscrobotics2425laptop4/interbotix_ws/install/interbotix_moveit_interface_msgs/local/lib/python3.10/dist-packages/interbotix_moveit_interface_msgs/_interbotix_moveit_interface_msgs_s.ep.rosidl_typesupport_c.c
[2.085s] -- Up-to-date: /home/mscrobotics2425laptop4/interbotix_ws/install/interbotix_moveit_interface_msgs/local/lib/python3.10/dist-packages/interbotix_moveit_interface_msgs/__init__.py
[2.086s] -- Up-to-date: /home/mscrobotics2425laptop4/interbotix_ws/install/interbotix_moveit_interface_msgs/local/lib/python3.10/dist-packages/interbotix_moveit_interface_msgs/interbotix_moveit_interface_msgs_s__rosidl_typesupport_introspection_c.cpython-310-x86_64-linux-gnu.so
[2.086s] -- Up-to-date: /home/mscrobotics2425laptop4/interbotix_ws/install/interbotix_moveit_interface_msgs/local/lib/python3.10/dist-packages/interbotix_moveit_interface_msgs/_interbotix_moveit_interface_msgs_s.ep.rosidl_typesupport_fastrtps_c.c
[2.086s] -- Up-to-date: /home/mscrobotics2425laptop4/interbotix_ws/install/interbotix_moveit_interface_msgs/local/lib/python3.10/dist-packages/interbotix_moveit_interface_msgs/srv
[2.086s] -- Up-to-date: /home/mscrobotics2425laptop4/interbotix_ws/install/interbotix_moveit_interface_msgs/local/lib/python3.10/dist-packages/interbotix_moveit_interface_msgs/srv/_move_it_plan_s.c
[2.086s] -- Up-to-date: /home/mscrobotics2425laptop4/interbotix_ws/install/interbotix_moveit_interface_msgs/local/lib/python3.10/dist-packages/interbotix_moveit_interface_msgs/srv/__init__.py
[2.087s] -- Up-to-date: /home/mscrobotics2425laptop4/interbotix_ws/install/interbotix_moveit_interface_msgs/local/lib/python3.10/dist-packages/interbotix_moveit_interface_msgs/srv/_move_it_plan.py
[2.216s] Listing '/home/mscrobotics2425laptop4/interbotix_ws/install/interbotix_moveit_interface_msgs/local/lib/python3.10/dist-packages/interbotix_moveit_interface_msgs'...
[2.216s] Listing '/home/mscrobotics2425laptop4/interbotix_ws/install/interbotix_moveit_interface_msgs/local/lib/python3.10/dist-packages/interbotix_moveit_interface_msgs/srv'...
[2.231s] -- Up-to-date: /home/mscrobotics2425laptop4/interbotix_ws/install/interbotix_moveit_interface_msgs/local/lib/python3.10/dist-packages/interbotix_moveit_interface_msgs/interbotix_moveit_interface_msgs_s__rosidl_typesupport_fastrtps_c.cpython-310-x86_64-linux-gnu.so
[2.234s] -- Up-to-date: /home/mscrobotics2425laptop4/interbotix_ws/install/interbotix_moveit_interface_msgs/local/lib/python3.10/dist-packages/interbotix_moveit_interface_msgs/interbotix_moveit_interface_msgs_s__rosidl_typesupport_introspection_c.cpython-310-x86_64-linux-gnu.so
[2.235s] -- Up-to-date: /home/mscrobotics2425laptop4/interbotix_ws/install/interbotix_moveit_interface_msgs/local/lib/python3.10/dist-packages/interbotix_moveit_interface_msgs/interbotix_moveit_interface_msgs_s__rosidl_typesupport_c.cpython-310-x86_64-linux-gnu.so
[2.235s] -- Up-to-date: /home/mscrobotics2425laptop4/interbotix_ws/install/interbotix_moveit_interface_msgs/lib/libinterbotix_moveit_interface_msgs__rosidl_generator_py.so
[2.235s] -- Up-to-date: /home/mscrobotics2425laptop4/interbotix_ws/install/interbotix_moveit_interface_msgs/share/interbotix_moveit_interface_msgs/srv/MoveItPlan.idl
[2.236s] -- Up-to-date: /home/mscrobotics2425laptop4/interbotix_ws/install/interbotix_moveit_interface_msgs/share/interbotix_moveit_interface_msgs/srv/MoveItPlan.srv
[2.247s] -- Up-to-date: /home/mscrobotics2425laptop4/interbotix_ws/install/interbotix_moveit_interface_msgs/share/interbotix_moveit_interface_msgs/srv/MoveItPlan_Request.msg
[2.247s] -- Up-to-date: /home/mscrobotics2425laptop4/interbotix_ws/install/interbotix_moveit_interface_msgs/share/interbotix_moveit_interface_msgs/srv/MoveItPlan_Response.msg
[2.248s] -- Up-to-date: /home/mscrobotics2425laptop4/interbotix_ws/install/interbotix_moveit_interface_msgs/share/ament_index/resource_index/package_run_dependencies/interbotix_moveit_interface_msgs
[2.249s] -- Up-to-date: /home/mscrobotics2425laptop4/interbotix_ws/install/interbotix_moveit_interface_msgs/share/ament_index/resource_index/parent_prefix_path/interbotix_moveit_interface_msgs
[2.249s] -- Up-to-date: /home/mscrobotics2425laptop4/interbotix_ws/install/interbotix_moveit_interface_msgs/share/interbotix_moveit_interface_msgs/environment/ament_prefix_path.sh
[2.251s] -- Up-to-date: /home/mscrobotics2425laptop4/interbotix_ws/install/interbotix_moveit_interface_msgs/share/interbotix_moveit_interface_msgs/environment/ament_prefix_path.dsv
[2.251s] -- Up-to-date: /home/mscrobotics2425laptop4/interbotix_ws/install/interbotix_moveit_interface_msgs/share/interbotix_moveit_interface_msgs/environment/path.sh
[2.251s] -- Up-to-date: /home/mscrobotics2425laptop4/interbotix_ws/install/interbotix_moveit_interface_msgs/share/interbotix_moveit_interface_msgs/environment/path.dsv
[2.252s] -- Up-to-date: /home/mscrobotics2425laptop4/interbotix_ws/install/interbotix_moveit_interface_msgs/share/interbotix_moveit_interface_msgs/local_setup.bash
[2.253s] -- Up-to-date: /home/mscrobotics2425laptop4/interbotix_ws/install/interbotix_moveit_interface_msgs/share/interbotix_moveit_interface_msgs/local_setup.sh
[2.254s] -- Up-to-date: /home/mscrobotics2425laptop4/interbotix_ws/install/interbotix_moveit_interface_msgs/share/interbotix_moveit_interface_msgs/local_setup.zsh
[2.255s] -- Up-to-date: /home/mscrobotics2425laptop4/interbotix_ws/install/interbotix_moveit_interface_msgs/share/interbotix_moveit_interface_msgs/local_setup.dsv
[2.256s] -- Installing: /home/mscrobotics2425laptop4/interbotix_ws/install/interbotix_moveit_interface_msgs/share/interbotix_moveit_interface_msgs/package.dsv
[2.257s] -- Up-to-date: /home/mscrobotics2425laptop4/interbotix_ws/install/interbotix_moveit_interface_msgs/share/ament_index/resource_index/packages/interbotix_moveit_interface_msgs
[2.257s] -- Up-to-date: /home/mscrobotics2425laptop4/interbotix_ws/install/interbotix_moveit_interface_msgs/share/interbotix_moveit_interface_msgs/cmake/export_interbotix_moveit_interface_msgs__rosidl_generator_cExport.cmake
[2.264s] -- Up-to-date: /home/mscrobotics2425laptop4/interbotix_ws/install/interbotix_moveit_interface_msgs/share/interbotix_moveit_interface_msgs/cmake/export_interbotix_moveit_interface_msgs__rosidl_generator_cExport-noconfig.cmake
[2.266s] -- Up-to-date: /home/mscrobotics2425laptop4/interbotix_ws/install/interbotix_moveit_interface_msgs/share/interbotix_moveit_interface_msgs/cmake/export_interbotix_moveit_interface_msgs__rosidl_typesupport_fastrtps_cExport.cmake
[2.267s] -- Up-to-date: /home/mscrobotics2425laptop4/interbotix_ws/install/interbotix_moveit_interface_msgs/share/interbotix_moveit_interface_msgs/cmake/export_interbotix_moveit_interface_msgs__rosidl_typesupport_fastrtps_cExport-noconfig.cmake
[2.267s] -- Up-to-date: /home/mscrobotics2425laptop4/interbotix_ws/install/interbotix_moveit_interface_msgs/share/interbotix_moveit_interface_msgs/cmake/interbotix_moveit_interface_msgs__rosidl_typesupport_introspection_cExport.cmake
[2.267s] -- Up-to-date: /home/mscrobotics2425laptop4/interbotix_ws/install/interbotix_moveit_interface_msgs/share/interbotix_moveit_interface_msgs/cmake/interbotix_moveit_interface_msgs__rosidl_typesupport_introspection_cExport-noconfig.cmake
[2.267s] -- Up-to-date: /home/mscrobotics2425laptop4/interbotix_ws/install/interbotix_moveit_interface_msgs/share/interbotix_moveit_interface_msgs/cmake/interbotix_moveit_interface_msgs__rosidl_typesupport_cExport.cmake
[2.268s] -- Up-to-date: /home/mscrobotics2425laptop4/interbotix_ws/install/interbotix_moveit_interface_msgs/share/interbotix_moveit_interface_msgs/cmake/interbotix_moveit_interface_msgs__rosidl_typesupport_cExport-noconfig.cmake
[2.268s] -- Up-to-date: /home/mscrobotics2425laptop4/interbotix_ws/install/interbotix_moveit_interface_msgs/share/interbotix_moveit_interface_msgs/cmake/export_interbotix_moveit_interface_msgs__rosidl_generator_cppExport.cmake
[2.268s] -- Up-to-date: /home/mscrobotics2425laptop4/interbotix_ws/install/interbotix_moveit_interface_msgs/share/interbotix_moveit_interface_msgs/cmake/export_interbotix_moveit_interface_msgs__rosidl_typesupport_fastrtps_cppExport.cmake
[2.269s] -- Up-to-date: /home/mscrobotics2425laptop4/interbotix_ws/install/interbotix_moveit_interface_msgs/share/interbotix_moveit_interface_msgs/cmake/export_interbotix_moveit_interface_msgs__rosidl_typesupport_fastrtps_cppExport-noconfig.cmake
[2.269s] -- Up-to-date: /home/mscrobotics2425laptop4/interbotix_ws/install/interbotix_moveit_interface_msgs/share/interbotix_moveit_interface_msgs/cmake/interbotix_moveit_interface_msgs__rosidl_typesupport_introspection_cppExport.cmake
[2.269s] -- Up-to-date: /home/mscrobotics2425laptop4/interbotix_ws/install/interbotix_moveit_interface_msgs/share/interbotix_moveit_interface_msgs/cmake/interbotix_moveit_interface_msgs__rosidl_typesupport_introspection_cppExport-noconfig.cmake
[2.270s] -- Up-to-date: /home/mscrobotics2425laptop4/interbotix_ws/install/interbotix_moveit_interface_msgs/share/interbotix_moveit_interface_msgs/cmake/interbotix_moveit_interface_msgs__rosidl_typesupport_cppExport.cmake
[2.270s] -- Up-to-date: /home/mscrobotics2425laptop4/interbotix_ws/install/interbotix_moveit_interface_msgs/share/interbotix_moveit_interface_msgs/cmake/interbotix_moveit_interface_msgs__rosidl_typesupport_cppExport-noconfig.cmake
[2.275s] -- Up-to-date: /home/mscrobotics2425laptop4/interbotix_ws/install/interbotix_moveit_interface_msgs/share/interbotix_moveit_interface_msgs/cmake/export_interbotix_moveit_interface_msgs__rosidl_generator_pyExport.cmake
[2.275s] -- Up-to-date: /home/mscrobotics2425laptop4/interbotix_ws/install/interbotix_moveit_interface_msgs/share/interbotix_moveit_interface_msgs/cmake/export_interbotix_moveit_interface_msgs__rosidl_generator_pyExport-noconfig.cmake
[2.275s] -- Up-to-date: /home/mscrobotics2425laptop4/interbotix_ws/install/interbotix_moveit_interface_msgs/share/interbotix_moveit_interface_msgs/cmake/rosidl_cmake-extras.cmake
[2.276s] -- Up-to-date: /home/mscrobotics2425laptop4/interbotix_ws/install/interbotix_moveit_interface_msgs/share/interbotix_moveit_interface_msgs/cmake/ament_cmake_export_dependencies-extras.cmake
[2.276s] -- Up-to-date: /home/mscrobotics2425laptop4/interbotix_ws/install/interbotix_moveit_interface_msgs/share/interbotix_moveit_interface_msgs/cmake/ament_cmake_export_include_directories-extras.cmake
[2.276s] -- Up-to-date: /home/mscrobotics2425laptop4/interbotix_ws/install/interbotix_moveit_interface_msgs/share/interbotix_moveit_interface_msgs/cmake/ament_cmake_export_libraries-extras.cmake
[2.277s] -- Up-to-date: /home/mscrobotics2425laptop4/interbotix_ws/install/interbotix_moveit_interface_msgs/share/interbotix_moveit_interface_msgs/cmake/ament_cmake_export_targets-extras.cmake
[2.277s] -- Up-to-date: /home/mscrobotics2425laptop4/interbotix_ws/install/interbotix_moveit_interface_msgs/share/interbotix_moveit_interface_msgs/cmake/rosidl_cmake_export_typesupport_targets-extras.cmake
[2.278s] -- Up-to-date: /home/mscrobotics2425laptop4/interbotix_ws/install/interbotix_moveit_interface_msgs/share/interbotix_moveit_interface_msgs/cmake/rosidl_cmake_export_typesupport_libraries-extras.cmake
[2.279s] -- Up-to-date: /home/mscrobotics2425laptop4/interbotix_ws/install/interbotix_moveit_interface_msgs/share/interbotix_moveit_interface_msgs/cmake/interbotix_moveit_interface_msgsConfig.cmake
[2.279s] -- Up-to-date: /home/mscrobotics2425laptop4/interbotix_ws/install/interbotix_moveit_interface_msgs/share/interbotix_moveit_interface_msgs/cmake/interbotix_moveit_interface_msgsConfig-version.cmake
[2.280s] -- Up-to-date: /home/mscrobotics2425laptop4/interbotix_ws/install/interbotix_moveit_interface_msgs/share/interbotix_moveit_interface_msgs/package.xml
[2.347s] Invoked command in '/home/mscrobotics2425laptop4/interbotix_ws/build/interbotix_moveit_interface_msgs' returned '0': CMAKE_PREFIX_PATH=${CMAKE_PREFIX_PATH}:/home/mscrobotics2425laptop4/interbotix_ws/install/ros_cv_messages:/home/mscrobotics2425laptop4/interbotix_ws/install/leo_realsense:/home/mscrobotics2425laptop4/interbotix_ws/install/leo_manipulator:/home/mscrobotics2425laptop4/interbotix_ws/install/leo_main:/home/mscrobotics2425laptop4/interbotix_ws/install/leo_launch:/home/mscrobotics2425laptop4/interbotix_ws/install/interbotix_xs_modules:/home/mscrobotics2425laptop4/interbotix_ws/install/interbotix_perception_modules:/home/mscrobotics2425laptop4/interbotix_ws/install/interbotix_common_modules:/opt/ros/humble /usr/bin/cmake --install /home/mscrobotics2425laptop4/interbotix_ws/build/interbotix_moveit_interface_msgs
