[0.043s] Invoking command in '/home/mscrobotics2425laptop4/interbotix_ws/build/interbotix_gravity_compensation': AMENT_PREFIX_PATH=/home/mscrobotics2425laptop4/interbotix_ws/install/interbotix_xs_msgs:${AMENT_PREFIX_PATH} CMAKE_PREFIX_PATH=/home/mscrobotics2425laptop4/interbotix_ws/install/interbotix_xs_msgs:/opt/ros/humble LD_LIBRARY_PATH=/home/mscrobotics2425laptop4/interbotix_ws/install/interbotix_xs_msgs/lib:${LD_LIBRARY_PATH} PYTHONPATH=/home/mscrobotics2425laptop4/interbotix_ws/install/interbotix_xs_msgs/local/lib/python3.10/dist-packages:${PYTHONPATH} /usr/bin/cmake --build /home/mscrobotics2425laptop4/interbotix_ws/build/interbotix_gravity_compensation -- -j12 -l12
[0.132s] [35m[1mConsolidate compiler generated dependencies of target interbotix_gravity_compensation[0m
[0.163s] [100%] Built target interbotix_gravity_compensation
[0.195s] Invoked command in '/home/mscrobotics2425laptop4/interbotix_ws/build/interbotix_gravity_compensation' returned '0': AMENT_PREFIX_PATH=/home/mscrobotics2425laptop4/interbotix_ws/install/interbotix_xs_msgs:${AMENT_PREFIX_PATH} CMAKE_PREFIX_PATH=/home/mscrobotics2425laptop4/interbotix_ws/install/interbotix_xs_msgs:/opt/ros/humble LD_LIBRARY_PATH=/home/mscrobotics2425laptop4/interbotix_ws/install/interbotix_xs_msgs/lib:${LD_LIBRARY_PATH} PYTHONPATH=/home/mscrobotics2425laptop4/interbotix_ws/install/interbotix_xs_msgs/local/lib/python3.10/dist-packages:${PYTHONPATH} /usr/bin/cmake --build /home/mscrobotics2425laptop4/interbotix_ws/build/interbotix_gravity_compensation -- -j12 -l12
[0.199s] Invoking command in '/home/mscrobotics2425laptop4/interbotix_ws/build/interbotix_gravity_compensation': AMENT_PREFIX_PATH=/home/mscrobotics2425laptop4/interbotix_ws/install/interbotix_xs_msgs:${AMENT_PREFIX_PATH} CMAKE_PREFIX_PATH=/home/mscrobotics2425laptop4/interbotix_ws/install/interbotix_xs_msgs:/opt/ros/humble LD_LIBRARY_PATH=/home/mscrobotics2425laptop4/interbotix_ws/install/interbotix_xs_msgs/lib:${LD_LIBRARY_PATH} PYTHONPATH=/home/mscrobotics2425laptop4/interbotix_ws/install/interbotix_xs_msgs/local/lib/python3.10/dist-packages:${PYTHONPATH} /usr/bin/cmake --install /home/mscrobotics2425laptop4/interbotix_ws/build/interbotix_gravity_compensation
[0.210s] -- Install configuration: ""
[0.210s] -- Up-to-date: /home/mscrobotics2425laptop4/interbotix_ws/install/interbotix_gravity_compensation/lib/interbotix_gravity_compensation/interbotix_gravity_compensation
[0.211s] -- Up-to-date: /home/mscrobotics2425laptop4/interbotix_ws/install/interbotix_gravity_compensation/share/interbotix_gravity_compensation/config
[0.211s] -- Up-to-date: /home/mscrobotics2425laptop4/interbotix_ws/install/interbotix_gravity_compensation/share/interbotix_gravity_compensation/config/motor_specs_example.yaml
[0.211s] -- Up-to-date: /home/mscrobotics2425laptop4/interbotix_ws/install/interbotix_gravity_compensation/share/ament_index/resource_index/package_run_dependencies/interbotix_gravity_compensation
[0.212s] -- Up-to-date: /home/mscrobotics2425laptop4/interbotix_ws/install/interbotix_gravity_compensation/share/ament_index/resource_index/parent_prefix_path/interbotix_gravity_compensation
[0.212s] -- Up-to-date: /home/mscrobotics2425laptop4/interbotix_ws/install/interbotix_gravity_compensation/share/interbotix_gravity_compensation/environment/ament_prefix_path.sh
[0.212s] -- Up-to-date: /home/mscrobotics2425laptop4/interbotix_ws/install/interbotix_gravity_compensation/share/interbotix_gravity_compensation/environment/ament_prefix_path.dsv
[0.212s] -- Up-to-date: /home/mscrobotics2425laptop4/interbotix_ws/install/interbotix_gravity_compensation/share/interbotix_gravity_compensation/environment/path.sh
[0.213s] -- Up-to-date: /home/mscrobotics2425laptop4/interbotix_ws/install/interbotix_gravity_compensation/share/interbotix_gravity_compensation/environment/path.dsv
[0.213s] -- Up-to-date: /home/mscrobotics2425laptop4/interbotix_ws/install/interbotix_gravity_compensation/share/interbotix_gravity_compensation/local_setup.bash
[0.213s] -- Up-to-date: /home/mscrobotics2425laptop4/interbotix_ws/install/interbotix_gravity_compensation/share/interbotix_gravity_compensation/local_setup.sh
[0.214s] -- Up-to-date: /home/mscrobotics2425laptop4/interbotix_ws/install/interbotix_gravity_compensation/share/interbotix_gravity_compensation/local_setup.zsh
[0.214s] -- Up-to-date: /home/mscrobotics2425laptop4/interbotix_ws/install/interbotix_gravity_compensation/share/interbotix_gravity_compensation/local_setup.dsv
[0.214s] -- Installing: /home/mscrobotics2425laptop4/interbotix_ws/install/interbotix_gravity_compensation/share/interbotix_gravity_compensation/package.dsv
[0.215s] -- Up-to-date: /home/mscrobotics2425laptop4/interbotix_ws/install/interbotix_gravity_compensation/share/ament_index/resource_index/packages/interbotix_gravity_compensation
[0.216s] -- Up-to-date: /home/mscrobotics2425laptop4/interbotix_ws/install/interbotix_gravity_compensation/share/interbotix_gravity_compensation/cmake/interbotix_gravity_compensationConfig.cmake
[0.216s] -- Up-to-date: /home/mscrobotics2425laptop4/interbotix_ws/install/interbotix_gravity_compensation/share/interbotix_gravity_compensation/cmake/interbotix_gravity_compensationConfig-version.cmake
[0.217s] -- Up-to-date: /home/mscrobotics2425laptop4/interbotix_ws/install/interbotix_gravity_compensation/share/interbotix_gravity_compensation/package.xml
[0.218s] Invoked command in '/home/mscrobotics2425laptop4/interbotix_ws/build/interbotix_gravity_compensation' returned '0': AMENT_PREFIX_PATH=/home/mscrobotics2425laptop4/interbotix_ws/install/interbotix_xs_msgs:${AMENT_PREFIX_PATH} CMAKE_PREFIX_PATH=/home/mscrobotics2425laptop4/interbotix_ws/install/interbotix_xs_msgs:/opt/ros/humble LD_LIBRARY_PATH=/home/mscrobotics2425laptop4/interbotix_ws/install/interbotix_xs_msgs/lib:${LD_LIBRARY_PATH} PYTHONPATH=/home/mscrobotics2425laptop4/interbotix_ws/install/interbotix_xs_msgs/local/lib/python3.10/dist-packages:${PYTHONPATH} /usr/bin/cmake --install /home/mscrobotics2425laptop4/interbotix_ws/build/interbotix_gravity_compensation
