[0.505s] Invoking command in '/home/mscrobotics2425laptop4/interbotix_ws/build/moveit_visual_tools': CMAKE_PREFIX_PATH=/opt/ros/humble /usr/bin/cmake --build /home/mscrobotics2425laptop4/interbotix_ws/build/moveit_visual_tools -- -j12 -l12
[0.619s] [35m[1mConsolidate compiler generated dependencies of target moveit_visual_tools[0m
[0.759s] [ 66%] Built target moveit_visual_tools
[0.785s] [35m[1mConsolidate compiler generated dependencies of target moveit_visual_tools_demo[0m
[0.848s] [100%] Built target moveit_visual_tools_demo
[0.946s] Invoked command in '/home/mscrobotics2425laptop4/interbotix_ws/build/moveit_visual_tools' returned '0': CMAKE_PREFIX_PATH=/opt/ros/humble /usr/bin/cmake --build /home/mscrobotics2425laptop4/interbotix_ws/build/moveit_visual_tools -- -j12 -l12
[0.954s] Invoking command in '/home/mscrobotics2425laptop4/interbotix_ws/build/moveit_visual_tools': CMAKE_PREFIX_PATH=/opt/ros/humble /usr/bin/cmake --install /home/mscrobotics2425laptop4/interbotix_ws/build/moveit_visual_tools
[0.981s] -- Install configuration: "Release"
[0.984s] -- Up-to-date: /home/mscrobotics2425laptop4/interbotix_ws/install/moveit_visual_tools/share/moveit_visual_tools/environment/library_path.sh
[0.984s] -- Up-to-date: /home/mscrobotics2425laptop4/interbotix_ws/install/moveit_visual_tools/share/moveit_visual_tools/environment/library_path.dsv
[0.984s] -- Up-to-date: /home/mscrobotics2425laptop4/interbotix_ws/install/moveit_visual_tools/lib/libmoveit_visual_tools.so
[0.985s] -- Up-to-date: /home/mscrobotics2425laptop4/interbotix_ws/install/moveit_visual_tools/lib/moveit_visual_tools/moveit_visual_tools_demo
[0.986s] -- Up-to-date: /home/mscrobotics2425laptop4/interbotix_ws/install/moveit_visual_tools/include
[0.986s] -- Up-to-date: /home/mscrobotics2425laptop4/interbotix_ws/install/moveit_visual_tools/include/moveit_visual_tools
[0.987s] -- Up-to-date: /home/mscrobotics2425laptop4/interbotix_ws/install/moveit_visual_tools/include/moveit_visual_tools/imarker_end_effector.h
[0.988s] -- Up-to-date: /home/mscrobotics2425laptop4/interbotix_ws/install/moveit_visual_tools/include/moveit_visual_tools/moveit_visual_tools.h
[0.988s] -- Up-to-date: /home/mscrobotics2425laptop4/interbotix_ws/install/moveit_visual_tools/include/moveit_visual_tools/imarker_robot_state.h
[0.988s] -- Up-to-date: /home/mscrobotics2425laptop4/interbotix_ws/install/moveit_visual_tools/share/moveit_visual_tools/launch
[0.989s] -- Up-to-date: /home/mscrobotics2425laptop4/interbotix_ws/install/moveit_visual_tools/share/moveit_visual_tools/launch/demo_rviz.launch.py
[0.989s] -- Up-to-date: /home/mscrobotics2425laptop4/interbotix_ws/install/moveit_visual_tools/share/moveit_visual_tools/launch/demo.rviz
[0.989s] -- Up-to-date: /home/mscrobotics2425laptop4/interbotix_ws/install/moveit_visual_tools/share/moveit_visual_tools/resources
[0.989s] -- Up-to-date: /home/mscrobotics2425laptop4/interbotix_ws/install/moveit_visual_tools/share/moveit_visual_tools/resources/demo.png
[0.989s] -- Up-to-date: /home/mscrobotics2425laptop4/interbotix_ws/install/moveit_visual_tools/share/moveit_visual_tools/resources/rrbot.srdf
[0.990s] -- Up-to-date: /home/mscrobotics2425laptop4/interbotix_ws/install/moveit_visual_tools/share/moveit_visual_tools/resources/screenshot.png
[0.990s] -- Up-to-date: /home/mscrobotics2425laptop4/interbotix_ws/install/moveit_visual_tools/share/moveit_visual_tools/resources/demo_mesh.stl
[0.990s] -- Up-to-date: /home/mscrobotics2425laptop4/interbotix_ws/install/moveit_visual_tools/share/moveit_visual_tools/resources/rrbot.urdf
[0.990s] -- Up-to-date: /home/mscrobotics2425laptop4/interbotix_ws/install/moveit_visual_tools/share/ament_index/resource_index/package_run_dependencies/moveit_visual_tools
[0.991s] -- Up-to-date: /home/mscrobotics2425laptop4/interbotix_ws/install/moveit_visual_tools/share/ament_index/resource_index/parent_prefix_path/moveit_visual_tools
[0.991s] -- Up-to-date: /home/mscrobotics2425laptop4/interbotix_ws/install/moveit_visual_tools/share/moveit_visual_tools/environment/ament_prefix_path.sh
[0.991s] -- Up-to-date: /home/mscrobotics2425laptop4/interbotix_ws/install/moveit_visual_tools/share/moveit_visual_tools/environment/ament_prefix_path.dsv
[0.991s] -- Up-to-date: /home/mscrobotics2425laptop4/interbotix_ws/install/moveit_visual_tools/share/moveit_visual_tools/environment/path.sh
[0.991s] -- Up-to-date: /home/mscrobotics2425laptop4/interbotix_ws/install/moveit_visual_tools/share/moveit_visual_tools/environment/path.dsv
[0.992s] -- Up-to-date: /home/mscrobotics2425laptop4/interbotix_ws/install/moveit_visual_tools/share/moveit_visual_tools/local_setup.bash
[0.992s] -- Up-to-date: /home/mscrobotics2425laptop4/interbotix_ws/install/moveit_visual_tools/share/moveit_visual_tools/local_setup.sh
[0.992s] -- Up-to-date: /home/mscrobotics2425laptop4/interbotix_ws/install/moveit_visual_tools/share/moveit_visual_tools/local_setup.zsh
[0.993s] -- Up-to-date: /home/mscrobotics2425laptop4/interbotix_ws/install/moveit_visual_tools/share/moveit_visual_tools/local_setup.dsv
[1.000s] -- Installing: /home/mscrobotics2425laptop4/interbotix_ws/install/moveit_visual_tools/share/moveit_visual_tools/package.dsv
[1.001s] -- Up-to-date: /home/mscrobotics2425laptop4/interbotix_ws/install/moveit_visual_tools/share/ament_index/resource_index/packages/moveit_visual_tools
[1.001s] -- Up-to-date: /home/mscrobotics2425laptop4/interbotix_ws/install/moveit_visual_tools/share/moveit_visual_tools/cmake/export_moveit_visual_toolsExport.cmake
[1.001s] -- Up-to-date: /home/mscrobotics2425laptop4/interbotix_ws/install/moveit_visual_tools/share/moveit_visual_tools/cmake/export_moveit_visual_toolsExport-release.cmake
[1.001s] -- Up-to-date: /home/mscrobotics2425laptop4/interbotix_ws/install/moveit_visual_tools/share/moveit_visual_tools/cmake/ament_cmake_export_targets-extras.cmake
[1.002s] -- Up-to-date: /home/mscrobotics2425laptop4/interbotix_ws/install/moveit_visual_tools/share/moveit_visual_tools/cmake/ament_cmake_export_dependencies-extras.cmake
[1.002s] -- Up-to-date: /home/mscrobotics2425laptop4/interbotix_ws/install/moveit_visual_tools/share/moveit_visual_tools/cmake/moveit_visual_toolsConfig.cmake
[1.002s] -- Up-to-date: /home/mscrobotics2425laptop4/interbotix_ws/install/moveit_visual_tools/share/moveit_visual_tools/cmake/moveit_visual_toolsConfig-version.cmake
[1.002s] -- Up-to-date: /home/mscrobotics2425laptop4/interbotix_ws/install/moveit_visual_tools/share/moveit_visual_tools/package.xml
[1.007s] Invoked command in '/home/mscrobotics2425laptop4/interbotix_ws/build/moveit_visual_tools' returned '0': CMAKE_PREFIX_PATH=/opt/ros/humble /usr/bin/cmake --install /home/mscrobotics2425laptop4/interbotix_ws/build/moveit_visual_tools
