[1.378s] Invoking command in '/home/mscrobotics2425laptop4/LEO-ROVER-CODING/interbotix_ws/src/leo_launch': PYTHONPATH=/home/mscrobotics2425laptop4/LEO-ROVER-CODING/build/leo_launch/prefix_override:/usr/lib/python3/dist-packages/colcon_core/task/python/colcon_distutils_commands:/home/mscrobotics2425laptop4/LEO-ROVER-CODING/install/leo_launch/lib/python3.10/site-packages:${PYTHONPATH} /usr/bin/python3 -W ignore:setup.py install is deprecated -W ignore:easy_install command is deprecated setup.py egg_info --egg-base ../../../build/leo_launch build --build-base /home/mscrobotics2425laptop4/LEO-ROVER-CODING/build/leo_launch/build install --record /home/mscrobotics2425laptop4/LEO-ROVER-CODING/build/leo_launch/install.log --single-version-externally-managed install_data
[1.709s] running egg_info
[1.710s] creating ../../../build/leo_launch/leo_launch.egg-info
[1.710s] writing ../../../build/leo_launch/leo_launch.egg-info/PKG-INFO
[1.710s] writing dependency_links to ../../../build/leo_launch/leo_launch.egg-info/dependency_links.txt
[1.710s] writing entry points to ../../../build/leo_launch/leo_launch.egg-info/entry_points.txt
[1.710s] writing requirements to ../../../build/leo_launch/leo_launch.egg-info/requires.txt
[1.711s] writing top-level names to ../../../build/leo_launch/leo_launch.egg-info/top_level.txt
[1.711s] writing manifest file '../../../build/leo_launch/leo_launch.egg-info/SOURCES.txt'
[1.711s] reading manifest file '../../../build/leo_launch/leo_launch.egg-info/SOURCES.txt'
[1.712s] writing manifest file '../../../build/leo_launch/leo_launch.egg-info/SOURCES.txt'
[1.712s] running build
[1.712s] running build_py
[1.712s] creating /home/mscrobotics2425laptop4/LEO-ROVER-CODING/build/leo_launch/build
[1.712s] creating /home/mscrobotics2425laptop4/LEO-ROVER-CODING/build/leo_launch/build/lib
[1.712s] creating /home/mscrobotics2425laptop4/LEO-ROVER-CODING/build/leo_launch/build/lib/leo_launch
[1.713s] copying leo_launch/__init__.py -> /home/mscrobotics2425laptop4/LEO-ROVER-CODING/build/leo_launch/build/lib/leo_launch
[1.713s] running install
[1.713s] running install_lib
[1.713s] creating /home/mscrobotics2425laptop4/LEO-ROVER-CODING/install/leo_launch/lib/python3.10/site-packages/leo_launch
[1.713s] copying /home/mscrobotics2425laptop4/LEO-ROVER-CODING/build/leo_launch/build/lib/leo_launch/__init__.py -> /home/mscrobotics2425laptop4/LEO-ROVER-CODING/install/leo_launch/lib/python3.10/site-packages/leo_launch
[1.713s] byte-compiling /home/mscrobotics2425laptop4/LEO-ROVER-CODING/install/leo_launch/lib/python3.10/site-packages/leo_launch/__init__.py to __init__.cpython-310.pyc
[1.714s] running install_data
[1.714s] creating /home/mscrobotics2425laptop4/LEO-ROVER-CODING/install/leo_launch/share/ament_index
[1.714s] creating /home/mscrobotics2425laptop4/LEO-ROVER-CODING/install/leo_launch/share/ament_index/resource_index
[1.714s] creating /home/mscrobotics2425laptop4/LEO-ROVER-CODING/install/leo_launch/share/ament_index/resource_index/packages
[1.714s] copying resource/leo_launch -> /home/mscrobotics2425laptop4/LEO-ROVER-CODING/install/leo_launch/share/ament_index/resource_index/packages
[1.714s] copying package.xml -> /home/mscrobotics2425laptop4/LEO-ROVER-CODING/install/leo_launch/share/leo_launch
[1.714s] creating /home/mscrobotics2425laptop4/LEO-ROVER-CODING/install/leo_launch/share/leo_launch/launch
[1.714s] copying launch/leo_startup.launch.py -> /home/mscrobotics2425laptop4/LEO-ROVER-CODING/install/leo_launch/share/leo_launch/launch
[1.714s] running install_egg_info
[1.715s] Copying ../../../build/leo_launch/leo_launch.egg-info to /home/mscrobotics2425laptop4/LEO-ROVER-CODING/install/leo_launch/lib/python3.10/site-packages/leo_launch-0.0.0-py3.10.egg-info
[1.715s] running install_scripts
[1.741s] writing list of installed files to '/home/mscrobotics2425laptop4/LEO-ROVER-CODING/build/leo_launch/install.log'
[1.789s] Invoked command in '/home/mscrobotics2425laptop4/LEO-ROVER-CODING/interbotix_ws/src/leo_launch' returned '0': PYTHONPATH=/home/mscrobotics2425laptop4/LEO-ROVER-CODING/build/leo_launch/prefix_override:/usr/lib/python3/dist-packages/colcon_core/task/python/colcon_distutils_commands:/home/mscrobotics2425laptop4/LEO-ROVER-CODING/install/leo_launch/lib/python3.10/site-packages:${PYTHONPATH} /usr/bin/python3 -W ignore:setup.py install is deprecated -W ignore:easy_install command is deprecated setup.py egg_info --egg-base ../../../build/leo_launch build --build-base /home/mscrobotics2425laptop4/LEO-ROVER-CODING/build/leo_launch/build install --record /home/mscrobotics2425laptop4/LEO-ROVER-CODING/build/leo_launch/install.log --single-version-externally-managed install_data
