--2025-04-09 15:28:21--  https://raw.githubusercontent.com/hrnr/m-explore-extra/master/map_merge/hector_maps/map00.pgm
Resolving raw.githubusercontent.com (raw.githubusercontent.com)... 185.199.111.133, 185.199.109.133, 185.199.108.133, ...
Connecting to raw.githubusercontent.com (raw.githubusercontent.com)|185.199.111.133|:443... connected.
HTTP request sent, awaiting response... 200 OK
Length: 4194362 (4.0M) [application/octet-stream]
Saving to: ‘/home/mscrobotics2425laptop4/LEO-ROVER-CODING/build/multirobot_map_merge/map00.pgm’

     0K .......... .......... .......... .......... ..........  1% 2.18M 2s
    50K .......... .......... .......... .......... ..........  2% 4.39M 1s
   100K .......... .......... .......... .......... ..........  3% 6.82M 1s
   150K .......... .......... .......... .......... ..........  4% 7.14M 1s
   200K .......... .......... .......... .......... ..........  6% 14.0M 1s
   250K .......... .......... .......... .......... ..........  7% 7.03M 1s
   300K .......... .......... .......... .......... ..........  8% 1.62M 1s
   350K .......... .......... .......... .......... ..........  9%  277M 1s
   400K .......... .......... .......... .......... .......... 10%  265M 1s
   450K .......... .......... .......... .......... .......... 12%  314M 1s
   500K .......... .......... .......... .......... .......... 13%  300M 1s
   550K .......... .......... .......... .......... .......... 14%  289M 1s
   600K .......... .......... .......... .......... .......... 15% 2.07M 1s
   650K .......... .......... .......... .......... .......... 17% 5.73M 1s
   700K .......... .......... .......... .......... .......... 18% 3.24M 1s
   750K .......... .......... .......... .......... .......... 19% 3.56M 1s
   800K .......... .......... .......... .......... .......... 20% 5.27M 1s
   850K .......... .......... .......... .......... .......... 21% 3.14M 1s
   900K .......... .......... .......... .......... .......... 23% 19.5M 1s
   950K .......... .......... .......... .......... .......... 24% 4.66M 1s
  1000K .......... .......... .......... .......... .......... 25% 1.63M 1s
  1050K .......... .......... .......... .......... .......... 26%  789K 1s
  1100K .......... .......... .......... .......... .......... 28%  278M 1s
  1150K .......... .......... .......... .......... .......... 29%  325M 1s
  1200K .......... .......... .......... .......... .......... 30%  316M 1s
  1250K .......... .......... .......... .......... .......... 31%  267M 1s
  1300K .......... .......... .......... .......... .......... 32%  314M 1s
  1350K .......... .......... .......... .......... .......... 34% 2.96M 1s
  1400K .......... .......... .......... .......... .......... 35% 4.91M 1s
  1450K .......... .......... .......... .......... .......... 36% 5.47M 1s
  1500K .......... .......... .......... .......... .......... 37% 45.5M 1s
  1550K .......... .......... .......... .......... .......... 39% 1.97M 1s
  1600K .......... .......... .......... .......... .......... 40% 24.0M 1s
  1650K .......... .......... .......... .......... .......... 41% 1.21M 1s
  1700K .......... .......... .......... .......... .......... 42%  272M 1s
  1750K .......... .......... .......... .......... .......... 43%  284M 0s
  1800K .......... .......... .......... .......... .......... 45%  285M 0s
  1850K .......... .......... .......... .......... .......... 46% 17.3M 0s
  1900K .......... .......... .......... .......... .......... 47% 6.93M 0s
  1950K .......... .......... .......... .......... .......... 48% 4.06M 0s
  2000K .......... .......... .......... .......... .......... 50% 5.18M 0s
  2050K .......... .......... .......... .......... .......... 51% 20.2M 0s
  2100K .......... .......... .......... .......... .......... 52% 2.11M 0s
  2150K .......... .......... .......... .......... .......... 53% 10.1M 0s
  2200K .......... .......... .......... .......... .......... 54% 6.05M 0s
  2250K .......... .......... .......... .......... .......... 56% 1.55M 0s
  2300K .......... .......... .......... .......... .......... 57%  195M 0s
  2350K .......... .......... .......... .......... .......... 58% 1.00M 0s
  2400K .......... .......... .......... .......... .......... 59%  268M 0s
  2450K .......... .......... .......... .......... .......... 61% 1.27M 0s
  2500K .......... .......... .......... .......... .......... 62%  276M 0s
  2550K .......... .......... .......... .......... .......... 63% 11.3M 0s
  2600K .......... .......... .......... .......... .......... 64% 2.01M 0s
  2650K .......... .......... .......... .......... .......... 65% 1.87M 0s
  2700K .......... .......... .......... .......... .......... 67% 3.64M 0s
  2750K .......... .......... .......... .......... .......... 68% 4.22M 0s
  2800K .......... .......... .......... .......... .......... 69% 2.48M 0s
  2850K .......... .......... .......... .......... .......... 70% 2.17M 0s
  2900K .......... .......... .......... .......... .......... 72% 6.22M 0s
  2950K .......... .......... .......... .......... .......... 73% 3.38M 0s
  3000K .......... .......... .......... .......... .......... 74% 2.78M 0s
  3050K .......... .......... .......... .......... .......... 75% 1.61M 0s
  3100K .......... .......... .......... .......... .......... 76% 2.45M 0s
  3150K .......... .......... .......... .......... .......... 78% 3.19M 0s
  3200K .......... .......... .......... .......... .......... 79% 1.84M 0s
  3250K .......... .......... .......... .......... .......... 80% 2.13M 0s
  3300K .......... .......... .......... .......... .......... 81% 1.93M 0s
  3350K .......... .......... .......... .......... .......... 83% 2.58M 0s
  3400K .......... .......... .......... .......... .......... 84% 1.65M 0s
  3450K .......... .......... .......... .......... .......... 85% 1.34M 0s
  3500K .......... .......... .......... .......... .......... 86% 2.39M 0s
  3550K .......... .......... .......... .......... .......... 87% 2.16M 0s
  3600K .......... .......... .......... .......... .......... 89% 2.68M 0s
  3650K .......... .......... .......... .......... .......... 90% 2.70M 0s
  3700K .......... .......... .......... .......... .......... 91% 1.16M 0s
  3750K .......... .......... .......... .......... .......... 92% 2.36M 0s
  3800K .......... .......... .......... .......... .......... 93% 2.26M 0s
  3850K .......... .......... .......... .......... .......... 95% 1.95M 0s
  3900K .......... .......... .......... .......... .......... 96% 2.84M 0s
  3950K .......... .......... .......... .......... .......... 97% 2.51M 0s
  4000K .......... .......... .......... .......... .......... 98% 2.44M 0s
  4050K .......... .......... .......... .......... ......    100% 3.78M=1.2s

2025-04-09 15:28:23 (3.28 MB/s) - ‘/home/mscrobotics2425laptop4/LEO-ROVER-CODING/build/multirobot_map_merge/map00.pgm’ saved [4194362/4194362]

--2025-04-09 15:28:23--  https://raw.githubusercontent.com/hrnr/m-explore-extra/master/map_merge/hector_maps/map05.pgm
Resolving raw.githubusercontent.com (raw.githubusercontent.com)... 185.199.109.133, 185.199.108.133, 185.199.111.133, ...
Connecting to raw.githubusercontent.com (raw.githubusercontent.com)|185.199.109.133|:443... connected.
HTTP request sent, awaiting response... 200 OK
Length: 4194362 (4.0M) [application/octet-stream]
Saving to: ‘/home/mscrobotics2425laptop4/LEO-ROVER-CODING/build/multirobot_map_merge/map05.pgm’

     0K .......... .......... .......... .......... ..........  1% 1.95M 2s
    50K .......... .......... .......... .......... ..........  2% 1.99M 2s
   100K .......... .......... .......... .......... ..........  3% 5.47M 2s
   150K .......... .......... .......... .......... ..........  4% 2.44M 2s
   200K .......... .......... .......... .......... ..........  6% 31.6M 1s
   250K .......... .......... .......... .......... ..........  7% 2.04M 1s
   300K .......... .......... .......... .......... ..........  8% 1.65M 1s
   350K .......... .......... .......... .......... ..........  9% 5.29M 1s
   400K .......... .......... .......... .......... .......... 10% 7.20M 1s
   450K .......... .......... .......... .......... .......... 12% 1.83M 1s
   500K .......... .......... .......... .......... .......... 13% 10.7M 1s
   550K .......... .......... .......... .......... .......... 14% 7.70M 1s
   600K .......... .......... .......... .......... .......... 15% 3.53M 1s
   650K .......... .......... .......... .......... .......... 17% 11.7M 1s
   700K .......... .......... .......... .......... .......... 18% 2.13M 1s
   750K .......... .......... .......... .......... .......... 19%  272M 1s
   800K .......... .......... .......... .......... .......... 20% 3.48M 1s
   850K .......... .......... .......... .......... .......... 21% 4.01M 1s
   900K .......... .......... .......... .......... .......... 23% 3.88M 1s
   950K .......... .......... .......... .......... .......... 24% 1.43M 1s
  1000K .......... .......... .......... .......... .......... 25%  277M 1s
  1050K .......... .......... .......... .......... .......... 26%  381M 1s
  1100K .......... .......... .......... .......... .......... 28% 13.3M 1s
  1150K .......... .......... .......... .......... .......... 29% 3.04M 1s
  1200K .......... .......... .......... .......... .......... 30% 2.06M 1s
  1250K .......... .......... .......... .......... .......... 31% 36.5M 1s
  1300K .......... .......... .......... .......... .......... 32% 36.0M 1s
  1350K .......... .......... .......... .......... .......... 34% 2.98M 1s
  1400K .......... .......... .......... .......... .......... 35% 2.88M 1s
  1450K .......... .......... .......... .......... .......... 36% 4.10M 1s
  1500K .......... .......... .......... .......... .......... 37% 2.03M 1s
  1550K .......... .......... .......... .......... .......... 39%  382M 1s
  1600K .......... .......... .......... .......... .......... 40% 2.32M 1s
  1650K .......... .......... .......... .......... .......... 41% 2.13M 1s
  1700K .......... .......... .......... .......... .......... 42% 2.57M 1s
  1750K .......... .......... .......... .......... .......... 43% 3.77M 1s
  1800K .......... .......... .......... .......... .......... 45% 3.24M 1s
  1850K .......... .......... .......... .......... .......... 46% 2.82M 1s
  1900K .......... .......... .......... .......... .......... 47% 1.83M 1s
  1950K .......... .......... .......... .......... .......... 48%  384M 1s
  2000K .......... .......... .......... .......... .......... 50% 2.64M 1s
  2050K .......... .......... .......... .......... .......... 51% 2.40M 1s
  2100K .......... .......... .......... .......... .......... 52% 2.75M 1s
  2150K .......... .......... .......... .......... .......... 53% 4.70M 1s
  2200K .......... .......... .......... .......... .......... 54% 1.29M 1s
  2250K .......... .......... .......... .......... .......... 56%  216M 1s
  2300K .......... .......... .......... .......... .......... 57% 2.73M 1s
  2350K .......... .......... .......... .......... .......... 58% 2.77M 0s
  2400K .......... .......... .......... .......... .......... 59% 2.17M 0s
  2450K .......... .......... .......... .......... .......... 61% 3.07M 0s
  2500K .......... .......... .......... .......... .......... 62% 1.05M 0s
  2550K .......... .......... .......... .......... .......... 63% 3.99M 0s
  2600K .......... .......... .......... .......... .......... 64% 1.74M 0s
  2650K .......... .......... .......... .......... .......... 65% 1.47M 0s
  2700K .......... .......... .......... .......... .......... 67% 2.58M 0s
  2750K .......... .......... .......... .......... .......... 68% 1.33M 0s
  2800K .......... .......... .......... .......... .......... 69% 1.44M 0s
  2850K .......... .......... .......... .......... .......... 70% 2.39M 0s
  2900K .......... .......... .......... .......... .......... 72% 1.31M 0s
  2950K .......... .......... .......... .......... .......... 73% 1.76M 0s
  3000K .......... .......... .......... .......... .......... 74% 1.30M 0s
  3050K .......... .......... .......... .......... .......... 75% 2.88M 0s
  3100K .......... .......... .......... .......... .......... 76% 2.50M 0s
  3150K .......... .......... .......... .......... .......... 78% 2.03M 0s
  3200K .......... .......... .......... .......... .......... 79% 2.13M 0s
  3250K .......... .......... .......... .......... .......... 80% 2.32M 0s
  3300K .......... .......... .......... .......... .......... 81% 1.79M 0s
  3350K .......... .......... .......... .......... .......... 83% 2.52M 0s
  3400K .......... .......... .......... .......... .......... 84% 2.60M 0s
  3450K .......... .......... .......... .......... .......... 85% 3.58M 0s
  3500K .......... .......... .......... .......... .......... 86% 1.88M 0s
  3550K .......... .......... .......... .......... .......... 87% 2.47M 0s
  3600K .......... .......... .......... .......... .......... 89% 2.70M 0s
  3650K .......... .......... .......... .......... .......... 90% 3.05M 0s
  3700K .......... .......... .......... .......... .......... 91% 1.98M 0s
  3750K .......... .......... .......... .......... .......... 92% 2.29M 0s
  3800K .......... .......... .......... .......... .......... 93% 2.22M 0s
  3850K .......... .......... .......... .......... .......... 95% 2.12M 0s
  3900K .......... .......... .......... .......... .......... 96% 1.11M 0s
  3950K .......... .......... .......... .......... .......... 97% 1.22M 0s
  4000K .......... .......... .......... .......... .......... 98% 1.04M 0s
  4050K .......... .......... .......... .......... ......    100% 1.61M=1.6s

2025-04-09 15:28:24 (2.54 MB/s) - ‘/home/mscrobotics2425laptop4/LEO-ROVER-CODING/build/multirobot_map_merge/map05.pgm’ saved [4194362/4194362]

--2025-04-09 15:28:25--  https://raw.githubusercontent.com/hrnr/m-explore-extra/master/map_merge/gmapping_maps/2011-08-09-12-22-52.pgm
Resolving raw.githubusercontent.com (raw.githubusercontent.com)... 185.199.111.133, 185.199.110.133, 185.199.109.133, ...
Connecting to raw.githubusercontent.com (raw.githubusercontent.com)|185.199.111.133|:443... connected.
HTTP request sent, awaiting response... 200 OK
Length: 16000058 (15M) [application/octet-stream]
Saving to: ‘/home/mscrobotics2425laptop4/LEO-ROVER-CODING/build/multirobot_map_merge/2011-08-09-12-22-52.pgm’

     0K .......... .......... .......... .......... ..........  0% 2.40M 6s
    50K .......... .......... .......... .......... ..........  0% 3.34M 5s
   100K .......... .......... .......... .......... ..........  0% 1.94M 6s
   150K .......... .......... .......... .......... ..........  1% 14.8M 5s
   200K .......... .......... .......... .......... ..........  1% 27.8M 4s
   250K .......... .......... .......... .......... ..........  1% 1.27M 5s
   300K .......... .......... .......... .......... ..........  2% 18.8M 5s
   350K .......... .......... .......... .......... ..........  2% 2.34M 5s
   400K .......... .......... .......... .......... ..........  2% 5.14M 5s
   450K .......... .......... .......... .......... ..........  3% 3.38M 5s
   500K .......... .......... .......... .......... ..........  3% 8.46M 4s
   550K .......... .......... .......... .......... ..........  3% 4.37M 4s
   600K .......... .......... .......... .......... ..........  4% 4.03M 4s
   650K .......... .......... .......... .......... ..........  4% 5.04M 4s
   700K .......... .......... .......... .......... ..........  4% 3.64M 4s
   750K .......... .......... .......... .......... ..........  5% 1.95M 4s
   800K .......... .......... .......... .......... ..........  5%  383M 4s
   850K .......... .......... .......... .......... ..........  5% 1.72M 4s
   900K .......... .......... .......... .......... ..........  6% 66.9M 4s
   950K .......... .......... .......... .......... ..........  6% 3.12M 4s
  1000K .......... .......... .......... .......... ..........  6% 5.03M 4s
  1050K .......... .......... .......... .......... ..........  7% 2.81M 4s
  1100K .......... .......... .......... .......... ..........  7% 2.23M 4s
  1150K .......... .......... .......... .......... ..........  7% 1.85M 4s
  1200K .......... .......... .......... .......... ..........  7% 2.40M 4s
  1250K .......... .......... .......... .......... ..........  8% 2.51M 4s
  1300K .......... .......... .......... .......... ..........  8% 3.67M 4s
  1350K .......... .......... .......... .......... ..........  8% 2.44M 4s
  1400K .......... .......... .......... .......... ..........  9% 4.47M 4s
  1450K .......... .......... .......... .......... ..........  9% 2.23M 4s
  1500K .......... .......... .......... .......... ..........  9% 2.69M 4s
  1550K .......... .......... .......... .......... .......... 10% 3.09M 4s
  1600K .......... .......... .......... .......... .......... 10% 2.44M 4s
  1650K .......... .......... .......... .......... .......... 10% 2.65M 4s
  1700K .......... .......... .......... .......... .......... 11% 2.38M 4s
  1750K .......... .......... .......... .......... .......... 11% 2.72M 4s
  1800K .......... .......... .......... .......... .......... 11% 2.20M 4s
  1850K .......... .......... .......... .......... .......... 12% 7.00M 4s
  1900K .......... .......... .......... .......... .......... 12% 1.64M 4s
  1950K .......... .......... .......... .......... .......... 12% 2.12M 4s
  2000K .......... .......... .......... .......... .......... 13% 1.88M 4s
  2050K .......... .......... .......... .......... .......... 13% 3.25M 4s
  2100K .......... .......... .......... .......... .......... 13% 2.04M 4s
  2150K .......... .......... .......... .......... .......... 14% 2.25M 4s
  2200K .......... .......... .......... .......... .......... 14% 2.64M 4s
  2250K .......... .......... .......... .......... .......... 14% 1.82M 5s
  2300K .......... .......... .......... .......... .......... 15%  877K 5s
  2350K .......... .......... .......... .......... .......... 15% 1.81M 5s
  2400K .......... .......... .......... .......... .......... 15% 2.72M 5s
  2450K .......... .......... .......... .......... .......... 15% 1.46M 5s
  2500K .......... .......... .......... .......... .......... 16% 4.31M 5s
  2550K .......... .......... .......... .......... .......... 16% 1.81M 5s
  2600K .......... .......... .......... .......... .......... 16% 2.17M 5s
  2650K .......... .......... .......... .......... .......... 17% 1.73M 5s
  2700K .......... .......... .......... .......... .......... 17% 2.02M 5s
  2750K .......... .......... .......... .......... .......... 17% 2.55M 5s
  2800K .......... .......... .......... .......... .......... 18% 2.15M 5s
  2850K .......... .......... .......... .......... .......... 18% 1.65M 5s
  2900K .......... .......... .......... .......... .......... 18% 1.98M 5s
  2950K .......... .......... .......... .......... .......... 19% 1.10M 5s
  3000K .......... .......... .......... .......... .......... 19% 1.92M 5s
  3050K .......... .......... .......... .......... .......... 19% 1.70M 5s
  3100K .......... .......... .......... .......... .......... 20% 1.22M 5s
  3150K .......... .......... .......... .......... .......... 20% 1.45M 5s
  3200K .......... .......... .......... .......... .......... 20% 1.54M 5s
  3250K .......... .......... .......... .......... .......... 21% 1.37M 5s
  3300K .......... .......... .......... .......... .......... 21% 1.50M 5s
  3350K .......... .......... .......... .......... .......... 21% 2.37M 5s
  3400K .......... .......... .......... .......... .......... 22% 1.60M 5s
  3450K .......... .......... .......... .......... .......... 22%  969K 5s
  3500K .......... .......... .......... .......... .......... 22% 1.51M 5s
  3550K .......... .......... .......... .......... .......... 23% 1.26M 5s
  3600K .......... .......... .......... .......... .......... 23% 1.51M 5s
  3650K .......... .......... .......... .......... .......... 23% 1.57M 5s
  3700K .......... .......... .......... .......... .......... 23% 1.35M 5s
  3750K .......... .......... .......... .......... .......... 24% 2.07M 5s
  3800K .......... .......... .......... .......... .......... 24% 1.17M 5s
  3850K .......... .......... .......... .......... .......... 24% 1.18M 5s
  3900K .......... .......... .......... .......... .......... 25%  817K 5s
  3950K .......... .......... .......... .......... .......... 25%  795K 6s
  4000K .......... .......... .......... .......... .......... 25%  890K 6s
  4050K .......... .......... .......... .......... .......... 26%  889K 6s
  4100K .......... .......... .......... .......... .......... 26%  956K 6s
  4150K .......... .......... .......... .......... .......... 26% 1.05M 6s
  4200K .......... .......... .......... .......... .......... 27% 1.35M 6s
  4250K .......... .......... .......... .......... .......... 27%  699K 6s
  4300K .......... .......... .......... .......... .......... 27% 1.85M 6s
  4350K .......... .......... .......... .......... .......... 28%  944K 6s
  4400K .......... .......... .......... .......... .......... 28% 1.54M 6s
  4450K .......... .......... .......... .......... .......... 28%  909K 6s
  4500K .......... .......... .......... .......... .......... 29%  924K 6s
  4550K .......... .......... .......... .......... .......... 29%  847K 6s
  4600K .......... .......... .......... .......... .......... 29%  391K 6s
  4650K .......... .......... .......... .......... .......... 30% 1.63M 6s
  4700K .......... .......... .......... .......... .......... 30%  663K 6s
  4750K .......... .......... .......... .......... .......... 30% 1.18M 6s
  4800K .......... .......... .......... .......... .......... 31% 1.34M 6s
  4850K .......... .......... .......... .......... .......... 31% 1.33M 6s
  4900K .......... .......... .......... .......... .......... 31% 1.32M 6s
  4950K .......... .......... .......... .......... .......... 31% 1.02M 6s
  5000K .......... .......... .......... .......... .......... 32% 1.15M 6s
  5050K .......... .......... .......... .......... .......... 32% 1.46M 6s
  5100K .......... .......... .......... .......... .......... 32% 1.48M 6s
  5150K .......... .......... .......... .......... .......... 33% 2.17M 6s
  5200K .......... .......... .......... .......... .......... 33%  442K 6s
  5250K .......... .......... .......... .......... .......... 33% 1.05M 6s
  5300K .......... .......... .......... .......... .......... 34% 1.09M 6s
  5350K .......... .......... .......... .......... .......... 34% 11.1M 6s
  5400K .......... .......... .......... .......... .......... 34%  923K 6s
  5450K .......... .......... .......... .......... .......... 35% 1.40M 6s
  5500K .......... .......... .......... .......... .......... 35% 1.31M 6s
  5550K .......... .......... .......... .......... .......... 35% 1.75M 6s
  5600K .......... .......... .......... .......... .......... 36% 1.32M 6s
  5650K .......... .......... .......... .......... .......... 36% 1.10M 6s
  5700K .......... .......... .......... .......... .......... 36% 1.10M 6s
  5750K .......... .......... .......... .......... .......... 37%  993K 6s
  5800K .......... .......... .......... .......... .......... 37% 1.04M 6s
  5850K .......... .......... .......... .......... .......... 37% 1.51M 6s
  5900K .......... .......... .......... .......... .......... 38% 2.06M 6s
  5950K .......... .......... .......... .......... .......... 38% 1.75M 6s
  6000K .......... .......... .......... .......... .......... 38% 1.25M 6s
  6050K .......... .......... .......... .......... .......... 39% 1.58M 6s
  6100K .......... .......... .......... .......... .......... 39% 2.16M 6s
  6150K .......... .......... .......... .......... .......... 39% 1.46M 6s
  6200K .......... .......... .......... .......... .......... 39%  996K 6s
  6250K .......... .......... .......... .......... .......... 40% 1.48M 6s
  6300K .......... .......... .......... .......... .......... 40% 1.22M 6s
  6350K .......... .......... .......... .......... .......... 40%  854K 6s
  6400K .......... .......... .......... .......... .......... 41% 2.51M 6s
  6450K .......... .......... .......... .......... .......... 41% 1.22M 6s
  6500K .......... .......... .......... .......... .......... 41% 3.02M 6s
  6550K .......... .......... .......... .......... .......... 42% 1.87M 6s
  6600K .......... .......... .......... .......... .......... 42% 1.59M 6s
  6650K .......... .......... .......... .......... .......... 42% 1.06M 6s
  6700K .......... .......... .......... .......... .......... 43% 2.57M 6s
  6750K .......... .......... .......... .......... .......... 43% 2.29M 6s
  6800K .......... .......... .......... .......... .......... 43% 2.26M 5s
  6850K .......... .......... .......... .......... .......... 44% 1022K 5s
  6900K .......... .......... .......... .......... .......... 44% 2.96M 5s
  6950K .......... .......... .......... .......... .......... 44% 1.37M 5s
  7000K .......... .......... .......... .......... .......... 45% 8.13M 5s
  7050K .......... .......... .......... .......... .......... 45% 1.43M 5s
  7100K .......... .......... .......... .......... .......... 45% 1.20M 5s
  7150K .......... .......... .......... .......... .......... 46% 1.99M 5s
  7200K .......... .......... .......... .......... .......... 46% 1.26M 5s
  7250K .......... .......... .......... .......... .......... 46% 1.87M 5s
  7300K .......... .......... .......... .......... .......... 47% 1.71M 5s
  7350K .......... .......... .......... .......... .......... 47% 2.19M 5s
  7400K .......... .......... .......... .......... .......... 47% 1.14M 5s
  7450K .......... .......... .......... .......... .......... 47% 2.09M 5s
  7500K .......... .......... .......... .......... .......... 48% 1.33M 5s
  7550K .......... .......... .......... .......... .......... 48% 1.35M 5s
  7600K .......... .......... .......... .......... .......... 48% 1.05M 5s
  7650K .......... .......... .......... .......... .......... 49% 1.60M 5s
  7700K .......... .......... .......... .......... .......... 49%  610K 5s
  7750K .......... .......... .......... .......... .......... 49% 1.39M 5s
  7800K .......... .......... .......... .......... .......... 50% 1.37M 5s
  7850K .......... .......... .......... .......... .......... 50% 2.24M 5s
  7900K .......... .......... .......... .......... .......... 50% 1.42M 5s
  7950K .......... .......... .......... .......... .......... 51% 1.58M 5s
  8000K .......... .......... .......... .......... .......... 51% 2.08M 5s
  8050K .......... .......... .......... .......... .......... 51% 2.90M 5s
  8100K .......... .......... .......... .......... .......... 52% 1.44M 5s
  8150K .......... .......... .......... .......... .......... 52%  531K 5s
  8200K .......... .......... .......... .......... .......... 52% 1.84M 5s
  8250K .......... .......... .......... .......... .......... 53% 1.55M 5s
  8300K .......... .......... .......... .......... .......... 53% 1.23M 5s
  8350K .......... .......... .......... .......... .......... 53% 2.05M 5s
  8400K .......... .......... .......... .......... .......... 54% 1.97M 5s
  8450K .......... .......... .......... .......... .......... 54% 2.29M 5s
  8500K .......... .......... .......... .......... .......... 54% 3.79M 4s
  8550K .......... .......... .......... .......... .......... 55% 1.47M 4s
  8600K .......... .......... .......... .......... .......... 55% 2.27M 4s
  8650K .......... .......... .......... .......... .......... 55% 1.54M 4s
  8700K .......... .......... .......... .......... .......... 55% 2.81M 4s
  8750K .......... .......... .......... .......... .......... 56% 1.65M 4s
  8800K .......... .......... .......... .......... .......... 56% 2.07M 4s
  8850K .......... .......... .......... .......... .......... 56% 1.08M 4s
  8900K .......... .......... .......... .......... .......... 57%  277M 4s
  8950K .......... .......... .......... .......... .......... 57% 1.74M 4s
  9000K .......... .......... .......... .......... .......... 57% 2.13M 4s
  9050K .......... .......... .......... .......... .......... 58% 1.27M 4s
  9100K .......... .......... .......... .......... .......... 58% 1.07M 4s
  9150K .......... .......... .......... .......... .......... 58% 1.02M 4s
  9200K .......... .......... .......... .......... .......... 59% 1.08M 4s
  9250K .......... .......... .......... .......... .......... 59% 1.29M 4s
  9300K .......... .......... .......... .......... .......... 59% 1.62M 4s
  9350K .......... .......... .......... .......... .......... 60% 1.53M 4s
  9400K .......... .......... .......... .......... .......... 60% 1.28M 4s
  9450K .......... .......... .......... .......... .......... 60% 1.04M 4s
  9500K .......... .......... .......... .......... .......... 61% 2.41M 4s
  9550K .......... .......... .......... .......... .......... 61% 1019K 4s
  9600K .......... .......... .......... .......... .......... 61% 1.06M 4s
  9650K .......... .......... .......... .......... .......... 62% 1.66M 4s
  9700K .......... .......... .......... .......... .......... 62% 1.64M 4s
  9750K .......... .......... .......... .......... .......... 62% 1.75M 4s
  9800K .......... .......... .......... .......... .......... 63% 1.12M 4s
  9850K .......... .......... .......... .......... .......... 63% 1.59M 4s
  9900K .......... .......... .......... .......... .......... 63% 1.58M 4s
  9950K .......... .......... .......... .......... .......... 63% 1.33M 4s
 10000K .......... .......... .......... .......... .......... 64% 1.12M 4s
 10050K .......... .......... .......... .......... .......... 64% 1.11M 4s
 10100K .......... .......... .......... .......... .......... 64% 1.31M 4s
 10150K .......... .......... .......... .......... .......... 65% 1.09M 3s
 10200K .......... .......... .......... .......... .......... 65% 1.43M 3s
 10250K .......... .......... .......... .......... .......... 65%  775K 3s
 10300K .......... .......... .......... .......... .......... 66% 1.05M 3s
 10350K .......... .......... .......... .......... .......... 66% 1.25M 3s
 10400K .......... .......... .......... .......... .......... 66%  693K 3s
 10450K .......... .......... .......... .......... .......... 67% 1.42M 3s
 10500K .......... .......... .......... .......... .......... 67% 1.63M 3s
 10550K .......... .......... .......... .......... .......... 67%  976K 3s
 10600K .......... .......... .......... .......... .......... 68% 1.24M 3s
 10650K .......... .......... .......... .......... .......... 68% 1.16M 3s
 10700K .......... .......... .......... .......... .......... 68% 2.22M 3s
 10750K .......... .......... .......... .......... .......... 69%  928K 3s
 10800K .......... .......... .......... .......... .......... 69% 1.66M 3s
 10850K .......... .......... .......... .......... .......... 69% 1.72M 3s
 10900K .......... .......... .......... .......... .......... 70% 2.36M 3s
 10950K .......... .......... .......... .......... .......... 70% 1.87M 3s
 11000K .......... .......... .......... .......... .......... 70% 2.39M 3s
 11050K .......... .......... .......... .......... .......... 71% 2.00M 3s
 11100K .......... .......... .......... .......... .......... 71% 2.75M 3s
 11150K .......... .......... .......... .......... .......... 71% 2.89M 3s
 11200K .......... .......... .......... .......... .......... 71% 2.17M 3s
 11250K .......... .......... .......... .......... .......... 72% 2.17M 3s
 11300K .......... .......... .......... .......... .......... 72% 1.88M 3s
 11350K .......... .......... .......... .......... .......... 72% 3.05M 3s
 11400K .......... .......... .......... .......... .......... 73% 3.03M 3s
 11450K .......... .......... .......... .......... .......... 73% 1.21M 3s
 11500K .......... .......... .......... .......... .......... 73% 2.72M 3s
 11550K .......... .......... .......... .......... .......... 74% 3.14M 3s
 11600K .......... .......... .......... .......... .......... 74% 2.48M 3s
 11650K .......... .......... .......... .......... .......... 74% 1.92M 3s
 11700K .......... .......... .......... .......... .......... 75% 3.68M 2s
 11750K .......... .......... .......... .......... .......... 75% 2.46M 2s
 11800K .......... .......... .......... .......... .......... 75% 2.72M 2s
 11850K .......... .......... .......... .......... .......... 76% 1.77M 2s
 11900K .......... .......... .......... .......... .......... 76% 2.35M 2s
 11950K .......... .......... .......... .......... .......... 76% 2.33M 2s
 12000K .......... .......... .......... .......... .......... 77% 2.46M 2s
 12050K .......... .......... .......... .......... .......... 77% 1.72M 2s
 12100K .......... .......... .......... .......... .......... 77% 1.73M 2s
 12150K .......... .......... .......... .......... .......... 78% 1.85M 2s
 12200K .......... .......... .......... .......... .......... 78% 2.51M 2s
 12250K .......... .......... .......... .......... .......... 78% 1.44M 2s
 12300K .......... .......... .......... .......... .......... 79% 1.89M 2s
 12350K .......... .......... .......... .......... .......... 79% 1.78M 2s
 12400K .......... .......... .......... .......... .......... 79% 1.70M 2s
 12450K .......... .......... .......... .......... .......... 79% 2.72M 2s
 12500K .......... .......... .......... .......... .......... 80% 1.59M 2s
 12550K .......... .......... .......... .......... .......... 80% 1.18M 2s
 12600K .......... .......... .......... .......... .......... 80% 1.92M 2s
 12650K .......... .......... .......... .......... .......... 81% 1.41M 2s
 12700K .......... .......... .......... .......... .......... 81% 1.83M 2s
 12750K .......... .......... .......... .......... .......... 81% 1.24M 2s
 12800K .......... .......... .......... .......... .......... 82% 4.05M 2s
 12850K .......... .......... .......... .......... .......... 82% 1.69M 2s
 12900K .......... .......... .......... .......... .......... 82% 1.79M 2s
 12950K .......... .......... .......... .......... .......... 83% 1.70M 2s
 13000K .......... .......... .......... .......... .......... 83% 1.83M 2s
 13050K .......... .......... .......... .......... .......... 83% 1.53M 2s
 13100K .......... .......... .......... .......... .......... 84% 2.23M 2s
 13150K .......... .......... .......... .......... .......... 84% 1.33M 2s
 13200K .......... .......... .......... .......... .......... 84% 1.57M 1s
 13250K .......... .......... .......... .......... .......... 85% 1.34M 1s
 13300K .......... .......... .......... .......... .......... 85% 1.39M 1s
 13350K .......... .......... .......... .......... .......... 85%  983K 1s
 13400K .......... .......... .......... .......... .......... 86% 1.22M 1s
 13450K .......... .......... .......... .......... .......... 86% 1.37M 1s
 13500K .......... .......... .......... .......... .......... 86% 1.61M 1s
 13550K .......... .......... .......... .......... .......... 87% 1.24M 1s
 13600K .......... .......... .......... .......... .......... 87% 1.38M 1s
 13650K .......... .......... .......... .......... .......... 87% 1.50M 1s
 13700K .......... .......... .......... .......... .......... 87% 1.91M 1s
 13750K .......... .......... .......... .......... .......... 88% 2.39M 1s
 13800K .......... .......... .......... .......... .......... 88% 2.16M 1s
 13850K .......... .......... .......... .......... .......... 88% 1.33M 1s
 13900K .......... .......... .......... .......... .......... 89% 2.25M 1s
 13950K .......... .......... .......... .......... .......... 89% 1.73M 1s
 14000K .......... .......... .......... .......... .......... 89% 1.01M 1s
 14050K .......... .......... .......... .......... .......... 90% 1.49M 1s
 14100K .......... .......... .......... .......... .......... 90% 2.30M 1s
 14150K .......... .......... .......... .......... .......... 90% 1.39M 1s
 14200K .......... .......... .......... .......... .......... 91% 1.51M 1s
 14250K .......... .......... .......... .......... .......... 91% 1.78M 1s
 14300K .......... .......... .......... .......... .......... 91% 1.66M 1s
 14350K .......... .......... .......... .......... .......... 92%  948K 1s
 14400K .......... .......... .......... .......... .......... 92% 1.39M 1s
 14450K .......... .......... .......... .......... .......... 92% 1.37M 1s
 14500K .......... .......... .......... .......... .......... 93% 2.77M 1s
 14550K .......... .......... .......... .......... .......... 93% 1.80M 1s
 14600K .......... .......... .......... .......... .......... 93% 2.35M 1s
 14650K .......... .......... .......... .......... .......... 94% 2.06M 1s
 14700K .......... .......... .......... .......... .......... 94% 1.91M 1s
 14750K .......... .......... .......... .......... .......... 94% 2.63M 1s
 14800K .......... .......... .......... .......... .......... 95% 1.07M 0s
 14850K .......... .......... .......... .......... .......... 95% 2.89M 0s
 14900K .......... .......... .......... .......... .......... 95% 1.99M 0s
 14950K .......... .......... .......... .......... .......... 95% 3.08M 0s
 15000K .......... .......... .......... .......... .......... 96% 1.65M 0s
 15050K .......... .......... .......... .......... .......... 96% 1.36M 0s
 15100K .......... .......... .......... .......... .......... 96% 4.12M 0s
 15150K .......... .......... .......... .......... .......... 97% 1.47M 0s
 15200K .......... .......... .......... .......... .......... 97% 1010K 0s
 15250K .......... .......... .......... .......... .......... 97% 1.23M 0s
 15300K .......... .......... .......... .......... .......... 98%  873K 0s
 15350K .......... .......... .......... .......... .......... 98% 1.03M 0s
 15400K .......... .......... .......... .......... .......... 98% 1.00M 0s
 15450K .......... .......... .......... .......... .......... 99%  956K 0s
 15500K .......... .......... .......... .......... .......... 99% 1.57M 0s
 15550K .......... .......... .......... .......... .......... 99% 1.20M 0s
 15600K .......... .......... .....                           100% 1.64M=9.9s

2025-04-09 15:28:35 (1.55 MB/s) - ‘/home/mscrobotics2425laptop4/LEO-ROVER-CODING/build/multirobot_map_merge/2011-08-09-12-22-52.pgm’ saved [16000058/16000058]

--2025-04-09 15:28:35--  https://raw.githubusercontent.com/hrnr/m-explore-extra/master/map_merge/gmapping_maps/2012-01-28-11-12-01.pgm
Resolving raw.githubusercontent.com (raw.githubusercontent.com)... 185.199.109.133, 185.199.110.133, 185.199.108.133, ...
Connecting to raw.githubusercontent.com (raw.githubusercontent.com)|185.199.109.133|:443... connected.
HTTP request sent, awaiting response... 200 OK
Length: 16000058 (15M) [application/octet-stream]
Saving to: ‘/home/mscrobotics2425laptop4/LEO-ROVER-CODING/build/multirobot_map_merge/2012-01-28-11-12-01.pgm’

     0K .......... .......... .......... .......... ..........  0% 1.17M 13s
    50K .......... .......... .......... .......... ..........  0%  229M 7s
   100K .......... .......... .......... .......... ..........  0% 2.56M 6s
   150K .......... .......... .......... .......... ..........  1% 16.5M 5s
   200K .......... .......... .......... .......... ..........  1% 4.30M 5s
   250K .......... .......... .......... .......... ..........  1% 1.77M 5s
   300K .......... .......... .......... .......... ..........  2%  231M 5s
   350K .......... .......... .......... .......... ..........  2% 2.73M 5s
   400K .......... .......... .......... .......... ..........  2% 2.71M 5s
   450K .......... .......... .......... .......... ..........  3% 2.71M 5s
   500K .......... .......... .......... .......... ..........  3% 2.61M 5s
   550K .......... .......... .......... .......... ..........  3% 1.86M 5s
   600K .......... .......... .......... .......... ..........  4% 1.79M 5s
   650K .......... .......... .......... .......... ..........  4% 2.28M 5s
   700K .......... .......... .......... .......... ..........  4% 2.11M 5s
   750K .......... .......... .......... .......... ..........  5% 2.63M 5s
   800K .......... .......... .......... .......... ..........  5% 1.19M 6s
   850K .......... .......... .......... .......... ..........  5% 2.92M 6s
   900K .......... .......... .......... .......... ..........  6% 2.85M 6s
   950K .......... .......... .......... .......... ..........  6% 1.84M 6s
  1000K .......... .......... .......... .......... ..........  6% 2.89M 6s
  1050K .......... .......... .......... .......... ..........  7% 1.43M 6s
  1100K .......... .......... .......... .......... ..........  7% 2.82M 6s
  1150K .......... .......... .......... .......... ..........  7% 2.15M 6s
  1200K .......... .......... .......... .......... ..........  7% 1.94M 6s
  1250K .......... .......... .......... .......... ..........  8% 2.51M 6s
  1300K .......... .......... .......... .......... ..........  8% 1.74M 6s
  1350K .......... .......... .......... .......... ..........  8% 1.08M 6s
  1400K .......... .......... .......... .......... ..........  9% 1.38M 6s
  1450K .......... .......... .......... .......... ..........  9% 1.03M 6s
  1500K .......... .......... .......... .......... ..........  9%  998K 7s
  1550K .......... .......... .......... .......... .......... 10% 1.04M 7s
  1600K .......... .......... .......... .......... .......... 10% 1.06M 7s
  1650K .......... .......... .......... .......... .......... 10%  714K 7s
  1700K .......... .......... .......... .......... .......... 11% 1.39M 7s
  1750K .......... .......... .......... .......... .......... 11% 1.02M 8s
  1800K .......... .......... .......... .......... .......... 11% 1.49M 8s
  1850K .......... .......... .......... .......... .......... 12% 1.05M 8s
  1900K .......... .......... .......... .......... .......... 12% 1.30M 8s
  1950K .......... .......... .......... .......... .......... 12% 1.04M 8s
  2000K .......... .......... .......... .......... .......... 13% 1.36M 8s
  2050K .......... .......... .......... .......... .......... 13%  962K 8s
  2100K .......... .......... .......... .......... .......... 13% 1.42M 8s
  2150K .......... .......... .......... .......... .......... 14% 1.51M 8s
  2200K .......... .......... .......... .......... .......... 14% 1.53M 8s
  2250K .......... .......... .......... .......... .......... 14% 1.18M 8s
  2300K .......... .......... .......... .......... .......... 15% 1.05M 8s
  2350K .......... .......... .......... .......... .......... 15% 1.18M 8s
  2400K .......... .......... .......... .......... .......... 15% 1.47M 8s
  2450K .......... .......... .......... .......... .......... 15% 1.56M 8s
  2500K .......... .......... .......... .......... .......... 16% 1.36M 8s
  2550K .......... .......... .......... .......... .......... 16% 1.67M 8s
  2600K .......... .......... .......... .......... .......... 16% 1.53M 8s
  2650K .......... .......... .......... .......... .......... 17% 1.27M 8s
  2700K .......... .......... .......... .......... .......... 17% 1.62M 8s
  2750K .......... .......... .......... .......... .......... 17% 1.58M 8s
  2800K .......... .......... .......... .......... .......... 18% 1.64M 8s
  2850K .......... .......... .......... .......... .......... 18% 2.03M 8s
  2900K .......... .......... .......... .......... .......... 18% 1.44M 8s
  2950K .......... .......... .......... .......... .......... 19% 2.40M 8s
  3000K .......... .......... .......... .......... .......... 19%  952K 8s
  3050K .......... .......... .......... .......... .......... 19% 2.65M 8s
  3100K .......... .......... .......... .......... .......... 20% 1.68M 8s
  3150K .......... .......... .......... .......... .......... 20% 1.54M 8s
  3200K .......... .......... .......... .......... .......... 20% 1.11M 8s
  3250K .......... .......... .......... .......... .......... 21% 2.02M 8s
  3300K .......... .......... .......... .......... .......... 21% 1.05M 8s
  3350K .......... .......... .......... .......... .......... 21% 1.31M 8s
  3400K .......... .......... .......... .......... .......... 22% 1.47M 8s
  3450K .......... .......... .......... .......... .......... 22% 1.46M 8s
  3500K .......... .......... .......... .......... .......... 22% 1.25M 8s
  3550K .......... .......... .......... .......... .......... 23% 1.42M 8s
  3600K .......... .......... .......... .......... .......... 23%  831K 8s
  3650K .......... .......... .......... .......... .......... 23% 1.23M 8s
  3700K .......... .......... .......... .......... .......... 23% 1.56M 8s
  3750K .......... .......... .......... .......... .......... 24% 1.50M 8s
  3800K .......... .......... .......... .......... .......... 24% 1.83M 7s
  3850K .......... .......... .......... .......... .......... 24% 1.43M 7s
  3900K .......... .......... .......... .......... .......... 25% 1.61M 7s
  3950K .......... .......... .......... .......... .......... 25% 2.29M 7s
  4000K .......... .......... .......... .......... .......... 25% 1.22M 7s
  4050K .......... .......... .......... .......... .......... 26% 1.34M 7s
  4100K .......... .......... .......... .......... .......... 26% 1.57M 7s
  4150K .......... .......... .......... .......... .......... 26% 2.12M 7s
  4200K .......... .......... .......... .......... .......... 27% 1.42M 7s
  4250K .......... .......... .......... .......... .......... 27% 1.55M 7s
  4300K .......... .......... .......... .......... .......... 27% 1.27M 7s
  4350K .......... .......... .......... .......... .......... 28% 1.23M 7s
  4400K .......... .......... .......... .......... .......... 28% 1.69M 7s
  4450K .......... .......... .......... .......... .......... 28% 1.30M 7s
  4500K .......... .......... .......... .......... .......... 29% 2.07M 7s
  4550K .......... .......... .......... .......... .......... 29% 1.64M 7s
  4600K .......... .......... .......... .......... .......... 29% 2.05M 7s
  4650K .......... .......... .......... .......... .......... 30% 1.42M 7s
  4700K .......... .......... .......... .......... .......... 30% 1.53M 7s
  4750K .......... .......... .......... .......... .......... 30% 3.78M 7s
  4800K .......... .......... .......... .......... .......... 31% 1.82M 7s
  4850K .......... .......... .......... .......... .......... 31% 1.22M 7s
  4900K .......... .......... .......... .......... .......... 31% 1.68M 7s
  4950K .......... .......... .......... .......... .......... 31% 2.50M 7s
  5000K .......... .......... .......... .......... .......... 32% 2.55M 7s
  5050K .......... .......... .......... .......... .......... 32% 1.40M 7s
  5100K .......... .......... .......... .......... .......... 32% 2.08M 7s
  5150K .......... .......... .......... .......... .......... 33% 2.26M 7s
  5200K .......... .......... .......... .......... .......... 33% 2.16M 6s
  5250K .......... .......... .......... .......... .......... 33% 2.07M 6s
  5300K .......... .......... .......... .......... .......... 34% 2.79M 6s
  5350K .......... .......... .......... .......... .......... 34% 2.77M 6s
  5400K .......... .......... .......... .......... .......... 34% 2.62M 6s
  5450K .......... .......... .......... .......... .......... 35% 2.47M 6s
  5500K .......... .......... .......... .......... .......... 35% 2.85M 6s
  5550K .......... .......... .......... .......... .......... 35% 2.12M 6s
  5600K .......... .......... .......... .......... .......... 36% 2.32M 6s
  5650K .......... .......... .......... .......... .......... 36% 2.35M 6s
  5700K .......... .......... .......... .......... .......... 36% 3.78M 6s
  5750K .......... .......... .......... .......... .......... 37% 1.97M 6s
  5800K .......... .......... .......... .......... .......... 37% 2.82M 6s
  5850K .......... .......... .......... .......... .......... 37% 3.47M 6s
  5900K .......... .......... .......... .......... .......... 38% 2.01M 6s
  5950K .......... .......... .......... .......... .......... 38% 2.97M 6s
  6000K .......... .......... .......... .......... .......... 38%  895K 6s
  6050K .......... .......... .......... .......... .......... 39% 3.00M 6s
  6100K .......... .......... .......... .......... .......... 39% 1.76M 6s
  6150K .......... .......... .......... .......... .......... 39% 2.48M 6s
  6200K .......... .......... .......... .......... .......... 39% 1.51M 6s
  6250K .......... .......... .......... .......... .......... 40% 1.81M 6s
  6300K .......... .......... .......... .......... .......... 40% 2.19M 5s
  6350K .......... .......... .......... .......... .......... 40% 2.50M 5s
  6400K .......... .......... .......... .......... .......... 41% 1.34M 5s
  6450K .......... .......... .......... .......... .......... 41% 1.98M 5s
  6500K .......... .......... .......... .......... .......... 41% 1.48M 5s
  6550K .......... .......... .......... .......... .......... 42% 1.67M 5s
  6600K .......... .......... .......... .......... .......... 42% 1.75M 5s
  6650K .......... .......... .......... .......... .......... 42% 1.62M 5s
  6700K .......... .......... .......... .......... .......... 43% 1.91M 5s
  6750K .......... .......... .......... .......... .......... 43% 1.10M 5s
  6800K .......... .......... .......... .......... .......... 43% 1.64M 5s
  6850K .......... .......... .......... .......... .......... 44% 1.30M 5s
  6900K .......... .......... .......... .......... .......... 44% 1.38M 5s
  6950K .......... .......... .......... .......... .......... 44% 1.50M 5s
  7000K .......... .......... .......... .......... .......... 45% 1.79M 5s
  7050K .......... .......... .......... .......... .......... 45% 1.09M 5s
  7100K .......... .......... .......... .......... .......... 45% 1.89M 5s
  7150K .......... .......... .......... .......... .......... 46% 1.07M 5s
  7200K .......... .......... .......... .......... .......... 46% 1.33M 5s
  7250K .......... .......... .......... .......... .......... 46% 1.82M 5s
  7300K .......... .......... .......... .......... .......... 47% 1.46M 5s
  7350K .......... .......... .......... .......... .......... 47% 1.43M 5s
  7400K .......... .......... .......... .......... .......... 47% 2.13M 5s
  7450K .......... .......... .......... .......... .......... 47% 2.20M 5s
  7500K .......... .......... .......... .......... .......... 48% 1.46M 5s
  7550K .......... .......... .......... .......... .......... 48%  981K 5s
  7600K .......... .......... .......... .......... .......... 48% 1.26M 5s
  7650K .......... .......... .......... .......... .......... 49% 1.03M 5s
  7700K .......... .......... .......... .......... .......... 49% 1.30M 5s
  7750K .......... .......... .......... .......... .......... 49% 1.30M 5s
  7800K .......... .......... .......... .......... .......... 50% 1.55M 5s
  7850K .......... .......... .......... .......... .......... 50% 1.64M 5s
  7900K .......... .......... .......... .......... .......... 50% 1.38M 5s
  7950K .......... .......... .......... .......... .......... 51% 1.14M 5s
  8000K .......... .......... .......... .......... .......... 51% 2.01M 5s
  8050K .......... .......... .......... .......... .......... 51% 2.27M 5s
  8100K .......... .......... .......... .......... .......... 52% 1.96M 5s
  8150K .......... .......... .......... .......... .......... 52% 1.41M 5s
  8200K .......... .......... .......... .......... .......... 52% 2.34M 4s
  8250K .......... .......... .......... .......... .......... 53% 1.79M 4s
  8300K .......... .......... .......... .......... .......... 53% 1.15M 4s
  8350K .......... .......... .......... .......... .......... 53% 1.76M 4s
  8400K .......... .......... .......... .......... .......... 54% 1.50M 4s
  8450K .......... .......... .......... .......... .......... 54% 1.37M 4s
  8500K .......... .......... .......... .......... .......... 54% 1.67M 4s
  8550K .......... .......... .......... .......... .......... 55% 1.35M 4s
  8600K .......... .......... .......... .......... .......... 55%  986K 4s
  8650K .......... .......... .......... .......... .......... 55% 1.72M 4s
  8700K .......... .......... .......... .......... .......... 55% 1.55M 4s
  8750K .......... .......... .......... .......... .......... 56% 1.70M 4s
  8800K .......... .......... .......... .......... .......... 56% 1.22M 4s
  8850K .......... .......... .......... .......... .......... 56% 2.07M 4s
  8900K .......... .......... .......... .......... .......... 57% 2.13M 4s
  8950K .......... .......... .......... .......... .......... 57% 1.62M 4s
  9000K .......... .......... .......... .......... .......... 57% 1.39M 4s
  9050K .......... .......... .......... .......... .......... 58% 2.76M 4s
  9100K .......... .......... .......... .......... .......... 58% 1.86M 4s
  9150K .......... .......... .......... .......... .......... 58% 1.93M 4s
  9200K .......... .......... .......... .......... .......... 59% 1.87M 4s
  9250K .......... .......... .......... .......... .......... 59%  478K 4s
  9300K .......... .......... .......... .......... .......... 59%  895K 4s
  9350K .......... .......... .......... .......... .......... 60% 1.66M 4s
  9400K .......... .......... .......... .......... .......... 60% 2.79M 4s
  9450K .......... .......... .......... .......... .......... 60% 1.74M 4s
  9500K .......... .......... .......... .......... .......... 61% 1.44M 4s
  9550K .......... .......... .......... .......... .......... 61% 2.80M 4s
  9600K .......... .......... .......... .......... .......... 61% 1.15M 4s
  9650K .......... .......... .......... .......... .......... 62% 1.21M 4s
  9700K .......... .......... .......... .......... .......... 62% 1.50M 4s
  9750K .......... .......... .......... .......... .......... 62%  902K 4s
  9800K .......... .......... .......... .......... .......... 63% 1.02M 4s
  9850K .......... .......... .......... .......... .......... 63%  631K 4s
  9900K .......... .......... .......... .......... .......... 63%  920K 4s
  9950K .......... .......... .......... .......... .......... 63% 1.46M 4s
 10000K .......... .......... .......... .......... .......... 64% 1.05M 4s
 10050K .......... .......... .......... .......... .......... 64% 1.12M 3s
 10100K .......... .......... .......... .......... .......... 64% 1.05M 3s
 10150K .......... .......... .......... .......... .......... 65% 1.66M 3s
 10200K .......... .......... .......... .......... .......... 65% 1.03M 3s
 10250K .......... .......... .......... .......... .......... 65% 1.09M 3s
 10300K .......... .......... .......... .......... .......... 66% 1.13M 3s
 10350K .......... .......... .......... .......... .......... 66%  882K 3s
 10400K .......... .......... .......... .......... .......... 66% 1.19M 3s
 10450K .......... .......... .......... .......... .......... 67% 1.30M 3s
 10500K .......... .......... .......... .......... .......... 67% 1.13M 3s
 10550K .......... .......... .......... .......... .......... 67%  917K 3s
 10600K .......... .......... .......... .......... .......... 68% 1.48M 3s
 10650K .......... .......... .......... .......... .......... 68% 1.42M 3s
 10700K .......... .......... .......... .......... .......... 68% 1.72M 3s
 10750K .......... .......... .......... .......... .......... 69% 1.46M 3s
 10800K .......... .......... .......... .......... .......... 69% 2.88M 3s
 10850K .......... .......... .......... .......... .......... 69% 1.87M 3s
 10900K .......... .......... .......... .......... .......... 70% 1.65M 3s
 10950K .......... .......... .......... .......... .......... 70% 1.06M 3s
 11000K .......... .......... .......... .......... .......... 70% 1.42M 3s
 11050K .......... .......... .......... .......... .......... 71% 1.77M 3s
 11100K .......... .......... .......... .......... .......... 71% 1.89M 3s
 11150K .......... .......... .......... .......... .......... 71% 1.05M 3s
 11200K .......... .......... .......... .......... .......... 71%  732K 3s
 11250K .......... .......... .......... .......... .......... 72% 1.70M 3s
 11300K .......... .......... .......... .......... .......... 72% 2.81M 3s
 11350K .......... .......... .......... .......... .......... 72% 2.63M 3s
 11400K .......... .......... .......... .......... .......... 73% 1.21M 3s
 11450K .......... .......... .......... .......... .......... 73% 1.78M 3s
 11500K .......... .......... .......... .......... .......... 73% 2.01M 3s
 11550K .......... .......... .......... .......... .......... 74% 1.86M 3s
 11600K .......... .......... .......... .......... .......... 74% 2.15M 3s
 11650K .......... .......... .......... .......... .......... 74% 2.32M 3s
 11700K .......... .......... .......... .......... .......... 75% 1.81M 2s
 11750K .......... .......... .......... .......... .......... 75% 1.44M 2s
 11800K .......... .......... .......... .......... .......... 75%  309M 2s
 11850K .......... .......... .......... .......... .......... 76% 2.39M 2s
 11900K .......... .......... .......... .......... .......... 76%  789K 2s
 11950K .......... .......... .......... .......... .......... 76% 1.56M 2s
 12000K .......... .......... .......... .......... .......... 77% 1.35M 2s
 12050K .......... .......... .......... .......... .......... 77%  510K 2s
 12100K .......... .......... .......... .......... .......... 77% 1.10M 2s
 12150K .......... .......... .......... .......... .......... 78%  972K 2s
 12200K .......... .......... .......... .......... .......... 78% 1.15M 2s
 12250K .......... .......... .......... .......... .......... 78% 1.03M 2s
 12300K .......... .......... .......... .......... .......... 79%  836K 2s
 12350K .......... .......... .......... .......... .......... 79%  493K 2s
 12400K .......... .......... .......... .......... .......... 79% 1.10M 2s
 12450K .......... .......... .......... .......... .......... 79%  619K 2s
 12500K .......... .......... .......... .......... .......... 80%  628K 2s
 12550K .......... .......... .......... .......... .......... 80% 1.08M 2s
 12600K .......... .......... .......... .......... .......... 80% 1.01M 2s
 12650K .......... .......... .......... .......... .......... 81% 1.30M 2s
 12700K .......... .......... .......... .......... .......... 81%  734K 2s
 12750K .......... .......... .......... .......... .......... 81%  593K 2s
 12800K .......... .......... .......... .......... .......... 82%  430K 2s
 12850K .......... .......... .......... .......... .......... 82%  702K 2s
 12900K .......... .......... .......... .......... .......... 82%  783K 2s
 12950K .......... .......... .......... .......... .......... 83%  547K 2s
 13000K .......... .......... .......... .......... .......... 83%  832K 2s
 13050K .......... .......... .......... .......... .......... 83% 1.04M 2s
 13100K .......... .......... .......... .......... .......... 84% 1.22M 2s
 13150K .......... .......... .......... .......... .......... 84%  832K 2s
 13200K .......... .......... .......... .......... .......... 84% 1.62M 2s
 13250K .......... .......... .......... .......... .......... 85% 1.23M 2s
 13300K .......... .......... .......... .......... .......... 85% 1.65M 2s
 13350K .......... .......... .......... .......... .......... 85% 1.47M 2s
 13400K .......... .......... .......... .......... .......... 86% 1.58M 2s
 13450K .......... .......... .......... .......... .......... 86% 1.36M 1s
 13500K .......... .......... .......... .......... .......... 86% 1.45M 1s
 13550K .......... .......... .......... .......... .......... 87% 2.13M 1s
 13600K .......... .......... .......... .......... .......... 87% 1.53M 1s
 13650K .......... .......... .......... .......... .......... 87% 1.88M 1s
 13700K .......... .......... .......... .......... .......... 87% 1.15M 1s
 13750K .......... .......... .......... .......... .......... 88%  963K 1s
 13800K .......... .......... .......... .......... .......... 88% 1.10M 1s
 13850K .......... .......... .......... .......... .......... 88% 1.04M 1s
 13900K .......... .......... .......... .......... .......... 89% 1.43M 1s
 13950K .......... .......... .......... .......... .......... 89%  920K 1s
 14000K .......... .......... .......... .......... .......... 89% 1009K 1s
 14050K .......... .......... .......... .......... .......... 90%  931K 1s
 14100K .......... .......... .......... .......... .......... 90% 1.89M 1s
 14150K .......... .......... .......... .......... .......... 90% 1.87M 1s
 14200K .......... .......... .......... .......... .......... 91% 1.11M 1s
 14250K .......... .......... .......... .......... .......... 91% 1.77M 1s
 14300K .......... .......... .......... .......... .......... 91% 1.81M 1s
 14350K .......... .......... .......... .......... .......... 92% 1.45M 1s
 14400K .......... .......... .......... .......... .......... 92% 1.62M 1s
 14450K .......... .......... .......... .......... .......... 92% 1.19M 1s
 14500K .......... .......... .......... .......... .......... 93% 1.59M 1s
 14550K .......... .......... .......... .......... .......... 93% 1.44M 1s
 14600K .......... .......... .......... .......... .......... 93% 1.84M 1s
 14650K .......... .......... .......... .......... .......... 94% 1.33M 1s
 14700K .......... .......... .......... .......... .......... 94% 1.73M 1s
 14750K .......... .......... .......... .......... .......... 94% 1.01M 1s
 14800K .......... .......... .......... .......... .......... 95% 1.98M 1s
 14850K .......... .......... .......... .......... .......... 95% 2.24M 1s
 14900K .......... .......... .......... .......... .......... 95% 2.60M 0s
 14950K .......... .......... .......... .......... .......... 95% 1.78M 0s
 15000K .......... .......... .......... .......... .......... 96% 2.22M 0s
 15050K .......... .......... .......... .......... .......... 96% 1.70M 0s
 15100K .......... .......... .......... .......... .......... 96% 2.40M 0s
 15150K .......... .......... .......... .......... .......... 97% 1.89M 0s
 15200K .......... .......... .......... .......... .......... 97% 2.46M 0s
 15250K .......... .......... .......... .......... .......... 97% 1.19M 0s
 15300K .......... .......... .......... .......... .......... 98% 2.90M 0s
 15350K .......... .......... .......... .......... .......... 98% 2.74M 0s
 15400K .......... .......... .......... .......... .......... 98% 2.00M 0s
 15450K .......... .......... .......... .......... .......... 99% 2.45M 0s
 15500K .......... .......... .......... .......... .......... 99% 1.61M 0s
 15550K .......... .......... .......... .......... .......... 99% 2.42M 0s
 15600K .......... .......... .....                           100% 1.70M=11s

2025-04-09 15:28:46 (1.42 MB/s) - ‘/home/mscrobotics2425laptop4/LEO-ROVER-CODING/build/multirobot_map_merge/2012-01-28-11-12-01.pgm’ saved [16000058/16000058]

In file included from [01m[K/home/mscrobotics2425laptop4/LEO-ROVER-CODING/Final_nav/src/m-explore-ros2/map_merge/test/testing_helpers.h:7[m[K,
                 from [01m[K/home/mscrobotics2425laptop4/LEO-ROVER-CODING/Final_nav/src/m-explore-ros2/map_merge/test/test_merging_pipeline.cpp:42[m[K:
[01m[K/opt/ros/humble/include/tf2_geometry_msgs/tf2_geometry_msgs/tf2_geometry_msgs.h:35:2:[m[K [01;35m[Kwarning: [m[K#warning This header is obsolete, please include tf2_geometry_msgs/tf2_geometry_msgs.hpp instead [[01;35m[K]8;;https://gcc.gnu.org/onlinedocs/gcc/Warning-Options.html#index-Wcpp-Wcpp]8;;[m[K]
   35 | #[01;35m[Kwarning[m[K This header is obsolete, please include tf2_geometry_msgs/tf2_geometry_msgs.hpp instead
      |  [01;35m[K^~~~~~~[m[K
In file included from [01m[K/home/mscrobotics2425laptop4/LEO-ROVER-CODING/Final_nav/src/m-explore-ros2/map_merge/src/map_merge.cpp:44[m[K:
[01m[K/opt/ros/humble/include/tf2_geometry_msgs/tf2_geometry_msgs/tf2_geometry_msgs.h:35:2:[m[K [01;35m[Kwarning: [m[K#warning This header is obsolete, please include tf2_geometry_msgs/tf2_geometry_msgs.hpp instead [[01;35m[K]8;;https://gcc.gnu.org/onlinedocs/gcc/Warning-Options.html#index-Wcpp-Wcpp]8;;[m[K]
   35 | #[01;35m[Kwarning[m[K This header is obsolete, please include tf2_geometry_msgs/tf2_geometry_msgs.hpp instead
      |  [01;35m[K^~~~~~~[m[K
