[1.077s] Invoking command in '/home/mscrobotics2425laptop4/LEO-ROVER-CODING/interbotix_ws/src/leo_launch': PYTHONPATH=/home/mscrobotics2425laptop4/LEO-ROVER-CODING/build/leo_launch/prefix_override:/usr/lib/python3/dist-packages/colcon_core/task/python/colcon_distutils_commands:/home/mscrobotics2425laptop4/LEO-ROVER-CODING/install/leo_launch/lib/python3.10/site-packages:${PYTHONPATH} /usr/bin/python3 -W ignore:setup.py install is deprecated -W ignore:easy_install command is deprecated setup.py egg_info --egg-base ../../../build/leo_launch build --build-base /home/mscrobotics2425laptop4/LEO-ROVER-CODING/build/leo_launch/build install --record /home/mscrobotics2425laptop4/LEO-ROVER-CODING/build/leo_launch/install.log --single-version-externally-managed install_data
[1.471s] running egg_info
[1.472s] writing ../../../build/leo_launch/leo_launch.egg-info/PKG-INFO
[1.472s] writing dependency_links to ../../../build/leo_launch/leo_launch.egg-info/dependency_links.txt
[1.473s] writing entry points to ../../../build/leo_launch/leo_launch.egg-info/entry_points.txt
[1.473s] writing requirements to ../../../build/leo_launch/leo_launch.egg-info/requires.txt
[1.473s] writing top-level names to ../../../build/leo_launch/leo_launch.egg-info/top_level.txt
[1.476s] reading manifest file '../../../build/leo_launch/leo_launch.egg-info/SOURCES.txt'
[1.479s] writing manifest file '../../../build/leo_launch/leo_launch.egg-info/SOURCES.txt'
[1.479s] running build
[1.479s] running build_py
[1.479s] running install
[1.479s] running install_lib
[1.480s] running install_data
[1.481s] running install_egg_info
[1.484s] removing '/home/mscrobotics2425laptop4/LEO-ROVER-CODING/install/leo_launch/lib/python3.10/site-packages/leo_launch-0.0.0-py3.10.egg-info' (and everything under it)
[1.487s] Copying ../../../build/leo_launch/leo_launch.egg-info to /home/mscrobotics2425laptop4/LEO-ROVER-CODING/install/leo_launch/lib/python3.10/site-packages/leo_launch-0.0.0-py3.10.egg-info
[1.487s] running install_scripts
[1.512s] writing list of installed files to '/home/mscrobotics2425laptop4/LEO-ROVER-CODING/build/leo_launch/install.log'
[1.587s] Invoked command in '/home/mscrobotics2425laptop4/LEO-ROVER-CODING/interbotix_ws/src/leo_launch' returned '0': PYTHONPATH=/home/mscrobotics2425laptop4/LEO-ROVER-CODING/build/leo_launch/prefix_override:/usr/lib/python3/dist-packages/colcon_core/task/python/colcon_distutils_commands:/home/mscrobotics2425laptop4/LEO-ROVER-CODING/install/leo_launch/lib/python3.10/site-packages:${PYTHONPATH} /usr/bin/python3 -W ignore:setup.py install is deprecated -W ignore:easy_install command is deprecated setup.py egg_info --egg-base ../../../build/leo_launch build --build-base /home/mscrobotics2425laptop4/LEO-ROVER-CODING/build/leo_launch/build install --record /home/mscrobotics2425laptop4/LEO-ROVER-CODING/build/leo_launch/install.log --single-version-externally-managed install_data
