[1.941s] Invoking command in '/home/mscrobotics2425laptop4/interbotix_ws/src/interbotix_ros_toolboxes/interbotix_common_toolbox/interbotix_common_modules': PYTHONPATH=/home/mscrobotics2425laptop4/interbotix_ws/build/interbotix_common_modules/prefix_override:/usr/lib/python3/dist-packages/colcon_core/task/python/colcon_distutils_commands:/home/mscrobotics2425laptop4/interbotix_ws/install/interbotix_common_modules/lib/python3.10/site-packages:${PYTHONPATH} /usr/bin/python3 -W ignore:setup.py install is deprecated -W ignore:easy_install command is deprecated setup.py egg_info --egg-base ../../../../build/interbotix_common_modules build --build-base /home/mscrobotics2425laptop4/interbotix_ws/build/interbotix_common_modules/build install --record /home/mscrobotics2425laptop4/interbotix_ws/build/interbotix_common_modules/install.log --single-version-externally-managed install_data
[2.432s] running egg_info
[2.434s] writing ../../../../build/interbotix_common_modules/interbotix_common_modules.egg-info/PKG-INFO
[2.434s] writing dependency_links to ../../../../build/interbotix_common_modules/interbotix_common_modules.egg-info/dependency_links.txt
[2.434s] writing entry points to ../../../../build/interbotix_common_modules/interbotix_common_modules.egg-info/entry_points.txt
[2.434s] writing requirements to ../../../../build/interbotix_common_modules/interbotix_common_modules.egg-info/requires.txt
[2.435s] writing top-level names to ../../../../build/interbotix_common_modules/interbotix_common_modules.egg-info/top_level.txt
[2.439s] reading manifest file '../../../../build/interbotix_common_modules/interbotix_common_modules.egg-info/SOURCES.txt'
[2.442s] writing manifest file '../../../../build/interbotix_common_modules/interbotix_common_modules.egg-info/SOURCES.txt'
[2.442s] running build
[2.442s] running build_py
[2.444s] running install
[2.444s] running install_lib
[2.451s] running install_data
[2.451s] running install_egg_info
[2.453s] removing '/home/mscrobotics2425laptop4/interbotix_ws/install/interbotix_common_modules/lib/python3.10/site-packages/interbotix_common_modules-0.0.0-py3.10.egg-info' (and everything under it)
[2.454s] Copying ../../../../build/interbotix_common_modules/interbotix_common_modules.egg-info to /home/mscrobotics2425laptop4/interbotix_ws/install/interbotix_common_modules/lib/python3.10/site-packages/interbotix_common_modules-0.0.0-py3.10.egg-info
[2.456s] running install_scripts
[2.503s] writing list of installed files to '/home/mscrobotics2425laptop4/interbotix_ws/build/interbotix_common_modules/install.log'
[2.550s] Invoked command in '/home/mscrobotics2425laptop4/interbotix_ws/src/interbotix_ros_toolboxes/interbotix_common_toolbox/interbotix_common_modules' returned '0': PYTHONPATH=/home/mscrobotics2425laptop4/interbotix_ws/build/interbotix_common_modules/prefix_override:/usr/lib/python3/dist-packages/colcon_core/task/python/colcon_distutils_commands:/home/mscrobotics2425laptop4/interbotix_ws/install/interbotix_common_modules/lib/python3.10/site-packages:${PYTHONPATH} /usr/bin/python3 -W ignore:setup.py install is deprecated -W ignore:easy_install command is deprecated setup.py egg_info --egg-base ../../../../build/interbotix_common_modules build --build-base /home/mscrobotics2425laptop4/interbotix_ws/build/interbotix_common_modules/build install --record /home/mscrobotics2425laptop4/interbotix_ws/build/interbotix_common_modules/install.log --single-version-externally-managed install_data
