[0.778s] Invoking command in '/home/mscrobotics2425laptop4/interbotix_ws/build/moveit_visual_tools': CMAKE_PREFIX_PATH=${CMAKE_PREFIX_PATH}:/home/mscrobotics2425laptop4/interbotix_ws/install/ros_cv_messages:/home/mscrobotics2425laptop4/interbotix_ws/install/leo_realsense:/home/mscrobotics2425laptop4/interbotix_ws/install/leo_manipulator:/home/mscrobotics2425laptop4/interbotix_ws/install/leo_main:/home/mscrobotics2425laptop4/interbotix_ws/install/leo_launch:/home/mscrobotics2425laptop4/interbotix_ws/install/interbotix_xs_modules:/home/mscrobotics2425laptop4/interbotix_ws/install/interbotix_perception_modules:/home/mscrobotics2425laptop4/interbotix_ws/install/interbotix_common_modules:/opt/ros/humble /usr/bin/cmake --build /home/mscrobotics2425laptop4/interbotix_ws/build/moveit_visual_tools -- -j12 -l12
[1.025s] [ 66%] Built target moveit_visual_tools
[1.228s] [100%] Built target moveit_visual_tools_demo
[1.953s] Invoked command in '/home/mscrobotics2425laptop4/interbotix_ws/build/moveit_visual_tools' returned '0': CMAKE_PREFIX_PATH=${CMAKE_PREFIX_PATH}:/home/mscrobotics2425laptop4/interbotix_ws/install/ros_cv_messages:/home/mscrobotics2425laptop4/interbotix_ws/install/leo_realsense:/home/mscrobotics2425laptop4/interbotix_ws/install/leo_manipulator:/home/mscrobotics2425laptop4/interbotix_ws/install/leo_main:/home/mscrobotics2425laptop4/interbotix_ws/install/leo_launch:/home/mscrobotics2425laptop4/interbotix_ws/install/interbotix_xs_modules:/home/mscrobotics2425laptop4/interbotix_ws/install/interbotix_perception_modules:/home/mscrobotics2425laptop4/interbotix_ws/install/interbotix_common_modules:/opt/ros/humble /usr/bin/cmake --build /home/mscrobotics2425laptop4/interbotix_ws/build/moveit_visual_tools -- -j12 -l12
[1.954s] Invoking command in '/home/mscrobotics2425laptop4/interbotix_ws/build/moveit_visual_tools': CMAKE_PREFIX_PATH=${CMAKE_PREFIX_PATH}:/home/mscrobotics2425laptop4/interbotix_ws/install/ros_cv_messages:/home/mscrobotics2425laptop4/interbotix_ws/install/leo_realsense:/home/mscrobotics2425laptop4/interbotix_ws/install/leo_manipulator:/home/mscrobotics2425laptop4/interbotix_ws/install/leo_main:/home/mscrobotics2425laptop4/interbotix_ws/install/leo_launch:/home/mscrobotics2425laptop4/interbotix_ws/install/interbotix_xs_modules:/home/mscrobotics2425laptop4/interbotix_ws/install/interbotix_perception_modules:/home/mscrobotics2425laptop4/interbotix_ws/install/interbotix_common_modules:/opt/ros/humble /usr/bin/cmake --install /home/mscrobotics2425laptop4/interbotix_ws/build/moveit_visual_tools
[2.049s] -- Install configuration: "Release"
[2.049s] -- Up-to-date: /home/mscrobotics2425laptop4/interbotix_ws/install/moveit_visual_tools/share/moveit_visual_tools/environment/library_path.sh
[2.049s] -- Up-to-date: /home/mscrobotics2425laptop4/interbotix_ws/install/moveit_visual_tools/share/moveit_visual_tools/environment/library_path.dsv
[2.049s] -- Up-to-date: /home/mscrobotics2425laptop4/interbotix_ws/install/moveit_visual_tools/lib/libmoveit_visual_tools.so
[2.049s] -- Up-to-date: /home/mscrobotics2425laptop4/interbotix_ws/install/moveit_visual_tools/lib/moveit_visual_tools/moveit_visual_tools_demo
[2.049s] -- Up-to-date: /home/mscrobotics2425laptop4/interbotix_ws/install/moveit_visual_tools/include
[2.050s] -- Up-to-date: /home/mscrobotics2425laptop4/interbotix_ws/install/moveit_visual_tools/include/moveit_visual_tools
[2.050s] -- Up-to-date: /home/mscrobotics2425laptop4/interbotix_ws/install/moveit_visual_tools/include/moveit_visual_tools/imarker_end_effector.h
[2.050s] -- Up-to-date: /home/mscrobotics2425laptop4/interbotix_ws/install/moveit_visual_tools/include/moveit_visual_tools/moveit_visual_tools.h
[2.050s] -- Up-to-date: /home/mscrobotics2425laptop4/interbotix_ws/install/moveit_visual_tools/include/moveit_visual_tools/imarker_robot_state.h
[2.050s] -- Up-to-date: /home/mscrobotics2425laptop4/interbotix_ws/install/moveit_visual_tools/share/moveit_visual_tools/launch
[2.050s] -- Up-to-date: /home/mscrobotics2425laptop4/interbotix_ws/install/moveit_visual_tools/share/moveit_visual_tools/launch/demo_rviz.launch.py
[2.050s] -- Up-to-date: /home/mscrobotics2425laptop4/interbotix_ws/install/moveit_visual_tools/share/moveit_visual_tools/launch/demo.rviz
[2.050s] -- Up-to-date: /home/mscrobotics2425laptop4/interbotix_ws/install/moveit_visual_tools/share/moveit_visual_tools/resources
[2.050s] -- Up-to-date: /home/mscrobotics2425laptop4/interbotix_ws/install/moveit_visual_tools/share/moveit_visual_tools/resources/demo.png
[2.050s] -- Up-to-date: /home/mscrobotics2425laptop4/interbotix_ws/install/moveit_visual_tools/share/moveit_visual_tools/resources/rrbot.srdf
[2.050s] -- Up-to-date: /home/mscrobotics2425laptop4/interbotix_ws/install/moveit_visual_tools/share/moveit_visual_tools/resources/screenshot.png
[2.050s] -- Up-to-date: /home/mscrobotics2425laptop4/interbotix_ws/install/moveit_visual_tools/share/moveit_visual_tools/resources/demo_mesh.stl
[2.051s] -- Up-to-date: /home/mscrobotics2425laptop4/interbotix_ws/install/moveit_visual_tools/share/moveit_visual_tools/resources/rrbot.urdf
[2.051s] -- Up-to-date: /home/mscrobotics2425laptop4/interbotix_ws/install/moveit_visual_tools/share/ament_index/resource_index/package_run_dependencies/moveit_visual_tools
[2.053s] -- Up-to-date: /home/mscrobotics2425laptop4/interbotix_ws/install/moveit_visual_tools/share/ament_index/resource_index/parent_prefix_path/moveit_visual_tools
[2.053s] -- Up-to-date: /home/mscrobotics2425laptop4/interbotix_ws/install/moveit_visual_tools/share/moveit_visual_tools/environment/ament_prefix_path.sh
[2.053s] -- Up-to-date: /home/mscrobotics2425laptop4/interbotix_ws/install/moveit_visual_tools/share/moveit_visual_tools/environment/ament_prefix_path.dsv
[2.053s] -- Up-to-date: /home/mscrobotics2425laptop4/interbotix_ws/install/moveit_visual_tools/share/moveit_visual_tools/environment/path.sh
[2.053s] -- Up-to-date: /home/mscrobotics2425laptop4/interbotix_ws/install/moveit_visual_tools/share/moveit_visual_tools/environment/path.dsv
[2.053s] -- Up-to-date: /home/mscrobotics2425laptop4/interbotix_ws/install/moveit_visual_tools/share/moveit_visual_tools/local_setup.bash
[2.053s] -- Up-to-date: /home/mscrobotics2425laptop4/interbotix_ws/install/moveit_visual_tools/share/moveit_visual_tools/local_setup.sh
[2.053s] -- Up-to-date: /home/mscrobotics2425laptop4/interbotix_ws/install/moveit_visual_tools/share/moveit_visual_tools/local_setup.zsh
[2.053s] -- Up-to-date: /home/mscrobotics2425laptop4/interbotix_ws/install/moveit_visual_tools/share/moveit_visual_tools/local_setup.dsv
[2.053s] -- Installing: /home/mscrobotics2425laptop4/interbotix_ws/install/moveit_visual_tools/share/moveit_visual_tools/package.dsv
[2.053s] -- Up-to-date: /home/mscrobotics2425laptop4/interbotix_ws/install/moveit_visual_tools/share/ament_index/resource_index/packages/moveit_visual_tools
[2.054s] -- Up-to-date: /home/mscrobotics2425laptop4/interbotix_ws/install/moveit_visual_tools/share/moveit_visual_tools/cmake/export_moveit_visual_toolsExport.cmake
[2.054s] -- Up-to-date: /home/mscrobotics2425laptop4/interbotix_ws/install/moveit_visual_tools/share/moveit_visual_tools/cmake/export_moveit_visual_toolsExport-release.cmake
[2.054s] -- Up-to-date: /home/mscrobotics2425laptop4/interbotix_ws/install/moveit_visual_tools/share/moveit_visual_tools/cmake/ament_cmake_export_targets-extras.cmake
[2.054s] -- Up-to-date: /home/mscrobotics2425laptop4/interbotix_ws/install/moveit_visual_tools/share/moveit_visual_tools/cmake/ament_cmake_export_dependencies-extras.cmake
[2.054s] -- Up-to-date: /home/mscrobotics2425laptop4/interbotix_ws/install/moveit_visual_tools/share/moveit_visual_tools/cmake/moveit_visual_toolsConfig.cmake
[2.054s] -- Up-to-date: /home/mscrobotics2425laptop4/interbotix_ws/install/moveit_visual_tools/share/moveit_visual_tools/cmake/moveit_visual_toolsConfig-version.cmake
[2.054s] -- Up-to-date: /home/mscrobotics2425laptop4/interbotix_ws/install/moveit_visual_tools/share/moveit_visual_tools/package.xml
[2.135s] Invoked command in '/home/mscrobotics2425laptop4/interbotix_ws/build/moveit_visual_tools' returned '0': CMAKE_PREFIX_PATH=${CMAKE_PREFIX_PATH}:/home/mscrobotics2425laptop4/interbotix_ws/install/ros_cv_messages:/home/mscrobotics2425laptop4/interbotix_ws/install/leo_realsense:/home/mscrobotics2425laptop4/interbotix_ws/install/leo_manipulator:/home/mscrobotics2425laptop4/interbotix_ws/install/leo_main:/home/mscrobotics2425laptop4/interbotix_ws/install/leo_launch:/home/mscrobotics2425laptop4/interbotix_ws/install/interbotix_xs_modules:/home/mscrobotics2425laptop4/interbotix_ws/install/interbotix_perception_modules:/home/mscrobotics2425laptop4/interbotix_ws/install/interbotix_common_modules:/opt/ros/humble /usr/bin/cmake --install /home/mscrobotics2425laptop4/interbotix_ws/build/moveit_visual_tools
