[0.645s] Invoking command in '/home/mscrobotics2425laptop4/interbotix_ws/build/interbotix_common_sim': CMAKE_PREFIX_PATH=${CMAKE_PREFIX_PATH}:/opt/ros/humble /usr/bin/cmake /home/mscrobotics2425laptop4/interbotix_ws/src/interbotix_ros_toolboxes/interbotix_common_toolbox/interbotix_common_sim -DCMAKE_INSTALL_PREFIX=/home/mscrobotics2425laptop4/interbotix_ws/install/interbotix_common_sim
[0.765s] -- The C compiler identification is GNU 11.4.0
[0.944s] -- The CXX compiler identification is GNU 11.4.0
[0.961s] -- Detecting C compiler ABI info
[1.138s] -- Detecting C compiler ABI info - done
[1.153s] -- Check for working C compiler: /usr/bin/cc - skipped
[1.154s] -- Detecting C compile features
[1.154s] -- Detecting C compile features - done
[1.160s] -- Detecting CXX compiler ABI info
[1.347s] -- Detecting CXX compiler ABI info - done
[1.367s] -- Check for working CXX compiler: /usr/bin/c++ - skipped
[1.368s] -- Detecting CXX compile features
[1.369s] -- Detecting CXX compile features - done
[1.373s] -- Found ament_cmake: 1.3.11 (/opt/ros/humble/share/ament_cmake/cmake)
[1.714s] -- Found Python3: /usr/bin/python3 (found version "3.10.12") found components: Interpreter 
[1.889s] -- Found ament_lint_auto: 0.12.11 (/opt/ros/humble/share/ament_lint_auto/cmake)
[2.106s] -- Configuring done
[2.113s] -- Generating done
[2.118s] -- Build files have been written to: /home/mscrobotics2425laptop4/interbotix_ws/build/interbotix_common_sim
[2.128s] Invoked command in '/home/mscrobotics2425laptop4/interbotix_ws/build/interbotix_common_sim' returned '0': CMAKE_PREFIX_PATH=${CMAKE_PREFIX_PATH}:/opt/ros/humble /usr/bin/cmake /home/mscrobotics2425laptop4/interbotix_ws/src/interbotix_ros_toolboxes/interbotix_common_toolbox/interbotix_common_sim -DCMAKE_INSTALL_PREFIX=/home/mscrobotics2425laptop4/interbotix_ws/install/interbotix_common_sim
[2.132s] Invoking command in '/home/mscrobotics2425laptop4/interbotix_ws/build/interbotix_common_sim': CMAKE_PREFIX_PATH=${CMAKE_PREFIX_PATH}:/opt/ros/humble /usr/bin/cmake --build /home/mscrobotics2425laptop4/interbotix_ws/build/interbotix_common_sim -- -j12 -l12
[2.195s] Invoked command in '/home/mscrobotics2425laptop4/interbotix_ws/build/interbotix_common_sim' returned '0': CMAKE_PREFIX_PATH=${CMAKE_PREFIX_PATH}:/opt/ros/humble /usr/bin/cmake --build /home/mscrobotics2425laptop4/interbotix_ws/build/interbotix_common_sim -- -j12 -l12
[2.222s] Invoking command in '/home/mscrobotics2425laptop4/interbotix_ws/build/interbotix_common_sim': CMAKE_PREFIX_PATH=${CMAKE_PREFIX_PATH}:/opt/ros/humble /usr/bin/cmake --install /home/mscrobotics2425laptop4/interbotix_ws/build/interbotix_common_sim
[2.237s] -- Install configuration: ""
[2.237s] -- Installing: /home/mscrobotics2425laptop4/interbotix_ws/install/interbotix_common_sim/share/interbotix_common_sim/models
[2.238s] -- Installing: /home/mscrobotics2425laptop4/interbotix_ws/install/interbotix_common_sim/share/interbotix_common_sim/models/RealSenseD415
[2.238s] -- Installing: /home/mscrobotics2425laptop4/interbotix_ws/install/interbotix_common_sim/share/interbotix_common_sim/models/RealSenseD415/camera.stl
[2.238s] -- Installing: /home/mscrobotics2425laptop4/interbotix_ws/install/interbotix_common_sim/share/interbotix_common_sim/models/RealSenseD415/model.config
[2.238s] -- Installing: /home/mscrobotics2425laptop4/interbotix_ws/install/interbotix_common_sim/share/interbotix_common_sim/models/RealSenseD415/RealSenseD415.sdf
[2.239s] -- Installing: /home/mscrobotics2425laptop4/interbotix_ws/install/interbotix_common_sim/share/interbotix_common_sim/models/VisionKit
[2.239s] -- Installing: /home/mscrobotics2425laptop4/interbotix_ws/install/interbotix_common_sim/share/interbotix_common_sim/models/VisionKit/VisionKit.sdf
[2.239s] -- Installing: /home/mscrobotics2425laptop4/interbotix_ws/install/interbotix_common_sim/share/interbotix_common_sim/models/VisionKit/model.config
[2.240s] -- Installing: /home/mscrobotics2425laptop4/interbotix_ws/install/interbotix_common_sim/share/interbotix_common_sim/models/VisionKit/stand.stl
[2.240s] -- Installing: /home/mscrobotics2425laptop4/interbotix_ws/install/interbotix_common_sim/share/interbotix_common_sim/models/TrossenRoboticsOfficeBuilding
[2.241s] -- Installing: /home/mscrobotics2425laptop4/interbotix_ws/install/interbotix_common_sim/share/interbotix_common_sim/models/TrossenRoboticsOfficeBuilding/TrossenRoboticsOfficeBuilding.sdf
[2.241s] -- Installing: /home/mscrobotics2425laptop4/interbotix_ws/install/interbotix_common_sim/share/interbotix_common_sim/models/TrossenRoboticsOfficeBuilding/model.config
[2.241s] -- Installing: /home/mscrobotics2425laptop4/interbotix_ws/install/interbotix_common_sim/share/interbotix_common_sim/worlds
[2.241s] -- Installing: /home/mscrobotics2425laptop4/interbotix_ws/install/interbotix_common_sim/share/interbotix_common_sim/worlds/interbotix.world
[2.241s] -- Installing: /home/mscrobotics2425laptop4/interbotix_ws/install/interbotix_common_sim/share/interbotix_common_sim/worlds/vision_kit.world
[2.241s] -- Installing: /home/mscrobotics2425laptop4/interbotix_ws/install/interbotix_common_sim/share/interbotix_common_sim/media
[2.242s] -- Installing: /home/mscrobotics2425laptop4/interbotix_ws/install/interbotix_common_sim/share/interbotix_common_sim/media/materials
[2.242s] -- Installing: /home/mscrobotics2425laptop4/interbotix_ws/install/interbotix_common_sim/share/interbotix_common_sim/media/materials/textures
[2.242s] -- Installing: /home/mscrobotics2425laptop4/interbotix_ws/install/interbotix_common_sim/share/interbotix_common_sim/media/materials/textures/interbotix_black.png
[2.242s] -- Installing: /home/mscrobotics2425laptop4/interbotix_ws/install/interbotix_common_sim/share/interbotix_common_sim/media/materials/scripts
[2.242s] -- Installing: /home/mscrobotics2425laptop4/interbotix_ws/install/interbotix_common_sim/share/interbotix_common_sim/media/materials/scripts/interbotix_texture.gazebo
[2.242s] -- Installing: /home/mscrobotics2425laptop4/interbotix_ws/install/interbotix_common_sim/share/interbotix_common_sim/media/materials/scripts/interbotix_black.material
[2.242s] -- Installing: /home/mscrobotics2425laptop4/interbotix_ws/install/interbotix_common_sim/share/interbotix_common_sim/media/interbotix_black.png
[2.243s] -- Installing: /home/mscrobotics2425laptop4/interbotix_ws/install/interbotix_common_sim/share/ament_index/resource_index/package_run_dependencies/interbotix_common_sim
[2.243s] -- Installing: /home/mscrobotics2425laptop4/interbotix_ws/install/interbotix_common_sim/share/ament_index/resource_index/parent_prefix_path/interbotix_common_sim
[2.243s] -- Installing: /home/mscrobotics2425laptop4/interbotix_ws/install/interbotix_common_sim/share/interbotix_common_sim/environment/ament_prefix_path.sh
[2.244s] -- Installing: /home/mscrobotics2425laptop4/interbotix_ws/install/interbotix_common_sim/share/interbotix_common_sim/environment/ament_prefix_path.dsv
[2.244s] -- Installing: /home/mscrobotics2425laptop4/interbotix_ws/install/interbotix_common_sim/share/interbotix_common_sim/environment/path.sh
[2.244s] -- Installing: /home/mscrobotics2425laptop4/interbotix_ws/install/interbotix_common_sim/share/interbotix_common_sim/environment/path.dsv
[2.245s] -- Installing: /home/mscrobotics2425laptop4/interbotix_ws/install/interbotix_common_sim/share/interbotix_common_sim/local_setup.bash
[2.245s] -- Installing: /home/mscrobotics2425laptop4/interbotix_ws/install/interbotix_common_sim/share/interbotix_common_sim/local_setup.sh
[2.245s] -- Installing: /home/mscrobotics2425laptop4/interbotix_ws/install/interbotix_common_sim/share/interbotix_common_sim/local_setup.zsh
[2.246s] -- Installing: /home/mscrobotics2425laptop4/interbotix_ws/install/interbotix_common_sim/share/interbotix_common_sim/local_setup.dsv
[2.246s] -- Installing: /home/mscrobotics2425laptop4/interbotix_ws/install/interbotix_common_sim/share/interbotix_common_sim/package.dsv
[2.246s] -- Installing: /home/mscrobotics2425laptop4/interbotix_ws/install/interbotix_common_sim/share/ament_index/resource_index/packages/interbotix_common_sim
[2.246s] -- Installing: /home/mscrobotics2425laptop4/interbotix_ws/install/interbotix_common_sim/share/interbotix_common_sim/cmake/interbotix_common_simConfig.cmake
[2.247s] -- Installing: /home/mscrobotics2425laptop4/interbotix_ws/install/interbotix_common_sim/share/interbotix_common_sim/cmake/interbotix_common_simConfig-version.cmake
[2.247s] -- Installing: /home/mscrobotics2425laptop4/interbotix_ws/install/interbotix_common_sim/share/interbotix_common_sim/package.xml
[2.251s] Invoked command in '/home/mscrobotics2425laptop4/interbotix_ws/build/interbotix_common_sim' returned '0': CMAKE_PREFIX_PATH=${CMAKE_PREFIX_PATH}:/opt/ros/humble /usr/bin/cmake --install /home/mscrobotics2425laptop4/interbotix_ws/build/interbotix_common_sim
