[3.923s] Invoking command in '/home/mscrobotics2425laptop4/interbotix_ws/src/leo_launch': PYTHONPATH=/home/mscrobotics2425laptop4/interbotix_ws/build/leo_launch/prefix_override:/usr/lib/python3/dist-packages/colcon_core/task/python/colcon_distutils_commands:/home/mscrobotics2425laptop4/interbotix_ws/install/leo_launch/lib/python3.10/site-packages:${PYTHONPATH} /usr/bin/python3 -W ignore:setup.py install is deprecated -W ignore:easy_install command is deprecated setup.py egg_info --egg-base ../../build/leo_launch build --build-base /home/mscrobotics2425laptop4/interbotix_ws/build/leo_launch/build install --record /home/mscrobotics2425laptop4/interbotix_ws/build/leo_launch/install.log --single-version-externally-managed install_data
[4.860s] running egg_info
[4.862s] writing ../../build/leo_launch/leo_launch.egg-info/PKG-INFO
[4.863s] writing dependency_links to ../../build/leo_launch/leo_launch.egg-info/dependency_links.txt
[4.863s] writing entry points to ../../build/leo_launch/leo_launch.egg-info/entry_points.txt
[4.866s] writing requirements to ../../build/leo_launch/leo_launch.egg-info/requires.txt
[4.866s] writing top-level names to ../../build/leo_launch/leo_launch.egg-info/top_level.txt
[4.871s] reading manifest file '../../build/leo_launch/leo_launch.egg-info/SOURCES.txt'
[4.885s] writing manifest file '../../build/leo_launch/leo_launch.egg-info/SOURCES.txt'
[4.886s] running build
[4.886s] running build_py
[4.886s] running install
[4.906s] running install_lib
[4.906s] running install_data
[4.906s] running install_egg_info
[4.906s] removing '/home/mscrobotics2425laptop4/interbotix_ws/install/leo_launch/lib/python3.10/site-packages/leo_launch-0.0.0-py3.10.egg-info' (and everything under it)
[4.907s] Copying ../../build/leo_launch/leo_launch.egg-info to /home/mscrobotics2425laptop4/interbotix_ws/install/leo_launch/lib/python3.10/site-packages/leo_launch-0.0.0-py3.10.egg-info
[4.909s] running install_scripts
[4.973s] writing list of installed files to '/home/mscrobotics2425laptop4/interbotix_ws/build/leo_launch/install.log'
[5.745s] Invoked command in '/home/mscrobotics2425laptop4/interbotix_ws/src/leo_launch' returned '0': PYTHONPATH=/home/mscrobotics2425laptop4/interbotix_ws/build/leo_launch/prefix_override:/usr/lib/python3/dist-packages/colcon_core/task/python/colcon_distutils_commands:/home/mscrobotics2425laptop4/interbotix_ws/install/leo_launch/lib/python3.10/site-packages:${PYTHONPATH} /usr/bin/python3 -W ignore:setup.py install is deprecated -W ignore:easy_install command is deprecated setup.py egg_info --egg-base ../../build/leo_launch build --build-base /home/mscrobotics2425laptop4/interbotix_ws/build/leo_launch/build install --record /home/mscrobotics2425laptop4/interbotix_ws/build/leo_launch/install.log --single-version-externally-managed install_data
