[0.037s] Invoking command in '/home/mscrobotics2425laptop4/interbotix_ws/build/interbotix_perception_pipelines': AMENT_PREFIX_PATH=/home/mscrobotics2425laptop4/interbotix_ws/install/interbotix_perception_msgs:${AMENT_PREFIX_PATH} CMAKE_PREFIX_PATH=/home/mscrobotics2425laptop4/interbotix_ws/install/interbotix_perception_msgs:/home/mscrobotics2425laptop4/apriltag_ws/install/apriltag_ros:/opt/ros/humble LD_LIBRARY_PATH=/home/mscrobotics2425laptop4/interbotix_ws/install/interbotix_perception_msgs/lib:${LD_LIBRARY_PATH} PYTHONPATH=/home/mscrobotics2425laptop4/interbotix_ws/install/interbotix_perception_msgs/local/lib/python3.10/dist-packages:${PYTHONPATH} /usr/bin/cmake /home/mscrobotics2425laptop4/interbotix_ws/src/interbotix_ros_toolboxes/interbotix_perception_toolbox/interbotix_perception_pipelines -DCMAKE_INSTALL_PREFIX=/home/mscrobotics2425laptop4/interbotix_ws/install/interbotix_perception_pipelines
[0.183s] -- The C compiler identification is GNU 11.4.0
[0.334s] -- The CXX compiler identification is GNU 11.4.0
[0.371s] -- Detecting C compiler ABI info
[0.572s] -- Detecting C compiler ABI info - done
[0.590s] -- Check for working C compiler: /usr/bin/cc - skipped
[0.601s] -- Detecting C compile features
[0.602s] -- Detecting C compile features - done
[0.610s] -- Detecting CXX compiler ABI info
[0.791s] -- Detecting CXX compiler ABI info - done
[0.812s] -- Check for working CXX compiler: /usr/bin/c++ - skipped
[0.813s] -- Detecting CXX compile features
[0.813s] -- Detecting CXX compile features - done
[0.835s] -- Found ament_cmake: 1.3.11 (/opt/ros/humble/share/ament_cmake/cmake)
[1.188s] -- Found Python3: /usr/bin/python3 (found version "3.10.12") found components: Interpreter 
[1.491s] -- Found ament_index_cpp: 1.4.0 (/opt/ros/humble/share/ament_index_cpp/cmake)
[1.495s] -- Found interbotix_perception_msgs: 0.0.0 (/home/mscrobotics2425laptop4/interbotix_ws/install/interbotix_perception_msgs/share/interbotix_perception_msgs/cmake)
[1.618s] -- Found rosidl_generator_c: 3.1.6 (/opt/ros/humble/share/rosidl_generator_c/cmake)
[1.633s] -- Found rosidl_adapter: 3.1.6 (/opt/ros/humble/share/rosidl_adapter/cmake)
[1.670s] -- Found rosidl_generator_cpp: 3.1.6 (/opt/ros/humble/share/rosidl_generator_cpp/cmake)
[1.714s] -- Using all available rosidl_typesupport_c: rosidl_typesupport_fastrtps_c;rosidl_typesupport_introspection_c
[1.772s] -- Using all available rosidl_typesupport_cpp: rosidl_typesupport_fastrtps_cpp;rosidl_typesupport_introspection_cpp
[2.066s] -- Found pcl_conversions: 2.4.5 (/opt/ros/humble/share/pcl_conversions/cmake)
[2.239s] -- Found rmw_implementation_cmake: 6.1.2 (/opt/ros/humble/share/rmw_implementation_cmake/cmake)
[2.250s] -- Found rmw_fastrtps_cpp: 6.2.7 (/opt/ros/humble/share/rmw_fastrtps_cpp/cmake)
[2.487s] -- Found OpenSSL: /usr/lib/x86_64-linux-gnu/libcrypto.so (found version "3.0.2")  
[2.586s] -- Found FastRTPS: /opt/ros/humble/include  
[2.736s] -- Using RMW implementation 'rmw_fastrtps_cpp' as default
[2.767s] -- Looking for pthread.h
[2.991s] -- Looking for pthread.h - found
[2.991s] -- Performing Test CMAKE_HAVE_LIBC_PTHREAD
[3.204s] -- Performing Test CMAKE_HAVE_LIBC_PTHREAD - Success
[3.204s] -- Found Threads: TRUE  
[3.460s] -- Checking for module 'eigen3'
[3.489s] --   Found eigen3, version 3.4.0
[3.567s] -- Found Eigen: /usr/include/eigen3 (Required is at least version "3.1") 
[3.567s] -- Eigen found (include: /usr/include/eigen3, version: 3.4.0)
[3.644s] -- Checking for module 'flann'
[3.686s] --   Found flann, version 1.9.1
[3.797s] -- Found FLANN: /usr/lib/x86_64-linux-gnu/libflann_cpp.so  
[3.797s] -- FLANN found (include: /usr/include, lib: /usr/lib/x86_64-linux-gnu/libflann_cpp.so)
[6.517s] -- Checking for module 'libusb-1.0'
[6.559s] --   Found libusb-1.0, version 1.0.25
[6.659s] -- Found libusb: /usr/lib/x86_64-linux-gnu/libusb-1.0.so  
[6.676s] -- OpenNI found (version: 1.5.4.0, include: /usr/include/ni, lib: /usr/lib/libOpenNI.so;libusb::libusb)
[6.861s] -- OpenNI2 found (version: 2.2.0.33, include: /usr/include/openni2, lib: /usr/lib/x86_64-linux-gnu/libOpenNI2.so;libusb::libusb)
[7.335s] -- Eigen found (include: /usr/include/eigen3, version: 3.4.0)
[7.350s] -- OpenNI found (version: 1.5.4.0, include: /usr/include/ni, lib: /usr/lib/libOpenNI.so;libusb::libusb)
[7.363s] -- OpenNI2 found (version: 2.2.0.33, include: /usr/include/openni2, lib: /usr/lib/x86_64-linux-gnu/libOpenNI2.so;libusb::libusb)
[7.701s] -- Found Qhull version 8.0.2
[8.032s] -- OpenNI found (version: 1.5.4.0, include: /usr/include/ni, lib: /usr/lib/libOpenNI.so;libusb::libusb)
[8.400s] -- Found PCL_COMMON: /usr/lib/x86_64-linux-gnu/libpcl_common.so  
[8.419s] -- Found PCL_KDTREE: /usr/lib/x86_64-linux-gnu/libpcl_kdtree.so  
[8.422s] -- Found PCL_OCTREE: /usr/lib/x86_64-linux-gnu/libpcl_octree.so  
[8.425s] -- Found PCL_SEARCH: /usr/lib/x86_64-linux-gnu/libpcl_search.so  
[8.427s] -- Found PCL_SAMPLE_CONSENSUS: /usr/lib/x86_64-linux-gnu/libpcl_sample_consensus.so  
[8.428s] -- Found PCL_FILTERS: /usr/lib/x86_64-linux-gnu/libpcl_filters.so  
[8.429s] -- Found PCL_2D: /usr/include/pcl-1.12  
[8.430s] -- Found PCL_GEOMETRY: /usr/include/pcl-1.12  
[8.433s] -- Found PCL_IO: /usr/lib/x86_64-linux-gnu/libpcl_io.so  
[8.436s] -- Found PCL_FEATURES: /usr/lib/x86_64-linux-gnu/libpcl_features.so  
[8.438s] -- Found PCL_ML: /usr/lib/x86_64-linux-gnu/libpcl_ml.so  
[8.440s] -- Found PCL_SEGMENTATION: /usr/lib/x86_64-linux-gnu/libpcl_segmentation.so  
[8.442s] -- Found PCL_VISUALIZATION: /usr/lib/x86_64-linux-gnu/libpcl_visualization.so  
[8.444s] -- Found PCL_SURFACE: /usr/lib/x86_64-linux-gnu/libpcl_surface.so  
[8.446s] -- Found PCL_REGISTRATION: /usr/lib/x86_64-linux-gnu/libpcl_registration.so  
[8.448s] -- Found PCL_KEYPOINTS: /usr/lib/x86_64-linux-gnu/libpcl_keypoints.so  
[8.450s] -- Found PCL_TRACKING: /usr/lib/x86_64-linux-gnu/libpcl_tracking.so  
[8.452s] -- Found PCL_RECOGNITION: /usr/lib/x86_64-linux-gnu/libpcl_recognition.so  
[8.454s] -- Found PCL_STEREO: /usr/lib/x86_64-linux-gnu/libpcl_stereo.so  
[8.456s] -- Found PCL_APPS: /usr/lib/x86_64-linux-gnu/libpcl_apps.so  
[8.458s] -- Found PCL_IN_HAND_SCANNER: /usr/include/pcl-1.12  
[8.458s] -- Found PCL_MODELER: /usr/include/pcl-1.12  
[8.471s] -- Found PCL_POINT_CLOUD_EDITOR: /usr/include/pcl-1.12  
[8.473s] -- Found PCL_OUTOFCORE: /usr/lib/x86_64-linux-gnu/libpcl_outofcore.so  
[8.475s] -- Found PCL_PEOPLE: /usr/lib/x86_64-linux-gnu/libpcl_people.so  
[8.480s] -- Found pcl_ros: 2.4.5 (/opt/ros/humble/share/pcl_ros/cmake)
[8.583s] -- Found eigen3_cmake_module: 0.1.1 (/opt/ros/humble/share/eigen3_cmake_module/cmake)
[8.588s] -- Found Eigen3: TRUE (found version "3.4.0") 
[8.588s] -- Ensuring Eigen3 include directory is part of orocos-kdl CMake target
[8.902s] -- Found std_srvs: 4.2.4 (/opt/ros/humble/share/std_srvs/cmake)
[8.936s] -- Found visualization_msgs: 4.2.4 (/opt/ros/humble/share/visualization_msgs/cmake)
[9.060s] -- Found ament_lint_auto: 0.12.11 (/opt/ros/humble/share/ament_lint_auto/cmake)
[9.333s] -- Added test 'copyright' to check source files copyright and LICENSE
[9.338s] -- Added test 'cppcheck' to perform static code analysis on C / C++ code
[9.338s] -- Configured cppcheck include dirs: 
[9.339s] -- Configured cppcheck exclude dirs and/or files: 
[9.341s] -- Added test 'cpplint' to check C / C++ code against the Google style
[9.341s] -- Configured cpplint exclude dirs and/or files: 
[9.343s] -- Added test 'lint_cmake' to check CMake code style
[9.345s] -- Added test 'uncrustify' to check C / C++ code style
[9.345s] -- Configured uncrustify additional arguments: 
[9.346s] -- Added test 'xmllint' to check XML markup files
[9.350s] -- Configuring done
[9.520s] -- Generating done
[9.550s] -- Build files have been written to: /home/mscrobotics2425laptop4/interbotix_ws/build/interbotix_perception_pipelines
[9.590s] Invoked command in '/home/mscrobotics2425laptop4/interbotix_ws/build/interbotix_perception_pipelines' returned '0': AMENT_PREFIX_PATH=/home/mscrobotics2425laptop4/interbotix_ws/install/interbotix_perception_msgs:${AMENT_PREFIX_PATH} CMAKE_PREFIX_PATH=/home/mscrobotics2425laptop4/interbotix_ws/install/interbotix_perception_msgs:/home/mscrobotics2425laptop4/apriltag_ws/install/apriltag_ros:/opt/ros/humble LD_LIBRARY_PATH=/home/mscrobotics2425laptop4/interbotix_ws/install/interbotix_perception_msgs/lib:${LD_LIBRARY_PATH} PYTHONPATH=/home/mscrobotics2425laptop4/interbotix_ws/install/interbotix_perception_msgs/local/lib/python3.10/dist-packages:${PYTHONPATH} /usr/bin/cmake /home/mscrobotics2425laptop4/interbotix_ws/src/interbotix_ros_toolboxes/interbotix_perception_toolbox/interbotix_perception_pipelines -DCMAKE_INSTALL_PREFIX=/home/mscrobotics2425laptop4/interbotix_ws/install/interbotix_perception_pipelines
[9.599s] Invoking command in '/home/mscrobotics2425laptop4/interbotix_ws/build/interbotix_perception_pipelines': AMENT_PREFIX_PATH=/home/mscrobotics2425laptop4/interbotix_ws/install/interbotix_perception_msgs:${AMENT_PREFIX_PATH} CMAKE_PREFIX_PATH=/home/mscrobotics2425laptop4/interbotix_ws/install/interbotix_perception_msgs:/home/mscrobotics2425laptop4/apriltag_ws/install/apriltag_ros:/opt/ros/humble LD_LIBRARY_PATH=/home/mscrobotics2425laptop4/interbotix_ws/install/interbotix_perception_msgs/lib:${LD_LIBRARY_PATH} PYTHONPATH=/home/mscrobotics2425laptop4/interbotix_ws/install/interbotix_perception_msgs/local/lib/python3.10/dist-packages:${PYTHONPATH} /usr/bin/cmake --build /home/mscrobotics2425laptop4/interbotix_ws/build/interbotix_perception_pipelines -- -j12 -l12
[9.722s] [ 50%] [32mBuilding CXX object CMakeFiles/pointcloud_pipeline.dir/src/pointcloud_pipeline.cpp.o[0m
[40.730s] [100%] [32m[1mLinking CXX executable pointcloud_pipeline[0m
[46.346s] [100%] Built target pointcloud_pipeline
[46.377s] Invoked command in '/home/mscrobotics2425laptop4/interbotix_ws/build/interbotix_perception_pipelines' returned '0': AMENT_PREFIX_PATH=/home/mscrobotics2425laptop4/interbotix_ws/install/interbotix_perception_msgs:${AMENT_PREFIX_PATH} CMAKE_PREFIX_PATH=/home/mscrobotics2425laptop4/interbotix_ws/install/interbotix_perception_msgs:/home/mscrobotics2425laptop4/apriltag_ws/install/apriltag_ros:/opt/ros/humble LD_LIBRARY_PATH=/home/mscrobotics2425laptop4/interbotix_ws/install/interbotix_perception_msgs/lib:${LD_LIBRARY_PATH} PYTHONPATH=/home/mscrobotics2425laptop4/interbotix_ws/install/interbotix_perception_msgs/local/lib/python3.10/dist-packages:${PYTHONPATH} /usr/bin/cmake --build /home/mscrobotics2425laptop4/interbotix_ws/build/interbotix_perception_pipelines -- -j12 -l12
[46.381s] Invoking command in '/home/mscrobotics2425laptop4/interbotix_ws/build/interbotix_perception_pipelines': AMENT_PREFIX_PATH=/home/mscrobotics2425laptop4/interbotix_ws/install/interbotix_perception_msgs:${AMENT_PREFIX_PATH} CMAKE_PREFIX_PATH=/home/mscrobotics2425laptop4/interbotix_ws/install/interbotix_perception_msgs:/home/mscrobotics2425laptop4/apriltag_ws/install/apriltag_ros:/opt/ros/humble LD_LIBRARY_PATH=/home/mscrobotics2425laptop4/interbotix_ws/install/interbotix_perception_msgs/lib:${LD_LIBRARY_PATH} PYTHONPATH=/home/mscrobotics2425laptop4/interbotix_ws/install/interbotix_perception_msgs/local/lib/python3.10/dist-packages:${PYTHONPATH} /usr/bin/cmake --install /home/mscrobotics2425laptop4/interbotix_ws/build/interbotix_perception_pipelines
[46.399s] -- Install configuration: ""
[46.399s] -- Installing: /home/mscrobotics2425laptop4/interbotix_ws/install/interbotix_perception_pipelines/lib/interbotix_perception_pipelines/pointcloud_pipeline
[46.412s] -- Set runtime path of "/home/mscrobotics2425laptop4/interbotix_ws/install/interbotix_perception_pipelines/lib/interbotix_perception_pipelines/pointcloud_pipeline" to ""
[46.420s] -- Installing: /home/mscrobotics2425laptop4/interbotix_ws/install/interbotix_perception_pipelines/share/ament_index/resource_index/package_run_dependencies/interbotix_perception_pipelines
[46.425s] -- Installing: /home/mscrobotics2425laptop4/interbotix_ws/install/interbotix_perception_pipelines/share/ament_index/resource_index/parent_prefix_path/interbotix_perception_pipelines
[46.426s] -- Installing: /home/mscrobotics2425laptop4/interbotix_ws/install/interbotix_perception_pipelines/share/interbotix_perception_pipelines/environment/ament_prefix_path.sh
[46.426s] -- Installing: /home/mscrobotics2425laptop4/interbotix_ws/install/interbotix_perception_pipelines/share/interbotix_perception_pipelines/environment/ament_prefix_path.dsv
[46.426s] -- Installing: /home/mscrobotics2425laptop4/interbotix_ws/install/interbotix_perception_pipelines/share/interbotix_perception_pipelines/environment/path.sh
[46.426s] -- Installing: /home/mscrobotics2425laptop4/interbotix_ws/install/interbotix_perception_pipelines/share/interbotix_perception_pipelines/environment/path.dsv
[46.426s] -- Installing: /home/mscrobotics2425laptop4/interbotix_ws/install/interbotix_perception_pipelines/share/interbotix_perception_pipelines/local_setup.bash
[46.426s] -- Installing: /home/mscrobotics2425laptop4/interbotix_ws/install/interbotix_perception_pipelines/share/interbotix_perception_pipelines/local_setup.sh
[46.426s] -- Installing: /home/mscrobotics2425laptop4/interbotix_ws/install/interbotix_perception_pipelines/share/interbotix_perception_pipelines/local_setup.zsh
[46.426s] -- Installing: /home/mscrobotics2425laptop4/interbotix_ws/install/interbotix_perception_pipelines/share/interbotix_perception_pipelines/local_setup.dsv
[46.427s] -- Installing: /home/mscrobotics2425laptop4/interbotix_ws/install/interbotix_perception_pipelines/share/interbotix_perception_pipelines/package.dsv
[46.427s] -- Installing: /home/mscrobotics2425laptop4/interbotix_ws/install/interbotix_perception_pipelines/share/ament_index/resource_index/packages/interbotix_perception_pipelines
[46.427s] -- Installing: /home/mscrobotics2425laptop4/interbotix_ws/install/interbotix_perception_pipelines/share/interbotix_perception_pipelines/cmake/interbotix_perception_pipelinesConfig.cmake
[46.427s] -- Installing: /home/mscrobotics2425laptop4/interbotix_ws/install/interbotix_perception_pipelines/share/interbotix_perception_pipelines/cmake/interbotix_perception_pipelinesConfig-version.cmake
[46.427s] -- Installing: /home/mscrobotics2425laptop4/interbotix_ws/install/interbotix_perception_pipelines/share/interbotix_perception_pipelines/package.xml
[46.435s] Invoked command in '/home/mscrobotics2425laptop4/interbotix_ws/build/interbotix_perception_pipelines' returned '0': AMENT_PREFIX_PATH=/home/mscrobotics2425laptop4/interbotix_ws/install/interbotix_perception_msgs:${AMENT_PREFIX_PATH} CMAKE_PREFIX_PATH=/home/mscrobotics2425laptop4/interbotix_ws/install/interbotix_perception_msgs:/home/mscrobotics2425laptop4/apriltag_ws/install/apriltag_ros:/opt/ros/humble LD_LIBRARY_PATH=/home/mscrobotics2425laptop4/interbotix_ws/install/interbotix_perception_msgs/lib:${LD_LIBRARY_PATH} PYTHONPATH=/home/mscrobotics2425laptop4/interbotix_ws/install/interbotix_perception_msgs/local/lib/python3.10/dist-packages:${PYTHONPATH} /usr/bin/cmake --install /home/mscrobotics2425laptop4/interbotix_ws/build/interbotix_perception_pipelines
