[0.078s] Invoking command in '/home/mscrobotics2425laptop4/LEO-ROVER-CODING/build/interbotix_xs_msgs': CMAKE_PREFIX_PATH=${CMAKE_PREFIX_PATH}:/home/mscrobotics2425laptop4/LEO-ROVER-CODING/install/ros_cv_messages:/home/mscrobotics2425laptop4/LEO-ROVER-CODING/install/nav_final:/home/mscrobotics2425laptop4/LEO-ROVER-CODING/install/leo_realsense:/home/mscrobotics2425laptop4/LEO-ROVER-CODING/install/leo_manipulator:/home/mscrobotics2425laptop4/LEO-ROVER-CODING/install/leo_main:/home/mscrobotics2425laptop4/LEO-ROVER-CODING/install/leo_launcher:/home/mscrobotics2425laptop4/LEO-ROVER-CODING/install/leo_launch:/home/mscrobotics2425laptop4/LEO-ROVER-CODING/install/interbotix_xs_modules:/home/mscrobotics2425laptop4/LEO-ROVER-CODING/install/interbotix_perception_modules:/home/mscrobotics2425laptop4/LEO-ROVER-CODING/install/interbotix_common_modules:/home/mscrobotics2425laptop4/interbotix_ws/install/ros_cv_messages:/home/mscrobotics2425laptop4/interbotix_ws/install/leo_realsense:/home/mscrobotics2425laptop4/interbotix_ws/install/leo_manipulator:/home/mscrobotics2425laptop4/interbotix_ws/install/leo_main:/home/mscrobotics2425laptop4/interbotix_ws/install/leo_launch:/home/mscrobotics2425laptop4/interbotix_ws/install/interbotix_xs_modules:/home/mscrobotics2425laptop4/interbotix_ws/install/interbotix_perception_modules:/home/mscrobotics2425laptop4/interbotix_ws/install/interbotix_common_modules:/home/mscrobotics2425laptop4/ros2_tutorial_workspace/install/the_simplest_python_package:/home/mscrobotics2425laptop4/ros2_tutorial_workspace/install/test_package:/home/mscrobotics2425laptop4/ros2_tutorial_workspace/install/python_package_with_a_node:/home/mscrobotics2425laptop4/ros2_tutorial_workspace/install/python_package_that_uses_the_library:/home/mscrobotics2425laptop4/ros2_tutorial_workspace/install/python_package_with_a_library:/home/mscrobotics2425laptop4/ros2_tutorial_workspace/install/python_package_that_uses_the_services:/home/mscrobotics2425laptop4/ros2_tutorial_workspace/install/python_package_that_uses_the_messages:/home/mscrobotics2425laptop4/ros2_tutorial_workspace/install/python_package_that_uses_parameters_and_launch_files:/home/mscrobotics2425laptop4/ros2_tutorial_workspace/install/navigation_leo:/home/mscrobotics2425laptop4/ros2_tutorial_workspace/install/navigation_demos_custom_map:/home/mscrobotics2425laptop4/ros2_tutorial_workspace/install/navigation_demos:/home/mscrobotics2425laptop4/ros2_tutorial_workspace/install/m_explore_toggle:/home/mscrobotics2425laptop4/ros2_tutorial_workspace/install/lidar_emulator:/home/mscrobotics2425laptop4/ros2_tutorial_workspace/install/leo_team9:/home/mscrobotics2425laptop4/ros2_tutorial_workspace/install/gz_example_robot_description:/home/mscrobotics2425laptop4/ros2_tutorial_workspace/install/example_urdf_robot:/home/mscrobotics2425laptop4/ros2_tutorial_workspace/install/example_urdf_description:/home/mscrobotics2425laptop4/ros2_tutorial_workspace/install/example_gz_robot:/home/mscrobotics2425laptop4/ros2_tutorial_workspace/install/custom_server_package:/home/mscrobotics2425laptop4/ros2_tutorial_workspace/install/custom_client_package:/home/mscrobotics2425laptop4/ros2_tutorial_workspace/install/challenge_package:/home/mscrobotics2425laptop4/ros2_tutorial_workspace/install/bt_demos:/opt/ros/humble /usr/bin/cmake --build /home/mscrobotics2425laptop4/LEO-ROVER-CODING/build/interbotix_xs_msgs -- -j12 -l12
[0.424s] [ 12%] Built target interbotix_xs_msgs__rosidl_generator_c
[0.424s] [ 12%] Built target interbotix_xs_msgs__cpp
[0.424s] [ 12%] Built target ament_cmake_python_copy_interbotix_xs_msgs
[0.424s] [ 24%] Built target interbotix_xs_msgs__rosidl_typesupport_introspection_c
[0.424s] [ 36%] Built target interbotix_xs_msgs__rosidl_typesupport_fastrtps_c
[0.424s] [ 48%] Built target interbotix_xs_msgs__rosidl_typesupport_c
[0.424s] [ 60%] Built target interbotix_xs_msgs__rosidl_typesupport_cpp
[0.425s] [ 72%] Built target interbotix_xs_msgs__rosidl_typesupport_introspection_cpp
[0.425s] [ 84%] Built target interbotix_xs_msgs__rosidl_typesupport_fastrtps_cpp
[0.426s] [ 84%] Built target interbotix_xs_msgs
[0.426s] [ 85%] Built target interbotix_xs_msgs__py
[0.426s] [ 96%] Built target interbotix_xs_msgs__rosidl_generator_py
[0.426s] [ 97%] Built target interbotix_xs_msgs__rosidl_typesupport_fastrtps_c__pyext
[0.426s] [100%] Built target interbotix_xs_msgs__rosidl_typesupport_c__pyext
[0.426s] [100%] Built target interbotix_xs_msgs__rosidl_typesupport_introspection_c__pyext
[0.426s] running egg_info
[0.427s] writing interbotix_xs_msgs.egg-info/PKG-INFO
[0.427s] writing dependency_links to interbotix_xs_msgs.egg-info/dependency_links.txt
[0.427s] writing top-level names to interbotix_xs_msgs.egg-info/top_level.txt
[0.429s] reading manifest file 'interbotix_xs_msgs.egg-info/SOURCES.txt'
[0.431s] writing manifest file 'interbotix_xs_msgs.egg-info/SOURCES.txt'
[0.569s] [100%] Built target ament_cmake_python_build_interbotix_xs_msgs_egg
[0.830s] Invoked command in '/home/mscrobotics2425laptop4/LEO-ROVER-CODING/build/interbotix_xs_msgs' returned '0': CMAKE_PREFIX_PATH=${CMAKE_PREFIX_PATH}:/home/mscrobotics2425laptop4/LEO-ROVER-CODING/install/ros_cv_messages:/home/mscrobotics2425laptop4/LEO-ROVER-CODING/install/nav_final:/home/mscrobotics2425laptop4/LEO-ROVER-CODING/install/leo_realsense:/home/mscrobotics2425laptop4/LEO-ROVER-CODING/install/leo_manipulator:/home/mscrobotics2425laptop4/LEO-ROVER-CODING/install/leo_main:/home/mscrobotics2425laptop4/LEO-ROVER-CODING/install/leo_launcher:/home/mscrobotics2425laptop4/LEO-ROVER-CODING/install/leo_launch:/home/mscrobotics2425laptop4/LEO-ROVER-CODING/install/interbotix_xs_modules:/home/mscrobotics2425laptop4/LEO-ROVER-CODING/install/interbotix_perception_modules:/home/mscrobotics2425laptop4/LEO-ROVER-CODING/install/interbotix_common_modules:/home/mscrobotics2425laptop4/interbotix_ws/install/ros_cv_messages:/home/mscrobotics2425laptop4/interbotix_ws/install/leo_realsense:/home/mscrobotics2425laptop4/interbotix_ws/install/leo_manipulator:/home/mscrobotics2425laptop4/interbotix_ws/install/leo_main:/home/mscrobotics2425laptop4/interbotix_ws/install/leo_launch:/home/mscrobotics2425laptop4/interbotix_ws/install/interbotix_xs_modules:/home/mscrobotics2425laptop4/interbotix_ws/install/interbotix_perception_modules:/home/mscrobotics2425laptop4/interbotix_ws/install/interbotix_common_modules:/home/mscrobotics2425laptop4/ros2_tutorial_workspace/install/the_simplest_python_package:/home/mscrobotics2425laptop4/ros2_tutorial_workspace/install/test_package:/home/mscrobotics2425laptop4/ros2_tutorial_workspace/install/python_package_with_a_node:/home/mscrobotics2425laptop4/ros2_tutorial_workspace/install/python_package_that_uses_the_library:/home/mscrobotics2425laptop4/ros2_tutorial_workspace/install/python_package_with_a_library:/home/mscrobotics2425laptop4/ros2_tutorial_workspace/install/python_package_that_uses_the_services:/home/mscrobotics2425laptop4/ros2_tutorial_workspace/install/python_package_that_uses_the_messages:/home/mscrobotics2425laptop4/ros2_tutorial_workspace/install/python_package_that_uses_parameters_and_launch_files:/home/mscrobotics2425laptop4/ros2_tutorial_workspace/install/navigation_leo:/home/mscrobotics2425laptop4/ros2_tutorial_workspace/install/navigation_demos_custom_map:/home/mscrobotics2425laptop4/ros2_tutorial_workspace/install/navigation_demos:/home/mscrobotics2425laptop4/ros2_tutorial_workspace/install/m_explore_toggle:/home/mscrobotics2425laptop4/ros2_tutorial_workspace/install/lidar_emulator:/home/mscrobotics2425laptop4/ros2_tutorial_workspace/install/leo_team9:/home/mscrobotics2425laptop4/ros2_tutorial_workspace/install/gz_example_robot_description:/home/mscrobotics2425laptop4/ros2_tutorial_workspace/install/example_urdf_robot:/home/mscrobotics2425laptop4/ros2_tutorial_workspace/install/example_urdf_description:/home/mscrobotics2425laptop4/ros2_tutorial_workspace/install/example_gz_robot:/home/mscrobotics2425laptop4/ros2_tutorial_workspace/install/custom_server_package:/home/mscrobotics2425laptop4/ros2_tutorial_workspace/install/custom_client_package:/home/mscrobotics2425laptop4/ros2_tutorial_workspace/install/challenge_package:/home/mscrobotics2425laptop4/ros2_tutorial_workspace/install/bt_demos:/opt/ros/humble /usr/bin/cmake --build /home/mscrobotics2425laptop4/LEO-ROVER-CODING/build/interbotix_xs_msgs -- -j12 -l12
[0.832s] Invoking command in '/home/mscrobotics2425laptop4/LEO-ROVER-CODING/build/interbotix_xs_msgs': CMAKE_PREFIX_PATH=${CMAKE_PREFIX_PATH}:/home/mscrobotics2425laptop4/LEO-ROVER-CODING/install/ros_cv_messages:/home/mscrobotics2425laptop4/LEO-ROVER-CODING/install/nav_final:/home/mscrobotics2425laptop4/LEO-ROVER-CODING/install/leo_realsense:/home/mscrobotics2425laptop4/LEO-ROVER-CODING/install/leo_manipulator:/home/mscrobotics2425laptop4/LEO-ROVER-CODING/install/leo_main:/home/mscrobotics2425laptop4/LEO-ROVER-CODING/install/leo_launcher:/home/mscrobotics2425laptop4/LEO-ROVER-CODING/install/leo_launch:/home/mscrobotics2425laptop4/LEO-ROVER-CODING/install/interbotix_xs_modules:/home/mscrobotics2425laptop4/LEO-ROVER-CODING/install/interbotix_perception_modules:/home/mscrobotics2425laptop4/LEO-ROVER-CODING/install/interbotix_common_modules:/home/mscrobotics2425laptop4/interbotix_ws/install/ros_cv_messages:/home/mscrobotics2425laptop4/interbotix_ws/install/leo_realsense:/home/mscrobotics2425laptop4/interbotix_ws/install/leo_manipulator:/home/mscrobotics2425laptop4/interbotix_ws/install/leo_main:/home/mscrobotics2425laptop4/interbotix_ws/install/leo_launch:/home/mscrobotics2425laptop4/interbotix_ws/install/interbotix_xs_modules:/home/mscrobotics2425laptop4/interbotix_ws/install/interbotix_perception_modules:/home/mscrobotics2425laptop4/interbotix_ws/install/interbotix_common_modules:/home/mscrobotics2425laptop4/ros2_tutorial_workspace/install/the_simplest_python_package:/home/mscrobotics2425laptop4/ros2_tutorial_workspace/install/test_package:/home/mscrobotics2425laptop4/ros2_tutorial_workspace/install/python_package_with_a_node:/home/mscrobotics2425laptop4/ros2_tutorial_workspace/install/python_package_that_uses_the_library:/home/mscrobotics2425laptop4/ros2_tutorial_workspace/install/python_package_with_a_library:/home/mscrobotics2425laptop4/ros2_tutorial_workspace/install/python_package_that_uses_the_services:/home/mscrobotics2425laptop4/ros2_tutorial_workspace/install/python_package_that_uses_the_messages:/home/mscrobotics2425laptop4/ros2_tutorial_workspace/install/python_package_that_uses_parameters_and_launch_files:/home/mscrobotics2425laptop4/ros2_tutorial_workspace/install/navigation_leo:/home/mscrobotics2425laptop4/ros2_tutorial_workspace/install/navigation_demos_custom_map:/home/mscrobotics2425laptop4/ros2_tutorial_workspace/install/navigation_demos:/home/mscrobotics2425laptop4/ros2_tutorial_workspace/install/m_explore_toggle:/home/mscrobotics2425laptop4/ros2_tutorial_workspace/install/lidar_emulator:/home/mscrobotics2425laptop4/ros2_tutorial_workspace/install/leo_team9:/home/mscrobotics2425laptop4/ros2_tutorial_workspace/install/gz_example_robot_description:/home/mscrobotics2425laptop4/ros2_tutorial_workspace/install/example_urdf_robot:/home/mscrobotics2425laptop4/ros2_tutorial_workspace/install/example_urdf_description:/home/mscrobotics2425laptop4/ros2_tutorial_workspace/install/example_gz_robot:/home/mscrobotics2425laptop4/ros2_tutorial_workspace/install/custom_server_package:/home/mscrobotics2425laptop4/ros2_tutorial_workspace/install/custom_client_package:/home/mscrobotics2425laptop4/ros2_tutorial_workspace/install/challenge_package:/home/mscrobotics2425laptop4/ros2_tutorial_workspace/install/bt_demos:/opt/ros/humble /usr/bin/cmake --install /home/mscrobotics2425laptop4/LEO-ROVER-CODING/build/interbotix_xs_msgs
[0.844s] -- Install configuration: ""
[0.844s] -- Up-to-date: /home/mscrobotics2425laptop4/LEO-ROVER-CODING/install/interbotix_xs_msgs/share/ament_index/resource_index/rosidl_interfaces/interbotix_xs_msgs
[0.845s] -- Up-to-date: /home/mscrobotics2425laptop4/LEO-ROVER-CODING/install/interbotix_xs_msgs/include/interbotix_xs_msgs/interbotix_xs_msgs
[0.845s] -- Up-to-date: /home/mscrobotics2425laptop4/LEO-ROVER-CODING/install/interbotix_xs_msgs/include/interbotix_xs_msgs/interbotix_xs_msgs/msg
[0.845s] -- Up-to-date: /home/mscrobotics2425laptop4/LEO-ROVER-CODING/install/interbotix_xs_msgs/include/interbotix_xs_msgs/interbotix_xs_msgs/msg/joint_temps.h
[0.845s] -- Up-to-date: /home/mscrobotics2425laptop4/LEO-ROVER-CODING/install/interbotix_xs_msgs/include/interbotix_xs_msgs/interbotix_xs_msgs/msg/joint_group_command.h
[0.845s] -- Up-to-date: /home/mscrobotics2425laptop4/LEO-ROVER-CODING/install/interbotix_xs_msgs/include/interbotix_xs_msgs/interbotix_xs_msgs/msg/turret_joy.h
[0.845s] -- Up-to-date: /home/mscrobotics2425laptop4/LEO-ROVER-CODING/install/interbotix_xs_msgs/include/interbotix_xs_msgs/interbotix_xs_msgs/msg/rosidl_generator_c__visibility_control.h
[0.845s] -- Up-to-date: /home/mscrobotics2425laptop4/LEO-ROVER-CODING/install/interbotix_xs_msgs/include/interbotix_xs_msgs/interbotix_xs_msgs/msg/joint_trajectory_command.h
[0.845s] -- Up-to-date: /home/mscrobotics2425laptop4/LEO-ROVER-CODING/install/interbotix_xs_msgs/include/interbotix_xs_msgs/interbotix_xs_msgs/msg/hex_joy.h
[0.845s] -- Up-to-date: /home/mscrobotics2425laptop4/LEO-ROVER-CODING/install/interbotix_xs_msgs/include/interbotix_xs_msgs/interbotix_xs_msgs/msg/detail
[0.845s] -- Up-to-date: /home/mscrobotics2425laptop4/LEO-ROVER-CODING/install/interbotix_xs_msgs/include/interbotix_xs_msgs/interbotix_xs_msgs/msg/detail/joint_temps__struct.h
[0.846s] -- Up-to-date: /home/mscrobotics2425laptop4/LEO-ROVER-CODING/install/interbotix_xs_msgs/include/interbotix_xs_msgs/interbotix_xs_msgs/msg/detail/arm_joy__functions.h
[0.846s] -- Up-to-date: /home/mscrobotics2425laptop4/LEO-ROVER-CODING/install/interbotix_xs_msgs/include/interbotix_xs_msgs/interbotix_xs_msgs/msg/detail/joint_single_command__struct.h
[0.846s] -- Up-to-date: /home/mscrobotics2425laptop4/LEO-ROVER-CODING/install/interbotix_xs_msgs/include/interbotix_xs_msgs/interbotix_xs_msgs/msg/detail/joint_group_command__type_support.h
[0.846s] -- Up-to-date: /home/mscrobotics2425laptop4/LEO-ROVER-CODING/install/interbotix_xs_msgs/include/interbotix_xs_msgs/interbotix_xs_msgs/msg/detail/turret_joy__struct.h
[0.846s] -- Up-to-date: /home/mscrobotics2425laptop4/LEO-ROVER-CODING/install/interbotix_xs_msgs/include/interbotix_xs_msgs/interbotix_xs_msgs/msg/detail/joint_temps__functions.h
[0.846s] -- Up-to-date: /home/mscrobotics2425laptop4/LEO-ROVER-CODING/install/interbotix_xs_msgs/include/interbotix_xs_msgs/interbotix_xs_msgs/msg/detail/joint_trajectory_command__functions.c
[0.846s] -- Up-to-date: /home/mscrobotics2425laptop4/LEO-ROVER-CODING/install/interbotix_xs_msgs/include/interbotix_xs_msgs/interbotix_xs_msgs/msg/detail/joint_trajectory_command__type_support.h
[0.846s] -- Up-to-date: /home/mscrobotics2425laptop4/LEO-ROVER-CODING/install/interbotix_xs_msgs/include/interbotix_xs_msgs/interbotix_xs_msgs/msg/detail/hex_joy__functions.h
[0.846s] -- Up-to-date: /home/mscrobotics2425laptop4/LEO-ROVER-CODING/install/interbotix_xs_msgs/include/interbotix_xs_msgs/interbotix_xs_msgs/msg/detail/turret_joy__type_support.h
[0.846s] -- Up-to-date: /home/mscrobotics2425laptop4/LEO-ROVER-CODING/install/interbotix_xs_msgs/include/interbotix_xs_msgs/interbotix_xs_msgs/msg/detail/locobot_joy__struct.h
[0.846s] -- Up-to-date: /home/mscrobotics2425laptop4/LEO-ROVER-CODING/install/interbotix_xs_msgs/include/interbotix_xs_msgs/interbotix_xs_msgs/msg/detail/locobot_joy__type_support.h
[0.846s] -- Up-to-date: /home/mscrobotics2425laptop4/LEO-ROVER-CODING/install/interbotix_xs_msgs/include/interbotix_xs_msgs/interbotix_xs_msgs/msg/detail/turret_joy__functions.c
[0.846s] -- Up-to-date: /home/mscrobotics2425laptop4/LEO-ROVER-CODING/install/interbotix_xs_msgs/include/interbotix_xs_msgs/interbotix_xs_msgs/msg/detail/locobot_joy__functions.c
[0.846s] -- Up-to-date: /home/mscrobotics2425laptop4/LEO-ROVER-CODING/install/interbotix_xs_msgs/include/interbotix_xs_msgs/interbotix_xs_msgs/msg/detail/turret_joy__functions.h
[0.846s] -- Up-to-date: /home/mscrobotics2425laptop4/LEO-ROVER-CODING/install/interbotix_xs_msgs/include/interbotix_xs_msgs/interbotix_xs_msgs/msg/detail/joint_single_command__functions.h
[0.846s] -- Up-to-date: /home/mscrobotics2425laptop4/LEO-ROVER-CODING/install/interbotix_xs_msgs/include/interbotix_xs_msgs/interbotix_xs_msgs/msg/detail/joint_single_command__type_support.h
[0.847s] -- Up-to-date: /home/mscrobotics2425laptop4/LEO-ROVER-CODING/install/interbotix_xs_msgs/include/interbotix_xs_msgs/interbotix_xs_msgs/msg/detail/arm_joy__functions.c
[0.847s] -- Up-to-date: /home/mscrobotics2425laptop4/LEO-ROVER-CODING/install/interbotix_xs_msgs/include/interbotix_xs_msgs/interbotix_xs_msgs/msg/detail/joint_trajectory_command__struct.h
[0.847s] -- Up-to-date: /home/mscrobotics2425laptop4/LEO-ROVER-CODING/install/interbotix_xs_msgs/include/interbotix_xs_msgs/interbotix_xs_msgs/msg/detail/hex_joy__struct.h
[0.847s] -- Up-to-date: /home/mscrobotics2425laptop4/LEO-ROVER-CODING/install/interbotix_xs_msgs/include/interbotix_xs_msgs/interbotix_xs_msgs/msg/detail/hex_joy__functions.c
[0.847s] -- Up-to-date: /home/mscrobotics2425laptop4/LEO-ROVER-CODING/install/interbotix_xs_msgs/include/interbotix_xs_msgs/interbotix_xs_msgs/msg/detail/hex_joy__type_support.h
[0.847s] -- Up-to-date: /home/mscrobotics2425laptop4/LEO-ROVER-CODING/install/interbotix_xs_msgs/include/interbotix_xs_msgs/interbotix_xs_msgs/msg/detail/joint_single_command__functions.c
[0.847s] -- Up-to-date: /home/mscrobotics2425laptop4/LEO-ROVER-CODING/install/interbotix_xs_msgs/include/interbotix_xs_msgs/interbotix_xs_msgs/msg/detail/locobot_joy__functions.h
[0.847s] -- Up-to-date: /home/mscrobotics2425laptop4/LEO-ROVER-CODING/install/interbotix_xs_msgs/include/interbotix_xs_msgs/interbotix_xs_msgs/msg/detail/joint_temps__type_support.h
[0.847s] -- Up-to-date: /home/mscrobotics2425laptop4/LEO-ROVER-CODING/install/interbotix_xs_msgs/include/interbotix_xs_msgs/interbotix_xs_msgs/msg/detail/joint_temps__functions.c
[0.848s] -- Up-to-date: /home/mscrobotics2425laptop4/LEO-ROVER-CODING/install/interbotix_xs_msgs/include/interbotix_xs_msgs/interbotix_xs_msgs/msg/detail/arm_joy__type_support.h
[0.848s] -- Up-to-date: /home/mscrobotics2425laptop4/LEO-ROVER-CODING/install/interbotix_xs_msgs/include/interbotix_xs_msgs/interbotix_xs_msgs/msg/detail/arm_joy__struct.h
[0.848s] -- Up-to-date: /home/mscrobotics2425laptop4/LEO-ROVER-CODING/install/interbotix_xs_msgs/include/interbotix_xs_msgs/interbotix_xs_msgs/msg/detail/joint_group_command__functions.c
[0.848s] -- Up-to-date: /home/mscrobotics2425laptop4/LEO-ROVER-CODING/install/interbotix_xs_msgs/include/interbotix_xs_msgs/interbotix_xs_msgs/msg/detail/joint_group_command__functions.h
[0.848s] -- Up-to-date: /home/mscrobotics2425laptop4/LEO-ROVER-CODING/install/interbotix_xs_msgs/include/interbotix_xs_msgs/interbotix_xs_msgs/msg/detail/joint_group_command__struct.h
[0.853s] -- Up-to-date: /home/mscrobotics2425laptop4/LEO-ROVER-CODING/install/interbotix_xs_msgs/include/interbotix_xs_msgs/interbotix_xs_msgs/msg/detail/joint_trajectory_command__functions.h
[0.853s] -- Up-to-date: /home/mscrobotics2425laptop4/LEO-ROVER-CODING/install/interbotix_xs_msgs/include/interbotix_xs_msgs/interbotix_xs_msgs/msg/joint_single_command.h
[0.853s] -- Up-to-date: /home/mscrobotics2425laptop4/LEO-ROVER-CODING/install/interbotix_xs_msgs/include/interbotix_xs_msgs/interbotix_xs_msgs/msg/arm_joy.h
[0.855s] -- Up-to-date: /home/mscrobotics2425laptop4/LEO-ROVER-CODING/install/interbotix_xs_msgs/include/interbotix_xs_msgs/interbotix_xs_msgs/msg/locobot_joy.h
[0.855s] -- Up-to-date: /home/mscrobotics2425laptop4/LEO-ROVER-CODING/install/interbotix_xs_msgs/include/interbotix_xs_msgs/interbotix_xs_msgs/srv
[0.855s] -- Up-to-date: /home/mscrobotics2425laptop4/LEO-ROVER-CODING/install/interbotix_xs_msgs/include/interbotix_xs_msgs/interbotix_xs_msgs/srv/operating_modes.h
[0.855s] -- Up-to-date: /home/mscrobotics2425laptop4/LEO-ROVER-CODING/install/interbotix_xs_msgs/include/interbotix_xs_msgs/interbotix_xs_msgs/srv/torque_enable.h
[0.855s] -- Up-to-date: /home/mscrobotics2425laptop4/LEO-ROVER-CODING/install/interbotix_xs_msgs/include/interbotix_xs_msgs/interbotix_xs_msgs/srv/robot_info.h
[0.855s] -- Up-to-date: /home/mscrobotics2425laptop4/LEO-ROVER-CODING/install/interbotix_xs_msgs/include/interbotix_xs_msgs/interbotix_xs_msgs/srv/register_values.h
[0.856s] -- Up-to-date: /home/mscrobotics2425laptop4/LEO-ROVER-CODING/install/interbotix_xs_msgs/include/interbotix_xs_msgs/interbotix_xs_msgs/srv/detail
[0.857s] -- Up-to-date: /home/mscrobotics2425laptop4/LEO-ROVER-CODING/install/interbotix_xs_msgs/include/interbotix_xs_msgs/interbotix_xs_msgs/srv/detail/motor_gains__functions.h
[0.858s] -- Up-to-date: /home/mscrobotics2425laptop4/LEO-ROVER-CODING/install/interbotix_xs_msgs/include/interbotix_xs_msgs/interbotix_xs_msgs/srv/detail/reboot__struct.h
[0.858s] -- Up-to-date: /home/mscrobotics2425laptop4/LEO-ROVER-CODING/install/interbotix_xs_msgs/include/interbotix_xs_msgs/interbotix_xs_msgs/srv/detail/torque_enable__functions.h
[0.858s] -- Up-to-date: /home/mscrobotics2425laptop4/LEO-ROVER-CODING/install/interbotix_xs_msgs/include/interbotix_xs_msgs/interbotix_xs_msgs/srv/detail/register_values__functions.h
[0.859s] -- Up-to-date: /home/mscrobotics2425laptop4/LEO-ROVER-CODING/install/interbotix_xs_msgs/include/interbotix_xs_msgs/interbotix_xs_msgs/srv/detail/torque_enable__struct.h
[0.859s] -- Up-to-date: /home/mscrobotics2425laptop4/LEO-ROVER-CODING/install/interbotix_xs_msgs/include/interbotix_xs_msgs/interbotix_xs_msgs/srv/detail/register_values__struct.h
[0.859s] -- Up-to-date: /home/mscrobotics2425laptop4/LEO-ROVER-CODING/install/interbotix_xs_msgs/include/interbotix_xs_msgs/interbotix_xs_msgs/srv/detail/register_values__functions.c
[0.859s] -- Up-to-date: /home/mscrobotics2425laptop4/LEO-ROVER-CODING/install/interbotix_xs_msgs/include/interbotix_xs_msgs/interbotix_xs_msgs/srv/detail/operating_modes__type_support.h
[0.859s] -- Up-to-date: /home/mscrobotics2425laptop4/LEO-ROVER-CODING/install/interbotix_xs_msgs/include/interbotix_xs_msgs/interbotix_xs_msgs/srv/detail/motor_gains__struct.h
[0.859s] -- Up-to-date: /home/mscrobotics2425laptop4/LEO-ROVER-CODING/install/interbotix_xs_msgs/include/interbotix_xs_msgs/interbotix_xs_msgs/srv/detail/reboot__type_support.h
[0.859s] -- Up-to-date: /home/mscrobotics2425laptop4/LEO-ROVER-CODING/install/interbotix_xs_msgs/include/interbotix_xs_msgs/interbotix_xs_msgs/srv/detail/robot_info__type_support.h
[0.859s] -- Up-to-date: /home/mscrobotics2425laptop4/LEO-ROVER-CODING/install/interbotix_xs_msgs/include/interbotix_xs_msgs/interbotix_xs_msgs/srv/detail/torque_enable__functions.c
[0.859s] -- Up-to-date: /home/mscrobotics2425laptop4/LEO-ROVER-CODING/install/interbotix_xs_msgs/include/interbotix_xs_msgs/interbotix_xs_msgs/srv/detail/robot_info__functions.h
[0.859s] -- Up-to-date: /home/mscrobotics2425laptop4/LEO-ROVER-CODING/install/interbotix_xs_msgs/include/interbotix_xs_msgs/interbotix_xs_msgs/srv/detail/register_values__type_support.h
[0.859s] -- Up-to-date: /home/mscrobotics2425laptop4/LEO-ROVER-CODING/install/interbotix_xs_msgs/include/interbotix_xs_msgs/interbotix_xs_msgs/srv/detail/operating_modes__functions.h
[0.860s] -- Up-to-date: /home/mscrobotics2425laptop4/LEO-ROVER-CODING/install/interbotix_xs_msgs/include/interbotix_xs_msgs/interbotix_xs_msgs/srv/detail/reboot__functions.c
[0.860s] -- Up-to-date: /home/mscrobotics2425laptop4/LEO-ROVER-CODING/install/interbotix_xs_msgs/include/interbotix_xs_msgs/interbotix_xs_msgs/srv/detail/reboot__functions.h
[0.860s] -- Up-to-date: /home/mscrobotics2425laptop4/LEO-ROVER-CODING/install/interbotix_xs_msgs/include/interbotix_xs_msgs/interbotix_xs_msgs/srv/detail/robot_info__functions.c
[0.860s] -- Up-to-date: /home/mscrobotics2425laptop4/LEO-ROVER-CODING/install/interbotix_xs_msgs/include/interbotix_xs_msgs/interbotix_xs_msgs/srv/detail/operating_modes__struct.h
[0.860s] -- Up-to-date: /home/mscrobotics2425laptop4/LEO-ROVER-CODING/install/interbotix_xs_msgs/include/interbotix_xs_msgs/interbotix_xs_msgs/srv/detail/torque_enable__type_support.h
[0.860s] -- Up-to-date: /home/mscrobotics2425laptop4/LEO-ROVER-CODING/install/interbotix_xs_msgs/include/interbotix_xs_msgs/interbotix_xs_msgs/srv/detail/robot_info__struct.h
[0.860s] -- Up-to-date: /home/mscrobotics2425laptop4/LEO-ROVER-CODING/install/interbotix_xs_msgs/include/interbotix_xs_msgs/interbotix_xs_msgs/srv/detail/motor_gains__functions.c
[0.860s] -- Up-to-date: /home/mscrobotics2425laptop4/LEO-ROVER-CODING/install/interbotix_xs_msgs/include/interbotix_xs_msgs/interbotix_xs_msgs/srv/detail/motor_gains__type_support.h
[0.860s] -- Up-to-date: /home/mscrobotics2425laptop4/LEO-ROVER-CODING/install/interbotix_xs_msgs/include/interbotix_xs_msgs/interbotix_xs_msgs/srv/detail/operating_modes__functions.c
[0.860s] -- Up-to-date: /home/mscrobotics2425laptop4/LEO-ROVER-CODING/install/interbotix_xs_msgs/include/interbotix_xs_msgs/interbotix_xs_msgs/srv/reboot.h
[0.860s] -- Up-to-date: /home/mscrobotics2425laptop4/LEO-ROVER-CODING/install/interbotix_xs_msgs/include/interbotix_xs_msgs/interbotix_xs_msgs/srv/motor_gains.h
[0.861s] -- Up-to-date: /home/mscrobotics2425laptop4/LEO-ROVER-CODING/install/interbotix_xs_msgs/share/interbotix_xs_msgs/environment/library_path.sh
[0.861s] -- Up-to-date: /home/mscrobotics2425laptop4/LEO-ROVER-CODING/install/interbotix_xs_msgs/share/interbotix_xs_msgs/environment/library_path.dsv
[0.861s] -- Up-to-date: /home/mscrobotics2425laptop4/LEO-ROVER-CODING/install/interbotix_xs_msgs/lib/libinterbotix_xs_msgs__rosidl_generator_c.so
[0.861s] -- Up-to-date: /home/mscrobotics2425laptop4/LEO-ROVER-CODING/install/interbotix_xs_msgs/include/interbotix_xs_msgs/interbotix_xs_msgs
[0.861s] -- Up-to-date: /home/mscrobotics2425laptop4/LEO-ROVER-CODING/install/interbotix_xs_msgs/include/interbotix_xs_msgs/interbotix_xs_msgs/msg
[0.861s] -- Up-to-date: /home/mscrobotics2425laptop4/LEO-ROVER-CODING/install/interbotix_xs_msgs/include/interbotix_xs_msgs/interbotix_xs_msgs/msg/rosidl_typesupport_fastrtps_c__visibility_control.h
[0.861s] -- Up-to-date: /home/mscrobotics2425laptop4/LEO-ROVER-CODING/install/interbotix_xs_msgs/include/interbotix_xs_msgs/interbotix_xs_msgs/msg/detail
[0.861s] -- Up-to-date: /home/mscrobotics2425laptop4/LEO-ROVER-CODING/install/interbotix_xs_msgs/include/interbotix_xs_msgs/interbotix_xs_msgs/msg/detail/joint_single_command__rosidl_typesupport_fastrtps_c.h
[0.861s] -- Up-to-date: /home/mscrobotics2425laptop4/LEO-ROVER-CODING/install/interbotix_xs_msgs/include/interbotix_xs_msgs/interbotix_xs_msgs/msg/detail/hex_joy__rosidl_typesupport_fastrtps_c.h
[0.861s] -- Up-to-date: /home/mscrobotics2425laptop4/LEO-ROVER-CODING/install/interbotix_xs_msgs/include/interbotix_xs_msgs/interbotix_xs_msgs/msg/detail/joint_group_command__rosidl_typesupport_fastrtps_c.h
[0.862s] -- Up-to-date: /home/mscrobotics2425laptop4/LEO-ROVER-CODING/install/interbotix_xs_msgs/include/interbotix_xs_msgs/interbotix_xs_msgs/msg/detail/arm_joy__rosidl_typesupport_fastrtps_c.h
[0.862s] -- Up-to-date: /home/mscrobotics2425laptop4/LEO-ROVER-CODING/install/interbotix_xs_msgs/include/interbotix_xs_msgs/interbotix_xs_msgs/msg/detail/locobot_joy__rosidl_typesupport_fastrtps_c.h
[0.862s] -- Up-to-date: /home/mscrobotics2425laptop4/LEO-ROVER-CODING/install/interbotix_xs_msgs/include/interbotix_xs_msgs/interbotix_xs_msgs/msg/detail/turret_joy__rosidl_typesupport_fastrtps_c.h
[0.862s] -- Up-to-date: /home/mscrobotics2425laptop4/LEO-ROVER-CODING/install/interbotix_xs_msgs/include/interbotix_xs_msgs/interbotix_xs_msgs/msg/detail/joint_trajectory_command__rosidl_typesupport_fastrtps_c.h
[0.862s] -- Up-to-date: /home/mscrobotics2425laptop4/LEO-ROVER-CODING/install/interbotix_xs_msgs/include/interbotix_xs_msgs/interbotix_xs_msgs/msg/detail/joint_temps__rosidl_typesupport_fastrtps_c.h
[0.862s] -- Up-to-date: /home/mscrobotics2425laptop4/LEO-ROVER-CODING/install/interbotix_xs_msgs/include/interbotix_xs_msgs/interbotix_xs_msgs/srv
[0.862s] -- Up-to-date: /home/mscrobotics2425laptop4/LEO-ROVER-CODING/install/interbotix_xs_msgs/include/interbotix_xs_msgs/interbotix_xs_msgs/srv/detail
[0.862s] -- Up-to-date: /home/mscrobotics2425laptop4/LEO-ROVER-CODING/install/interbotix_xs_msgs/include/interbotix_xs_msgs/interbotix_xs_msgs/srv/detail/robot_info__rosidl_typesupport_fastrtps_c.h
[0.862s] -- Up-to-date: /home/mscrobotics2425laptop4/LEO-ROVER-CODING/install/interbotix_xs_msgs/include/interbotix_xs_msgs/interbotix_xs_msgs/srv/detail/operating_modes__rosidl_typesupport_fastrtps_c.h
[0.862s] -- Up-to-date: /home/mscrobotics2425laptop4/LEO-ROVER-CODING/install/interbotix_xs_msgs/include/interbotix_xs_msgs/interbotix_xs_msgs/srv/detail/reboot__rosidl_typesupport_fastrtps_c.h
[0.862s] -- Up-to-date: /home/mscrobotics2425laptop4/LEO-ROVER-CODING/install/interbotix_xs_msgs/include/interbotix_xs_msgs/interbotix_xs_msgs/srv/detail/torque_enable__rosidl_typesupport_fastrtps_c.h
[0.862s] -- Up-to-date: /home/mscrobotics2425laptop4/LEO-ROVER-CODING/install/interbotix_xs_msgs/include/interbotix_xs_msgs/interbotix_xs_msgs/srv/detail/register_values__rosidl_typesupport_fastrtps_c.h
[0.863s] -- Up-to-date: /home/mscrobotics2425laptop4/LEO-ROVER-CODING/install/interbotix_xs_msgs/include/interbotix_xs_msgs/interbotix_xs_msgs/srv/detail/motor_gains__rosidl_typesupport_fastrtps_c.h
[0.863s] -- Up-to-date: /home/mscrobotics2425laptop4/LEO-ROVER-CODING/install/interbotix_xs_msgs/lib/libinterbotix_xs_msgs__rosidl_typesupport_fastrtps_c.so
[0.863s] -- Up-to-date: /home/mscrobotics2425laptop4/LEO-ROVER-CODING/install/interbotix_xs_msgs/include/interbotix_xs_msgs/interbotix_xs_msgs
[0.863s] -- Up-to-date: /home/mscrobotics2425laptop4/LEO-ROVER-CODING/install/interbotix_xs_msgs/include/interbotix_xs_msgs/interbotix_xs_msgs/msg
[0.863s] -- Up-to-date: /home/mscrobotics2425laptop4/LEO-ROVER-CODING/install/interbotix_xs_msgs/include/interbotix_xs_msgs/interbotix_xs_msgs/msg/rosidl_typesupport_introspection_c__visibility_control.h
[0.863s] -- Up-to-date: /home/mscrobotics2425laptop4/LEO-ROVER-CODING/install/interbotix_xs_msgs/include/interbotix_xs_msgs/interbotix_xs_msgs/msg/detail
[0.863s] -- Up-to-date: /home/mscrobotics2425laptop4/LEO-ROVER-CODING/install/interbotix_xs_msgs/include/interbotix_xs_msgs/interbotix_xs_msgs/msg/detail/joint_group_command__type_support.c
[0.863s] -- Up-to-date: /home/mscrobotics2425laptop4/LEO-ROVER-CODING/install/interbotix_xs_msgs/include/interbotix_xs_msgs/interbotix_xs_msgs/msg/detail/joint_trajectory_command__type_support.c
[0.863s] -- Up-to-date: /home/mscrobotics2425laptop4/LEO-ROVER-CODING/install/interbotix_xs_msgs/include/interbotix_xs_msgs/interbotix_xs_msgs/msg/detail/locobot_joy__rosidl_typesupport_introspection_c.h
[0.863s] -- Up-to-date: /home/mscrobotics2425laptop4/LEO-ROVER-CODING/install/interbotix_xs_msgs/include/interbotix_xs_msgs/interbotix_xs_msgs/msg/detail/hex_joy__rosidl_typesupport_introspection_c.h
[0.863s] -- Up-to-date: /home/mscrobotics2425laptop4/LEO-ROVER-CODING/install/interbotix_xs_msgs/include/interbotix_xs_msgs/interbotix_xs_msgs/msg/detail/joint_trajectory_command__rosidl_typesupport_introspection_c.h
[0.863s] -- Up-to-date: /home/mscrobotics2425laptop4/LEO-ROVER-CODING/install/interbotix_xs_msgs/include/interbotix_xs_msgs/interbotix_xs_msgs/msg/detail/joint_group_command__rosidl_typesupport_introspection_c.h
[0.864s] -- Up-to-date: /home/mscrobotics2425laptop4/LEO-ROVER-CODING/install/interbotix_xs_msgs/include/interbotix_xs_msgs/interbotix_xs_msgs/msg/detail/arm_joy__type_support.c
[0.864s] -- Up-to-date: /home/mscrobotics2425laptop4/LEO-ROVER-CODING/install/interbotix_xs_msgs/include/interbotix_xs_msgs/interbotix_xs_msgs/msg/detail/joint_temps__rosidl_typesupport_introspection_c.h
[0.865s] -- Up-to-date: /home/mscrobotics2425laptop4/LEO-ROVER-CODING/install/interbotix_xs_msgs/include/interbotix_xs_msgs/interbotix_xs_msgs/msg/detail/joint_temps__type_support.c
[0.865s] -- Up-to-date: /home/mscrobotics2425laptop4/LEO-ROVER-CODING/install/interbotix_xs_msgs/include/interbotix_xs_msgs/interbotix_xs_msgs/msg/detail/turret_joy__rosidl_typesupport_introspection_c.h
[0.865s] -- Up-to-date: /home/mscrobotics2425laptop4/LEO-ROVER-CODING/install/interbotix_xs_msgs/include/interbotix_xs_msgs/interbotix_xs_msgs/msg/detail/hex_joy__type_support.c
[0.865s] -- Up-to-date: /home/mscrobotics2425laptop4/LEO-ROVER-CODING/install/interbotix_xs_msgs/include/interbotix_xs_msgs/interbotix_xs_msgs/msg/detail/joint_single_command__type_support.c
[0.865s] -- Up-to-date: /home/mscrobotics2425laptop4/LEO-ROVER-CODING/install/interbotix_xs_msgs/include/interbotix_xs_msgs/interbotix_xs_msgs/msg/detail/arm_joy__rosidl_typesupport_introspection_c.h
[0.865s] -- Up-to-date: /home/mscrobotics2425laptop4/LEO-ROVER-CODING/install/interbotix_xs_msgs/include/interbotix_xs_msgs/interbotix_xs_msgs/msg/detail/locobot_joy__type_support.c
[0.865s] -- Up-to-date: /home/mscrobotics2425laptop4/LEO-ROVER-CODING/install/interbotix_xs_msgs/include/interbotix_xs_msgs/interbotix_xs_msgs/msg/detail/joint_single_command__rosidl_typesupport_introspection_c.h
[0.866s] -- Up-to-date: /home/mscrobotics2425laptop4/LEO-ROVER-CODING/install/interbotix_xs_msgs/include/interbotix_xs_msgs/interbotix_xs_msgs/msg/detail/turret_joy__type_support.c
[0.866s] -- Up-to-date: /home/mscrobotics2425laptop4/LEO-ROVER-CODING/install/interbotix_xs_msgs/include/interbotix_xs_msgs/interbotix_xs_msgs/srv
[0.866s] -- Up-to-date: /home/mscrobotics2425laptop4/LEO-ROVER-CODING/install/interbotix_xs_msgs/include/interbotix_xs_msgs/interbotix_xs_msgs/srv/detail
[0.866s] -- Up-to-date: /home/mscrobotics2425laptop4/LEO-ROVER-CODING/install/interbotix_xs_msgs/include/interbotix_xs_msgs/interbotix_xs_msgs/srv/detail/robot_info__type_support.c
[0.866s] -- Up-to-date: /home/mscrobotics2425laptop4/LEO-ROVER-CODING/install/interbotix_xs_msgs/include/interbotix_xs_msgs/interbotix_xs_msgs/srv/detail/reboot__rosidl_typesupport_introspection_c.h
[0.866s] -- Up-to-date: /home/mscrobotics2425laptop4/LEO-ROVER-CODING/install/interbotix_xs_msgs/include/interbotix_xs_msgs/interbotix_xs_msgs/srv/detail/motor_gains__rosidl_typesupport_introspection_c.h
[0.866s] -- Up-to-date: /home/mscrobotics2425laptop4/LEO-ROVER-CODING/install/interbotix_xs_msgs/include/interbotix_xs_msgs/interbotix_xs_msgs/srv/detail/robot_info__rosidl_typesupport_introspection_c.h
[0.866s] -- Up-to-date: /home/mscrobotics2425laptop4/LEO-ROVER-CODING/install/interbotix_xs_msgs/include/interbotix_xs_msgs/interbotix_xs_msgs/srv/detail/torque_enable__rosidl_typesupport_introspection_c.h
[0.866s] -- Up-to-date: /home/mscrobotics2425laptop4/LEO-ROVER-CODING/install/interbotix_xs_msgs/include/interbotix_xs_msgs/interbotix_xs_msgs/srv/detail/register_values__rosidl_typesupport_introspection_c.h
[0.866s] -- Up-to-date: /home/mscrobotics2425laptop4/LEO-ROVER-CODING/install/interbotix_xs_msgs/include/interbotix_xs_msgs/interbotix_xs_msgs/srv/detail/torque_enable__type_support.c
[0.866s] -- Up-to-date: /home/mscrobotics2425laptop4/LEO-ROVER-CODING/install/interbotix_xs_msgs/include/interbotix_xs_msgs/interbotix_xs_msgs/srv/detail/operating_modes__type_support.c
[0.866s] -- Up-to-date: /home/mscrobotics2425laptop4/LEO-ROVER-CODING/install/interbotix_xs_msgs/include/interbotix_xs_msgs/interbotix_xs_msgs/srv/detail/reboot__type_support.c
[0.866s] -- Up-to-date: /home/mscrobotics2425laptop4/LEO-ROVER-CODING/install/interbotix_xs_msgs/include/interbotix_xs_msgs/interbotix_xs_msgs/srv/detail/operating_modes__rosidl_typesupport_introspection_c.h
[0.866s] -- Up-to-date: /home/mscrobotics2425laptop4/LEO-ROVER-CODING/install/interbotix_xs_msgs/include/interbotix_xs_msgs/interbotix_xs_msgs/srv/detail/register_values__type_support.c
[0.866s] -- Up-to-date: /home/mscrobotics2425laptop4/LEO-ROVER-CODING/install/interbotix_xs_msgs/include/interbotix_xs_msgs/interbotix_xs_msgs/srv/detail/motor_gains__type_support.c
[0.866s] -- Up-to-date: /home/mscrobotics2425laptop4/LEO-ROVER-CODING/install/interbotix_xs_msgs/lib/libinterbotix_xs_msgs__rosidl_typesupport_introspection_c.so
[0.866s] -- Up-to-date: /home/mscrobotics2425laptop4/LEO-ROVER-CODING/install/interbotix_xs_msgs/lib/libinterbotix_xs_msgs__rosidl_typesupport_c.so
[0.866s] -- Up-to-date: /home/mscrobotics2425laptop4/LEO-ROVER-CODING/install/interbotix_xs_msgs/include/interbotix_xs_msgs/interbotix_xs_msgs
[0.866s] -- Up-to-date: /home/mscrobotics2425laptop4/LEO-ROVER-CODING/install/interbotix_xs_msgs/include/interbotix_xs_msgs/interbotix_xs_msgs/msg
[0.866s] -- Up-to-date: /home/mscrobotics2425laptop4/LEO-ROVER-CODING/install/interbotix_xs_msgs/include/interbotix_xs_msgs/interbotix_xs_msgs/msg/joint_temps.hpp
[0.867s] -- Up-to-date: /home/mscrobotics2425laptop4/LEO-ROVER-CODING/install/interbotix_xs_msgs/include/interbotix_xs_msgs/interbotix_xs_msgs/msg/joint_single_command.hpp
[0.867s] -- Up-to-date: /home/mscrobotics2425laptop4/LEO-ROVER-CODING/install/interbotix_xs_msgs/include/interbotix_xs_msgs/interbotix_xs_msgs/msg/joint_group_command.hpp
[0.867s] -- Up-to-date: /home/mscrobotics2425laptop4/LEO-ROVER-CODING/install/interbotix_xs_msgs/include/interbotix_xs_msgs/interbotix_xs_msgs/msg/arm_joy.hpp
[0.867s] -- Up-to-date: /home/mscrobotics2425laptop4/LEO-ROVER-CODING/install/interbotix_xs_msgs/include/interbotix_xs_msgs/interbotix_xs_msgs/msg/joint_trajectory_command.hpp
[0.867s] -- Up-to-date: /home/mscrobotics2425laptop4/LEO-ROVER-CODING/install/interbotix_xs_msgs/include/interbotix_xs_msgs/interbotix_xs_msgs/msg/turret_joy.hpp
[0.867s] -- Up-to-date: /home/mscrobotics2425laptop4/LEO-ROVER-CODING/install/interbotix_xs_msgs/include/interbotix_xs_msgs/interbotix_xs_msgs/msg/hex_joy.hpp
[0.867s] -- Up-to-date: /home/mscrobotics2425laptop4/LEO-ROVER-CODING/install/interbotix_xs_msgs/include/interbotix_xs_msgs/interbotix_xs_msgs/msg/locobot_joy.hpp
[0.867s] -- Up-to-date: /home/mscrobotics2425laptop4/LEO-ROVER-CODING/install/interbotix_xs_msgs/include/interbotix_xs_msgs/interbotix_xs_msgs/msg/detail
[0.867s] -- Up-to-date: /home/mscrobotics2425laptop4/LEO-ROVER-CODING/install/interbotix_xs_msgs/include/interbotix_xs_msgs/interbotix_xs_msgs/msg/detail/joint_single_command__type_support.hpp
[0.867s] -- Up-to-date: /home/mscrobotics2425laptop4/LEO-ROVER-CODING/install/interbotix_xs_msgs/include/interbotix_xs_msgs/interbotix_xs_msgs/msg/detail/locobot_joy__struct.hpp
[0.867s] -- Up-to-date: /home/mscrobotics2425laptop4/LEO-ROVER-CODING/install/interbotix_xs_msgs/include/interbotix_xs_msgs/interbotix_xs_msgs/msg/detail/arm_joy__traits.hpp
[0.867s] -- Up-to-date: /home/mscrobotics2425laptop4/LEO-ROVER-CODING/install/interbotix_xs_msgs/include/interbotix_xs_msgs/interbotix_xs_msgs/msg/detail/joint_trajectory_command__struct.hpp
[0.867s] -- Up-to-date: /home/mscrobotics2425laptop4/LEO-ROVER-CODING/install/interbotix_xs_msgs/include/interbotix_xs_msgs/interbotix_xs_msgs/msg/detail/arm_joy__struct.hpp
[0.867s] -- Up-to-date: /home/mscrobotics2425laptop4/LEO-ROVER-CODING/install/interbotix_xs_msgs/include/interbotix_xs_msgs/interbotix_xs_msgs/msg/detail/turret_joy__traits.hpp
[0.867s] -- Up-to-date: /home/mscrobotics2425laptop4/LEO-ROVER-CODING/install/interbotix_xs_msgs/include/interbotix_xs_msgs/interbotix_xs_msgs/msg/detail/arm_joy__builder.hpp
[0.867s] -- Up-to-date: /home/mscrobotics2425laptop4/LEO-ROVER-CODING/install/interbotix_xs_msgs/include/interbotix_xs_msgs/interbotix_xs_msgs/msg/detail/joint_single_command__traits.hpp
[0.867s] -- Up-to-date: /home/mscrobotics2425laptop4/LEO-ROVER-CODING/install/interbotix_xs_msgs/include/interbotix_xs_msgs/interbotix_xs_msgs/msg/detail/turret_joy__builder.hpp
[0.867s] -- Up-to-date: /home/mscrobotics2425laptop4/LEO-ROVER-CODING/install/interbotix_xs_msgs/include/interbotix_xs_msgs/interbotix_xs_msgs/msg/detail/joint_group_command__struct.hpp
[0.867s] -- Up-to-date: /home/mscrobotics2425laptop4/LEO-ROVER-CODING/install/interbotix_xs_msgs/include/interbotix_xs_msgs/interbotix_xs_msgs/msg/detail/joint_group_command__builder.hpp
[0.867s] -- Up-to-date: /home/mscrobotics2425laptop4/LEO-ROVER-CODING/install/interbotix_xs_msgs/include/interbotix_xs_msgs/interbotix_xs_msgs/msg/detail/joint_temps__struct.hpp
[0.867s] -- Up-to-date: /home/mscrobotics2425laptop4/LEO-ROVER-CODING/install/interbotix_xs_msgs/include/interbotix_xs_msgs/interbotix_xs_msgs/msg/detail/hex_joy__type_support.hpp
[0.867s] -- Up-to-date: /home/mscrobotics2425laptop4/LEO-ROVER-CODING/install/interbotix_xs_msgs/include/interbotix_xs_msgs/interbotix_xs_msgs/msg/detail/locobot_joy__builder.hpp
[0.867s] -- Up-to-date: /home/mscrobotics2425laptop4/LEO-ROVER-CODING/install/interbotix_xs_msgs/include/interbotix_xs_msgs/interbotix_xs_msgs/msg/detail/joint_trajectory_command__traits.hpp
[0.867s] -- Up-to-date: /home/mscrobotics2425laptop4/LEO-ROVER-CODING/install/interbotix_xs_msgs/include/interbotix_xs_msgs/interbotix_xs_msgs/msg/detail/turret_joy__struct.hpp
[0.867s] -- Up-to-date: /home/mscrobotics2425laptop4/LEO-ROVER-CODING/install/interbotix_xs_msgs/include/interbotix_xs_msgs/interbotix_xs_msgs/msg/detail/joint_single_command__builder.hpp
[0.868s] -- Up-to-date: /home/mscrobotics2425laptop4/LEO-ROVER-CODING/install/interbotix_xs_msgs/include/interbotix_xs_msgs/interbotix_xs_msgs/msg/detail/hex_joy__struct.hpp
[0.868s] -- Up-to-date: /home/mscrobotics2425laptop4/LEO-ROVER-CODING/install/interbotix_xs_msgs/include/interbotix_xs_msgs/interbotix_xs_msgs/msg/detail/joint_trajectory_command__builder.hpp
[0.868s] -- Up-to-date: /home/mscrobotics2425laptop4/LEO-ROVER-CODING/install/interbotix_xs_msgs/include/interbotix_xs_msgs/interbotix_xs_msgs/msg/detail/hex_joy__builder.hpp
[0.868s] -- Up-to-date: /home/mscrobotics2425laptop4/LEO-ROVER-CODING/install/interbotix_xs_msgs/include/interbotix_xs_msgs/interbotix_xs_msgs/msg/detail/turret_joy__type_support.hpp
[0.868s] -- Up-to-date: /home/mscrobotics2425laptop4/LEO-ROVER-CODING/install/interbotix_xs_msgs/include/interbotix_xs_msgs/interbotix_xs_msgs/msg/detail/joint_trajectory_command__type_support.hpp
[0.868s] -- Up-to-date: /home/mscrobotics2425laptop4/LEO-ROVER-CODING/install/interbotix_xs_msgs/include/interbotix_xs_msgs/interbotix_xs_msgs/msg/detail/joint_group_command__type_support.hpp
[0.868s] -- Up-to-date: /home/mscrobotics2425laptop4/LEO-ROVER-CODING/install/interbotix_xs_msgs/include/interbotix_xs_msgs/interbotix_xs_msgs/msg/detail/locobot_joy__traits.hpp
[0.868s] -- Up-to-date: /home/mscrobotics2425laptop4/LEO-ROVER-CODING/install/interbotix_xs_msgs/include/interbotix_xs_msgs/interbotix_xs_msgs/msg/detail/hex_joy__traits.hpp
[0.869s] -- Up-to-date: /home/mscrobotics2425laptop4/LEO-ROVER-CODING/install/interbotix_xs_msgs/include/interbotix_xs_msgs/interbotix_xs_msgs/msg/detail/joint_temps__builder.hpp
[0.870s] -- Up-to-date: /home/mscrobotics2425laptop4/LEO-ROVER-CODING/install/interbotix_xs_msgs/include/interbotix_xs_msgs/interbotix_xs_msgs/msg/detail/joint_temps__type_support.hpp
[0.870s] -- Up-to-date: /home/mscrobotics2425laptop4/LEO-ROVER-CODING/install/interbotix_xs_msgs/include/interbotix_xs_msgs/interbotix_xs_msgs/msg/detail/locobot_joy__type_support.hpp
[0.870s] -- Up-to-date: /home/mscrobotics2425laptop4/LEO-ROVER-CODING/install/interbotix_xs_msgs/include/interbotix_xs_msgs/interbotix_xs_msgs/msg/detail/joint_single_command__struct.hpp
[0.870s] -- Up-to-date: /home/mscrobotics2425laptop4/LEO-ROVER-CODING/install/interbotix_xs_msgs/include/interbotix_xs_msgs/interbotix_xs_msgs/msg/detail/joint_group_command__traits.hpp
[0.870s] -- Up-to-date: /home/mscrobotics2425laptop4/LEO-ROVER-CODING/install/interbotix_xs_msgs/include/interbotix_xs_msgs/interbotix_xs_msgs/msg/detail/joint_temps__traits.hpp
[0.870s] -- Up-to-date: /home/mscrobotics2425laptop4/LEO-ROVER-CODING/install/interbotix_xs_msgs/include/interbotix_xs_msgs/interbotix_xs_msgs/msg/detail/arm_joy__type_support.hpp
[0.870s] -- Up-to-date: /home/mscrobotics2425laptop4/LEO-ROVER-CODING/install/interbotix_xs_msgs/include/interbotix_xs_msgs/interbotix_xs_msgs/msg/rosidl_generator_cpp__visibility_control.hpp
[0.870s] -- Up-to-date: /home/mscrobotics2425laptop4/LEO-ROVER-CODING/install/interbotix_xs_msgs/include/interbotix_xs_msgs/interbotix_xs_msgs/srv
[0.870s] -- Up-to-date: /home/mscrobotics2425laptop4/LEO-ROVER-CODING/install/interbotix_xs_msgs/include/interbotix_xs_msgs/interbotix_xs_msgs/srv/register_values.hpp
[0.871s] -- Up-to-date: /home/mscrobotics2425laptop4/LEO-ROVER-CODING/install/interbotix_xs_msgs/include/interbotix_xs_msgs/interbotix_xs_msgs/srv/reboot.hpp
[0.871s] -- Up-to-date: /home/mscrobotics2425laptop4/LEO-ROVER-CODING/install/interbotix_xs_msgs/include/interbotix_xs_msgs/interbotix_xs_msgs/srv/operating_modes.hpp
[0.871s] -- Up-to-date: /home/mscrobotics2425laptop4/LEO-ROVER-CODING/install/interbotix_xs_msgs/include/interbotix_xs_msgs/interbotix_xs_msgs/srv/torque_enable.hpp
[0.871s] -- Up-to-date: /home/mscrobotics2425laptop4/LEO-ROVER-CODING/install/interbotix_xs_msgs/include/interbotix_xs_msgs/interbotix_xs_msgs/srv/robot_info.hpp
[0.872s] -- Up-to-date: /home/mscrobotics2425laptop4/LEO-ROVER-CODING/install/interbotix_xs_msgs/include/interbotix_xs_msgs/interbotix_xs_msgs/srv/motor_gains.hpp
[0.872s] -- Up-to-date: /home/mscrobotics2425laptop4/LEO-ROVER-CODING/install/interbotix_xs_msgs/include/interbotix_xs_msgs/interbotix_xs_msgs/srv/detail
[0.872s] -- Up-to-date: /home/mscrobotics2425laptop4/LEO-ROVER-CODING/install/interbotix_xs_msgs/include/interbotix_xs_msgs/interbotix_xs_msgs/srv/detail/operating_modes__builder.hpp
[0.872s] -- Up-to-date: /home/mscrobotics2425laptop4/LEO-ROVER-CODING/install/interbotix_xs_msgs/include/interbotix_xs_msgs/interbotix_xs_msgs/srv/detail/torque_enable__struct.hpp
[0.872s] -- Up-to-date: /home/mscrobotics2425laptop4/LEO-ROVER-CODING/install/interbotix_xs_msgs/include/interbotix_xs_msgs/interbotix_xs_msgs/srv/detail/torque_enable__traits.hpp
[0.872s] -- Up-to-date: /home/mscrobotics2425laptop4/LEO-ROVER-CODING/install/interbotix_xs_msgs/include/interbotix_xs_msgs/interbotix_xs_msgs/srv/detail/register_values__struct.hpp
[0.872s] -- Up-to-date: /home/mscrobotics2425laptop4/LEO-ROVER-CODING/install/interbotix_xs_msgs/include/interbotix_xs_msgs/interbotix_xs_msgs/srv/detail/operating_modes__struct.hpp
[0.872s] -- Up-to-date: /home/mscrobotics2425laptop4/LEO-ROVER-CODING/install/interbotix_xs_msgs/include/interbotix_xs_msgs/interbotix_xs_msgs/srv/detail/motor_gains__builder.hpp
[0.872s] -- Up-to-date: /home/mscrobotics2425laptop4/LEO-ROVER-CODING/install/interbotix_xs_msgs/include/interbotix_xs_msgs/interbotix_xs_msgs/srv/detail/register_values__builder.hpp
[0.872s] -- Up-to-date: /home/mscrobotics2425laptop4/LEO-ROVER-CODING/install/interbotix_xs_msgs/include/interbotix_xs_msgs/interbotix_xs_msgs/srv/detail/robot_info__builder.hpp
[0.872s] -- Up-to-date: /home/mscrobotics2425laptop4/LEO-ROVER-CODING/install/interbotix_xs_msgs/include/interbotix_xs_msgs/interbotix_xs_msgs/srv/detail/robot_info__type_support.hpp
[0.872s] -- Up-to-date: /home/mscrobotics2425laptop4/LEO-ROVER-CODING/install/interbotix_xs_msgs/include/interbotix_xs_msgs/interbotix_xs_msgs/srv/detail/operating_modes__type_support.hpp
[0.872s] -- Up-to-date: /home/mscrobotics2425laptop4/LEO-ROVER-CODING/install/interbotix_xs_msgs/include/interbotix_xs_msgs/interbotix_xs_msgs/srv/detail/robot_info__struct.hpp
[0.872s] -- Up-to-date: /home/mscrobotics2425laptop4/LEO-ROVER-CODING/install/interbotix_xs_msgs/include/interbotix_xs_msgs/interbotix_xs_msgs/srv/detail/motor_gains__struct.hpp
[0.872s] -- Up-to-date: /home/mscrobotics2425laptop4/LEO-ROVER-CODING/install/interbotix_xs_msgs/include/interbotix_xs_msgs/interbotix_xs_msgs/srv/detail/operating_modes__traits.hpp
[0.873s] -- Up-to-date: /home/mscrobotics2425laptop4/LEO-ROVER-CODING/install/interbotix_xs_msgs/include/interbotix_xs_msgs/interbotix_xs_msgs/srv/detail/register_values__traits.hpp
[0.873s] -- Up-to-date: /home/mscrobotics2425laptop4/LEO-ROVER-CODING/install/interbotix_xs_msgs/include/interbotix_xs_msgs/interbotix_xs_msgs/srv/detail/torque_enable__builder.hpp
[0.873s] -- Up-to-date: /home/mscrobotics2425laptop4/LEO-ROVER-CODING/install/interbotix_xs_msgs/include/interbotix_xs_msgs/interbotix_xs_msgs/srv/detail/reboot__type_support.hpp
[0.873s] -- Up-to-date: /home/mscrobotics2425laptop4/LEO-ROVER-CODING/install/interbotix_xs_msgs/include/interbotix_xs_msgs/interbotix_xs_msgs/srv/detail/motor_gains__type_support.hpp
[0.873s] -- Up-to-date: /home/mscrobotics2425laptop4/LEO-ROVER-CODING/install/interbotix_xs_msgs/include/interbotix_xs_msgs/interbotix_xs_msgs/srv/detail/motor_gains__traits.hpp
[0.873s] -- Up-to-date: /home/mscrobotics2425laptop4/LEO-ROVER-CODING/install/interbotix_xs_msgs/include/interbotix_xs_msgs/interbotix_xs_msgs/srv/detail/robot_info__traits.hpp
[0.873s] -- Up-to-date: /home/mscrobotics2425laptop4/LEO-ROVER-CODING/install/interbotix_xs_msgs/include/interbotix_xs_msgs/interbotix_xs_msgs/srv/detail/reboot__struct.hpp
[0.873s] -- Up-to-date: /home/mscrobotics2425laptop4/LEO-ROVER-CODING/install/interbotix_xs_msgs/include/interbotix_xs_msgs/interbotix_xs_msgs/srv/detail/register_values__type_support.hpp
[0.873s] -- Up-to-date: /home/mscrobotics2425laptop4/LEO-ROVER-CODING/install/interbotix_xs_msgs/include/interbotix_xs_msgs/interbotix_xs_msgs/srv/detail/reboot__builder.hpp
[0.873s] -- Up-to-date: /home/mscrobotics2425laptop4/LEO-ROVER-CODING/install/interbotix_xs_msgs/include/interbotix_xs_msgs/interbotix_xs_msgs/srv/detail/torque_enable__type_support.hpp
[0.873s] -- Up-to-date: /home/mscrobotics2425laptop4/LEO-ROVER-CODING/install/interbotix_xs_msgs/include/interbotix_xs_msgs/interbotix_xs_msgs/srv/detail/reboot__traits.hpp
[0.873s] -- Up-to-date: /home/mscrobotics2425laptop4/LEO-ROVER-CODING/install/interbotix_xs_msgs/include/interbotix_xs_msgs/interbotix_xs_msgs
[0.873s] -- Up-to-date: /home/mscrobotics2425laptop4/LEO-ROVER-CODING/install/interbotix_xs_msgs/include/interbotix_xs_msgs/interbotix_xs_msgs/msg
[0.873s] -- Up-to-date: /home/mscrobotics2425laptop4/LEO-ROVER-CODING/install/interbotix_xs_msgs/include/interbotix_xs_msgs/interbotix_xs_msgs/msg/detail
[0.874s] -- Up-to-date: /home/mscrobotics2425laptop4/LEO-ROVER-CODING/install/interbotix_xs_msgs/include/interbotix_xs_msgs/interbotix_xs_msgs/msg/detail/turret_joy__rosidl_typesupport_fastrtps_cpp.hpp
[0.874s] -- Up-to-date: /home/mscrobotics2425laptop4/LEO-ROVER-CODING/install/interbotix_xs_msgs/include/interbotix_xs_msgs/interbotix_xs_msgs/msg/detail/arm_joy__rosidl_typesupport_fastrtps_cpp.hpp
[0.874s] -- Up-to-date: /home/mscrobotics2425laptop4/LEO-ROVER-CODING/install/interbotix_xs_msgs/include/interbotix_xs_msgs/interbotix_xs_msgs/msg/detail/joint_group_command__rosidl_typesupport_fastrtps_cpp.hpp
[0.874s] -- Up-to-date: /home/mscrobotics2425laptop4/LEO-ROVER-CODING/install/interbotix_xs_msgs/include/interbotix_xs_msgs/interbotix_xs_msgs/msg/detail/dds_fastrtps
[0.874s] -- Up-to-date: /home/mscrobotics2425laptop4/LEO-ROVER-CODING/install/interbotix_xs_msgs/include/interbotix_xs_msgs/interbotix_xs_msgs/msg/detail/locobot_joy__rosidl_typesupport_fastrtps_cpp.hpp
[0.874s] -- Up-to-date: /home/mscrobotics2425laptop4/LEO-ROVER-CODING/install/interbotix_xs_msgs/include/interbotix_xs_msgs/interbotix_xs_msgs/msg/detail/joint_trajectory_command__rosidl_typesupport_fastrtps_cpp.hpp
[0.874s] -- Up-to-date: /home/mscrobotics2425laptop4/LEO-ROVER-CODING/install/interbotix_xs_msgs/include/interbotix_xs_msgs/interbotix_xs_msgs/msg/detail/hex_joy__rosidl_typesupport_fastrtps_cpp.hpp
[0.874s] -- Up-to-date: /home/mscrobotics2425laptop4/LEO-ROVER-CODING/install/interbotix_xs_msgs/include/interbotix_xs_msgs/interbotix_xs_msgs/msg/detail/joint_single_command__rosidl_typesupport_fastrtps_cpp.hpp
[0.874s] -- Up-to-date: /home/mscrobotics2425laptop4/LEO-ROVER-CODING/install/interbotix_xs_msgs/include/interbotix_xs_msgs/interbotix_xs_msgs/msg/detail/joint_temps__rosidl_typesupport_fastrtps_cpp.hpp
[0.874s] -- Up-to-date: /home/mscrobotics2425laptop4/LEO-ROVER-CODING/install/interbotix_xs_msgs/include/interbotix_xs_msgs/interbotix_xs_msgs/msg/rosidl_typesupport_fastrtps_cpp__visibility_control.h
[0.874s] -- Up-to-date: /home/mscrobotics2425laptop4/LEO-ROVER-CODING/install/interbotix_xs_msgs/include/interbotix_xs_msgs/interbotix_xs_msgs/srv
[0.874s] -- Up-to-date: /home/mscrobotics2425laptop4/LEO-ROVER-CODING/install/interbotix_xs_msgs/include/interbotix_xs_msgs/interbotix_xs_msgs/srv/detail
[0.874s] -- Up-to-date: /home/mscrobotics2425laptop4/LEO-ROVER-CODING/install/interbotix_xs_msgs/include/interbotix_xs_msgs/interbotix_xs_msgs/srv/detail/motor_gains__rosidl_typesupport_fastrtps_cpp.hpp
[0.874s] -- Up-to-date: /home/mscrobotics2425laptop4/LEO-ROVER-CODING/install/interbotix_xs_msgs/include/interbotix_xs_msgs/interbotix_xs_msgs/srv/detail/torque_enable__rosidl_typesupport_fastrtps_cpp.hpp
[0.874s] -- Up-to-date: /home/mscrobotics2425laptop4/LEO-ROVER-CODING/install/interbotix_xs_msgs/include/interbotix_xs_msgs/interbotix_xs_msgs/srv/detail/register_values__rosidl_typesupport_fastrtps_cpp.hpp
[0.875s] -- Up-to-date: /home/mscrobotics2425laptop4/LEO-ROVER-CODING/install/interbotix_xs_msgs/include/interbotix_xs_msgs/interbotix_xs_msgs/srv/detail/reboot__rosidl_typesupport_fastrtps_cpp.hpp
[0.875s] -- Up-to-date: /home/mscrobotics2425laptop4/LEO-ROVER-CODING/install/interbotix_xs_msgs/include/interbotix_xs_msgs/interbotix_xs_msgs/srv/detail/dds_fastrtps
[0.875s] -- Up-to-date: /home/mscrobotics2425laptop4/LEO-ROVER-CODING/install/interbotix_xs_msgs/include/interbotix_xs_msgs/interbotix_xs_msgs/srv/detail/robot_info__rosidl_typesupport_fastrtps_cpp.hpp
[0.875s] -- Up-to-date: /home/mscrobotics2425laptop4/LEO-ROVER-CODING/install/interbotix_xs_msgs/include/interbotix_xs_msgs/interbotix_xs_msgs/srv/detail/operating_modes__rosidl_typesupport_fastrtps_cpp.hpp
[0.875s] -- Up-to-date: /home/mscrobotics2425laptop4/LEO-ROVER-CODING/install/interbotix_xs_msgs/lib/libinterbotix_xs_msgs__rosidl_typesupport_fastrtps_cpp.so
[0.875s] -- Up-to-date: /home/mscrobotics2425laptop4/LEO-ROVER-CODING/install/interbotix_xs_msgs/include/interbotix_xs_msgs/interbotix_xs_msgs
[0.875s] -- Up-to-date: /home/mscrobotics2425laptop4/LEO-ROVER-CODING/install/interbotix_xs_msgs/include/interbotix_xs_msgs/interbotix_xs_msgs/msg
[0.875s] -- Up-to-date: /home/mscrobotics2425laptop4/LEO-ROVER-CODING/install/interbotix_xs_msgs/include/interbotix_xs_msgs/interbotix_xs_msgs/msg/detail
[0.875s] -- Up-to-date: /home/mscrobotics2425laptop4/LEO-ROVER-CODING/install/interbotix_xs_msgs/include/interbotix_xs_msgs/interbotix_xs_msgs/msg/detail/joint_trajectory_command__type_support.cpp
[0.875s] -- Up-to-date: /home/mscrobotics2425laptop4/LEO-ROVER-CODING/install/interbotix_xs_msgs/include/interbotix_xs_msgs/interbotix_xs_msgs/msg/detail/turret_joy__type_support.cpp
[0.875s] -- Up-to-date: /home/mscrobotics2425laptop4/LEO-ROVER-CODING/install/interbotix_xs_msgs/include/interbotix_xs_msgs/interbotix_xs_msgs/msg/detail/joint_trajectory_command__rosidl_typesupport_introspection_cpp.hpp
[0.875s] -- Up-to-date: /home/mscrobotics2425laptop4/LEO-ROVER-CODING/install/interbotix_xs_msgs/include/interbotix_xs_msgs/interbotix_xs_msgs/msg/detail/arm_joy__rosidl_typesupport_introspection_cpp.hpp
[0.875s] -- Up-to-date: /home/mscrobotics2425laptop4/LEO-ROVER-CODING/install/interbotix_xs_msgs/include/interbotix_xs_msgs/interbotix_xs_msgs/msg/detail/hex_joy__type_support.cpp
[0.875s] -- Up-to-date: /home/mscrobotics2425laptop4/LEO-ROVER-CODING/install/interbotix_xs_msgs/include/interbotix_xs_msgs/interbotix_xs_msgs/msg/detail/joint_temps__rosidl_typesupport_introspection_cpp.hpp
[0.875s] -- Up-to-date: /home/mscrobotics2425laptop4/LEO-ROVER-CODING/install/interbotix_xs_msgs/include/interbotix_xs_msgs/interbotix_xs_msgs/msg/detail/joint_temps__type_support.cpp
[0.876s] -- Up-to-date: /home/mscrobotics2425laptop4/LEO-ROVER-CODING/install/interbotix_xs_msgs/include/interbotix_xs_msgs/interbotix_xs_msgs/msg/detail/joint_single_command__type_support.cpp
[0.876s] -- Up-to-date: /home/mscrobotics2425laptop4/LEO-ROVER-CODING/install/interbotix_xs_msgs/include/interbotix_xs_msgs/interbotix_xs_msgs/msg/detail/joint_group_command__rosidl_typesupport_introspection_cpp.hpp
[0.876s] -- Up-to-date: /home/mscrobotics2425laptop4/LEO-ROVER-CODING/install/interbotix_xs_msgs/include/interbotix_xs_msgs/interbotix_xs_msgs/msg/detail/turret_joy__rosidl_typesupport_introspection_cpp.hpp
[0.876s] -- Up-to-date: /home/mscrobotics2425laptop4/LEO-ROVER-CODING/install/interbotix_xs_msgs/include/interbotix_xs_msgs/interbotix_xs_msgs/msg/detail/hex_joy__rosidl_typesupport_introspection_cpp.hpp
[0.876s] -- Up-to-date: /home/mscrobotics2425laptop4/LEO-ROVER-CODING/install/interbotix_xs_msgs/include/interbotix_xs_msgs/interbotix_xs_msgs/msg/detail/locobot_joy__rosidl_typesupport_introspection_cpp.hpp
[0.876s] -- Up-to-date: /home/mscrobotics2425laptop4/LEO-ROVER-CODING/install/interbotix_xs_msgs/include/interbotix_xs_msgs/interbotix_xs_msgs/msg/detail/locobot_joy__type_support.cpp
[0.876s] -- Up-to-date: /home/mscrobotics2425laptop4/LEO-ROVER-CODING/install/interbotix_xs_msgs/include/interbotix_xs_msgs/interbotix_xs_msgs/msg/detail/joint_group_command__type_support.cpp
[0.876s] -- Up-to-date: /home/mscrobotics2425laptop4/LEO-ROVER-CODING/install/interbotix_xs_msgs/include/interbotix_xs_msgs/interbotix_xs_msgs/msg/detail/arm_joy__type_support.cpp
[0.876s] -- Up-to-date: /home/mscrobotics2425laptop4/LEO-ROVER-CODING/install/interbotix_xs_msgs/include/interbotix_xs_msgs/interbotix_xs_msgs/msg/detail/joint_single_command__rosidl_typesupport_introspection_cpp.hpp
[0.876s] -- Up-to-date: /home/mscrobotics2425laptop4/LEO-ROVER-CODING/install/interbotix_xs_msgs/include/interbotix_xs_msgs/interbotix_xs_msgs/srv
[0.876s] -- Up-to-date: /home/mscrobotics2425laptop4/LEO-ROVER-CODING/install/interbotix_xs_msgs/include/interbotix_xs_msgs/interbotix_xs_msgs/srv/detail
[0.876s] -- Up-to-date: /home/mscrobotics2425laptop4/LEO-ROVER-CODING/install/interbotix_xs_msgs/include/interbotix_xs_msgs/interbotix_xs_msgs/srv/detail/reboot__rosidl_typesupport_introspection_cpp.hpp
[0.876s] -- Up-to-date: /home/mscrobotics2425laptop4/LEO-ROVER-CODING/install/interbotix_xs_msgs/include/interbotix_xs_msgs/interbotix_xs_msgs/srv/detail/robot_info__rosidl_typesupport_introspection_cpp.hpp
[0.876s] -- Up-to-date: /home/mscrobotics2425laptop4/LEO-ROVER-CODING/install/interbotix_xs_msgs/include/interbotix_xs_msgs/interbotix_xs_msgs/srv/detail/operating_modes__rosidl_typesupport_introspection_cpp.hpp
[0.876s] -- Up-to-date: /home/mscrobotics2425laptop4/LEO-ROVER-CODING/install/interbotix_xs_msgs/include/interbotix_xs_msgs/interbotix_xs_msgs/srv/detail/torque_enable__rosidl_typesupport_introspection_cpp.hpp
[0.877s] -- Up-to-date: /home/mscrobotics2425laptop4/LEO-ROVER-CODING/install/interbotix_xs_msgs/include/interbotix_xs_msgs/interbotix_xs_msgs/srv/detail/operating_modes__type_support.cpp
[0.877s] -- Up-to-date: /home/mscrobotics2425laptop4/LEO-ROVER-CODING/install/interbotix_xs_msgs/include/interbotix_xs_msgs/interbotix_xs_msgs/srv/detail/register_values__type_support.cpp
[0.877s] -- Up-to-date: /home/mscrobotics2425laptop4/LEO-ROVER-CODING/install/interbotix_xs_msgs/include/interbotix_xs_msgs/interbotix_xs_msgs/srv/detail/torque_enable__type_support.cpp
[0.877s] -- Up-to-date: /home/mscrobotics2425laptop4/LEO-ROVER-CODING/install/interbotix_xs_msgs/include/interbotix_xs_msgs/interbotix_xs_msgs/srv/detail/motor_gains__type_support.cpp
[0.877s] -- Up-to-date: /home/mscrobotics2425laptop4/LEO-ROVER-CODING/install/interbotix_xs_msgs/include/interbotix_xs_msgs/interbotix_xs_msgs/srv/detail/motor_gains__rosidl_typesupport_introspection_cpp.hpp
[0.877s] -- Up-to-date: /home/mscrobotics2425laptop4/LEO-ROVER-CODING/install/interbotix_xs_msgs/include/interbotix_xs_msgs/interbotix_xs_msgs/srv/detail/register_values__rosidl_typesupport_introspection_cpp.hpp
[0.877s] -- Up-to-date: /home/mscrobotics2425laptop4/LEO-ROVER-CODING/install/interbotix_xs_msgs/include/interbotix_xs_msgs/interbotix_xs_msgs/srv/detail/robot_info__type_support.cpp
[0.877s] -- Up-to-date: /home/mscrobotics2425laptop4/LEO-ROVER-CODING/install/interbotix_xs_msgs/include/interbotix_xs_msgs/interbotix_xs_msgs/srv/detail/reboot__type_support.cpp
[0.877s] -- Up-to-date: /home/mscrobotics2425laptop4/LEO-ROVER-CODING/install/interbotix_xs_msgs/lib/libinterbotix_xs_msgs__rosidl_typesupport_introspection_cpp.so
[0.877s] -- Up-to-date: /home/mscrobotics2425laptop4/LEO-ROVER-CODING/install/interbotix_xs_msgs/lib/libinterbotix_xs_msgs__rosidl_typesupport_cpp.so
[0.877s] -- Up-to-date: /home/mscrobotics2425laptop4/LEO-ROVER-CODING/install/interbotix_xs_msgs/share/interbotix_xs_msgs/environment/pythonpath.sh
[0.877s] -- Up-to-date: /home/mscrobotics2425laptop4/LEO-ROVER-CODING/install/interbotix_xs_msgs/share/interbotix_xs_msgs/environment/pythonpath.dsv
[0.877s] -- Up-to-date: /home/mscrobotics2425laptop4/LEO-ROVER-CODING/install/interbotix_xs_msgs/local/lib/python3.10/dist-packages/interbotix_xs_msgs-0.0.0-py3.10.egg-info
[0.877s] -- Installing: /home/mscrobotics2425laptop4/LEO-ROVER-CODING/install/interbotix_xs_msgs/local/lib/python3.10/dist-packages/interbotix_xs_msgs-0.0.0-py3.10.egg-info/dependency_links.txt
[0.877s] -- Installing: /home/mscrobotics2425laptop4/LEO-ROVER-CODING/install/interbotix_xs_msgs/local/lib/python3.10/dist-packages/interbotix_xs_msgs-0.0.0-py3.10.egg-info/SOURCES.txt
[0.878s] -- Installing: /home/mscrobotics2425laptop4/LEO-ROVER-CODING/install/interbotix_xs_msgs/local/lib/python3.10/dist-packages/interbotix_xs_msgs-0.0.0-py3.10.egg-info/PKG-INFO
[0.878s] -- Installing: /home/mscrobotics2425laptop4/LEO-ROVER-CODING/install/interbotix_xs_msgs/local/lib/python3.10/dist-packages/interbotix_xs_msgs-0.0.0-py3.10.egg-info/top_level.txt
[0.878s] -- Up-to-date: /home/mscrobotics2425laptop4/LEO-ROVER-CODING/install/interbotix_xs_msgs/local/lib/python3.10/dist-packages/interbotix_xs_msgs
[0.878s] -- Up-to-date: /home/mscrobotics2425laptop4/LEO-ROVER-CODING/install/interbotix_xs_msgs/local/lib/python3.10/dist-packages/interbotix_xs_msgs/libinterbotix_xs_msgs__rosidl_generator_py.so
[0.878s] -- Up-to-date: /home/mscrobotics2425laptop4/LEO-ROVER-CODING/install/interbotix_xs_msgs/local/lib/python3.10/dist-packages/interbotix_xs_msgs/_interbotix_xs_msgs_s.ep.rosidl_typesupport_c.c
[0.878s] -- Up-to-date: /home/mscrobotics2425laptop4/LEO-ROVER-CODING/install/interbotix_xs_msgs/local/lib/python3.10/dist-packages/interbotix_xs_msgs/interbotix_xs_msgs_s__rosidl_typesupport_c.cpython-310-x86_64-linux-gnu.so
[0.878s] -- Up-to-date: /home/mscrobotics2425laptop4/LEO-ROVER-CODING/install/interbotix_xs_msgs/local/lib/python3.10/dist-packages/interbotix_xs_msgs/interbotix_xs_msgs_s__rosidl_typesupport_fastrtps_c.cpython-310-x86_64-linux-gnu.so
[0.878s] -- Up-to-date: /home/mscrobotics2425laptop4/LEO-ROVER-CODING/install/interbotix_xs_msgs/local/lib/python3.10/dist-packages/interbotix_xs_msgs/_interbotix_xs_msgs_s.ep.rosidl_typesupport_introspection_c.c
[0.878s] -- Up-to-date: /home/mscrobotics2425laptop4/LEO-ROVER-CODING/install/interbotix_xs_msgs/local/lib/python3.10/dist-packages/interbotix_xs_msgs/__init__.py
[0.878s] -- Up-to-date: /home/mscrobotics2425laptop4/LEO-ROVER-CODING/install/interbotix_xs_msgs/local/lib/python3.10/dist-packages/interbotix_xs_msgs/interbotix_xs_msgs_s__rosidl_typesupport_introspection_c.cpython-310-x86_64-linux-gnu.so
[0.878s] -- Up-to-date: /home/mscrobotics2425laptop4/LEO-ROVER-CODING/install/interbotix_xs_msgs/local/lib/python3.10/dist-packages/interbotix_xs_msgs/_interbotix_xs_msgs_s.ep.rosidl_typesupport_fastrtps_c.c
[0.878s] -- Up-to-date: /home/mscrobotics2425laptop4/LEO-ROVER-CODING/install/interbotix_xs_msgs/local/lib/python3.10/dist-packages/interbotix_xs_msgs/msg
[0.878s] -- Up-to-date: /home/mscrobotics2425laptop4/LEO-ROVER-CODING/install/interbotix_xs_msgs/local/lib/python3.10/dist-packages/interbotix_xs_msgs/msg/_arm_joy.py
[0.878s] -- Up-to-date: /home/mscrobotics2425laptop4/LEO-ROVER-CODING/install/interbotix_xs_msgs/local/lib/python3.10/dist-packages/interbotix_xs_msgs/msg/_arm_joy_s.c
[0.878s] -- Up-to-date: /home/mscrobotics2425laptop4/LEO-ROVER-CODING/install/interbotix_xs_msgs/local/lib/python3.10/dist-packages/interbotix_xs_msgs/msg/_joint_group_command.py
[0.879s] -- Up-to-date: /home/mscrobotics2425laptop4/LEO-ROVER-CODING/install/interbotix_xs_msgs/local/lib/python3.10/dist-packages/interbotix_xs_msgs/msg/_joint_temps_s.c
[0.879s] -- Up-to-date: /home/mscrobotics2425laptop4/LEO-ROVER-CODING/install/interbotix_xs_msgs/local/lib/python3.10/dist-packages/interbotix_xs_msgs/msg/_joint_trajectory_command_s.c
[0.879s] -- Up-to-date: /home/mscrobotics2425laptop4/LEO-ROVER-CODING/install/interbotix_xs_msgs/local/lib/python3.10/dist-packages/interbotix_xs_msgs/msg/_joint_temps.py
[0.879s] -- Up-to-date: /home/mscrobotics2425laptop4/LEO-ROVER-CODING/install/interbotix_xs_msgs/local/lib/python3.10/dist-packages/interbotix_xs_msgs/msg/__init__.py
[0.879s] -- Up-to-date: /home/mscrobotics2425laptop4/LEO-ROVER-CODING/install/interbotix_xs_msgs/local/lib/python3.10/dist-packages/interbotix_xs_msgs/msg/_locobot_joy_s.c
[0.879s] -- Up-to-date: /home/mscrobotics2425laptop4/LEO-ROVER-CODING/install/interbotix_xs_msgs/local/lib/python3.10/dist-packages/interbotix_xs_msgs/msg/_hex_joy.py
[0.879s] -- Up-to-date: /home/mscrobotics2425laptop4/LEO-ROVER-CODING/install/interbotix_xs_msgs/local/lib/python3.10/dist-packages/interbotix_xs_msgs/msg/_joint_single_command_s.c
[0.879s] -- Up-to-date: /home/mscrobotics2425laptop4/LEO-ROVER-CODING/install/interbotix_xs_msgs/local/lib/python3.10/dist-packages/interbotix_xs_msgs/msg/_turret_joy.py
[0.879s] -- Up-to-date: /home/mscrobotics2425laptop4/LEO-ROVER-CODING/install/interbotix_xs_msgs/local/lib/python3.10/dist-packages/interbotix_xs_msgs/msg/_joint_trajectory_command.py
[0.879s] -- Up-to-date: /home/mscrobotics2425laptop4/LEO-ROVER-CODING/install/interbotix_xs_msgs/local/lib/python3.10/dist-packages/interbotix_xs_msgs/msg/_joint_single_command.py
[0.879s] -- Up-to-date: /home/mscrobotics2425laptop4/LEO-ROVER-CODING/install/interbotix_xs_msgs/local/lib/python3.10/dist-packages/interbotix_xs_msgs/msg/_turret_joy_s.c
[0.879s] -- Up-to-date: /home/mscrobotics2425laptop4/LEO-ROVER-CODING/install/interbotix_xs_msgs/local/lib/python3.10/dist-packages/interbotix_xs_msgs/msg/_joint_group_command_s.c
[0.879s] -- Up-to-date: /home/mscrobotics2425laptop4/LEO-ROVER-CODING/install/interbotix_xs_msgs/local/lib/python3.10/dist-packages/interbotix_xs_msgs/msg/_hex_joy_s.c
[0.879s] -- Up-to-date: /home/mscrobotics2425laptop4/LEO-ROVER-CODING/install/interbotix_xs_msgs/local/lib/python3.10/dist-packages/interbotix_xs_msgs/msg/_locobot_joy.py
[0.879s] -- Up-to-date: /home/mscrobotics2425laptop4/LEO-ROVER-CODING/install/interbotix_xs_msgs/local/lib/python3.10/dist-packages/interbotix_xs_msgs/srv
[0.880s] -- Up-to-date: /home/mscrobotics2425laptop4/LEO-ROVER-CODING/install/interbotix_xs_msgs/local/lib/python3.10/dist-packages/interbotix_xs_msgs/srv/_reboot_s.c
[0.880s] -- Up-to-date: /home/mscrobotics2425laptop4/LEO-ROVER-CODING/install/interbotix_xs_msgs/local/lib/python3.10/dist-packages/interbotix_xs_msgs/srv/_motor_gains.py
[0.880s] -- Up-to-date: /home/mscrobotics2425laptop4/LEO-ROVER-CODING/install/interbotix_xs_msgs/local/lib/python3.10/dist-packages/interbotix_xs_msgs/srv/_register_values_s.c
[0.880s] -- Up-to-date: /home/mscrobotics2425laptop4/LEO-ROVER-CODING/install/interbotix_xs_msgs/local/lib/python3.10/dist-packages/interbotix_xs_msgs/srv/_reboot.py
[0.880s] -- Up-to-date: /home/mscrobotics2425laptop4/LEO-ROVER-CODING/install/interbotix_xs_msgs/local/lib/python3.10/dist-packages/interbotix_xs_msgs/srv/_robot_info.py
[0.880s] -- Up-to-date: /home/mscrobotics2425laptop4/LEO-ROVER-CODING/install/interbotix_xs_msgs/local/lib/python3.10/dist-packages/interbotix_xs_msgs/srv/_torque_enable_s.c
[0.880s] -- Up-to-date: /home/mscrobotics2425laptop4/LEO-ROVER-CODING/install/interbotix_xs_msgs/local/lib/python3.10/dist-packages/interbotix_xs_msgs/srv/_operating_modes_s.c
[0.880s] -- Up-to-date: /home/mscrobotics2425laptop4/LEO-ROVER-CODING/install/interbotix_xs_msgs/local/lib/python3.10/dist-packages/interbotix_xs_msgs/srv/_register_values.py
[0.880s] -- Up-to-date: /home/mscrobotics2425laptop4/LEO-ROVER-CODING/install/interbotix_xs_msgs/local/lib/python3.10/dist-packages/interbotix_xs_msgs/srv/__init__.py
[0.880s] -- Up-to-date: /home/mscrobotics2425laptop4/LEO-ROVER-CODING/install/interbotix_xs_msgs/local/lib/python3.10/dist-packages/interbotix_xs_msgs/srv/_torque_enable.py
[0.880s] -- Up-to-date: /home/mscrobotics2425laptop4/LEO-ROVER-CODING/install/interbotix_xs_msgs/local/lib/python3.10/dist-packages/interbotix_xs_msgs/srv/_robot_info_s.c
[0.880s] -- Up-to-date: /home/mscrobotics2425laptop4/LEO-ROVER-CODING/install/interbotix_xs_msgs/local/lib/python3.10/dist-packages/interbotix_xs_msgs/srv/_operating_modes.py
[0.880s] -- Up-to-date: /home/mscrobotics2425laptop4/LEO-ROVER-CODING/install/interbotix_xs_msgs/local/lib/python3.10/dist-packages/interbotix_xs_msgs/srv/_motor_gains_s.c
[0.898s] Listing '/home/mscrobotics2425laptop4/LEO-ROVER-CODING/install/interbotix_xs_msgs/local/lib/python3.10/dist-packages/interbotix_xs_msgs'...
[0.898s] Listing '/home/mscrobotics2425laptop4/LEO-ROVER-CODING/install/interbotix_xs_msgs/local/lib/python3.10/dist-packages/interbotix_xs_msgs/msg'...
[0.898s] Listing '/home/mscrobotics2425laptop4/LEO-ROVER-CODING/install/interbotix_xs_msgs/local/lib/python3.10/dist-packages/interbotix_xs_msgs/srv'...
[0.901s] -- Up-to-date: /home/mscrobotics2425laptop4/LEO-ROVER-CODING/install/interbotix_xs_msgs/local/lib/python3.10/dist-packages/interbotix_xs_msgs/interbotix_xs_msgs_s__rosidl_typesupport_fastrtps_c.cpython-310-x86_64-linux-gnu.so
[0.901s] -- Up-to-date: /home/mscrobotics2425laptop4/LEO-ROVER-CODING/install/interbotix_xs_msgs/local/lib/python3.10/dist-packages/interbotix_xs_msgs/interbotix_xs_msgs_s__rosidl_typesupport_introspection_c.cpython-310-x86_64-linux-gnu.so
[0.901s] -- Up-to-date: /home/mscrobotics2425laptop4/LEO-ROVER-CODING/install/interbotix_xs_msgs/local/lib/python3.10/dist-packages/interbotix_xs_msgs/interbotix_xs_msgs_s__rosidl_typesupport_c.cpython-310-x86_64-linux-gnu.so
[0.901s] -- Up-to-date: /home/mscrobotics2425laptop4/LEO-ROVER-CODING/install/interbotix_xs_msgs/lib/libinterbotix_xs_msgs__rosidl_generator_py.so
[0.901s] -- Up-to-date: /home/mscrobotics2425laptop4/LEO-ROVER-CODING/install/interbotix_xs_msgs/share/interbotix_xs_msgs/msg/ArmJoy.idl
[0.901s] -- Up-to-date: /home/mscrobotics2425laptop4/LEO-ROVER-CODING/install/interbotix_xs_msgs/share/interbotix_xs_msgs/msg/HexJoy.idl
[0.901s] -- Up-to-date: /home/mscrobotics2425laptop4/LEO-ROVER-CODING/install/interbotix_xs_msgs/share/interbotix_xs_msgs/msg/JointGroupCommand.idl
[0.901s] -- Up-to-date: /home/mscrobotics2425laptop4/LEO-ROVER-CODING/install/interbotix_xs_msgs/share/interbotix_xs_msgs/msg/JointSingleCommand.idl
[0.901s] -- Up-to-date: /home/mscrobotics2425laptop4/LEO-ROVER-CODING/install/interbotix_xs_msgs/share/interbotix_xs_msgs/msg/JointTemps.idl
[0.901s] -- Up-to-date: /home/mscrobotics2425laptop4/LEO-ROVER-CODING/install/interbotix_xs_msgs/share/interbotix_xs_msgs/msg/JointTrajectoryCommand.idl
[0.902s] -- Up-to-date: /home/mscrobotics2425laptop4/LEO-ROVER-CODING/install/interbotix_xs_msgs/share/interbotix_xs_msgs/msg/LocobotJoy.idl
[0.902s] -- Up-to-date: /home/mscrobotics2425laptop4/LEO-ROVER-CODING/install/interbotix_xs_msgs/share/interbotix_xs_msgs/msg/TurretJoy.idl
[0.902s] -- Up-to-date: /home/mscrobotics2425laptop4/LEO-ROVER-CODING/install/interbotix_xs_msgs/share/interbotix_xs_msgs/srv/MotorGains.idl
[0.902s] -- Up-to-date: /home/mscrobotics2425laptop4/LEO-ROVER-CODING/install/interbotix_xs_msgs/share/interbotix_xs_msgs/srv/OperatingModes.idl
[0.902s] -- Up-to-date: /home/mscrobotics2425laptop4/LEO-ROVER-CODING/install/interbotix_xs_msgs/share/interbotix_xs_msgs/srv/Reboot.idl
[0.902s] -- Up-to-date: /home/mscrobotics2425laptop4/LEO-ROVER-CODING/install/interbotix_xs_msgs/share/interbotix_xs_msgs/srv/RegisterValues.idl
[0.902s] -- Up-to-date: /home/mscrobotics2425laptop4/LEO-ROVER-CODING/install/interbotix_xs_msgs/share/interbotix_xs_msgs/srv/RobotInfo.idl
[0.902s] -- Up-to-date: /home/mscrobotics2425laptop4/LEO-ROVER-CODING/install/interbotix_xs_msgs/share/interbotix_xs_msgs/srv/TorqueEnable.idl
[0.902s] -- Up-to-date: /home/mscrobotics2425laptop4/LEO-ROVER-CODING/install/interbotix_xs_msgs/share/interbotix_xs_msgs/msg/ArmJoy.msg
[0.902s] -- Up-to-date: /home/mscrobotics2425laptop4/LEO-ROVER-CODING/install/interbotix_xs_msgs/share/interbotix_xs_msgs/msg/HexJoy.msg
[0.902s] -- Up-to-date: /home/mscrobotics2425laptop4/LEO-ROVER-CODING/install/interbotix_xs_msgs/share/interbotix_xs_msgs/msg/JointGroupCommand.msg
[0.902s] -- Up-to-date: /home/mscrobotics2425laptop4/LEO-ROVER-CODING/install/interbotix_xs_msgs/share/interbotix_xs_msgs/msg/JointSingleCommand.msg
[0.902s] -- Up-to-date: /home/mscrobotics2425laptop4/LEO-ROVER-CODING/install/interbotix_xs_msgs/share/interbotix_xs_msgs/msg/JointTemps.msg
[0.902s] -- Up-to-date: /home/mscrobotics2425laptop4/LEO-ROVER-CODING/install/interbotix_xs_msgs/share/interbotix_xs_msgs/msg/JointTrajectoryCommand.msg
[0.902s] -- Up-to-date: /home/mscrobotics2425laptop4/LEO-ROVER-CODING/install/interbotix_xs_msgs/share/interbotix_xs_msgs/msg/LocobotJoy.msg
[0.902s] -- Up-to-date: /home/mscrobotics2425laptop4/LEO-ROVER-CODING/install/interbotix_xs_msgs/share/interbotix_xs_msgs/msg/TurretJoy.msg
[0.902s] -- Up-to-date: /home/mscrobotics2425laptop4/LEO-ROVER-CODING/install/interbotix_xs_msgs/share/interbotix_xs_msgs/srv/MotorGains.srv
[0.902s] -- Up-to-date: /home/mscrobotics2425laptop4/LEO-ROVER-CODING/install/interbotix_xs_msgs/share/interbotix_xs_msgs/srv/MotorGains_Request.msg
[0.904s] -- Up-to-date: /home/mscrobotics2425laptop4/LEO-ROVER-CODING/install/interbotix_xs_msgs/share/interbotix_xs_msgs/srv/MotorGains_Response.msg
[0.904s] -- Up-to-date: /home/mscrobotics2425laptop4/LEO-ROVER-CODING/install/interbotix_xs_msgs/share/interbotix_xs_msgs/srv/OperatingModes.srv
[0.904s] -- Up-to-date: /home/mscrobotics2425laptop4/LEO-ROVER-CODING/install/interbotix_xs_msgs/share/interbotix_xs_msgs/srv/OperatingModes_Request.msg
[0.904s] -- Up-to-date: /home/mscrobotics2425laptop4/LEO-ROVER-CODING/install/interbotix_xs_msgs/share/interbotix_xs_msgs/srv/OperatingModes_Response.msg
[0.904s] -- Up-to-date: /home/mscrobotics2425laptop4/LEO-ROVER-CODING/install/interbotix_xs_msgs/share/interbotix_xs_msgs/srv/Reboot.srv
[0.904s] -- Up-to-date: /home/mscrobotics2425laptop4/LEO-ROVER-CODING/install/interbotix_xs_msgs/share/interbotix_xs_msgs/srv/Reboot_Request.msg
[0.904s] -- Up-to-date: /home/mscrobotics2425laptop4/LEO-ROVER-CODING/install/interbotix_xs_msgs/share/interbotix_xs_msgs/srv/Reboot_Response.msg
[0.904s] -- Up-to-date: /home/mscrobotics2425laptop4/LEO-ROVER-CODING/install/interbotix_xs_msgs/share/interbotix_xs_msgs/srv/RegisterValues.srv
[0.904s] -- Up-to-date: /home/mscrobotics2425laptop4/LEO-ROVER-CODING/install/interbotix_xs_msgs/share/interbotix_xs_msgs/srv/RegisterValues_Request.msg
[0.904s] -- Up-to-date: /home/mscrobotics2425laptop4/LEO-ROVER-CODING/install/interbotix_xs_msgs/share/interbotix_xs_msgs/srv/RegisterValues_Response.msg
[0.904s] -- Up-to-date: /home/mscrobotics2425laptop4/LEO-ROVER-CODING/install/interbotix_xs_msgs/share/interbotix_xs_msgs/srv/RobotInfo.srv
[0.904s] -- Up-to-date: /home/mscrobotics2425laptop4/LEO-ROVER-CODING/install/interbotix_xs_msgs/share/interbotix_xs_msgs/srv/RobotInfo_Request.msg
[0.904s] -- Up-to-date: /home/mscrobotics2425laptop4/LEO-ROVER-CODING/install/interbotix_xs_msgs/share/interbotix_xs_msgs/srv/RobotInfo_Response.msg
[0.904s] -- Up-to-date: /home/mscrobotics2425laptop4/LEO-ROVER-CODING/install/interbotix_xs_msgs/share/interbotix_xs_msgs/srv/TorqueEnable.srv
[0.904s] -- Up-to-date: /home/mscrobotics2425laptop4/LEO-ROVER-CODING/install/interbotix_xs_msgs/share/interbotix_xs_msgs/srv/TorqueEnable_Request.msg
[0.904s] -- Up-to-date: /home/mscrobotics2425laptop4/LEO-ROVER-CODING/install/interbotix_xs_msgs/share/interbotix_xs_msgs/srv/TorqueEnable_Response.msg
[0.904s] -- Up-to-date: /home/mscrobotics2425laptop4/LEO-ROVER-CODING/install/interbotix_xs_msgs/share/ament_index/resource_index/package_run_dependencies/interbotix_xs_msgs
[0.904s] -- Up-to-date: /home/mscrobotics2425laptop4/LEO-ROVER-CODING/install/interbotix_xs_msgs/share/ament_index/resource_index/parent_prefix_path/interbotix_xs_msgs
[0.904s] -- Up-to-date: /home/mscrobotics2425laptop4/LEO-ROVER-CODING/install/interbotix_xs_msgs/share/interbotix_xs_msgs/environment/ament_prefix_path.sh
[0.904s] -- Up-to-date: /home/mscrobotics2425laptop4/LEO-ROVER-CODING/install/interbotix_xs_msgs/share/interbotix_xs_msgs/environment/ament_prefix_path.dsv
[0.904s] -- Up-to-date: /home/mscrobotics2425laptop4/LEO-ROVER-CODING/install/interbotix_xs_msgs/share/interbotix_xs_msgs/environment/path.sh
[0.904s] -- Up-to-date: /home/mscrobotics2425laptop4/LEO-ROVER-CODING/install/interbotix_xs_msgs/share/interbotix_xs_msgs/environment/path.dsv
[0.904s] -- Up-to-date: /home/mscrobotics2425laptop4/LEO-ROVER-CODING/install/interbotix_xs_msgs/share/interbotix_xs_msgs/local_setup.bash
[0.904s] -- Up-to-date: /home/mscrobotics2425laptop4/LEO-ROVER-CODING/install/interbotix_xs_msgs/share/interbotix_xs_msgs/local_setup.sh
[0.904s] -- Up-to-date: /home/mscrobotics2425laptop4/LEO-ROVER-CODING/install/interbotix_xs_msgs/share/interbotix_xs_msgs/local_setup.zsh
[0.905s] -- Up-to-date: /home/mscrobotics2425laptop4/LEO-ROVER-CODING/install/interbotix_xs_msgs/share/interbotix_xs_msgs/local_setup.dsv
[0.905s] -- Installing: /home/mscrobotics2425laptop4/LEO-ROVER-CODING/install/interbotix_xs_msgs/share/interbotix_xs_msgs/package.dsv
[0.905s] -- Up-to-date: /home/mscrobotics2425laptop4/LEO-ROVER-CODING/install/interbotix_xs_msgs/share/ament_index/resource_index/packages/interbotix_xs_msgs
[0.905s] -- Up-to-date: /home/mscrobotics2425laptop4/LEO-ROVER-CODING/install/interbotix_xs_msgs/share/interbotix_xs_msgs/cmake/export_interbotix_xs_msgs__rosidl_generator_cExport.cmake
[0.905s] -- Up-to-date: /home/mscrobotics2425laptop4/LEO-ROVER-CODING/install/interbotix_xs_msgs/share/interbotix_xs_msgs/cmake/export_interbotix_xs_msgs__rosidl_generator_cExport-noconfig.cmake
[0.905s] -- Up-to-date: /home/mscrobotics2425laptop4/LEO-ROVER-CODING/install/interbotix_xs_msgs/share/interbotix_xs_msgs/cmake/export_interbotix_xs_msgs__rosidl_typesupport_fastrtps_cExport.cmake
[0.905s] -- Up-to-date: /home/mscrobotics2425laptop4/LEO-ROVER-CODING/install/interbotix_xs_msgs/share/interbotix_xs_msgs/cmake/export_interbotix_xs_msgs__rosidl_typesupport_fastrtps_cExport-noconfig.cmake
[0.905s] -- Up-to-date: /home/mscrobotics2425laptop4/LEO-ROVER-CODING/install/interbotix_xs_msgs/share/interbotix_xs_msgs/cmake/interbotix_xs_msgs__rosidl_typesupport_introspection_cExport.cmake
[0.905s] -- Up-to-date: /home/mscrobotics2425laptop4/LEO-ROVER-CODING/install/interbotix_xs_msgs/share/interbotix_xs_msgs/cmake/interbotix_xs_msgs__rosidl_typesupport_introspection_cExport-noconfig.cmake
[0.906s] -- Up-to-date: /home/mscrobotics2425laptop4/LEO-ROVER-CODING/install/interbotix_xs_msgs/share/interbotix_xs_msgs/cmake/interbotix_xs_msgs__rosidl_typesupport_cExport.cmake
[0.907s] -- Up-to-date: /home/mscrobotics2425laptop4/LEO-ROVER-CODING/install/interbotix_xs_msgs/share/interbotix_xs_msgs/cmake/interbotix_xs_msgs__rosidl_typesupport_cExport-noconfig.cmake
[0.907s] -- Up-to-date: /home/mscrobotics2425laptop4/LEO-ROVER-CODING/install/interbotix_xs_msgs/share/interbotix_xs_msgs/cmake/export_interbotix_xs_msgs__rosidl_generator_cppExport.cmake
[0.907s] -- Up-to-date: /home/mscrobotics2425laptop4/LEO-ROVER-CODING/install/interbotix_xs_msgs/share/interbotix_xs_msgs/cmake/export_interbotix_xs_msgs__rosidl_typesupport_fastrtps_cppExport.cmake
[0.907s] -- Up-to-date: /home/mscrobotics2425laptop4/LEO-ROVER-CODING/install/interbotix_xs_msgs/share/interbotix_xs_msgs/cmake/export_interbotix_xs_msgs__rosidl_typesupport_fastrtps_cppExport-noconfig.cmake
[0.907s] -- Up-to-date: /home/mscrobotics2425laptop4/LEO-ROVER-CODING/install/interbotix_xs_msgs/share/interbotix_xs_msgs/cmake/interbotix_xs_msgs__rosidl_typesupport_introspection_cppExport.cmake
[0.907s] -- Up-to-date: /home/mscrobotics2425laptop4/LEO-ROVER-CODING/install/interbotix_xs_msgs/share/interbotix_xs_msgs/cmake/interbotix_xs_msgs__rosidl_typesupport_introspection_cppExport-noconfig.cmake
[0.907s] -- Up-to-date: /home/mscrobotics2425laptop4/LEO-ROVER-CODING/install/interbotix_xs_msgs/share/interbotix_xs_msgs/cmake/interbotix_xs_msgs__rosidl_typesupport_cppExport.cmake
[0.907s] -- Up-to-date: /home/mscrobotics2425laptop4/LEO-ROVER-CODING/install/interbotix_xs_msgs/share/interbotix_xs_msgs/cmake/interbotix_xs_msgs__rosidl_typesupport_cppExport-noconfig.cmake
[0.908s] -- Up-to-date: /home/mscrobotics2425laptop4/LEO-ROVER-CODING/install/interbotix_xs_msgs/share/interbotix_xs_msgs/cmake/export_interbotix_xs_msgs__rosidl_generator_pyExport.cmake
[0.909s] -- Up-to-date: /home/mscrobotics2425laptop4/LEO-ROVER-CODING/install/interbotix_xs_msgs/share/interbotix_xs_msgs/cmake/export_interbotix_xs_msgs__rosidl_generator_pyExport-noconfig.cmake
[0.909s] -- Up-to-date: /home/mscrobotics2425laptop4/LEO-ROVER-CODING/install/interbotix_xs_msgs/share/interbotix_xs_msgs/cmake/rosidl_cmake-extras.cmake
[0.909s] -- Up-to-date: /home/mscrobotics2425laptop4/LEO-ROVER-CODING/install/interbotix_xs_msgs/share/interbotix_xs_msgs/cmake/ament_cmake_export_dependencies-extras.cmake
[0.909s] -- Up-to-date: /home/mscrobotics2425laptop4/LEO-ROVER-CODING/install/interbotix_xs_msgs/share/interbotix_xs_msgs/cmake/ament_cmake_export_include_directories-extras.cmake
[0.909s] -- Up-to-date: /home/mscrobotics2425laptop4/LEO-ROVER-CODING/install/interbotix_xs_msgs/share/interbotix_xs_msgs/cmake/ament_cmake_export_libraries-extras.cmake
[0.909s] -- Up-to-date: /home/mscrobotics2425laptop4/LEO-ROVER-CODING/install/interbotix_xs_msgs/share/interbotix_xs_msgs/cmake/ament_cmake_export_targets-extras.cmake
[0.909s] -- Up-to-date: /home/mscrobotics2425laptop4/LEO-ROVER-CODING/install/interbotix_xs_msgs/share/interbotix_xs_msgs/cmake/rosidl_cmake_export_typesupport_targets-extras.cmake
[0.909s] -- Up-to-date: /home/mscrobotics2425laptop4/LEO-ROVER-CODING/install/interbotix_xs_msgs/share/interbotix_xs_msgs/cmake/rosidl_cmake_export_typesupport_libraries-extras.cmake
[0.909s] -- Up-to-date: /home/mscrobotics2425laptop4/LEO-ROVER-CODING/install/interbotix_xs_msgs/share/interbotix_xs_msgs/cmake/interbotix_xs_msgsConfig.cmake
[0.909s] -- Up-to-date: /home/mscrobotics2425laptop4/LEO-ROVER-CODING/install/interbotix_xs_msgs/share/interbotix_xs_msgs/cmake/interbotix_xs_msgsConfig-version.cmake
[0.909s] -- Up-to-date: /home/mscrobotics2425laptop4/LEO-ROVER-CODING/install/interbotix_xs_msgs/share/interbotix_xs_msgs/package.xml
[1.214s] Invoked command in '/home/mscrobotics2425laptop4/LEO-ROVER-CODING/build/interbotix_xs_msgs' returned '0': CMAKE_PREFIX_PATH=${CMAKE_PREFIX_PATH}:/home/mscrobotics2425laptop4/LEO-ROVER-CODING/install/ros_cv_messages:/home/mscrobotics2425laptop4/LEO-ROVER-CODING/install/nav_final:/home/mscrobotics2425laptop4/LEO-ROVER-CODING/install/leo_realsense:/home/mscrobotics2425laptop4/LEO-ROVER-CODING/install/leo_manipulator:/home/mscrobotics2425laptop4/LEO-ROVER-CODING/install/leo_main:/home/mscrobotics2425laptop4/LEO-ROVER-CODING/install/leo_launcher:/home/mscrobotics2425laptop4/LEO-ROVER-CODING/install/leo_launch:/home/mscrobotics2425laptop4/LEO-ROVER-CODING/install/interbotix_xs_modules:/home/mscrobotics2425laptop4/LEO-ROVER-CODING/install/interbotix_perception_modules:/home/mscrobotics2425laptop4/LEO-ROVER-CODING/install/interbotix_common_modules:/home/mscrobotics2425laptop4/interbotix_ws/install/ros_cv_messages:/home/mscrobotics2425laptop4/interbotix_ws/install/leo_realsense:/home/mscrobotics2425laptop4/interbotix_ws/install/leo_manipulator:/home/mscrobotics2425laptop4/interbotix_ws/install/leo_main:/home/mscrobotics2425laptop4/interbotix_ws/install/leo_launch:/home/mscrobotics2425laptop4/interbotix_ws/install/interbotix_xs_modules:/home/mscrobotics2425laptop4/interbotix_ws/install/interbotix_perception_modules:/home/mscrobotics2425laptop4/interbotix_ws/install/interbotix_common_modules:/home/mscrobotics2425laptop4/ros2_tutorial_workspace/install/the_simplest_python_package:/home/mscrobotics2425laptop4/ros2_tutorial_workspace/install/test_package:/home/mscrobotics2425laptop4/ros2_tutorial_workspace/install/python_package_with_a_node:/home/mscrobotics2425laptop4/ros2_tutorial_workspace/install/python_package_that_uses_the_library:/home/mscrobotics2425laptop4/ros2_tutorial_workspace/install/python_package_with_a_library:/home/mscrobotics2425laptop4/ros2_tutorial_workspace/install/python_package_that_uses_the_services:/home/mscrobotics2425laptop4/ros2_tutorial_workspace/install/python_package_that_uses_the_messages:/home/mscrobotics2425laptop4/ros2_tutorial_workspace/install/python_package_that_uses_parameters_and_launch_files:/home/mscrobotics2425laptop4/ros2_tutorial_workspace/install/navigation_leo:/home/mscrobotics2425laptop4/ros2_tutorial_workspace/install/navigation_demos_custom_map:/home/mscrobotics2425laptop4/ros2_tutorial_workspace/install/navigation_demos:/home/mscrobotics2425laptop4/ros2_tutorial_workspace/install/m_explore_toggle:/home/mscrobotics2425laptop4/ros2_tutorial_workspace/install/lidar_emulator:/home/mscrobotics2425laptop4/ros2_tutorial_workspace/install/leo_team9:/home/mscrobotics2425laptop4/ros2_tutorial_workspace/install/gz_example_robot_description:/home/mscrobotics2425laptop4/ros2_tutorial_workspace/install/example_urdf_robot:/home/mscrobotics2425laptop4/ros2_tutorial_workspace/install/example_urdf_description:/home/mscrobotics2425laptop4/ros2_tutorial_workspace/install/example_gz_robot:/home/mscrobotics2425laptop4/ros2_tutorial_workspace/install/custom_server_package:/home/mscrobotics2425laptop4/ros2_tutorial_workspace/install/custom_client_package:/home/mscrobotics2425laptop4/ros2_tutorial_workspace/install/challenge_package:/home/mscrobotics2425laptop4/ros2_tutorial_workspace/install/bt_demos:/opt/ros/humble /usr/bin/cmake --install /home/mscrobotics2425laptop4/LEO-ROVER-CODING/build/interbotix_xs_msgs
