[0.774s] Invoking command in '/home/mscrobotics2425laptop4/LEO-ROVER-CODING/interbotix_ws/src/interbotix_ros_toolboxes/interbotix_xs_toolbox/interbotix_xs_modules': AMENT_PREFIX_PATH=/home/mscrobotics2425laptop4/LEO-ROVER-CODING/install/interbotix_xs_sdk:/home/mscrobotics2425laptop4/LEO-ROVER-CODING/install/interbotix_xs_driver:/home/mscrobotics2425laptop4/LEO-ROVER-CODING/install/interbotix_xs_msgs:/home/mscrobotics2425laptop4/LEO-ROVER-CODING/install/interbotix_common_modules:/home/mscrobotics2425laptop4/LEO-ROVER-CODING/install/dynamixel_workbench_toolbox:${AMENT_PREFIX_PATH} CMAKE_PREFIX_PATH=/home/mscrobotics2425laptop4/LEO-ROVER-CODING/install/interbotix_xs_sdk:/home/mscrobotics2425laptop4/LEO-ROVER-CODING/install/interbotix_xs_driver:/home/mscrobotics2425laptop4/LEO-ROVER-CODING/install/interbotix_xs_msgs:/home/mscrobotics2425laptop4/LEO-ROVER-CODING/install/dynamixel_workbench_toolbox:${CMAKE_PREFIX_PATH} LD_LIBRARY_PATH=/home/mscrobotics2425laptop4/LEO-ROVER-CODING/install/interbotix_xs_driver/lib:/home/mscrobotics2425laptop4/LEO-ROVER-CODING/install/interbotix_xs_msgs/lib:/home/mscrobotics2425laptop4/LEO-ROVER-CODING/install/dynamixel_workbench_toolbox/lib:${LD_LIBRARY_PATH} PYTHONPATH=/home/mscrobotics2425laptop4/LEO-ROVER-CODING/build/interbotix_xs_modules/prefix_override:/usr/lib/python3/dist-packages/colcon_core/task/python/colcon_distutils_commands:/home/mscrobotics2425laptop4/LEO-ROVER-CODING/install/interbotix_xs_modules/lib/python3.10/site-packages:/home/mscrobotics2425laptop4/LEO-ROVER-CODING/install/interbotix_xs_msgs/local/lib/python3.10/dist-packages:/home/mscrobotics2425laptop4/LEO-ROVER-CODING/install/interbotix_common_modules/lib/python3.10/site-packages:${PYTHONPATH} /usr/bin/python3 -W ignore:setup.py install is deprecated -W ignore:easy_install command is deprecated setup.py egg_info --egg-base ../../../../../build/interbotix_xs_modules build --build-base /home/mscrobotics2425laptop4/LEO-ROVER-CODING/build/interbotix_xs_modules/build install --record /home/mscrobotics2425laptop4/LEO-ROVER-CODING/build/interbotix_xs_modules/install.log --single-version-externally-managed install_data
[0.986s] running egg_info
[0.986s] creating ../../../../../build/interbotix_xs_modules/interbotix_xs_modules.egg-info
[0.986s] writing ../../../../../build/interbotix_xs_modules/interbotix_xs_modules.egg-info/PKG-INFO
[0.986s] writing dependency_links to ../../../../../build/interbotix_xs_modules/interbotix_xs_modules.egg-info/dependency_links.txt
[0.986s] writing entry points to ../../../../../build/interbotix_xs_modules/interbotix_xs_modules.egg-info/entry_points.txt
[0.986s] writing requirements to ../../../../../build/interbotix_xs_modules/interbotix_xs_modules.egg-info/requires.txt
[0.986s] writing top-level names to ../../../../../build/interbotix_xs_modules/interbotix_xs_modules.egg-info/top_level.txt
[0.986s] writing manifest file '../../../../../build/interbotix_xs_modules/interbotix_xs_modules.egg-info/SOURCES.txt'
[0.988s] reading manifest file '../../../../../build/interbotix_xs_modules/interbotix_xs_modules.egg-info/SOURCES.txt'
[0.989s] writing manifest file '../../../../../build/interbotix_xs_modules/interbotix_xs_modules.egg-info/SOURCES.txt'
[0.989s] running build
[0.989s] running build_py
[0.989s] creating /home/mscrobotics2425laptop4/LEO-ROVER-CODING/build/interbotix_xs_modules/build
[0.989s] creating /home/mscrobotics2425laptop4/LEO-ROVER-CODING/build/interbotix_xs_modules/build/lib
[0.989s] creating /home/mscrobotics2425laptop4/LEO-ROVER-CODING/build/interbotix_xs_modules/build/lib/interbotix_xs_modules
[0.990s] copying interbotix_xs_modules/__init__.py -> /home/mscrobotics2425laptop4/LEO-ROVER-CODING/build/interbotix_xs_modules/build/lib/interbotix_xs_modules
[0.990s] creating /home/mscrobotics2425laptop4/LEO-ROVER-CODING/build/interbotix_xs_modules/build/lib/interbotix_xs_modules/xs_common
[0.990s] copying interbotix_xs_modules/xs_common/__init__.py -> /home/mscrobotics2425laptop4/LEO-ROVER-CODING/build/interbotix_xs_modules/build/lib/interbotix_xs_modules/xs_common
[0.990s] copying interbotix_xs_modules/xs_common/xs_common.py -> /home/mscrobotics2425laptop4/LEO-ROVER-CODING/build/interbotix_xs_modules/build/lib/interbotix_xs_modules/xs_common
[0.990s] creating /home/mscrobotics2425laptop4/LEO-ROVER-CODING/build/interbotix_xs_modules/build/lib/interbotix_xs_modules/xs_launch
[0.990s] copying interbotix_xs_modules/xs_launch/xs_launch.py -> /home/mscrobotics2425laptop4/LEO-ROVER-CODING/build/interbotix_xs_modules/build/lib/interbotix_xs_modules/xs_launch
[0.990s] copying interbotix_xs_modules/xs_launch/__init__.py -> /home/mscrobotics2425laptop4/LEO-ROVER-CODING/build/interbotix_xs_modules/build/lib/interbotix_xs_modules/xs_launch
[0.990s] creating /home/mscrobotics2425laptop4/LEO-ROVER-CODING/build/interbotix_xs_modules/build/lib/interbotix_xs_modules/xs_robot
[0.990s] copying interbotix_xs_modules/xs_robot/gravity_compensation.py -> /home/mscrobotics2425laptop4/LEO-ROVER-CODING/build/interbotix_xs_modules/build/lib/interbotix_xs_modules/xs_robot
[0.990s] copying interbotix_xs_modules/xs_robot/create3.py -> /home/mscrobotics2425laptop4/LEO-ROVER-CODING/build/interbotix_xs_modules/build/lib/interbotix_xs_modules/xs_robot
[0.990s] copying interbotix_xs_modules/xs_robot/gripper.py -> /home/mscrobotics2425laptop4/LEO-ROVER-CODING/build/interbotix_xs_modules/build/lib/interbotix_xs_modules/xs_robot
[0.990s] copying interbotix_xs_modules/xs_robot/arm.py -> /home/mscrobotics2425laptop4/LEO-ROVER-CODING/build/interbotix_xs_modules/build/lib/interbotix_xs_modules/xs_robot
[0.990s] copying interbotix_xs_modules/xs_robot/mobile_base.py -> /home/mscrobotics2425laptop4/LEO-ROVER-CODING/build/interbotix_xs_modules/build/lib/interbotix_xs_modules/xs_robot
[0.990s] copying interbotix_xs_modules/xs_robot/slate.py -> /home/mscrobotics2425laptop4/LEO-ROVER-CODING/build/interbotix_xs_modules/build/lib/interbotix_xs_modules/xs_robot
[0.991s] copying interbotix_xs_modules/xs_robot/turret.py -> /home/mscrobotics2425laptop4/LEO-ROVER-CODING/build/interbotix_xs_modules/build/lib/interbotix_xs_modules/xs_robot
[0.991s] copying interbotix_xs_modules/xs_robot/__init__.py -> /home/mscrobotics2425laptop4/LEO-ROVER-CODING/build/interbotix_xs_modules/build/lib/interbotix_xs_modules/xs_robot
[0.991s] copying interbotix_xs_modules/xs_robot/kobuki.py -> /home/mscrobotics2425laptop4/LEO-ROVER-CODING/build/interbotix_xs_modules/build/lib/interbotix_xs_modules/xs_robot
[0.991s] copying interbotix_xs_modules/xs_robot/core.py -> /home/mscrobotics2425laptop4/LEO-ROVER-CODING/build/interbotix_xs_modules/build/lib/interbotix_xs_modules/xs_robot
[0.991s] copying interbotix_xs_modules/xs_robot/mr_descriptions.py -> /home/mscrobotics2425laptop4/LEO-ROVER-CODING/build/interbotix_xs_modules/build/lib/interbotix_xs_modules/xs_robot
[0.991s] copying interbotix_xs_modules/xs_robot/hexapod.py -> /home/mscrobotics2425laptop4/LEO-ROVER-CODING/build/interbotix_xs_modules/build/lib/interbotix_xs_modules/xs_robot
[0.991s] copying interbotix_xs_modules/xs_robot/locobot.py -> /home/mscrobotics2425laptop4/LEO-ROVER-CODING/build/interbotix_xs_modules/build/lib/interbotix_xs_modules/xs_robot
[0.991s] running install
[0.991s] running install_lib
[0.991s] creating /home/mscrobotics2425laptop4/LEO-ROVER-CODING/install/interbotix_xs_modules/lib/python3.10/site-packages/interbotix_xs_modules
[0.991s] creating /home/mscrobotics2425laptop4/LEO-ROVER-CODING/install/interbotix_xs_modules/lib/python3.10/site-packages/interbotix_xs_modules/xs_common
[0.992s] copying /home/mscrobotics2425laptop4/LEO-ROVER-CODING/build/interbotix_xs_modules/build/lib/interbotix_xs_modules/xs_common/__init__.py -> /home/mscrobotics2425laptop4/LEO-ROVER-CODING/install/interbotix_xs_modules/lib/python3.10/site-packages/interbotix_xs_modules/xs_common
[0.992s] copying /home/mscrobotics2425laptop4/LEO-ROVER-CODING/build/interbotix_xs_modules/build/lib/interbotix_xs_modules/xs_common/xs_common.py -> /home/mscrobotics2425laptop4/LEO-ROVER-CODING/install/interbotix_xs_modules/lib/python3.10/site-packages/interbotix_xs_modules/xs_common
[0.992s] creating /home/mscrobotics2425laptop4/LEO-ROVER-CODING/install/interbotix_xs_modules/lib/python3.10/site-packages/interbotix_xs_modules/xs_launch
[0.992s] copying /home/mscrobotics2425laptop4/LEO-ROVER-CODING/build/interbotix_xs_modules/build/lib/interbotix_xs_modules/xs_launch/xs_launch.py -> /home/mscrobotics2425laptop4/LEO-ROVER-CODING/install/interbotix_xs_modules/lib/python3.10/site-packages/interbotix_xs_modules/xs_launch
[0.992s] copying /home/mscrobotics2425laptop4/LEO-ROVER-CODING/build/interbotix_xs_modules/build/lib/interbotix_xs_modules/xs_launch/__init__.py -> /home/mscrobotics2425laptop4/LEO-ROVER-CODING/install/interbotix_xs_modules/lib/python3.10/site-packages/interbotix_xs_modules/xs_launch
[0.992s] copying /home/mscrobotics2425laptop4/LEO-ROVER-CODING/build/interbotix_xs_modules/build/lib/interbotix_xs_modules/__init__.py -> /home/mscrobotics2425laptop4/LEO-ROVER-CODING/install/interbotix_xs_modules/lib/python3.10/site-packages/interbotix_xs_modules
[0.992s] creating /home/mscrobotics2425laptop4/LEO-ROVER-CODING/install/interbotix_xs_modules/lib/python3.10/site-packages/interbotix_xs_modules/xs_robot
[0.992s] copying /home/mscrobotics2425laptop4/LEO-ROVER-CODING/build/interbotix_xs_modules/build/lib/interbotix_xs_modules/xs_robot/gravity_compensation.py -> /home/mscrobotics2425laptop4/LEO-ROVER-CODING/install/interbotix_xs_modules/lib/python3.10/site-packages/interbotix_xs_modules/xs_robot
[0.992s] copying /home/mscrobotics2425laptop4/LEO-ROVER-CODING/build/interbotix_xs_modules/build/lib/interbotix_xs_modules/xs_robot/create3.py -> /home/mscrobotics2425laptop4/LEO-ROVER-CODING/install/interbotix_xs_modules/lib/python3.10/site-packages/interbotix_xs_modules/xs_robot
[0.992s] copying /home/mscrobotics2425laptop4/LEO-ROVER-CODING/build/interbotix_xs_modules/build/lib/interbotix_xs_modules/xs_robot/gripper.py -> /home/mscrobotics2425laptop4/LEO-ROVER-CODING/install/interbotix_xs_modules/lib/python3.10/site-packages/interbotix_xs_modules/xs_robot
[0.992s] copying /home/mscrobotics2425laptop4/LEO-ROVER-CODING/build/interbotix_xs_modules/build/lib/interbotix_xs_modules/xs_robot/arm.py -> /home/mscrobotics2425laptop4/LEO-ROVER-CODING/install/interbotix_xs_modules/lib/python3.10/site-packages/interbotix_xs_modules/xs_robot
[0.992s] copying /home/mscrobotics2425laptop4/LEO-ROVER-CODING/build/interbotix_xs_modules/build/lib/interbotix_xs_modules/xs_robot/mobile_base.py -> /home/mscrobotics2425laptop4/LEO-ROVER-CODING/install/interbotix_xs_modules/lib/python3.10/site-packages/interbotix_xs_modules/xs_robot
[0.993s] copying /home/mscrobotics2425laptop4/LEO-ROVER-CODING/build/interbotix_xs_modules/build/lib/interbotix_xs_modules/xs_robot/slate.py -> /home/mscrobotics2425laptop4/LEO-ROVER-CODING/install/interbotix_xs_modules/lib/python3.10/site-packages/interbotix_xs_modules/xs_robot
[0.993s] copying /home/mscrobotics2425laptop4/LEO-ROVER-CODING/build/interbotix_xs_modules/build/lib/interbotix_xs_modules/xs_robot/turret.py -> /home/mscrobotics2425laptop4/LEO-ROVER-CODING/install/interbotix_xs_modules/lib/python3.10/site-packages/interbotix_xs_modules/xs_robot
[0.993s] copying /home/mscrobotics2425laptop4/LEO-ROVER-CODING/build/interbotix_xs_modules/build/lib/interbotix_xs_modules/xs_robot/__init__.py -> /home/mscrobotics2425laptop4/LEO-ROVER-CODING/install/interbotix_xs_modules/lib/python3.10/site-packages/interbotix_xs_modules/xs_robot
[0.993s] copying /home/mscrobotics2425laptop4/LEO-ROVER-CODING/build/interbotix_xs_modules/build/lib/interbotix_xs_modules/xs_robot/kobuki.py -> /home/mscrobotics2425laptop4/LEO-ROVER-CODING/install/interbotix_xs_modules/lib/python3.10/site-packages/interbotix_xs_modules/xs_robot
[0.993s] copying /home/mscrobotics2425laptop4/LEO-ROVER-CODING/build/interbotix_xs_modules/build/lib/interbotix_xs_modules/xs_robot/core.py -> /home/mscrobotics2425laptop4/LEO-ROVER-CODING/install/interbotix_xs_modules/lib/python3.10/site-packages/interbotix_xs_modules/xs_robot
[0.993s] copying /home/mscrobotics2425laptop4/LEO-ROVER-CODING/build/interbotix_xs_modules/build/lib/interbotix_xs_modules/xs_robot/mr_descriptions.py -> /home/mscrobotics2425laptop4/LEO-ROVER-CODING/install/interbotix_xs_modules/lib/python3.10/site-packages/interbotix_xs_modules/xs_robot
[0.993s] copying /home/mscrobotics2425laptop4/LEO-ROVER-CODING/build/interbotix_xs_modules/build/lib/interbotix_xs_modules/xs_robot/hexapod.py -> /home/mscrobotics2425laptop4/LEO-ROVER-CODING/install/interbotix_xs_modules/lib/python3.10/site-packages/interbotix_xs_modules/xs_robot
[0.993s] copying /home/mscrobotics2425laptop4/LEO-ROVER-CODING/build/interbotix_xs_modules/build/lib/interbotix_xs_modules/xs_robot/locobot.py -> /home/mscrobotics2425laptop4/LEO-ROVER-CODING/install/interbotix_xs_modules/lib/python3.10/site-packages/interbotix_xs_modules/xs_robot
[0.993s] byte-compiling /home/mscrobotics2425laptop4/LEO-ROVER-CODING/install/interbotix_xs_modules/lib/python3.10/site-packages/interbotix_xs_modules/xs_common/__init__.py to __init__.cpython-310.pyc
[0.993s] byte-compiling /home/mscrobotics2425laptop4/LEO-ROVER-CODING/install/interbotix_xs_modules/lib/python3.10/site-packages/interbotix_xs_modules/xs_common/xs_common.py to xs_common.cpython-310.pyc
[0.993s] byte-compiling /home/mscrobotics2425laptop4/LEO-ROVER-CODING/install/interbotix_xs_modules/lib/python3.10/site-packages/interbotix_xs_modules/xs_launch/xs_launch.py to xs_launch.cpython-310.pyc
[0.994s] byte-compiling /home/mscrobotics2425laptop4/LEO-ROVER-CODING/install/interbotix_xs_modules/lib/python3.10/site-packages/interbotix_xs_modules/xs_launch/__init__.py to __init__.cpython-310.pyc
[0.995s] byte-compiling /home/mscrobotics2425laptop4/LEO-ROVER-CODING/install/interbotix_xs_modules/lib/python3.10/site-packages/interbotix_xs_modules/__init__.py to __init__.cpython-310.pyc
[0.995s] byte-compiling /home/mscrobotics2425laptop4/LEO-ROVER-CODING/install/interbotix_xs_modules/lib/python3.10/site-packages/interbotix_xs_modules/xs_robot/gravity_compensation.py to gravity_compensation.cpython-310.pyc
[0.995s] byte-compiling /home/mscrobotics2425laptop4/LEO-ROVER-CODING/install/interbotix_xs_modules/lib/python3.10/site-packages/interbotix_xs_modules/xs_robot/create3.py to create3.cpython-310.pyc
[0.995s] byte-compiling /home/mscrobotics2425laptop4/LEO-ROVER-CODING/install/interbotix_xs_modules/lib/python3.10/site-packages/interbotix_xs_modules/xs_robot/gripper.py to gripper.cpython-310.pyc
[0.996s] byte-compiling /home/mscrobotics2425laptop4/LEO-ROVER-CODING/install/interbotix_xs_modules/lib/python3.10/site-packages/interbotix_xs_modules/xs_robot/arm.py to arm.cpython-310.pyc
[1.002s] byte-compiling /home/mscrobotics2425laptop4/LEO-ROVER-CODING/install/interbotix_xs_modules/lib/python3.10/site-packages/interbotix_xs_modules/xs_robot/mobile_base.py to mobile_base.cpython-310.pyc
[1.003s] byte-compiling /home/mscrobotics2425laptop4/LEO-ROVER-CODING/install/interbotix_xs_modules/lib/python3.10/site-packages/interbotix_xs_modules/xs_robot/slate.py to slate.cpython-310.pyc
[1.004s] byte-compiling /home/mscrobotics2425laptop4/LEO-ROVER-CODING/install/interbotix_xs_modules/lib/python3.10/site-packages/interbotix_xs_modules/xs_robot/turret.py to turret.cpython-310.pyc
[1.006s] byte-compiling /home/mscrobotics2425laptop4/LEO-ROVER-CODING/install/interbotix_xs_modules/lib/python3.10/site-packages/interbotix_xs_modules/xs_robot/__init__.py to __init__.cpython-310.pyc
[1.007s] byte-compiling /home/mscrobotics2425laptop4/LEO-ROVER-CODING/install/interbotix_xs_modules/lib/python3.10/site-packages/interbotix_xs_modules/xs_robot/kobuki.py to kobuki.cpython-310.pyc
[1.007s] byte-compiling /home/mscrobotics2425laptop4/LEO-ROVER-CODING/install/interbotix_xs_modules/lib/python3.10/site-packages/interbotix_xs_modules/xs_robot/core.py to core.cpython-310.pyc
[1.013s] byte-compiling /home/mscrobotics2425laptop4/LEO-ROVER-CODING/install/interbotix_xs_modules/lib/python3.10/site-packages/interbotix_xs_modules/xs_robot/mr_descriptions.py to mr_descriptions.cpython-310.pyc
[1.014s] byte-compiling /home/mscrobotics2425laptop4/LEO-ROVER-CODING/install/interbotix_xs_modules/lib/python3.10/site-packages/interbotix_xs_modules/xs_robot/hexapod.py to hexapod.cpython-310.pyc
[1.021s] byte-compiling /home/mscrobotics2425laptop4/LEO-ROVER-CODING/install/interbotix_xs_modules/lib/python3.10/site-packages/interbotix_xs_modules/xs_robot/locobot.py to locobot.cpython-310.pyc
[1.023s] running install_data
[1.025s] creating /home/mscrobotics2425laptop4/LEO-ROVER-CODING/install/interbotix_xs_modules/share/ament_index
[1.025s] creating /home/mscrobotics2425laptop4/LEO-ROVER-CODING/install/interbotix_xs_modules/share/ament_index/resource_index
[1.025s] creating /home/mscrobotics2425laptop4/LEO-ROVER-CODING/install/interbotix_xs_modules/share/ament_index/resource_index/packages
[1.025s] copying resource/interbotix_xs_modules -> /home/mscrobotics2425laptop4/LEO-ROVER-CODING/install/interbotix_xs_modules/share/ament_index/resource_index/packages
[1.025s] copying package.xml -> /home/mscrobotics2425laptop4/LEO-ROVER-CODING/install/interbotix_xs_modules/share/interbotix_xs_modules
[1.025s] running install_egg_info
[1.027s] Copying ../../../../../build/interbotix_xs_modules/interbotix_xs_modules.egg-info to /home/mscrobotics2425laptop4/LEO-ROVER-CODING/install/interbotix_xs_modules/lib/python3.10/site-packages/interbotix_xs_modules-0.0.0-py3.10.egg-info
[1.027s] running install_scripts
[1.046s] writing list of installed files to '/home/mscrobotics2425laptop4/LEO-ROVER-CODING/build/interbotix_xs_modules/install.log'
[1.066s] Invoked command in '/home/mscrobotics2425laptop4/LEO-ROVER-CODING/interbotix_ws/src/interbotix_ros_toolboxes/interbotix_xs_toolbox/interbotix_xs_modules' returned '0': AMENT_PREFIX_PATH=/home/mscrobotics2425laptop4/LEO-ROVER-CODING/install/interbotix_xs_sdk:/home/mscrobotics2425laptop4/LEO-ROVER-CODING/install/interbotix_xs_driver:/home/mscrobotics2425laptop4/LEO-ROVER-CODING/install/interbotix_xs_msgs:/home/mscrobotics2425laptop4/LEO-ROVER-CODING/install/interbotix_common_modules:/home/mscrobotics2425laptop4/LEO-ROVER-CODING/install/dynamixel_workbench_toolbox:${AMENT_PREFIX_PATH} CMAKE_PREFIX_PATH=/home/mscrobotics2425laptop4/LEO-ROVER-CODING/install/interbotix_xs_sdk:/home/mscrobotics2425laptop4/LEO-ROVER-CODING/install/interbotix_xs_driver:/home/mscrobotics2425laptop4/LEO-ROVER-CODING/install/interbotix_xs_msgs:/home/mscrobotics2425laptop4/LEO-ROVER-CODING/install/dynamixel_workbench_toolbox:${CMAKE_PREFIX_PATH} LD_LIBRARY_PATH=/home/mscrobotics2425laptop4/LEO-ROVER-CODING/install/interbotix_xs_driver/lib:/home/mscrobotics2425laptop4/LEO-ROVER-CODING/install/interbotix_xs_msgs/lib:/home/mscrobotics2425laptop4/LEO-ROVER-CODING/install/dynamixel_workbench_toolbox/lib:${LD_LIBRARY_PATH} PYTHONPATH=/home/mscrobotics2425laptop4/LEO-ROVER-CODING/build/interbotix_xs_modules/prefix_override:/usr/lib/python3/dist-packages/colcon_core/task/python/colcon_distutils_commands:/home/mscrobotics2425laptop4/LEO-ROVER-CODING/install/interbotix_xs_modules/lib/python3.10/site-packages:/home/mscrobotics2425laptop4/LEO-ROVER-CODING/install/interbotix_xs_msgs/local/lib/python3.10/dist-packages:/home/mscrobotics2425laptop4/LEO-ROVER-CODING/install/interbotix_common_modules/lib/python3.10/site-packages:${PYTHONPATH} /usr/bin/python3 -W ignore:setup.py install is deprecated -W ignore:easy_install command is deprecated setup.py egg_info --egg-base ../../../../../build/interbotix_xs_modules build --build-base /home/mscrobotics2425laptop4/LEO-ROVER-CODING/build/interbotix_xs_modules/build install --record /home/mscrobotics2425laptop4/LEO-ROVER-CODING/build/interbotix_xs_modules/install.log --single-version-externally-managed install_data
