[3.152s] Invoking command in '/home/mscrobotics2425laptop4/interbotix_ws/src/leo_launch': PYTHONPATH=/home/mscrobotics2425laptop4/interbotix_ws/build/leo_launch/prefix_override:/usr/lib/python3/dist-packages/colcon_core/task/python/colcon_distutils_commands:/home/mscrobotics2425laptop4/interbotix_ws/install/leo_launch/lib/python3.10/site-packages:${PYTHONPATH} /usr/bin/python3 -W ignore:setup.py install is deprecated -W ignore:easy_install command is deprecated setup.py egg_info --egg-base ../../build/leo_launch build --build-base /home/mscrobotics2425laptop4/interbotix_ws/build/leo_launch/build install --record /home/mscrobotics2425laptop4/interbotix_ws/build/leo_launch/install.log --single-version-externally-managed install_data
[4.053s] running egg_info
[4.053s] writing ../../build/leo_launch/leo_launch.egg-info/PKG-INFO
[4.054s] writing dependency_links to ../../build/leo_launch/leo_launch.egg-info/dependency_links.txt
[4.054s] writing entry points to ../../build/leo_launch/leo_launch.egg-info/entry_points.txt
[4.055s] writing requirements to ../../build/leo_launch/leo_launch.egg-info/requires.txt
[4.055s] writing top-level names to ../../build/leo_launch/leo_launch.egg-info/top_level.txt
[4.063s] reading manifest file '../../build/leo_launch/leo_launch.egg-info/SOURCES.txt'
[4.065s] writing manifest file '../../build/leo_launch/leo_launch.egg-info/SOURCES.txt'
[4.066s] running build
[4.067s] running build_py
[4.067s] running install
[4.068s] running install_lib
[4.071s] running install_data
[4.072s] running install_egg_info
[4.077s] removing '/home/mscrobotics2425laptop4/interbotix_ws/install/leo_launch/lib/python3.10/site-packages/leo_launch-0.0.0-py3.10.egg-info' (and everything under it)
[4.077s] Copying ../../build/leo_launch/leo_launch.egg-info to /home/mscrobotics2425laptop4/interbotix_ws/install/leo_launch/lib/python3.10/site-packages/leo_launch-0.0.0-py3.10.egg-info
[4.083s] running install_scripts
[4.135s] writing list of installed files to '/home/mscrobotics2425laptop4/interbotix_ws/build/leo_launch/install.log'
[4.925s] Invoked command in '/home/mscrobotics2425laptop4/interbotix_ws/src/leo_launch' returned '0': PYTHONPATH=/home/mscrobotics2425laptop4/interbotix_ws/build/leo_launch/prefix_override:/usr/lib/python3/dist-packages/colcon_core/task/python/colcon_distutils_commands:/home/mscrobotics2425laptop4/interbotix_ws/install/leo_launch/lib/python3.10/site-packages:${PYTHONPATH} /usr/bin/python3 -W ignore:setup.py install is deprecated -W ignore:easy_install command is deprecated setup.py egg_info --egg-base ../../build/leo_launch build --build-base /home/mscrobotics2425laptop4/interbotix_ws/build/leo_launch/build install --record /home/mscrobotics2425laptop4/interbotix_ws/build/leo_launch/install.log --single-version-externally-managed install_data
