[1.470s] Invoking command in '/home/mscrobotics2425laptop4/LEO-ROVER-CODING/interbotix_ws/src/leo_main': AMENT_PREFIX_PATH=/home/mscrobotics2425laptop4/LEO-ROVER-CODING/install/interbotix_xs_modules:/home/mscrobotics2425laptop4/LEO-ROVER-CODING/install/interbotix_xs_sdk:/home/mscrobotics2425laptop4/LEO-ROVER-CODING/install/interbotix_xs_driver:/home/mscrobotics2425laptop4/LEO-ROVER-CODING/install/leo_with_interfaces:/home/mscrobotics2425laptop4/LEO-ROVER-CODING/install/interbotix_xs_msgs:/home/mscrobotics2425laptop4/LEO-ROVER-CODING/install/interbotix_common_modules:/home/mscrobotics2425laptop4/LEO-ROVER-CODING/install/dynamixel_workbench_toolbox:${AMENT_PREFIX_PATH} CMAKE_PREFIX_PATH=/home/mscrobotics2425laptop4/LEO-ROVER-CODING/install/interbotix_xs_sdk:/home/mscrobotics2425laptop4/LEO-ROVER-CODING/install/interbotix_xs_driver:/home/mscrobotics2425laptop4/LEO-ROVER-CODING/install/leo_with_interfaces:/home/mscrobotics2425laptop4/LEO-ROVER-CODING/install/interbotix_xs_msgs:/home/mscrobotics2425laptop4/LEO-ROVER-CODING/install/dynamixel_workbench_toolbox:${CMAKE_PREFIX_PATH} LD_LIBRARY_PATH=/home/mscrobotics2425laptop4/LEO-ROVER-CODING/install/interbotix_xs_driver/lib:/home/mscrobotics2425laptop4/LEO-ROVER-CODING/install/leo_with_interfaces/lib:/home/mscrobotics2425laptop4/LEO-ROVER-CODING/install/interbotix_xs_msgs/lib:/home/mscrobotics2425laptop4/LEO-ROVER-CODING/install/dynamixel_workbench_toolbox/lib:${LD_LIBRARY_PATH} PYTHONPATH=/home/mscrobotics2425laptop4/LEO-ROVER-CODING/build/leo_main/prefix_override:/usr/lib/python3/dist-packages/colcon_core/task/python/colcon_distutils_commands:/home/mscrobotics2425laptop4/LEO-ROVER-CODING/install/leo_main/lib/python3.10/site-packages:/home/mscrobotics2425laptop4/LEO-ROVER-CODING/install/interbotix_xs_modules/lib/python3.10/site-packages:/home/mscrobotics2425laptop4/LEO-ROVER-CODING/install/leo_with_interfaces/local/lib/python3.10/dist-packages:/home/mscrobotics2425laptop4/LEO-ROVER-CODING/install/interbotix_xs_msgs/local/lib/python3.10/dist-packages:/home/mscrobotics2425laptop4/LEO-ROVER-CODING/install/interbotix_common_modules/lib/python3.10/site-packages:${PYTHONPATH} /usr/bin/python3 -W ignore:setup.py install is deprecated -W ignore:easy_install command is deprecated setup.py egg_info --egg-base ../../../build/leo_main build --build-base /home/mscrobotics2425laptop4/LEO-ROVER-CODING/build/leo_main/build install --record /home/mscrobotics2425laptop4/LEO-ROVER-CODING/build/leo_main/install.log --single-version-externally-managed install_data
[1.864s] running egg_info
[1.865s] writing ../../../build/leo_main/leo_main.egg-info/PKG-INFO
[1.866s] writing dependency_links to ../../../build/leo_main/leo_main.egg-info/dependency_links.txt
[1.866s] writing entry points to ../../../build/leo_main/leo_main.egg-info/entry_points.txt
[1.866s] writing requirements to ../../../build/leo_main/leo_main.egg-info/requires.txt
[1.866s] writing top-level names to ../../../build/leo_main/leo_main.egg-info/top_level.txt
[1.869s] reading manifest file '../../../build/leo_main/leo_main.egg-info/SOURCES.txt'
[1.870s] writing manifest file '../../../build/leo_main/leo_main.egg-info/SOURCES.txt'
[1.870s] running build
[1.870s] running build_py
[1.871s] copying leo_main/central_node.py -> /home/mscrobotics2425laptop4/LEO-ROVER-CODING/build/leo_main/build/lib/leo_main
[1.871s] running install
[1.871s] running install_lib
[1.872s] copying /home/mscrobotics2425laptop4/LEO-ROVER-CODING/build/leo_main/build/lib/leo_main/central_node.py -> /home/mscrobotics2425laptop4/LEO-ROVER-CODING/install/leo_main/lib/python3.10/site-packages/leo_main
[1.872s] byte-compiling /home/mscrobotics2425laptop4/LEO-ROVER-CODING/install/leo_main/lib/python3.10/site-packages/leo_main/central_node.py to central_node.cpython-310.pyc
[1.873s] running install_data
[1.873s] copying package.xml -> /home/mscrobotics2425laptop4/LEO-ROVER-CODING/install/leo_main/share/leo_main
[1.873s] running install_egg_info
[1.875s] removing '/home/mscrobotics2425laptop4/LEO-ROVER-CODING/install/leo_main/lib/python3.10/site-packages/leo_main-0.0.0-py3.10.egg-info' (and everything under it)
[1.875s] Copying ../../../build/leo_main/leo_main.egg-info to /home/mscrobotics2425laptop4/LEO-ROVER-CODING/install/leo_main/lib/python3.10/site-packages/leo_main-0.0.0-py3.10.egg-info
[1.876s] running install_scripts
[1.912s] Installing central_node script to /home/mscrobotics2425laptop4/LEO-ROVER-CODING/install/leo_main/lib/leo_main
[1.912s] writing list of installed files to '/home/mscrobotics2425laptop4/LEO-ROVER-CODING/build/leo_main/install.log'
[1.945s] Invoked command in '/home/mscrobotics2425laptop4/LEO-ROVER-CODING/interbotix_ws/src/leo_main' returned '0': AMENT_PREFIX_PATH=/home/mscrobotics2425laptop4/LEO-ROVER-CODING/install/interbotix_xs_modules:/home/mscrobotics2425laptop4/LEO-ROVER-CODING/install/interbotix_xs_sdk:/home/mscrobotics2425laptop4/LEO-ROVER-CODING/install/interbotix_xs_driver:/home/mscrobotics2425laptop4/LEO-ROVER-CODING/install/leo_with_interfaces:/home/mscrobotics2425laptop4/LEO-ROVER-CODING/install/interbotix_xs_msgs:/home/mscrobotics2425laptop4/LEO-ROVER-CODING/install/interbotix_common_modules:/home/mscrobotics2425laptop4/LEO-ROVER-CODING/install/dynamixel_workbench_toolbox:${AMENT_PREFIX_PATH} CMAKE_PREFIX_PATH=/home/mscrobotics2425laptop4/LEO-ROVER-CODING/install/interbotix_xs_sdk:/home/mscrobotics2425laptop4/LEO-ROVER-CODING/install/interbotix_xs_driver:/home/mscrobotics2425laptop4/LEO-ROVER-CODING/install/leo_with_interfaces:/home/mscrobotics2425laptop4/LEO-ROVER-CODING/install/interbotix_xs_msgs:/home/mscrobotics2425laptop4/LEO-ROVER-CODING/install/dynamixel_workbench_toolbox:${CMAKE_PREFIX_PATH} LD_LIBRARY_PATH=/home/mscrobotics2425laptop4/LEO-ROVER-CODING/install/interbotix_xs_driver/lib:/home/mscrobotics2425laptop4/LEO-ROVER-CODING/install/leo_with_interfaces/lib:/home/mscrobotics2425laptop4/LEO-ROVER-CODING/install/interbotix_xs_msgs/lib:/home/mscrobotics2425laptop4/LEO-ROVER-CODING/install/dynamixel_workbench_toolbox/lib:${LD_LIBRARY_PATH} PYTHONPATH=/home/mscrobotics2425laptop4/LEO-ROVER-CODING/build/leo_main/prefix_override:/usr/lib/python3/dist-packages/colcon_core/task/python/colcon_distutils_commands:/home/mscrobotics2425laptop4/LEO-ROVER-CODING/install/leo_main/lib/python3.10/site-packages:/home/mscrobotics2425laptop4/LEO-ROVER-CODING/install/interbotix_xs_modules/lib/python3.10/site-packages:/home/mscrobotics2425laptop4/LEO-ROVER-CODING/install/leo_with_interfaces/local/lib/python3.10/dist-packages:/home/mscrobotics2425laptop4/LEO-ROVER-CODING/install/interbotix_xs_msgs/local/lib/python3.10/dist-packages:/home/mscrobotics2425laptop4/LEO-ROVER-CODING/install/interbotix_common_modules/lib/python3.10/site-packages:${PYTHONPATH} /usr/bin/python3 -W ignore:setup.py install is deprecated -W ignore:easy_install command is deprecated setup.py egg_info --egg-base ../../../build/leo_main build --build-base /home/mscrobotics2425laptop4/LEO-ROVER-CODING/build/leo_main/build install --record /home/mscrobotics2425laptop4/LEO-ROVER-CODING/build/leo_main/install.log --single-version-externally-managed install_data
