[0.348s] Invoking command in '/home/mscrobotics2425laptop4/LEO-ROVER-CODING/build/leo_with_interfaces': CMAKE_PREFIX_PATH=${CMAKE_PREFIX_PATH}:/home/mscrobotics2425laptop4/interbotix_ws/install/ros_cv_messages:/home/mscrobotics2425laptop4/interbotix_ws/install/leo_realsense:/home/mscrobotics2425laptop4/interbotix_ws/install/leo_manipulator:/home/mscrobotics2425laptop4/interbotix_ws/install/leo_main:/home/mscrobotics2425laptop4/interbotix_ws/install/leo_launch:/home/mscrobotics2425laptop4/interbotix_ws/install/interbotix_xs_modules:/home/mscrobotics2425laptop4/interbotix_ws/install/interbotix_perception_modules:/home/mscrobotics2425laptop4/interbotix_ws/install/interbotix_common_modules:/home/mscrobotics2425laptop4/LEO-ROVER-CODING/interbotix_ws/install/ros_cv_messages:/home/mscrobotics2425laptop4/LEO-ROVER-CODING/interbotix_ws/install/leo_realsense:/home/mscrobotics2425laptop4/LEO-ROVER-CODING/interbotix_ws/install/leo_manipulator:/home/mscrobotics2425laptop4/LEO-ROVER-CODING/interbotix_ws/install/leo_main:/home/mscrobotics2425laptop4/LEO-ROVER-CODING/interbotix_ws/install/leo_launch:/home/mscrobotics2425laptop4/LEO-ROVER-CODING/interbotix_ws/install/interbotix_xs_modules:/home/mscrobotics2425laptop4/LEO-ROVER-CODING/interbotix_ws/install/interbotix_perception_modules:/home/mscrobotics2425laptop4/LEO-ROVER-CODING/interbotix_ws/install/interbotix_common_modules:/home/mscrobotics2425laptop4/ros2_tutorial_workspace/install/the_simplest_python_package:/home/mscrobotics2425laptop4/ros2_tutorial_workspace/install/test_package:/home/mscrobotics2425laptop4/ros2_tutorial_workspace/install/python_package_with_a_node:/home/mscrobotics2425laptop4/ros2_tutorial_workspace/install/python_package_that_uses_the_library:/home/mscrobotics2425laptop4/ros2_tutorial_workspace/install/python_package_with_a_library:/home/mscrobotics2425laptop4/ros2_tutorial_workspace/install/python_package_that_uses_the_services:/home/mscrobotics2425laptop4/ros2_tutorial_workspace/install/python_package_that_uses_the_messages:/home/mscrobotics2425laptop4/ros2_tutorial_workspace/install/python_package_that_uses_parameters_and_launch_files:/home/mscrobotics2425laptop4/ros2_tutorial_workspace/install/navigation_leo:/home/mscrobotics2425laptop4/ros2_tutorial_workspace/install/navigation_demos_custom_map:/home/mscrobotics2425laptop4/ros2_tutorial_workspace/install/navigation_demos:/home/mscrobotics2425laptop4/ros2_tutorial_workspace/install/m_explore_toggle:/home/mscrobotics2425laptop4/ros2_tutorial_workspace/install/lidar_emulator:/home/mscrobotics2425laptop4/ros2_tutorial_workspace/install/leo_team9:/home/mscrobotics2425laptop4/ros2_tutorial_workspace/install/gz_example_robot_description:/home/mscrobotics2425laptop4/ros2_tutorial_workspace/install/example_urdf_robot:/home/mscrobotics2425laptop4/ros2_tutorial_workspace/install/example_urdf_description:/home/mscrobotics2425laptop4/ros2_tutorial_workspace/install/example_gz_robot:/home/mscrobotics2425laptop4/ros2_tutorial_workspace/install/custom_server_package:/home/mscrobotics2425laptop4/ros2_tutorial_workspace/install/custom_client_package:/home/mscrobotics2425laptop4/ros2_tutorial_workspace/install/challenge_package:/home/mscrobotics2425laptop4/ros2_tutorial_workspace/install/bt_demos:/opt/ros/humble /usr/bin/cmake /home/mscrobotics2425laptop4/LEO-ROVER-CODING/interbotix_ws/src/leo_with_interfaces -DCMAKE_INSTALL_PREFIX=/home/mscrobotics2425laptop4/LEO-ROVER-CODING/install/leo_with_interfaces
[0.420s] -- The C compiler identification is GNU 11.4.0
[0.503s] -- The CXX compiler identification is GNU 11.4.0
[0.512s] -- Detecting C compiler ABI info
[0.614s] -- Detecting C compiler ABI info - done
[0.621s] -- Check for working C compiler: /usr/bin/cc - skipped
[0.621s] -- Detecting C compile features
[0.622s] -- Detecting C compile features - done
[0.625s] -- Detecting CXX compiler ABI info
[0.717s] -- Detecting CXX compiler ABI info - done
[0.722s] -- Check for working CXX compiler: /usr/bin/c++ - skipped
[0.722s] -- Detecting CXX compile features
[0.722s] -- Detecting CXX compile features - done
[0.732s] -- Found ament_cmake: 1.3.11 (/opt/ros/humble/share/ament_cmake/cmake)
[0.973s] -- Found Python3: /usr/bin/python3 (found version "3.10.12") found components: Interpreter 
[1.222s] -- Found geometry_msgs: 4.2.4 (/opt/ros/humble/share/geometry_msgs/cmake)
[1.288s] -- Found rosidl_generator_c: 3.1.6 (/opt/ros/humble/share/rosidl_generator_c/cmake)
[1.299s] -- Found rosidl_adapter: 3.1.6 (/opt/ros/humble/share/rosidl_adapter/cmake)
[1.317s] -- Found rosidl_generator_cpp: 3.1.6 (/opt/ros/humble/share/rosidl_generator_cpp/cmake)
[1.346s] -- Using all available rosidl_typesupport_c: rosidl_typesupport_fastrtps_c;rosidl_typesupport_introspection_c
[1.402s] -- Using all available rosidl_typesupport_cpp: rosidl_typesupport_fastrtps_cpp;rosidl_typesupport_introspection_cpp
[1.476s] -- Found rosidl_default_generators: 1.2.0 (/opt/ros/humble/share/rosidl_default_generators/cmake)
[1.937s] -- Found ament_cmake_ros: 0.10.0 (/opt/ros/humble/share/ament_cmake_ros/cmake)
[2.509s] -- Using all available rosidl_typesupport_c: rosidl_typesupport_fastrtps_c;rosidl_typesupport_introspection_c
[2.770s] -- Using all available rosidl_typesupport_cpp: rosidl_typesupport_fastrtps_cpp;rosidl_typesupport_introspection_cpp
[2.803s] -- Found PythonInterp: /usr/bin/python3 (found suitable version "3.10.12", minimum required is "3.6") 
[2.815s] -- Found python_cmake_module: 0.10.0 (/opt/ros/humble/share/python_cmake_module/cmake)
[2.862s] -- Found PythonLibs: /usr/lib/x86_64-linux-gnu/libpython3.10.so (found suitable version "3.10.12", minimum required is "3.5") 
[2.862s] -- Using PYTHON_EXECUTABLE: /usr/bin/python3
[2.862s] -- Using PYTHON_INCLUDE_DIRS: /usr/include/python3.10
[2.862s] -- Using PYTHON_LIBRARIES: /usr/lib/x86_64-linux-gnu/libpython3.10.so
[2.886s] -- Found PythonExtra: .so  
[3.082s] -- Found ament_lint_auto: 0.12.11 (/opt/ros/humble/share/ament_lint_auto/cmake)
[3.169s] -- Added test 'lint_cmake' to check CMake code style
[3.172s] -- Added test 'xmllint' to check XML markup files
[3.179s] -- Configuring done
[3.222s] -- Generating done
[3.230s] -- Build files have been written to: /home/mscrobotics2425laptop4/LEO-ROVER-CODING/build/leo_with_interfaces
[3.242s] Invoked command in '/home/mscrobotics2425laptop4/LEO-ROVER-CODING/build/leo_with_interfaces' returned '0': CMAKE_PREFIX_PATH=${CMAKE_PREFIX_PATH}:/home/mscrobotics2425laptop4/interbotix_ws/install/ros_cv_messages:/home/mscrobotics2425laptop4/interbotix_ws/install/leo_realsense:/home/mscrobotics2425laptop4/interbotix_ws/install/leo_manipulator:/home/mscrobotics2425laptop4/interbotix_ws/install/leo_main:/home/mscrobotics2425laptop4/interbotix_ws/install/leo_launch:/home/mscrobotics2425laptop4/interbotix_ws/install/interbotix_xs_modules:/home/mscrobotics2425laptop4/interbotix_ws/install/interbotix_perception_modules:/home/mscrobotics2425laptop4/interbotix_ws/install/interbotix_common_modules:/home/mscrobotics2425laptop4/LEO-ROVER-CODING/interbotix_ws/install/ros_cv_messages:/home/mscrobotics2425laptop4/LEO-ROVER-CODING/interbotix_ws/install/leo_realsense:/home/mscrobotics2425laptop4/LEO-ROVER-CODING/interbotix_ws/install/leo_manipulator:/home/mscrobotics2425laptop4/LEO-ROVER-CODING/interbotix_ws/install/leo_main:/home/mscrobotics2425laptop4/LEO-ROVER-CODING/interbotix_ws/install/leo_launch:/home/mscrobotics2425laptop4/LEO-ROVER-CODING/interbotix_ws/install/interbotix_xs_modules:/home/mscrobotics2425laptop4/LEO-ROVER-CODING/interbotix_ws/install/interbotix_perception_modules:/home/mscrobotics2425laptop4/LEO-ROVER-CODING/interbotix_ws/install/interbotix_common_modules:/home/mscrobotics2425laptop4/ros2_tutorial_workspace/install/the_simplest_python_package:/home/mscrobotics2425laptop4/ros2_tutorial_workspace/install/test_package:/home/mscrobotics2425laptop4/ros2_tutorial_workspace/install/python_package_with_a_node:/home/mscrobotics2425laptop4/ros2_tutorial_workspace/install/python_package_that_uses_the_library:/home/mscrobotics2425laptop4/ros2_tutorial_workspace/install/python_package_with_a_library:/home/mscrobotics2425laptop4/ros2_tutorial_workspace/install/python_package_that_uses_the_services:/home/mscrobotics2425laptop4/ros2_tutorial_workspace/install/python_package_that_uses_the_messages:/home/mscrobotics2425laptop4/ros2_tutorial_workspace/install/python_package_that_uses_parameters_and_launch_files:/home/mscrobotics2425laptop4/ros2_tutorial_workspace/install/navigation_leo:/home/mscrobotics2425laptop4/ros2_tutorial_workspace/install/navigation_demos_custom_map:/home/mscrobotics2425laptop4/ros2_tutorial_workspace/install/navigation_demos:/home/mscrobotics2425laptop4/ros2_tutorial_workspace/install/m_explore_toggle:/home/mscrobotics2425laptop4/ros2_tutorial_workspace/install/lidar_emulator:/home/mscrobotics2425laptop4/ros2_tutorial_workspace/install/leo_team9:/home/mscrobotics2425laptop4/ros2_tutorial_workspace/install/gz_example_robot_description:/home/mscrobotics2425laptop4/ros2_tutorial_workspace/install/example_urdf_robot:/home/mscrobotics2425laptop4/ros2_tutorial_workspace/install/example_urdf_description:/home/mscrobotics2425laptop4/ros2_tutorial_workspace/install/example_gz_robot:/home/mscrobotics2425laptop4/ros2_tutorial_workspace/install/custom_server_package:/home/mscrobotics2425laptop4/ros2_tutorial_workspace/install/custom_client_package:/home/mscrobotics2425laptop4/ros2_tutorial_workspace/install/challenge_package:/home/mscrobotics2425laptop4/ros2_tutorial_workspace/install/bt_demos:/opt/ros/humble /usr/bin/cmake /home/mscrobotics2425laptop4/LEO-ROVER-CODING/interbotix_ws/src/leo_with_interfaces -DCMAKE_INSTALL_PREFIX=/home/mscrobotics2425laptop4/LEO-ROVER-CODING/install/leo_with_interfaces
[3.244s] Invoking command in '/home/mscrobotics2425laptop4/LEO-ROVER-CODING/build/leo_with_interfaces': CMAKE_PREFIX_PATH=${CMAKE_PREFIX_PATH}:/home/mscrobotics2425laptop4/interbotix_ws/install/ros_cv_messages:/home/mscrobotics2425laptop4/interbotix_ws/install/leo_realsense:/home/mscrobotics2425laptop4/interbotix_ws/install/leo_manipulator:/home/mscrobotics2425laptop4/interbotix_ws/install/leo_main:/home/mscrobotics2425laptop4/interbotix_ws/install/leo_launch:/home/mscrobotics2425laptop4/interbotix_ws/install/interbotix_xs_modules:/home/mscrobotics2425laptop4/interbotix_ws/install/interbotix_perception_modules:/home/mscrobotics2425laptop4/interbotix_ws/install/interbotix_common_modules:/home/mscrobotics2425laptop4/LEO-ROVER-CODING/interbotix_ws/install/ros_cv_messages:/home/mscrobotics2425laptop4/LEO-ROVER-CODING/interbotix_ws/install/leo_realsense:/home/mscrobotics2425laptop4/LEO-ROVER-CODING/interbotix_ws/install/leo_manipulator:/home/mscrobotics2425laptop4/LEO-ROVER-CODING/interbotix_ws/install/leo_main:/home/mscrobotics2425laptop4/LEO-ROVER-CODING/interbotix_ws/install/leo_launch:/home/mscrobotics2425laptop4/LEO-ROVER-CODING/interbotix_ws/install/interbotix_xs_modules:/home/mscrobotics2425laptop4/LEO-ROVER-CODING/interbotix_ws/install/interbotix_perception_modules:/home/mscrobotics2425laptop4/LEO-ROVER-CODING/interbotix_ws/install/interbotix_common_modules:/home/mscrobotics2425laptop4/ros2_tutorial_workspace/install/the_simplest_python_package:/home/mscrobotics2425laptop4/ros2_tutorial_workspace/install/test_package:/home/mscrobotics2425laptop4/ros2_tutorial_workspace/install/python_package_with_a_node:/home/mscrobotics2425laptop4/ros2_tutorial_workspace/install/python_package_that_uses_the_library:/home/mscrobotics2425laptop4/ros2_tutorial_workspace/install/python_package_with_a_library:/home/mscrobotics2425laptop4/ros2_tutorial_workspace/install/python_package_that_uses_the_services:/home/mscrobotics2425laptop4/ros2_tutorial_workspace/install/python_package_that_uses_the_messages:/home/mscrobotics2425laptop4/ros2_tutorial_workspace/install/python_package_that_uses_parameters_and_launch_files:/home/mscrobotics2425laptop4/ros2_tutorial_workspace/install/navigation_leo:/home/mscrobotics2425laptop4/ros2_tutorial_workspace/install/navigation_demos_custom_map:/home/mscrobotics2425laptop4/ros2_tutorial_workspace/install/navigation_demos:/home/mscrobotics2425laptop4/ros2_tutorial_workspace/install/m_explore_toggle:/home/mscrobotics2425laptop4/ros2_tutorial_workspace/install/lidar_emulator:/home/mscrobotics2425laptop4/ros2_tutorial_workspace/install/leo_team9:/home/mscrobotics2425laptop4/ros2_tutorial_workspace/install/gz_example_robot_description:/home/mscrobotics2425laptop4/ros2_tutorial_workspace/install/example_urdf_robot:/home/mscrobotics2425laptop4/ros2_tutorial_workspace/install/example_urdf_description:/home/mscrobotics2425laptop4/ros2_tutorial_workspace/install/example_gz_robot:/home/mscrobotics2425laptop4/ros2_tutorial_workspace/install/custom_server_package:/home/mscrobotics2425laptop4/ros2_tutorial_workspace/install/custom_client_package:/home/mscrobotics2425laptop4/ros2_tutorial_workspace/install/challenge_package:/home/mscrobotics2425laptop4/ros2_tutorial_workspace/install/bt_demos:/opt/ros/humble /usr/bin/cmake --build /home/mscrobotics2425laptop4/LEO-ROVER-CODING/build/leo_with_interfaces -- -j12 -l12
[3.296s] [  3%] [34m[1mGenerating C code for ROS interfaces[0m
[3.317s] [  6%] [34m[1mGenerating C++ code for ROS interfaces[0m
[3.330s] [  6%] Built target ament_cmake_python_copy_leo_with_interfaces
[3.743s] [  6%] Built target leo_with_interfaces__cpp
[3.777s] [ 12%] [34m[1mGenerating C++ type support for eProsima Fast-RTPS[0m
[3.782s] [ 12%] [34m[1mGenerating C++ introspection for ROS interfaces[0m
[3.800s] [ 16%] [34m[1mGenerating C++ type support dispatch for ROS interfaces[0m
[3.835s] running egg_info
[3.835s] creating leo_with_interfaces.egg-info
[3.836s] writing leo_with_interfaces.egg-info/PKG-INFO
[3.839s] writing dependency_links to leo_with_interfaces.egg-info/dependency_links.txt
[3.840s] writing top-level names to leo_with_interfaces.egg-info/top_level.txt
[3.840s] writing manifest file 'leo_with_interfaces.egg-info/SOURCES.txt'
[3.842s] reading manifest file 'leo_with_interfaces.egg-info/SOURCES.txt'
[3.843s] writing manifest file 'leo_with_interfaces.egg-info/SOURCES.txt'
[3.882s] [ 19%] [32mBuilding C object CMakeFiles/leo_with_interfaces__rosidl_generator_c.dir/rosidl_generator_c/leo_with_interfaces/msg/detail/position__functions.c.o[0m
[3.918s] [ 19%] Built target ament_cmake_python_build_leo_with_interfaces_egg
[4.023s] [ 22%] [32m[1mLinking C shared library libleo_with_interfaces__rosidl_generator_c.so[0m
[4.157s] [ 22%] Built target leo_with_interfaces__rosidl_generator_c
[4.202s] [ 29%] [34m[1mGenerating C type support for eProsima Fast-RTPS[0m
[4.202s] [ 29%] [34m[1mGenerating C type support dispatch for ROS interfaces[0m
[4.212s] [ 32%] [34m[1mGenerating C introspection for ROS interfaces[0m
[4.385s] [ 35%] [32mBuilding CXX object CMakeFiles/leo_with_interfaces__rosidl_typesupport_introspection_cpp.dir/rosidl_typesupport_introspection_cpp/leo_with_interfaces/msg/detail/position__type_support.cpp.o[0m
[4.471s] [ 38%] [32mBuilding CXX object CMakeFiles/leo_with_interfaces__rosidl_typesupport_fastrtps_cpp.dir/rosidl_typesupport_fastrtps_cpp/leo_with_interfaces/msg/detail/dds_fastrtps/position__type_support.cpp.o[0m
[4.551s] [ 41%] [32mBuilding CXX object CMakeFiles/leo_with_interfaces__rosidl_typesupport_cpp.dir/rosidl_typesupport_cpp/leo_with_interfaces/msg/position__type_support.cpp.o[0m
[4.951s] [ 45%] [32mBuilding C object CMakeFiles/leo_with_interfaces__rosidl_typesupport_introspection_c.dir/rosidl_typesupport_introspection_c/leo_with_interfaces/msg/detail/position__type_support.c.o[0m
[5.005s] [ 48%] [32mBuilding CXX object CMakeFiles/leo_with_interfaces__rosidl_typesupport_fastrtps_c.dir/rosidl_typesupport_fastrtps_c/leo_with_interfaces/msg/detail/position__type_support_c.cpp.o[0m
[5.010s] [ 51%] [32mBuilding CXX object CMakeFiles/leo_with_interfaces__rosidl_typesupport_c.dir/rosidl_typesupport_c/leo_with_interfaces/msg/position__type_support.cpp.o[0m
[5.073s] [ 54%] [32m[1mLinking C shared library libleo_with_interfaces__rosidl_typesupport_introspection_c.so[0m
[5.138s] [ 58%] [32m[1mLinking CXX shared library libleo_with_interfaces__rosidl_typesupport_c.so[0m
[5.173s] [ 58%] Built target leo_with_interfaces__rosidl_typesupport_introspection_c
[5.189s] [ 61%] [32m[1mLinking CXX shared library libleo_with_interfaces__rosidl_typesupport_introspection_cpp.so[0m
[5.244s] [ 64%] [32m[1mLinking CXX shared library libleo_with_interfaces__rosidl_typesupport_cpp.so[0m
[5.244s] [ 64%] Built target leo_with_interfaces__rosidl_typesupport_c
[5.332s] [ 64%] Built target leo_with_interfaces__rosidl_typesupport_introspection_cpp
[5.406s] [ 64%] Built target leo_with_interfaces__rosidl_typesupport_cpp
[5.465s] [ 67%] [32m[1mLinking CXX shared library libleo_with_interfaces__rosidl_typesupport_fastrtps_cpp.so[0m
[5.755s] [ 70%] [32m[1mLinking CXX shared library libleo_with_interfaces__rosidl_typesupport_fastrtps_c.so[0m
[5.841s] [ 70%] Built target leo_with_interfaces__rosidl_typesupport_fastrtps_cpp
[6.005s] [ 70%] Built target leo_with_interfaces__rosidl_typesupport_fastrtps_c
[6.065s] [ 70%] Built target leo_with_interfaces
[6.101s] [ 74%] [34m[1mGenerating Python code for ROS interfaces[0m
[7.011s] [ 74%] Built target leo_with_interfaces__py
[7.089s] [ 77%] [32mBuilding C object CMakeFiles/leo_with_interfaces__rosidl_generator_py.dir/rosidl_generator_py/leo_with_interfaces/msg/_position_s.c.o[0m
[7.361s] [ 80%] [32m[1mLinking C shared library rosidl_generator_py/leo_with_interfaces/libleo_with_interfaces__rosidl_generator_py.so[0m
[7.475s] [ 80%] Built target leo_with_interfaces__rosidl_generator_py
[7.533s] [ 83%] [32mBuilding C object CMakeFiles/leo_with_interfaces__rosidl_typesupport_fastrtps_c__pyext.dir/rosidl_generator_py/leo_with_interfaces/_leo_with_interfaces_s.ep.rosidl_typesupport_fastrtps_c.c.o[0m
[7.549s] [ 87%] [32mBuilding C object CMakeFiles/leo_with_interfaces__rosidl_typesupport_c__pyext.dir/rosidl_generator_py/leo_with_interfaces/_leo_with_interfaces_s.ep.rosidl_typesupport_c.c.o[0m
[7.550s] [ 90%] [32mBuilding C object CMakeFiles/leo_with_interfaces__rosidl_typesupport_introspection_c__pyext.dir/rosidl_generator_py/leo_with_interfaces/_leo_with_interfaces_s.ep.rosidl_typesupport_introspection_c.c.o[0m
[7.781s] [ 93%] [32m[1mLinking C shared library rosidl_generator_py/leo_with_interfaces/leo_with_interfaces_s__rosidl_typesupport_c.cpython-310-x86_64-linux-gnu.so[0m
[7.882s] [ 96%] [32m[1mLinking C shared library rosidl_generator_py/leo_with_interfaces/leo_with_interfaces_s__rosidl_typesupport_introspection_c.cpython-310-x86_64-linux-gnu.so[0m
[7.890s] [ 96%] Built target leo_with_interfaces__rosidl_typesupport_c__pyext
[7.894s] [100%] [32m[1mLinking C shared library rosidl_generator_py/leo_with_interfaces/leo_with_interfaces_s__rosidl_typesupport_fastrtps_c.cpython-310-x86_64-linux-gnu.so[0m
[8.009s] [100%] Built target leo_with_interfaces__rosidl_typesupport_introspection_c__pyext
[8.012s] [100%] Built target leo_with_interfaces__rosidl_typesupport_fastrtps_c__pyext
[8.063s] Invoked command in '/home/mscrobotics2425laptop4/LEO-ROVER-CODING/build/leo_with_interfaces' returned '0': CMAKE_PREFIX_PATH=${CMAKE_PREFIX_PATH}:/home/mscrobotics2425laptop4/interbotix_ws/install/ros_cv_messages:/home/mscrobotics2425laptop4/interbotix_ws/install/leo_realsense:/home/mscrobotics2425laptop4/interbotix_ws/install/leo_manipulator:/home/mscrobotics2425laptop4/interbotix_ws/install/leo_main:/home/mscrobotics2425laptop4/interbotix_ws/install/leo_launch:/home/mscrobotics2425laptop4/interbotix_ws/install/interbotix_xs_modules:/home/mscrobotics2425laptop4/interbotix_ws/install/interbotix_perception_modules:/home/mscrobotics2425laptop4/interbotix_ws/install/interbotix_common_modules:/home/mscrobotics2425laptop4/LEO-ROVER-CODING/interbotix_ws/install/ros_cv_messages:/home/mscrobotics2425laptop4/LEO-ROVER-CODING/interbotix_ws/install/leo_realsense:/home/mscrobotics2425laptop4/LEO-ROVER-CODING/interbotix_ws/install/leo_manipulator:/home/mscrobotics2425laptop4/LEO-ROVER-CODING/interbotix_ws/install/leo_main:/home/mscrobotics2425laptop4/LEO-ROVER-CODING/interbotix_ws/install/leo_launch:/home/mscrobotics2425laptop4/LEO-ROVER-CODING/interbotix_ws/install/interbotix_xs_modules:/home/mscrobotics2425laptop4/LEO-ROVER-CODING/interbotix_ws/install/interbotix_perception_modules:/home/mscrobotics2425laptop4/LEO-ROVER-CODING/interbotix_ws/install/interbotix_common_modules:/home/mscrobotics2425laptop4/ros2_tutorial_workspace/install/the_simplest_python_package:/home/mscrobotics2425laptop4/ros2_tutorial_workspace/install/test_package:/home/mscrobotics2425laptop4/ros2_tutorial_workspace/install/python_package_with_a_node:/home/mscrobotics2425laptop4/ros2_tutorial_workspace/install/python_package_that_uses_the_library:/home/mscrobotics2425laptop4/ros2_tutorial_workspace/install/python_package_with_a_library:/home/mscrobotics2425laptop4/ros2_tutorial_workspace/install/python_package_that_uses_the_services:/home/mscrobotics2425laptop4/ros2_tutorial_workspace/install/python_package_that_uses_the_messages:/home/mscrobotics2425laptop4/ros2_tutorial_workspace/install/python_package_that_uses_parameters_and_launch_files:/home/mscrobotics2425laptop4/ros2_tutorial_workspace/install/navigation_leo:/home/mscrobotics2425laptop4/ros2_tutorial_workspace/install/navigation_demos_custom_map:/home/mscrobotics2425laptop4/ros2_tutorial_workspace/install/navigation_demos:/home/mscrobotics2425laptop4/ros2_tutorial_workspace/install/m_explore_toggle:/home/mscrobotics2425laptop4/ros2_tutorial_workspace/install/lidar_emulator:/home/mscrobotics2425laptop4/ros2_tutorial_workspace/install/leo_team9:/home/mscrobotics2425laptop4/ros2_tutorial_workspace/install/gz_example_robot_description:/home/mscrobotics2425laptop4/ros2_tutorial_workspace/install/example_urdf_robot:/home/mscrobotics2425laptop4/ros2_tutorial_workspace/install/example_urdf_description:/home/mscrobotics2425laptop4/ros2_tutorial_workspace/install/example_gz_robot:/home/mscrobotics2425laptop4/ros2_tutorial_workspace/install/custom_server_package:/home/mscrobotics2425laptop4/ros2_tutorial_workspace/install/custom_client_package:/home/mscrobotics2425laptop4/ros2_tutorial_workspace/install/challenge_package:/home/mscrobotics2425laptop4/ros2_tutorial_workspace/install/bt_demos:/opt/ros/humble /usr/bin/cmake --build /home/mscrobotics2425laptop4/LEO-ROVER-CODING/build/leo_with_interfaces -- -j12 -l12
[8.063s] Invoking command in '/home/mscrobotics2425laptop4/LEO-ROVER-CODING/build/leo_with_interfaces': CMAKE_PREFIX_PATH=${CMAKE_PREFIX_PATH}:/home/mscrobotics2425laptop4/interbotix_ws/install/ros_cv_messages:/home/mscrobotics2425laptop4/interbotix_ws/install/leo_realsense:/home/mscrobotics2425laptop4/interbotix_ws/install/leo_manipulator:/home/mscrobotics2425laptop4/interbotix_ws/install/leo_main:/home/mscrobotics2425laptop4/interbotix_ws/install/leo_launch:/home/mscrobotics2425laptop4/interbotix_ws/install/interbotix_xs_modules:/home/mscrobotics2425laptop4/interbotix_ws/install/interbotix_perception_modules:/home/mscrobotics2425laptop4/interbotix_ws/install/interbotix_common_modules:/home/mscrobotics2425laptop4/LEO-ROVER-CODING/interbotix_ws/install/ros_cv_messages:/home/mscrobotics2425laptop4/LEO-ROVER-CODING/interbotix_ws/install/leo_realsense:/home/mscrobotics2425laptop4/LEO-ROVER-CODING/interbotix_ws/install/leo_manipulator:/home/mscrobotics2425laptop4/LEO-ROVER-CODING/interbotix_ws/install/leo_main:/home/mscrobotics2425laptop4/LEO-ROVER-CODING/interbotix_ws/install/leo_launch:/home/mscrobotics2425laptop4/LEO-ROVER-CODING/interbotix_ws/install/interbotix_xs_modules:/home/mscrobotics2425laptop4/LEO-ROVER-CODING/interbotix_ws/install/interbotix_perception_modules:/home/mscrobotics2425laptop4/LEO-ROVER-CODING/interbotix_ws/install/interbotix_common_modules:/home/mscrobotics2425laptop4/ros2_tutorial_workspace/install/the_simplest_python_package:/home/mscrobotics2425laptop4/ros2_tutorial_workspace/install/test_package:/home/mscrobotics2425laptop4/ros2_tutorial_workspace/install/python_package_with_a_node:/home/mscrobotics2425laptop4/ros2_tutorial_workspace/install/python_package_that_uses_the_library:/home/mscrobotics2425laptop4/ros2_tutorial_workspace/install/python_package_with_a_library:/home/mscrobotics2425laptop4/ros2_tutorial_workspace/install/python_package_that_uses_the_services:/home/mscrobotics2425laptop4/ros2_tutorial_workspace/install/python_package_that_uses_the_messages:/home/mscrobotics2425laptop4/ros2_tutorial_workspace/install/python_package_that_uses_parameters_and_launch_files:/home/mscrobotics2425laptop4/ros2_tutorial_workspace/install/navigation_leo:/home/mscrobotics2425laptop4/ros2_tutorial_workspace/install/navigation_demos_custom_map:/home/mscrobotics2425laptop4/ros2_tutorial_workspace/install/navigation_demos:/home/mscrobotics2425laptop4/ros2_tutorial_workspace/install/m_explore_toggle:/home/mscrobotics2425laptop4/ros2_tutorial_workspace/install/lidar_emulator:/home/mscrobotics2425laptop4/ros2_tutorial_workspace/install/leo_team9:/home/mscrobotics2425laptop4/ros2_tutorial_workspace/install/gz_example_robot_description:/home/mscrobotics2425laptop4/ros2_tutorial_workspace/install/example_urdf_robot:/home/mscrobotics2425laptop4/ros2_tutorial_workspace/install/example_urdf_description:/home/mscrobotics2425laptop4/ros2_tutorial_workspace/install/example_gz_robot:/home/mscrobotics2425laptop4/ros2_tutorial_workspace/install/custom_server_package:/home/mscrobotics2425laptop4/ros2_tutorial_workspace/install/custom_client_package:/home/mscrobotics2425laptop4/ros2_tutorial_workspace/install/challenge_package:/home/mscrobotics2425laptop4/ros2_tutorial_workspace/install/bt_demos:/opt/ros/humble /usr/bin/cmake --install /home/mscrobotics2425laptop4/LEO-ROVER-CODING/build/leo_with_interfaces
[8.075s] -- Install configuration: ""
[8.076s] -- Installing: /home/mscrobotics2425laptop4/LEO-ROVER-CODING/install/leo_with_interfaces/share/ament_index/resource_index/rosidl_interfaces/leo_with_interfaces
[8.080s] -- Installing: /home/mscrobotics2425laptop4/LEO-ROVER-CODING/install/leo_with_interfaces/include/leo_with_interfaces/leo_with_interfaces
[8.080s] -- Installing: /home/mscrobotics2425laptop4/LEO-ROVER-CODING/install/leo_with_interfaces/include/leo_with_interfaces/leo_with_interfaces/msg
[8.081s] -- Installing: /home/mscrobotics2425laptop4/LEO-ROVER-CODING/install/leo_with_interfaces/include/leo_with_interfaces/leo_with_interfaces/msg/position.h
[8.081s] -- Installing: /home/mscrobotics2425laptop4/LEO-ROVER-CODING/install/leo_with_interfaces/include/leo_with_interfaces/leo_with_interfaces/msg/rosidl_generator_c__visibility_control.h
[8.087s] -- Installing: /home/mscrobotics2425laptop4/LEO-ROVER-CODING/install/leo_with_interfaces/include/leo_with_interfaces/leo_with_interfaces/msg/detail
[8.087s] -- Installing: /home/mscrobotics2425laptop4/LEO-ROVER-CODING/install/leo_with_interfaces/include/leo_with_interfaces/leo_with_interfaces/msg/detail/position__struct.h
[8.087s] -- Installing: /home/mscrobotics2425laptop4/LEO-ROVER-CODING/install/leo_with_interfaces/include/leo_with_interfaces/leo_with_interfaces/msg/detail/position__type_support.h
[8.087s] -- Installing: /home/mscrobotics2425laptop4/LEO-ROVER-CODING/install/leo_with_interfaces/include/leo_with_interfaces/leo_with_interfaces/msg/detail/position__functions.c
[8.087s] -- Installing: /home/mscrobotics2425laptop4/LEO-ROVER-CODING/install/leo_with_interfaces/include/leo_with_interfaces/leo_with_interfaces/msg/detail/position__functions.h
[8.087s] -- Installing: /home/mscrobotics2425laptop4/LEO-ROVER-CODING/install/leo_with_interfaces/share/leo_with_interfaces/environment/library_path.sh
[8.088s] -- Installing: /home/mscrobotics2425laptop4/LEO-ROVER-CODING/install/leo_with_interfaces/share/leo_with_interfaces/environment/library_path.dsv
[8.088s] -- Installing: /home/mscrobotics2425laptop4/LEO-ROVER-CODING/install/leo_with_interfaces/lib/libleo_with_interfaces__rosidl_generator_c.so
[8.088s] -- Set runtime path of "/home/mscrobotics2425laptop4/LEO-ROVER-CODING/install/leo_with_interfaces/lib/libleo_with_interfaces__rosidl_generator_c.so" to ""
[8.091s] -- Up-to-date: /home/mscrobotics2425laptop4/LEO-ROVER-CODING/install/leo_with_interfaces/include/leo_with_interfaces/leo_with_interfaces
[8.091s] -- Up-to-date: /home/mscrobotics2425laptop4/LEO-ROVER-CODING/install/leo_with_interfaces/include/leo_with_interfaces/leo_with_interfaces/msg
[8.091s] -- Installing: /home/mscrobotics2425laptop4/LEO-ROVER-CODING/install/leo_with_interfaces/include/leo_with_interfaces/leo_with_interfaces/msg/rosidl_typesupport_fastrtps_c__visibility_control.h
[8.091s] -- Up-to-date: /home/mscrobotics2425laptop4/LEO-ROVER-CODING/install/leo_with_interfaces/include/leo_with_interfaces/leo_with_interfaces/msg/detail
[8.091s] -- Installing: /home/mscrobotics2425laptop4/LEO-ROVER-CODING/install/leo_with_interfaces/include/leo_with_interfaces/leo_with_interfaces/msg/detail/position__rosidl_typesupport_fastrtps_c.h
[8.093s] -- Installing: /home/mscrobotics2425laptop4/LEO-ROVER-CODING/install/leo_with_interfaces/lib/libleo_with_interfaces__rosidl_typesupport_fastrtps_c.so
[8.093s] -- Set runtime path of "/home/mscrobotics2425laptop4/LEO-ROVER-CODING/install/leo_with_interfaces/lib/libleo_with_interfaces__rosidl_typesupport_fastrtps_c.so" to ""
[8.093s] -- Up-to-date: /home/mscrobotics2425laptop4/LEO-ROVER-CODING/install/leo_with_interfaces/include/leo_with_interfaces/leo_with_interfaces
[8.093s] -- Up-to-date: /home/mscrobotics2425laptop4/LEO-ROVER-CODING/install/leo_with_interfaces/include/leo_with_interfaces/leo_with_interfaces/msg
[8.093s] -- Installing: /home/mscrobotics2425laptop4/LEO-ROVER-CODING/install/leo_with_interfaces/include/leo_with_interfaces/leo_with_interfaces/msg/position.hpp
[8.093s] -- Up-to-date: /home/mscrobotics2425laptop4/LEO-ROVER-CODING/install/leo_with_interfaces/include/leo_with_interfaces/leo_with_interfaces/msg/detail
[8.094s] -- Installing: /home/mscrobotics2425laptop4/LEO-ROVER-CODING/install/leo_with_interfaces/include/leo_with_interfaces/leo_with_interfaces/msg/detail/position__traits.hpp
[8.094s] -- Installing: /home/mscrobotics2425laptop4/LEO-ROVER-CODING/install/leo_with_interfaces/include/leo_with_interfaces/leo_with_interfaces/msg/detail/position__struct.hpp
[8.094s] -- Installing: /home/mscrobotics2425laptop4/LEO-ROVER-CODING/install/leo_with_interfaces/include/leo_with_interfaces/leo_with_interfaces/msg/detail/position__type_support.hpp
[8.094s] -- Installing: /home/mscrobotics2425laptop4/LEO-ROVER-CODING/install/leo_with_interfaces/include/leo_with_interfaces/leo_with_interfaces/msg/detail/position__builder.hpp
[8.095s] -- Installing: /home/mscrobotics2425laptop4/LEO-ROVER-CODING/install/leo_with_interfaces/include/leo_with_interfaces/leo_with_interfaces/msg/rosidl_generator_cpp__visibility_control.hpp
[8.095s] -- Up-to-date: /home/mscrobotics2425laptop4/LEO-ROVER-CODING/install/leo_with_interfaces/include/leo_with_interfaces/leo_with_interfaces
[8.095s] -- Up-to-date: /home/mscrobotics2425laptop4/LEO-ROVER-CODING/install/leo_with_interfaces/include/leo_with_interfaces/leo_with_interfaces/msg
[8.095s] -- Up-to-date: /home/mscrobotics2425laptop4/LEO-ROVER-CODING/install/leo_with_interfaces/include/leo_with_interfaces/leo_with_interfaces/msg/detail
[8.095s] -- Installing: /home/mscrobotics2425laptop4/LEO-ROVER-CODING/install/leo_with_interfaces/include/leo_with_interfaces/leo_with_interfaces/msg/detail/dds_fastrtps
[8.095s] -- Installing: /home/mscrobotics2425laptop4/LEO-ROVER-CODING/install/leo_with_interfaces/include/leo_with_interfaces/leo_with_interfaces/msg/detail/position__rosidl_typesupport_fastrtps_cpp.hpp
[8.095s] -- Installing: /home/mscrobotics2425laptop4/LEO-ROVER-CODING/install/leo_with_interfaces/include/leo_with_interfaces/leo_with_interfaces/msg/rosidl_typesupport_fastrtps_cpp__visibility_control.h
[8.096s] -- Installing: /home/mscrobotics2425laptop4/LEO-ROVER-CODING/install/leo_with_interfaces/lib/libleo_with_interfaces__rosidl_typesupport_fastrtps_cpp.so
[8.096s] -- Set runtime path of "/home/mscrobotics2425laptop4/LEO-ROVER-CODING/install/leo_with_interfaces/lib/libleo_with_interfaces__rosidl_typesupport_fastrtps_cpp.so" to ""
[8.096s] -- Up-to-date: /home/mscrobotics2425laptop4/LEO-ROVER-CODING/install/leo_with_interfaces/include/leo_with_interfaces/leo_with_interfaces
[8.096s] -- Up-to-date: /home/mscrobotics2425laptop4/LEO-ROVER-CODING/install/leo_with_interfaces/include/leo_with_interfaces/leo_with_interfaces/msg
[8.096s] -- Installing: /home/mscrobotics2425laptop4/LEO-ROVER-CODING/install/leo_with_interfaces/include/leo_with_interfaces/leo_with_interfaces/msg/rosidl_typesupport_introspection_c__visibility_control.h
[8.096s] -- Up-to-date: /home/mscrobotics2425laptop4/LEO-ROVER-CODING/install/leo_with_interfaces/include/leo_with_interfaces/leo_with_interfaces/msg/detail
[8.096s] -- Installing: /home/mscrobotics2425laptop4/LEO-ROVER-CODING/install/leo_with_interfaces/include/leo_with_interfaces/leo_with_interfaces/msg/detail/position__type_support.c
[8.098s] -- Installing: /home/mscrobotics2425laptop4/LEO-ROVER-CODING/install/leo_with_interfaces/include/leo_with_interfaces/leo_with_interfaces/msg/detail/position__rosidl_typesupport_introspection_c.h
[8.106s] -- Installing: /home/mscrobotics2425laptop4/LEO-ROVER-CODING/install/leo_with_interfaces/lib/libleo_with_interfaces__rosidl_typesupport_introspection_c.so
[8.106s] -- Set runtime path of "/home/mscrobotics2425laptop4/LEO-ROVER-CODING/install/leo_with_interfaces/lib/libleo_with_interfaces__rosidl_typesupport_introspection_c.so" to ""
[8.106s] -- Installing: /home/mscrobotics2425laptop4/LEO-ROVER-CODING/install/leo_with_interfaces/lib/libleo_with_interfaces__rosidl_typesupport_c.so
[8.106s] -- Set runtime path of "/home/mscrobotics2425laptop4/LEO-ROVER-CODING/install/leo_with_interfaces/lib/libleo_with_interfaces__rosidl_typesupport_c.so" to ""
[8.106s] -- Up-to-date: /home/mscrobotics2425laptop4/LEO-ROVER-CODING/install/leo_with_interfaces/include/leo_with_interfaces/leo_with_interfaces
[8.106s] -- Up-to-date: /home/mscrobotics2425laptop4/LEO-ROVER-CODING/install/leo_with_interfaces/include/leo_with_interfaces/leo_with_interfaces/msg
[8.106s] -- Up-to-date: /home/mscrobotics2425laptop4/LEO-ROVER-CODING/install/leo_with_interfaces/include/leo_with_interfaces/leo_with_interfaces/msg/detail
[8.106s] -- Installing: /home/mscrobotics2425laptop4/LEO-ROVER-CODING/install/leo_with_interfaces/include/leo_with_interfaces/leo_with_interfaces/msg/detail/position__type_support.cpp
[8.106s] -- Installing: /home/mscrobotics2425laptop4/LEO-ROVER-CODING/install/leo_with_interfaces/include/leo_with_interfaces/leo_with_interfaces/msg/detail/position__rosidl_typesupport_introspection_cpp.hpp
[8.107s] -- Installing: /home/mscrobotics2425laptop4/LEO-ROVER-CODING/install/leo_with_interfaces/lib/libleo_with_interfaces__rosidl_typesupport_introspection_cpp.so
[8.111s] -- Set runtime path of "/home/mscrobotics2425laptop4/LEO-ROVER-CODING/install/leo_with_interfaces/lib/libleo_with_interfaces__rosidl_typesupport_introspection_cpp.so" to ""
[8.113s] -- Installing: /home/mscrobotics2425laptop4/LEO-ROVER-CODING/install/leo_with_interfaces/lib/libleo_with_interfaces__rosidl_typesupport_cpp.so
[8.114s] -- Set runtime path of "/home/mscrobotics2425laptop4/LEO-ROVER-CODING/install/leo_with_interfaces/lib/libleo_with_interfaces__rosidl_typesupport_cpp.so" to ""
[8.114s] -- Installing: /home/mscrobotics2425laptop4/LEO-ROVER-CODING/install/leo_with_interfaces/share/leo_with_interfaces/environment/pythonpath.sh
[8.114s] -- Installing: /home/mscrobotics2425laptop4/LEO-ROVER-CODING/install/leo_with_interfaces/share/leo_with_interfaces/environment/pythonpath.dsv
[8.114s] -- Installing: /home/mscrobotics2425laptop4/LEO-ROVER-CODING/install/leo_with_interfaces/local/lib/python3.10/dist-packages/leo_with_interfaces-0.0.0-py3.10.egg-info
[8.114s] -- Installing: /home/mscrobotics2425laptop4/LEO-ROVER-CODING/install/leo_with_interfaces/local/lib/python3.10/dist-packages/leo_with_interfaces-0.0.0-py3.10.egg-info/dependency_links.txt
[8.114s] -- Installing: /home/mscrobotics2425laptop4/LEO-ROVER-CODING/install/leo_with_interfaces/local/lib/python3.10/dist-packages/leo_with_interfaces-0.0.0-py3.10.egg-info/SOURCES.txt
[8.114s] -- Installing: /home/mscrobotics2425laptop4/LEO-ROVER-CODING/install/leo_with_interfaces/local/lib/python3.10/dist-packages/leo_with_interfaces-0.0.0-py3.10.egg-info/PKG-INFO
[8.114s] -- Installing: /home/mscrobotics2425laptop4/LEO-ROVER-CODING/install/leo_with_interfaces/local/lib/python3.10/dist-packages/leo_with_interfaces-0.0.0-py3.10.egg-info/top_level.txt
[8.114s] -- Installing: /home/mscrobotics2425laptop4/LEO-ROVER-CODING/install/leo_with_interfaces/local/lib/python3.10/dist-packages/leo_with_interfaces
[8.114s] -- Installing: /home/mscrobotics2425laptop4/LEO-ROVER-CODING/install/leo_with_interfaces/local/lib/python3.10/dist-packages/leo_with_interfaces/leo_with_interfaces_s__rosidl_typesupport_c.cpython-310-x86_64-linux-gnu.so
[8.114s] -- Installing: /home/mscrobotics2425laptop4/LEO-ROVER-CODING/install/leo_with_interfaces/local/lib/python3.10/dist-packages/leo_with_interfaces/leo_with_interfaces_s__rosidl_typesupport_introspection_c.cpython-310-x86_64-linux-gnu.so
[8.114s] -- Installing: /home/mscrobotics2425laptop4/LEO-ROVER-CODING/install/leo_with_interfaces/local/lib/python3.10/dist-packages/leo_with_interfaces/__init__.py
[8.114s] -- Installing: /home/mscrobotics2425laptop4/LEO-ROVER-CODING/install/leo_with_interfaces/local/lib/python3.10/dist-packages/leo_with_interfaces/_leo_with_interfaces_s.ep.rosidl_typesupport_c.c
[8.115s] -- Installing: /home/mscrobotics2425laptop4/LEO-ROVER-CODING/install/leo_with_interfaces/local/lib/python3.10/dist-packages/leo_with_interfaces/_leo_with_interfaces_s.ep.rosidl_typesupport_fastrtps_c.c
[8.115s] -- Installing: /home/mscrobotics2425laptop4/LEO-ROVER-CODING/install/leo_with_interfaces/local/lib/python3.10/dist-packages/leo_with_interfaces/libleo_with_interfaces__rosidl_generator_py.so
[8.115s] -- Installing: /home/mscrobotics2425laptop4/LEO-ROVER-CODING/install/leo_with_interfaces/local/lib/python3.10/dist-packages/leo_with_interfaces/_leo_with_interfaces_s.ep.rosidl_typesupport_introspection_c.c
[8.117s] -- Installing: /home/mscrobotics2425laptop4/LEO-ROVER-CODING/install/leo_with_interfaces/local/lib/python3.10/dist-packages/leo_with_interfaces/msg
[8.117s] -- Installing: /home/mscrobotics2425laptop4/LEO-ROVER-CODING/install/leo_with_interfaces/local/lib/python3.10/dist-packages/leo_with_interfaces/msg/_position.py
[8.117s] -- Installing: /home/mscrobotics2425laptop4/LEO-ROVER-CODING/install/leo_with_interfaces/local/lib/python3.10/dist-packages/leo_with_interfaces/msg/__init__.py
[8.117s] -- Installing: /home/mscrobotics2425laptop4/LEO-ROVER-CODING/install/leo_with_interfaces/local/lib/python3.10/dist-packages/leo_with_interfaces/msg/_position_s.c
[8.117s] -- Installing: /home/mscrobotics2425laptop4/LEO-ROVER-CODING/install/leo_with_interfaces/local/lib/python3.10/dist-packages/leo_with_interfaces/leo_with_interfaces_s__rosidl_typesupport_fastrtps_c.cpython-310-x86_64-linux-gnu.so
[8.323s] Listing '/home/mscrobotics2425laptop4/LEO-ROVER-CODING/install/leo_with_interfaces/local/lib/python3.10/dist-packages/leo_with_interfaces'...
[8.323s] Compiling '/home/mscrobotics2425laptop4/LEO-ROVER-CODING/install/leo_with_interfaces/local/lib/python3.10/dist-packages/leo_with_interfaces/__init__.py'...
[8.323s] Listing '/home/mscrobotics2425laptop4/LEO-ROVER-CODING/install/leo_with_interfaces/local/lib/python3.10/dist-packages/leo_with_interfaces/msg'...
[8.323s] Compiling '/home/mscrobotics2425laptop4/LEO-ROVER-CODING/install/leo_with_interfaces/local/lib/python3.10/dist-packages/leo_with_interfaces/msg/__init__.py'...
[8.323s] Compiling '/home/mscrobotics2425laptop4/LEO-ROVER-CODING/install/leo_with_interfaces/local/lib/python3.10/dist-packages/leo_with_interfaces/msg/_position.py'...
[8.353s] -- Installing: /home/mscrobotics2425laptop4/LEO-ROVER-CODING/install/leo_with_interfaces/local/lib/python3.10/dist-packages/leo_with_interfaces/leo_with_interfaces_s__rosidl_typesupport_fastrtps_c.cpython-310-x86_64-linux-gnu.so
[8.353s] -- Set runtime path of "/home/mscrobotics2425laptop4/LEO-ROVER-CODING/install/leo_with_interfaces/local/lib/python3.10/dist-packages/leo_with_interfaces/leo_with_interfaces_s__rosidl_typesupport_fastrtps_c.cpython-310-x86_64-linux-gnu.so" to ""
[8.353s] -- Installing: /home/mscrobotics2425laptop4/LEO-ROVER-CODING/install/leo_with_interfaces/local/lib/python3.10/dist-packages/leo_with_interfaces/leo_with_interfaces_s__rosidl_typesupport_introspection_c.cpython-310-x86_64-linux-gnu.so
[8.354s] -- Set runtime path of "/home/mscrobotics2425laptop4/LEO-ROVER-CODING/install/leo_with_interfaces/local/lib/python3.10/dist-packages/leo_with_interfaces/leo_with_interfaces_s__rosidl_typesupport_introspection_c.cpython-310-x86_64-linux-gnu.so" to ""
[8.354s] -- Installing: /home/mscrobotics2425laptop4/LEO-ROVER-CODING/install/leo_with_interfaces/local/lib/python3.10/dist-packages/leo_with_interfaces/leo_with_interfaces_s__rosidl_typesupport_c.cpython-310-x86_64-linux-gnu.so
[8.354s] -- Set runtime path of "/home/mscrobotics2425laptop4/LEO-ROVER-CODING/install/leo_with_interfaces/local/lib/python3.10/dist-packages/leo_with_interfaces/leo_with_interfaces_s__rosidl_typesupport_c.cpython-310-x86_64-linux-gnu.so" to ""
[8.355s] -- Installing: /home/mscrobotics2425laptop4/LEO-ROVER-CODING/install/leo_with_interfaces/lib/libleo_with_interfaces__rosidl_generator_py.so
[8.355s] -- Set runtime path of "/home/mscrobotics2425laptop4/LEO-ROVER-CODING/install/leo_with_interfaces/lib/libleo_with_interfaces__rosidl_generator_py.so" to ""
[8.355s] -- Installing: /home/mscrobotics2425laptop4/LEO-ROVER-CODING/install/leo_with_interfaces/share/leo_with_interfaces/msg/Position.idl
[8.355s] -- Installing: /home/mscrobotics2425laptop4/LEO-ROVER-CODING/install/leo_with_interfaces/share/leo_with_interfaces/msg/Position.msg
[8.358s] -- Installing: /home/mscrobotics2425laptop4/LEO-ROVER-CODING/install/leo_with_interfaces/share/ament_index/resource_index/package_run_dependencies/leo_with_interfaces
[8.358s] -- Installing: /home/mscrobotics2425laptop4/LEO-ROVER-CODING/install/leo_with_interfaces/share/ament_index/resource_index/parent_prefix_path/leo_with_interfaces
[8.359s] -- Installing: /home/mscrobotics2425laptop4/LEO-ROVER-CODING/install/leo_with_interfaces/share/leo_with_interfaces/environment/ament_prefix_path.sh
[8.359s] -- Installing: /home/mscrobotics2425laptop4/LEO-ROVER-CODING/install/leo_with_interfaces/share/leo_with_interfaces/environment/ament_prefix_path.dsv
[8.359s] -- Installing: /home/mscrobotics2425laptop4/LEO-ROVER-CODING/install/leo_with_interfaces/share/leo_with_interfaces/environment/path.sh
[8.360s] -- Installing: /home/mscrobotics2425laptop4/LEO-ROVER-CODING/install/leo_with_interfaces/share/leo_with_interfaces/environment/path.dsv
[8.360s] -- Installing: /home/mscrobotics2425laptop4/LEO-ROVER-CODING/install/leo_with_interfaces/share/leo_with_interfaces/local_setup.bash
[8.360s] -- Installing: /home/mscrobotics2425laptop4/LEO-ROVER-CODING/install/leo_with_interfaces/share/leo_with_interfaces/local_setup.sh
[8.360s] -- Installing: /home/mscrobotics2425laptop4/LEO-ROVER-CODING/install/leo_with_interfaces/share/leo_with_interfaces/local_setup.zsh
[8.360s] -- Installing: /home/mscrobotics2425laptop4/LEO-ROVER-CODING/install/leo_with_interfaces/share/leo_with_interfaces/local_setup.dsv
[8.360s] -- Installing: /home/mscrobotics2425laptop4/LEO-ROVER-CODING/install/leo_with_interfaces/share/leo_with_interfaces/package.dsv
[8.360s] -- Installing: /home/mscrobotics2425laptop4/LEO-ROVER-CODING/install/leo_with_interfaces/share/ament_index/resource_index/packages/leo_with_interfaces
[8.360s] -- Installing: /home/mscrobotics2425laptop4/LEO-ROVER-CODING/install/leo_with_interfaces/share/leo_with_interfaces/cmake/export_leo_with_interfaces__rosidl_generator_cExport.cmake
[8.360s] -- Installing: /home/mscrobotics2425laptop4/LEO-ROVER-CODING/install/leo_with_interfaces/share/leo_with_interfaces/cmake/export_leo_with_interfaces__rosidl_generator_cExport-noconfig.cmake
[8.360s] -- Installing: /home/mscrobotics2425laptop4/LEO-ROVER-CODING/install/leo_with_interfaces/share/leo_with_interfaces/cmake/export_leo_with_interfaces__rosidl_typesupport_fastrtps_cExport.cmake
[8.362s] -- Installing: /home/mscrobotics2425laptop4/LEO-ROVER-CODING/install/leo_with_interfaces/share/leo_with_interfaces/cmake/export_leo_with_interfaces__rosidl_typesupport_fastrtps_cExport-noconfig.cmake
[8.362s] -- Installing: /home/mscrobotics2425laptop4/LEO-ROVER-CODING/install/leo_with_interfaces/share/leo_with_interfaces/cmake/export_leo_with_interfaces__rosidl_generator_cppExport.cmake
[8.362s] -- Installing: /home/mscrobotics2425laptop4/LEO-ROVER-CODING/install/leo_with_interfaces/share/leo_with_interfaces/cmake/export_leo_with_interfaces__rosidl_typesupport_fastrtps_cppExport.cmake
[8.368s] -- Installing: /home/mscrobotics2425laptop4/LEO-ROVER-CODING/install/leo_with_interfaces/share/leo_with_interfaces/cmake/export_leo_with_interfaces__rosidl_typesupport_fastrtps_cppExport-noconfig.cmake
[8.371s] -- Installing: /home/mscrobotics2425laptop4/LEO-ROVER-CODING/install/leo_with_interfaces/share/leo_with_interfaces/cmake/leo_with_interfaces__rosidl_typesupport_introspection_cExport.cmake
[8.372s] -- Installing: /home/mscrobotics2425laptop4/LEO-ROVER-CODING/install/leo_with_interfaces/share/leo_with_interfaces/cmake/leo_with_interfaces__rosidl_typesupport_introspection_cExport-noconfig.cmake
[8.372s] -- Installing: /home/mscrobotics2425laptop4/LEO-ROVER-CODING/install/leo_with_interfaces/share/leo_with_interfaces/cmake/leo_with_interfaces__rosidl_typesupport_cExport.cmake
[8.372s] -- Installing: /home/mscrobotics2425laptop4/LEO-ROVER-CODING/install/leo_with_interfaces/share/leo_with_interfaces/cmake/leo_with_interfaces__rosidl_typesupport_cExport-noconfig.cmake
[8.372s] -- Installing: /home/mscrobotics2425laptop4/LEO-ROVER-CODING/install/leo_with_interfaces/share/leo_with_interfaces/cmake/leo_with_interfaces__rosidl_typesupport_introspection_cppExport.cmake
[8.372s] -- Installing: /home/mscrobotics2425laptop4/LEO-ROVER-CODING/install/leo_with_interfaces/share/leo_with_interfaces/cmake/leo_with_interfaces__rosidl_typesupport_introspection_cppExport-noconfig.cmake
[8.372s] -- Installing: /home/mscrobotics2425laptop4/LEO-ROVER-CODING/install/leo_with_interfaces/share/leo_with_interfaces/cmake/leo_with_interfaces__rosidl_typesupport_cppExport.cmake
[8.374s] -- Installing: /home/mscrobotics2425laptop4/LEO-ROVER-CODING/install/leo_with_interfaces/share/leo_with_interfaces/cmake/leo_with_interfaces__rosidl_typesupport_cppExport-noconfig.cmake
[8.374s] -- Installing: /home/mscrobotics2425laptop4/LEO-ROVER-CODING/install/leo_with_interfaces/share/leo_with_interfaces/cmake/export_leo_with_interfaces__rosidl_generator_pyExport.cmake
[8.374s] -- Installing: /home/mscrobotics2425laptop4/LEO-ROVER-CODING/install/leo_with_interfaces/share/leo_with_interfaces/cmake/export_leo_with_interfaces__rosidl_generator_pyExport-noconfig.cmake
[8.374s] -- Installing: /home/mscrobotics2425laptop4/LEO-ROVER-CODING/install/leo_with_interfaces/share/leo_with_interfaces/cmake/rosidl_cmake-extras.cmake
[8.374s] -- Installing: /home/mscrobotics2425laptop4/LEO-ROVER-CODING/install/leo_with_interfaces/share/leo_with_interfaces/cmake/ament_cmake_export_dependencies-extras.cmake
[8.374s] -- Installing: /home/mscrobotics2425laptop4/LEO-ROVER-CODING/install/leo_with_interfaces/share/leo_with_interfaces/cmake/ament_cmake_export_include_directories-extras.cmake
[8.374s] -- Installing: /home/mscrobotics2425laptop4/LEO-ROVER-CODING/install/leo_with_interfaces/share/leo_with_interfaces/cmake/ament_cmake_export_libraries-extras.cmake
[8.374s] -- Installing: /home/mscrobotics2425laptop4/LEO-ROVER-CODING/install/leo_with_interfaces/share/leo_with_interfaces/cmake/ament_cmake_export_targets-extras.cmake
[8.374s] -- Installing: /home/mscrobotics2425laptop4/LEO-ROVER-CODING/install/leo_with_interfaces/share/leo_with_interfaces/cmake/rosidl_cmake_export_typesupport_targets-extras.cmake
[8.375s] -- Installing: /home/mscrobotics2425laptop4/LEO-ROVER-CODING/install/leo_with_interfaces/share/leo_with_interfaces/cmake/rosidl_cmake_export_typesupport_libraries-extras.cmake
[8.375s] -- Installing: /home/mscrobotics2425laptop4/LEO-ROVER-CODING/install/leo_with_interfaces/share/leo_with_interfaces/cmake/leo_with_interfacesConfig.cmake
[8.375s] -- Installing: /home/mscrobotics2425laptop4/LEO-ROVER-CODING/install/leo_with_interfaces/share/leo_with_interfaces/cmake/leo_with_interfacesConfig-version.cmake
[8.375s] -- Installing: /home/mscrobotics2425laptop4/LEO-ROVER-CODING/install/leo_with_interfaces/share/leo_with_interfaces/package.xml
[8.381s] Invoked command in '/home/mscrobotics2425laptop4/LEO-ROVER-CODING/build/leo_with_interfaces' returned '0': CMAKE_PREFIX_PATH=${CMAKE_PREFIX_PATH}:/home/mscrobotics2425laptop4/interbotix_ws/install/ros_cv_messages:/home/mscrobotics2425laptop4/interbotix_ws/install/leo_realsense:/home/mscrobotics2425laptop4/interbotix_ws/install/leo_manipulator:/home/mscrobotics2425laptop4/interbotix_ws/install/leo_main:/home/mscrobotics2425laptop4/interbotix_ws/install/leo_launch:/home/mscrobotics2425laptop4/interbotix_ws/install/interbotix_xs_modules:/home/mscrobotics2425laptop4/interbotix_ws/install/interbotix_perception_modules:/home/mscrobotics2425laptop4/interbotix_ws/install/interbotix_common_modules:/home/mscrobotics2425laptop4/LEO-ROVER-CODING/interbotix_ws/install/ros_cv_messages:/home/mscrobotics2425laptop4/LEO-ROVER-CODING/interbotix_ws/install/leo_realsense:/home/mscrobotics2425laptop4/LEO-ROVER-CODING/interbotix_ws/install/leo_manipulator:/home/mscrobotics2425laptop4/LEO-ROVER-CODING/interbotix_ws/install/leo_main:/home/mscrobotics2425laptop4/LEO-ROVER-CODING/interbotix_ws/install/leo_launch:/home/mscrobotics2425laptop4/LEO-ROVER-CODING/interbotix_ws/install/interbotix_xs_modules:/home/mscrobotics2425laptop4/LEO-ROVER-CODING/interbotix_ws/install/interbotix_perception_modules:/home/mscrobotics2425laptop4/LEO-ROVER-CODING/interbotix_ws/install/interbotix_common_modules:/home/mscrobotics2425laptop4/ros2_tutorial_workspace/install/the_simplest_python_package:/home/mscrobotics2425laptop4/ros2_tutorial_workspace/install/test_package:/home/mscrobotics2425laptop4/ros2_tutorial_workspace/install/python_package_with_a_node:/home/mscrobotics2425laptop4/ros2_tutorial_workspace/install/python_package_that_uses_the_library:/home/mscrobotics2425laptop4/ros2_tutorial_workspace/install/python_package_with_a_library:/home/mscrobotics2425laptop4/ros2_tutorial_workspace/install/python_package_that_uses_the_services:/home/mscrobotics2425laptop4/ros2_tutorial_workspace/install/python_package_that_uses_the_messages:/home/mscrobotics2425laptop4/ros2_tutorial_workspace/install/python_package_that_uses_parameters_and_launch_files:/home/mscrobotics2425laptop4/ros2_tutorial_workspace/install/navigation_leo:/home/mscrobotics2425laptop4/ros2_tutorial_workspace/install/navigation_demos_custom_map:/home/mscrobotics2425laptop4/ros2_tutorial_workspace/install/navigation_demos:/home/mscrobotics2425laptop4/ros2_tutorial_workspace/install/m_explore_toggle:/home/mscrobotics2425laptop4/ros2_tutorial_workspace/install/lidar_emulator:/home/mscrobotics2425laptop4/ros2_tutorial_workspace/install/leo_team9:/home/mscrobotics2425laptop4/ros2_tutorial_workspace/install/gz_example_robot_description:/home/mscrobotics2425laptop4/ros2_tutorial_workspace/install/example_urdf_robot:/home/mscrobotics2425laptop4/ros2_tutorial_workspace/install/example_urdf_description:/home/mscrobotics2425laptop4/ros2_tutorial_workspace/install/example_gz_robot:/home/mscrobotics2425laptop4/ros2_tutorial_workspace/install/custom_server_package:/home/mscrobotics2425laptop4/ros2_tutorial_workspace/install/custom_client_package:/home/mscrobotics2425laptop4/ros2_tutorial_workspace/install/challenge_package:/home/mscrobotics2425laptop4/ros2_tutorial_workspace/install/bt_demos:/opt/ros/humble /usr/bin/cmake --install /home/mscrobotics2425laptop4/LEO-ROVER-CODING/build/leo_with_interfaces
