[1.202s] Invoking command in '/home/mscrobotics2425laptop4/interbotix_ws/build/interbotix_common_sim': CMAKE_PREFIX_PATH=${CMAKE_PREFIX_PATH}:/home/mscrobotics2425laptop4/interbotix_ws/install/ros_cv_messages:/home/mscrobotics2425laptop4/interbotix_ws/install/leo_realsense:/home/mscrobotics2425laptop4/interbotix_ws/install/leo_manipulator:/home/mscrobotics2425laptop4/interbotix_ws/install/leo_main:/home/mscrobotics2425laptop4/interbotix_ws/install/leo_launch:/home/mscrobotics2425laptop4/interbotix_ws/install/interbotix_xs_modules:/home/mscrobotics2425laptop4/interbotix_ws/install/interbotix_perception_modules:/home/mscrobotics2425laptop4/interbotix_ws/install/interbotix_common_modules:/opt/ros/humble /usr/bin/cmake --build /home/mscrobotics2425laptop4/interbotix_ws/build/interbotix_common_sim -- -j12 -l12
[3.002s] Invoked command in '/home/mscrobotics2425laptop4/interbotix_ws/build/interbotix_common_sim' returned '0': CMAKE_PREFIX_PATH=${CMAKE_PREFIX_PATH}:/home/mscrobotics2425laptop4/interbotix_ws/install/ros_cv_messages:/home/mscrobotics2425laptop4/interbotix_ws/install/leo_realsense:/home/mscrobotics2425laptop4/interbotix_ws/install/leo_manipulator:/home/mscrobotics2425laptop4/interbotix_ws/install/leo_main:/home/mscrobotics2425laptop4/interbotix_ws/install/leo_launch:/home/mscrobotics2425laptop4/interbotix_ws/install/interbotix_xs_modules:/home/mscrobotics2425laptop4/interbotix_ws/install/interbotix_perception_modules:/home/mscrobotics2425laptop4/interbotix_ws/install/interbotix_common_modules:/opt/ros/humble /usr/bin/cmake --build /home/mscrobotics2425laptop4/interbotix_ws/build/interbotix_common_sim -- -j12 -l12
[3.007s] Invoking command in '/home/mscrobotics2425laptop4/interbotix_ws/build/interbotix_common_sim': CMAKE_PREFIX_PATH=${CMAKE_PREFIX_PATH}:/home/mscrobotics2425laptop4/interbotix_ws/install/ros_cv_messages:/home/mscrobotics2425laptop4/interbotix_ws/install/leo_realsense:/home/mscrobotics2425laptop4/interbotix_ws/install/leo_manipulator:/home/mscrobotics2425laptop4/interbotix_ws/install/leo_main:/home/mscrobotics2425laptop4/interbotix_ws/install/leo_launch:/home/mscrobotics2425laptop4/interbotix_ws/install/interbotix_xs_modules:/home/mscrobotics2425laptop4/interbotix_ws/install/interbotix_perception_modules:/home/mscrobotics2425laptop4/interbotix_ws/install/interbotix_common_modules:/opt/ros/humble /usr/bin/cmake --install /home/mscrobotics2425laptop4/interbotix_ws/build/interbotix_common_sim
[3.136s] -- Install configuration: ""
[3.142s] -- Up-to-date: /home/mscrobotics2425laptop4/interbotix_ws/install/interbotix_common_sim/share/interbotix_common_sim/models
[3.143s] -- Up-to-date: /home/mscrobotics2425laptop4/interbotix_ws/install/interbotix_common_sim/share/interbotix_common_sim/models/RealSenseD415
[3.143s] -- Up-to-date: /home/mscrobotics2425laptop4/interbotix_ws/install/interbotix_common_sim/share/interbotix_common_sim/models/RealSenseD415/camera.stl
[3.146s] -- Up-to-date: /home/mscrobotics2425laptop4/interbotix_ws/install/interbotix_common_sim/share/interbotix_common_sim/models/RealSenseD415/model.config
[3.146s] -- Up-to-date: /home/mscrobotics2425laptop4/interbotix_ws/install/interbotix_common_sim/share/interbotix_common_sim/models/RealSenseD415/RealSenseD415.sdf
[3.147s] -- Up-to-date: /home/mscrobotics2425laptop4/interbotix_ws/install/interbotix_common_sim/share/interbotix_common_sim/models/VisionKit
[3.147s] -- Up-to-date: /home/mscrobotics2425laptop4/interbotix_ws/install/interbotix_common_sim/share/interbotix_common_sim/models/VisionKit/VisionKit.sdf
[3.147s] -- Up-to-date: /home/mscrobotics2425laptop4/interbotix_ws/install/interbotix_common_sim/share/interbotix_common_sim/models/VisionKit/model.config
[3.147s] -- Up-to-date: /home/mscrobotics2425laptop4/interbotix_ws/install/interbotix_common_sim/share/interbotix_common_sim/models/VisionKit/stand.stl
[3.148s] -- Up-to-date: /home/mscrobotics2425laptop4/interbotix_ws/install/interbotix_common_sim/share/interbotix_common_sim/models/TrossenRoboticsOfficeBuilding
[3.148s] -- Up-to-date: /home/mscrobotics2425laptop4/interbotix_ws/install/interbotix_common_sim/share/interbotix_common_sim/models/TrossenRoboticsOfficeBuilding/TrossenRoboticsOfficeBuilding.sdf
[3.148s] -- Up-to-date: /home/mscrobotics2425laptop4/interbotix_ws/install/interbotix_common_sim/share/interbotix_common_sim/models/TrossenRoboticsOfficeBuilding/model.config
[3.153s] -- Up-to-date: /home/mscrobotics2425laptop4/interbotix_ws/install/interbotix_common_sim/share/interbotix_common_sim/worlds
[3.154s] -- Up-to-date: /home/mscrobotics2425laptop4/interbotix_ws/install/interbotix_common_sim/share/interbotix_common_sim/worlds/interbotix.world
[3.156s] -- Up-to-date: /home/mscrobotics2425laptop4/interbotix_ws/install/interbotix_common_sim/share/interbotix_common_sim/worlds/vision_kit.world
[3.157s] -- Up-to-date: /home/mscrobotics2425laptop4/interbotix_ws/install/interbotix_common_sim/share/interbotix_common_sim/media
[3.157s] -- Up-to-date: /home/mscrobotics2425laptop4/interbotix_ws/install/interbotix_common_sim/share/interbotix_common_sim/media/materials
[3.157s] -- Up-to-date: /home/mscrobotics2425laptop4/interbotix_ws/install/interbotix_common_sim/share/interbotix_common_sim/media/materials/textures
[3.157s] -- Up-to-date: /home/mscrobotics2425laptop4/interbotix_ws/install/interbotix_common_sim/share/interbotix_common_sim/media/materials/textures/interbotix_black.png
[3.158s] -- Up-to-date: /home/mscrobotics2425laptop4/interbotix_ws/install/interbotix_common_sim/share/interbotix_common_sim/media/materials/scripts
[3.158s] -- Up-to-date: /home/mscrobotics2425laptop4/interbotix_ws/install/interbotix_common_sim/share/interbotix_common_sim/media/materials/scripts/interbotix_texture.gazebo
[3.160s] -- Up-to-date: /home/mscrobotics2425laptop4/interbotix_ws/install/interbotix_common_sim/share/interbotix_common_sim/media/materials/scripts/interbotix_black.material
[3.161s] -- Up-to-date: /home/mscrobotics2425laptop4/interbotix_ws/install/interbotix_common_sim/share/interbotix_common_sim/media/interbotix_black.png
[3.162s] -- Up-to-date: /home/mscrobotics2425laptop4/interbotix_ws/install/interbotix_common_sim/share/ament_index/resource_index/package_run_dependencies/interbotix_common_sim
[3.163s] -- Up-to-date: /home/mscrobotics2425laptop4/interbotix_ws/install/interbotix_common_sim/share/ament_index/resource_index/parent_prefix_path/interbotix_common_sim
[3.163s] -- Up-to-date: /home/mscrobotics2425laptop4/interbotix_ws/install/interbotix_common_sim/share/interbotix_common_sim/environment/ament_prefix_path.sh
[3.164s] -- Up-to-date: /home/mscrobotics2425laptop4/interbotix_ws/install/interbotix_common_sim/share/interbotix_common_sim/environment/ament_prefix_path.dsv
[3.189s] -- Up-to-date: /home/mscrobotics2425laptop4/interbotix_ws/install/interbotix_common_sim/share/interbotix_common_sim/environment/path.sh
[3.189s] -- Up-to-date: /home/mscrobotics2425laptop4/interbotix_ws/install/interbotix_common_sim/share/interbotix_common_sim/environment/path.dsv
[3.190s] -- Up-to-date: /home/mscrobotics2425laptop4/interbotix_ws/install/interbotix_common_sim/share/interbotix_common_sim/local_setup.bash
[3.190s] -- Up-to-date: /home/mscrobotics2425laptop4/interbotix_ws/install/interbotix_common_sim/share/interbotix_common_sim/local_setup.sh
[3.190s] -- Up-to-date: /home/mscrobotics2425laptop4/interbotix_ws/install/interbotix_common_sim/share/interbotix_common_sim/local_setup.zsh
[3.190s] -- Up-to-date: /home/mscrobotics2425laptop4/interbotix_ws/install/interbotix_common_sim/share/interbotix_common_sim/local_setup.dsv
[3.190s] -- Installing: /home/mscrobotics2425laptop4/interbotix_ws/install/interbotix_common_sim/share/interbotix_common_sim/package.dsv
[3.191s] -- Up-to-date: /home/mscrobotics2425laptop4/interbotix_ws/install/interbotix_common_sim/share/ament_index/resource_index/packages/interbotix_common_sim
[3.200s] -- Up-to-date: /home/mscrobotics2425laptop4/interbotix_ws/install/interbotix_common_sim/share/interbotix_common_sim/cmake/interbotix_common_simConfig.cmake
[3.202s] -- Up-to-date: /home/mscrobotics2425laptop4/interbotix_ws/install/interbotix_common_sim/share/interbotix_common_sim/cmake/interbotix_common_simConfig-version.cmake
[3.203s] -- Up-to-date: /home/mscrobotics2425laptop4/interbotix_ws/install/interbotix_common_sim/share/interbotix_common_sim/package.xml
[3.426s] Invoked command in '/home/mscrobotics2425laptop4/interbotix_ws/build/interbotix_common_sim' returned '0': CMAKE_PREFIX_PATH=${CMAKE_PREFIX_PATH}:/home/mscrobotics2425laptop4/interbotix_ws/install/ros_cv_messages:/home/mscrobotics2425laptop4/interbotix_ws/install/leo_realsense:/home/mscrobotics2425laptop4/interbotix_ws/install/leo_manipulator:/home/mscrobotics2425laptop4/interbotix_ws/install/leo_main:/home/mscrobotics2425laptop4/interbotix_ws/install/leo_launch:/home/mscrobotics2425laptop4/interbotix_ws/install/interbotix_xs_modules:/home/mscrobotics2425laptop4/interbotix_ws/install/interbotix_perception_modules:/home/mscrobotics2425laptop4/interbotix_ws/install/interbotix_common_modules:/opt/ros/humble /usr/bin/cmake --install /home/mscrobotics2425laptop4/interbotix_ws/build/interbotix_common_sim
