[0.577s] Invoking command in '/home/mscrobotics2425laptop4/LEO-ROVER-CODING/interbotix_ws/src/interbotix_ros_toolboxes/interbotix_perception_toolbox/interbotix_perception_modules': AMENT_PREFIX_PATH=/home/mscrobotics2425laptop4/LEO-ROVER-CODING/install/interbotix_perception_pipelines:/home/mscrobotics2425laptop4/LEO-ROVER-CODING/install/interbotix_xs_msgs:/home/mscrobotics2425laptop4/LEO-ROVER-CODING/install/interbotix_perception_msgs:/home/mscrobotics2425laptop4/LEO-ROVER-CODING/install/interbotix_common_modules:${AMENT_PREFIX_PATH} CMAKE_PREFIX_PATH=/home/mscrobotics2425laptop4/LEO-ROVER-CODING/install/interbotix_perception_pipelines:/home/mscrobotics2425laptop4/LEO-ROVER-CODING/install/interbotix_xs_msgs:/home/mscrobotics2425laptop4/LEO-ROVER-CODING/install/interbotix_perception_msgs:${CMAKE_PREFIX_PATH} LD_LIBRARY_PATH=/home/mscrobotics2425laptop4/LEO-ROVER-CODING/install/interbotix_xs_msgs/lib:/home/mscrobotics2425laptop4/LEO-ROVER-CODING/install/interbotix_perception_msgs/lib:${LD_LIBRARY_PATH} PYTHONPATH=/home/mscrobotics2425laptop4/LEO-ROVER-CODING/build/interbotix_perception_modules/prefix_override:/usr/lib/python3/dist-packages/colcon_core/task/python/colcon_distutils_commands:/home/mscrobotics2425laptop4/LEO-ROVER-CODING/install/interbotix_perception_modules/lib/python3.10/site-packages:/home/mscrobotics2425laptop4/LEO-ROVER-CODING/install/interbotix_xs_msgs/local/lib/python3.10/dist-packages:/home/mscrobotics2425laptop4/LEO-ROVER-CODING/install/interbotix_perception_msgs/local/lib/python3.10/dist-packages:/home/mscrobotics2425laptop4/LEO-ROVER-CODING/install/interbotix_common_modules/lib/python3.10/site-packages:${PYTHONPATH} /usr/bin/python3 -W ignore:setup.py install is deprecated -W ignore:easy_install command is deprecated setup.py egg_info --egg-base ../../../../../build/interbotix_perception_modules build --build-base /home/mscrobotics2425laptop4/LEO-ROVER-CODING/build/interbotix_perception_modules/build install --record /home/mscrobotics2425laptop4/LEO-ROVER-CODING/build/interbotix_perception_modules/install.log --single-version-externally-managed install_data
[0.753s] running egg_info
[0.753s] writing ../../../../../build/interbotix_perception_modules/interbotix_perception_modules.egg-info/PKG-INFO
[0.754s] writing dependency_links to ../../../../../build/interbotix_perception_modules/interbotix_perception_modules.egg-info/dependency_links.txt
[0.754s] writing entry points to ../../../../../build/interbotix_perception_modules/interbotix_perception_modules.egg-info/entry_points.txt
[0.755s] writing requirements to ../../../../../build/interbotix_perception_modules/interbotix_perception_modules.egg-info/requires.txt
[0.755s] writing top-level names to ../../../../../build/interbotix_perception_modules/interbotix_perception_modules.egg-info/top_level.txt
[0.755s] reading manifest file '../../../../../build/interbotix_perception_modules/interbotix_perception_modules.egg-info/SOURCES.txt'
[0.757s] writing manifest file '../../../../../build/interbotix_perception_modules/interbotix_perception_modules.egg-info/SOURCES.txt'
[0.757s] running build
[0.757s] running build_py
[0.759s] running install
[0.760s] running install_lib
[0.762s] running install_data
[0.762s] running install_egg_info
[0.763s] removing '/home/mscrobotics2425laptop4/LEO-ROVER-CODING/install/interbotix_perception_modules/lib/python3.10/site-packages/interbotix_perception_modules-0.0.0-py3.10.egg-info' (and everything under it)
[0.764s] Copying ../../../../../build/interbotix_perception_modules/interbotix_perception_modules.egg-info to /home/mscrobotics2425laptop4/LEO-ROVER-CODING/install/interbotix_perception_modules/lib/python3.10/site-packages/interbotix_perception_modules-0.0.0-py3.10.egg-info
[0.766s] running install_scripts
[0.792s] Installing armtag_tuner_gui script to /home/mscrobotics2425laptop4/LEO-ROVER-CODING/install/interbotix_perception_modules/lib/interbotix_perception_modules
[0.792s] Installing picture_snapper script to /home/mscrobotics2425laptop4/LEO-ROVER-CODING/install/interbotix_perception_modules/lib/interbotix_perception_modules
[0.792s] Installing pointcloud_tuner_gui script to /home/mscrobotics2425laptop4/LEO-ROVER-CODING/install/interbotix_perception_modules/lib/interbotix_perception_modules
[0.793s] writing list of installed files to '/home/mscrobotics2425laptop4/LEO-ROVER-CODING/build/interbotix_perception_modules/install.log'
[1.330s] Invoked command in '/home/mscrobotics2425laptop4/LEO-ROVER-CODING/interbotix_ws/src/interbotix_ros_toolboxes/interbotix_perception_toolbox/interbotix_perception_modules' returned '0': AMENT_PREFIX_PATH=/home/mscrobotics2425laptop4/LEO-ROVER-CODING/install/interbotix_perception_pipelines:/home/mscrobotics2425laptop4/LEO-ROVER-CODING/install/interbotix_xs_msgs:/home/mscrobotics2425laptop4/LEO-ROVER-CODING/install/interbotix_perception_msgs:/home/mscrobotics2425laptop4/LEO-ROVER-CODING/install/interbotix_common_modules:${AMENT_PREFIX_PATH} CMAKE_PREFIX_PATH=/home/mscrobotics2425laptop4/LEO-ROVER-CODING/install/interbotix_perception_pipelines:/home/mscrobotics2425laptop4/LEO-ROVER-CODING/install/interbotix_xs_msgs:/home/mscrobotics2425laptop4/LEO-ROVER-CODING/install/interbotix_perception_msgs:${CMAKE_PREFIX_PATH} LD_LIBRARY_PATH=/home/mscrobotics2425laptop4/LEO-ROVER-CODING/install/interbotix_xs_msgs/lib:/home/mscrobotics2425laptop4/LEO-ROVER-CODING/install/interbotix_perception_msgs/lib:${LD_LIBRARY_PATH} PYTHONPATH=/home/mscrobotics2425laptop4/LEO-ROVER-CODING/build/interbotix_perception_modules/prefix_override:/usr/lib/python3/dist-packages/colcon_core/task/python/colcon_distutils_commands:/home/mscrobotics2425laptop4/LEO-ROVER-CODING/install/interbotix_perception_modules/lib/python3.10/site-packages:/home/mscrobotics2425laptop4/LEO-ROVER-CODING/install/interbotix_xs_msgs/local/lib/python3.10/dist-packages:/home/mscrobotics2425laptop4/LEO-ROVER-CODING/install/interbotix_perception_msgs/local/lib/python3.10/dist-packages:/home/mscrobotics2425laptop4/LEO-ROVER-CODING/install/interbotix_common_modules/lib/python3.10/site-packages:${PYTHONPATH} /usr/bin/python3 -W ignore:setup.py install is deprecated -W ignore:easy_install command is deprecated setup.py egg_info --egg-base ../../../../../build/interbotix_perception_modules build --build-base /home/mscrobotics2425laptop4/LEO-ROVER-CODING/build/interbotix_perception_modules/build install --record /home/mscrobotics2425laptop4/LEO-ROVER-CODING/build/interbotix_perception_modules/install.log --single-version-externally-managed install_data
