[1.315s] Invoking command in '/home/mscrobotics2425laptop4/interbotix_ws/src/leo_launch': PYTHONPATH=/home/mscrobotics2425laptop4/interbotix_ws/build/leo_launch/prefix_override:/usr/lib/python3/dist-packages/colcon_core/task/python/colcon_distutils_commands:/home/mscrobotics2425laptop4/interbotix_ws/install/leo_launch/lib/python3.10/site-packages:${PYTHONPATH} /usr/bin/python3 -W ignore:setup.py install is deprecated -W ignore:easy_install command is deprecated setup.py egg_info --egg-base ../../build/leo_launch build --build-base /home/mscrobotics2425laptop4/interbotix_ws/build/leo_launch/build install --record /home/mscrobotics2425laptop4/interbotix_ws/build/leo_launch/install.log --single-version-externally-managed install_data
[1.642s] running egg_info
[1.642s] writing ../../build/leo_launch/leo_launch.egg-info/PKG-INFO
[1.642s] writing dependency_links to ../../build/leo_launch/leo_launch.egg-info/dependency_links.txt
[1.642s] writing entry points to ../../build/leo_launch/leo_launch.egg-info/entry_points.txt
[1.642s] writing requirements to ../../build/leo_launch/leo_launch.egg-info/requires.txt
[1.642s] writing top-level names to ../../build/leo_launch/leo_launch.egg-info/top_level.txt
[1.649s] reading manifest file '../../build/leo_launch/leo_launch.egg-info/SOURCES.txt'
[1.650s] writing manifest file '../../build/leo_launch/leo_launch.egg-info/SOURCES.txt'
[1.650s] running build
[1.650s] running build_py
[1.650s] copying leo_launch/__init__.py -> /home/mscrobotics2425laptop4/interbotix_ws/build/leo_launch/build/lib/leo_launch
[1.650s] running install
[1.650s] running install_lib
[1.650s] copying /home/mscrobotics2425laptop4/interbotix_ws/build/leo_launch/build/lib/leo_launch/__init__.py -> /home/mscrobotics2425laptop4/interbotix_ws/install/leo_launch/lib/python3.10/site-packages/leo_launch
[1.651s] byte-compiling /home/mscrobotics2425laptop4/interbotix_ws/install/leo_launch/lib/python3.10/site-packages/leo_launch/__init__.py to __init__.cpython-310.pyc
[1.652s] running install_data
[1.654s] copying resource/leo_launch -> /home/mscrobotics2425laptop4/interbotix_ws/install/leo_launch/share/ament_index/resource_index/packages
[1.654s] copying package.xml -> /home/mscrobotics2425laptop4/interbotix_ws/install/leo_launch/share/leo_launch
[1.654s] running install_egg_info
[1.659s] removing '/home/mscrobotics2425laptop4/interbotix_ws/install/leo_launch/lib/python3.10/site-packages/leo_launch-0.0.0-py3.10.egg-info' (and everything under it)
[1.659s] Copying ../../build/leo_launch/leo_launch.egg-info to /home/mscrobotics2425laptop4/interbotix_ws/install/leo_launch/lib/python3.10/site-packages/leo_launch-0.0.0-py3.10.egg-info
[1.659s] running install_scripts
[1.691s] writing list of installed files to '/home/mscrobotics2425laptop4/interbotix_ws/build/leo_launch/install.log'
[1.757s] Invoked command in '/home/mscrobotics2425laptop4/interbotix_ws/src/leo_launch' returned '0': PYTHONPATH=/home/mscrobotics2425laptop4/interbotix_ws/build/leo_launch/prefix_override:/usr/lib/python3/dist-packages/colcon_core/task/python/colcon_distutils_commands:/home/mscrobotics2425laptop4/interbotix_ws/install/leo_launch/lib/python3.10/site-packages:${PYTHONPATH} /usr/bin/python3 -W ignore:setup.py install is deprecated -W ignore:easy_install command is deprecated setup.py egg_info --egg-base ../../build/leo_launch build --build-base /home/mscrobotics2425laptop4/interbotix_ws/build/leo_launch/build install --record /home/mscrobotics2425laptop4/interbotix_ws/build/leo_launch/install.log --single-version-externally-managed install_data
