[0.313s] Invoking command in '/home/mscrobotics2425laptop4/interbotix_ws/build/interbotix_moveit_interface_msgs': CMAKE_PREFIX_PATH=${CMAKE_PREFIX_PATH}:/home/mscrobotics2425laptop4/interbotix_ws/install/ros_cv_messages:/home/mscrobotics2425laptop4/interbotix_ws/install/leo_realsense:/home/mscrobotics2425laptop4/interbotix_ws/install/leo_manipulator:/home/mscrobotics2425laptop4/interbotix_ws/install/leo_main:/home/mscrobotics2425laptop4/interbotix_ws/install/leo_launch:/home/mscrobotics2425laptop4/interbotix_ws/install/interbotix_xs_modules:/home/mscrobotics2425laptop4/interbotix_ws/install/interbotix_perception_modules:/home/mscrobotics2425laptop4/interbotix_ws/install/interbotix_common_modules:/opt/ros/humble /usr/bin/cmake --build /home/mscrobotics2425laptop4/interbotix_ws/build/interbotix_moveit_interface_msgs -- -j12 -l12
[0.432s] [  9%] Built target interbotix_moveit_interface_msgs__rosidl_generator_c
[0.446s] [ 12%] Built target interbotix_moveit_interface_msgs__cpp
[0.452s] [ 12%] Built target ament_cmake_python_copy_interbotix_moveit_interface_msgs
[0.508s] [ 22%] Built target interbotix_moveit_interface_msgs__rosidl_typesupport_introspection_cpp
[0.512s] [ 41%] Built target interbotix_moveit_interface_msgs__rosidl_typesupport_c
[0.515s] [ 41%] Built target interbotix_moveit_interface_msgs__rosidl_typesupport_fastrtps_cpp
[0.518s] [ 54%] Built target interbotix_moveit_interface_msgs__rosidl_typesupport_introspection_c
[0.518s] [ 61%] Built target interbotix_moveit_interface_msgs__rosidl_typesupport_fastrtps_c
[0.529s] [ 70%] Built target interbotix_moveit_interface_msgs__rosidl_typesupport_cpp
[0.556s] [ 70%] Built target interbotix_moveit_interface_msgs
[0.585s] [ 74%] Built target interbotix_moveit_interface_msgs__py
[0.623s] [ 80%] Built target interbotix_moveit_interface_msgs__rosidl_generator_py
[0.651s] [ 87%] Built target interbotix_moveit_interface_msgs__rosidl_typesupport_introspection_c__pyext
[0.652s] [ 93%] Built target interbotix_moveit_interface_msgs__rosidl_typesupport_fastrtps_c__pyext
[0.655s] [100%] Built target interbotix_moveit_interface_msgs__rosidl_typesupport_c__pyext
[0.771s] running egg_info
[0.773s] writing interbotix_moveit_interface_msgs.egg-info/PKG-INFO
[0.773s] writing dependency_links to interbotix_moveit_interface_msgs.egg-info/dependency_links.txt
[0.773s] writing top-level names to interbotix_moveit_interface_msgs.egg-info/top_level.txt
[0.776s] reading manifest file 'interbotix_moveit_interface_msgs.egg-info/SOURCES.txt'
[0.777s] writing manifest file 'interbotix_moveit_interface_msgs.egg-info/SOURCES.txt'
[0.814s] [100%] Built target ament_cmake_python_build_interbotix_moveit_interface_msgs_egg
