[0.088s] Invoking command in '/home/mscrobotics2425laptop4/interbotix_ws/build/interbotix_xsarm_joy': AMENT_PREFIX_PATH=/home/mscrobotics2425laptop4/interbotix_ws/install/interbotix_xsarm_control:/home/mscrobotics2425laptop4/interbotix_ws/install/interbotix_xsarm_descriptions:/home/mscrobotics2425laptop4/interbotix_ws/install/interbotix_xs_modules:/home/mscrobotics2425laptop4/interbotix_ws/install/interbotix_xs_sdk:/home/mscrobotics2425laptop4/interbotix_ws/install/interbotix_xs_driver:/home/mscrobotics2425laptop4/interbotix_ws/install/interbotix_xs_msgs:/home/mscrobotics2425laptop4/interbotix_ws/install/interbotix_common_modules:/home/mscrobotics2425laptop4/interbotix_ws/install/dynamixel_workbench_toolbox:${AMENT_PREFIX_PATH} CMAKE_PREFIX_PATH=/home/mscrobotics2425laptop4/interbotix_ws/install/interbotix_xsarm_control:/home/mscrobotics2425laptop4/interbotix_ws/install/interbotix_xsarm_descriptions:/home/mscrobotics2425laptop4/interbotix_ws/install/interbotix_xs_sdk:/home/mscrobotics2425laptop4/interbotix_ws/install/interbotix_xs_driver:/home/mscrobotics2425laptop4/interbotix_ws/install/interbotix_xs_msgs:/home/mscrobotics2425laptop4/interbotix_ws/install/dynamixel_workbench_toolbox:/home/mscrobotics2425laptop4/apriltag_ws/install/apriltag_ros:/opt/ros/humble LD_LIBRARY_PATH=/home/mscrobotics2425laptop4/interbotix_ws/install/interbotix_xs_driver/lib:/home/mscrobotics2425laptop4/interbotix_ws/install/interbotix_xs_msgs/lib:/home/mscrobotics2425laptop4/interbotix_ws/install/dynamixel_workbench_toolbox/lib:${LD_LIBRARY_PATH} PYTHONPATH=/home/mscrobotics2425laptop4/interbotix_ws/install/interbotix_xs_modules/lib/python3.10/site-packages:/home/mscrobotics2425laptop4/interbotix_ws/install/interbotix_xs_msgs/local/lib/python3.10/dist-packages:/home/mscrobotics2425laptop4/interbotix_ws/install/interbotix_common_modules/lib/python3.10/site-packages:${PYTHONPATH} /usr/bin/cmake /home/mscrobotics2425laptop4/interbotix_ws/src/interbotix_ros_manipulators/interbotix_ros_xsarms/examples/interbotix_xsarm_joy -DCMAKE_INSTALL_PREFIX=/home/mscrobotics2425laptop4/interbotix_ws/install/interbotix_xsarm_joy
[0.232s] -- The C compiler identification is GNU 11.4.0
[0.402s] -- The CXX compiler identification is GNU 11.4.0
[0.423s] -- Detecting C compiler ABI info
[0.619s] -- Detecting C compiler ABI info - done
[0.637s] -- Check for working C compiler: /usr/bin/cc - skipped
[0.638s] -- Detecting C compile features
[0.641s] -- Detecting C compile features - done
[0.650s] -- Detecting CXX compiler ABI info
[0.878s] -- Detecting CXX compiler ABI info - done
[0.907s] -- Check for working CXX compiler: /usr/bin/c++ - skipped
[0.909s] -- Detecting CXX compile features
[0.911s] -- Detecting CXX compile features - done
[0.924s] -- Found ament_cmake: 1.3.11 (/opt/ros/humble/share/ament_cmake/cmake)
[1.412s] -- Found Python3: /usr/bin/python3 (found version "3.10.12") found components: Interpreter 
[1.669s] -- Found interbotix_xs_msgs: 0.0.0 (/home/mscrobotics2425laptop4/interbotix_ws/install/interbotix_xs_msgs/share/interbotix_xs_msgs/cmake)
[1.764s] -- Found rosidl_generator_c: 3.1.6 (/opt/ros/humble/share/rosidl_generator_c/cmake)
[1.773s] -- Found rosidl_adapter: 3.1.6 (/opt/ros/humble/share/rosidl_adapter/cmake)
[1.789s] -- Found rosidl_generator_cpp: 3.1.6 (/opt/ros/humble/share/rosidl_generator_cpp/cmake)
[1.815s] -- Using all available rosidl_typesupport_c: rosidl_typesupport_fastrtps_c;rosidl_typesupport_introspection_c
[1.852s] -- Using all available rosidl_typesupport_cpp: rosidl_typesupport_fastrtps_cpp;rosidl_typesupport_introspection_cpp
[2.096s] -- Found rclcpp: 16.0.11 (/opt/ros/humble/share/rclcpp/cmake)
[2.231s] -- Found rmw_implementation_cmake: 6.1.2 (/opt/ros/humble/share/rmw_implementation_cmake/cmake)
[2.239s] -- Found rmw_fastrtps_cpp: 6.2.7 (/opt/ros/humble/share/rmw_fastrtps_cpp/cmake)
[2.441s] -- Found OpenSSL: /usr/lib/x86_64-linux-gnu/libcrypto.so (found version "3.0.2")  
[2.520s] -- Found FastRTPS: /opt/ros/humble/include  
[2.640s] -- Using RMW implementation 'rmw_fastrtps_cpp' as default
[2.670s] -- Looking for pthread.h
[2.813s] -- Looking for pthread.h - found
[2.814s] -- Performing Test CMAKE_HAVE_LIBC_PTHREAD
[2.990s] -- Performing Test CMAKE_HAVE_LIBC_PTHREAD - Success
[2.992s] -- Found Threads: TRUE  
[3.085s] -- Found sensor_msgs: 4.2.4 (/opt/ros/humble/share/sensor_msgs/cmake)
[3.136s] -- Found ament_lint_auto: 0.12.11 (/opt/ros/humble/share/ament_lint_auto/cmake)
[3.375s] -- Added test 'copyright' to check source files copyright and LICENSE
[3.379s] -- Added test 'cppcheck' to perform static code analysis on C / C++ code
[3.383s] -- Configured cppcheck include dirs: 
[3.383s] -- Configured cppcheck exclude dirs and/or files: 
[3.384s] -- Added test 'cpplint' to check C / C++ code against the Google style
[3.384s] -- Configured cpplint exclude dirs and/or files: 
[3.384s] -- Added test 'flake8' to check Python code syntax and style conventions
[3.385s] -- Added test 'lint_cmake' to check CMake code style
[3.387s] -- Added test 'pep257' to check Python code against some of the docstring style conventions in PEP 257
[3.389s] -- Added test 'uncrustify' to check C / C++ code style
[3.389s] -- Configured uncrustify additional arguments: 
[3.390s] -- Added test 'xmllint' to check XML markup files
[3.393s] -- Configuring done
[3.427s] -- Generating done
[3.442s] -- Build files have been written to: /home/mscrobotics2425laptop4/interbotix_ws/build/interbotix_xsarm_joy
[3.470s] Invoked command in '/home/mscrobotics2425laptop4/interbotix_ws/build/interbotix_xsarm_joy' returned '0': AMENT_PREFIX_PATH=/home/mscrobotics2425laptop4/interbotix_ws/install/interbotix_xsarm_control:/home/mscrobotics2425laptop4/interbotix_ws/install/interbotix_xsarm_descriptions:/home/mscrobotics2425laptop4/interbotix_ws/install/interbotix_xs_modules:/home/mscrobotics2425laptop4/interbotix_ws/install/interbotix_xs_sdk:/home/mscrobotics2425laptop4/interbotix_ws/install/interbotix_xs_driver:/home/mscrobotics2425laptop4/interbotix_ws/install/interbotix_xs_msgs:/home/mscrobotics2425laptop4/interbotix_ws/install/interbotix_common_modules:/home/mscrobotics2425laptop4/interbotix_ws/install/dynamixel_workbench_toolbox:${AMENT_PREFIX_PATH} CMAKE_PREFIX_PATH=/home/mscrobotics2425laptop4/interbotix_ws/install/interbotix_xsarm_control:/home/mscrobotics2425laptop4/interbotix_ws/install/interbotix_xsarm_descriptions:/home/mscrobotics2425laptop4/interbotix_ws/install/interbotix_xs_sdk:/home/mscrobotics2425laptop4/interbotix_ws/install/interbotix_xs_driver:/home/mscrobotics2425laptop4/interbotix_ws/install/interbotix_xs_msgs:/home/mscrobotics2425laptop4/interbotix_ws/install/dynamixel_workbench_toolbox:/home/mscrobotics2425laptop4/apriltag_ws/install/apriltag_ros:/opt/ros/humble LD_LIBRARY_PATH=/home/mscrobotics2425laptop4/interbotix_ws/install/interbotix_xs_driver/lib:/home/mscrobotics2425laptop4/interbotix_ws/install/interbotix_xs_msgs/lib:/home/mscrobotics2425laptop4/interbotix_ws/install/dynamixel_workbench_toolbox/lib:${LD_LIBRARY_PATH} PYTHONPATH=/home/mscrobotics2425laptop4/interbotix_ws/install/interbotix_xs_modules/lib/python3.10/site-packages:/home/mscrobotics2425laptop4/interbotix_ws/install/interbotix_xs_msgs/local/lib/python3.10/dist-packages:/home/mscrobotics2425laptop4/interbotix_ws/install/interbotix_common_modules/lib/python3.10/site-packages:${PYTHONPATH} /usr/bin/cmake /home/mscrobotics2425laptop4/interbotix_ws/src/interbotix_ros_manipulators/interbotix_ros_xsarms/examples/interbotix_xsarm_joy -DCMAKE_INSTALL_PREFIX=/home/mscrobotics2425laptop4/interbotix_ws/install/interbotix_xsarm_joy
[3.475s] Invoking command in '/home/mscrobotics2425laptop4/interbotix_ws/build/interbotix_xsarm_joy': AMENT_PREFIX_PATH=/home/mscrobotics2425laptop4/interbotix_ws/install/interbotix_xsarm_control:/home/mscrobotics2425laptop4/interbotix_ws/install/interbotix_xsarm_descriptions:/home/mscrobotics2425laptop4/interbotix_ws/install/interbotix_xs_modules:/home/mscrobotics2425laptop4/interbotix_ws/install/interbotix_xs_sdk:/home/mscrobotics2425laptop4/interbotix_ws/install/interbotix_xs_driver:/home/mscrobotics2425laptop4/interbotix_ws/install/interbotix_xs_msgs:/home/mscrobotics2425laptop4/interbotix_ws/install/interbotix_common_modules:/home/mscrobotics2425laptop4/interbotix_ws/install/dynamixel_workbench_toolbox:${AMENT_PREFIX_PATH} CMAKE_PREFIX_PATH=/home/mscrobotics2425laptop4/interbotix_ws/install/interbotix_xsarm_control:/home/mscrobotics2425laptop4/interbotix_ws/install/interbotix_xsarm_descriptions:/home/mscrobotics2425laptop4/interbotix_ws/install/interbotix_xs_sdk:/home/mscrobotics2425laptop4/interbotix_ws/install/interbotix_xs_driver:/home/mscrobotics2425laptop4/interbotix_ws/install/interbotix_xs_msgs:/home/mscrobotics2425laptop4/interbotix_ws/install/dynamixel_workbench_toolbox:/home/mscrobotics2425laptop4/apriltag_ws/install/apriltag_ros:/opt/ros/humble LD_LIBRARY_PATH=/home/mscrobotics2425laptop4/interbotix_ws/install/interbotix_xs_driver/lib:/home/mscrobotics2425laptop4/interbotix_ws/install/interbotix_xs_msgs/lib:/home/mscrobotics2425laptop4/interbotix_ws/install/dynamixel_workbench_toolbox/lib:${LD_LIBRARY_PATH} PYTHONPATH=/home/mscrobotics2425laptop4/interbotix_ws/install/interbotix_xs_modules/lib/python3.10/site-packages:/home/mscrobotics2425laptop4/interbotix_ws/install/interbotix_xs_msgs/local/lib/python3.10/dist-packages:/home/mscrobotics2425laptop4/interbotix_ws/install/interbotix_common_modules/lib/python3.10/site-packages:${PYTHONPATH} /usr/bin/cmake --build /home/mscrobotics2425laptop4/interbotix_ws/build/interbotix_xsarm_joy -- -j12 -l12
[3.596s] [ 50%] [32mBuilding CXX object CMakeFiles/xsarm_joy.dir/src/xsarm_joy.cpp.o[0m
[21.670s] [100%] [32m[1mLinking CXX executable xsarm_joy[0m
[22.180s] [100%] Built target xsarm_joy
[22.207s] Invoked command in '/home/mscrobotics2425laptop4/interbotix_ws/build/interbotix_xsarm_joy' returned '0': AMENT_PREFIX_PATH=/home/mscrobotics2425laptop4/interbotix_ws/install/interbotix_xsarm_control:/home/mscrobotics2425laptop4/interbotix_ws/install/interbotix_xsarm_descriptions:/home/mscrobotics2425laptop4/interbotix_ws/install/interbotix_xs_modules:/home/mscrobotics2425laptop4/interbotix_ws/install/interbotix_xs_sdk:/home/mscrobotics2425laptop4/interbotix_ws/install/interbotix_xs_driver:/home/mscrobotics2425laptop4/interbotix_ws/install/interbotix_xs_msgs:/home/mscrobotics2425laptop4/interbotix_ws/install/interbotix_common_modules:/home/mscrobotics2425laptop4/interbotix_ws/install/dynamixel_workbench_toolbox:${AMENT_PREFIX_PATH} CMAKE_PREFIX_PATH=/home/mscrobotics2425laptop4/interbotix_ws/install/interbotix_xsarm_control:/home/mscrobotics2425laptop4/interbotix_ws/install/interbotix_xsarm_descriptions:/home/mscrobotics2425laptop4/interbotix_ws/install/interbotix_xs_sdk:/home/mscrobotics2425laptop4/interbotix_ws/install/interbotix_xs_driver:/home/mscrobotics2425laptop4/interbotix_ws/install/interbotix_xs_msgs:/home/mscrobotics2425laptop4/interbotix_ws/install/dynamixel_workbench_toolbox:/home/mscrobotics2425laptop4/apriltag_ws/install/apriltag_ros:/opt/ros/humble LD_LIBRARY_PATH=/home/mscrobotics2425laptop4/interbotix_ws/install/interbotix_xs_driver/lib:/home/mscrobotics2425laptop4/interbotix_ws/install/interbotix_xs_msgs/lib:/home/mscrobotics2425laptop4/interbotix_ws/install/dynamixel_workbench_toolbox/lib:${LD_LIBRARY_PATH} PYTHONPATH=/home/mscrobotics2425laptop4/interbotix_ws/install/interbotix_xs_modules/lib/python3.10/site-packages:/home/mscrobotics2425laptop4/interbotix_ws/install/interbotix_xs_msgs/local/lib/python3.10/dist-packages:/home/mscrobotics2425laptop4/interbotix_ws/install/interbotix_common_modules/lib/python3.10/site-packages:${PYTHONPATH} /usr/bin/cmake --build /home/mscrobotics2425laptop4/interbotix_ws/build/interbotix_xsarm_joy -- -j12 -l12
[22.211s] Invoking command in '/home/mscrobotics2425laptop4/interbotix_ws/build/interbotix_xsarm_joy': AMENT_PREFIX_PATH=/home/mscrobotics2425laptop4/interbotix_ws/install/interbotix_xsarm_control:/home/mscrobotics2425laptop4/interbotix_ws/install/interbotix_xsarm_descriptions:/home/mscrobotics2425laptop4/interbotix_ws/install/interbotix_xs_modules:/home/mscrobotics2425laptop4/interbotix_ws/install/interbotix_xs_sdk:/home/mscrobotics2425laptop4/interbotix_ws/install/interbotix_xs_driver:/home/mscrobotics2425laptop4/interbotix_ws/install/interbotix_xs_msgs:/home/mscrobotics2425laptop4/interbotix_ws/install/interbotix_common_modules:/home/mscrobotics2425laptop4/interbotix_ws/install/dynamixel_workbench_toolbox:${AMENT_PREFIX_PATH} CMAKE_PREFIX_PATH=/home/mscrobotics2425laptop4/interbotix_ws/install/interbotix_xsarm_control:/home/mscrobotics2425laptop4/interbotix_ws/install/interbotix_xsarm_descriptions:/home/mscrobotics2425laptop4/interbotix_ws/install/interbotix_xs_sdk:/home/mscrobotics2425laptop4/interbotix_ws/install/interbotix_xs_driver:/home/mscrobotics2425laptop4/interbotix_ws/install/interbotix_xs_msgs:/home/mscrobotics2425laptop4/interbotix_ws/install/dynamixel_workbench_toolbox:/home/mscrobotics2425laptop4/apriltag_ws/install/apriltag_ros:/opt/ros/humble LD_LIBRARY_PATH=/home/mscrobotics2425laptop4/interbotix_ws/install/interbotix_xs_driver/lib:/home/mscrobotics2425laptop4/interbotix_ws/install/interbotix_xs_msgs/lib:/home/mscrobotics2425laptop4/interbotix_ws/install/dynamixel_workbench_toolbox/lib:${LD_LIBRARY_PATH} PYTHONPATH=/home/mscrobotics2425laptop4/interbotix_ws/install/interbotix_xs_modules/lib/python3.10/site-packages:/home/mscrobotics2425laptop4/interbotix_ws/install/interbotix_xs_msgs/local/lib/python3.10/dist-packages:/home/mscrobotics2425laptop4/interbotix_ws/install/interbotix_common_modules/lib/python3.10/site-packages:${PYTHONPATH} /usr/bin/cmake --install /home/mscrobotics2425laptop4/interbotix_ws/build/interbotix_xsarm_joy
[22.223s] -- Install configuration: ""
[22.224s] -- Installing: /home/mscrobotics2425laptop4/interbotix_ws/install/interbotix_xsarm_joy/lib/interbotix_xsarm_joy/xsarm_joy
[22.231s] -- Set runtime path of "/home/mscrobotics2425laptop4/interbotix_ws/install/interbotix_xsarm_joy/lib/interbotix_xsarm_joy/xsarm_joy" to ""
[22.231s] -- Installing: /home/mscrobotics2425laptop4/interbotix_ws/install/interbotix_xsarm_joy/lib/interbotix_xsarm_joy/xsarm_robot.py
[22.232s] -- Installing: /home/mscrobotics2425laptop4/interbotix_ws/install/interbotix_xsarm_joy/share/interbotix_xsarm_joy//config
[22.232s] -- Installing: /home/mscrobotics2425laptop4/interbotix_ws/install/interbotix_xsarm_joy/share/interbotix_xsarm_joy//config/modes.yaml
[22.233s] -- Installing: /home/mscrobotics2425laptop4/interbotix_ws/install/interbotix_xsarm_joy/share/interbotix_xsarm_joy//launch
[22.233s] -- Installing: /home/mscrobotics2425laptop4/interbotix_ws/install/interbotix_xsarm_joy/share/interbotix_xsarm_joy//launch/xsarm_joy.launch.py
[22.234s] -- Installing: /home/mscrobotics2425laptop4/interbotix_ws/install/interbotix_xsarm_joy/share/ament_index/resource_index/package_run_dependencies/interbotix_xsarm_joy
[22.235s] -- Installing: /home/mscrobotics2425laptop4/interbotix_ws/install/interbotix_xsarm_joy/share/ament_index/resource_index/parent_prefix_path/interbotix_xsarm_joy
[22.235s] -- Installing: /home/mscrobotics2425laptop4/interbotix_ws/install/interbotix_xsarm_joy/share/interbotix_xsarm_joy/environment/ament_prefix_path.sh
[22.235s] -- Installing: /home/mscrobotics2425laptop4/interbotix_ws/install/interbotix_xsarm_joy/share/interbotix_xsarm_joy/environment/ament_prefix_path.dsv
[22.235s] -- Installing: /home/mscrobotics2425laptop4/interbotix_ws/install/interbotix_xsarm_joy/share/interbotix_xsarm_joy/environment/path.sh
[22.236s] -- Installing: /home/mscrobotics2425laptop4/interbotix_ws/install/interbotix_xsarm_joy/share/interbotix_xsarm_joy/environment/path.dsv
[22.236s] -- Installing: /home/mscrobotics2425laptop4/interbotix_ws/install/interbotix_xsarm_joy/share/interbotix_xsarm_joy/local_setup.bash
[22.236s] -- Installing: /home/mscrobotics2425laptop4/interbotix_ws/install/interbotix_xsarm_joy/share/interbotix_xsarm_joy/local_setup.sh
[22.236s] -- Installing: /home/mscrobotics2425laptop4/interbotix_ws/install/interbotix_xsarm_joy/share/interbotix_xsarm_joy/local_setup.zsh
[22.236s] -- Installing: /home/mscrobotics2425laptop4/interbotix_ws/install/interbotix_xsarm_joy/share/interbotix_xsarm_joy/local_setup.dsv
[22.237s] -- Installing: /home/mscrobotics2425laptop4/interbotix_ws/install/interbotix_xsarm_joy/share/interbotix_xsarm_joy/package.dsv
[22.237s] -- Installing: /home/mscrobotics2425laptop4/interbotix_ws/install/interbotix_xsarm_joy/share/ament_index/resource_index/packages/interbotix_xsarm_joy
[22.237s] -- Installing: /home/mscrobotics2425laptop4/interbotix_ws/install/interbotix_xsarm_joy/share/interbotix_xsarm_joy/cmake/interbotix_xsarm_joyConfig.cmake
[22.237s] -- Installing: /home/mscrobotics2425laptop4/interbotix_ws/install/interbotix_xsarm_joy/share/interbotix_xsarm_joy/cmake/interbotix_xsarm_joyConfig-version.cmake
[22.237s] -- Installing: /home/mscrobotics2425laptop4/interbotix_ws/install/interbotix_xsarm_joy/share/interbotix_xsarm_joy/package.xml
[22.240s] Invoked command in '/home/mscrobotics2425laptop4/interbotix_ws/build/interbotix_xsarm_joy' returned '0': AMENT_PREFIX_PATH=/home/mscrobotics2425laptop4/interbotix_ws/install/interbotix_xsarm_control:/home/mscrobotics2425laptop4/interbotix_ws/install/interbotix_xsarm_descriptions:/home/mscrobotics2425laptop4/interbotix_ws/install/interbotix_xs_modules:/home/mscrobotics2425laptop4/interbotix_ws/install/interbotix_xs_sdk:/home/mscrobotics2425laptop4/interbotix_ws/install/interbotix_xs_driver:/home/mscrobotics2425laptop4/interbotix_ws/install/interbotix_xs_msgs:/home/mscrobotics2425laptop4/interbotix_ws/install/interbotix_common_modules:/home/mscrobotics2425laptop4/interbotix_ws/install/dynamixel_workbench_toolbox:${AMENT_PREFIX_PATH} CMAKE_PREFIX_PATH=/home/mscrobotics2425laptop4/interbotix_ws/install/interbotix_xsarm_control:/home/mscrobotics2425laptop4/interbotix_ws/install/interbotix_xsarm_descriptions:/home/mscrobotics2425laptop4/interbotix_ws/install/interbotix_xs_sdk:/home/mscrobotics2425laptop4/interbotix_ws/install/interbotix_xs_driver:/home/mscrobotics2425laptop4/interbotix_ws/install/interbotix_xs_msgs:/home/mscrobotics2425laptop4/interbotix_ws/install/dynamixel_workbench_toolbox:/home/mscrobotics2425laptop4/apriltag_ws/install/apriltag_ros:/opt/ros/humble LD_LIBRARY_PATH=/home/mscrobotics2425laptop4/interbotix_ws/install/interbotix_xs_driver/lib:/home/mscrobotics2425laptop4/interbotix_ws/install/interbotix_xs_msgs/lib:/home/mscrobotics2425laptop4/interbotix_ws/install/dynamixel_workbench_toolbox/lib:${LD_LIBRARY_PATH} PYTHONPATH=/home/mscrobotics2425laptop4/interbotix_ws/install/interbotix_xs_modules/lib/python3.10/site-packages:/home/mscrobotics2425laptop4/interbotix_ws/install/interbotix_xs_msgs/local/lib/python3.10/dist-packages:/home/mscrobotics2425laptop4/interbotix_ws/install/interbotix_common_modules/lib/python3.10/site-packages:${PYTHONPATH} /usr/bin/cmake --install /home/mscrobotics2425laptop4/interbotix_ws/build/interbotix_xsarm_joy
