[0.784s] Invoking command in '/home/mscrobotics2425laptop4/interbotix_ws/build/interbotix_common_sim': CMAKE_PREFIX_PATH=${CMAKE_PREFIX_PATH}:/home/mscrobotics2425laptop4/interbotix_ws/install/ros_cv_messages:/home/mscrobotics2425laptop4/interbotix_ws/install/leo_realsense:/home/mscrobotics2425laptop4/interbotix_ws/install/leo_manipulator:/home/mscrobotics2425laptop4/interbotix_ws/install/leo_main:/home/mscrobotics2425laptop4/interbotix_ws/install/leo_launch:/home/mscrobotics2425laptop4/interbotix_ws/install/interbotix_xs_modules:/home/mscrobotics2425laptop4/interbotix_ws/install/interbotix_perception_modules:/home/mscrobotics2425laptop4/interbotix_ws/install/interbotix_common_modules:/opt/ros/humble /usr/bin/cmake --build /home/mscrobotics2425laptop4/interbotix_ws/build/interbotix_common_sim -- -j12 -l12
[2.072s] Invoked command in '/home/mscrobotics2425laptop4/interbotix_ws/build/interbotix_common_sim' returned '0': CMAKE_PREFIX_PATH=${CMAKE_PREFIX_PATH}:/home/mscrobotics2425laptop4/interbotix_ws/install/ros_cv_messages:/home/mscrobotics2425laptop4/interbotix_ws/install/leo_realsense:/home/mscrobotics2425laptop4/interbotix_ws/install/leo_manipulator:/home/mscrobotics2425laptop4/interbotix_ws/install/leo_main:/home/mscrobotics2425laptop4/interbotix_ws/install/leo_launch:/home/mscrobotics2425laptop4/interbotix_ws/install/interbotix_xs_modules:/home/mscrobotics2425laptop4/interbotix_ws/install/interbotix_perception_modules:/home/mscrobotics2425laptop4/interbotix_ws/install/interbotix_common_modules:/opt/ros/humble /usr/bin/cmake --build /home/mscrobotics2425laptop4/interbotix_ws/build/interbotix_common_sim -- -j12 -l12
[2.077s] Invoking command in '/home/mscrobotics2425laptop4/interbotix_ws/build/interbotix_common_sim': CMAKE_PREFIX_PATH=${CMAKE_PREFIX_PATH}:/home/mscrobotics2425laptop4/interbotix_ws/install/ros_cv_messages:/home/mscrobotics2425laptop4/interbotix_ws/install/leo_realsense:/home/mscrobotics2425laptop4/interbotix_ws/install/leo_manipulator:/home/mscrobotics2425laptop4/interbotix_ws/install/leo_main:/home/mscrobotics2425laptop4/interbotix_ws/install/leo_launch:/home/mscrobotics2425laptop4/interbotix_ws/install/interbotix_xs_modules:/home/mscrobotics2425laptop4/interbotix_ws/install/interbotix_perception_modules:/home/mscrobotics2425laptop4/interbotix_ws/install/interbotix_common_modules:/opt/ros/humble /usr/bin/cmake --install /home/mscrobotics2425laptop4/interbotix_ws/build/interbotix_common_sim
[2.136s] -- Install configuration: ""
[2.138s] -- Up-to-date: /home/mscrobotics2425laptop4/interbotix_ws/install/interbotix_common_sim/share/interbotix_common_sim/models
[2.140s] -- Up-to-date: /home/mscrobotics2425laptop4/interbotix_ws/install/interbotix_common_sim/share/interbotix_common_sim/models/RealSenseD415
[2.141s] -- Up-to-date: /home/mscrobotics2425laptop4/interbotix_ws/install/interbotix_common_sim/share/interbotix_common_sim/models/RealSenseD415/camera.stl
[2.142s] -- Up-to-date: /home/mscrobotics2425laptop4/interbotix_ws/install/interbotix_common_sim/share/interbotix_common_sim/models/RealSenseD415/model.config
[2.144s] -- Up-to-date: /home/mscrobotics2425laptop4/interbotix_ws/install/interbotix_common_sim/share/interbotix_common_sim/models/RealSenseD415/RealSenseD415.sdf
[2.144s] -- Up-to-date: /home/mscrobotics2425laptop4/interbotix_ws/install/interbotix_common_sim/share/interbotix_common_sim/models/VisionKit
[2.144s] -- Up-to-date: /home/mscrobotics2425laptop4/interbotix_ws/install/interbotix_common_sim/share/interbotix_common_sim/models/VisionKit/VisionKit.sdf
[2.148s] -- Up-to-date: /home/mscrobotics2425laptop4/interbotix_ws/install/interbotix_common_sim/share/interbotix_common_sim/models/VisionKit/model.config
[2.150s] -- Up-to-date: /home/mscrobotics2425laptop4/interbotix_ws/install/interbotix_common_sim/share/interbotix_common_sim/models/VisionKit/stand.stl
[2.152s] -- Up-to-date: /home/mscrobotics2425laptop4/interbotix_ws/install/interbotix_common_sim/share/interbotix_common_sim/models/TrossenRoboticsOfficeBuilding
[2.152s] -- Up-to-date: /home/mscrobotics2425laptop4/interbotix_ws/install/interbotix_common_sim/share/interbotix_common_sim/models/TrossenRoboticsOfficeBuilding/TrossenRoboticsOfficeBuilding.sdf
[2.159s] -- Up-to-date: /home/mscrobotics2425laptop4/interbotix_ws/install/interbotix_common_sim/share/interbotix_common_sim/models/TrossenRoboticsOfficeBuilding/model.config
[2.162s] -- Up-to-date: /home/mscrobotics2425laptop4/interbotix_ws/install/interbotix_common_sim/share/interbotix_common_sim/worlds
[2.163s] -- Up-to-date: /home/mscrobotics2425laptop4/interbotix_ws/install/interbotix_common_sim/share/interbotix_common_sim/worlds/interbotix.world
[2.167s] -- Up-to-date: /home/mscrobotics2425laptop4/interbotix_ws/install/interbotix_common_sim/share/interbotix_common_sim/worlds/vision_kit.world
[2.168s] -- Up-to-date: /home/mscrobotics2425laptop4/interbotix_ws/install/interbotix_common_sim/share/interbotix_common_sim/media
[2.171s] -- Up-to-date: /home/mscrobotics2425laptop4/interbotix_ws/install/interbotix_common_sim/share/interbotix_common_sim/media/materials
[2.173s] -- Up-to-date: /home/mscrobotics2425laptop4/interbotix_ws/install/interbotix_common_sim/share/interbotix_common_sim/media/materials/textures
[2.177s] -- Up-to-date: /home/mscrobotics2425laptop4/interbotix_ws/install/interbotix_common_sim/share/interbotix_common_sim/media/materials/textures/interbotix_black.png
[2.181s] -- Up-to-date: /home/mscrobotics2425laptop4/interbotix_ws/install/interbotix_common_sim/share/interbotix_common_sim/media/materials/scripts
[2.182s] -- Up-to-date: /home/mscrobotics2425laptop4/interbotix_ws/install/interbotix_common_sim/share/interbotix_common_sim/media/materials/scripts/interbotix_texture.gazebo
[2.182s] -- Up-to-date: /home/mscrobotics2425laptop4/interbotix_ws/install/interbotix_common_sim/share/interbotix_common_sim/media/materials/scripts/interbotix_black.material
[2.183s] -- Up-to-date: /home/mscrobotics2425laptop4/interbotix_ws/install/interbotix_common_sim/share/interbotix_common_sim/media/interbotix_black.png
[2.184s] -- Up-to-date: /home/mscrobotics2425laptop4/interbotix_ws/install/interbotix_common_sim/share/ament_index/resource_index/package_run_dependencies/interbotix_common_sim
[2.184s] -- Up-to-date: /home/mscrobotics2425laptop4/interbotix_ws/install/interbotix_common_sim/share/ament_index/resource_index/parent_prefix_path/interbotix_common_sim
[2.185s] -- Up-to-date: /home/mscrobotics2425laptop4/interbotix_ws/install/interbotix_common_sim/share/interbotix_common_sim/environment/ament_prefix_path.sh
[2.186s] -- Up-to-date: /home/mscrobotics2425laptop4/interbotix_ws/install/interbotix_common_sim/share/interbotix_common_sim/environment/ament_prefix_path.dsv
[2.186s] -- Up-to-date: /home/mscrobotics2425laptop4/interbotix_ws/install/interbotix_common_sim/share/interbotix_common_sim/environment/path.sh
[2.186s] -- Up-to-date: /home/mscrobotics2425laptop4/interbotix_ws/install/interbotix_common_sim/share/interbotix_common_sim/environment/path.dsv
[2.187s] -- Up-to-date: /home/mscrobotics2425laptop4/interbotix_ws/install/interbotix_common_sim/share/interbotix_common_sim/local_setup.bash
[2.188s] -- Up-to-date: /home/mscrobotics2425laptop4/interbotix_ws/install/interbotix_common_sim/share/interbotix_common_sim/local_setup.sh
[2.189s] -- Up-to-date: /home/mscrobotics2425laptop4/interbotix_ws/install/interbotix_common_sim/share/interbotix_common_sim/local_setup.zsh
[2.190s] -- Up-to-date: /home/mscrobotics2425laptop4/interbotix_ws/install/interbotix_common_sim/share/interbotix_common_sim/local_setup.dsv
[2.191s] -- Installing: /home/mscrobotics2425laptop4/interbotix_ws/install/interbotix_common_sim/share/interbotix_common_sim/package.dsv
[2.192s] -- Up-to-date: /home/mscrobotics2425laptop4/interbotix_ws/install/interbotix_common_sim/share/ament_index/resource_index/packages/interbotix_common_sim
[2.192s] -- Up-to-date: /home/mscrobotics2425laptop4/interbotix_ws/install/interbotix_common_sim/share/interbotix_common_sim/cmake/interbotix_common_simConfig.cmake
[2.193s] -- Up-to-date: /home/mscrobotics2425laptop4/interbotix_ws/install/interbotix_common_sim/share/interbotix_common_sim/cmake/interbotix_common_simConfig-version.cmake
[2.193s] -- Up-to-date: /home/mscrobotics2425laptop4/interbotix_ws/install/interbotix_common_sim/share/interbotix_common_sim/package.xml
[2.448s] Invoked command in '/home/mscrobotics2425laptop4/interbotix_ws/build/interbotix_common_sim' returned '0': CMAKE_PREFIX_PATH=${CMAKE_PREFIX_PATH}:/home/mscrobotics2425laptop4/interbotix_ws/install/ros_cv_messages:/home/mscrobotics2425laptop4/interbotix_ws/install/leo_realsense:/home/mscrobotics2425laptop4/interbotix_ws/install/leo_manipulator:/home/mscrobotics2425laptop4/interbotix_ws/install/leo_main:/home/mscrobotics2425laptop4/interbotix_ws/install/leo_launch:/home/mscrobotics2425laptop4/interbotix_ws/install/interbotix_xs_modules:/home/mscrobotics2425laptop4/interbotix_ws/install/interbotix_perception_modules:/home/mscrobotics2425laptop4/interbotix_ws/install/interbotix_common_modules:/opt/ros/humble /usr/bin/cmake --install /home/mscrobotics2425laptop4/interbotix_ws/build/interbotix_common_sim
