[1.318s] Invoking command in '/home/mscrobotics2425laptop4/LEO-ROVER-CODING/interbotix_ws/src/interbotix_ros_toolboxes/interbotix_common_toolbox/interbotix_common_modules': PYTHONPATH=/home/mscrobotics2425laptop4/LEO-ROVER-CODING/build/interbotix_common_modules/prefix_override:/usr/lib/python3/dist-packages/colcon_core/task/python/colcon_distutils_commands:/home/mscrobotics2425laptop4/LEO-ROVER-CODING/install/interbotix_common_modules/lib/python3.10/site-packages:${PYTHONPATH} /usr/bin/python3 -W ignore:setup.py install is deprecated -W ignore:easy_install command is deprecated setup.py egg_info --egg-base ../../../../../build/interbotix_common_modules build --build-base /home/mscrobotics2425laptop4/LEO-ROVER-CODING/build/interbotix_common_modules/build install --record /home/mscrobotics2425laptop4/LEO-ROVER-CODING/build/interbotix_common_modules/install.log --single-version-externally-managed install_data
[1.614s] running egg_info
[1.614s] writing ../../../../../build/interbotix_common_modules/interbotix_common_modules.egg-info/PKG-INFO
[1.615s] writing dependency_links to ../../../../../build/interbotix_common_modules/interbotix_common_modules.egg-info/dependency_links.txt
[1.615s] writing entry points to ../../../../../build/interbotix_common_modules/interbotix_common_modules.egg-info/entry_points.txt
[1.615s] writing requirements to ../../../../../build/interbotix_common_modules/interbotix_common_modules.egg-info/requires.txt
[1.615s] writing top-level names to ../../../../../build/interbotix_common_modules/interbotix_common_modules.egg-info/top_level.txt
[1.617s] reading manifest file '../../../../../build/interbotix_common_modules/interbotix_common_modules.egg-info/SOURCES.txt'
[1.618s] writing manifest file '../../../../../build/interbotix_common_modules/interbotix_common_modules.egg-info/SOURCES.txt'
[1.618s] running build
[1.618s] running build_py
[1.618s] running install
[1.619s] running install_lib
[1.620s] running install_data
[1.620s] running install_egg_info
[1.621s] removing '/home/mscrobotics2425laptop4/LEO-ROVER-CODING/install/interbotix_common_modules/lib/python3.10/site-packages/interbotix_common_modules-0.0.0-py3.10.egg-info' (and everything under it)
[1.621s] Copying ../../../../../build/interbotix_common_modules/interbotix_common_modules.egg-info to /home/mscrobotics2425laptop4/LEO-ROVER-CODING/install/interbotix_common_modules/lib/python3.10/site-packages/interbotix_common_modules-0.0.0-py3.10.egg-info
[1.622s] running install_scripts
[1.648s] writing list of installed files to '/home/mscrobotics2425laptop4/LEO-ROVER-CODING/build/interbotix_common_modules/install.log'
[1.840s] Invoked command in '/home/mscrobotics2425laptop4/LEO-ROVER-CODING/interbotix_ws/src/interbotix_ros_toolboxes/interbotix_common_toolbox/interbotix_common_modules' returned '0': PYTHONPATH=/home/mscrobotics2425laptop4/LEO-ROVER-CODING/build/interbotix_common_modules/prefix_override:/usr/lib/python3/dist-packages/colcon_core/task/python/colcon_distutils_commands:/home/mscrobotics2425laptop4/LEO-ROVER-CODING/install/interbotix_common_modules/lib/python3.10/site-packages:${PYTHONPATH} /usr/bin/python3 -W ignore:setup.py install is deprecated -W ignore:easy_install command is deprecated setup.py egg_info --egg-base ../../../../../build/interbotix_common_modules build --build-base /home/mscrobotics2425laptop4/LEO-ROVER-CODING/build/interbotix_common_modules/build install --record /home/mscrobotics2425laptop4/LEO-ROVER-CODING/build/interbotix_common_modules/install.log --single-version-externally-managed install_data
