[1.976s] Invoking command in '/home/mscrobotics2425laptop4/interbotix_ws/src/interbotix_ros_toolboxes/interbotix_perception_toolbox/interbotix_perception_modules': AMENT_PREFIX_PATH=/home/mscrobotics2425laptop4/interbotix_ws/install/interbotix_perception_pipelines:/home/mscrobotics2425laptop4/interbotix_ws/install/interbotix_xs_msgs:/home/mscrobotics2425laptop4/interbotix_ws/install/interbotix_perception_msgs:/home/mscrobotics2425laptop4/interbotix_ws/install/interbotix_common_modules:${AMENT_PREFIX_PATH} CMAKE_PREFIX_PATH=/home/mscrobotics2425laptop4/interbotix_ws/install/interbotix_perception_pipelines:/home/mscrobotics2425laptop4/interbotix_ws/install/interbotix_xs_msgs:/home/mscrobotics2425laptop4/interbotix_ws/install/interbotix_perception_msgs:${CMAKE_PREFIX_PATH} LD_LIBRARY_PATH=/home/mscrobotics2425laptop4/interbotix_ws/install/interbotix_xs_msgs/lib:/home/mscrobotics2425laptop4/interbotix_ws/install/interbotix_perception_msgs/lib:${LD_LIBRARY_PATH} PYTHONPATH=/home/mscrobotics2425laptop4/interbotix_ws/build/interbotix_perception_modules/prefix_override:/usr/lib/python3/dist-packages/colcon_core/task/python/colcon_distutils_commands:/home/mscrobotics2425laptop4/interbotix_ws/install/interbotix_perception_modules/lib/python3.10/site-packages:/home/mscrobotics2425laptop4/interbotix_ws/install/interbotix_xs_msgs/local/lib/python3.10/dist-packages:/home/mscrobotics2425laptop4/interbotix_ws/install/interbotix_perception_msgs/local/lib/python3.10/dist-packages:/home/mscrobotics2425laptop4/interbotix_ws/install/interbotix_common_modules/lib/python3.10/site-packages:${PYTHONPATH} /usr/bin/python3 -W ignore:setup.py install is deprecated -W ignore:easy_install command is deprecated setup.py egg_info --egg-base ../../../../build/interbotix_perception_modules build --build-base /home/mscrobotics2425laptop4/interbotix_ws/build/interbotix_perception_modules/build install --record /home/mscrobotics2425laptop4/interbotix_ws/build/interbotix_perception_modules/install.log --single-version-externally-managed install_data
[2.475s] running egg_info
[2.478s] creating ../../../../build/interbotix_perception_modules/interbotix_perception_modules.egg-info
[2.479s] writing ../../../../build/interbotix_perception_modules/interbotix_perception_modules.egg-info/PKG-INFO
[2.480s] writing dependency_links to ../../../../build/interbotix_perception_modules/interbotix_perception_modules.egg-info/dependency_links.txt
[2.480s] writing entry points to ../../../../build/interbotix_perception_modules/interbotix_perception_modules.egg-info/entry_points.txt
[2.481s] writing requirements to ../../../../build/interbotix_perception_modules/interbotix_perception_modules.egg-info/requires.txt
[2.483s] writing top-level names to ../../../../build/interbotix_perception_modules/interbotix_perception_modules.egg-info/top_level.txt
[2.483s] writing manifest file '../../../../build/interbotix_perception_modules/interbotix_perception_modules.egg-info/SOURCES.txt'
[2.492s] reading manifest file '../../../../build/interbotix_perception_modules/interbotix_perception_modules.egg-info/SOURCES.txt'
[2.496s] writing manifest file '../../../../build/interbotix_perception_modules/interbotix_perception_modules.egg-info/SOURCES.txt'
[2.505s] running build
[2.506s] running build_py
[2.506s] creating /home/mscrobotics2425laptop4/interbotix_ws/build/interbotix_perception_modules/build
[2.510s] creating /home/mscrobotics2425laptop4/interbotix_ws/build/interbotix_perception_modules/build/lib
[2.510s] creating /home/mscrobotics2425laptop4/interbotix_ws/build/interbotix_perception_modules/build/lib/interbotix_perception_modules
[2.511s] copying interbotix_perception_modules/armtag.py -> /home/mscrobotics2425laptop4/interbotix_ws/build/interbotix_perception_modules/build/lib/interbotix_perception_modules
[2.511s] copying interbotix_perception_modules/picture_snapper.py -> /home/mscrobotics2425laptop4/interbotix_ws/build/interbotix_perception_modules/build/lib/interbotix_perception_modules
[2.511s] copying interbotix_perception_modules/apriltag.py -> /home/mscrobotics2425laptop4/interbotix_ws/build/interbotix_perception_modules/build/lib/interbotix_perception_modules
[2.511s] copying interbotix_perception_modules/pointcloud_tuner_gui.py -> /home/mscrobotics2425laptop4/interbotix_ws/build/interbotix_perception_modules/build/lib/interbotix_perception_modules
[2.511s] copying interbotix_perception_modules/__init__.py -> /home/mscrobotics2425laptop4/interbotix_ws/build/interbotix_perception_modules/build/lib/interbotix_perception_modules
[2.511s] copying interbotix_perception_modules/armtag_tuner_gui.py -> /home/mscrobotics2425laptop4/interbotix_ws/build/interbotix_perception_modules/build/lib/interbotix_perception_modules
[2.512s] copying interbotix_perception_modules/pointcloud.py -> /home/mscrobotics2425laptop4/interbotix_ws/build/interbotix_perception_modules/build/lib/interbotix_perception_modules
[2.512s] running install
[2.512s] running install_lib
[2.512s] creating /home/mscrobotics2425laptop4/interbotix_ws/install/interbotix_perception_modules/lib/python3.10/site-packages/interbotix_perception_modules
[2.512s] copying /home/mscrobotics2425laptop4/interbotix_ws/build/interbotix_perception_modules/build/lib/interbotix_perception_modules/armtag.py -> /home/mscrobotics2425laptop4/interbotix_ws/install/interbotix_perception_modules/lib/python3.10/site-packages/interbotix_perception_modules
[2.512s] copying /home/mscrobotics2425laptop4/interbotix_ws/build/interbotix_perception_modules/build/lib/interbotix_perception_modules/picture_snapper.py -> /home/mscrobotics2425laptop4/interbotix_ws/install/interbotix_perception_modules/lib/python3.10/site-packages/interbotix_perception_modules
[2.513s] copying /home/mscrobotics2425laptop4/interbotix_ws/build/interbotix_perception_modules/build/lib/interbotix_perception_modules/apriltag.py -> /home/mscrobotics2425laptop4/interbotix_ws/install/interbotix_perception_modules/lib/python3.10/site-packages/interbotix_perception_modules
[2.513s] copying /home/mscrobotics2425laptop4/interbotix_ws/build/interbotix_perception_modules/build/lib/interbotix_perception_modules/pointcloud_tuner_gui.py -> /home/mscrobotics2425laptop4/interbotix_ws/install/interbotix_perception_modules/lib/python3.10/site-packages/interbotix_perception_modules
[2.513s] copying /home/mscrobotics2425laptop4/interbotix_ws/build/interbotix_perception_modules/build/lib/interbotix_perception_modules/__init__.py -> /home/mscrobotics2425laptop4/interbotix_ws/install/interbotix_perception_modules/lib/python3.10/site-packages/interbotix_perception_modules
[2.513s] copying /home/mscrobotics2425laptop4/interbotix_ws/build/interbotix_perception_modules/build/lib/interbotix_perception_modules/armtag_tuner_gui.py -> /home/mscrobotics2425laptop4/interbotix_ws/install/interbotix_perception_modules/lib/python3.10/site-packages/interbotix_perception_modules
[2.513s] copying /home/mscrobotics2425laptop4/interbotix_ws/build/interbotix_perception_modules/build/lib/interbotix_perception_modules/pointcloud.py -> /home/mscrobotics2425laptop4/interbotix_ws/install/interbotix_perception_modules/lib/python3.10/site-packages/interbotix_perception_modules
[2.513s] byte-compiling /home/mscrobotics2425laptop4/interbotix_ws/install/interbotix_perception_modules/lib/python3.10/site-packages/interbotix_perception_modules/armtag.py to armtag.cpython-310.pyc
[2.527s] byte-compiling /home/mscrobotics2425laptop4/interbotix_ws/install/interbotix_perception_modules/lib/python3.10/site-packages/interbotix_perception_modules/picture_snapper.py to picture_snapper.cpython-310.pyc
[2.528s] byte-compiling /home/mscrobotics2425laptop4/interbotix_ws/install/interbotix_perception_modules/lib/python3.10/site-packages/interbotix_perception_modules/apriltag.py to apriltag.cpython-310.pyc
[2.528s] byte-compiling /home/mscrobotics2425laptop4/interbotix_ws/install/interbotix_perception_modules/lib/python3.10/site-packages/interbotix_perception_modules/pointcloud_tuner_gui.py to pointcloud_tuner_gui.cpython-310.pyc
[2.533s] byte-compiling /home/mscrobotics2425laptop4/interbotix_ws/install/interbotix_perception_modules/lib/python3.10/site-packages/interbotix_perception_modules/__init__.py to __init__.cpython-310.pyc
[2.533s] byte-compiling /home/mscrobotics2425laptop4/interbotix_ws/install/interbotix_perception_modules/lib/python3.10/site-packages/interbotix_perception_modules/armtag_tuner_gui.py to armtag_tuner_gui.cpython-310.pyc
[2.534s] byte-compiling /home/mscrobotics2425laptop4/interbotix_ws/install/interbotix_perception_modules/lib/python3.10/site-packages/interbotix_perception_modules/pointcloud.py to pointcloud.cpython-310.pyc
[2.542s] running install_data
[2.546s] creating /home/mscrobotics2425laptop4/interbotix_ws/install/interbotix_perception_modules/share/ament_index
[2.546s] creating /home/mscrobotics2425laptop4/interbotix_ws/install/interbotix_perception_modules/share/ament_index/resource_index
[2.546s] creating /home/mscrobotics2425laptop4/interbotix_ws/install/interbotix_perception_modules/share/ament_index/resource_index/packages
[2.546s] copying resource/interbotix_perception_modules -> /home/mscrobotics2425laptop4/interbotix_ws/install/interbotix_perception_modules/share/ament_index/resource_index/packages
[2.546s] copying package.xml -> /home/mscrobotics2425laptop4/interbotix_ws/install/interbotix_perception_modules/share/interbotix_perception_modules
[2.547s] creating /home/mscrobotics2425laptop4/interbotix_ws/install/interbotix_perception_modules/share/interbotix_perception_modules/launch
[2.547s] copying launch/picture_snapper.launch.py -> /home/mscrobotics2425laptop4/interbotix_ws/install/interbotix_perception_modules/share/interbotix_perception_modules/launch
[2.547s] copying launch/pc_filter.launch.py -> /home/mscrobotics2425laptop4/interbotix_ws/install/interbotix_perception_modules/share/interbotix_perception_modules/launch
[2.547s] copying launch/apriltag.launch.py -> /home/mscrobotics2425laptop4/interbotix_ws/install/interbotix_perception_modules/share/interbotix_perception_modules/launch
[2.547s] copying launch/armtag.launch.py -> /home/mscrobotics2425laptop4/interbotix_ws/install/interbotix_perception_modules/share/interbotix_perception_modules/launch
[2.547s] creating /home/mscrobotics2425laptop4/interbotix_ws/install/interbotix_perception_modules/share/interbotix_perception_modules/config
[2.548s] copying config/tags.yaml -> /home/mscrobotics2425laptop4/interbotix_ws/install/interbotix_perception_modules/share/interbotix_perception_modules/config
[2.548s] copying config/filter_params.yaml -> /home/mscrobotics2425laptop4/interbotix_ws/install/interbotix_perception_modules/share/interbotix_perception_modules/config
[2.548s] creating /home/mscrobotics2425laptop4/interbotix_ws/install/interbotix_perception_modules/share/interbotix_perception_modules/ui
[2.548s] copying src/ui/pointcloudtunergui.ui -> /home/mscrobotics2425laptop4/interbotix_ws/install/interbotix_perception_modules/share/interbotix_perception_modules/ui
[2.549s] copying src/ui/armtagtunergui.ui -> /home/mscrobotics2425laptop4/interbotix_ws/install/interbotix_perception_modules/share/interbotix_perception_modules/ui
[2.549s] running install_egg_info
[2.565s] Copying ../../../../build/interbotix_perception_modules/interbotix_perception_modules.egg-info to /home/mscrobotics2425laptop4/interbotix_ws/install/interbotix_perception_modules/lib/python3.10/site-packages/interbotix_perception_modules-0.0.0-py3.10.egg-info
[2.566s] running install_scripts
[2.636s] Installing armtag_tuner_gui script to /home/mscrobotics2425laptop4/interbotix_ws/install/interbotix_perception_modules/lib/interbotix_perception_modules
[2.637s] Installing picture_snapper script to /home/mscrobotics2425laptop4/interbotix_ws/install/interbotix_perception_modules/lib/interbotix_perception_modules
[2.646s] Installing pointcloud_tuner_gui script to /home/mscrobotics2425laptop4/interbotix_ws/install/interbotix_perception_modules/lib/interbotix_perception_modules
[2.647s] writing list of installed files to '/home/mscrobotics2425laptop4/interbotix_ws/build/interbotix_perception_modules/install.log'
[2.730s] Invoked command in '/home/mscrobotics2425laptop4/interbotix_ws/src/interbotix_ros_toolboxes/interbotix_perception_toolbox/interbotix_perception_modules' returned '0': AMENT_PREFIX_PATH=/home/mscrobotics2425laptop4/interbotix_ws/install/interbotix_perception_pipelines:/home/mscrobotics2425laptop4/interbotix_ws/install/interbotix_xs_msgs:/home/mscrobotics2425laptop4/interbotix_ws/install/interbotix_perception_msgs:/home/mscrobotics2425laptop4/interbotix_ws/install/interbotix_common_modules:${AMENT_PREFIX_PATH} CMAKE_PREFIX_PATH=/home/mscrobotics2425laptop4/interbotix_ws/install/interbotix_perception_pipelines:/home/mscrobotics2425laptop4/interbotix_ws/install/interbotix_xs_msgs:/home/mscrobotics2425laptop4/interbotix_ws/install/interbotix_perception_msgs:${CMAKE_PREFIX_PATH} LD_LIBRARY_PATH=/home/mscrobotics2425laptop4/interbotix_ws/install/interbotix_xs_msgs/lib:/home/mscrobotics2425laptop4/interbotix_ws/install/interbotix_perception_msgs/lib:${LD_LIBRARY_PATH} PYTHONPATH=/home/mscrobotics2425laptop4/interbotix_ws/build/interbotix_perception_modules/prefix_override:/usr/lib/python3/dist-packages/colcon_core/task/python/colcon_distutils_commands:/home/mscrobotics2425laptop4/interbotix_ws/install/interbotix_perception_modules/lib/python3.10/site-packages:/home/mscrobotics2425laptop4/interbotix_ws/install/interbotix_xs_msgs/local/lib/python3.10/dist-packages:/home/mscrobotics2425laptop4/interbotix_ws/install/interbotix_perception_msgs/local/lib/python3.10/dist-packages:/home/mscrobotics2425laptop4/interbotix_ws/install/interbotix_common_modules/lib/python3.10/site-packages:${PYTHONPATH} /usr/bin/python3 -W ignore:setup.py install is deprecated -W ignore:easy_install command is deprecated setup.py egg_info --egg-base ../../../../build/interbotix_perception_modules build --build-base /home/mscrobotics2425laptop4/interbotix_ws/build/interbotix_perception_modules/build install --record /home/mscrobotics2425laptop4/interbotix_ws/build/interbotix_perception_modules/install.log --single-version-externally-managed install_data
