[1.454s] Invoking command in '/home/mscrobotics2425laptop4/LEO-ROVER-CODING/interbotix_ws/src/ros_cv_messages': AMENT_PREFIX_PATH=/home/mscrobotics2425laptop4/LEO-ROVER-CODING/install/leo_with_interfaces:${AMENT_PREFIX_PATH} CMAKE_PREFIX_PATH=/home/mscrobotics2425laptop4/LEO-ROVER-CODING/install/leo_with_interfaces:${CMAKE_PREFIX_PATH} LD_LIBRARY_PATH=/home/mscrobotics2425laptop4/LEO-ROVER-CODING/install/leo_with_interfaces/lib:${LD_LIBRARY_PATH} PYTHONPATH=/home/mscrobotics2425laptop4/LEO-ROVER-CODING/build/ros_cv_messages/prefix_override:/usr/lib/python3/dist-packages/colcon_core/task/python/colcon_distutils_commands:/home/mscrobotics2425laptop4/LEO-ROVER-CODING/install/ros_cv_messages/lib/python3.10/site-packages:/home/mscrobotics2425laptop4/LEO-ROVER-CODING/install/leo_with_interfaces/local/lib/python3.10/dist-packages:${PYTHONPATH} /usr/bin/python3 -W ignore:setup.py install is deprecated -W ignore:easy_install command is deprecated setup.py egg_info --egg-base ../../../build/ros_cv_messages build --build-base /home/mscrobotics2425laptop4/LEO-ROVER-CODING/build/ros_cv_messages/build install --record /home/mscrobotics2425laptop4/LEO-ROVER-CODING/build/ros_cv_messages/install.log --single-version-externally-managed install_data
[1.989s] running egg_info
[1.990s] creating ../../../build/ros_cv_messages/ros_cv_messages.egg-info
[1.990s] writing ../../../build/ros_cv_messages/ros_cv_messages.egg-info/PKG-INFO
[1.991s] writing dependency_links to ../../../build/ros_cv_messages/ros_cv_messages.egg-info/dependency_links.txt
[1.991s] writing entry points to ../../../build/ros_cv_messages/ros_cv_messages.egg-info/entry_points.txt
[1.993s] writing requirements to ../../../build/ros_cv_messages/ros_cv_messages.egg-info/requires.txt
[1.993s] writing top-level names to ../../../build/ros_cv_messages/ros_cv_messages.egg-info/top_level.txt
[1.995s] writing manifest file '../../../build/ros_cv_messages/ros_cv_messages.egg-info/SOURCES.txt'
[1.997s] reading manifest file '../../../build/ros_cv_messages/ros_cv_messages.egg-info/SOURCES.txt'
[1.998s] writing manifest file '../../../build/ros_cv_messages/ros_cv_messages.egg-info/SOURCES.txt'
[1.999s] running build
[1.999s] running build_py
[1.999s] creating /home/mscrobotics2425laptop4/LEO-ROVER-CODING/build/ros_cv_messages/build
[1.999s] creating /home/mscrobotics2425laptop4/LEO-ROVER-CODING/build/ros_cv_messages/build/lib
[1.999s] creating /home/mscrobotics2425laptop4/LEO-ROVER-CODING/build/ros_cv_messages/build/lib/ros_cv_messages
[1.999s] copying ros_cv_messages/__init__.py -> /home/mscrobotics2425laptop4/LEO-ROVER-CODING/build/ros_cv_messages/build/lib/ros_cv_messages
[1.999s] copying ros_cv_messages/ros_cv_messages.py -> /home/mscrobotics2425laptop4/LEO-ROVER-CODING/build/ros_cv_messages/build/lib/ros_cv_messages
[1.999s] running install
[2.001s] running install_lib
[2.005s] creating /home/mscrobotics2425laptop4/LEO-ROVER-CODING/install/ros_cv_messages/lib/python3.10/site-packages/ros_cv_messages
[2.005s] copying /home/mscrobotics2425laptop4/LEO-ROVER-CODING/build/ros_cv_messages/build/lib/ros_cv_messages/__init__.py -> /home/mscrobotics2425laptop4/LEO-ROVER-CODING/install/ros_cv_messages/lib/python3.10/site-packages/ros_cv_messages
[2.005s] copying /home/mscrobotics2425laptop4/LEO-ROVER-CODING/build/ros_cv_messages/build/lib/ros_cv_messages/ros_cv_messages.py -> /home/mscrobotics2425laptop4/LEO-ROVER-CODING/install/ros_cv_messages/lib/python3.10/site-packages/ros_cv_messages
[2.014s] byte-compiling /home/mscrobotics2425laptop4/LEO-ROVER-CODING/install/ros_cv_messages/lib/python3.10/site-packages/ros_cv_messages/__init__.py to __init__.cpython-310.pyc
[2.014s] byte-compiling /home/mscrobotics2425laptop4/LEO-ROVER-CODING/install/ros_cv_messages/lib/python3.10/site-packages/ros_cv_messages/ros_cv_messages.py to ros_cv_messages.cpython-310.pyc
[2.017s] running install_data
[2.017s] creating /home/mscrobotics2425laptop4/LEO-ROVER-CODING/install/ros_cv_messages/share/ament_index
[2.020s] creating /home/mscrobotics2425laptop4/LEO-ROVER-CODING/install/ros_cv_messages/share/ament_index/resource_index
[2.021s] creating /home/mscrobotics2425laptop4/LEO-ROVER-CODING/install/ros_cv_messages/share/ament_index/resource_index/packages
[2.021s] copying resource/ros_cv_messages -> /home/mscrobotics2425laptop4/LEO-ROVER-CODING/install/ros_cv_messages/share/ament_index/resource_index/packages
[2.021s] copying package.xml -> /home/mscrobotics2425laptop4/LEO-ROVER-CODING/install/ros_cv_messages/share/ros_cv_messages
[2.021s] running install_egg_info
[2.021s] Copying ../../../build/ros_cv_messages/ros_cv_messages.egg-info to /home/mscrobotics2425laptop4/LEO-ROVER-CODING/install/ros_cv_messages/lib/python3.10/site-packages/ros_cv_messages-0.0.0-py3.10.egg-info
[2.025s] running install_scripts
[2.080s] Installing ros_cv_messages script to /home/mscrobotics2425laptop4/LEO-ROVER-CODING/install/ros_cv_messages/lib/ros_cv_messages
[2.081s] writing list of installed files to '/home/mscrobotics2425laptop4/LEO-ROVER-CODING/build/ros_cv_messages/install.log'
[2.138s] Invoked command in '/home/mscrobotics2425laptop4/LEO-ROVER-CODING/interbotix_ws/src/ros_cv_messages' returned '0': AMENT_PREFIX_PATH=/home/mscrobotics2425laptop4/LEO-ROVER-CODING/install/leo_with_interfaces:${AMENT_PREFIX_PATH} CMAKE_PREFIX_PATH=/home/mscrobotics2425laptop4/LEO-ROVER-CODING/install/leo_with_interfaces:${CMAKE_PREFIX_PATH} LD_LIBRARY_PATH=/home/mscrobotics2425laptop4/LEO-ROVER-CODING/install/leo_with_interfaces/lib:${LD_LIBRARY_PATH} PYTHONPATH=/home/mscrobotics2425laptop4/LEO-ROVER-CODING/build/ros_cv_messages/prefix_override:/usr/lib/python3/dist-packages/colcon_core/task/python/colcon_distutils_commands:/home/mscrobotics2425laptop4/LEO-ROVER-CODING/install/ros_cv_messages/lib/python3.10/site-packages:/home/mscrobotics2425laptop4/LEO-ROVER-CODING/install/leo_with_interfaces/local/lib/python3.10/dist-packages:${PYTHONPATH} /usr/bin/python3 -W ignore:setup.py install is deprecated -W ignore:easy_install command is deprecated setup.py egg_info --egg-base ../../../build/ros_cv_messages build --build-base /home/mscrobotics2425laptop4/LEO-ROVER-CODING/build/ros_cv_messages/build install --record /home/mscrobotics2425laptop4/LEO-ROVER-CODING/build/ros_cv_messages/install.log --single-version-externally-managed install_data
