[0.314s] Invoking command in '/home/mscrobotics2425laptop4/interbotix_ws/build/leo_with_interfaces': CMAKE_PREFIX_PATH=${CMAKE_PREFIX_PATH}:/home/mscrobotics2425laptop4/interbotix_ws/install/ros_cv_messages:/home/mscrobotics2425laptop4/interbotix_ws/install/leo_realsense:/home/mscrobotics2425laptop4/interbotix_ws/install/leo_manipulator:/home/mscrobotics2425laptop4/interbotix_ws/install/leo_main:/home/mscrobotics2425laptop4/interbotix_ws/install/leo_launch:/home/mscrobotics2425laptop4/interbotix_ws/install/interbotix_xs_modules:/home/mscrobotics2425laptop4/interbotix_ws/install/interbotix_perception_modules:/home/mscrobotics2425laptop4/interbotix_ws/install/interbotix_common_modules:/opt/ros/humble /usr/bin/cmake --build /home/mscrobotics2425laptop4/interbotix_ws/build/leo_with_interfaces -- -j12 -l12
[0.403s] [  3%] Built target leo_with_interfaces__cpp
[0.404s] [ 12%] Built target leo_with_interfaces__rosidl_generator_c
[0.443s] [ 12%] Built target ament_cmake_python_copy_leo_with_interfaces
[0.456s] [ 22%] Built target leo_with_interfaces__rosidl_typesupport_introspection_c
[0.468s] [ 32%] Built target leo_with_interfaces__rosidl_typesupport_cpp
[0.469s] [ 51%] Built target leo_with_interfaces__rosidl_typesupport_c
[0.469s] [ 51%] Built target leo_with_interfaces__rosidl_typesupport_introspection_cpp
[0.494s] [ 61%] Built target leo_with_interfaces__rosidl_typesupport_fastrtps_cpp
[0.509s] [ 70%] Built target leo_with_interfaces__rosidl_typesupport_fastrtps_c
[0.552s] [ 70%] Built target leo_with_interfaces
[0.579s] [ 74%] Built target leo_with_interfaces__py
[0.609s] [ 80%] Built target leo_with_interfaces__rosidl_generator_py
[0.642s] [ 87%] Built target leo_with_interfaces__rosidl_typesupport_fastrtps_c__pyext
[0.644s] [ 93%] Built target leo_with_interfaces__rosidl_typesupport_c__pyext
[0.657s] [100%] Built target leo_with_interfaces__rosidl_typesupport_introspection_c__pyext
[0.820s] running egg_info
[0.820s] writing leo_with_interfaces.egg-info/PKG-INFO
[0.820s] writing dependency_links to leo_with_interfaces.egg-info/dependency_links.txt
[0.820s] writing top-level names to leo_with_interfaces.egg-info/top_level.txt
[0.822s] reading manifest file 'leo_with_interfaces.egg-info/SOURCES.txt'
[0.822s] writing manifest file 'leo_with_interfaces.egg-info/SOURCES.txt'
[0.847s] [100%] Built target ament_cmake_python_build_leo_with_interfaces_egg
