[0.776s] Invoking command in '/home/mscrobotics2425laptop4/interbotix_ws/build/interbotix_perception_msgs': CMAKE_PREFIX_PATH=${CMAKE_PREFIX_PATH}:/home/mscrobotics2425laptop4/interbotix_ws/install/ros_cv_messages:/home/mscrobotics2425laptop4/interbotix_ws/install/leo_realsense:/home/mscrobotics2425laptop4/interbotix_ws/install/leo_manipulator:/home/mscrobotics2425laptop4/interbotix_ws/install/leo_main:/home/mscrobotics2425laptop4/interbotix_ws/install/leo_launch:/home/mscrobotics2425laptop4/interbotix_ws/install/interbotix_xs_modules:/home/mscrobotics2425laptop4/interbotix_ws/install/interbotix_perception_modules:/home/mscrobotics2425laptop4/interbotix_ws/install/interbotix_common_modules:/opt/ros/humble /usr/bin/cmake --build /home/mscrobotics2425laptop4/interbotix_ws/build/interbotix_perception_msgs -- -j12 -l12
[0.963s] [  1%] Built target interbotix_perception_msgs__cpp
[0.983s] [ 12%] Built target interbotix_perception_msgs__rosidl_generator_c
[1.081s] [ 12%] Built target ament_cmake_python_copy_interbotix_perception_msgs
[1.185s] [ 23%] Built target interbotix_perception_msgs__rosidl_typesupport_cpp
[1.197s] [ 40%] Built target interbotix_perception_msgs__rosidl_typesupport_introspection_cpp
[1.197s] [ 45%] Built target interbotix_perception_msgs__rosidl_typesupport_fastrtps_cpp
[1.244s] [ 56%] Built target interbotix_perception_msgs__rosidl_typesupport_introspection_c
[1.250s] [ 67%] Built target interbotix_perception_msgs__rosidl_typesupport_c
[1.275s] [ 78%] Built target interbotix_perception_msgs__rosidl_typesupport_fastrtps_c
[1.350s] [ 78%] Built target interbotix_perception_msgs
[1.429s] [ 80%] Built target interbotix_perception_msgs__py
[1.521s] [ 89%] Built target interbotix_perception_msgs__rosidl_generator_py
[1.628s] [ 92%] Built target interbotix_perception_msgs__rosidl_typesupport_fastrtps_c__pyext
[1.646s] [ 96%] Built target interbotix_perception_msgs__rosidl_typesupport_introspection_c__pyext
[1.667s] [100%] Built target interbotix_perception_msgs__rosidl_typesupport_c__pyext
[2.269s] running egg_info
[2.306s] writing interbotix_perception_msgs.egg-info/PKG-INFO
[2.307s] writing dependency_links to interbotix_perception_msgs.egg-info/dependency_links.txt
[2.307s] writing top-level names to interbotix_perception_msgs.egg-info/top_level.txt
[2.353s] reading manifest file 'interbotix_perception_msgs.egg-info/SOURCES.txt'
[2.353s] writing manifest file 'interbotix_perception_msgs.egg-info/SOURCES.txt'
[2.363s] [100%] Built target ament_cmake_python_build_interbotix_perception_msgs_egg
[2.755s] Invoked command in '/home/mscrobotics2425laptop4/interbotix_ws/build/interbotix_perception_msgs' returned '0': CMAKE_PREFIX_PATH=${CMAKE_PREFIX_PATH}:/home/mscrobotics2425laptop4/interbotix_ws/install/ros_cv_messages:/home/mscrobotics2425laptop4/interbotix_ws/install/leo_realsense:/home/mscrobotics2425laptop4/interbotix_ws/install/leo_manipulator:/home/mscrobotics2425laptop4/interbotix_ws/install/leo_main:/home/mscrobotics2425laptop4/interbotix_ws/install/leo_launch:/home/mscrobotics2425laptop4/interbotix_ws/install/interbotix_xs_modules:/home/mscrobotics2425laptop4/interbotix_ws/install/interbotix_perception_modules:/home/mscrobotics2425laptop4/interbotix_ws/install/interbotix_common_modules:/opt/ros/humble /usr/bin/cmake --build /home/mscrobotics2425laptop4/interbotix_ws/build/interbotix_perception_msgs -- -j12 -l12
[2.761s] Invoking command in '/home/mscrobotics2425laptop4/interbotix_ws/build/interbotix_perception_msgs': CMAKE_PREFIX_PATH=${CMAKE_PREFIX_PATH}:/home/mscrobotics2425laptop4/interbotix_ws/install/ros_cv_messages:/home/mscrobotics2425laptop4/interbotix_ws/install/leo_realsense:/home/mscrobotics2425laptop4/interbotix_ws/install/leo_manipulator:/home/mscrobotics2425laptop4/interbotix_ws/install/leo_main:/home/mscrobotics2425laptop4/interbotix_ws/install/leo_launch:/home/mscrobotics2425laptop4/interbotix_ws/install/interbotix_xs_modules:/home/mscrobotics2425laptop4/interbotix_ws/install/interbotix_perception_modules:/home/mscrobotics2425laptop4/interbotix_ws/install/interbotix_common_modules:/opt/ros/humble /usr/bin/cmake --install /home/mscrobotics2425laptop4/interbotix_ws/build/interbotix_perception_msgs
[2.863s] -- Install configuration: ""
[2.864s] -- Up-to-date: /home/mscrobotics2425laptop4/interbotix_ws/install/interbotix_perception_msgs/share/ament_index/resource_index/rosidl_interfaces/interbotix_perception_msgs
[2.864s] -- Up-to-date: /home/mscrobotics2425laptop4/interbotix_ws/install/interbotix_perception_msgs/include/interbotix_perception_msgs/interbotix_perception_msgs
[2.864s] -- Up-to-date: /home/mscrobotics2425laptop4/interbotix_ws/install/interbotix_perception_msgs/include/interbotix_perception_msgs/interbotix_perception_msgs/msg
[2.865s] -- Up-to-date: /home/mscrobotics2425laptop4/interbotix_ws/install/interbotix_perception_msgs/include/interbotix_perception_msgs/interbotix_perception_msgs/msg/rosidl_generator_c__visibility_control.h
[2.865s] -- Up-to-date: /home/mscrobotics2425laptop4/interbotix_ws/install/interbotix_perception_msgs/include/interbotix_perception_msgs/interbotix_perception_msgs/msg/detail
[2.866s] -- Up-to-date: /home/mscrobotics2425laptop4/interbotix_ws/install/interbotix_perception_msgs/include/interbotix_perception_msgs/interbotix_perception_msgs/msg/detail/cluster_info__struct.h
[2.868s] -- Up-to-date: /home/mscrobotics2425laptop4/interbotix_ws/install/interbotix_perception_msgs/include/interbotix_perception_msgs/interbotix_perception_msgs/msg/detail/cluster_info__type_support.h
[2.869s] -- Up-to-date: /home/mscrobotics2425laptop4/interbotix_ws/install/interbotix_perception_msgs/include/interbotix_perception_msgs/interbotix_perception_msgs/msg/detail/cluster_info__functions.c
[2.869s] -- Up-to-date: /home/mscrobotics2425laptop4/interbotix_ws/install/interbotix_perception_msgs/include/interbotix_perception_msgs/interbotix_perception_msgs/msg/detail/cluster_info__functions.h
[2.870s] -- Up-to-date: /home/mscrobotics2425laptop4/interbotix_ws/install/interbotix_perception_msgs/include/interbotix_perception_msgs/interbotix_perception_msgs/msg/cluster_info.h
[2.871s] -- Up-to-date: /home/mscrobotics2425laptop4/interbotix_ws/install/interbotix_perception_msgs/include/interbotix_perception_msgs/interbotix_perception_msgs/srv
[2.872s] -- Up-to-date: /home/mscrobotics2425laptop4/interbotix_ws/install/interbotix_perception_msgs/include/interbotix_perception_msgs/interbotix_perception_msgs/srv/detail
[2.873s] -- Up-to-date: /home/mscrobotics2425laptop4/interbotix_ws/install/interbotix_perception_msgs/include/interbotix_perception_msgs/interbotix_perception_msgs/srv/detail/snap_picture__functions.h
[2.874s] -- Up-to-date: /home/mscrobotics2425laptop4/interbotix_ws/install/interbotix_perception_msgs/include/interbotix_perception_msgs/interbotix_perception_msgs/srv/detail/cluster_info_array__functions.h
[2.875s] -- Up-to-date: /home/mscrobotics2425laptop4/interbotix_ws/install/interbotix_perception_msgs/include/interbotix_perception_msgs/interbotix_perception_msgs/srv/detail/cluster_info_array__functions.c
[2.877s] -- Up-to-date: /home/mscrobotics2425laptop4/interbotix_ws/install/interbotix_perception_msgs/include/interbotix_perception_msgs/interbotix_perception_msgs/srv/detail/snap_picture__struct.h
[2.879s] -- Up-to-date: /home/mscrobotics2425laptop4/interbotix_ws/install/interbotix_perception_msgs/include/interbotix_perception_msgs/interbotix_perception_msgs/srv/detail/snap_picture__functions.c
[2.879s] -- Up-to-date: /home/mscrobotics2425laptop4/interbotix_ws/install/interbotix_perception_msgs/include/interbotix_perception_msgs/interbotix_perception_msgs/srv/detail/filter_params__functions.c
[2.879s] -- Up-to-date: /home/mscrobotics2425laptop4/interbotix_ws/install/interbotix_perception_msgs/include/interbotix_perception_msgs/interbotix_perception_msgs/srv/detail/cluster_info_array__struct.h
[2.879s] -- Up-to-date: /home/mscrobotics2425laptop4/interbotix_ws/install/interbotix_perception_msgs/include/interbotix_perception_msgs/interbotix_perception_msgs/srv/detail/snap_picture__type_support.h
[2.879s] -- Up-to-date: /home/mscrobotics2425laptop4/interbotix_ws/install/interbotix_perception_msgs/include/interbotix_perception_msgs/interbotix_perception_msgs/srv/detail/filter_params__functions.h
[2.880s] -- Up-to-date: /home/mscrobotics2425laptop4/interbotix_ws/install/interbotix_perception_msgs/include/interbotix_perception_msgs/interbotix_perception_msgs/srv/detail/filter_params__struct.h
[2.880s] -- Up-to-date: /home/mscrobotics2425laptop4/interbotix_ws/install/interbotix_perception_msgs/include/interbotix_perception_msgs/interbotix_perception_msgs/srv/detail/cluster_info_array__type_support.h
[2.880s] -- Up-to-date: /home/mscrobotics2425laptop4/interbotix_ws/install/interbotix_perception_msgs/include/interbotix_perception_msgs/interbotix_perception_msgs/srv/detail/filter_params__type_support.h
[2.881s] -- Up-to-date: /home/mscrobotics2425laptop4/interbotix_ws/install/interbotix_perception_msgs/include/interbotix_perception_msgs/interbotix_perception_msgs/srv/filter_params.h
[2.881s] -- Up-to-date: /home/mscrobotics2425laptop4/interbotix_ws/install/interbotix_perception_msgs/include/interbotix_perception_msgs/interbotix_perception_msgs/srv/snap_picture.h
[2.881s] -- Up-to-date: /home/mscrobotics2425laptop4/interbotix_ws/install/interbotix_perception_msgs/include/interbotix_perception_msgs/interbotix_perception_msgs/srv/cluster_info_array.h
[2.882s] -- Up-to-date: /home/mscrobotics2425laptop4/interbotix_ws/install/interbotix_perception_msgs/share/interbotix_perception_msgs/environment/library_path.sh
[2.882s] -- Up-to-date: /home/mscrobotics2425laptop4/interbotix_ws/install/interbotix_perception_msgs/share/interbotix_perception_msgs/environment/library_path.dsv
[2.882s] -- Up-to-date: /home/mscrobotics2425laptop4/interbotix_ws/install/interbotix_perception_msgs/lib/libinterbotix_perception_msgs__rosidl_generator_c.so
[2.882s] -- Up-to-date: /home/mscrobotics2425laptop4/interbotix_ws/install/interbotix_perception_msgs/include/interbotix_perception_msgs/interbotix_perception_msgs
[2.882s] -- Up-to-date: /home/mscrobotics2425laptop4/interbotix_ws/install/interbotix_perception_msgs/include/interbotix_perception_msgs/interbotix_perception_msgs/msg
[2.882s] -- Up-to-date: /home/mscrobotics2425laptop4/interbotix_ws/install/interbotix_perception_msgs/include/interbotix_perception_msgs/interbotix_perception_msgs/msg/rosidl_typesupport_fastrtps_c__visibility_control.h
[2.883s] -- Up-to-date: /home/mscrobotics2425laptop4/interbotix_ws/install/interbotix_perception_msgs/include/interbotix_perception_msgs/interbotix_perception_msgs/msg/detail
[2.883s] -- Up-to-date: /home/mscrobotics2425laptop4/interbotix_ws/install/interbotix_perception_msgs/include/interbotix_perception_msgs/interbotix_perception_msgs/msg/detail/cluster_info__rosidl_typesupport_fastrtps_c.h
[2.883s] -- Up-to-date: /home/mscrobotics2425laptop4/interbotix_ws/install/interbotix_perception_msgs/include/interbotix_perception_msgs/interbotix_perception_msgs/srv
[2.885s] -- Up-to-date: /home/mscrobotics2425laptop4/interbotix_ws/install/interbotix_perception_msgs/include/interbotix_perception_msgs/interbotix_perception_msgs/srv/detail
[2.885s] -- Up-to-date: /home/mscrobotics2425laptop4/interbotix_ws/install/interbotix_perception_msgs/include/interbotix_perception_msgs/interbotix_perception_msgs/srv/detail/filter_params__rosidl_typesupport_fastrtps_c.h
[2.885s] -- Up-to-date: /home/mscrobotics2425laptop4/interbotix_ws/install/interbotix_perception_msgs/include/interbotix_perception_msgs/interbotix_perception_msgs/srv/detail/snap_picture__rosidl_typesupport_fastrtps_c.h
[2.885s] -- Up-to-date: /home/mscrobotics2425laptop4/interbotix_ws/install/interbotix_perception_msgs/include/interbotix_perception_msgs/interbotix_perception_msgs/srv/detail/cluster_info_array__rosidl_typesupport_fastrtps_c.h
[2.885s] -- Up-to-date: /home/mscrobotics2425laptop4/interbotix_ws/install/interbotix_perception_msgs/lib/libinterbotix_perception_msgs__rosidl_typesupport_fastrtps_c.so
[2.885s] -- Up-to-date: /home/mscrobotics2425laptop4/interbotix_ws/install/interbotix_perception_msgs/include/interbotix_perception_msgs/interbotix_perception_msgs
[2.886s] -- Up-to-date: /home/mscrobotics2425laptop4/interbotix_ws/install/interbotix_perception_msgs/include/interbotix_perception_msgs/interbotix_perception_msgs/msg
[2.886s] -- Up-to-date: /home/mscrobotics2425laptop4/interbotix_ws/install/interbotix_perception_msgs/include/interbotix_perception_msgs/interbotix_perception_msgs/msg/rosidl_typesupport_introspection_c__visibility_control.h
[2.886s] -- Up-to-date: /home/mscrobotics2425laptop4/interbotix_ws/install/interbotix_perception_msgs/include/interbotix_perception_msgs/interbotix_perception_msgs/msg/detail
[2.887s] -- Up-to-date: /home/mscrobotics2425laptop4/interbotix_ws/install/interbotix_perception_msgs/include/interbotix_perception_msgs/interbotix_perception_msgs/msg/detail/cluster_info__rosidl_typesupport_introspection_c.h
[2.888s] -- Up-to-date: /home/mscrobotics2425laptop4/interbotix_ws/install/interbotix_perception_msgs/include/interbotix_perception_msgs/interbotix_perception_msgs/msg/detail/cluster_info__type_support.c
[2.888s] -- Up-to-date: /home/mscrobotics2425laptop4/interbotix_ws/install/interbotix_perception_msgs/include/interbotix_perception_msgs/interbotix_perception_msgs/srv
[2.888s] -- Up-to-date: /home/mscrobotics2425laptop4/interbotix_ws/install/interbotix_perception_msgs/include/interbotix_perception_msgs/interbotix_perception_msgs/srv/detail
[2.888s] -- Up-to-date: /home/mscrobotics2425laptop4/interbotix_ws/install/interbotix_perception_msgs/include/interbotix_perception_msgs/interbotix_perception_msgs/srv/detail/filter_params__type_support.c
[2.889s] -- Up-to-date: /home/mscrobotics2425laptop4/interbotix_ws/install/interbotix_perception_msgs/include/interbotix_perception_msgs/interbotix_perception_msgs/srv/detail/snap_picture__type_support.c
[2.890s] -- Up-to-date: /home/mscrobotics2425laptop4/interbotix_ws/install/interbotix_perception_msgs/include/interbotix_perception_msgs/interbotix_perception_msgs/srv/detail/cluster_info_array__type_support.c
[2.892s] -- Up-to-date: /home/mscrobotics2425laptop4/interbotix_ws/install/interbotix_perception_msgs/include/interbotix_perception_msgs/interbotix_perception_msgs/srv/detail/filter_params__rosidl_typesupport_introspection_c.h
[2.893s] -- Up-to-date: /home/mscrobotics2425laptop4/interbotix_ws/install/interbotix_perception_msgs/include/interbotix_perception_msgs/interbotix_perception_msgs/srv/detail/cluster_info_array__rosidl_typesupport_introspection_c.h
[2.894s] -- Up-to-date: /home/mscrobotics2425laptop4/interbotix_ws/install/interbotix_perception_msgs/include/interbotix_perception_msgs/interbotix_perception_msgs/srv/detail/snap_picture__rosidl_typesupport_introspection_c.h
[2.895s] -- Up-to-date: /home/mscrobotics2425laptop4/interbotix_ws/install/interbotix_perception_msgs/lib/libinterbotix_perception_msgs__rosidl_typesupport_introspection_c.so
[2.895s] -- Up-to-date: /home/mscrobotics2425laptop4/interbotix_ws/install/interbotix_perception_msgs/lib/libinterbotix_perception_msgs__rosidl_typesupport_c.so
[2.896s] -- Up-to-date: /home/mscrobotics2425laptop4/interbotix_ws/install/interbotix_perception_msgs/include/interbotix_perception_msgs/interbotix_perception_msgs
[2.896s] -- Up-to-date: /home/mscrobotics2425laptop4/interbotix_ws/install/interbotix_perception_msgs/include/interbotix_perception_msgs/interbotix_perception_msgs/msg
[2.896s] -- Up-to-date: /home/mscrobotics2425laptop4/interbotix_ws/install/interbotix_perception_msgs/include/interbotix_perception_msgs/interbotix_perception_msgs/msg/cluster_info.hpp
[2.897s] -- Up-to-date: /home/mscrobotics2425laptop4/interbotix_ws/install/interbotix_perception_msgs/include/interbotix_perception_msgs/interbotix_perception_msgs/msg/detail
[2.897s] -- Up-to-date: /home/mscrobotics2425laptop4/interbotix_ws/install/interbotix_perception_msgs/include/interbotix_perception_msgs/interbotix_perception_msgs/msg/detail/cluster_info__type_support.hpp
[2.898s] -- Up-to-date: /home/mscrobotics2425laptop4/interbotix_ws/install/interbotix_perception_msgs/include/interbotix_perception_msgs/interbotix_perception_msgs/msg/detail/cluster_info__traits.hpp
[2.898s] -- Up-to-date: /home/mscrobotics2425laptop4/interbotix_ws/install/interbotix_perception_msgs/include/interbotix_perception_msgs/interbotix_perception_msgs/msg/detail/cluster_info__builder.hpp
[2.899s] -- Up-to-date: /home/mscrobotics2425laptop4/interbotix_ws/install/interbotix_perception_msgs/include/interbotix_perception_msgs/interbotix_perception_msgs/msg/detail/cluster_info__struct.hpp
[2.900s] -- Up-to-date: /home/mscrobotics2425laptop4/interbotix_ws/install/interbotix_perception_msgs/include/interbotix_perception_msgs/interbotix_perception_msgs/msg/rosidl_generator_cpp__visibility_control.hpp
[2.901s] -- Up-to-date: /home/mscrobotics2425laptop4/interbotix_ws/install/interbotix_perception_msgs/include/interbotix_perception_msgs/interbotix_perception_msgs/srv
[2.902s] -- Up-to-date: /home/mscrobotics2425laptop4/interbotix_ws/install/interbotix_perception_msgs/include/interbotix_perception_msgs/interbotix_perception_msgs/srv/cluster_info_array.hpp
[2.902s] -- Up-to-date: /home/mscrobotics2425laptop4/interbotix_ws/install/interbotix_perception_msgs/include/interbotix_perception_msgs/interbotix_perception_msgs/srv/snap_picture.hpp
[2.902s] -- Up-to-date: /home/mscrobotics2425laptop4/interbotix_ws/install/interbotix_perception_msgs/include/interbotix_perception_msgs/interbotix_perception_msgs/srv/detail
[2.902s] -- Up-to-date: /home/mscrobotics2425laptop4/interbotix_ws/install/interbotix_perception_msgs/include/interbotix_perception_msgs/interbotix_perception_msgs/srv/detail/cluster_info_array__builder.hpp
[2.903s] -- Up-to-date: /home/mscrobotics2425laptop4/interbotix_ws/install/interbotix_perception_msgs/include/interbotix_perception_msgs/interbotix_perception_msgs/srv/detail/cluster_info_array__traits.hpp
[2.903s] -- Up-to-date: /home/mscrobotics2425laptop4/interbotix_ws/install/interbotix_perception_msgs/include/interbotix_perception_msgs/interbotix_perception_msgs/srv/detail/snap_picture__type_support.hpp
[2.903s] -- Up-to-date: /home/mscrobotics2425laptop4/interbotix_ws/install/interbotix_perception_msgs/include/interbotix_perception_msgs/interbotix_perception_msgs/srv/detail/snap_picture__builder.hpp
[2.903s] -- Up-to-date: /home/mscrobotics2425laptop4/interbotix_ws/install/interbotix_perception_msgs/include/interbotix_perception_msgs/interbotix_perception_msgs/srv/detail/filter_params__builder.hpp
[2.903s] -- Up-to-date: /home/mscrobotics2425laptop4/interbotix_ws/install/interbotix_perception_msgs/include/interbotix_perception_msgs/interbotix_perception_msgs/srv/detail/snap_picture__traits.hpp
[2.903s] -- Up-to-date: /home/mscrobotics2425laptop4/interbotix_ws/install/interbotix_perception_msgs/include/interbotix_perception_msgs/interbotix_perception_msgs/srv/detail/cluster_info_array__struct.hpp
[2.912s] -- Up-to-date: /home/mscrobotics2425laptop4/interbotix_ws/install/interbotix_perception_msgs/include/interbotix_perception_msgs/interbotix_perception_msgs/srv/detail/filter_params__traits.hpp
[2.913s] -- Up-to-date: /home/mscrobotics2425laptop4/interbotix_ws/install/interbotix_perception_msgs/include/interbotix_perception_msgs/interbotix_perception_msgs/srv/detail/snap_picture__struct.hpp
[2.913s] -- Up-to-date: /home/mscrobotics2425laptop4/interbotix_ws/install/interbotix_perception_msgs/include/interbotix_perception_msgs/interbotix_perception_msgs/srv/detail/filter_params__type_support.hpp
[2.913s] -- Up-to-date: /home/mscrobotics2425laptop4/interbotix_ws/install/interbotix_perception_msgs/include/interbotix_perception_msgs/interbotix_perception_msgs/srv/detail/cluster_info_array__type_support.hpp
[2.913s] -- Up-to-date: /home/mscrobotics2425laptop4/interbotix_ws/install/interbotix_perception_msgs/include/interbotix_perception_msgs/interbotix_perception_msgs/srv/detail/filter_params__struct.hpp
[2.913s] -- Up-to-date: /home/mscrobotics2425laptop4/interbotix_ws/install/interbotix_perception_msgs/include/interbotix_perception_msgs/interbotix_perception_msgs/srv/filter_params.hpp
[2.914s] -- Up-to-date: /home/mscrobotics2425laptop4/interbotix_ws/install/interbotix_perception_msgs/include/interbotix_perception_msgs/interbotix_perception_msgs
[2.914s] -- Up-to-date: /home/mscrobotics2425laptop4/interbotix_ws/install/interbotix_perception_msgs/include/interbotix_perception_msgs/interbotix_perception_msgs/msg
[2.914s] -- Up-to-date: /home/mscrobotics2425laptop4/interbotix_ws/install/interbotix_perception_msgs/include/interbotix_perception_msgs/interbotix_perception_msgs/msg/detail
[2.914s] -- Up-to-date: /home/mscrobotics2425laptop4/interbotix_ws/install/interbotix_perception_msgs/include/interbotix_perception_msgs/interbotix_perception_msgs/msg/detail/cluster_info__rosidl_typesupport_fastrtps_cpp.hpp
[2.914s] -- Up-to-date: /home/mscrobotics2425laptop4/interbotix_ws/install/interbotix_perception_msgs/include/interbotix_perception_msgs/interbotix_perception_msgs/msg/detail/dds_fastrtps
[2.914s] -- Up-to-date: /home/mscrobotics2425laptop4/interbotix_ws/install/interbotix_perception_msgs/include/interbotix_perception_msgs/interbotix_perception_msgs/msg/rosidl_typesupport_fastrtps_cpp__visibility_control.h
[2.915s] -- Up-to-date: /home/mscrobotics2425laptop4/interbotix_ws/install/interbotix_perception_msgs/include/interbotix_perception_msgs/interbotix_perception_msgs/srv
[2.915s] -- Up-to-date: /home/mscrobotics2425laptop4/interbotix_ws/install/interbotix_perception_msgs/include/interbotix_perception_msgs/interbotix_perception_msgs/srv/detail
[2.919s] -- Up-to-date: /home/mscrobotics2425laptop4/interbotix_ws/install/interbotix_perception_msgs/include/interbotix_perception_msgs/interbotix_perception_msgs/srv/detail/cluster_info_array__rosidl_typesupport_fastrtps_cpp.hpp
[2.926s] -- Up-to-date: /home/mscrobotics2425laptop4/interbotix_ws/install/interbotix_perception_msgs/include/interbotix_perception_msgs/interbotix_perception_msgs/srv/detail/dds_fastrtps
[2.926s] -- Up-to-date: /home/mscrobotics2425laptop4/interbotix_ws/install/interbotix_perception_msgs/include/interbotix_perception_msgs/interbotix_perception_msgs/srv/detail/snap_picture__rosidl_typesupport_fastrtps_cpp.hpp
[2.926s] -- Up-to-date: /home/mscrobotics2425laptop4/interbotix_ws/install/interbotix_perception_msgs/include/interbotix_perception_msgs/interbotix_perception_msgs/srv/detail/filter_params__rosidl_typesupport_fastrtps_cpp.hpp
[2.927s] -- Up-to-date: /home/mscrobotics2425laptop4/interbotix_ws/install/interbotix_perception_msgs/lib/libinterbotix_perception_msgs__rosidl_typesupport_fastrtps_cpp.so
[2.927s] -- Up-to-date: /home/mscrobotics2425laptop4/interbotix_ws/install/interbotix_perception_msgs/include/interbotix_perception_msgs/interbotix_perception_msgs
[2.927s] -- Up-to-date: /home/mscrobotics2425laptop4/interbotix_ws/install/interbotix_perception_msgs/include/interbotix_perception_msgs/interbotix_perception_msgs/msg
[2.928s] -- Up-to-date: /home/mscrobotics2425laptop4/interbotix_ws/install/interbotix_perception_msgs/include/interbotix_perception_msgs/interbotix_perception_msgs/msg/detail
[2.932s] -- Up-to-date: /home/mscrobotics2425laptop4/interbotix_ws/install/interbotix_perception_msgs/include/interbotix_perception_msgs/interbotix_perception_msgs/msg/detail/cluster_info__type_support.cpp
[2.932s] -- Up-to-date: /home/mscrobotics2425laptop4/interbotix_ws/install/interbotix_perception_msgs/include/interbotix_perception_msgs/interbotix_perception_msgs/msg/detail/cluster_info__rosidl_typesupport_introspection_cpp.hpp
[2.933s] -- Up-to-date: /home/mscrobotics2425laptop4/interbotix_ws/install/interbotix_perception_msgs/include/interbotix_perception_msgs/interbotix_perception_msgs/srv
[2.933s] -- Up-to-date: /home/mscrobotics2425laptop4/interbotix_ws/install/interbotix_perception_msgs/include/interbotix_perception_msgs/interbotix_perception_msgs/srv/detail
[2.935s] -- Up-to-date: /home/mscrobotics2425laptop4/interbotix_ws/install/interbotix_perception_msgs/include/interbotix_perception_msgs/interbotix_perception_msgs/srv/detail/filter_params__rosidl_typesupport_introspection_cpp.hpp
[2.936s] -- Up-to-date: /home/mscrobotics2425laptop4/interbotix_ws/install/interbotix_perception_msgs/include/interbotix_perception_msgs/interbotix_perception_msgs/srv/detail/snap_picture__rosidl_typesupport_introspection_cpp.hpp
[2.936s] -- Up-to-date: /home/mscrobotics2425laptop4/interbotix_ws/install/interbotix_perception_msgs/include/interbotix_perception_msgs/interbotix_perception_msgs/srv/detail/cluster_info_array__type_support.cpp
[2.938s] -- Up-to-date: /home/mscrobotics2425laptop4/interbotix_ws/install/interbotix_perception_msgs/include/interbotix_perception_msgs/interbotix_perception_msgs/srv/detail/filter_params__type_support.cpp
[2.938s] -- Up-to-date: /home/mscrobotics2425laptop4/interbotix_ws/install/interbotix_perception_msgs/include/interbotix_perception_msgs/interbotix_perception_msgs/srv/detail/cluster_info_array__rosidl_typesupport_introspection_cpp.hpp
[2.938s] -- Up-to-date: /home/mscrobotics2425laptop4/interbotix_ws/install/interbotix_perception_msgs/include/interbotix_perception_msgs/interbotix_perception_msgs/srv/detail/snap_picture__type_support.cpp
[2.938s] -- Up-to-date: /home/mscrobotics2425laptop4/interbotix_ws/install/interbotix_perception_msgs/lib/libinterbotix_perception_msgs__rosidl_typesupport_introspection_cpp.so
[2.938s] -- Up-to-date: /home/mscrobotics2425laptop4/interbotix_ws/install/interbotix_perception_msgs/lib/libinterbotix_perception_msgs__rosidl_typesupport_cpp.so
[2.938s] -- Up-to-date: /home/mscrobotics2425laptop4/interbotix_ws/install/interbotix_perception_msgs/share/interbotix_perception_msgs/environment/pythonpath.sh
[2.938s] -- Up-to-date: /home/mscrobotics2425laptop4/interbotix_ws/install/interbotix_perception_msgs/share/interbotix_perception_msgs/environment/pythonpath.dsv
[2.939s] -- Up-to-date: /home/mscrobotics2425laptop4/interbotix_ws/install/interbotix_perception_msgs/local/lib/python3.10/dist-packages/interbotix_perception_msgs-0.0.0-py3.10.egg-info
[2.939s] -- Installing: /home/mscrobotics2425laptop4/interbotix_ws/install/interbotix_perception_msgs/local/lib/python3.10/dist-packages/interbotix_perception_msgs-0.0.0-py3.10.egg-info/dependency_links.txt
[2.939s] -- Installing: /home/mscrobotics2425laptop4/interbotix_ws/install/interbotix_perception_msgs/local/lib/python3.10/dist-packages/interbotix_perception_msgs-0.0.0-py3.10.egg-info/SOURCES.txt
[2.939s] -- Installing: /home/mscrobotics2425laptop4/interbotix_ws/install/interbotix_perception_msgs/local/lib/python3.10/dist-packages/interbotix_perception_msgs-0.0.0-py3.10.egg-info/PKG-INFO
[2.939s] -- Installing: /home/mscrobotics2425laptop4/interbotix_ws/install/interbotix_perception_msgs/local/lib/python3.10/dist-packages/interbotix_perception_msgs-0.0.0-py3.10.egg-info/top_level.txt
[2.939s] -- Up-to-date: /home/mscrobotics2425laptop4/interbotix_ws/install/interbotix_perception_msgs/local/lib/python3.10/dist-packages/interbotix_perception_msgs
[2.940s] -- Up-to-date: /home/mscrobotics2425laptop4/interbotix_ws/install/interbotix_perception_msgs/local/lib/python3.10/dist-packages/interbotix_perception_msgs/interbotix_perception_msgs_s__rosidl_typesupport_fastrtps_c.cpython-310-x86_64-linux-gnu.so
[2.940s] -- Up-to-date: /home/mscrobotics2425laptop4/interbotix_ws/install/interbotix_perception_msgs/local/lib/python3.10/dist-packages/interbotix_perception_msgs/_interbotix_perception_msgs_s.ep.rosidl_typesupport_c.c
[2.940s] -- Up-to-date: /home/mscrobotics2425laptop4/interbotix_ws/install/interbotix_perception_msgs/local/lib/python3.10/dist-packages/interbotix_perception_msgs/_interbotix_perception_msgs_s.ep.rosidl_typesupport_fastrtps_c.c
[2.941s] -- Up-to-date: /home/mscrobotics2425laptop4/interbotix_ws/install/interbotix_perception_msgs/local/lib/python3.10/dist-packages/interbotix_perception_msgs/interbotix_perception_msgs_s__rosidl_typesupport_introspection_c.cpython-310-x86_64-linux-gnu.so
[2.941s] -- Up-to-date: /home/mscrobotics2425laptop4/interbotix_ws/install/interbotix_perception_msgs/local/lib/python3.10/dist-packages/interbotix_perception_msgs/interbotix_perception_msgs_s__rosidl_typesupport_c.cpython-310-x86_64-linux-gnu.so
[2.941s] -- Up-to-date: /home/mscrobotics2425laptop4/interbotix_ws/install/interbotix_perception_msgs/local/lib/python3.10/dist-packages/interbotix_perception_msgs/_interbotix_perception_msgs_s.ep.rosidl_typesupport_introspection_c.c
[2.942s] -- Up-to-date: /home/mscrobotics2425laptop4/interbotix_ws/install/interbotix_perception_msgs/local/lib/python3.10/dist-packages/interbotix_perception_msgs/__init__.py
[2.943s] -- Up-to-date: /home/mscrobotics2425laptop4/interbotix_ws/install/interbotix_perception_msgs/local/lib/python3.10/dist-packages/interbotix_perception_msgs/libinterbotix_perception_msgs__rosidl_generator_py.so
[2.943s] -- Up-to-date: /home/mscrobotics2425laptop4/interbotix_ws/install/interbotix_perception_msgs/local/lib/python3.10/dist-packages/interbotix_perception_msgs/msg
[2.945s] -- Up-to-date: /home/mscrobotics2425laptop4/interbotix_ws/install/interbotix_perception_msgs/local/lib/python3.10/dist-packages/interbotix_perception_msgs/msg/_cluster_info.py
[2.946s] -- Up-to-date: /home/mscrobotics2425laptop4/interbotix_ws/install/interbotix_perception_msgs/local/lib/python3.10/dist-packages/interbotix_perception_msgs/msg/__init__.py
[2.946s] -- Up-to-date: /home/mscrobotics2425laptop4/interbotix_ws/install/interbotix_perception_msgs/local/lib/python3.10/dist-packages/interbotix_perception_msgs/msg/_cluster_info_s.c
[2.947s] -- Up-to-date: /home/mscrobotics2425laptop4/interbotix_ws/install/interbotix_perception_msgs/local/lib/python3.10/dist-packages/interbotix_perception_msgs/srv
[2.947s] -- Up-to-date: /home/mscrobotics2425laptop4/interbotix_ws/install/interbotix_perception_msgs/local/lib/python3.10/dist-packages/interbotix_perception_msgs/srv/_filter_params.py
[2.947s] -- Up-to-date: /home/mscrobotics2425laptop4/interbotix_ws/install/interbotix_perception_msgs/local/lib/python3.10/dist-packages/interbotix_perception_msgs/srv/_snap_picture.py
[2.947s] -- Up-to-date: /home/mscrobotics2425laptop4/interbotix_ws/install/interbotix_perception_msgs/local/lib/python3.10/dist-packages/interbotix_perception_msgs/srv/_filter_params_s.c
[2.947s] -- Up-to-date: /home/mscrobotics2425laptop4/interbotix_ws/install/interbotix_perception_msgs/local/lib/python3.10/dist-packages/interbotix_perception_msgs/srv/__init__.py
[2.948s] -- Up-to-date: /home/mscrobotics2425laptop4/interbotix_ws/install/interbotix_perception_msgs/local/lib/python3.10/dist-packages/interbotix_perception_msgs/srv/_cluster_info_array.py
[2.948s] -- Up-to-date: /home/mscrobotics2425laptop4/interbotix_ws/install/interbotix_perception_msgs/local/lib/python3.10/dist-packages/interbotix_perception_msgs/srv/_cluster_info_array_s.c
[2.948s] -- Up-to-date: /home/mscrobotics2425laptop4/interbotix_ws/install/interbotix_perception_msgs/local/lib/python3.10/dist-packages/interbotix_perception_msgs/srv/_snap_picture_s.c
[3.004s] Listing '/home/mscrobotics2425laptop4/interbotix_ws/install/interbotix_perception_msgs/local/lib/python3.10/dist-packages/interbotix_perception_msgs'...
[3.004s] Listing '/home/mscrobotics2425laptop4/interbotix_ws/install/interbotix_perception_msgs/local/lib/python3.10/dist-packages/interbotix_perception_msgs/msg'...
[3.005s] Listing '/home/mscrobotics2425laptop4/interbotix_ws/install/interbotix_perception_msgs/local/lib/python3.10/dist-packages/interbotix_perception_msgs/srv'...
[3.043s] -- Up-to-date: /home/mscrobotics2425laptop4/interbotix_ws/install/interbotix_perception_msgs/local/lib/python3.10/dist-packages/interbotix_perception_msgs/interbotix_perception_msgs_s__rosidl_typesupport_fastrtps_c.cpython-310-x86_64-linux-gnu.so
[3.045s] -- Up-to-date: /home/mscrobotics2425laptop4/interbotix_ws/install/interbotix_perception_msgs/local/lib/python3.10/dist-packages/interbotix_perception_msgs/interbotix_perception_msgs_s__rosidl_typesupport_introspection_c.cpython-310-x86_64-linux-gnu.so
[3.046s] -- Up-to-date: /home/mscrobotics2425laptop4/interbotix_ws/install/interbotix_perception_msgs/local/lib/python3.10/dist-packages/interbotix_perception_msgs/interbotix_perception_msgs_s__rosidl_typesupport_c.cpython-310-x86_64-linux-gnu.so
[3.046s] -- Up-to-date: /home/mscrobotics2425laptop4/interbotix_ws/install/interbotix_perception_msgs/lib/libinterbotix_perception_msgs__rosidl_generator_py.so
[3.047s] -- Up-to-date: /home/mscrobotics2425laptop4/interbotix_ws/install/interbotix_perception_msgs/share/interbotix_perception_msgs/msg/ClusterInfo.idl
[3.047s] -- Up-to-date: /home/mscrobotics2425laptop4/interbotix_ws/install/interbotix_perception_msgs/share/interbotix_perception_msgs/srv/ClusterInfoArray.idl
[3.048s] -- Up-to-date: /home/mscrobotics2425laptop4/interbotix_ws/install/interbotix_perception_msgs/share/interbotix_perception_msgs/srv/FilterParams.idl
[3.050s] -- Up-to-date: /home/mscrobotics2425laptop4/interbotix_ws/install/interbotix_perception_msgs/share/interbotix_perception_msgs/srv/SnapPicture.idl
[3.052s] -- Up-to-date: /home/mscrobotics2425laptop4/interbotix_ws/install/interbotix_perception_msgs/share/interbotix_perception_msgs/msg/ClusterInfo.msg
[3.052s] -- Up-to-date: /home/mscrobotics2425laptop4/interbotix_ws/install/interbotix_perception_msgs/share/interbotix_perception_msgs/srv/ClusterInfoArray.srv
[3.052s] -- Up-to-date: /home/mscrobotics2425laptop4/interbotix_ws/install/interbotix_perception_msgs/share/interbotix_perception_msgs/srv/ClusterInfoArray_Request.msg
[3.053s] -- Up-to-date: /home/mscrobotics2425laptop4/interbotix_ws/install/interbotix_perception_msgs/share/interbotix_perception_msgs/srv/ClusterInfoArray_Response.msg
[3.059s] -- Up-to-date: /home/mscrobotics2425laptop4/interbotix_ws/install/interbotix_perception_msgs/share/interbotix_perception_msgs/srv/FilterParams.srv
[3.059s] -- Up-to-date: /home/mscrobotics2425laptop4/interbotix_ws/install/interbotix_perception_msgs/share/interbotix_perception_msgs/srv/FilterParams_Request.msg
[3.059s] -- Up-to-date: /home/mscrobotics2425laptop4/interbotix_ws/install/interbotix_perception_msgs/share/interbotix_perception_msgs/srv/FilterParams_Response.msg
[3.060s] -- Up-to-date: /home/mscrobotics2425laptop4/interbotix_ws/install/interbotix_perception_msgs/share/interbotix_perception_msgs/srv/SnapPicture.srv
[3.060s] -- Up-to-date: /home/mscrobotics2425laptop4/interbotix_ws/install/interbotix_perception_msgs/share/interbotix_perception_msgs/srv/SnapPicture_Request.msg
[3.060s] -- Up-to-date: /home/mscrobotics2425laptop4/interbotix_ws/install/interbotix_perception_msgs/share/interbotix_perception_msgs/srv/SnapPicture_Response.msg
[3.060s] -- Up-to-date: /home/mscrobotics2425laptop4/interbotix_ws/install/interbotix_perception_msgs/share/ament_index/resource_index/package_run_dependencies/interbotix_perception_msgs
[3.060s] -- Up-to-date: /home/mscrobotics2425laptop4/interbotix_ws/install/interbotix_perception_msgs/share/ament_index/resource_index/parent_prefix_path/interbotix_perception_msgs
[3.061s] -- Up-to-date: /home/mscrobotics2425laptop4/interbotix_ws/install/interbotix_perception_msgs/share/interbotix_perception_msgs/environment/ament_prefix_path.sh
[3.061s] -- Up-to-date: /home/mscrobotics2425laptop4/interbotix_ws/install/interbotix_perception_msgs/share/interbotix_perception_msgs/environment/ament_prefix_path.dsv
[3.061s] -- Up-to-date: /home/mscrobotics2425laptop4/interbotix_ws/install/interbotix_perception_msgs/share/interbotix_perception_msgs/environment/path.sh
[3.061s] -- Up-to-date: /home/mscrobotics2425laptop4/interbotix_ws/install/interbotix_perception_msgs/share/interbotix_perception_msgs/environment/path.dsv
[3.062s] -- Up-to-date: /home/mscrobotics2425laptop4/interbotix_ws/install/interbotix_perception_msgs/share/interbotix_perception_msgs/local_setup.bash
[3.062s] -- Up-to-date: /home/mscrobotics2425laptop4/interbotix_ws/install/interbotix_perception_msgs/share/interbotix_perception_msgs/local_setup.sh
[3.062s] -- Up-to-date: /home/mscrobotics2425laptop4/interbotix_ws/install/interbotix_perception_msgs/share/interbotix_perception_msgs/local_setup.zsh
[3.062s] -- Up-to-date: /home/mscrobotics2425laptop4/interbotix_ws/install/interbotix_perception_msgs/share/interbotix_perception_msgs/local_setup.dsv
[3.062s] -- Installing: /home/mscrobotics2425laptop4/interbotix_ws/install/interbotix_perception_msgs/share/interbotix_perception_msgs/package.dsv
[3.062s] -- Up-to-date: /home/mscrobotics2425laptop4/interbotix_ws/install/interbotix_perception_msgs/share/ament_index/resource_index/packages/interbotix_perception_msgs
[3.063s] -- Up-to-date: /home/mscrobotics2425laptop4/interbotix_ws/install/interbotix_perception_msgs/share/interbotix_perception_msgs/cmake/export_interbotix_perception_msgs__rosidl_generator_cExport.cmake
[3.063s] -- Up-to-date: /home/mscrobotics2425laptop4/interbotix_ws/install/interbotix_perception_msgs/share/interbotix_perception_msgs/cmake/export_interbotix_perception_msgs__rosidl_generator_cExport-noconfig.cmake
[3.063s] -- Up-to-date: /home/mscrobotics2425laptop4/interbotix_ws/install/interbotix_perception_msgs/share/interbotix_perception_msgs/cmake/export_interbotix_perception_msgs__rosidl_typesupport_fastrtps_cExport.cmake
[3.063s] -- Up-to-date: /home/mscrobotics2425laptop4/interbotix_ws/install/interbotix_perception_msgs/share/interbotix_perception_msgs/cmake/export_interbotix_perception_msgs__rosidl_typesupport_fastrtps_cExport-noconfig.cmake
[3.063s] -- Up-to-date: /home/mscrobotics2425laptop4/interbotix_ws/install/interbotix_perception_msgs/share/interbotix_perception_msgs/cmake/interbotix_perception_msgs__rosidl_typesupport_introspection_cExport.cmake
[3.063s] -- Up-to-date: /home/mscrobotics2425laptop4/interbotix_ws/install/interbotix_perception_msgs/share/interbotix_perception_msgs/cmake/interbotix_perception_msgs__rosidl_typesupport_introspection_cExport-noconfig.cmake
[3.064s] -- Up-to-date: /home/mscrobotics2425laptop4/interbotix_ws/install/interbotix_perception_msgs/share/interbotix_perception_msgs/cmake/interbotix_perception_msgs__rosidl_typesupport_cExport.cmake
[3.064s] -- Up-to-date: /home/mscrobotics2425laptop4/interbotix_ws/install/interbotix_perception_msgs/share/interbotix_perception_msgs/cmake/interbotix_perception_msgs__rosidl_typesupport_cExport-noconfig.cmake
[3.064s] -- Up-to-date: /home/mscrobotics2425laptop4/interbotix_ws/install/interbotix_perception_msgs/share/interbotix_perception_msgs/cmake/export_interbotix_perception_msgs__rosidl_generator_cppExport.cmake
[3.064s] -- Up-to-date: /home/mscrobotics2425laptop4/interbotix_ws/install/interbotix_perception_msgs/share/interbotix_perception_msgs/cmake/export_interbotix_perception_msgs__rosidl_typesupport_fastrtps_cppExport.cmake
[3.064s] -- Up-to-date: /home/mscrobotics2425laptop4/interbotix_ws/install/interbotix_perception_msgs/share/interbotix_perception_msgs/cmake/export_interbotix_perception_msgs__rosidl_typesupport_fastrtps_cppExport-noconfig.cmake
[3.065s] -- Up-to-date: /home/mscrobotics2425laptop4/interbotix_ws/install/interbotix_perception_msgs/share/interbotix_perception_msgs/cmake/interbotix_perception_msgs__rosidl_typesupport_introspection_cppExport.cmake
[3.065s] -- Up-to-date: /home/mscrobotics2425laptop4/interbotix_ws/install/interbotix_perception_msgs/share/interbotix_perception_msgs/cmake/interbotix_perception_msgs__rosidl_typesupport_introspection_cppExport-noconfig.cmake
[3.068s] -- Up-to-date: /home/mscrobotics2425laptop4/interbotix_ws/install/interbotix_perception_msgs/share/interbotix_perception_msgs/cmake/interbotix_perception_msgs__rosidl_typesupport_cppExport.cmake
[3.068s] -- Up-to-date: /home/mscrobotics2425laptop4/interbotix_ws/install/interbotix_perception_msgs/share/interbotix_perception_msgs/cmake/interbotix_perception_msgs__rosidl_typesupport_cppExport-noconfig.cmake
[3.071s] -- Up-to-date: /home/mscrobotics2425laptop4/interbotix_ws/install/interbotix_perception_msgs/share/interbotix_perception_msgs/cmake/export_interbotix_perception_msgs__rosidl_generator_pyExport.cmake
[3.071s] -- Up-to-date: /home/mscrobotics2425laptop4/interbotix_ws/install/interbotix_perception_msgs/share/interbotix_perception_msgs/cmake/export_interbotix_perception_msgs__rosidl_generator_pyExport-noconfig.cmake
[3.071s] -- Up-to-date: /home/mscrobotics2425laptop4/interbotix_ws/install/interbotix_perception_msgs/share/interbotix_perception_msgs/cmake/rosidl_cmake-extras.cmake
[3.072s] -- Up-to-date: /home/mscrobotics2425laptop4/interbotix_ws/install/interbotix_perception_msgs/share/interbotix_perception_msgs/cmake/ament_cmake_export_dependencies-extras.cmake
[3.073s] -- Up-to-date: /home/mscrobotics2425laptop4/interbotix_ws/install/interbotix_perception_msgs/share/interbotix_perception_msgs/cmake/ament_cmake_export_include_directories-extras.cmake
[3.073s] -- Up-to-date: /home/mscrobotics2425laptop4/interbotix_ws/install/interbotix_perception_msgs/share/interbotix_perception_msgs/cmake/ament_cmake_export_libraries-extras.cmake
[3.073s] -- Up-to-date: /home/mscrobotics2425laptop4/interbotix_ws/install/interbotix_perception_msgs/share/interbotix_perception_msgs/cmake/ament_cmake_export_targets-extras.cmake
[3.073s] -- Up-to-date: /home/mscrobotics2425laptop4/interbotix_ws/install/interbotix_perception_msgs/share/interbotix_perception_msgs/cmake/rosidl_cmake_export_typesupport_targets-extras.cmake
[3.074s] -- Up-to-date: /home/mscrobotics2425laptop4/interbotix_ws/install/interbotix_perception_msgs/share/interbotix_perception_msgs/cmake/rosidl_cmake_export_typesupport_libraries-extras.cmake
[3.074s] -- Up-to-date: /home/mscrobotics2425laptop4/interbotix_ws/install/interbotix_perception_msgs/share/interbotix_perception_msgs/cmake/interbotix_perception_msgsConfig.cmake
[3.074s] -- Up-to-date: /home/mscrobotics2425laptop4/interbotix_ws/install/interbotix_perception_msgs/share/interbotix_perception_msgs/cmake/interbotix_perception_msgsConfig-version.cmake
[3.075s] -- Up-to-date: /home/mscrobotics2425laptop4/interbotix_ws/install/interbotix_perception_msgs/share/interbotix_perception_msgs/package.xml
[3.676s] Invoked command in '/home/mscrobotics2425laptop4/interbotix_ws/build/interbotix_perception_msgs' returned '0': CMAKE_PREFIX_PATH=${CMAKE_PREFIX_PATH}:/home/mscrobotics2425laptop4/interbotix_ws/install/ros_cv_messages:/home/mscrobotics2425laptop4/interbotix_ws/install/leo_realsense:/home/mscrobotics2425laptop4/interbotix_ws/install/leo_manipulator:/home/mscrobotics2425laptop4/interbotix_ws/install/leo_main:/home/mscrobotics2425laptop4/interbotix_ws/install/leo_launch:/home/mscrobotics2425laptop4/interbotix_ws/install/interbotix_xs_modules:/home/mscrobotics2425laptop4/interbotix_ws/install/interbotix_perception_modules:/home/mscrobotics2425laptop4/interbotix_ws/install/interbotix_common_modules:/opt/ros/humble /usr/bin/cmake --install /home/mscrobotics2425laptop4/interbotix_ws/build/interbotix_perception_msgs
