[0.075s] DEBUG:colcon:Command line arguments: ['/usr/bin/colcon', 'build']
[0.075s] DEBUG:colcon:Parsed command line arguments: Namespace(log_base=None, log_level=None, verb_name='build', build_base='build', install_base='install', merge_install=False, symlink_install=False, test_result_base=None, continue_on_error=False, executor='parallel', parallel_workers=12, event_handlers=None, ignore_user_meta=False, metas=['./colcon.meta'], base_paths=['.'], packages_ignore=None, packages_ignore_regex=None, paths=None, packages_up_to=None, packages_up_to_regex=None, packages_above=None, packages_above_and_dependencies=None, packages_above_depth=None, packages_select_by_dep=None, packages_skip_by_dep=None, packages_skip_up_to=None, packages_select_build_failed=False, packages_skip_build_finished=False, packages_select_test_failures=False, packages_skip_test_passed=False, packages_select=None, packages_skip=None, packages_select_regex=None, packages_skip_regex=None, packages_start=None, packages_end=None, allow_overriding=[], cmake_args=None, cmake_target=None, cmake_target_skip_unavailable=False, cmake_clean_cache=False, cmake_clean_first=False, cmake_force_configure=False, ament_cmake_args=None, catkin_cmake_args=None, catkin_skip_building_tests=False, mixin_files=None, mixin=None, verb_parser=<colcon_mixin.mixin.mixin_argument.MixinArgumentDecorator object at 0x7eae43f268f0>, verb_extension=<colcon_core.verb.build.BuildVerb object at 0x7eae44067d30>, main=<bound method BuildVerb.main of <colcon_core.verb.build.BuildVerb object at 0x7eae44067d30>>, mixin_verb=('build',))
[0.186s] Level 1:colcon.colcon_core.package_discovery:discover_packages(colcon_meta) check parameters
[0.186s] Level 1:colcon.colcon_core.package_discovery:discover_packages(recursive) check parameters
[0.186s] Level 1:colcon.colcon_core.package_discovery:discover_packages(ignore) check parameters
[0.186s] Level 1:colcon.colcon_core.package_discovery:discover_packages(path) check parameters
[0.186s] Level 1:colcon.colcon_core.package_discovery:discover_packages(colcon_meta) discover
[0.186s] Level 1:colcon.colcon_core.package_discovery:discover_packages(recursive) discover
[0.186s] INFO:colcon.colcon_core.package_discovery:Crawling recursively for packages in '/home/mscrobotics2425laptop36/LEO-ROVER-CODING'
[0.186s] Level 1:colcon.colcon_core.package_identification:_identify(.) by extensions ['ignore', 'ignore_ament_install']
[0.186s] Level 1:colcon.colcon_core.package_identification:_identify(.) by extension 'ignore'
[0.186s] Level 1:colcon.colcon_core.package_identification:_identify(.) by extension 'ignore_ament_install'
[0.186s] Level 1:colcon.colcon_core.package_identification:_identify(.) by extensions ['colcon_pkg']
[0.186s] Level 1:colcon.colcon_core.package_identification:_identify(.) by extension 'colcon_pkg'
[0.186s] Level 1:colcon.colcon_core.package_identification:_identify(.) by extensions ['colcon_meta']
[0.186s] Level 1:colcon.colcon_core.package_identification:_identify(.) by extension 'colcon_meta'
[0.186s] Level 1:colcon.colcon_core.package_identification:_identify(.) by extensions ['ros']
[0.186s] Level 1:colcon.colcon_core.package_identification:_identify(.) by extension 'ros'
[0.194s] Level 1:colcon.colcon_core.package_identification:_identify(.) by extensions ['cmake', 'python']
[0.194s] Level 1:colcon.colcon_core.package_identification:_identify(.) by extension 'cmake'
[0.194s] Level 1:colcon.colcon_core.package_identification:_identify(.) by extension 'python'
[0.194s] Level 1:colcon.colcon_core.package_identification:_identify(.) by extensions ['python_setup_py']
[0.194s] Level 1:colcon.colcon_core.package_identification:_identify(.) by extension 'python_setup_py'
[0.195s] Level 1:colcon.colcon_core.package_identification:_identify(build) by extensions ['ignore', 'ignore_ament_install']
[0.195s] Level 1:colcon.colcon_core.package_identification:_identify(build) by extension 'ignore'
[0.195s] Level 1:colcon.colcon_core.package_identification:_identify(build) ignored
[0.195s] Level 1:colcon.colcon_core.package_identification:_identify(camera_open) by extensions ['ignore', 'ignore_ament_install']
[0.195s] Level 1:colcon.colcon_core.package_identification:_identify(camera_open) by extension 'ignore'
[0.195s] Level 1:colcon.colcon_core.package_identification:_identify(camera_open) by extension 'ignore_ament_install'
[0.195s] Level 1:colcon.colcon_core.package_identification:_identify(camera_open) by extensions ['colcon_pkg']
[0.195s] Level 1:colcon.colcon_core.package_identification:_identify(camera_open) by extension 'colcon_pkg'
[0.195s] Level 1:colcon.colcon_core.package_identification:_identify(camera_open) by extensions ['colcon_meta']
[0.195s] Level 1:colcon.colcon_core.package_identification:_identify(camera_open) by extension 'colcon_meta'
[0.195s] Level 1:colcon.colcon_core.package_identification:_identify(camera_open) by extensions ['ros']
[0.195s] Level 1:colcon.colcon_core.package_identification:_identify(camera_open) by extension 'ros'
[0.203s] DEBUG:colcon.colcon_core.package_identification:Package 'camera_open' with type 'ros.ament_python' and name 'camera_open'
[0.203s] Level 1:colcon.colcon_core.package_identification:_identify(install) by extensions ['ignore', 'ignore_ament_install']
[0.203s] Level 1:colcon.colcon_core.package_identification:_identify(install) by extension 'ignore'
[0.203s] Level 1:colcon.colcon_core.package_identification:_identify(install) ignored
[0.203s] Level 1:colcon.colcon_core.package_identification:_identify(log) by extensions ['ignore', 'ignore_ament_install']
[0.203s] Level 1:colcon.colcon_core.package_identification:_identify(log) by extension 'ignore'
[0.203s] Level 1:colcon.colcon_core.package_identification:_identify(log) ignored
[0.203s] Level 1:colcon.colcon_core.package_discovery:discover_packages(recursive) using defaults
[0.203s] Level 1:colcon.colcon_core.package_discovery:discover_packages(ignore) discover
[0.203s] Level 1:colcon.colcon_core.package_discovery:discover_packages(ignore) using defaults
[0.203s] Level 1:colcon.colcon_core.package_discovery:discover_packages(path) discover
[0.203s] Level 1:colcon.colcon_core.package_discovery:discover_packages(path) using defaults
[0.220s] Level 1:colcon.colcon_core.package_discovery:discover_packages(prefix_path) check parameters
[0.220s] Level 1:colcon.colcon_core.package_discovery:discover_packages(prefix_path) discover
[0.221s] Level 1:colcon.colcon_core.package_discovery:discover_packages(prefix_path) using defaults
[0.222s] Level 5:colcon.colcon_core.verb:set package 'camera_open' build argument 'cmake_args' from command line to 'None'
[0.222s] Level 5:colcon.colcon_core.verb:set package 'camera_open' build argument 'cmake_target' from command line to 'None'
[0.222s] Level 5:colcon.colcon_core.verb:set package 'camera_open' build argument 'cmake_target_skip_unavailable' from command line to 'False'
[0.222s] Level 5:colcon.colcon_core.verb:set package 'camera_open' build argument 'cmake_clean_cache' from command line to 'False'
[0.222s] Level 5:colcon.colcon_core.verb:set package 'camera_open' build argument 'cmake_clean_first' from command line to 'False'
[0.222s] Level 5:colcon.colcon_core.verb:set package 'camera_open' build argument 'cmake_force_configure' from command line to 'False'
[0.222s] Level 5:colcon.colcon_core.verb:set package 'camera_open' build argument 'ament_cmake_args' from command line to 'None'
[0.222s] Level 5:colcon.colcon_core.verb:set package 'camera_open' build argument 'catkin_cmake_args' from command line to 'None'
[0.222s] Level 5:colcon.colcon_core.verb:set package 'camera_open' build argument 'catkin_skip_building_tests' from command line to 'False'
[0.222s] DEBUG:colcon.colcon_core.verb:Building package 'camera_open' with the following arguments: {'ament_cmake_args': None, 'build_base': '/home/mscrobotics2425laptop36/LEO-ROVER-CODING/build/camera_open', 'catkin_cmake_args': None, 'catkin_skip_building_tests': False, 'cmake_args': None, 'cmake_clean_cache': False, 'cmake_clean_first': False, 'cmake_force_configure': False, 'cmake_target': None, 'cmake_target_skip_unavailable': False, 'install_base': '/home/mscrobotics2425laptop36/LEO-ROVER-CODING/install/camera_open', 'merge_install': False, 'path': '/home/mscrobotics2425laptop36/LEO-ROVER-CODING/camera_open', 'symlink_install': False, 'test_result_base': None}
[0.222s] INFO:colcon.colcon_core.executor:Executing jobs using 'parallel' executor
[0.223s] DEBUG:colcon.colcon_parallel_executor.executor.parallel:run_until_complete
[0.223s] INFO:colcon.colcon_ros.task.ament_python.build:Building ROS package in '/home/mscrobotics2425laptop36/LEO-ROVER-CODING/camera_open' with build type 'ament_python'
[0.223s] Level 1:colcon.colcon_core.shell:create_environment_hook('camera_open', 'ament_prefix_path')
[0.225s] INFO:colcon.colcon_core.plugin_system:Skipping extension 'colcon_core.shell.bat': Not used on non-Windows systems
[0.225s] INFO:colcon.colcon_core.shell:Creating environment hook '/home/mscrobotics2425laptop36/LEO-ROVER-CODING/install/camera_open/share/camera_open/hook/ament_prefix_path.ps1'
[0.226s] INFO:colcon.colcon_core.shell:Creating environment descriptor '/home/mscrobotics2425laptop36/LEO-ROVER-CODING/install/camera_open/share/camera_open/hook/ament_prefix_path.dsv'
[0.226s] INFO:colcon.colcon_core.shell:Creating environment hook '/home/mscrobotics2425laptop36/LEO-ROVER-CODING/install/camera_open/share/camera_open/hook/ament_prefix_path.sh'
[0.228s] INFO:colcon.colcon_core.shell:Skip shell extension 'powershell' for command environment: Not usable outside of PowerShell
[0.228s] DEBUG:colcon.colcon_core.shell:Skip shell extension 'dsv' for command environment
[0.410s] INFO:colcon.colcon_core.task.python.build:Building Python package in '/home/mscrobotics2425laptop36/LEO-ROVER-CODING/camera_open'
[0.411s] INFO:colcon.colcon_core.shell:Skip shell extension 'powershell' for command environment: Not usable outside of PowerShell
[0.411s] DEBUG:colcon.colcon_core.shell:Skip shell extension 'dsv' for command environment
[0.724s] DEBUG:colcon.colcon_core.event_handler.log_command:Invoking command in '/home/mscrobotics2425laptop36/LEO-ROVER-CODING/camera_open': PYTHONPATH=/home/mscrobotics2425laptop36/LEO-ROVER-CODING/build/camera_open/prefix_override:/usr/lib/python3/dist-packages/colcon_core/task/python/colcon_distutils_commands:/home/mscrobotics2425laptop36/LEO-ROVER-CODING/install/camera_open/lib/python3.10/site-packages: /usr/bin/python3 -W ignore:setup.py install is deprecated -W ignore:easy_install command is deprecated setup.py egg_info --egg-base ../build/camera_open build --build-base /home/mscrobotics2425laptop36/LEO-ROVER-CODING/build/camera_open/build install --record /home/mscrobotics2425laptop36/LEO-ROVER-CODING/build/camera_open/install.log --single-version-externally-managed install_data
[0.934s] DEBUG:colcon.colcon_core.event_handler.log_command:Invoked command in '/home/mscrobotics2425laptop36/LEO-ROVER-CODING/camera_open' returned '0': PYTHONPATH=/home/mscrobotics2425laptop36/LEO-ROVER-CODING/build/camera_open/prefix_override:/usr/lib/python3/dist-packages/colcon_core/task/python/colcon_distutils_commands:/home/mscrobotics2425laptop36/LEO-ROVER-CODING/install/camera_open/lib/python3.10/site-packages: /usr/bin/python3 -W ignore:setup.py install is deprecated -W ignore:easy_install command is deprecated setup.py egg_info --egg-base ../build/camera_open build --build-base /home/mscrobotics2425laptop36/LEO-ROVER-CODING/build/camera_open/build install --record /home/mscrobotics2425laptop36/LEO-ROVER-CODING/build/camera_open/install.log --single-version-externally-managed install_data
[0.939s] Level 1:colcon.colcon_core.environment:checking '/home/mscrobotics2425laptop36/LEO-ROVER-CODING/install/camera_open' for CMake module files
[0.939s] Level 1:colcon.colcon_core.environment:checking '/home/mscrobotics2425laptop36/LEO-ROVER-CODING/install/camera_open' for CMake config files
[0.940s] Level 1:colcon.colcon_core.environment:checking '/home/mscrobotics2425laptop36/LEO-ROVER-CODING/install/camera_open/lib'
[0.941s] Level 1:colcon.colcon_core.environment:checking '/home/mscrobotics2425laptop36/LEO-ROVER-CODING/install/camera_open/bin'
[0.941s] Level 1:colcon.colcon_core.environment:checking '/home/mscrobotics2425laptop36/LEO-ROVER-CODING/install/camera_open/lib/pkgconfig/camera_open.pc'
[0.941s] Level 1:colcon.colcon_core.environment:checking '/home/mscrobotics2425laptop36/LEO-ROVER-CODING/install/camera_open/lib/python3.10/site-packages'
[0.941s] Level 1:colcon.colcon_core.shell:create_environment_hook('camera_open', 'pythonpath')
[0.941s] INFO:colcon.colcon_core.shell:Creating environment hook '/home/mscrobotics2425laptop36/LEO-ROVER-CODING/install/camera_open/share/camera_open/hook/pythonpath.ps1'
[0.942s] INFO:colcon.colcon_core.shell:Creating environment descriptor '/home/mscrobotics2425laptop36/LEO-ROVER-CODING/install/camera_open/share/camera_open/hook/pythonpath.dsv'
[0.943s] INFO:colcon.colcon_core.shell:Creating environment hook '/home/mscrobotics2425laptop36/LEO-ROVER-CODING/install/camera_open/share/camera_open/hook/pythonpath.sh'
[0.943s] Level 1:colcon.colcon_core.environment:checking '/home/mscrobotics2425laptop36/LEO-ROVER-CODING/install/camera_open/bin'
[0.943s] Level 1:colcon.colcon_core.environment:create_environment_scripts_only(camera_open)
[0.944s] INFO:colcon.colcon_core.shell:Creating package script '/home/mscrobotics2425laptop36/LEO-ROVER-CODING/install/camera_open/share/camera_open/package.ps1'
[0.946s] INFO:colcon.colcon_core.shell:Creating package descriptor '/home/mscrobotics2425laptop36/LEO-ROVER-CODING/install/camera_open/share/camera_open/package.dsv'
[0.947s] INFO:colcon.colcon_core.shell:Creating package script '/home/mscrobotics2425laptop36/LEO-ROVER-CODING/install/camera_open/share/camera_open/package.sh'
[0.949s] INFO:colcon.colcon_core.shell:Creating package script '/home/mscrobotics2425laptop36/LEO-ROVER-CODING/install/camera_open/share/camera_open/package.bash'
[0.950s] INFO:colcon.colcon_core.shell:Creating package script '/home/mscrobotics2425laptop36/LEO-ROVER-CODING/install/camera_open/share/camera_open/package.zsh'
[0.951s] Level 1:colcon.colcon_core.environment:create_file_with_runtime_dependencies(/home/mscrobotics2425laptop36/LEO-ROVER-CODING/install/camera_open/share/colcon-core/packages/camera_open)
[0.952s] DEBUG:colcon.colcon_parallel_executor.executor.parallel:closing loop
[0.952s] DEBUG:colcon.colcon_parallel_executor.executor.parallel:loop closed
[0.952s] DEBUG:colcon.colcon_parallel_executor.executor.parallel:run_until_complete finished with '0'
[0.952s] DEBUG:colcon.colcon_core.event_reactor:joining thread
[0.962s] INFO:colcon.colcon_core.plugin_system:Skipping extension 'colcon_notification.desktop_notification.terminal_notifier': Not used on non-Darwin systems
[0.962s] INFO:colcon.colcon_core.plugin_system:Skipping extension 'colcon_notification.desktop_notification.win32': Not used on non-Windows systems
[0.962s] INFO:colcon.colcon_notification.desktop_notification:Sending desktop notification using 'notify2'
[0.978s] DEBUG:colcon.colcon_core.event_reactor:joined thread
[0.978s] INFO:colcon.colcon_core.shell:Creating prefix script '/home/mscrobotics2425laptop36/LEO-ROVER-CODING/install/local_setup.ps1'
[0.980s] INFO:colcon.colcon_core.shell:Creating prefix util module '/home/mscrobotics2425laptop36/LEO-ROVER-CODING/install/_local_setup_util_ps1.py'
[0.982s] INFO:colcon.colcon_core.shell:Creating prefix chain script '/home/mscrobotics2425laptop36/LEO-ROVER-CODING/install/setup.ps1'
[0.984s] INFO:colcon.colcon_core.shell:Creating prefix script '/home/mscrobotics2425laptop36/LEO-ROVER-CODING/install/local_setup.sh'
[0.985s] INFO:colcon.colcon_core.shell:Creating prefix util module '/home/mscrobotics2425laptop36/LEO-ROVER-CODING/install/_local_setup_util_sh.py'
[0.986s] INFO:colcon.colcon_core.shell:Creating prefix chain script '/home/mscrobotics2425laptop36/LEO-ROVER-CODING/install/setup.sh'
[0.988s] INFO:colcon.colcon_core.shell:Creating prefix script '/home/mscrobotics2425laptop36/LEO-ROVER-CODING/install/local_setup.bash'
[0.989s] INFO:colcon.colcon_core.shell:Creating prefix chain script '/home/mscrobotics2425laptop36/LEO-ROVER-CODING/install/setup.bash'
[0.990s] INFO:colcon.colcon_core.shell:Creating prefix script '/home/mscrobotics2425laptop36/LEO-ROVER-CODING/install/local_setup.zsh'
[0.992s] INFO:colcon.colcon_core.shell:Creating prefix chain script '/home/mscrobotics2425laptop36/LEO-ROVER-CODING/install/setup.zsh'
