[1.477s] Invoking command in '/home/mscrobotics2425laptop4/LEO-ROVER-CODING/interbotix_ws/src/leo_launcher': PYTHONPATH=/home/mscrobotics2425laptop4/LEO-ROVER-CODING/build/leo_launcher/prefix_override:/usr/lib/python3/dist-packages/colcon_core/task/python/colcon_distutils_commands:/home/mscrobotics2425laptop4/LEO-ROVER-CODING/install/leo_launcher/lib/python3.10/site-packages:${PYTHONPATH} /usr/bin/python3 -W ignore:setup.py install is deprecated -W ignore:easy_install command is deprecated setup.py egg_info --egg-base ../../../build/leo_launcher build --build-base /home/mscrobotics2425laptop4/LEO-ROVER-CODING/build/leo_launcher/build install --record /home/mscrobotics2425laptop4/LEO-ROVER-CODING/build/leo_launcher/install.log --single-version-externally-managed install_data
[1.859s] running egg_info
[1.859s] creating ../../../build/leo_launcher/leo_launcher.egg-info
[1.860s] writing ../../../build/leo_launcher/leo_launcher.egg-info/PKG-INFO
[1.860s] writing dependency_links to ../../../build/leo_launcher/leo_launcher.egg-info/dependency_links.txt
[1.860s] writing entry points to ../../../build/leo_launcher/leo_launcher.egg-info/entry_points.txt
[1.860s] writing requirements to ../../../build/leo_launcher/leo_launcher.egg-info/requires.txt
[1.860s] writing top-level names to ../../../build/leo_launcher/leo_launcher.egg-info/top_level.txt
[1.861s] writing manifest file '../../../build/leo_launcher/leo_launcher.egg-info/SOURCES.txt'
[1.862s] reading manifest file '../../../build/leo_launcher/leo_launcher.egg-info/SOURCES.txt'
[1.863s] writing manifest file '../../../build/leo_launcher/leo_launcher.egg-info/SOURCES.txt'
[1.863s] running build
[1.863s] running build_py
[1.863s] creating /home/mscrobotics2425laptop4/LEO-ROVER-CODING/build/leo_launcher/build
[1.863s] creating /home/mscrobotics2425laptop4/LEO-ROVER-CODING/build/leo_launcher/build/lib
[1.863s] creating /home/mscrobotics2425laptop4/LEO-ROVER-CODING/build/leo_launcher/build/lib/leo_launcher
[1.863s] copying leo_launcher/__init__.py -> /home/mscrobotics2425laptop4/LEO-ROVER-CODING/build/leo_launcher/build/lib/leo_launcher
[1.864s] running install
[1.864s] running install_lib
[1.865s] creating /home/mscrobotics2425laptop4/LEO-ROVER-CODING/install/leo_launcher/lib/python3.10/site-packages/leo_launcher
[1.865s] copying /home/mscrobotics2425laptop4/LEO-ROVER-CODING/build/leo_launcher/build/lib/leo_launcher/__init__.py -> /home/mscrobotics2425laptop4/LEO-ROVER-CODING/install/leo_launcher/lib/python3.10/site-packages/leo_launcher
[1.866s] byte-compiling /home/mscrobotics2425laptop4/LEO-ROVER-CODING/install/leo_launcher/lib/python3.10/site-packages/leo_launcher/__init__.py to __init__.cpython-310.pyc
[1.866s] running install_data
[1.866s] creating /home/mscrobotics2425laptop4/LEO-ROVER-CODING/install/leo_launcher/share/ament_index
[1.866s] creating /home/mscrobotics2425laptop4/LEO-ROVER-CODING/install/leo_launcher/share/ament_index/resource_index
[1.866s] creating /home/mscrobotics2425laptop4/LEO-ROVER-CODING/install/leo_launcher/share/ament_index/resource_index/packages
[1.866s] copying resource/leo_launcher -> /home/mscrobotics2425laptop4/LEO-ROVER-CODING/install/leo_launcher/share/ament_index/resource_index/packages
[1.866s] copying package.xml -> /home/mscrobotics2425laptop4/LEO-ROVER-CODING/install/leo_launcher/share/leo_launcher
[1.866s] running install_egg_info
[1.869s] Copying ../../../build/leo_launcher/leo_launcher.egg-info to /home/mscrobotics2425laptop4/LEO-ROVER-CODING/install/leo_launcher/lib/python3.10/site-packages/leo_launcher-0.0.0-py3.10.egg-info
[1.870s] running install_scripts
[1.902s] writing list of installed files to '/home/mscrobotics2425laptop4/LEO-ROVER-CODING/build/leo_launcher/install.log'
[2.133s] Invoked command in '/home/mscrobotics2425laptop4/LEO-ROVER-CODING/interbotix_ws/src/leo_launcher' returned '0': PYTHONPATH=/home/mscrobotics2425laptop4/LEO-ROVER-CODING/build/leo_launcher/prefix_override:/usr/lib/python3/dist-packages/colcon_core/task/python/colcon_distutils_commands:/home/mscrobotics2425laptop4/LEO-ROVER-CODING/install/leo_launcher/lib/python3.10/site-packages:${PYTHONPATH} /usr/bin/python3 -W ignore:setup.py install is deprecated -W ignore:easy_install command is deprecated setup.py egg_info --egg-base ../../../build/leo_launcher build --build-base /home/mscrobotics2425laptop4/LEO-ROVER-CODING/build/leo_launcher/build install --record /home/mscrobotics2425laptop4/LEO-ROVER-CODING/build/leo_launcher/install.log --single-version-externally-managed install_data
