-- The C compiler identification is GNU 11.4.0
-- The CXX compiler identification is GNU 11.4.0
-- Detecting C compiler ABI info
-- Detecting C compiler ABI info - done
-- Check for working C compiler: /usr/bin/cc - skipped
-- Detecting C compile features
-- Detecting C compile features - done
-- Detecting CXX compiler ABI info
-- Detecting CXX compiler ABI info - done
-- Check for working CXX compiler: /usr/bin/c++ - skipped
-- Detecting CXX compile features
-- Detecting CXX compile features - done
-- Found ament_cmake: 1.3.11 (/opt/ros/humble/share/ament_cmake/cmake)
-- Found Python3: /usr/bin/python3 (found version "3.10.12") found components: Interpreter 
-- Found rclcpp: 16.0.11 (/opt/ros/humble/share/rclcpp/cmake)
-- Found rosidl_generator_c: 3.1.6 (/opt/ros/humble/share/rosidl_generator_c/cmake)
-- Found rosidl_adapter: 3.1.6 (/opt/ros/humble/share/rosidl_adapter/cmake)
-- Found rosidl_generator_cpp: 3.1.6 (/opt/ros/humble/share/rosidl_generator_cpp/cmake)
-- Using all available rosidl_typesupport_c: rosidl_typesupport_fastrtps_c;rosidl_typesupport_introspection_c
-- Using all available rosidl_typesupport_cpp: rosidl_typesupport_fastrtps_cpp;rosidl_typesupport_introspection_cpp
-- Found rmw_implementation_cmake: 6.1.2 (/opt/ros/humble/share/rmw_implementation_cmake/cmake)
-- Found rmw_fastrtps_cpp: 6.2.7 (/opt/ros/humble/share/rmw_fastrtps_cpp/cmake)
-- Found OpenSSL: /usr/lib/x86_64-linux-gnu/libcrypto.so (found version "3.0.2")  
-- Found FastRTPS: /opt/ros/humble/include  
-- Using RMW implementation 'rmw_fastrtps_cpp' as default
-- Looking for pthread.h
-- Looking for pthread.h - found
-- Performing Test CMAKE_HAVE_LIBC_PTHREAD
-- Performing Test CMAKE_HAVE_LIBC_PTHREAD - Success
-- Found Threads: TRUE  
-- Found geometry_msgs: 4.2.4 (/opt/ros/humble/share/geometry_msgs/cmake)
-- Found image_geometry: 3.2.1 (/opt/ros/humble/share/image_geometry/cmake)
-- Found map_msgs: 2.1.0 (/opt/ros/humble/share/map_msgs/cmake)
-- Found tf2_geometry_msgs: 0.25.12 (/opt/ros/humble/share/tf2_geometry_msgs/cmake)
-- Found eigen3_cmake_module: 0.1.1 (/opt/ros/humble/share/eigen3_cmake_module/cmake)
-- Found Eigen3: TRUE (found version "3.4.0") 
-- Ensuring Eigen3 include directory is part of orocos-kdl CMake target
-- Found Boost: /usr/lib/x86_64-linux-gnu/cmake/Boost-1.74.0/BoostConfig.cmake (found version "1.74.0") found components: thread 
-- Found OpenCV: /usr (found version "4.5.4") 
-- Found ament_lint_auto: 0.12.11 (/opt/ros/humble/share/ament_lint_auto/cmake)
-- Found ament_cmake_gtest: 1.3.11 (/opt/ros/humble/share/ament_cmake_gtest/cmake)
--2025-04-03 11:56:11--  https://raw.githubusercontent.com/hrnr/m-explore-extra/master/map_merge/hector_maps/map00.pgm
Resolving raw.githubusercontent.com (raw.githubusercontent.com)... 185.199.108.133, 185.199.110.133, 185.199.111.133, ...
Connecting to raw.githubusercontent.com (raw.githubusercontent.com)|185.199.108.133|:443... connected.
HTTP request sent, awaiting response... 200 OK
Length: 4194362 (4.0M) [application/octet-stream]
Saving to: ‘/home/mscrobotics2425laptop4/interbotix_ws/build/multirobot_map_merge/map00.pgm’

     0K .......... .......... .......... .......... ..........  1% 3.72M 1s
    50K .......... .......... .......... .......... ..........  2% 5.07M 1s
   100K .......... .......... .......... .......... ..........  3% 21.2M 1s
   150K .......... .......... .......... .......... ..........  4% 5.97M 1s
   200K .......... .......... .......... .......... ..........  6% 13.9M 1s
   250K .......... .......... .......... .......... ..........  7% 18.1M 0s
   300K .......... .......... .......... .......... ..........  8% 30.4M 0s
   350K .......... .......... .......... .......... ..........  9% 15.1M 0s
   400K .......... .......... .......... .......... .......... 10% 11.3M 0s
   450K .......... .......... .......... .......... .......... 12% 15.0M 0s
   500K .......... .......... .......... .......... .......... 13% 65.9M 0s
   550K .......... .......... .......... .......... .......... 14% 15.8M 0s
   600K .......... .......... .......... .......... .......... 15% 27.0M 0s
   650K .......... .......... .......... .......... .......... 17% 24.9M 0s
   700K .......... .......... .......... .......... .......... 18% 26.6M 0s
   750K .......... .......... .......... .......... .......... 19% 93.4M 0s
   800K .......... .......... .......... .......... .......... 20% 12.9M 0s
   850K .......... .......... .......... .......... .......... 21% 25.3M 0s
   900K .......... .......... .......... .......... .......... 23% 21.9M 0s
   950K .......... .......... .......... .......... .......... 24% 17.9M 0s
  1000K .......... .......... .......... .......... .......... 25% 27.1M 0s
  1050K .......... .......... .......... .......... .......... 26%  130M 0s
  1100K .......... .......... .......... .......... .......... 28% 13.0M 0s
  1150K .......... .......... .......... .......... .......... 29% 22.1M 0s
  1200K .......... .......... .......... .......... .......... 30% 94.0M 0s
  1250K .......... .......... .......... .......... .......... 31% 26.3M 0s
  1300K .......... .......... .......... .......... .......... 32% 31.9M 0s
  1350K .......... .......... .......... .......... .......... 34% 20.1M 0s
  1400K .......... .......... .......... .......... .......... 35% 20.9M 0s
  1450K .......... .......... .......... .......... .......... 36% 18.1M 0s
  1500K .......... .......... .......... .......... .......... 37%  138M 0s
  1550K .......... .......... .......... .......... .......... 39% 25.3M 0s
  1600K .......... .......... .......... .......... .......... 40% 22.1M 0s
  1650K .......... .......... .......... .......... .......... 41% 17.4M 0s
  1700K .......... .......... .......... .......... .......... 42% 23.2M 0s
  1750K .......... .......... .......... .......... .......... 43% 20.3M 0s
  1800K .......... .......... .......... .......... .......... 45% 17.4M 0s
  1850K .......... .......... .......... .......... .......... 46% 22.6M 0s
  1900K .......... .......... .......... .......... .......... 47%  130M 0s
  1950K .......... .......... .......... .......... .......... 48% 23.8M 0s
  2000K .......... .......... .......... .......... .......... 50% 19.4M 0s
  2050K .......... .......... .......... .......... .......... 51% 24.3M 0s
  2100K .......... .......... .......... .......... .......... 52% 21.1M 0s
  2150K .......... .......... .......... .......... .......... 53% 19.0M 0s
  2200K .......... .......... .......... .......... .......... 54% 16.9M 0s
  2250K .......... .......... .......... .......... .......... 56%  112M 0s
  2300K .......... .......... .......... .......... .......... 57% 24.0M 0s
  2350K .......... .......... .......... .......... .......... 58% 22.8M 0s
  2400K .......... .......... .......... .......... .......... 59% 24.5M 0s
  2450K .......... .......... .......... .......... .......... 61% 18.2M 0s
  2500K .......... .......... .......... .......... .......... 62% 25.2M 0s
  2550K .......... .......... .......... .......... .......... 63% 19.6M 0s
  2600K .......... .......... .......... .......... .......... 64% 25.5M 0s
  2650K .......... .......... .......... .......... .......... 65% 67.4M 0s
  2700K .......... .......... .......... .......... .......... 67% 19.8M 0s
  2750K .......... .......... .......... .......... .......... 68% 19.5M 0s
  2800K .......... .......... .......... .......... .......... 69% 22.2M 0s
  2850K .......... .......... .......... .......... .......... 70% 27.7M 0s
  2900K .......... .......... .......... .......... .......... 72% 25.9M 0s
  2950K .......... .......... .......... .......... .......... 73%  123M 0s
  3000K .......... .......... .......... .......... .......... 74% 14.2M 0s
  3050K .......... .......... .......... .......... .......... 75% 57.2M 0s
  3100K .......... .......... .......... .......... .......... 76% 21.5M 0s
  3150K .......... .......... .......... .......... .......... 78% 23.2M 0s
  3200K .......... .......... .......... .......... .......... 79% 20.9M 0s
  3250K .......... .......... .......... .......... .......... 80% 24.0M 0s
  3300K .......... .......... .......... .......... .......... 81% 29.9M 0s
  3350K .......... .......... .......... .......... .......... 83% 66.2M 0s
  3400K .......... .......... .......... .......... .......... 84% 28.6M 0s
  3450K .......... .......... .......... .......... .......... 85% 23.3M 0s
  3500K .......... .......... .......... .......... .......... 86% 22.2M 0s
  3550K .......... .......... .......... .......... .......... 87% 21.1M 0s
  3600K .......... .......... .......... .......... .......... 89% 18.0M 0s
  3650K .......... .......... .......... .......... .......... 90% 27.5M 0s
  3700K .......... .......... .......... .......... .......... 91% 24.7M 0s
  3750K .......... .......... .......... .......... .......... 92% 93.7M 0s
  3800K .......... .......... .......... .......... .......... 93% 22.5M 0s
  3850K .......... .......... .......... .......... .......... 95% 17.3M 0s
  3900K .......... .......... .......... .......... .......... 96% 38.3M 0s
  3950K .......... .......... .......... .......... .......... 97% 23.1M 0s
  4000K .......... .......... .......... .......... .......... 98% 17.2M 0s
  4050K .......... .......... .......... .......... ......    100%  154M=0.2s

2025-04-03 11:56:11 (20.7 MB/s) - ‘/home/mscrobotics2425laptop4/interbotix_ws/build/multirobot_map_merge/map00.pgm’ saved [4194362/4194362]

Checking MD5 sum of /home/mscrobotics2425laptop4/interbotix_ws/build/multirobot_map_merge/map00.pgm
/home/mscrobotics2425laptop4/interbotix_ws/build/multirobot_map_merge/map00.pgm: OK
--2025-04-03 11:56:11--  https://raw.githubusercontent.com/hrnr/m-explore-extra/master/map_merge/hector_maps/map05.pgm
Resolving raw.githubusercontent.com (raw.githubusercontent.com)... 185.199.111.133, 185.199.108.133, 185.199.109.133, ...
Connecting to raw.githubusercontent.com (raw.githubusercontent.com)|185.199.111.133|:443... connected.
HTTP request sent, awaiting response... 200 OK
Length: 4194362 (4.0M) [application/octet-stream]
Saving to: ‘/home/mscrobotics2425laptop4/interbotix_ws/build/multirobot_map_merge/map05.pgm’

     0K .......... .......... .......... .......... ..........  1% 3.66M 1s
    50K .......... .......... .......... .......... ..........  2% 4.11M 1s
   100K .......... .......... .......... .......... ..........  3% 16.5M 1s
   150K .......... .......... .......... .......... ..........  4% 9.13M 1s
   200K .......... .......... .......... .......... ..........  6% 12.5M 1s
   250K .......... .......... .......... .......... ..........  7% 19.3M 1s
   300K .......... .......... .......... .......... ..........  8% 18.3M 0s
   350K .......... .......... .......... .......... ..........  9% 23.9M 0s
   400K .......... .......... .......... .......... .......... 10% 18.2M 0s
   450K .......... .......... .......... .......... .......... 12% 12.8M 0s
   500K .......... .......... .......... .......... .......... 13% 71.5M 0s
   550K .......... .......... .......... .......... .......... 14% 21.5M 0s
   600K .......... .......... .......... .......... .......... 15% 20.5M 0s
   650K .......... .......... .......... .......... .......... 17% 29.1M 0s
   700K .......... .......... .......... .......... .......... 18% 22.0M 0s
   750K .......... .......... .......... .......... .......... 19%  135M 0s
   800K .......... .......... .......... .......... .......... 20% 19.2M 0s
   850K .......... .......... .......... .......... .......... 21% 23.1M 0s
   900K .......... .......... .......... .......... .......... 23% 13.8M 0s
   950K .......... .......... .......... .......... .......... 24% 37.6M 0s
  1000K .......... .......... .......... .......... .......... 25% 19.1M 0s
  1050K .......... .......... .......... .......... .......... 26% 19.5M 0s
  1100K .......... .......... .......... .......... .......... 28% 19.3M 0s
  1150K .......... .......... .......... .......... .......... 29% 16.1M 0s
  1200K .......... .......... .......... .......... .......... 30% 19.6M 0s
  1250K .......... .......... .......... .......... .......... 31% 98.0M 0s
  1300K .......... .......... .......... .......... .......... 32% 27.8M 0s
  1350K .......... .......... .......... .......... .......... 34% 13.3M 0s
  1400K .......... .......... .......... .......... .......... 35% 23.8M 0s
  1450K .......... .......... .......... .......... .......... 36% 26.0M 0s
  1500K .......... .......... .......... .......... .......... 37% 18.5M 0s
  1550K .......... .......... .......... .......... .......... 39% 27.1M 0s
  1600K .......... .......... .......... .......... .......... 40%  104M 0s
  1650K .......... .......... .......... .......... .......... 41% 23.6M 0s
  1700K .......... .......... .......... .......... .......... 42% 19.3M 0s
  1750K .......... .......... .......... .......... .......... 43% 41.5M 0s
  1800K .......... .......... .......... .......... .......... 45% 10.6M 0s
  1850K .......... .......... .......... .......... .......... 46% 28.7M 0s
  1900K .......... .......... .......... .......... .......... 47% 16.0M 0s
  1950K .......... .......... .......... .......... .......... 48% 1.12M 0s
  2000K .......... .......... .......... .......... .......... 50% 19.3M 0s
  2050K .......... .......... .......... .......... .......... 51% 74.4M 0s
  2100K .......... .......... .......... .......... .......... 52% 79.1M 0s
  2150K .......... .......... .......... .......... .......... 53%  156M 0s
  2200K .......... .......... .......... .......... .......... 54%  132M 0s
  2250K .......... .......... .......... .......... .......... 56%  152M 0s
  2300K .......... .......... .......... .......... .......... 57%  148M 0s
  2350K .......... .......... .......... .......... .......... 58%  134M 0s
  2400K .......... .......... .......... .......... .......... 59%  118M 0s
  2450K .......... .......... .......... .......... .......... 61%  148M 0s
  2500K .......... .......... .......... .......... .......... 62%  145M 0s
  2550K .......... .......... .......... .......... .......... 63%  148M 0s
  2600K .......... .......... .......... .......... .......... 64%  115M 0s
  2650K .......... .......... .......... .......... .......... 65%  125M 0s
  2700K .......... .......... .......... .......... .......... 67%  135M 0s
  2750K .......... .......... .......... .......... .......... 68%  121M 0s
  2800K .......... .......... .......... .......... .......... 69%  116M 0s
  2850K .......... .......... .......... .......... .......... 70%  119M 0s
  2900K .......... .......... .......... .......... .......... 72%  129M 0s
  2950K .......... .......... .......... .......... .......... 73% 97.0M 0s
  3000K .......... .......... .......... .......... .......... 74% 76.6M 0s
  3050K .......... .......... .......... .......... .......... 75%  126M 0s
  3100K .......... .......... .......... .......... .......... 76%  137M 0s
  3150K .......... .......... .......... .......... .......... 78%  142M 0s
  3200K .......... .......... .......... .......... .......... 79%  138M 0s
  3250K .......... .......... .......... .......... .......... 80% 18.0M 0s
  3300K .......... .......... .......... .......... .......... 81% 16.0M 0s
  3350K .......... .......... .......... .......... .......... 83% 26.1M 0s
  3400K .......... .......... .......... .......... .......... 84% 30.0M 0s
  3450K .......... .......... .......... .......... .......... 85% 13.6M 0s
  3500K .......... .......... .......... .......... .......... 86% 15.3M 0s
  3550K .......... .......... .......... .......... .......... 87% 38.0M 0s
  3600K .......... .......... .......... .......... .......... 89% 6.22M 0s
  3650K .......... .......... .......... .......... .......... 90% 21.9M 0s
  3700K .......... .......... .......... .......... .......... 91% 22.1M 0s
  3750K .......... .......... .......... .......... .......... 92%  108M 0s
  3800K .......... .......... .......... .......... .......... 93% 21.7M 0s
  3850K .......... .......... .......... .......... .......... 95% 9.34M 0s
  3900K .......... .......... .......... .......... .......... 96%  138M 0s
  3950K .......... .......... .......... .......... .......... 97% 19.1M 0s
  4000K .......... .......... .......... .......... .......... 98% 5.12M 0s
  4050K .......... .......... .......... .......... ......    100%  133M=0.2s

2025-04-03 11:56:12 (18.2 MB/s) - ‘/home/mscrobotics2425laptop4/interbotix_ws/build/multirobot_map_merge/map05.pgm’ saved [4194362/4194362]

Checking MD5 sum of /home/mscrobotics2425laptop4/interbotix_ws/build/multirobot_map_merge/map05.pgm
/home/mscrobotics2425laptop4/interbotix_ws/build/multirobot_map_merge/map05.pgm: OK
--2025-04-03 11:56:12--  https://raw.githubusercontent.com/hrnr/m-explore-extra/master/map_merge/gmapping_maps/2011-08-09-12-22-52.pgm
Resolving raw.githubusercontent.com (raw.githubusercontent.com)... 185.199.110.133, 185.199.109.133, 185.199.108.133, ...
Connecting to raw.githubusercontent.com (raw.githubusercontent.com)|185.199.110.133|:443... connected.
HTTP request sent, awaiting response... 200 OK
Length: 16000058 (15M) [application/octet-stream]
Saving to: ‘/home/mscrobotics2425laptop4/interbotix_ws/build/multirobot_map_merge/2011-08-09-12-22-52.pgm’

     0K .......... .......... .......... .......... ..........  0% 4.32M 4s
    50K .......... .......... .......... .......... ..........  0% 5.05M 3s
   100K .......... .......... .......... .......... ..........  0% 15.6M 2s
   150K .......... .......... .......... .......... ..........  1% 6.07M 2s
   200K .......... .......... .......... .......... ..........  1% 19.8M 2s
   250K .......... .......... .......... .......... ..........  1% 19.0M 2s
   300K .......... .......... .......... .......... ..........  2% 18.4M 2s
   350K .......... .......... .......... .......... ..........  2% 9.26M 2s
   400K .......... .......... .......... .......... ..........  2% 23.6M 2s
   450K .......... .......... .......... .......... ..........  3% 30.8M 1s
   500K .......... .......... .......... .......... ..........  3% 12.4M 1s
   550K .......... .......... .......... .......... ..........  3% 21.7M 1s
   600K .......... .......... .......... .......... ..........  4% 22.0M 1s
   650K .......... .......... .......... .......... ..........  4% 19.8M 1s
   700K .......... .......... .......... .......... ..........  4% 65.5M 1s
   750K .......... .......... .......... .......... ..........  5% 12.8M 1s
   800K .......... .......... .......... .......... ..........  5% 63.4M 1s
   850K .......... .......... .......... .......... ..........  5% 28.7M 1s
   900K .......... .......... .......... .......... ..........  6% 13.5M 1s
   950K .......... .......... .......... .......... ..........  6% 25.9M 1s
  1000K .......... .......... .......... .......... ..........  6% 32.0M 1s
  1050K .......... .......... .......... .......... ..........  7% 18.2M 1s
  1100K .......... .......... .......... .......... ..........  7% 76.6M 1s
  1150K .......... .......... .......... .......... ..........  7% 14.2M 1s
  1200K .......... .......... .......... .......... ..........  7%  120M 1s
  1250K .......... .......... .......... .......... ..........  8% 27.7M 1s
  1300K .......... .......... .......... .......... ..........  8% 21.2M 1s
  1350K .......... .......... .......... .......... ..........  8% 19.8M 1s
  1400K .......... .......... .......... .......... ..........  9% 30.0M 1s
  1450K .......... .......... .......... .......... ..........  9% 22.0M 1s
  1500K .......... .......... .......... .......... ..........  9% 66.4M 1s
  1550K .......... .......... .......... .......... .......... 10% 16.2M 1s
  1600K .......... .......... .......... .......... .......... 10%  104M 1s
  1650K .......... .......... .......... .......... .......... 10% 26.8M 1s
  1700K .......... .......... .......... .......... .......... 11% 25.0M 1s
  1750K .......... .......... .......... .......... .......... 11% 17.0M 1s
  1800K .......... .......... .......... .......... .......... 11% 27.5M 1s
  1850K .......... .......... .......... .......... .......... 12%  147M 1s
  1900K .......... .......... .......... .......... .......... 12% 22.1M 1s
  1950K .......... .......... .......... .......... .......... 12% 23.0M 1s
  2000K .......... .......... .......... .......... .......... 13% 28.5M 1s
  2050K .......... .......... .......... .......... .......... 13% 15.7M 1s
  2100K .......... .......... .......... .......... .......... 13% 53.6M 1s
  2150K .......... .......... .......... .......... .......... 14% 15.5M 1s
  2200K .......... .......... .......... .......... .......... 14% 43.7M 1s
  2250K .......... .......... .......... .......... .......... 14% 17.7M 1s
  2300K .......... .......... .......... .......... .......... 15% 22.4M 1s
  2350K .......... .......... .......... .......... .......... 15% 23.2M 1s
  2400K .......... .......... .......... .......... .......... 15% 26.9M 1s
  2450K .......... .......... .......... .......... .......... 15% 25.4M 1s
  2500K .......... .......... .......... .......... .......... 16% 19.3M 1s
  2550K .......... .......... .......... .......... .......... 16% 16.6M 1s
  2600K .......... .......... .......... .......... .......... 16% 14.9M 1s
  2650K .......... .......... .......... .......... .......... 17% 17.7M 1s
  2700K .......... .......... .......... .......... .......... 17% 17.3M 1s
  2750K .......... .......... .......... .......... .......... 17% 21.1M 1s
  2800K .......... .......... .......... .......... .......... 18% 25.7M 1s
  2850K .......... .......... .......... .......... .......... 18% 74.6M 1s
  2900K .......... .......... .......... .......... .......... 18% 22.0M 1s
  2950K .......... .......... .......... .......... .......... 19% 21.6M 1s
  3000K .......... .......... .......... .......... .......... 19% 22.3M 1s
  3050K .......... .......... .......... .......... .......... 19% 19.4M 1s
  3100K .......... .......... .......... .......... .......... 20% 29.1M 1s
  3150K .......... .......... .......... .......... .......... 20% 21.5M 1s
  3200K .......... .......... .......... .......... .......... 20% 20.0M 1s
  3250K .......... .......... .......... .......... .......... 21% 18.2M 1s
  3300K .......... .......... .......... .......... .......... 21% 17.6M 1s
  3350K .......... .......... .......... .......... .......... 21% 58.5M 1s
  3400K .......... .......... .......... .......... .......... 22% 24.9M 1s
  3450K .......... .......... .......... .......... .......... 22% 35.3M 1s
  3500K .......... .......... .......... .......... .......... 22% 14.1M 1s
  3550K .......... .......... .......... .......... .......... 23% 20.1M 1s
  3600K .......... .......... .......... .......... .......... 23% 24.1M 1s
  3650K .......... .......... .......... .......... .......... 23% 18.6M 1s
  3700K .......... .......... .......... .......... .......... 23% 19.7M 1s
  3750K .......... .......... .......... .......... .......... 24% 85.6M 1s
  3800K .......... .......... .......... .......... .......... 24% 11.1M 1s
  3850K .......... .......... .......... .......... .......... 24% 20.8M 1s
  3900K .......... .......... .......... .......... .......... 25% 96.5M 1s
  3950K .......... .......... .......... .......... .......... 25% 27.4M 1s
  4000K .......... .......... .......... .......... .......... 25% 22.9M 1s
  4050K .......... .......... .......... .......... .......... 26% 22.5M 1s
  4100K .......... .......... .......... .......... .......... 26% 23.7M 1s
  4150K .......... .......... .......... .......... .......... 26%  121M 1s
  4200K .......... .......... .......... .......... .......... 27% 11.8M 1s
  4250K .......... .......... .......... .......... .......... 27%  105M 1s
  4300K .......... .......... .......... .......... .......... 27% 26.5M 1s
  4350K .......... .......... .......... .......... .......... 28% 17.1M 1s
  4400K .......... .......... .......... .......... .......... 28% 26.2M 1s
  4450K .......... .......... .......... .......... .......... 28% 23.4M 1s
  4500K .......... .......... .......... .......... .......... 29% 21.4M 1s
  4550K .......... .......... .......... .......... .......... 29% 58.0M 1s
  4600K .......... .......... .......... .......... .......... 29% 23.4M 1s
  4650K .......... .......... .......... .......... .......... 30% 21.1M 1s
  4700K .......... .......... .......... .......... .......... 30% 19.2M 1s
  4750K .......... .......... .......... .......... .......... 30% 29.4M 1s
  4800K .......... .......... .......... .......... .......... 31% 21.2M 1s
  4850K .......... .......... .......... .......... .......... 31% 18.3M 1s
  4900K .......... .......... .......... .......... .......... 31%  108M 1s
  4950K .......... .......... .......... .......... .......... 31% 21.7M 1s
  5000K .......... .......... .......... .......... .......... 32% 24.0M 0s
  5050K .......... .......... .......... .......... .......... 32% 19.9M 0s
  5100K .......... .......... .......... .......... .......... 32% 23.7M 0s
  5150K .......... .......... .......... .......... .......... 33% 20.7M 0s
  5200K .......... .......... .......... .......... .......... 33% 18.3M 0s
  5250K .......... .......... .......... .......... .......... 33% 21.2M 0s
  5300K .......... .......... .......... .......... .......... 34% 17.1M 0s
  5350K .......... .......... .......... .......... .......... 34% 50.6M 0s
  5400K .......... .......... .......... .......... .......... 34% 26.7M 0s
  5450K .......... .......... .......... .......... .......... 35% 26.8M 0s
  5500K .......... .......... .......... .......... .......... 35% 28.5M 0s
  5550K .......... .......... .......... .......... .......... 35% 23.1M 0s
  5600K .......... .......... .......... .......... .......... 36% 25.2M 0s
  5650K .......... .......... .......... .......... .......... 36% 25.2M 0s
  5700K .......... .......... .......... .......... .......... 36% 62.7M 0s
  5750K .......... .......... .......... .......... .......... 37% 32.1M 0s
  5800K .......... .......... .......... .......... .......... 37% 29.3M 0s
  5850K .......... .......... .......... .......... .......... 37% 18.2M 0s
  5900K .......... .......... .......... .......... .......... 38% 23.0M 0s
  5950K .......... .......... .......... .......... .......... 38% 22.0M 0s
  6000K .......... .......... .......... .......... .......... 38% 25.6M 0s
  6050K .......... .......... .......... .......... .......... 39% 24.7M 0s
  6100K .......... .......... .......... .......... .......... 39%  107M 0s
  6150K .......... .......... .......... .......... .......... 39% 27.7M 0s
  6200K .......... .......... .......... .......... .......... 39% 24.3M 0s
  6250K .......... .......... .......... .......... .......... 40% 21.8M 0s
  6300K .......... .......... .......... .......... .......... 40% 23.1M 0s
  6350K .......... .......... .......... .......... .......... 40%  124M 0s
  6400K .......... .......... .......... .......... .......... 41% 11.3M 0s
  6450K .......... .......... .......... .......... .......... 41%  121M 0s
  6500K .......... .......... .......... .......... .......... 41% 28.0M 0s
  6550K .......... .......... .......... .......... .......... 42% 24.6M 0s
  6600K .......... .......... .......... .......... .......... 42% 19.0M 0s
  6650K .......... .......... .......... .......... .......... 42% 21.4M 0s
  6700K .......... .......... .......... .......... .......... 43% 26.3M 0s
  6750K .......... .......... .......... .......... .......... 43% 27.2M 0s
  6800K .......... .......... .......... .......... .......... 43%  120M 0s
  6850K .......... .......... .......... .......... .......... 44% 21.1M 0s
  6900K .......... .......... .......... .......... .......... 44% 23.9M 0s
  6950K .......... .......... .......... .......... .......... 44% 19.3M 0s
  7000K .......... .......... .......... .......... .......... 45% 22.0M 0s
  7050K .......... .......... .......... .......... .......... 45% 20.6M 0s
  7100K .......... .......... .......... .......... .......... 45% 22.3M 0s
  7150K .......... .......... .......... .......... .......... 46% 26.2M 0s
  7200K .......... .......... .......... .......... .......... 46%  100M 0s
  7250K .......... .......... .......... .......... .......... 46% 20.5M 0s
  7300K .......... .......... .......... .......... .......... 47% 26.9M 0s
  7350K .......... .......... .......... .......... .......... 47% 21.9M 0s
  7400K .......... .......... .......... .......... .......... 47% 23.9M 0s
  7450K .......... .......... .......... .......... .......... 47% 22.1M 0s
  7500K .......... .......... .......... .......... .......... 48% 24.3M 0s
  7550K .......... .......... .......... .......... .......... 48% 92.4M 0s
  7600K .......... .......... .......... .......... .......... 48% 31.0M 0s
  7650K .......... .......... .......... .......... .......... 49% 21.9M 0s
  7700K .......... .......... .......... .......... .......... 49% 23.6M 0s
  7750K .......... .......... .......... .......... .......... 49% 25.5M 0s
  7800K .......... .......... .......... .......... .......... 50% 18.0M 0s
  7850K .......... .......... .......... .......... .......... 50% 15.6M 0s
  7900K .......... .......... .......... .......... .......... 50% 63.7M 0s
  7950K .......... .......... .......... .......... .......... 51% 28.3M 0s
  8000K .......... .......... .......... .......... .......... 51% 4.89M 0s
  8050K .......... .......... .......... .......... .......... 51% 12.5M 0s
  8100K .......... .......... .......... .......... .......... 52% 23.9M 0s
  8150K .......... .......... .......... .......... .......... 52% 45.2M 0s
  8200K .......... .......... .......... .......... .......... 52% 15.9M 0s
  8250K .......... .......... .......... .......... .......... 53% 15.1M 0s
  8300K .......... .......... .......... .......... .......... 53% 27.3M 0s
  8350K .......... .......... .......... .......... .......... 53%  122M 0s
  8400K .......... .......... .......... .......... .......... 54% 16.2M 0s
  8450K .......... .......... .......... .......... .......... 54% 15.2M 0s
  8500K .......... .......... .......... .......... .......... 54%  102M 0s
  8550K .......... .......... .......... .......... .......... 55% 17.0M 0s
  8600K .......... .......... .......... .......... .......... 55% 17.9M 0s
  8650K .......... .......... .......... .......... .......... 55% 25.0M 0s
  8700K .......... .......... .......... .......... .......... 55% 18.1M 0s
  8750K .......... .......... .......... .......... .......... 56% 26.6M 0s
  8800K .......... .......... .......... .......... .......... 56% 24.6M 0s
  8850K .......... .......... .......... .......... .......... 56%  106M 0s
  8900K .......... .......... .......... .......... .......... 57% 22.2M 0s
  8950K .......... .......... .......... .......... .......... 57% 20.8M 0s
  9000K .......... .......... .......... .......... .......... 57% 22.0M 0s
  9050K .......... .......... .......... .......... .......... 58% 27.9M 0s
  9100K .......... .......... .......... .......... .......... 58% 21.3M 0s
  9150K .......... .......... .......... .......... .......... 58% 24.2M 0s
  9200K .......... .......... .......... .......... .......... 59%  132M 0s
  9250K .......... .......... .......... .......... .......... 59% 26.1M 0s
  9300K .......... .......... .......... .......... .......... 59% 25.1M 0s
  9350K .......... .......... .......... .......... .......... 60% 18.5M 0s
  9400K .......... .......... .......... .......... .......... 60% 25.2M 0s
  9450K .......... .......... .......... .......... .......... 60% 18.2M 0s
  9500K .......... .......... .......... .......... .......... 61% 24.6M 0s
  9550K .......... .......... .......... .......... .......... 61% 41.5M 0s
  9600K .......... .......... .......... .......... .......... 61% 16.4M 0s
  9650K .......... .......... .......... .......... .......... 62%  113M 0s
  9700K .......... .......... .......... .......... .......... 62% 26.0M 0s
  9750K .......... .......... .......... .......... .......... 62% 15.4M 0s
  9800K .......... .......... .......... .......... .......... 63% 29.0M 0s
  9850K .......... .......... .......... .......... .......... 63% 30.1M 0s
  9900K .......... .......... .......... .......... .......... 63% 22.5M 0s
  9950K .......... .......... .......... .......... .......... 63%  117M 0s
 10000K .......... .......... .......... .......... .......... 64% 14.4M 0s
 10050K .......... .......... .......... .......... .......... 64%  124M 0s
 10100K .......... .......... .......... .......... .......... 64% 24.6M 0s
 10150K .......... .......... .......... .......... .......... 65% 14.5M 0s
 10200K .......... .......... .......... .......... .......... 65% 22.0M 0s
 10250K .......... .......... .......... .......... .......... 65% 28.6M 0s
 10300K .......... .......... .......... .......... .......... 66% 18.8M 0s
 10350K .......... .......... .......... .......... .......... 66%  138M 0s
 10400K .......... .......... .......... .......... .......... 66% 26.1M 0s
 10450K .......... .......... .......... .......... .......... 67% 19.1M 0s
 10500K .......... .......... .......... .......... .......... 67% 23.8M 0s
 10550K .......... .......... .......... .......... .......... 67% 26.7M 0s
 10600K .......... .......... .......... .......... .......... 68% 24.5M 0s
 10650K .......... .......... .......... .......... .......... 68% 25.2M 0s
 10700K .......... .......... .......... .......... .......... 68%  115M 0s
 10750K .......... .......... .......... .......... .......... 69% 15.6M 0s
 10800K .......... .......... .......... .......... .......... 69% 32.7M 0s
 10850K .......... .......... .......... .......... .......... 69% 21.5M 0s
 10900K .......... .......... .......... .......... .......... 70% 24.2M 0s
 10950K .......... .......... .......... .......... .......... 70% 26.7M 0s
 11000K .......... .......... .......... .......... .......... 70% 19.5M 0s
 11050K .......... .......... .......... .......... .......... 71%  272M 0s
 11100K .......... .......... .......... .......... .......... 71% 17.3M 0s
 11150K .......... .......... .......... .......... .......... 71% 24.8M 0s
 11200K .......... .......... .......... .......... .......... 71% 21.1M 0s
 11250K .......... .......... .......... .......... .......... 72% 20.4M 0s
 11300K .......... .......... .......... .......... .......... 72% 21.8M 0s
 11350K .......... .......... .......... .......... .......... 72% 26.1M 0s
 11400K .......... .......... .......... .......... .......... 73% 21.7M 0s
 11450K .......... .......... .......... .......... .......... 73%  127M 0s
 11500K .......... .......... .......... .......... .......... 73% 21.9M 0s
 11550K .......... .......... .......... .......... .......... 74% 17.5M 0s
 11600K .......... .......... .......... .......... .......... 74% 25.0M 0s
 11650K .......... .......... .......... .......... .......... 74% 25.2M 0s
 11700K .......... .......... .......... .......... .......... 75% 20.1M 0s
 11750K .......... .......... .......... .......... .......... 75% 22.2M 0s
 11800K .......... .......... .......... .......... .......... 75%  141M 0s
 11850K .......... .......... .......... .......... .......... 76% 23.2M 0s
 11900K .......... .......... .......... .......... .......... 76% 23.9M 0s
 11950K .......... .......... .......... .......... .......... 76% 26.4M 0s
 12000K .......... .......... .......... .......... .......... 77% 20.4M 0s
 12050K .......... .......... .......... .......... .......... 77% 26.9M 0s
 12100K .......... .......... .......... .......... .......... 77% 26.4M 0s
 12150K .......... .......... .......... .......... .......... 78% 20.5M 0s
 12200K .......... .......... .......... .......... .......... 78%  142M 0s
 12250K .......... .......... .......... .......... .......... 78% 23.1M 0s
 12300K .......... .......... .......... .......... .......... 79% 24.7M 0s
 12350K .......... .......... .......... .......... .......... 79% 16.5M 0s
 12400K .......... .......... .......... .......... .......... 79% 24.3M 0s
 12450K .......... .......... .......... .......... .......... 79% 14.3M 0s
 12500K .......... .......... .......... .......... .......... 80% 28.9M 0s
 12550K .......... .......... .......... .......... .......... 80%  106M 0s
 12600K .......... .......... .......... .......... .......... 80% 23.3M 0s
 12650K .......... .......... .......... .......... .......... 81% 22.8M 0s
 12700K .......... .......... .......... .......... .......... 81% 19.8M 0s
 12750K .......... .......... .......... .......... .......... 81% 23.1M 0s
 12800K .......... .......... .......... .......... .......... 82% 18.2M 0s
 12850K .......... .......... .......... .......... .......... 82% 29.5M 0s
 12900K .......... .......... .......... .......... .......... 82%  120M 0s
 12950K .......... .......... .......... .......... .......... 83% 12.1M 0s
 13000K .......... .......... .......... .......... .......... 83%  105M 0s
 13050K .......... .......... .......... .......... .......... 83% 25.1M 0s
 13100K .......... .......... .......... .......... .......... 84% 25.7M 0s
 13150K .......... .......... .......... .......... .......... 84% 17.4M 0s
 13200K .......... .......... .......... .......... .......... 84% 21.5M 0s
 13250K .......... .......... .......... .......... .......... 85% 23.9M 0s
 13300K .......... .......... .......... .......... .......... 85% 23.2M 0s
 13350K .......... .......... .......... .......... .......... 85%  120M 0s
 13400K .......... .......... .......... .......... .......... 86% 21.3M 0s
 13450K .......... .......... .......... .......... .......... 86% 35.3M 0s
 13500K .......... .......... .......... .......... .......... 86% 21.0M 0s
 13550K .......... .......... .......... .......... .......... 87% 19.6M 0s
 13600K .......... .......... .......... .......... .......... 87% 23.3M 0s
 13650K .......... .......... .......... .......... .......... 87% 15.9M 0s
 13700K .......... .......... .......... .......... .......... 87%  127M 0s
 13750K .......... .......... .......... .......... .......... 88% 25.0M 0s
 13800K .......... .......... .......... .......... .......... 88% 20.4M 0s
 13850K .......... .......... .......... .......... .......... 88% 23.9M 0s
 13900K .......... .......... .......... .......... .......... 89% 22.7M 0s
 13950K .......... .......... .......... .......... .......... 89% 25.6M 0s
 14000K .......... .......... .......... .......... .......... 89% 25.0M 0s
 14050K .......... .......... .......... .......... .......... 90%  101M 0s
 14100K .......... .......... .......... .......... .......... 90% 27.7M 0s
 14150K .......... .......... .......... .......... .......... 90% 26.6M 0s
 14200K .......... .......... .......... .......... .......... 91% 25.8M 0s
 14250K .......... .......... .......... .......... .......... 91% 17.6M 0s
 14300K .......... .......... .......... .......... .......... 91% 24.8M 0s
 14350K .......... .......... .......... .......... .......... 92% 26.8M 0s
 14400K .......... .......... .......... .......... .......... 92%  141M 0s
 14450K .......... .......... .......... .......... .......... 92% 19.4M 0s
 14500K .......... .......... .......... .......... .......... 93% 23.4M 0s
 14550K .......... .......... .......... .......... .......... 93% 25.2M 0s
 14600K .......... .......... .......... .......... .......... 93% 24.8M 0s
 14650K .......... .......... .......... .......... .......... 94% 15.4M 0s
 14700K .......... .......... .......... .......... .......... 94% 22.2M 0s
 14750K .......... .......... .......... .......... .......... 94% 17.4M 0s
 14800K .......... .......... .......... .......... .......... 95%  113M 0s
 14850K .......... .......... .......... .......... .......... 95% 21.0M 0s
 14900K .......... .......... .......... .......... .......... 95% 26.3M 0s
 14950K .......... .......... .......... .......... .......... 95% 26.3M 0s
 15000K .......... .......... .......... .......... .......... 96% 23.3M 0s
 15050K .......... .......... .......... .......... .......... 96% 15.1M 0s
 15100K .......... .......... .......... .......... .......... 96% 27.7M 0s
 15150K .......... .......... .......... .......... .......... 97%  111M 0s
 15200K .......... .......... .......... .......... .......... 97% 23.7M 0s
 15250K .......... .......... .......... .......... .......... 97% 24.1M 0s
 15300K .......... .......... .......... .......... .......... 98% 24.0M 0s
 15350K .......... .......... .......... .......... .......... 98% 24.2M 0s
 15400K .......... .......... .......... .......... .......... 98% 15.7M 0s
 15450K .......... .......... .......... .......... .......... 99% 25.1M 0s
 15500K .......... .......... .......... .......... .......... 99% 22.3M 0s
 15550K .......... .......... .......... .......... .......... 99%  115M 0s
 15600K .......... .......... .....                           100% 53.7M=0.7s

2025-04-03 11:56:13 (23.1 MB/s) - ‘/home/mscrobotics2425laptop4/interbotix_ws/build/multirobot_map_merge/2011-08-09-12-22-52.pgm’ saved [16000058/16000058]

Checking MD5 sum of /home/mscrobotics2425laptop4/interbotix_ws/build/multirobot_map_merge/2011-08-09-12-22-52.pgm
/home/mscrobotics2425laptop4/interbotix_ws/build/multirobot_map_merge/2011-08-09-12-22-52.pgm: OK
--2025-04-03 11:56:13--  https://raw.githubusercontent.com/hrnr/m-explore-extra/master/map_merge/gmapping_maps/2012-01-28-11-12-01.pgm
Resolving raw.githubusercontent.com (raw.githubusercontent.com)... 185.199.111.133, 185.199.109.133, 185.199.108.133, ...
Connecting to raw.githubusercontent.com (raw.githubusercontent.com)|185.199.111.133|:443... connected.
HTTP request sent, awaiting response... 200 OK
Length: 16000058 (15M) [application/octet-stream]
Saving to: ‘/home/mscrobotics2425laptop4/interbotix_ws/build/multirobot_map_merge/2012-01-28-11-12-01.pgm’

     0K .......... .......... .......... .......... ..........  0% 3.26M 5s
    50K .......... .......... .......... .......... ..........  0% 3.93M 4s
   100K .......... .......... .......... .......... ..........  0% 11.8M 3s
   150K .......... .......... .......... .......... ..........  1% 11.8M 3s
   200K .......... .......... .......... .......... ..........  1% 16.0M 2s
   250K .......... .......... .......... .......... ..........  1% 13.3M 2s
   300K .......... .......... .......... .......... ..........  2% 19.6M 2s
   350K .......... .......... .......... .......... ..........  2% 16.0M 2s
   400K .......... .......... .......... .......... ..........  2% 17.3M 2s
   450K .......... .......... .......... .......... ..........  3% 42.8M 2s
   500K .......... .......... .......... .......... ..........  3% 21.9M 1s
   550K .......... .......... .......... .......... ..........  3% 17.2M 1s
   600K .......... .......... .......... .......... ..........  4% 16.8M 1s
   650K .......... .......... .......... .......... ..........  4% 26.2M 1s
   700K .......... .......... .......... .......... ..........  4% 90.1M 1s
   750K .......... .......... .......... .......... ..........  5% 26.1M 1s
   800K .......... .......... .......... .......... ..........  5% 21.7M 1s
   850K .......... .......... .......... .......... ..........  5% 24.2M 1s
   900K .......... .......... .......... .......... ..........  6% 30.9M 1s
   950K .......... .......... .......... .......... ..........  6% 19.2M 1s
  1000K .......... .......... .......... .......... ..........  6% 19.6M 1s
  1050K .......... .......... .......... .......... ..........  7% 22.8M 1s
  1100K .......... .......... .......... .......... ..........  7%  134M 1s
  1150K .......... .......... .......... .......... ..........  7% 26.5M 1s
  1200K .......... .......... .......... .......... ..........  7% 23.5M 1s
  1250K .......... .......... .......... .......... ..........  8% 19.9M 1s
  1300K .......... .......... .......... .......... ..........  8% 26.9M 1s
  1350K .......... .......... .......... .......... ..........  8% 18.5M 1s
  1400K .......... .......... .......... .......... ..........  9% 28.6M 1s
  1450K .......... .......... .......... .......... ..........  9% 77.3M 1s
  1500K .......... .......... .......... .......... ..........  9% 27.3M 1s
  1550K .......... .......... .......... .......... .......... 10% 22.2M 1s
  1600K .......... .......... .......... .......... .......... 10% 22.1M 1s
  1650K .......... .......... .......... .......... .......... 10% 21.0M 1s
  1700K .......... .......... .......... .......... .......... 11% 30.5M 1s
  1750K .......... .......... .......... .......... .......... 11% 66.2M 1s
  1800K .......... .......... .......... .......... .......... 11% 12.4M 1s
  1850K .......... .......... .......... .......... .......... 12% 52.0M 1s
  1900K .......... .......... .......... .......... .......... 12% 35.6M 1s
  1950K .......... .......... .......... .......... .......... 12% 25.8M 1s
  2000K .......... .......... .......... .......... .......... 13% 18.6M 1s
  2050K .......... .......... .......... .......... .......... 13% 23.8M 1s
  2100K .......... .......... .......... .......... .......... 13% 27.0M 1s
  2150K .......... .......... .......... .......... .......... 14%  105M 1s
  2200K .......... .......... .......... .......... .......... 14% 20.2M 1s
  2250K .......... .......... .......... .......... .......... 14% 18.5M 1s
  2300K .......... .......... .......... .......... .......... 15% 17.4M 1s
  2350K .......... .......... .......... .......... .......... 15% 26.5M 1s
  2400K .......... .......... .......... .......... .......... 15% 22.8M 1s
  2450K .......... .......... .......... .......... .......... 15% 18.4M 1s
  2500K .......... .......... .......... .......... .......... 16%  130M 1s
  2550K .......... .......... .......... .......... .......... 16% 24.0M 1s
  2600K .......... .......... .......... .......... .......... 16% 21.3M 1s
  2650K .......... .......... .......... .......... .......... 17% 28.2M 1s
  2700K .......... .......... .......... .......... .......... 17% 16.5M 1s
  2750K .......... .......... .......... .......... .......... 17% 24.0M 1s
  2800K .......... .......... .......... .......... .......... 18% 20.5M 1s
  2850K .......... .......... .......... .......... .......... 18% 24.3M 1s
  2900K .......... .......... .......... .......... .......... 18%  138M 1s
  2950K .......... .......... .......... .......... .......... 19% 19.6M 1s
  3000K .......... .......... .......... .......... .......... 19% 18.4M 1s
  3050K .......... .......... .......... .......... .......... 19% 21.5M 1s
  3100K .......... .......... .......... .......... .......... 20% 26.5M 1s
  3150K .......... .......... .......... .......... .......... 20% 25.9M 1s
  3200K .......... .......... .......... .......... .......... 20% 17.5M 1s
  3250K .......... .......... .......... .......... .......... 21%  123M 1s
  3300K .......... .......... .......... .......... .......... 21% 13.6M 1s
  3350K .......... .......... .......... .......... .......... 21% 88.8M 1s
  3400K .......... .......... .......... .......... .......... 22% 19.0M 1s
  3450K .......... .......... .......... .......... .......... 22% 23.8M 1s
  3500K .......... .......... .......... .......... .......... 22% 24.1M 1s
  3550K .......... .......... .......... .......... .......... 23% 28.6M 1s
  3600K .......... .......... .......... .......... .......... 23% 87.1M 1s
  3650K .......... .......... .......... .......... .......... 23% 25.5M 1s
  3700K .......... .......... .......... .......... .......... 23% 20.3M 1s
  3750K .......... .......... .......... .......... .......... 24% 17.4M 1s
  3800K .......... .......... .......... .......... .......... 24% 26.1M 1s
  3850K .......... .......... .......... .......... .......... 24% 19.6M 1s
  3900K .......... .......... .......... .......... .......... 25% 27.9M 1s
  3950K .......... .......... .......... .......... .......... 25% 19.3M 1s
  4000K .......... .......... .......... .......... .......... 25% 83.7M 1s
  4050K .......... .......... .......... .......... .......... 26% 29.8M 1s
  4100K .......... .......... .......... .......... .......... 26% 22.5M 1s
  4150K .......... .......... .......... .......... .......... 26% 16.9M 1s
  4200K .......... .......... .......... .......... .......... 27% 18.1M 1s
  4250K .......... .......... .......... .......... .......... 27% 25.2M 1s
  4300K .......... .......... .......... .......... .......... 27% 22.5M 1s
  4350K .......... .......... .......... .......... .......... 28%  128M 1s
  4400K .......... .......... .......... .......... .......... 28% 14.8M 1s
  4450K .......... .......... .......... .......... .......... 28% 22.5M 1s
  4500K .......... .......... .......... .......... .......... 29% 27.0M 1s
  4550K .......... .......... .......... .......... .......... 29% 26.2M 1s
  4600K .......... .......... .......... .......... .......... 29% 16.6M 1s
  4650K .......... .......... .......... .......... .......... 30% 26.8M 1s
  4700K .......... .......... .......... .......... .......... 30% 20.9M 1s
  4750K .......... .......... .......... .......... .......... 30%  131M 0s
  4800K .......... .......... .......... .......... .......... 31% 17.2M 0s
  4850K .......... .......... .......... .......... .......... 31% 27.2M 0s
  4900K .......... .......... .......... .......... .......... 31% 20.6M 0s
  4950K .......... .......... .......... .......... .......... 31% 24.3M 0s
  5000K .......... .......... .......... .......... .......... 32% 20.3M 0s
  5050K .......... .......... .......... .......... .......... 32% 26.4M 0s
  5100K .......... .......... .......... .......... .......... 32%  108M 0s
  5150K .......... .......... .......... .......... .......... 33% 25.9M 0s
  5200K .......... .......... .......... .......... .......... 33% 26.2M 0s
  5250K .......... .......... .......... .......... .......... 33% 25.3M 0s
  5300K .......... .......... .......... .......... .......... 34% 25.5M 0s
  5350K .......... .......... .......... .......... .......... 34% 22.3M 0s
  5400K .......... .......... .......... .......... .......... 34% 18.5M 0s
  5450K .......... .......... .......... .......... .......... 35% 18.6M 0s
  5500K .......... .......... .......... .......... .......... 35% 62.1M 0s
  5550K .......... .......... .......... .......... .......... 35% 32.6M 0s
  5600K .......... .......... .......... .......... .......... 36% 26.9M 0s
  5650K .......... .......... .......... .......... .......... 36% 18.7M 0s
  5700K .......... .......... .......... .......... .......... 36% 31.0M 0s
  5750K .......... .......... .......... .......... .......... 37% 20.9M 0s
  5800K .......... .......... .......... .......... .......... 37% 28.5M 0s
  5850K .......... .......... .......... .......... .......... 37%  118M 0s
  5900K .......... .......... .......... .......... .......... 38% 12.7M 0s
  5950K .......... .......... .......... .......... .......... 38% 18.3M 0s
  6000K .......... .......... .......... .......... .......... 38% 24.8M 0s
  6050K .......... .......... .......... .......... .......... 39% 22.0M 0s
  6100K .......... .......... .......... .......... .......... 39% 9.58M 0s
  6150K .......... .......... .......... .......... .......... 39% 23.9M 0s
  6200K .......... .......... .......... .......... .......... 39%  124M 0s
  6250K .......... .......... .......... .......... .......... 40% 26.2M 0s
  6300K .......... .......... .......... .......... .......... 40% 22.4M 0s
  6350K .......... .......... .......... .......... .......... 40% 19.3M 0s
  6400K .......... .......... .......... .......... .......... 41% 14.6M 0s
  6450K .......... .......... .......... .......... .......... 41% 23.9M 0s
  6500K .......... .......... .......... .......... .......... 41% 25.8M 0s
  6550K .......... .......... .......... .......... .......... 42%  121M 0s
  6600K .......... .......... .......... .......... .......... 42% 22.4M 0s
  6650K .......... .......... .......... .......... .......... 42% 21.9M 0s
  6700K .......... .......... .......... .......... .......... 43% 21.5M 0s
  6750K .......... .......... .......... .......... .......... 43% 25.0M 0s
  6800K .......... .......... .......... .......... .......... 43% 18.2M 0s
  6850K .......... .......... .......... .......... .......... 44% 15.2M 0s
  6900K .......... .......... .......... .......... .......... 44% 14.4M 0s
  6950K .......... .......... .......... .......... .......... 44%  135M 0s
  7000K .......... .......... .......... .......... .......... 45% 25.7M 0s
  7050K .......... .......... .......... .......... .......... 45% 26.4M 0s
  7100K .......... .......... .......... .......... .......... 45% 25.4M 0s
  7150K .......... .......... .......... .......... .......... 46% 22.0M 0s
  7200K .......... .......... .......... .......... .......... 46% 19.8M 0s
  7250K .......... .......... .......... .......... .......... 46% 23.2M 0s
  7300K .......... .......... .......... .......... .......... 47%  128M 0s
  7350K .......... .......... .......... .......... .......... 47% 21.3M 0s
  7400K .......... .......... .......... .......... .......... 47% 17.0M 0s
  7450K .......... .......... .......... .......... .......... 47% 24.9M 0s
  7500K .......... .......... .......... .......... .......... 48% 18.7M 0s
  7550K .......... .......... .......... .......... .......... 48% 20.8M 0s
  7600K .......... .......... .......... .......... .......... 48% 19.0M 0s
  7650K .......... .......... .......... .......... .......... 49%  129M 0s
  7700K .......... .......... .......... .......... .......... 49% 20.0M 0s
  7750K .......... .......... .......... .......... .......... 49% 23.5M 0s
  7800K .......... .......... .......... .......... .......... 50% 26.2M 0s
  7850K .......... .......... .......... .......... .......... 50% 14.4M 0s
  7900K .......... .......... .......... .......... .......... 50% 34.7M 0s
  7950K .......... .......... .......... .......... .......... 51% 40.4M 0s
  8000K .......... .......... .......... .......... .......... 51% 18.2M 0s
  8050K .......... .......... .......... .......... .......... 51% 24.0M 0s
  8100K .......... .......... .......... .......... .......... 52% 15.9M 0s
  8150K .......... .......... .......... .......... .......... 52% 26.9M 0s
  8200K .......... .......... .......... .......... .......... 52% 15.1M 0s
  8250K .......... .......... .......... .......... .......... 53% 21.4M 0s
  8300K .......... .......... .......... .......... .......... 53% 17.5M 0s
  8350K .......... .......... .......... .......... .......... 53% 79.5M 0s
  8400K .......... .......... .......... .......... .......... 54% 26.6M 0s
  8450K .......... .......... .......... .......... .......... 54% 20.1M 0s
  8500K .......... .......... .......... .......... .......... 54% 23.0M 0s
  8550K .......... .......... .......... .......... .......... 55% 15.4M 0s
  8600K .......... .......... .......... .......... .......... 55% 26.7M 0s
  8650K .......... .......... .......... .......... .......... 55% 24.5M 0s
  8700K .......... .......... .......... .......... .......... 55% 20.1M 0s
  8750K .......... .......... .......... .......... .......... 56% 73.5M 0s
  8800K .......... .......... .......... .......... .......... 56% 14.0M 0s
  8850K .......... .......... .......... .......... .......... 56% 88.1M 0s
  8900K .......... .......... .......... .......... .......... 57% 26.5M 0s
  8950K .......... .......... .......... .......... .......... 57% 8.73M 0s
  9000K .......... .......... .......... .......... .......... 57% 18.5M 0s
  9050K .......... .......... .......... .......... .......... 58% 24.3M 0s
  9100K .......... .......... .......... .......... .......... 58% 29.9M 0s
  9150K .......... .......... .......... .......... .......... 58% 9.85M 0s
  9200K .......... .......... .......... .......... .......... 59% 22.0M 0s
  9250K .......... .......... .......... .......... .......... 59%  189M 0s
  9300K .......... .......... .......... .......... .......... 59% 23.7M 0s
  9350K .......... .......... .......... .......... .......... 60% 18.2M 0s
  9400K .......... .......... .......... .......... .......... 60% 23.3M 0s
  9450K .......... .......... .......... .......... .......... 60% 18.9M 0s
  9500K .......... .......... .......... .......... .......... 61% 24.3M 0s
  9550K .......... .......... .......... .......... .......... 61% 23.0M 0s
  9600K .......... .......... .......... .......... .......... 61% 27.1M 0s
  9650K .......... .......... .......... .......... .......... 62% 15.2M 0s
  9700K .......... .......... .......... .......... .......... 62%  117M 0s
  9750K .......... .......... .......... .......... .......... 62% 27.8M 0s
  9800K .......... .......... .......... .......... .......... 63% 17.9M 0s
  9850K .......... .......... .......... .......... .......... 63% 24.2M 0s
  9900K .......... .......... .......... .......... .......... 63% 21.7M 0s
  9950K .......... .......... .......... .......... .......... 63% 18.4M 0s
 10000K .......... .......... .......... .......... .......... 64% 25.5M 0s
 10050K .......... .......... .......... .......... .......... 64% 17.4M 0s
 10100K .......... .......... .......... .......... .......... 64%  154M 0s
 10150K .......... .......... .......... .......... .......... 65% 28.5M 0s
 10200K .......... .......... .......... .......... .......... 65% 24.7M 0s
 10250K .......... .......... .......... .......... .......... 65% 19.0M 0s
 10300K .......... .......... .......... .......... .......... 66% 47.1M 0s
 10350K .......... .......... .......... .......... .......... 66% 16.1M 0s
 10400K .......... .......... .......... .......... .......... 66% 25.2M 0s
 10450K .......... .......... .......... .......... .......... 67% 17.3M 0s
 10500K .......... .......... .......... .......... .......... 67% 15.8M 0s
 10550K .......... .......... .......... .......... .......... 67% 68.8M 0s
 10600K .......... .......... .......... .......... .......... 68% 28.9M 0s
 10650K .......... .......... .......... .......... .......... 68% 22.2M 0s
 10700K .......... .......... .......... .......... .......... 68% 24.7M 0s
 10750K .......... .......... .......... .......... .......... 69% 27.9M 0s
 10800K .......... .......... .......... .......... .......... 69% 18.6M 0s
 10850K .......... .......... .......... .......... .......... 69% 26.5M 0s
 10900K .......... .......... .......... .......... .......... 70%  156M 0s
 10950K .......... .......... .......... .......... .......... 70% 18.5M 0s
 11000K .......... .......... .......... .......... .......... 70% 20.3M 0s
 11050K .......... .......... .......... .......... .......... 71% 24.8M 0s
 11100K .......... .......... .......... .......... .......... 71% 19.5M 0s
 11150K .......... .......... .......... .......... .......... 71% 31.6M 0s
 11200K .......... .......... .......... .......... .......... 71% 20.3M 0s
 11250K .......... .......... .......... .......... .......... 72% 23.2M 0s
 11300K .......... .......... .......... .......... .......... 72%  152M 0s
 11350K .......... .......... .......... .......... .......... 72% 25.0M 0s
 11400K .......... .......... .......... .......... .......... 73% 18.4M 0s
 11450K .......... .......... .......... .......... .......... 73% 20.5M 0s
 11500K .......... .......... .......... .......... .......... 73% 20.9M 0s
 11550K .......... .......... .......... .......... .......... 74% 29.6M 0s
 11600K .......... .......... .......... .......... .......... 74% 26.0M 0s
 11650K .......... .......... .......... .......... .......... 74%  152M 0s
 11700K .......... .......... .......... .......... .......... 75% 1.05M 0s
 11750K .......... .......... .......... .......... .......... 75% 16.2M 0s
 11800K .......... .......... .......... .......... .......... 75% 22.9M 0s
 11850K .......... .......... .......... .......... .......... 76% 23.2M 0s
 11900K .......... .......... .......... .......... .......... 76% 17.5M 0s
 11950K .......... .......... .......... .......... .......... 76% 26.2M 0s
 12000K .......... .......... .......... .......... .......... 77% 22.0M 0s
 12050K .......... .......... .......... .......... .......... 77% 82.2M 0s
 12100K .......... .......... .......... .......... .......... 77% 26.1M 0s
 12150K .......... .......... .......... .......... .......... 78% 23.4M 0s
 12200K .......... .......... .......... .......... .......... 78% 21.4M 0s
 12250K .......... .......... .......... .......... .......... 78% 8.44M 0s
 12300K .......... .......... .......... .......... .......... 79% 27.0M 0s
 12350K .......... .......... .......... .......... .......... 79% 18.1M 0s
 12400K .......... .......... .......... .......... .......... 79% 67.8M 0s
 12450K .......... .......... .......... .......... .......... 79% 30.2M 0s
 12500K .......... .......... .......... .......... .......... 80% 22.0M 0s
 12550K .......... .......... .......... .......... .......... 80% 23.0M 0s
 12600K .......... .......... .......... .......... .......... 80% 26.0M 0s
 12650K .......... .......... .......... .......... .......... 81% 22.7M 0s
 12700K .......... .......... .......... .......... .......... 81% 20.1M 0s
 12750K .......... .......... .......... .......... .......... 81% 40.5M 0s
 12800K .......... .......... .......... .......... .......... 82% 37.2M 0s
 12850K .......... .......... .......... .......... .......... 82% 19.4M 0s
 12900K .......... .......... .......... .......... .......... 82% 21.7M 0s
 12950K .......... .......... .......... .......... .......... 83% 18.8M 0s
 13000K .......... .......... .......... .......... .......... 83% 24.2M 0s
 13050K .......... .......... .......... .......... .......... 83% 13.3M 0s
 13100K .......... .......... .......... .......... .......... 84% 24.7M 0s
 13150K .......... .......... .......... .......... .......... 84% 96.5M 0s
 13200K .......... .......... .......... .......... .......... 84% 29.5M 0s
 13250K .......... .......... .......... .......... .......... 85% 22.2M 0s
 13300K .......... .......... .......... .......... .......... 85% 23.4M 0s
 13350K .......... .......... .......... .......... .......... 85% 18.1M 0s
 13400K .......... .......... .......... .......... .......... 86% 26.3M 0s
 13450K .......... .......... .......... .......... .......... 86% 19.1M 0s
 13500K .......... .......... .......... .......... .......... 86%  113M 0s
 13550K .......... .......... .......... .......... .......... 87% 19.7M 0s
 13600K .......... .......... .......... .......... .......... 87% 31.7M 0s
 13650K .......... .......... .......... .......... .......... 87% 25.4M 0s
 13700K .......... .......... .......... .......... .......... 87% 26.1M 0s
 13750K .......... .......... .......... .......... .......... 88% 18.0M 0s
 13800K .......... .......... .......... .......... .......... 88% 27.8M 0s
 13850K .......... .......... .......... .......... .......... 88% 21.0M 0s
 13900K .......... .......... .......... .......... .......... 89% 72.4M 0s
 13950K .......... .......... .......... .......... .......... 89% 22.9M 0s
 14000K .......... .......... .......... .......... .......... 89% 20.2M 0s
 14050K .......... .......... .......... .......... .......... 90% 13.3M 0s
 14100K .......... .......... .......... .......... .......... 90%  120M 0s
 14150K .......... .......... .......... .......... .......... 90% 27.4M 0s
 14200K .......... .......... .......... .......... .......... 91% 23.0M 0s
 14250K .......... .......... .......... .......... .......... 91% 22.0M 0s
 14300K .......... .......... .......... .......... .......... 91% 22.3M 0s
 14350K .......... .......... .......... .......... .......... 92% 21.7M 0s
 14400K .......... .......... .......... .......... .......... 92% 21.2M 0s
 14450K .......... .......... .......... .......... .......... 92% 23.9M 0s
 14500K .......... .......... .......... .......... .......... 93% 79.7M 0s
 14550K .......... .......... .......... .......... .......... 93% 19.1M 0s
 14600K .......... .......... .......... .......... .......... 93% 20.1M 0s
 14650K .......... .......... .......... .......... .......... 94% 15.9M 0s
 14700K .......... .......... .......... .......... .......... 94% 26.5M 0s
 14750K .......... .......... .......... .......... .......... 94% 23.3M 0s
 14800K .......... .......... .......... .......... .......... 95% 19.5M 0s
 14850K .......... .......... .......... .......... .......... 95% 71.5M 0s
 14900K .......... .......... .......... .......... .......... 95% 26.2M 0s
 14950K .......... .......... .......... .......... .......... 95% 23.2M 0s
 15000K .......... .......... .......... .......... .......... 96% 14.8M 0s
 15050K .......... .......... .......... .......... .......... 96% 54.6M 0s
 15100K .......... .......... .......... .......... .......... 96% 13.3M 0s
 15150K .......... .......... .......... .......... .......... 97% 24.7M 0s
 15200K .......... .......... .......... .......... .......... 97% 17.8M 0s
 15250K .......... .......... .......... .......... .......... 97% 19.9M 0s
 15300K .......... .......... .......... .......... .......... 98% 23.4M 0s
 15350K .......... .......... .......... .......... .......... 98% 25.6M 0s
 15400K .......... .......... .......... .......... .......... 98% 14.5M 0s
 15450K .......... .......... .......... .......... .......... 99%  157M 0s
 15500K .......... .......... .......... .......... .......... 99% 23.5M 0s
 15550K .......... .......... .......... .......... .......... 99% 18.5M 0s
 15600K .......... .......... .....                           100%  107M=0.7s

2025-04-03 11:56:14 (21.2 MB/s) - ‘/home/mscrobotics2425laptop4/interbotix_ws/build/multirobot_map_merge/2012-01-28-11-12-01.pgm’ saved [16000058/16000058]

Checking MD5 sum of /home/mscrobotics2425laptop4/interbotix_ws/build/multirobot_map_merge/2012-01-28-11-12-01.pgm
/home/mscrobotics2425laptop4/interbotix_ws/build/multirobot_map_merge/2012-01-28-11-12-01.pgm: OK
-- Found gtest sources under '/opt/ros/humble/src/gtest_vendor': C++ tests using 'Google Test' will be built
-- Added test 'cppcheck' to perform static code analysis on C / C++ code
-- Configured cppcheck include dirs: /home/mscrobotics2425laptop4/interbotix_ws/src/m-explore-ros2-main/map_merge/include;$<BUILD_INTERFACE:/home/mscrobotics2425laptop4/interbotix_ws/src/m-explore-ros2-main/map_merge/include>
-- Configured cppcheck exclude dirs and/or files: 
-- Added test 'flake8' to check Python code syntax and style conventions
-- Added test 'lint_cmake' to check CMake code style
-- Added test 'pep257' to check Python code against some of the docstring style conventions in PEP 257
-- Added test 'uncrustify' to check C / C++ code style
-- Configured uncrustify additional arguments: 
-- Added test 'xmllint' to check XML markup files
-- Configuring done
-- Generating done
-- Build files have been written to: /home/mscrobotics2425laptop4/interbotix_ws/build/multirobot_map_merge
