[1.555s] Invoking command in '/home/mscrobotics2425laptop4/interbotix_ws/build/multirobot_map_merge': CMAKE_PREFIX_PATH=${CMAKE_PREFIX_PATH}:/home/mscrobotics2425laptop4/interbotix_ws/install/ros_cv_messages:/home/mscrobotics2425laptop4/interbotix_ws/install/leo_realsense:/home/mscrobotics2425laptop4/interbotix_ws/install/leo_manipulator:/home/mscrobotics2425laptop4/interbotix_ws/install/leo_main:/home/mscrobotics2425laptop4/interbotix_ws/install/leo_launch:/home/mscrobotics2425laptop4/interbotix_ws/install/interbotix_xs_modules:/home/mscrobotics2425laptop4/interbotix_ws/install/interbotix_perception_modules:/home/mscrobotics2425laptop4/interbotix_ws/install/interbotix_common_modules:/opt/ros/humble /usr/bin/cmake /home/mscrobotics2425laptop4/interbotix_ws/src/m-explore-ros2-main/map_merge -DCMAKE_INSTALL_PREFIX=/home/mscrobotics2425laptop4/interbotix_ws/install/multirobot_map_merge
[1.842s] -- The C compiler identification is GNU 11.4.0
[1.886s] -- The CXX compiler identification is GNU 11.4.0
[1.888s] -- Detecting C compiler ABI info
[1.999s] -- Detecting C compiler ABI info - done
[2.019s] -- Check for working C compiler: /usr/bin/cc - skipped
[2.019s] -- Detecting C compile features
[2.022s] -- Detecting C compile features - done
[2.030s] -- Detecting CXX compiler ABI info
[2.234s] -- Detecting CXX compiler ABI info - done
[2.242s] -- Check for working CXX compiler: /usr/bin/c++ - skipped
[2.243s] -- Detecting CXX compile features
[2.245s] -- Detecting CXX compile features - done
[2.259s] -- Found ament_cmake: 1.3.11 (/opt/ros/humble/share/ament_cmake/cmake)
[2.700s] -- Found Python3: /usr/bin/python3 (found version "3.10.12") found components: Interpreter 
[2.979s] -- Found rclcpp: 16.0.11 (/opt/ros/humble/share/rclcpp/cmake)
[3.120s] -- Found rosidl_generator_c: 3.1.6 (/opt/ros/humble/share/rosidl_generator_c/cmake)
[3.150s] -- Found rosidl_adapter: 3.1.6 (/opt/ros/humble/share/rosidl_adapter/cmake)
[3.181s] -- Found rosidl_generator_cpp: 3.1.6 (/opt/ros/humble/share/rosidl_generator_cpp/cmake)
[3.237s] -- Using all available rosidl_typesupport_c: rosidl_typesupport_fastrtps_c;rosidl_typesupport_introspection_c
[3.348s] -- Using all available rosidl_typesupport_cpp: rosidl_typesupport_fastrtps_cpp;rosidl_typesupport_introspection_cpp
[3.534s] -- Found rmw_implementation_cmake: 6.1.2 (/opt/ros/humble/share/rmw_implementation_cmake/cmake)
[3.558s] -- Found rmw_fastrtps_cpp: 6.2.7 (/opt/ros/humble/share/rmw_fastrtps_cpp/cmake)
[3.879s] -- Found OpenSSL: /usr/lib/x86_64-linux-gnu/libcrypto.so (found version "3.0.2")  
[3.966s] -- Found FastRTPS: /opt/ros/humble/include  
[4.125s] -- Using RMW implementation 'rmw_fastrtps_cpp' as default
[4.151s] -- Looking for pthread.h
[4.312s] -- Looking for pthread.h - found
[4.313s] -- Performing Test CMAKE_HAVE_LIBC_PTHREAD
[4.488s] -- Performing Test CMAKE_HAVE_LIBC_PTHREAD - Success
[4.491s] -- Found Threads: TRUE  
[4.632s] -- Found geometry_msgs: 4.2.4 (/opt/ros/humble/share/geometry_msgs/cmake)
[4.669s] -- Found image_geometry: 3.2.1 (/opt/ros/humble/share/image_geometry/cmake)
[4.794s] -- Found map_msgs: 2.1.0 (/opt/ros/humble/share/map_msgs/cmake)
[4.897s] -- Found tf2_geometry_msgs: 0.25.12 (/opt/ros/humble/share/tf2_geometry_msgs/cmake)
[4.949s] -- Found eigen3_cmake_module: 0.1.1 (/opt/ros/humble/share/eigen3_cmake_module/cmake)
[4.951s] -- Found Eigen3: TRUE (found version "3.4.0") 
[4.952s] -- Ensuring Eigen3 include directory is part of orocos-kdl CMake target
[5.240s] -- Found Boost: /usr/lib/x86_64-linux-gnu/cmake/Boost-1.74.0/BoostConfig.cmake (found version "1.74.0") found components: thread 
[5.253s] -- Found OpenCV: /usr (found version "4.5.4") 
[5.289s] -- Found ament_lint_auto: 0.12.11 (/opt/ros/humble/share/ament_lint_auto/cmake)
[5.462s] -- Found ament_cmake_gtest: 1.3.11 (/opt/ros/humble/share/ament_cmake_gtest/cmake)
[5.483s] --2025-04-03 11:56:11--  https://raw.githubusercontent.com/hrnr/m-explore-extra/master/map_merge/hector_maps/map00.pgm
[5.492s] Resolving raw.githubusercontent.com (raw.githubusercontent.com)... 185.199.108.133, 185.199.110.133, 185.199.111.133, ...
[5.501s] Connecting to raw.githubusercontent.com (raw.githubusercontent.com)|185.199.108.133|:443... connected.
[5.768s] HTTP request sent, awaiting response... 200 OK
[5.768s] Length: 4194362 (4.0M) [application/octet-stream]
[5.768s] Saving to: ‘/home/mscrobotics2425laptop4/interbotix_ws/build/multirobot_map_merge/map00.pgm’
[5.769s] 
[5.781s]      0K .......... .......... .......... .......... ..........  1% 3.72M 1s
[5.791s]     50K .......... .......... .......... .......... ..........  2% 5.07M 1s
[5.793s]    100K .......... .......... .......... .......... ..........  3% 21.2M 1s
[5.802s]    150K .......... .......... .......... .......... ..........  4% 5.97M 1s
[5.805s]    200K .......... .......... .......... .......... ..........  6% 13.9M 1s
[5.807s]    250K .......... .......... .......... .......... ..........  7% 18.1M 0s
[5.809s]    300K .......... .......... .......... .......... ..........  8% 30.4M 0s
[5.812s]    350K .......... .......... .......... .......... ..........  9% 15.1M 0s
[5.816s]    400K .......... .......... .......... .......... .......... 10% 11.3M 0s
[5.820s]    450K .......... .......... .......... .......... .......... 12% 15.0M 0s
[5.821s]    500K .......... .......... .......... .......... .......... 13% 65.9M 0s
[5.824s]    550K .......... .......... .......... .......... .......... 14% 15.8M 0s
[5.825s]    600K .......... .......... .......... .......... .......... 15% 27.0M 0s
[5.827s]    650K .......... .......... .......... .......... .......... 17% 24.9M 0s
[5.829s]    700K .......... .......... .......... .......... .......... 18% 26.6M 0s
[5.829s]    750K .......... .......... .......... .......... .......... 19% 93.4M 0s
[5.833s]    800K .......... .......... .......... .......... .......... 20% 12.9M 0s
[5.835s]    850K .......... .......... .......... .......... .......... 21% 25.3M 0s
[5.838s]    900K .......... .......... .......... .......... .......... 23% 21.9M 0s
[5.840s]    950K .......... .......... .......... .......... .......... 24% 17.9M 0s
[5.842s]   1000K .......... .......... .......... .......... .......... 25% 27.1M 0s
[5.842s]   1050K .......... .......... .......... .......... .......... 26%  130M 0s
[5.846s]   1100K .......... .......... .......... .......... .......... 28% 13.0M 0s
[5.849s]   1150K .......... .......... .......... .......... .......... 29% 22.1M 0s
[5.849s]   1200K .......... .......... .......... .......... .......... 30% 94.0M 0s
[5.851s]   1250K .......... .......... .......... .......... .......... 31% 26.3M 0s
[5.852s]   1300K .......... .......... .......... .......... .......... 32% 31.9M 0s
[5.855s]   1350K .......... .......... .......... .......... .......... 34% 20.1M 0s
[5.858s]   1400K .......... .......... .......... .......... .......... 35% 20.9M 0s
[5.860s]   1450K .......... .......... .......... .......... .......... 36% 18.1M 0s
[5.860s]   1500K .......... .......... .......... .......... .......... 37%  138M 0s
[5.862s]   1550K .......... .......... .......... .......... .......... 39% 25.3M 0s
[5.864s]   1600K .......... .......... .......... .......... .......... 40% 22.1M 0s
[5.867s]   1650K .......... .......... .......... .......... .......... 41% 17.4M 0s
[5.869s]   1700K .......... .......... .......... .......... .......... 42% 23.2M 0s
[5.872s]   1750K .......... .......... .......... .......... .......... 43% 20.3M 0s
[5.874s]   1800K .......... .......... .......... .......... .......... 45% 17.4M 0s
[5.876s]   1850K .......... .......... .......... .......... .......... 46% 22.6M 0s
[5.877s]   1900K .......... .......... .......... .......... .......... 47%  130M 0s
[5.879s]   1950K .......... .......... .......... .......... .......... 48% 23.8M 0s
[5.881s]   2000K .......... .......... .......... .......... .......... 50% 19.4M 0s
[5.883s]   2050K .......... .......... .......... .......... .......... 51% 24.3M 0s
[5.886s]   2100K .......... .......... .......... .......... .......... 52% 21.1M 0s
[5.888s]   2150K .......... .......... .......... .......... .......... 53% 19.0M 0s
[5.891s]   2200K .......... .......... .......... .......... .......... 54% 16.9M 0s
[5.891s]   2250K .......... .......... .......... .......... .......... 56%  112M 0s
[5.894s]   2300K .......... .......... .......... .......... .......... 57% 24.0M 0s
[5.896s]   2350K .......... .......... .......... .......... .......... 58% 22.8M 0s
[5.898s]   2400K .......... .......... .......... .......... .......... 59% 24.5M 0s
[5.900s]   2450K .......... .......... .......... .......... .......... 61% 18.2M 0s
[5.902s]   2500K .......... .......... .......... .......... .......... 62% 25.2M 0s
[5.905s]   2550K .......... .......... .......... .......... .......... 63% 19.6M 0s
[5.907s]   2600K .......... .......... .......... .......... .......... 64% 25.5M 0s
[5.908s]   2650K .......... .......... .......... .......... .......... 65% 67.4M 0s
[5.910s]   2700K .......... .......... .......... .......... .......... 67% 19.8M 0s
[5.913s]   2750K .......... .......... .......... .......... .......... 68% 19.5M 0s
[5.915s]   2800K .......... .......... .......... .......... .......... 69% 22.2M 0s
[5.916s]   2850K .......... .......... .......... .......... .......... 70% 27.7M 0s
[5.918s]   2900K .......... .......... .......... .......... .......... 72% 25.9M 0s
[5.919s]   2950K .......... .......... .......... .......... .......... 73%  123M 0s
[5.923s]   3000K .......... .......... .......... .......... .......... 74% 14.2M 0s
[5.923s]   3050K .......... .......... .......... .......... .......... 75% 57.2M 0s
[5.926s]   3100K .......... .......... .......... .......... .......... 76% 21.5M 0s
[5.928s]   3150K .......... .......... .......... .......... .......... 78% 23.2M 0s
[5.930s]   3200K .......... .......... .......... .......... .......... 79% 20.9M 0s
[5.932s]   3250K .......... .......... .......... .......... .......... 80% 24.0M 0s
[5.934s]   3300K .......... .......... .......... .......... .......... 81% 29.9M 0s
[5.934s]   3350K .......... .......... .......... .......... .......... 83% 66.2M 0s
[5.936s]   3400K .......... .......... .......... .......... .......... 84% 28.6M 0s
[5.938s]   3450K .......... .......... .......... .......... .......... 85% 23.3M 0s
[5.941s]   3500K .......... .......... .......... .......... .......... 86% 22.2M 0s
[5.943s]   3550K .......... .......... .......... .......... .......... 87% 21.1M 0s
[5.946s]   3600K .......... .......... .......... .......... .......... 89% 18.0M 0s
[5.947s]   3650K .......... .......... .......... .......... .......... 90% 27.5M 0s
[5.949s]   3700K .......... .......... .......... .......... .......... 91% 24.7M 0s
[5.950s]   3750K .......... .......... .......... .......... .......... 92% 93.7M 0s
[5.952s]   3800K .......... .......... .......... .......... .......... 93% 22.5M 0s
[5.955s]   3850K .......... .......... .......... .......... .......... 95% 17.3M 0s
[5.956s]   3900K .......... .......... .......... .......... .......... 96% 38.3M 0s
[5.958s]   3950K .......... .......... .......... .......... .......... 97% 23.1M 0s
[5.961s]   4000K .......... .......... .......... .......... .......... 98% 17.2M 0s
[5.961s]   4050K .......... .......... .......... .......... ......    100%  154M=0.2s
[5.961s] 
[5.961s] 2025-04-03 11:56:11 (20.7 MB/s) - ‘/home/mscrobotics2425laptop4/interbotix_ws/build/multirobot_map_merge/map00.pgm’ saved [4194362/4194362]
[5.961s] 
[5.964s] Checking MD5 sum of /home/mscrobotics2425laptop4/interbotix_ws/build/multirobot_map_merge/map00.pgm
[5.980s] /home/mscrobotics2425laptop4/interbotix_ws/build/multirobot_map_merge/map00.pgm: OK
[5.990s] --2025-04-03 11:56:11--  https://raw.githubusercontent.com/hrnr/m-explore-extra/master/map_merge/hector_maps/map05.pgm
[5.996s] Resolving raw.githubusercontent.com (raw.githubusercontent.com)... 185.199.111.133, 185.199.108.133, 185.199.109.133, ...
[6.006s] Connecting to raw.githubusercontent.com (raw.githubusercontent.com)|185.199.111.133|:443... connected.
[6.316s] HTTP request sent, awaiting response... 200 OK
[6.316s] Length: 4194362 (4.0M) [application/octet-stream]
[6.317s] Saving to: ‘/home/mscrobotics2425laptop4/interbotix_ws/build/multirobot_map_merge/map05.pgm’
[6.317s] 
[6.329s]      0K .......... .......... .......... .......... ..........  1% 3.66M 1s
[6.341s]     50K .......... .......... .......... .......... ..........  2% 4.11M 1s
[6.343s]    100K .......... .......... .......... .......... ..........  3% 16.5M 1s
[6.349s]    150K .......... .......... .......... .......... ..........  4% 9.13M 1s
[6.353s]    200K .......... .......... .......... .......... ..........  6% 12.5M 1s
[6.355s]    250K .......... .......... .......... .......... ..........  7% 19.3M 1s
[6.358s]    300K .......... .......... .......... .......... ..........  8% 18.3M 0s
[6.360s]    350K .......... .......... .......... .......... ..........  9% 23.9M 0s
[6.363s]    400K .......... .......... .......... .......... .......... 10% 18.2M 0s
[6.367s]    450K .......... .......... .......... .......... .......... 12% 12.8M 0s
[6.367s]    500K .......... .......... .......... .......... .......... 13% 71.5M 0s
[6.371s]    550K .......... .......... .......... .......... .......... 14% 21.5M 0s
[6.372s]    600K .......... .......... .......... .......... .......... 15% 20.5M 0s
[6.374s]    650K .......... .......... .......... .......... .......... 17% 29.1M 0s
[6.376s]    700K .......... .......... .......... .......... .......... 18% 22.0M 0s
[6.376s]    750K .......... .......... .......... .......... .......... 19%  135M 0s
[6.379s]    800K .......... .......... .......... .......... .......... 20% 19.2M 0s
[6.381s]    850K .......... .......... .......... .......... .......... 21% 23.1M 0s
[6.384s]    900K .......... .......... .......... .......... .......... 23% 13.8M 0s
[6.385s]    950K .......... .......... .......... .......... .......... 24% 37.6M 0s
[6.388s]   1000K .......... .......... .......... .......... .......... 25% 19.1M 0s
[6.391s]   1050K .......... .......... .......... .......... .......... 26% 19.5M 0s
[6.393s]   1100K .......... .......... .......... .......... .......... 28% 19.3M 0s
[6.396s]   1150K .......... .......... .......... .......... .......... 29% 16.1M 0s
[6.399s]   1200K .......... .......... .......... .......... .......... 30% 19.6M 0s
[6.399s]   1250K .......... .......... .......... .......... .......... 31% 98.0M 0s
[6.401s]   1300K .......... .......... .......... .......... .......... 32% 27.8M 0s
[6.405s]   1350K .......... .......... .......... .......... .......... 34% 13.3M 0s
[6.406s]   1400K .......... .......... .......... .......... .......... 35% 23.8M 0s
[6.408s]   1450K .......... .......... .......... .......... .......... 36% 26.0M 0s
[6.411s]   1500K .......... .......... .......... .......... .......... 37% 18.5M 0s
[6.413s]   1550K .......... .......... .......... .......... .......... 39% 27.1M 0s
[6.413s]   1600K .......... .......... .......... .......... .......... 40%  104M 0s
[6.416s]   1650K .......... .......... .......... .......... .......... 41% 23.6M 0s
[6.418s]   1700K .......... .......... .......... .......... .......... 42% 19.3M 0s
[6.419s]   1750K .......... .......... .......... .......... .......... 43% 41.5M 0s
[6.424s]   1800K .......... .......... .......... .......... .......... 45% 10.6M 0s
[6.426s]   1850K .......... .......... .......... .......... .......... 46% 28.7M 0s
[6.429s]   1900K .......... .......... .......... .......... .......... 47% 16.0M 0s
[6.472s]   1950K .......... .......... .......... .......... .......... 48% 1.12M 0s
[6.475s]   2000K .......... .......... .......... .......... .......... 50% 19.3M 0s
[6.476s]   2050K .......... .......... .......... .......... .......... 51% 74.4M 0s
[6.476s]   2100K .......... .......... .......... .......... .......... 52% 79.1M 0s
[6.476s]   2150K .......... .......... .......... .......... .......... 53%  156M 0s
[6.477s]   2200K .......... .......... .......... .......... .......... 54%  132M 0s
[6.477s]   2250K .......... .......... .......... .......... .......... 56%  152M 0s
[6.477s]   2300K .......... .......... .......... .......... .......... 57%  148M 0s
[6.478s]   2350K .......... .......... .......... .......... .......... 58%  134M 0s
[6.478s]   2400K .......... .......... .......... .......... .......... 59%  118M 0s
[6.478s]   2450K .......... .......... .......... .......... .......... 61%  148M 0s
[6.479s]   2500K .......... .......... .......... .......... .......... 62%  145M 0s
[6.479s]   2550K .......... .......... .......... .......... .......... 63%  148M 0s
[6.479s]   2600K .......... .......... .......... .......... .......... 64%  115M 0s
[6.479s]   2650K .......... .......... .......... .......... .......... 65%  125M 0s
[6.480s]   2700K .......... .......... .......... .......... .......... 67%  135M 0s
[6.481s]   2750K .......... .......... .......... .......... .......... 68%  121M 0s
[6.481s]   2800K .......... .......... .......... .......... .......... 69%  116M 0s
[6.481s]   2850K .......... .......... .......... .......... .......... 70%  119M 0s
[6.482s]   2900K .......... .......... .......... .......... .......... 72%  129M 0s
[6.482s]   2950K .......... .......... .......... .......... .......... 73% 97.0M 0s
[6.483s]   3000K .......... .......... .......... .......... .......... 74% 76.6M 0s
[6.483s]   3050K .......... .......... .......... .......... .......... 75%  126M 0s
[6.483s]   3100K .......... .......... .......... .......... .......... 76%  137M 0s
[6.484s]   3150K .......... .......... .......... .......... .......... 78%  142M 0s
[6.484s]   3200K .......... .......... .......... .......... .......... 79%  138M 0s
[6.487s]   3250K .......... .......... .......... .......... .......... 80% 18.0M 0s
[6.490s]   3300K .......... .......... .......... .......... .......... 81% 16.0M 0s
[6.492s]   3350K .......... .......... .......... .......... .......... 83% 26.1M 0s
[6.494s]   3400K .......... .......... .......... .......... .......... 84% 30.0M 0s
[6.497s]   3450K .......... .......... .......... .......... .......... 85% 13.6M 0s
[6.500s]   3500K .......... .......... .......... .......... .......... 86% 15.3M 0s
[6.502s]   3550K .......... .......... .......... .......... .......... 87% 38.0M 0s
[6.510s]   3600K .......... .......... .......... .......... .......... 89% 6.22M 0s
[6.512s]   3650K .......... .......... .......... .......... .......... 90% 21.9M 0s
[6.514s]   3700K .......... .......... .......... .......... .......... 91% 22.1M 0s
[6.514s]   3750K .......... .......... .......... .......... .......... 92%  108M 0s
[6.516s]   3800K .......... .......... .......... .......... .......... 93% 21.7M 0s
[6.522s]   3850K .......... .......... .......... .......... .......... 95% 9.34M 0s
[6.522s]   3900K .......... .......... .......... .......... .......... 96%  138M 0s
[6.525s]   3950K .......... .......... .......... .......... .......... 97% 19.1M 0s
[6.534s]   4000K .......... .......... .......... .......... .......... 98% 5.12M 0s
[6.535s]   4050K .......... .......... .......... .......... ......    100%  133M=0.2s
[6.535s] 
[6.535s] 2025-04-03 11:56:12 (18.2 MB/s) - ‘/home/mscrobotics2425laptop4/interbotix_ws/build/multirobot_map_merge/map05.pgm’ saved [4194362/4194362]
[6.535s] 
[6.538s] Checking MD5 sum of /home/mscrobotics2425laptop4/interbotix_ws/build/multirobot_map_merge/map05.pgm
[6.557s] /home/mscrobotics2425laptop4/interbotix_ws/build/multirobot_map_merge/map05.pgm: OK
[6.566s] --2025-04-03 11:56:12--  https://raw.githubusercontent.com/hrnr/m-explore-extra/master/map_merge/gmapping_maps/2011-08-09-12-22-52.pgm
[6.574s] Resolving raw.githubusercontent.com (raw.githubusercontent.com)... 185.199.110.133, 185.199.109.133, 185.199.108.133, ...
[6.583s] Connecting to raw.githubusercontent.com (raw.githubusercontent.com)|185.199.110.133|:443... connected.
[7.098s] HTTP request sent, awaiting response... 200 OK
[7.098s] Length: 16000058 (15M) [application/octet-stream]
[7.098s] Saving to: ‘/home/mscrobotics2425laptop4/interbotix_ws/build/multirobot_map_merge/2011-08-09-12-22-52.pgm’
[7.099s] 
[7.111s]      0K .......... .......... .......... .......... ..........  0% 4.32M 4s
[7.119s]     50K .......... .......... .......... .......... ..........  0% 5.05M 3s
[7.122s]    100K .......... .......... .......... .......... ..........  0% 15.6M 2s
[7.131s]    150K .......... .......... .......... .......... ..........  1% 6.07M 2s
[7.133s]    200K .......... .......... .......... .......... ..........  1% 19.8M 2s
[7.135s]    250K .......... .......... .......... .......... ..........  1% 19.0M 2s
[7.138s]    300K .......... .......... .......... .......... ..........  2% 18.4M 2s
[7.143s]    350K .......... .......... .......... .......... ..........  2% 9.26M 2s
[7.145s]    400K .......... .......... .......... .......... ..........  2% 23.6M 2s
[7.147s]    450K .......... .......... .......... .......... ..........  3% 30.8M 1s
[7.151s]    500K .......... .......... .......... .......... ..........  3% 12.4M 1s
[7.153s]    550K .......... .......... .......... .......... ..........  3% 21.7M 1s
[7.155s]    600K .......... .......... .......... .......... ..........  4% 22.0M 1s
[7.158s]    650K .......... .......... .......... .......... ..........  4% 19.8M 1s
[7.160s]    700K .......... .......... .......... .......... ..........  4% 65.5M 1s
[7.162s]    750K .......... .......... .......... .......... ..........  5% 12.8M 1s
[7.163s]    800K .......... .......... .......... .......... ..........  5% 63.4M 1s
[7.165s]    850K .......... .......... .......... .......... ..........  5% 28.7M 1s
[7.169s]    900K .......... .......... .......... .......... ..........  6% 13.5M 1s
[7.171s]    950K .......... .......... .......... .......... ..........  6% 25.9M 1s
[7.172s]   1000K .......... .......... .......... .......... ..........  6% 32.0M 1s
[7.175s]   1050K .......... .......... .......... .......... ..........  7% 18.2M 1s
[7.176s]   1100K .......... .......... .......... .......... ..........  7% 76.6M 1s
[7.178s]   1150K .......... .......... .......... .......... ..........  7% 14.2M 1s
[7.179s]   1200K .......... .......... .......... .......... ..........  7%  120M 1s
[7.181s]   1250K .......... .......... .......... .......... ..........  8% 27.7M 1s
[7.183s]   1300K .......... .......... .......... .......... ..........  8% 21.2M 1s
[7.186s]   1350K .......... .......... .......... .......... ..........  8% 19.8M 1s
[7.187s]   1400K .......... .......... .......... .......... ..........  9% 30.0M 1s
[7.189s]   1450K .......... .......... .......... .......... ..........  9% 22.0M 1s
[7.191s]   1500K .......... .......... .......... .......... ..........  9% 66.4M 1s
[7.193s]   1550K .......... .......... .......... .......... .......... 10% 16.2M 1s
[7.193s]   1600K .......... .......... .......... .......... .......... 10%  104M 1s
[7.195s]   1650K .......... .......... .......... .......... .......... 10% 26.8M 1s
[7.198s]   1700K .......... .......... .......... .......... .......... 11% 25.0M 1s
[7.200s]   1750K .......... .......... .......... .......... .......... 11% 17.0M 1s
[7.202s]   1800K .......... .......... .......... .......... .......... 11% 27.5M 1s
[7.202s]   1850K .......... .......... .......... .......... .......... 12%  147M 1s
[7.206s]   1900K .......... .......... .......... .......... .......... 12% 22.1M 1s
[7.206s]   1950K .......... .......... .......... .......... .......... 12% 23.0M 1s
[7.208s]   2000K .......... .......... .......... .......... .......... 13% 28.5M 1s
[7.211s]   2050K .......... .......... .......... .......... .......... 13% 15.7M 1s
[7.212s]   2100K .......... .......... .......... .......... .......... 13% 53.6M 1s
[7.215s]   2150K .......... .......... .......... .......... .......... 14% 15.5M 1s
[7.217s]   2200K .......... .......... .......... .......... .......... 14% 43.7M 1s
[7.219s]   2250K .......... .......... .......... .......... .......... 14% 17.7M 1s
[7.221s]   2300K .......... .......... .......... .......... .......... 15% 22.4M 1s
[7.223s]   2350K .......... .......... .......... .......... .......... 15% 23.2M 1s
[7.225s]   2400K .......... .......... .......... .......... .......... 15% 26.9M 1s
[7.227s]   2450K .......... .......... .......... .......... .......... 15% 25.4M 1s
[7.230s]   2500K .......... .......... .......... .......... .......... 16% 19.3M 1s
[7.233s]   2550K .......... .......... .......... .......... .......... 16% 16.6M 1s
[7.236s]   2600K .......... .......... .......... .......... .......... 16% 14.9M 1s
[7.239s]   2650K .......... .......... .......... .......... .......... 17% 17.7M 1s
[7.242s]   2700K .......... .......... .......... .......... .......... 17% 17.3M 1s
[7.244s]   2750K .......... .......... .......... .......... .......... 17% 21.1M 1s
[7.246s]   2800K .......... .......... .......... .......... .......... 18% 25.7M 1s
[7.247s]   2850K .......... .......... .......... .......... .......... 18% 74.6M 1s
[7.249s]   2900K .......... .......... .......... .......... .......... 18% 22.0M 1s
[7.251s]   2950K .......... .......... .......... .......... .......... 19% 21.6M 1s
[7.253s]   3000K .......... .......... .......... .......... .......... 19% 22.3M 1s
[7.256s]   3050K .......... .......... .......... .......... .......... 19% 19.4M 1s
[7.258s]   3100K .......... .......... .......... .......... .......... 20% 29.1M 1s
[7.260s]   3150K .......... .......... .......... .......... .......... 20% 21.5M 1s
[7.262s]   3200K .......... .......... .......... .......... .......... 20% 20.0M 1s
[7.265s]   3250K .......... .......... .......... .......... .......... 21% 18.2M 1s
[7.268s]   3300K .......... .......... .......... .......... .......... 21% 17.6M 1s
[7.268s]   3350K .......... .......... .......... .......... .......... 21% 58.5M 1s
[7.270s]   3400K .......... .......... .......... .......... .......... 22% 24.9M 1s
[7.272s]   3450K .......... .......... .......... .......... .......... 22% 35.3M 1s
[7.275s]   3500K .......... .......... .......... .......... .......... 22% 14.1M 1s
[7.278s]   3550K .......... .......... .......... .......... .......... 23% 20.1M 1s
[7.280s]   3600K .......... .......... .......... .......... .......... 23% 24.1M 1s
[7.282s]   3650K .......... .......... .......... .......... .......... 23% 18.6M 1s
[7.285s]   3700K .......... .......... .......... .......... .......... 23% 19.7M 1s
[7.285s]   3750K .......... .......... .......... .......... .......... 24% 85.6M 1s
[7.290s]   3800K .......... .......... .......... .......... .......... 24% 11.1M 1s
[7.292s]   3850K .......... .......... .......... .......... .......... 24% 20.8M 1s
[7.293s]   3900K .......... .......... .......... .......... .......... 25% 96.5M 1s
[7.294s]   3950K .......... .......... .......... .......... .......... 25% 27.4M 1s
[7.296s]   4000K .......... .......... .......... .......... .......... 25% 22.9M 1s
[7.299s]   4050K .......... .......... .......... .......... .......... 26% 22.5M 1s
[7.301s]   4100K .......... .......... .......... .......... .......... 26% 23.7M 1s
[7.301s]   4150K .......... .......... .......... .......... .......... 26%  121M 1s
[7.305s]   4200K .......... .......... .......... .......... .......... 27% 11.8M 1s
[7.306s]   4250K .......... .......... .......... .......... .......... 27%  105M 1s
[7.307s]   4300K .......... .......... .......... .......... .......... 27% 26.5M 1s
[7.311s]   4350K .......... .......... .......... .......... .......... 28% 17.1M 1s
[7.312s]   4400K .......... .......... .......... .......... .......... 28% 26.2M 1s
[7.315s]   4450K .......... .......... .......... .......... .......... 28% 23.4M 1s
[7.317s]   4500K .......... .......... .......... .......... .......... 29% 21.4M 1s
[7.319s]   4550K .......... .......... .......... .......... .......... 29% 58.0M 1s
[7.319s]   4600K .......... .......... .......... .......... .......... 29% 23.4M 1s
[7.322s]   4650K .......... .......... .......... .......... .......... 30% 21.1M 1s
[7.325s]   4700K .......... .......... .......... .......... .......... 30% 19.2M 1s
[7.326s]   4750K .......... .......... .......... .......... .......... 30% 29.4M 1s
[7.328s]   4800K .......... .......... .......... .......... .......... 31% 21.2M 1s
[7.331s]   4850K .......... .......... .......... .......... .......... 31% 18.3M 1s
[7.331s]   4900K .......... .......... .......... .......... .......... 31%  108M 1s
[7.335s]   4950K .......... .......... .......... .......... .......... 31% 21.7M 1s
[7.336s]   5000K .......... .......... .......... .......... .......... 32% 24.0M 0s
[7.338s]   5050K .......... .......... .......... .......... .......... 32% 19.9M 0s
[7.340s]   5100K .......... .......... .......... .......... .......... 32% 23.7M 0s
[7.343s]   5150K .......... .......... .......... .......... .......... 33% 20.7M 0s
[7.345s]   5200K .......... .......... .......... .......... .......... 33% 18.3M 0s
[7.348s]   5250K .......... .......... .......... .......... .......... 33% 21.2M 0s
[7.351s]   5300K .......... .......... .......... .......... .......... 34% 17.1M 0s
[7.352s]   5350K .......... .......... .......... .......... .......... 34% 50.6M 0s
[7.354s]   5400K .......... .......... .......... .......... .......... 34% 26.7M 0s
[7.355s]   5450K .......... .......... .......... .......... .......... 35% 26.8M 0s
[7.357s]   5500K .......... .......... .......... .......... .......... 35% 28.5M 0s
[7.359s]   5550K .......... .......... .......... .......... .......... 35% 23.1M 0s
[7.361s]   5600K .......... .......... .......... .......... .......... 36% 25.2M 0s
[7.363s]   5650K .......... .......... .......... .......... .......... 36% 25.2M 0s
[7.364s]   5700K .......... .......... .......... .......... .......... 36% 62.7M 0s
[7.365s]   5750K .......... .......... .......... .......... .......... 37% 32.1M 0s
[7.367s]   5800K .......... .......... .......... .......... .......... 37% 29.3M 0s
[7.369s]   5850K .......... .......... .......... .......... .......... 37% 18.2M 0s
[7.372s]   5900K .......... .......... .......... .......... .......... 38% 23.0M 0s
[7.374s]   5950K .......... .......... .......... .......... .......... 38% 22.0M 0s
[7.376s]   6000K .......... .......... .......... .......... .......... 38% 25.6M 0s
[7.378s]   6050K .......... .......... .......... .......... .......... 39% 24.7M 0s
[7.378s]   6100K .......... .......... .......... .......... .......... 39%  107M 0s
[7.380s]   6150K .......... .......... .......... .......... .......... 39% 27.7M 0s
[7.382s]   6200K .......... .......... .......... .......... .......... 39% 24.3M 0s
[7.384s]   6250K .......... .......... .......... .......... .......... 40% 21.8M 0s
[7.386s]   6300K .......... .......... .......... .......... .......... 40% 23.1M 0s
[7.388s]   6350K .......... .......... .......... .......... .......... 40%  124M 0s
[7.391s]   6400K .......... .......... .......... .......... .......... 41% 11.3M 0s
[7.391s]   6450K .......... .......... .......... .......... .......... 41%  121M 0s
[7.393s]   6500K .......... .......... .......... .......... .......... 41% 28.0M 0s
[7.395s]   6550K .......... .......... .......... .......... .......... 42% 24.6M 0s
[7.398s]   6600K .......... .......... .......... .......... .......... 42% 19.0M 0s
[7.400s]   6650K .......... .......... .......... .......... .......... 42% 21.4M 0s
[7.402s]   6700K .......... .......... .......... .......... .......... 43% 26.3M 0s
[7.404s]   6750K .......... .......... .......... .......... .......... 43% 27.2M 0s
[7.404s]   6800K .......... .......... .......... .......... .......... 43%  120M 0s
[7.406s]   6850K .......... .......... .......... .......... .......... 44% 21.1M 0s
[7.408s]   6900K .......... .......... .......... .......... .......... 44% 23.9M 0s
[7.411s]   6950K .......... .......... .......... .......... .......... 44% 19.3M 0s
[7.413s]   7000K .......... .......... .......... .......... .......... 45% 22.0M 0s
[7.416s]   7050K .......... .......... .......... .......... .......... 45% 20.6M 0s
[7.418s]   7100K .......... .......... .......... .......... .......... 45% 22.3M 0s
[7.420s]   7150K .......... .......... .......... .......... .......... 46% 26.2M 0s
[7.420s]   7200K .......... .......... .......... .......... .......... 46%  100M 0s
[7.422s]   7250K .......... .......... .......... .......... .......... 46% 20.5M 0s
[7.424s]   7300K .......... .......... .......... .......... .......... 47% 26.9M 0s
[7.427s]   7350K .......... .......... .......... .......... .......... 47% 21.9M 0s
[7.428s]   7400K .......... .......... .......... .......... .......... 47% 23.9M 0s
[7.431s]   7450K .......... .......... .......... .......... .......... 47% 22.1M 0s
[7.433s]   7500K .......... .......... .......... .......... .......... 48% 24.3M 0s
[7.433s]   7550K .......... .......... .......... .......... .......... 48% 92.4M 0s
[7.435s]   7600K .......... .......... .......... .......... .......... 48% 31.0M 0s
[7.437s]   7650K .......... .......... .......... .......... .......... 49% 21.9M 0s
[7.439s]   7700K .......... .......... .......... .......... .......... 49% 23.6M 0s
[7.441s]   7750K .......... .......... .......... .......... .......... 49% 25.5M 0s
[7.444s]   7800K .......... .......... .......... .......... .......... 50% 18.0M 0s
[7.447s]   7850K .......... .......... .......... .......... .......... 50% 15.6M 0s
[7.448s]   7900K .......... .......... .......... .......... .......... 50% 63.7M 0s
[7.450s]   7950K .......... .......... .......... .......... .......... 51% 28.3M 0s
[7.462s]   8000K .......... .......... .......... .......... .......... 51% 4.89M 0s
[7.463s]   8050K .......... .......... .......... .......... .......... 51% 12.5M 0s
[7.465s]   8100K .......... .......... .......... .......... .......... 52% 23.9M 0s
[7.466s]   8150K .......... .......... .......... .......... .......... 52% 45.2M 0s
[7.470s]   8200K .......... .......... .......... .......... .......... 52% 15.9M 0s
[7.473s]   8250K .......... .......... .......... .......... .......... 53% 15.1M 0s
[7.474s]   8300K .......... .......... .......... .......... .......... 53% 27.3M 0s
[7.475s]   8350K .......... .......... .......... .......... .......... 53%  122M 0s
[7.478s]   8400K .......... .......... .......... .......... .......... 54% 16.2M 0s
[7.481s]   8450K .......... .......... .......... .......... .......... 54% 15.2M 0s
[7.482s]   8500K .......... .......... .......... .......... .......... 54%  102M 0s
[7.484s]   8550K .......... .......... .......... .......... .......... 55% 17.0M 0s
[7.487s]   8600K .......... .......... .......... .......... .......... 55% 17.9M 0s
[7.489s]   8650K .......... .......... .......... .......... .......... 55% 25.0M 0s
[7.492s]   8700K .......... .......... .......... .......... .......... 55% 18.1M 0s
[7.494s]   8750K .......... .......... .......... .......... .......... 56% 26.6M 0s
[7.496s]   8800K .......... .......... .......... .......... .......... 56% 24.6M 0s
[7.496s]   8850K .......... .......... .......... .......... .......... 56%  106M 0s
[7.498s]   8900K .......... .......... .......... .......... .......... 57% 22.2M 0s
[7.501s]   8950K .......... .......... .......... .......... .......... 57% 20.8M 0s
[7.503s]   9000K .......... .......... .......... .......... .......... 57% 22.0M 0s
[7.505s]   9050K .......... .......... .......... .......... .......... 58% 27.9M 0s
[7.507s]   9100K .......... .......... .......... .......... .......... 58% 21.3M 0s
[7.509s]   9150K .......... .......... .......... .......... .......... 58% 24.2M 0s
[7.509s]   9200K .......... .......... .......... .......... .......... 59%  132M 0s
[7.511s]   9250K .......... .......... .......... .......... .......... 59% 26.1M 0s
[7.513s]   9300K .......... .......... .......... .......... .......... 59% 25.1M 0s
[7.516s]   9350K .......... .......... .......... .......... .......... 60% 18.5M 0s
[7.518s]   9400K .......... .......... .......... .......... .......... 60% 25.2M 0s
[7.521s]   9450K .......... .......... .......... .......... .......... 60% 18.2M 0s
[7.523s]   9500K .......... .......... .......... .......... .......... 61% 24.6M 0s
[7.524s]   9550K .......... .......... .......... .......... .......... 61% 41.5M 0s
[7.527s]   9600K .......... .......... .......... .......... .......... 61% 16.4M 0s
[7.527s]   9650K .......... .......... .......... .......... .......... 62%  113M 0s
[7.529s]   9700K .......... .......... .......... .......... .......... 62% 26.0M 0s
[7.532s]   9750K .......... .......... .......... .......... .......... 62% 15.4M 0s
[7.534s]   9800K .......... .......... .......... .......... .......... 63% 29.0M 0s
[7.535s]   9850K .......... .......... .......... .......... .......... 63% 30.1M 0s
[7.538s]   9900K .......... .......... .......... .......... .......... 63% 22.5M 0s
[7.538s]   9950K .......... .......... .......... .......... .......... 63%  117M 0s
[7.542s]  10000K .......... .......... .......... .......... .......... 64% 14.4M 0s
[7.542s]  10050K .......... .......... .......... .......... .......... 64%  124M 0s
[7.544s]  10100K .......... .......... .......... .......... .......... 64% 24.6M 0s
[7.547s]  10150K .......... .......... .......... .......... .......... 65% 14.5M 0s
[7.550s]  10200K .......... .......... .......... .......... .......... 65% 22.0M 0s
[7.551s]  10250K .......... .......... .......... .......... .......... 65% 28.6M 0s
[7.554s]  10300K .......... .......... .......... .......... .......... 66% 18.8M 0s
[7.554s]  10350K .......... .......... .......... .......... .......... 66%  138M 0s
[7.556s]  10400K .......... .......... .......... .......... .......... 66% 26.1M 0s
[7.558s]  10450K .......... .......... .......... .......... .......... 67% 19.1M 0s
[7.560s]  10500K .......... .......... .......... .......... .......... 67% 23.8M 0s
[7.562s]  10550K .......... .......... .......... .......... .......... 67% 26.7M 0s
[7.564s]  10600K .......... .......... .......... .......... .......... 68% 24.5M 0s
[7.566s]  10650K .......... .......... .......... .......... .......... 68% 25.2M 0s
[7.567s]  10700K .......... .......... .......... .......... .......... 68%  115M 0s
[7.570s]  10750K .......... .......... .......... .......... .......... 69% 15.6M 0s
[7.571s]  10800K .......... .......... .......... .......... .......... 69% 32.7M 0s
[7.574s]  10850K .......... .......... .......... .......... .......... 69% 21.5M 0s
[7.575s]  10900K .......... .......... .......... .......... .......... 70% 24.2M 0s
[7.577s]  10950K .......... .......... .......... .......... .......... 70% 26.7M 0s
[7.580s]  11000K .......... .......... .......... .......... .......... 70% 19.5M 0s
[7.580s]  11050K .......... .......... .......... .......... .......... 71%  272M 0s
[7.583s]  11100K .......... .......... .......... .......... .......... 71% 17.3M 0s
[7.585s]  11150K .......... .......... .......... .......... .......... 71% 24.8M 0s
[7.587s]  11200K .......... .......... .......... .......... .......... 71% 21.1M 0s
[7.589s]  11250K .......... .......... .......... .......... .......... 72% 20.4M 0s
[7.592s]  11300K .......... .......... .......... .......... .......... 72% 21.8M 0s
[7.593s]  11350K .......... .......... .......... .......... .......... 72% 26.1M 0s
[7.596s]  11400K .......... .......... .......... .......... .......... 73% 21.7M 0s
[7.596s]  11450K .......... .......... .......... .......... .......... 73%  127M 0s
[7.598s]  11500K .......... .......... .......... .......... .......... 73% 21.9M 0s
[7.601s]  11550K .......... .......... .......... .......... .......... 74% 17.5M 0s
[7.603s]  11600K .......... .......... .......... .......... .......... 74% 25.0M 0s
[7.605s]  11650K .......... .......... .......... .......... .......... 74% 25.2M 0s
[7.607s]  11700K .......... .......... .......... .......... .......... 75% 20.1M 0s
[7.610s]  11750K .......... .......... .......... .......... .......... 75% 22.2M 0s
[7.610s]  11800K .......... .......... .......... .......... .......... 75%  141M 0s
[7.612s]  11850K .......... .......... .......... .......... .......... 76% 23.2M 0s
[7.614s]  11900K .......... .......... .......... .......... .......... 76% 23.9M 0s
[7.616s]  11950K .......... .......... .......... .......... .......... 76% 26.4M 0s
[7.618s]  12000K .......... .......... .......... .......... .......... 77% 20.4M 0s
[7.620s]  12050K .......... .......... .......... .......... .......... 77% 26.9M 0s
[7.622s]  12100K .......... .......... .......... .......... .......... 77% 26.4M 0s
[7.625s]  12150K .......... .......... .......... .......... .......... 78% 20.5M 0s
[7.625s]  12200K .......... .......... .......... .......... .......... 78%  142M 0s
[7.627s]  12250K .......... .......... .......... .......... .......... 78% 23.1M 0s
[7.629s]  12300K .......... .......... .......... .......... .......... 79% 24.7M 0s
[7.632s]  12350K .......... .......... .......... .......... .......... 79% 16.5M 0s
[7.634s]  12400K .......... .......... .......... .......... .......... 79% 24.3M 0s
[7.638s]  12450K .......... .......... .......... .......... .......... 79% 14.3M 0s
[7.639s]  12500K .......... .......... .......... .......... .......... 80% 28.9M 0s
[7.639s]  12550K .......... .......... .......... .......... .......... 80%  106M 0s
[7.642s]  12600K .......... .......... .......... .......... .......... 80% 23.3M 0s
[7.644s]  12650K .......... .......... .......... .......... .......... 81% 22.8M 0s
[7.646s]  12700K .......... .......... .......... .......... .......... 81% 19.8M 0s
[7.649s]  12750K .......... .......... .......... .......... .......... 81% 23.1M 0s
[7.651s]  12800K .......... .......... .......... .......... .......... 82% 18.2M 0s
[7.653s]  12850K .......... .......... .......... .......... .......... 82% 29.5M 0s
[7.655s]  12900K .......... .......... .......... .......... .......... 82%  120M 0s
[7.657s]  12950K .......... .......... .......... .......... .......... 83% 12.1M 0s
[7.658s]  13000K .......... .......... .......... .......... .......... 83%  105M 0s
[7.659s]  13050K .......... .......... .......... .......... .......... 83% 25.1M 0s
[7.661s]  13100K .......... .......... .......... .......... .......... 84% 25.7M 0s
[7.664s]  13150K .......... .......... .......... .......... .......... 84% 17.4M 0s
[7.666s]  13200K .......... .......... .......... .......... .......... 84% 21.5M 0s
[7.669s]  13250K .......... .......... .......... .......... .......... 85% 23.9M 0s
[7.671s]  13300K .......... .......... .......... .......... .......... 85% 23.2M 0s
[7.671s]  13350K .......... .......... .......... .......... .......... 85%  120M 0s
[7.673s]  13400K .......... .......... .......... .......... .......... 86% 21.3M 0s
[7.675s]  13450K .......... .......... .......... .......... .......... 86% 35.3M 0s
[7.677s]  13500K .......... .......... .......... .......... .......... 86% 21.0M 0s
[7.679s]  13550K .......... .......... .......... .......... .......... 87% 19.6M 0s
[7.682s]  13600K .......... .......... .......... .......... .......... 87% 23.3M 0s
[7.685s]  13650K .......... .......... .......... .......... .......... 87% 15.9M 0s
[7.685s]  13700K .......... .......... .......... .......... .......... 87%  127M 0s
[7.687s]  13750K .......... .......... .......... .......... .......... 88% 25.0M 0s
[7.689s]  13800K .......... .......... .......... .......... .......... 88% 20.4M 0s
[7.691s]  13850K .......... .......... .......... .......... .......... 88% 23.9M 0s
[7.693s]  13900K .......... .......... .......... .......... .......... 89% 22.7M 0s
[7.695s]  13950K .......... .......... .......... .......... .......... 89% 25.6M 0s
[7.697s]  14000K .......... .......... .......... .......... .......... 89% 25.0M 0s
[7.698s]  14050K .......... .......... .......... .......... .......... 90%  101M 0s
[7.699s]  14100K .......... .......... .......... .......... .......... 90% 27.7M 0s
[7.701s]  14150K .......... .......... .......... .......... .......... 90% 26.6M 0s
[7.704s]  14200K .......... .......... .......... .......... .......... 91% 25.8M 0s
[7.706s]  14250K .......... .......... .......... .......... .......... 91% 17.6M 0s
[7.708s]  14300K .......... .......... .......... .......... .......... 91% 24.8M 0s
[7.710s]  14350K .......... .......... .......... .......... .......... 92% 26.8M 0s
[7.710s]  14400K .......... .......... .......... .......... .......... 92%  141M 0s
[7.713s]  14450K .......... .......... .......... .......... .......... 92% 19.4M 0s
[7.715s]  14500K .......... .......... .......... .......... .......... 93% 23.4M 0s
[7.717s]  14550K .......... .......... .......... .......... .......... 93% 25.2M 0s
[7.719s]  14600K .......... .......... .......... .......... .......... 93% 24.8M 0s
[7.722s]  14650K .......... .......... .......... .......... .......... 94% 15.4M 0s
[7.724s]  14700K .......... .......... .......... .......... .......... 94% 22.2M 0s
[7.727s]  14750K .......... .......... .......... .......... .......... 94% 17.4M 0s
[7.727s]  14800K .......... .......... .......... .......... .......... 95%  113M 0s
[7.730s]  14850K .......... .......... .......... .......... .......... 95% 21.0M 0s
[7.731s]  14900K .......... .......... .......... .......... .......... 95% 26.3M 0s
[7.733s]  14950K .......... .......... .......... .......... .......... 95% 26.3M 0s
[7.736s]  15000K .......... .......... .......... .......... .......... 96% 23.3M 0s
[7.739s]  15050K .......... .......... .......... .......... .......... 96% 15.1M 0s
[7.741s]  15100K .......... .......... .......... .......... .......... 96% 27.7M 0s
[7.741s]  15150K .......... .......... .......... .......... .......... 97%  111M 0s
[7.743s]  15200K .......... .......... .......... .......... .......... 97% 23.7M 0s
[7.745s]  15250K .......... .......... .......... .......... .......... 97% 24.1M 0s
[7.747s]  15300K .......... .......... .......... .......... .......... 98% 24.0M 0s
[7.749s]  15350K .......... .......... .......... .......... .......... 98% 24.2M 0s
[7.753s]  15400K .......... .......... .......... .......... .......... 98% 15.7M 0s
[7.754s]  15450K .......... .......... .......... .......... .......... 99% 25.1M 0s
[7.757s]  15500K .......... .......... .......... .......... .......... 99% 22.3M 0s
[7.757s]  15550K .......... .......... .......... .......... .......... 99%  115M 0s
[7.757s]  15600K .......... .......... .....                           100% 53.7M=0.7s
[7.758s] 
[7.758s] 2025-04-03 11:56:13 (23.1 MB/s) - ‘/home/mscrobotics2425laptop4/interbotix_ws/build/multirobot_map_merge/2011-08-09-12-22-52.pgm’ saved [16000058/16000058]
[7.758s] 
[7.760s] Checking MD5 sum of /home/mscrobotics2425laptop4/interbotix_ws/build/multirobot_map_merge/2011-08-09-12-22-52.pgm
[7.803s] /home/mscrobotics2425laptop4/interbotix_ws/build/multirobot_map_merge/2011-08-09-12-22-52.pgm: OK
[7.813s] --2025-04-03 11:56:13--  https://raw.githubusercontent.com/hrnr/m-explore-extra/master/map_merge/gmapping_maps/2012-01-28-11-12-01.pgm
[7.820s] Resolving raw.githubusercontent.com (raw.githubusercontent.com)... 185.199.111.133, 185.199.109.133, 185.199.108.133, ...
[7.830s] Connecting to raw.githubusercontent.com (raw.githubusercontent.com)|185.199.111.133|:443... connected.
[8.467s] HTTP request sent, awaiting response... 200 OK
[8.467s] Length: 16000058 (15M) [application/octet-stream]
[8.468s] Saving to: ‘/home/mscrobotics2425laptop4/interbotix_ws/build/multirobot_map_merge/2012-01-28-11-12-01.pgm’
[8.469s] 
[8.481s]      0K .......... .......... .......... .......... ..........  0% 3.26M 5s
[8.494s]     50K .......... .......... .......... .......... ..........  0% 3.93M 4s
[8.498s]    100K .......... .......... .......... .......... ..........  0% 11.8M 3s
[8.502s]    150K .......... .......... .......... .......... ..........  1% 11.8M 3s
[8.505s]    200K .......... .......... .......... .......... ..........  1% 16.0M 2s
[8.508s]    250K .......... .......... .......... .......... ..........  1% 13.3M 2s
[8.511s]    300K .......... .......... .......... .......... ..........  2% 19.6M 2s
[8.514s]    350K .......... .......... .......... .......... ..........  2% 16.0M 2s
[8.518s]    400K .......... .......... .......... .......... ..........  2% 17.3M 2s
[8.518s]    450K .......... .......... .......... .......... ..........  3% 42.8M 2s
[8.520s]    500K .......... .......... .......... .......... ..........  3% 21.9M 1s
[8.523s]    550K .......... .......... .......... .......... ..........  3% 17.2M 1s
[8.526s]    600K .......... .......... .......... .......... ..........  4% 16.8M 1s
[8.528s]    650K .......... .......... .......... .......... ..........  4% 26.2M 1s
[8.528s]    700K .......... .......... .......... .......... ..........  4% 90.1M 1s
[8.530s]    750K .......... .......... .......... .......... ..........  5% 26.1M 1s
[8.533s]    800K .......... .......... .......... .......... ..........  5% 21.7M 1s
[8.534s]    850K .......... .......... .......... .......... ..........  5% 24.2M 1s
[8.536s]    900K .......... .......... .......... .......... ..........  6% 30.9M 1s
[8.539s]    950K .......... .......... .......... .......... ..........  6% 19.2M 1s
[8.541s]   1000K .......... .......... .......... .......... ..........  6% 19.6M 1s
[8.543s]   1050K .......... .......... .......... .......... ..........  7% 22.8M 1s
[8.543s]   1100K .......... .......... .......... .......... ..........  7%  134M 1s
[8.545s]   1150K .......... .......... .......... .......... ..........  7% 26.5M 1s
[8.548s]   1200K .......... .......... .......... .......... ..........  7% 23.5M 1s
[8.550s]   1250K .......... .......... .......... .......... ..........  8% 19.9M 1s
[8.552s]   1300K .......... .......... .......... .......... ..........  8% 26.9M 1s
[8.555s]   1350K .......... .......... .......... .......... ..........  8% 18.5M 1s
[8.556s]   1400K .......... .......... .......... .......... ..........  9% 28.6M 1s
[8.557s]   1450K .......... .......... .......... .......... ..........  9% 77.3M 1s
[8.558s]   1500K .......... .......... .......... .......... ..........  9% 27.3M 1s
[8.561s]   1550K .......... .......... .......... .......... .......... 10% 22.2M 1s
[8.563s]   1600K .......... .......... .......... .......... .......... 10% 22.1M 1s
[8.566s]   1650K .......... .......... .......... .......... .......... 10% 21.0M 1s
[8.567s]   1700K .......... .......... .......... .......... .......... 11% 30.5M 1s
[8.569s]   1750K .......... .......... .......... .......... .......... 11% 66.2M 1s
[8.573s]   1800K .......... .......... .......... .......... .......... 11% 12.4M 1s
[8.573s]   1850K .......... .......... .......... .......... .......... 12% 52.0M 1s
[8.574s]   1900K .......... .......... .......... .......... .......... 12% 35.6M 1s
[8.576s]   1950K .......... .......... .......... .......... .......... 12% 25.8M 1s
[8.578s]   2000K .......... .......... .......... .......... .......... 13% 18.6M 1s
[8.581s]   2050K .......... .......... .......... .......... .......... 13% 23.8M 1s
[8.582s]   2100K .......... .......... .......... .......... .......... 13% 27.0M 1s
[8.585s]   2150K .......... .......... .......... .......... .......... 14%  105M 1s
[8.585s]   2200K .......... .......... .......... .......... .......... 14% 20.2M 1s
[8.588s]   2250K .......... .......... .......... .......... .......... 14% 18.5M 1s
[8.591s]   2300K .......... .......... .......... .......... .......... 15% 17.4M 1s
[8.593s]   2350K .......... .......... .......... .......... .......... 15% 26.5M 1s
[8.595s]   2400K .......... .......... .......... .......... .......... 15% 22.8M 1s
[8.597s]   2450K .......... .......... .......... .......... .......... 15% 18.4M 1s
[8.598s]   2500K .......... .......... .......... .......... .......... 16%  130M 1s
[8.602s]   2550K .......... .......... .......... .......... .......... 16% 24.0M 1s
[8.602s]   2600K .......... .......... .......... .......... .......... 16% 21.3M 1s
[8.604s]   2650K .......... .......... .......... .......... .......... 17% 28.2M 1s
[8.607s]   2700K .......... .......... .......... .......... .......... 17% 16.5M 1s
[8.609s]   2750K .......... .......... .......... .......... .......... 17% 24.0M 1s
[8.611s]   2800K .......... .......... .......... .......... .......... 18% 20.5M 1s
[8.613s]   2850K .......... .......... .......... .......... .......... 18% 24.3M 1s
[8.614s]   2900K .......... .......... .......... .......... .......... 18%  138M 1s
[8.616s]   2950K .......... .......... .......... .......... .......... 19% 19.6M 1s
[8.619s]   3000K .......... .......... .......... .......... .......... 19% 18.4M 1s
[8.621s]   3050K .......... .......... .......... .......... .......... 19% 21.5M 1s
[8.623s]   3100K .......... .......... .......... .......... .......... 20% 26.5M 1s
[8.625s]   3150K .......... .......... .......... .......... .......... 20% 25.9M 1s
[8.628s]   3200K .......... .......... .......... .......... .......... 20% 17.5M 1s
[8.628s]   3250K .......... .......... .......... .......... .......... 21%  123M 1s
[8.632s]   3300K .......... .......... .......... .......... .......... 21% 13.6M 1s
[8.632s]   3350K .......... .......... .......... .......... .......... 21% 88.8M 1s
[8.635s]   3400K .......... .......... .......... .......... .......... 22% 19.0M 1s
[8.637s]   3450K .......... .......... .......... .......... .......... 22% 23.8M 1s
[8.639s]   3500K .......... .......... .......... .......... .......... 22% 24.1M 1s
[8.640s]   3550K .......... .......... .......... .......... .......... 23% 28.6M 1s
[8.641s]   3600K .......... .......... .......... .......... .......... 23% 87.1M 1s
[8.643s]   3650K .......... .......... .......... .......... .......... 23% 25.5M 1s
[8.645s]   3700K .......... .......... .......... .......... .......... 23% 20.3M 1s
[8.648s]   3750K .......... .......... .......... .......... .......... 24% 17.4M 1s
[8.650s]   3800K .......... .......... .......... .......... .......... 24% 26.1M 1s
[8.653s]   3850K .......... .......... .......... .......... .......... 24% 19.6M 1s
[8.654s]   3900K .......... .......... .......... .......... .......... 25% 27.9M 1s
[8.657s]   3950K .......... .......... .......... .......... .......... 25% 19.3M 1s
[8.657s]   4000K .......... .......... .......... .......... .......... 25% 83.7M 1s
[8.659s]   4050K .......... .......... .......... .......... .......... 26% 29.8M 1s
[8.661s]   4100K .......... .......... .......... .......... .......... 26% 22.5M 1s
[8.664s]   4150K .......... .......... .......... .......... .......... 26% 16.9M 1s
[8.667s]   4200K .......... .......... .......... .......... .......... 27% 18.1M 1s
[8.669s]   4250K .......... .......... .......... .......... .......... 27% 25.2M 1s
[8.671s]   4300K .......... .......... .......... .......... .......... 27% 22.5M 1s
[8.671s]   4350K .......... .......... .......... .......... .......... 28%  128M 1s
[8.675s]   4400K .......... .......... .......... .......... .......... 28% 14.8M 1s
[8.677s]   4450K .......... .......... .......... .......... .......... 28% 22.5M 1s
[8.678s]   4500K .......... .......... .......... .......... .......... 29% 27.0M 1s
[8.680s]   4550K .......... .......... .......... .......... .......... 29% 26.2M 1s
[8.683s]   4600K .......... .......... .......... .......... .......... 29% 16.6M 1s
[8.685s]   4650K .......... .......... .......... .......... .......... 30% 26.8M 1s
[8.687s]   4700K .......... .......... .......... .......... .......... 30% 20.9M 1s
[8.687s]   4750K .......... .......... .......... .......... .......... 30%  131M 0s
[8.691s]   4800K .......... .......... .......... .......... .......... 31% 17.2M 0s
[8.692s]   4850K .......... .......... .......... .......... .......... 31% 27.2M 0s
[8.695s]   4900K .......... .......... .......... .......... .......... 31% 20.6M 0s
[8.697s]   4950K .......... .......... .......... .......... .......... 31% 24.3M 0s
[8.699s]   5000K .......... .......... .......... .......... .......... 32% 20.3M 0s
[8.701s]   5050K .......... .......... .......... .......... .......... 32% 26.4M 0s
[8.701s]   5100K .......... .......... .......... .......... .......... 32%  108M 0s
[8.703s]   5150K .......... .......... .......... .......... .......... 33% 25.9M 0s
[8.705s]   5200K .......... .......... .......... .......... .......... 33% 26.2M 0s
[8.707s]   5250K .......... .......... .......... .......... .......... 33% 25.3M 0s
[8.709s]   5300K .......... .......... .......... .......... .......... 34% 25.5M 0s
[8.711s]   5350K .......... .......... .......... .......... .......... 34% 22.3M 0s
[8.714s]   5400K .......... .......... .......... .......... .......... 34% 18.5M 0s
[8.717s]   5450K .......... .......... .......... .......... .......... 35% 18.6M 0s
[8.718s]   5500K .......... .......... .......... .......... .......... 35% 62.1M 0s
[8.719s]   5550K .......... .......... .......... .......... .......... 35% 32.6M 0s
[8.721s]   5600K .......... .......... .......... .......... .......... 36% 26.9M 0s
[8.723s]   5650K .......... .......... .......... .......... .......... 36% 18.7M 0s
[8.725s]   5700K .......... .......... .......... .......... .......... 36% 31.0M 0s
[8.727s]   5750K .......... .......... .......... .......... .......... 37% 20.9M 0s
[8.729s]   5800K .......... .......... .......... .......... .......... 37% 28.5M 0s
[8.729s]   5850K .......... .......... .......... .......... .......... 37%  118M 0s
[8.733s]   5900K .......... .......... .......... .......... .......... 38% 12.7M 0s
[8.736s]   5950K .......... .......... .......... .......... .......... 38% 18.3M 0s
[8.738s]   6000K .......... .......... .......... .......... .......... 38% 24.8M 0s
[8.740s]   6050K .......... .......... .......... .......... .......... 39% 22.0M 0s
[8.745s]   6100K .......... .......... .......... .......... .......... 39% 9.58M 0s
[8.747s]   6150K .......... .......... .......... .......... .......... 39% 23.9M 0s
[8.747s]   6200K .......... .......... .......... .......... .......... 39%  124M 0s
[8.749s]   6250K .......... .......... .......... .......... .......... 40% 26.2M 0s
[8.751s]   6300K .......... .......... .......... .......... .......... 40% 22.4M 0s
[8.754s]   6350K .......... .......... .......... .......... .......... 40% 19.3M 0s
[8.757s]   6400K .......... .......... .......... .......... .......... 41% 14.6M 0s
[8.759s]   6450K .......... .......... .......... .......... .......... 41% 23.9M 0s
[8.761s]   6500K .......... .......... .......... .......... .......... 41% 25.8M 0s
[8.762s]   6550K .......... .......... .......... .......... .......... 42%  121M 0s
[8.764s]   6600K .......... .......... .......... .......... .......... 42% 22.4M 0s
[8.766s]   6650K .......... .......... .......... .......... .......... 42% 21.9M 0s
[8.769s]   6700K .......... .......... .......... .......... .......... 43% 21.5M 0s
[8.770s]   6750K .......... .......... .......... .......... .......... 43% 25.0M 0s
[8.773s]   6800K .......... .......... .......... .......... .......... 43% 18.2M 0s
[8.776s]   6850K .......... .......... .......... .......... .......... 44% 15.2M 0s
[8.780s]   6900K .......... .......... .......... .......... .......... 44% 14.4M 0s
[8.780s]   6950K .......... .......... .......... .......... .......... 44%  135M 0s
[8.782s]   7000K .......... .......... .......... .......... .......... 45% 25.7M 0s
[8.784s]   7050K .......... .......... .......... .......... .......... 45% 26.4M 0s
[8.786s]   7100K .......... .......... .......... .......... .......... 45% 25.4M 0s
[8.788s]   7150K .......... .......... .......... .......... .......... 46% 22.0M 0s
[8.790s]   7200K .......... .......... .......... .......... .......... 46% 19.8M 0s
[8.792s]   7250K .......... .......... .......... .......... .......... 46% 23.2M 0s
[8.793s]   7300K .......... .......... .......... .......... .......... 47%  128M 0s
[8.795s]   7350K .......... .......... .......... .......... .......... 47% 21.3M 0s
[8.798s]   7400K .......... .......... .......... .......... .......... 47% 17.0M 0s
[8.800s]   7450K .......... .......... .......... .......... .......... 47% 24.9M 0s
[8.802s]   7500K .......... .......... .......... .......... .......... 48% 18.7M 0s
[8.805s]   7550K .......... .......... .......... .......... .......... 48% 20.8M 0s
[8.807s]   7600K .......... .......... .......... .......... .......... 48% 19.0M 0s
[8.808s]   7650K .......... .......... .......... .......... .......... 49%  129M 0s
[8.810s]   7700K .......... .......... .......... .......... .......... 49% 20.0M 0s
[8.812s]   7750K .......... .......... .......... .......... .......... 49% 23.5M 0s
[8.814s]   7800K .......... .......... .......... .......... .......... 50% 26.2M 0s
[8.818s]   7850K .......... .......... .......... .......... .......... 50% 14.4M 0s
[8.819s]   7900K .......... .......... .......... .......... .......... 50% 34.7M 0s
[8.820s]   7950K .......... .......... .......... .......... .......... 51% 40.4M 0s
[8.823s]   8000K .......... .......... .......... .......... .......... 51% 18.2M 0s
[8.825s]   8050K .......... .......... .......... .......... .......... 51% 24.0M 0s
[8.828s]   8100K .......... .......... .......... .......... .......... 52% 15.9M 0s
[8.830s]   8150K .......... .......... .......... .......... .......... 52% 26.9M 0s
[8.833s]   8200K .......... .......... .......... .......... .......... 52% 15.1M 0s
[8.836s]   8250K .......... .......... .......... .......... .......... 53% 21.4M 0s
[8.838s]   8300K .......... .......... .......... .......... .......... 53% 17.5M 0s
[8.839s]   8350K .......... .......... .......... .......... .......... 53% 79.5M 0s
[8.840s]   8400K .......... .......... .......... .......... .......... 54% 26.6M 0s
[8.843s]   8450K .......... .......... .......... .......... .......... 54% 20.1M 0s
[8.845s]   8500K .......... .......... .......... .......... .......... 54% 23.0M 0s
[8.848s]   8550K .......... .......... .......... .......... .......... 55% 15.4M 0s
[8.850s]   8600K .......... .......... .......... .......... .......... 55% 26.7M 0s
[8.852s]   8650K .......... .......... .......... .......... .......... 55% 24.5M 0s
[8.855s]   8700K .......... .......... .......... .......... .......... 55% 20.1M 0s
[8.856s]   8750K .......... .......... .......... .......... .......... 56% 73.5M 0s
[8.859s]   8800K .......... .......... .......... .......... .......... 56% 14.0M 0s
[8.859s]   8850K .......... .......... .......... .......... .......... 56% 88.1M 0s
[8.861s]   8900K .......... .......... .......... .......... .......... 57% 26.5M 0s
[8.867s]   8950K .......... .......... .......... .......... .......... 57% 8.73M 0s
[8.869s]   9000K .......... .......... .......... .......... .......... 57% 18.5M 0s
[8.872s]   9050K .......... .......... .......... .......... .......... 58% 24.3M 0s
[8.873s]   9100K .......... .......... .......... .......... .......... 58% 29.9M 0s
[8.878s]   9150K .......... .......... .......... .......... .......... 58% 9.85M 0s
[8.880s]   9200K .......... .......... .......... .......... .......... 59% 22.0M 0s
[8.880s]   9250K .......... .......... .......... .......... .......... 59%  189M 0s
[8.882s]   9300K .......... .......... .......... .......... .......... 59% 23.7M 0s
[8.885s]   9350K .......... .......... .......... .......... .......... 60% 18.2M 0s
[8.887s]   9400K .......... .......... .......... .......... .......... 60% 23.3M 0s
[8.890s]   9450K .......... .......... .......... .......... .......... 60% 18.9M 0s
[8.892s]   9500K .......... .......... .......... .......... .......... 61% 24.3M 0s
[8.894s]   9550K .......... .......... .......... .......... .......... 61% 23.0M 0s
[8.896s]   9600K .......... .......... .......... .......... .......... 61% 27.1M 0s
[8.899s]   9650K .......... .......... .......... .......... .......... 62% 15.2M 0s
[8.900s]   9700K .......... .......... .......... .......... .......... 62%  117M 0s
[8.901s]   9750K .......... .......... .......... .......... .......... 62% 27.8M 0s
[8.904s]   9800K .......... .......... .......... .......... .......... 63% 17.9M 0s
[8.906s]   9850K .......... .......... .......... .......... .......... 63% 24.2M 0s
[8.908s]   9900K .......... .......... .......... .......... .......... 63% 21.7M 0s
[8.911s]   9950K .......... .......... .......... .......... .......... 63% 18.4M 0s
[8.913s]  10000K .......... .......... .......... .......... .......... 64% 25.5M 0s
[8.916s]  10050K .......... .......... .......... .......... .......... 64% 17.4M 0s
[8.916s]  10100K .......... .......... .......... .......... .......... 64%  154M 0s
[8.918s]  10150K .......... .......... .......... .......... .......... 65% 28.5M 0s
[8.920s]  10200K .......... .......... .......... .......... .......... 65% 24.7M 0s
[8.922s]  10250K .......... .......... .......... .......... .......... 65% 19.0M 0s
[8.923s]  10300K .......... .......... .......... .......... .......... 66% 47.1M 0s
[8.926s]  10350K .......... .......... .......... .......... .......... 66% 16.1M 0s
[8.928s]  10400K .......... .......... .......... .......... .......... 66% 25.2M 0s
[8.931s]  10450K .......... .......... .......... .......... .......... 67% 17.3M 0s
[8.934s]  10500K .......... .......... .......... .......... .......... 67% 15.8M 0s
[8.935s]  10550K .......... .......... .......... .......... .......... 67% 68.8M 0s
[8.936s]  10600K .......... .......... .......... .......... .......... 68% 28.9M 0s
[8.939s]  10650K .......... .......... .......... .......... .......... 68% 22.2M 0s
[8.941s]  10700K .......... .......... .......... .......... .......... 68% 24.7M 0s
[8.942s]  10750K .......... .......... .......... .......... .......... 69% 27.9M 0s
[8.945s]  10800K .......... .......... .......... .......... .......... 69% 18.6M 0s
[8.947s]  10850K .......... .......... .......... .......... .......... 69% 26.5M 0s
[8.947s]  10900K .......... .......... .......... .......... .......... 70%  156M 0s
[8.950s]  10950K .......... .......... .......... .......... .......... 70% 18.5M 0s
[8.952s]  11000K .......... .......... .......... .......... .......... 70% 20.3M 0s
[8.954s]  11050K .......... .......... .......... .......... .......... 71% 24.8M 0s
[8.957s]  11100K .......... .......... .......... .......... .......... 71% 19.5M 0s
[8.958s]  11150K .......... .......... .......... .......... .......... 71% 31.6M 0s
[8.960s]  11200K .......... .......... .......... .......... .......... 71% 20.3M 0s
[8.963s]  11250K .......... .......... .......... .......... .......... 72% 23.2M 0s
[8.963s]  11300K .......... .......... .......... .......... .......... 72%  152M 0s
[8.965s]  11350K .......... .......... .......... .......... .......... 72% 25.0M 0s
[8.968s]  11400K .......... .......... .......... .......... .......... 73% 18.4M 0s
[8.970s]  11450K .......... .......... .......... .......... .......... 73% 20.5M 0s
[8.972s]  11500K .......... .......... .......... .......... .......... 73% 20.9M 0s
[8.974s]  11550K .......... .......... .......... .......... .......... 74% 29.6M 0s
[8.976s]  11600K .......... .......... .......... .......... .......... 74% 26.0M 0s
[8.976s]  11650K .......... .......... .......... .......... .......... 74%  152M 0s
[9.023s]  11700K .......... .......... .......... .......... .......... 75% 1.05M 0s
[9.026s]  11750K .......... .......... .......... .......... .......... 75% 16.2M 0s
[9.028s]  11800K .......... .......... .......... .......... .......... 75% 22.9M 0s
[9.030s]  11850K .......... .......... .......... .......... .......... 76% 23.2M 0s
[9.033s]  11900K .......... .......... .......... .......... .......... 76% 17.5M 0s
[9.035s]  11950K .......... .......... .......... .......... .......... 76% 26.2M 0s
[9.037s]  12000K .......... .......... .......... .......... .......... 77% 22.0M 0s
[9.037s]  12050K .......... .......... .......... .......... .......... 77% 82.2M 0s
[9.039s]  12100K .......... .......... .......... .......... .......... 77% 26.1M 0s
[9.042s]  12150K .......... .......... .......... .......... .......... 78% 23.4M 0s
[9.044s]  12200K .......... .......... .......... .......... .......... 78% 21.4M 0s
[9.050s]  12250K .......... .......... .......... .......... .......... 78% 8.44M 0s
[9.051s]  12300K .......... .......... .......... .......... .......... 79% 27.0M 0s
[9.054s]  12350K .......... .......... .......... .......... .......... 79% 18.1M 0s
[9.055s]  12400K .......... .......... .......... .......... .......... 79% 67.8M 0s
[9.056s]  12450K .......... .......... .......... .......... .......... 79% 30.2M 0s
[9.058s]  12500K .......... .......... .......... .......... .......... 80% 22.0M 0s
[9.061s]  12550K .......... .......... .......... .......... .......... 80% 23.0M 0s
[9.062s]  12600K .......... .......... .......... .......... .......... 80% 26.0M 0s
[9.065s]  12650K .......... .......... .......... .......... .......... 81% 22.7M 0s
[9.068s]  12700K .......... .......... .......... .......... .......... 81% 20.1M 0s
[9.069s]  12750K .......... .......... .......... .......... .......... 81% 40.5M 0s
[9.070s]  12800K .......... .......... .......... .......... .......... 82% 37.2M 0s
[9.072s]  12850K .......... .......... .......... .......... .......... 82% 19.4M 0s
[9.074s]  12900K .......... .......... .......... .......... .......... 82% 21.7M 0s
[9.077s]  12950K .......... .......... .......... .......... .......... 83% 18.8M 0s
[9.079s]  13000K .......... .......... .......... .......... .......... 83% 24.2M 0s
[9.083s]  13050K .......... .......... .......... .......... .......... 83% 13.3M 0s
[9.085s]  13100K .......... .......... .......... .......... .......... 84% 24.7M 0s
[9.085s]  13150K .......... .......... .......... .......... .......... 84% 96.5M 0s
[9.087s]  13200K .......... .......... .......... .......... .......... 84% 29.5M 0s
[9.089s]  13250K .......... .......... .......... .......... .......... 85% 22.2M 0s
[9.091s]  13300K .......... .......... .......... .......... .......... 85% 23.4M 0s
[9.094s]  13350K .......... .......... .......... .......... .......... 85% 18.1M 0s
[9.096s]  13400K .......... .......... .......... .......... .......... 86% 26.3M 0s
[9.098s]  13450K .......... .......... .......... .......... .......... 86% 19.1M 0s
[9.099s]  13500K .......... .......... .......... .......... .......... 86%  113M 0s
[9.101s]  13550K .......... .......... .......... .......... .......... 87% 19.7M 0s
[9.103s]  13600K .......... .......... .......... .......... .......... 87% 31.7M 0s
[9.105s]  13650K .......... .......... .......... .......... .......... 87% 25.4M 0s
[9.107s]  13700K .......... .......... .......... .......... .......... 87% 26.1M 0s
[9.109s]  13750K .......... .......... .......... .......... .......... 88% 18.0M 0s
[9.111s]  13800K .......... .......... .......... .......... .......... 88% 27.8M 0s
[9.114s]  13850K .......... .......... .......... .......... .......... 88% 21.0M 0s
[9.114s]  13900K .......... .......... .......... .......... .......... 89% 72.4M 0s
[9.116s]  13950K .......... .......... .......... .......... .......... 89% 22.9M 0s
[9.119s]  14000K .......... .......... .......... .......... .......... 89% 20.2M 0s
[9.122s]  14050K .......... .......... .......... .......... .......... 90% 13.3M 0s
[9.122s]  14100K .......... .......... .......... .......... .......... 90%  120M 0s
[9.124s]  14150K .......... .......... .......... .......... .......... 90% 27.4M 0s
[9.126s]  14200K .......... .......... .......... .......... .......... 91% 23.0M 0s
[9.129s]  14250K .......... .......... .......... .......... .......... 91% 22.0M 0s
[9.131s]  14300K .......... .......... .......... .......... .......... 91% 22.3M 0s
[9.134s]  14350K .......... .......... .......... .......... .......... 92% 21.7M 0s
[9.136s]  14400K .......... .......... .......... .......... .......... 92% 21.2M 0s
[9.138s]  14450K .......... .......... .......... .......... .......... 92% 23.9M 0s
[9.138s]  14500K .......... .......... .......... .......... .......... 93% 79.7M 0s
[9.141s]  14550K .......... .......... .......... .......... .......... 93% 19.1M 0s
[9.143s]  14600K .......... .......... .......... .......... .......... 93% 20.1M 0s
[9.146s]  14650K .......... .......... .......... .......... .......... 94% 15.9M 0s
[9.148s]  14700K .......... .......... .......... .......... .......... 94% 26.5M 0s
[9.151s]  14750K .......... .......... .......... .......... .......... 94% 23.3M 0s
[9.153s]  14800K .......... .......... .......... .......... .......... 95% 19.5M 0s
[9.154s]  14850K .......... .......... .......... .......... .......... 95% 71.5M 0s
[9.155s]  14900K .......... .......... .......... .......... .......... 95% 26.2M 0s
[9.158s]  14950K .......... .......... .......... .......... .......... 95% 23.2M 0s
[9.161s]  15000K .......... .......... .......... .......... .......... 96% 14.8M 0s
[9.161s]  15050K .......... .......... .......... .......... .......... 96% 54.6M 0s
[9.165s]  15100K .......... .......... .......... .......... .......... 96% 13.3M 0s
[9.168s]  15150K .......... .......... .......... .......... .......... 97% 24.7M 0s
[9.170s]  15200K .......... .......... .......... .......... .......... 97% 17.8M 0s
[9.173s]  15250K .......... .......... .......... .......... .......... 97% 19.9M 0s
[9.175s]  15300K .......... .......... .......... .......... .......... 98% 23.4M 0s
[9.176s]  15350K .......... .......... .......... .......... .......... 98% 25.6M 0s
[9.180s]  15400K .......... .......... .......... .......... .......... 98% 14.5M 0s
[9.180s]  15450K .......... .......... .......... .......... .......... 99%  157M 0s
[9.182s]  15500K .......... .......... .......... .......... .......... 99% 23.5M 0s
[9.185s]  15550K .......... .......... .......... .......... .......... 99% 18.5M 0s
[9.185s]  15600K .......... .......... .....                           100%  107M=0.7s
[9.185s] 
[9.185s] 2025-04-03 11:56:14 (21.2 MB/s) - ‘/home/mscrobotics2425laptop4/interbotix_ws/build/multirobot_map_merge/2012-01-28-11-12-01.pgm’ saved [16000058/16000058]
[9.186s] 
[9.188s] Checking MD5 sum of /home/mscrobotics2425laptop4/interbotix_ws/build/multirobot_map_merge/2012-01-28-11-12-01.pgm
[9.226s] /home/mscrobotics2425laptop4/interbotix_ws/build/multirobot_map_merge/2012-01-28-11-12-01.pgm: OK
[9.235s] -- Found gtest sources under '/opt/ros/humble/src/gtest_vendor': C++ tests using 'Google Test' will be built
[9.270s] -- Added test 'cppcheck' to perform static code analysis on C / C++ code
[9.271s] -- Configured cppcheck include dirs: /home/mscrobotics2425laptop4/interbotix_ws/src/m-explore-ros2-main/map_merge/include;$<BUILD_INTERFACE:/home/mscrobotics2425laptop4/interbotix_ws/src/m-explore-ros2-main/map_merge/include>
[9.271s] -- Configured cppcheck exclude dirs and/or files: 
[9.275s] -- Added test 'flake8' to check Python code syntax and style conventions
[9.279s] -- Added test 'lint_cmake' to check CMake code style
[9.282s] -- Added test 'pep257' to check Python code against some of the docstring style conventions in PEP 257
[9.288s] -- Added test 'uncrustify' to check C / C++ code style
[9.288s] -- Configured uncrustify additional arguments: 
[9.291s] -- Added test 'xmllint' to check XML markup files
[9.301s] -- Configuring done
[9.459s] -- Generating done
[9.494s] -- Build files have been written to: /home/mscrobotics2425laptop4/interbotix_ws/build/multirobot_map_merge
