[0.025s] Invoking command in '/home/mscrobotics2425laptop36/LEO-ROVER-CODING/build/image_geometry': CMAKE_PREFIX_PATH=/opt/ros/humble /usr/bin/cmake /home/mscrobotics2425laptop36/LEO-ROVER-CODING/vision_opencv/image_geometry -DCMAKE_INSTALL_PREFIX=/home/mscrobotics2425laptop36/LEO-ROVER-CODING/install/image_geometry
[0.431s] -- The C compiler identification is GNU 11.4.0
[0.431s] -- The CXX compiler identification is GNU 11.4.0
[0.431s] -- Detecting C compiler ABI info
[0.431s] -- Detecting C compiler ABI info - done
[0.431s] -- Check for working C compiler: /usr/bin/cc - skipped
[0.431s] -- Detecting C compile features
[0.431s] -- Detecting C compile features - done
[0.432s] -- Detecting CXX compiler ABI info
[0.432s] -- Detecting CXX compiler ABI info - done
[0.432s] -- Check for working CXX compiler: /usr/bin/c++ - skipped
[0.432s] -- Detecting CXX compile features
[0.434s] -- Detecting CXX compile features - done
[0.434s] -- Found ament_cmake_python: 1.3.11 (/opt/ros/humble/share/ament_cmake_python/cmake)
[0.435s] -- Found ament_cmake_ros: 0.10.0 (/opt/ros/humble/share/ament_cmake_ros/cmake)
[0.435s] -- Found Python3: /home/linuxbrew/.linuxbrew/bin/python3 (found version "3.13.0") found components: Interpreter 
[0.613s] Traceback (most recent call last):
[0.616s]   File "/opt/ros/humble/share/ament_cmake_core/cmake/core/package_xml_2_cmake.py", line 22, in <module>
[0.616s]     from catkin_pkg.package import parse_package_string
[0.616s] ModuleNotFoundError: No module named 'catkin_pkg'
[0.623s] -- Configuring incomplete, errors occurred!
[0.624s] See also "/home/mscrobotics2425laptop36/LEO-ROVER-CODING/build/image_geometry/CMakeFiles/CMakeOutput.log".
[0.624s] [31mCMake Error at /opt/ros/humble/share/ament_cmake_core/cmake/core/ament_package_xml.cmake:95 (message):
[0.624s]   execute_process(/home/linuxbrew/.linuxbrew/bin/python3
[0.624s]   /opt/ros/humble/share/ament_cmake_core/cmake/core/package_xml_2_cmake.py
[0.624s]   /home/mscrobotics2425laptop36/LEO-ROVER-CODING/vision_opencv/image_geometry/package.xml
[0.625s]   /home/mscrobotics2425laptop36/LEO-ROVER-CODING/build/image_geometry/ament_cmake_core/package.cmake)
[0.625s]   returned error code 1
[0.625s] Call Stack (most recent call first):
[0.625s]   /opt/ros/humble/share/ament_cmake_core/cmake/core/ament_package_xml.cmake:49 (_ament_package_xml)
[0.625s]   /opt/ros/humble/share/ament_cmake_python/cmake/ament_python_install_package.cmake:60 (ament_package_xml)
[0.625s]   /opt/ros/humble/share/ament_cmake_python/cmake/ament_python_install_package.cmake:39 (_ament_cmake_python_install_package)
[0.625s]   CMakeLists.txt:7 (ament_python_install_package)
[0.625s] 
[0.625s] [0m
