[0.352s] Invoking command in '/home/mscrobotics2425laptop4/interbotix_ws/build/leo_with_interfaces': CMAKE_PREFIX_PATH=${CMAKE_PREFIX_PATH}:/home/mscrobotics2425laptop4/interbotix_ws/install/ros_cv_messages:/home/mscrobotics2425laptop4/interbotix_ws/install/leo_realsense:/home/mscrobotics2425laptop4/interbotix_ws/install/leo_manipulator:/home/mscrobotics2425laptop4/interbotix_ws/install/leo_main:/home/mscrobotics2425laptop4/interbotix_ws/install/leo_launch:/home/mscrobotics2425laptop4/interbotix_ws/install/interbotix_xs_modules:/home/mscrobotics2425laptop4/interbotix_ws/install/interbotix_perception_modules:/home/mscrobotics2425laptop4/interbotix_ws/install/interbotix_common_modules:/opt/ros/humble /usr/bin/cmake --build /home/mscrobotics2425laptop4/interbotix_ws/build/leo_with_interfaces -- -j12 -l12
[0.424s] [ 12%] Built target leo_with_interfaces__rosidl_generator_c
[0.427s] [ 12%] Built target leo_with_interfaces__cpp
[0.468s] [ 12%] Built target ament_cmake_python_copy_leo_with_interfaces
[0.493s] [ 22%] Built target leo_with_interfaces__rosidl_typesupport_introspection_c
[0.497s] [ 32%] Built target leo_with_interfaces__rosidl_typesupport_fastrtps_cpp
[0.502s] [ 41%] Built target leo_with_interfaces__rosidl_typesupport_cpp
[0.511s] [ 51%] Built target leo_with_interfaces__rosidl_typesupport_c
[0.514s] [ 61%] Built target leo_with_interfaces__rosidl_typesupport_fastrtps_c
[0.528s] [ 70%] Built target leo_with_interfaces__rosidl_typesupport_introspection_cpp
[0.548s] [ 70%] Built target leo_with_interfaces
[0.570s] [ 74%] Built target leo_with_interfaces__py
[0.590s] [ 80%] Built target leo_with_interfaces__rosidl_generator_py
[0.622s] [ 87%] Built target leo_with_interfaces__rosidl_typesupport_fastrtps_c__pyext
[0.626s] [ 93%] Built target leo_with_interfaces__rosidl_typesupport_introspection_c__pyext
[0.627s] [100%] Built target leo_with_interfaces__rosidl_typesupport_c__pyext
[0.725s] running egg_info
[0.726s] writing leo_with_interfaces.egg-info/PKG-INFO
[0.726s] writing dependency_links to leo_with_interfaces.egg-info/dependency_links.txt
[0.726s] writing top-level names to leo_with_interfaces.egg-info/top_level.txt
[0.728s] reading manifest file 'leo_with_interfaces.egg-info/SOURCES.txt'
[0.728s] writing manifest file 'leo_with_interfaces.egg-info/SOURCES.txt'
[0.754s] [100%] Built target ament_cmake_python_build_leo_with_interfaces_egg
