[0.635s] Invoking command in '/home/mscrobotics2425laptop4/interbotix_ws/build/leo_with_interfaces': CMAKE_PREFIX_PATH=${CMAKE_PREFIX_PATH}:/home/mscrobotics2425laptop4/interbotix_ws/install/ros_cv_messages:/home/mscrobotics2425laptop4/interbotix_ws/install/leo_realsense:/home/mscrobotics2425laptop4/interbotix_ws/install/leo_manipulator:/home/mscrobotics2425laptop4/interbotix_ws/install/leo_main:/home/mscrobotics2425laptop4/interbotix_ws/install/leo_launch:/home/mscrobotics2425laptop4/interbotix_ws/install/interbotix_xs_modules:/home/mscrobotics2425laptop4/interbotix_ws/install/interbotix_perception_modules:/home/mscrobotics2425laptop4/interbotix_ws/install/interbotix_common_modules:/opt/ros/humble /usr/bin/cmake --build /home/mscrobotics2425laptop4/interbotix_ws/build/leo_with_interfaces -- -j12 -l12
[0.772s] [  3%] Built target leo_with_interfaces__cpp
[0.811s] [ 12%] Built target leo_with_interfaces__rosidl_generator_c
[0.857s] [ 12%] Built target ament_cmake_python_copy_leo_with_interfaces
[0.888s] [ 22%] Built target leo_with_interfaces__rosidl_typesupport_cpp
[0.942s] [ 32%] Built target leo_with_interfaces__rosidl_typesupport_c
[0.952s] [ 41%] Built target leo_with_interfaces__rosidl_typesupport_fastrtps_cpp
[0.952s] [ 51%] Built target leo_with_interfaces__rosidl_typesupport_introspection_cpp
[0.959s] [ 61%] Built target leo_with_interfaces__rosidl_typesupport_introspection_c
[0.984s] [ 70%] Built target leo_with_interfaces__rosidl_typesupport_fastrtps_c
[1.036s] [ 70%] Built target leo_with_interfaces
[1.098s] [ 74%] Built target leo_with_interfaces__py
[1.162s] [ 80%] Built target leo_with_interfaces__rosidl_generator_py
[1.241s] [ 87%] Built target leo_with_interfaces__rosidl_typesupport_c__pyext
[1.241s] [ 93%] Built target leo_with_interfaces__rosidl_typesupport_fastrtps_c__pyext
[1.250s] [100%] Built target leo_with_interfaces__rosidl_typesupport_introspection_c__pyext
[1.855s] running egg_info
[1.857s] writing leo_with_interfaces.egg-info/PKG-INFO
[1.861s] writing dependency_links to leo_with_interfaces.egg-info/dependency_links.txt
[1.861s] writing top-level names to leo_with_interfaces.egg-info/top_level.txt
[1.862s] reading manifest file 'leo_with_interfaces.egg-info/SOURCES.txt'
[1.862s] writing manifest file 'leo_with_interfaces.egg-info/SOURCES.txt'
[1.862s] [100%] Built target ament_cmake_python_build_leo_with_interfaces_egg
[2.127s] Invoked command in '/home/mscrobotics2425laptop4/interbotix_ws/build/leo_with_interfaces' returned '0': CMAKE_PREFIX_PATH=${CMAKE_PREFIX_PATH}:/home/mscrobotics2425laptop4/interbotix_ws/install/ros_cv_messages:/home/mscrobotics2425laptop4/interbotix_ws/install/leo_realsense:/home/mscrobotics2425laptop4/interbotix_ws/install/leo_manipulator:/home/mscrobotics2425laptop4/interbotix_ws/install/leo_main:/home/mscrobotics2425laptop4/interbotix_ws/install/leo_launch:/home/mscrobotics2425laptop4/interbotix_ws/install/interbotix_xs_modules:/home/mscrobotics2425laptop4/interbotix_ws/install/interbotix_perception_modules:/home/mscrobotics2425laptop4/interbotix_ws/install/interbotix_common_modules:/opt/ros/humble /usr/bin/cmake --build /home/mscrobotics2425laptop4/interbotix_ws/build/leo_with_interfaces -- -j12 -l12
[2.129s] Invoking command in '/home/mscrobotics2425laptop4/interbotix_ws/build/leo_with_interfaces': CMAKE_PREFIX_PATH=${CMAKE_PREFIX_PATH}:/home/mscrobotics2425laptop4/interbotix_ws/install/ros_cv_messages:/home/mscrobotics2425laptop4/interbotix_ws/install/leo_realsense:/home/mscrobotics2425laptop4/interbotix_ws/install/leo_manipulator:/home/mscrobotics2425laptop4/interbotix_ws/install/leo_main:/home/mscrobotics2425laptop4/interbotix_ws/install/leo_launch:/home/mscrobotics2425laptop4/interbotix_ws/install/interbotix_xs_modules:/home/mscrobotics2425laptop4/interbotix_ws/install/interbotix_perception_modules:/home/mscrobotics2425laptop4/interbotix_ws/install/interbotix_common_modules:/opt/ros/humble /usr/bin/cmake --install /home/mscrobotics2425laptop4/interbotix_ws/build/leo_with_interfaces
[2.215s] -- Install configuration: ""
[2.215s] -- Up-to-date: /home/mscrobotics2425laptop4/interbotix_ws/install/leo_with_interfaces/share/ament_index/resource_index/rosidl_interfaces/leo_with_interfaces
[2.215s] -- Up-to-date: /home/mscrobotics2425laptop4/interbotix_ws/install/leo_with_interfaces/include/leo_with_interfaces/leo_with_interfaces
[2.215s] -- Up-to-date: /home/mscrobotics2425laptop4/interbotix_ws/install/leo_with_interfaces/include/leo_with_interfaces/leo_with_interfaces/msg
[2.216s] -- Up-to-date: /home/mscrobotics2425laptop4/interbotix_ws/install/leo_with_interfaces/include/leo_with_interfaces/leo_with_interfaces/msg/position.h
[2.216s] -- Up-to-date: /home/mscrobotics2425laptop4/interbotix_ws/install/leo_with_interfaces/include/leo_with_interfaces/leo_with_interfaces/msg/rosidl_generator_c__visibility_control.h
[2.216s] -- Up-to-date: /home/mscrobotics2425laptop4/interbotix_ws/install/leo_with_interfaces/include/leo_with_interfaces/leo_with_interfaces/msg/detail
[2.216s] -- Up-to-date: /home/mscrobotics2425laptop4/interbotix_ws/install/leo_with_interfaces/include/leo_with_interfaces/leo_with_interfaces/msg/detail/position__struct.h
[2.217s] -- Up-to-date: /home/mscrobotics2425laptop4/interbotix_ws/install/leo_with_interfaces/include/leo_with_interfaces/leo_with_interfaces/msg/detail/position__type_support.h
[2.217s] -- Up-to-date: /home/mscrobotics2425laptop4/interbotix_ws/install/leo_with_interfaces/include/leo_with_interfaces/leo_with_interfaces/msg/detail/position__functions.c
[2.217s] -- Up-to-date: /home/mscrobotics2425laptop4/interbotix_ws/install/leo_with_interfaces/include/leo_with_interfaces/leo_with_interfaces/msg/detail/position__functions.h
[2.217s] -- Up-to-date: /home/mscrobotics2425laptop4/interbotix_ws/install/leo_with_interfaces/share/leo_with_interfaces/environment/library_path.sh
[2.217s] -- Up-to-date: /home/mscrobotics2425laptop4/interbotix_ws/install/leo_with_interfaces/share/leo_with_interfaces/environment/library_path.dsv
[2.218s] -- Up-to-date: /home/mscrobotics2425laptop4/interbotix_ws/install/leo_with_interfaces/lib/libleo_with_interfaces__rosidl_generator_c.so
[2.218s] -- Up-to-date: /home/mscrobotics2425laptop4/interbotix_ws/install/leo_with_interfaces/include/leo_with_interfaces/leo_with_interfaces
[2.218s] -- Up-to-date: /home/mscrobotics2425laptop4/interbotix_ws/install/leo_with_interfaces/include/leo_with_interfaces/leo_with_interfaces/msg
[2.218s] -- Up-to-date: /home/mscrobotics2425laptop4/interbotix_ws/install/leo_with_interfaces/include/leo_with_interfaces/leo_with_interfaces/msg/rosidl_typesupport_fastrtps_c__visibility_control.h
[2.218s] -- Up-to-date: /home/mscrobotics2425laptop4/interbotix_ws/install/leo_with_interfaces/include/leo_with_interfaces/leo_with_interfaces/msg/detail
[2.219s] -- Up-to-date: /home/mscrobotics2425laptop4/interbotix_ws/install/leo_with_interfaces/include/leo_with_interfaces/leo_with_interfaces/msg/detail/position__rosidl_typesupport_fastrtps_c.h
[2.219s] -- Up-to-date: /home/mscrobotics2425laptop4/interbotix_ws/install/leo_with_interfaces/lib/libleo_with_interfaces__rosidl_typesupport_fastrtps_c.so
[2.219s] -- Up-to-date: /home/mscrobotics2425laptop4/interbotix_ws/install/leo_with_interfaces/include/leo_with_interfaces/leo_with_interfaces
[2.220s] -- Up-to-date: /home/mscrobotics2425laptop4/interbotix_ws/install/leo_with_interfaces/include/leo_with_interfaces/leo_with_interfaces/msg
[2.220s] -- Up-to-date: /home/mscrobotics2425laptop4/interbotix_ws/install/leo_with_interfaces/include/leo_with_interfaces/leo_with_interfaces/msg/position.hpp
[2.220s] -- Up-to-date: /home/mscrobotics2425laptop4/interbotix_ws/install/leo_with_interfaces/include/leo_with_interfaces/leo_with_interfaces/msg/detail
[2.220s] -- Up-to-date: /home/mscrobotics2425laptop4/interbotix_ws/install/leo_with_interfaces/include/leo_with_interfaces/leo_with_interfaces/msg/detail/position__traits.hpp
[2.220s] -- Up-to-date: /home/mscrobotics2425laptop4/interbotix_ws/install/leo_with_interfaces/include/leo_with_interfaces/leo_with_interfaces/msg/detail/position__struct.hpp
[2.221s] -- Up-to-date: /home/mscrobotics2425laptop4/interbotix_ws/install/leo_with_interfaces/include/leo_with_interfaces/leo_with_interfaces/msg/detail/position__type_support.hpp
[2.221s] -- Up-to-date: /home/mscrobotics2425laptop4/interbotix_ws/install/leo_with_interfaces/include/leo_with_interfaces/leo_with_interfaces/msg/detail/position__builder.hpp
[2.221s] -- Up-to-date: /home/mscrobotics2425laptop4/interbotix_ws/install/leo_with_interfaces/include/leo_with_interfaces/leo_with_interfaces/msg/rosidl_generator_cpp__visibility_control.hpp
[2.221s] -- Up-to-date: /home/mscrobotics2425laptop4/interbotix_ws/install/leo_with_interfaces/include/leo_with_interfaces/leo_with_interfaces
[2.221s] -- Up-to-date: /home/mscrobotics2425laptop4/interbotix_ws/install/leo_with_interfaces/include/leo_with_interfaces/leo_with_interfaces/msg
[2.222s] -- Up-to-date: /home/mscrobotics2425laptop4/interbotix_ws/install/leo_with_interfaces/include/leo_with_interfaces/leo_with_interfaces/msg/detail
[2.222s] -- Up-to-date: /home/mscrobotics2425laptop4/interbotix_ws/install/leo_with_interfaces/include/leo_with_interfaces/leo_with_interfaces/msg/detail/dds_fastrtps
[2.222s] -- Up-to-date: /home/mscrobotics2425laptop4/interbotix_ws/install/leo_with_interfaces/include/leo_with_interfaces/leo_with_interfaces/msg/detail/position__rosidl_typesupport_fastrtps_cpp.hpp
[2.222s] -- Up-to-date: /home/mscrobotics2425laptop4/interbotix_ws/install/leo_with_interfaces/include/leo_with_interfaces/leo_with_interfaces/msg/rosidl_typesupport_fastrtps_cpp__visibility_control.h
[2.222s] -- Up-to-date: /home/mscrobotics2425laptop4/interbotix_ws/install/leo_with_interfaces/lib/libleo_with_interfaces__rosidl_typesupport_fastrtps_cpp.so
[2.225s] -- Up-to-date: /home/mscrobotics2425laptop4/interbotix_ws/install/leo_with_interfaces/include/leo_with_interfaces/leo_with_interfaces
[2.226s] -- Up-to-date: /home/mscrobotics2425laptop4/interbotix_ws/install/leo_with_interfaces/include/leo_with_interfaces/leo_with_interfaces/msg
[2.226s] -- Up-to-date: /home/mscrobotics2425laptop4/interbotix_ws/install/leo_with_interfaces/include/leo_with_interfaces/leo_with_interfaces/msg/rosidl_typesupport_introspection_c__visibility_control.h
[2.226s] -- Up-to-date: /home/mscrobotics2425laptop4/interbotix_ws/install/leo_with_interfaces/include/leo_with_interfaces/leo_with_interfaces/msg/detail
[2.227s] -- Up-to-date: /home/mscrobotics2425laptop4/interbotix_ws/install/leo_with_interfaces/include/leo_with_interfaces/leo_with_interfaces/msg/detail/position__type_support.c
[2.227s] -- Up-to-date: /home/mscrobotics2425laptop4/interbotix_ws/install/leo_with_interfaces/include/leo_with_interfaces/leo_with_interfaces/msg/detail/position__rosidl_typesupport_introspection_c.h
[2.227s] -- Up-to-date: /home/mscrobotics2425laptop4/interbotix_ws/install/leo_with_interfaces/lib/libleo_with_interfaces__rosidl_typesupport_introspection_c.so
[2.227s] -- Up-to-date: /home/mscrobotics2425laptop4/interbotix_ws/install/leo_with_interfaces/lib/libleo_with_interfaces__rosidl_typesupport_c.so
[2.228s] -- Up-to-date: /home/mscrobotics2425laptop4/interbotix_ws/install/leo_with_interfaces/include/leo_with_interfaces/leo_with_interfaces
[2.228s] -- Up-to-date: /home/mscrobotics2425laptop4/interbotix_ws/install/leo_with_interfaces/include/leo_with_interfaces/leo_with_interfaces/msg
[2.229s] -- Up-to-date: /home/mscrobotics2425laptop4/interbotix_ws/install/leo_with_interfaces/include/leo_with_interfaces/leo_with_interfaces/msg/detail
[2.234s] -- Up-to-date: /home/mscrobotics2425laptop4/interbotix_ws/install/leo_with_interfaces/include/leo_with_interfaces/leo_with_interfaces/msg/detail/position__type_support.cpp
[2.236s] -- Up-to-date: /home/mscrobotics2425laptop4/interbotix_ws/install/leo_with_interfaces/include/leo_with_interfaces/leo_with_interfaces/msg/detail/position__rosidl_typesupport_introspection_cpp.hpp
[2.237s] -- Up-to-date: /home/mscrobotics2425laptop4/interbotix_ws/install/leo_with_interfaces/lib/libleo_with_interfaces__rosidl_typesupport_introspection_cpp.so
[2.238s] -- Up-to-date: /home/mscrobotics2425laptop4/interbotix_ws/install/leo_with_interfaces/lib/libleo_with_interfaces__rosidl_typesupport_cpp.so
[2.239s] -- Up-to-date: /home/mscrobotics2425laptop4/interbotix_ws/install/leo_with_interfaces/share/leo_with_interfaces/environment/pythonpath.sh
[2.239s] -- Up-to-date: /home/mscrobotics2425laptop4/interbotix_ws/install/leo_with_interfaces/share/leo_with_interfaces/environment/pythonpath.dsv
[2.239s] -- Up-to-date: /home/mscrobotics2425laptop4/interbotix_ws/install/leo_with_interfaces/local/lib/python3.10/dist-packages/leo_with_interfaces-0.0.0-py3.10.egg-info
[2.239s] -- Installing: /home/mscrobotics2425laptop4/interbotix_ws/install/leo_with_interfaces/local/lib/python3.10/dist-packages/leo_with_interfaces-0.0.0-py3.10.egg-info/dependency_links.txt
[2.240s] -- Installing: /home/mscrobotics2425laptop4/interbotix_ws/install/leo_with_interfaces/local/lib/python3.10/dist-packages/leo_with_interfaces-0.0.0-py3.10.egg-info/SOURCES.txt
[2.240s] -- Installing: /home/mscrobotics2425laptop4/interbotix_ws/install/leo_with_interfaces/local/lib/python3.10/dist-packages/leo_with_interfaces-0.0.0-py3.10.egg-info/PKG-INFO
[2.240s] -- Installing: /home/mscrobotics2425laptop4/interbotix_ws/install/leo_with_interfaces/local/lib/python3.10/dist-packages/leo_with_interfaces-0.0.0-py3.10.egg-info/top_level.txt
[2.240s] -- Up-to-date: /home/mscrobotics2425laptop4/interbotix_ws/install/leo_with_interfaces/local/lib/python3.10/dist-packages/leo_with_interfaces
[2.240s] -- Up-to-date: /home/mscrobotics2425laptop4/interbotix_ws/install/leo_with_interfaces/local/lib/python3.10/dist-packages/leo_with_interfaces/leo_with_interfaces_s__rosidl_typesupport_c.cpython-310-x86_64-linux-gnu.so
[2.241s] -- Up-to-date: /home/mscrobotics2425laptop4/interbotix_ws/install/leo_with_interfaces/local/lib/python3.10/dist-packages/leo_with_interfaces/leo_with_interfaces_s__rosidl_typesupport_introspection_c.cpython-310-x86_64-linux-gnu.so
[2.241s] -- Up-to-date: /home/mscrobotics2425laptop4/interbotix_ws/install/leo_with_interfaces/local/lib/python3.10/dist-packages/leo_with_interfaces/__init__.py
[2.241s] -- Up-to-date: /home/mscrobotics2425laptop4/interbotix_ws/install/leo_with_interfaces/local/lib/python3.10/dist-packages/leo_with_interfaces/_leo_with_interfaces_s.ep.rosidl_typesupport_c.c
[2.241s] -- Up-to-date: /home/mscrobotics2425laptop4/interbotix_ws/install/leo_with_interfaces/local/lib/python3.10/dist-packages/leo_with_interfaces/_leo_with_interfaces_s.ep.rosidl_typesupport_fastrtps_c.c
[2.241s] -- Up-to-date: /home/mscrobotics2425laptop4/interbotix_ws/install/leo_with_interfaces/local/lib/python3.10/dist-packages/leo_with_interfaces/libleo_with_interfaces__rosidl_generator_py.so
[2.242s] -- Up-to-date: /home/mscrobotics2425laptop4/interbotix_ws/install/leo_with_interfaces/local/lib/python3.10/dist-packages/leo_with_interfaces/_leo_with_interfaces_s.ep.rosidl_typesupport_introspection_c.c
[2.245s] -- Up-to-date: /home/mscrobotics2425laptop4/interbotix_ws/install/leo_with_interfaces/local/lib/python3.10/dist-packages/leo_with_interfaces/msg
[2.246s] -- Up-to-date: /home/mscrobotics2425laptop4/interbotix_ws/install/leo_with_interfaces/local/lib/python3.10/dist-packages/leo_with_interfaces/msg/_position.py
[2.250s] -- Up-to-date: /home/mscrobotics2425laptop4/interbotix_ws/install/leo_with_interfaces/local/lib/python3.10/dist-packages/leo_with_interfaces/msg/__init__.py
[2.250s] -- Up-to-date: /home/mscrobotics2425laptop4/interbotix_ws/install/leo_with_interfaces/local/lib/python3.10/dist-packages/leo_with_interfaces/msg/_position_s.c
[2.250s] -- Up-to-date: /home/mscrobotics2425laptop4/interbotix_ws/install/leo_with_interfaces/local/lib/python3.10/dist-packages/leo_with_interfaces/leo_with_interfaces_s__rosidl_typesupport_fastrtps_c.cpython-310-x86_64-linux-gnu.so
[2.255s] Listing '/home/mscrobotics2425laptop4/interbotix_ws/install/leo_with_interfaces/local/lib/python3.10/dist-packages/leo_with_interfaces'...
[2.255s] Listing '/home/mscrobotics2425laptop4/interbotix_ws/install/leo_with_interfaces/local/lib/python3.10/dist-packages/leo_with_interfaces/msg'...
[2.259s] -- Up-to-date: /home/mscrobotics2425laptop4/interbotix_ws/install/leo_with_interfaces/local/lib/python3.10/dist-packages/leo_with_interfaces/leo_with_interfaces_s__rosidl_typesupport_fastrtps_c.cpython-310-x86_64-linux-gnu.so
[2.272s] -- Up-to-date: /home/mscrobotics2425laptop4/interbotix_ws/install/leo_with_interfaces/local/lib/python3.10/dist-packages/leo_with_interfaces/leo_with_interfaces_s__rosidl_typesupport_introspection_c.cpython-310-x86_64-linux-gnu.so
[2.272s] -- Up-to-date: /home/mscrobotics2425laptop4/interbotix_ws/install/leo_with_interfaces/local/lib/python3.10/dist-packages/leo_with_interfaces/leo_with_interfaces_s__rosidl_typesupport_c.cpython-310-x86_64-linux-gnu.so
[2.272s] -- Up-to-date: /home/mscrobotics2425laptop4/interbotix_ws/install/leo_with_interfaces/lib/libleo_with_interfaces__rosidl_generator_py.so
[2.272s] -- Up-to-date: /home/mscrobotics2425laptop4/interbotix_ws/install/leo_with_interfaces/share/leo_with_interfaces/msg/Position.idl
[2.275s] -- Up-to-date: /home/mscrobotics2425laptop4/interbotix_ws/install/leo_with_interfaces/share/leo_with_interfaces/msg/Position.msg
[2.275s] -- Up-to-date: /home/mscrobotics2425laptop4/interbotix_ws/install/leo_with_interfaces/share/ament_index/resource_index/package_run_dependencies/leo_with_interfaces
[2.275s] -- Up-to-date: /home/mscrobotics2425laptop4/interbotix_ws/install/leo_with_interfaces/share/ament_index/resource_index/parent_prefix_path/leo_with_interfaces
[2.275s] -- Up-to-date: /home/mscrobotics2425laptop4/interbotix_ws/install/leo_with_interfaces/share/leo_with_interfaces/environment/ament_prefix_path.sh
[2.275s] -- Up-to-date: /home/mscrobotics2425laptop4/interbotix_ws/install/leo_with_interfaces/share/leo_with_interfaces/environment/ament_prefix_path.dsv
[2.275s] -- Up-to-date: /home/mscrobotics2425laptop4/interbotix_ws/install/leo_with_interfaces/share/leo_with_interfaces/environment/path.sh
[2.276s] -- Up-to-date: /home/mscrobotics2425laptop4/interbotix_ws/install/leo_with_interfaces/share/leo_with_interfaces/environment/path.dsv
[2.276s] -- Up-to-date: /home/mscrobotics2425laptop4/interbotix_ws/install/leo_with_interfaces/share/leo_with_interfaces/local_setup.bash
[2.276s] -- Up-to-date: /home/mscrobotics2425laptop4/interbotix_ws/install/leo_with_interfaces/share/leo_with_interfaces/local_setup.sh
[2.279s] -- Up-to-date: /home/mscrobotics2425laptop4/interbotix_ws/install/leo_with_interfaces/share/leo_with_interfaces/local_setup.zsh
[2.279s] -- Up-to-date: /home/mscrobotics2425laptop4/interbotix_ws/install/leo_with_interfaces/share/leo_with_interfaces/local_setup.dsv
[2.280s] -- Installing: /home/mscrobotics2425laptop4/interbotix_ws/install/leo_with_interfaces/share/leo_with_interfaces/package.dsv
[2.280s] -- Up-to-date: /home/mscrobotics2425laptop4/interbotix_ws/install/leo_with_interfaces/share/ament_index/resource_index/packages/leo_with_interfaces
[2.281s] -- Up-to-date: /home/mscrobotics2425laptop4/interbotix_ws/install/leo_with_interfaces/share/leo_with_interfaces/cmake/export_leo_with_interfaces__rosidl_generator_cExport.cmake
[2.281s] -- Up-to-date: /home/mscrobotics2425laptop4/interbotix_ws/install/leo_with_interfaces/share/leo_with_interfaces/cmake/export_leo_with_interfaces__rosidl_generator_cExport-noconfig.cmake
[2.281s] -- Up-to-date: /home/mscrobotics2425laptop4/interbotix_ws/install/leo_with_interfaces/share/leo_with_interfaces/cmake/export_leo_with_interfaces__rosidl_typesupport_fastrtps_cExport.cmake
[2.281s] -- Up-to-date: /home/mscrobotics2425laptop4/interbotix_ws/install/leo_with_interfaces/share/leo_with_interfaces/cmake/export_leo_with_interfaces__rosidl_typesupport_fastrtps_cExport-noconfig.cmake
[2.281s] -- Up-to-date: /home/mscrobotics2425laptop4/interbotix_ws/install/leo_with_interfaces/share/leo_with_interfaces/cmake/export_leo_with_interfaces__rosidl_generator_cppExport.cmake
[2.281s] -- Up-to-date: /home/mscrobotics2425laptop4/interbotix_ws/install/leo_with_interfaces/share/leo_with_interfaces/cmake/export_leo_with_interfaces__rosidl_typesupport_fastrtps_cppExport.cmake
[2.282s] -- Up-to-date: /home/mscrobotics2425laptop4/interbotix_ws/install/leo_with_interfaces/share/leo_with_interfaces/cmake/export_leo_with_interfaces__rosidl_typesupport_fastrtps_cppExport-noconfig.cmake
[2.282s] -- Up-to-date: /home/mscrobotics2425laptop4/interbotix_ws/install/leo_with_interfaces/share/leo_with_interfaces/cmake/leo_with_interfaces__rosidl_typesupport_introspection_cExport.cmake
[2.282s] -- Up-to-date: /home/mscrobotics2425laptop4/interbotix_ws/install/leo_with_interfaces/share/leo_with_interfaces/cmake/leo_with_interfaces__rosidl_typesupport_introspection_cExport-noconfig.cmake
[2.282s] -- Up-to-date: /home/mscrobotics2425laptop4/interbotix_ws/install/leo_with_interfaces/share/leo_with_interfaces/cmake/leo_with_interfaces__rosidl_typesupport_cExport.cmake
[2.282s] -- Up-to-date: /home/mscrobotics2425laptop4/interbotix_ws/install/leo_with_interfaces/share/leo_with_interfaces/cmake/leo_with_interfaces__rosidl_typesupport_cExport-noconfig.cmake
[2.282s] -- Up-to-date: /home/mscrobotics2425laptop4/interbotix_ws/install/leo_with_interfaces/share/leo_with_interfaces/cmake/leo_with_interfaces__rosidl_typesupport_introspection_cppExport.cmake
[2.282s] -- Up-to-date: /home/mscrobotics2425laptop4/interbotix_ws/install/leo_with_interfaces/share/leo_with_interfaces/cmake/leo_with_interfaces__rosidl_typesupport_introspection_cppExport-noconfig.cmake
[2.282s] -- Up-to-date: /home/mscrobotics2425laptop4/interbotix_ws/install/leo_with_interfaces/share/leo_with_interfaces/cmake/leo_with_interfaces__rosidl_typesupport_cppExport.cmake
[2.283s] -- Up-to-date: /home/mscrobotics2425laptop4/interbotix_ws/install/leo_with_interfaces/share/leo_with_interfaces/cmake/leo_with_interfaces__rosidl_typesupport_cppExport-noconfig.cmake
[2.283s] -- Up-to-date: /home/mscrobotics2425laptop4/interbotix_ws/install/leo_with_interfaces/share/leo_with_interfaces/cmake/export_leo_with_interfaces__rosidl_generator_pyExport.cmake
[2.283s] -- Up-to-date: /home/mscrobotics2425laptop4/interbotix_ws/install/leo_with_interfaces/share/leo_with_interfaces/cmake/export_leo_with_interfaces__rosidl_generator_pyExport-noconfig.cmake
[2.283s] -- Up-to-date: /home/mscrobotics2425laptop4/interbotix_ws/install/leo_with_interfaces/share/leo_with_interfaces/cmake/rosidl_cmake-extras.cmake
[2.283s] -- Up-to-date: /home/mscrobotics2425laptop4/interbotix_ws/install/leo_with_interfaces/share/leo_with_interfaces/cmake/ament_cmake_export_dependencies-extras.cmake
[2.283s] -- Up-to-date: /home/mscrobotics2425laptop4/interbotix_ws/install/leo_with_interfaces/share/leo_with_interfaces/cmake/ament_cmake_export_include_directories-extras.cmake
[2.283s] -- Up-to-date: /home/mscrobotics2425laptop4/interbotix_ws/install/leo_with_interfaces/share/leo_with_interfaces/cmake/ament_cmake_export_libraries-extras.cmake
[2.283s] -- Up-to-date: /home/mscrobotics2425laptop4/interbotix_ws/install/leo_with_interfaces/share/leo_with_interfaces/cmake/ament_cmake_export_targets-extras.cmake
[2.283s] -- Up-to-date: /home/mscrobotics2425laptop4/interbotix_ws/install/leo_with_interfaces/share/leo_with_interfaces/cmake/rosidl_cmake_export_typesupport_targets-extras.cmake
[2.283s] -- Up-to-date: /home/mscrobotics2425laptop4/interbotix_ws/install/leo_with_interfaces/share/leo_with_interfaces/cmake/rosidl_cmake_export_typesupport_libraries-extras.cmake
[2.284s] -- Up-to-date: /home/mscrobotics2425laptop4/interbotix_ws/install/leo_with_interfaces/share/leo_with_interfaces/cmake/leo_with_interfacesConfig.cmake
[2.284s] -- Up-to-date: /home/mscrobotics2425laptop4/interbotix_ws/install/leo_with_interfaces/share/leo_with_interfaces/cmake/leo_with_interfacesConfig-version.cmake
[2.284s] -- Up-to-date: /home/mscrobotics2425laptop4/interbotix_ws/install/leo_with_interfaces/share/leo_with_interfaces/package.xml
[2.409s] Invoked command in '/home/mscrobotics2425laptop4/interbotix_ws/build/leo_with_interfaces' returned '0': CMAKE_PREFIX_PATH=${CMAKE_PREFIX_PATH}:/home/mscrobotics2425laptop4/interbotix_ws/install/ros_cv_messages:/home/mscrobotics2425laptop4/interbotix_ws/install/leo_realsense:/home/mscrobotics2425laptop4/interbotix_ws/install/leo_manipulator:/home/mscrobotics2425laptop4/interbotix_ws/install/leo_main:/home/mscrobotics2425laptop4/interbotix_ws/install/leo_launch:/home/mscrobotics2425laptop4/interbotix_ws/install/interbotix_xs_modules:/home/mscrobotics2425laptop4/interbotix_ws/install/interbotix_perception_modules:/home/mscrobotics2425laptop4/interbotix_ws/install/interbotix_common_modules:/opt/ros/humble /usr/bin/cmake --install /home/mscrobotics2425laptop4/interbotix_ws/build/leo_with_interfaces
