[0.371s] Invoking command in '/home/leorover-group9/opencv_ros/camera_open': PYTHONPATH=/home/leorover-group9/opencv_ros/build/camera_open/prefix_override:/usr/lib/python3/dist-packages/colcon_core/task/python/colcon_distutils_commands:/home/leorover-group9/opencv_ros/install/camera_open/lib/python3.10/site-packages:${PYTHONPATH} /usr/bin/python3 -W ignore:setup.py install is deprecated setup.py egg_info --egg-base ../build/camera_open build --build-base /home/leorover-group9/opencv_ros/build/camera_open/build install --record /home/leorover-group9/opencv_ros/build/camera_open/install.log --single-version-externally-managed install_data
[0.493s] running egg_info
[0.493s] writing ../build/camera_open/camera_open.egg-info/PKG-INFO
[0.494s] writing dependency_links to ../build/camera_open/camera_open.egg-info/dependency_links.txt
[0.494s] writing entry points to ../build/camera_open/camera_open.egg-info/entry_points.txt
[0.494s] writing requirements to ../build/camera_open/camera_open.egg-info/requires.txt
[0.494s] writing top-level names to ../build/camera_open/camera_open.egg-info/top_level.txt
[0.495s] reading manifest file '../build/camera_open/camera_open.egg-info/SOURCES.txt'
[0.495s] writing manifest file '../build/camera_open/camera_open.egg-info/SOURCES.txt'
[0.495s] running build
[0.495s] running build_py
[0.496s] copying camera_open/color_detection.py -> /home/leorover-group9/opencv_ros/build/camera_open/build/lib/camera_open
[0.496s] running install
[0.496s] running install_lib
[0.497s] copying /home/leorover-group9/opencv_ros/build/camera_open/build/lib/camera_open/color_detection.py -> /home/leorover-group9/opencv_ros/install/camera_open/lib/python3.10/site-packages/camera_open
[0.497s] byte-compiling /home/leorover-group9/opencv_ros/install/camera_open/lib/python3.10/site-packages/camera_open/color_detection.py to color_detection.cpython-310.pyc
[0.497s] running install_data
[0.497s] running install_egg_info
[0.499s] removing '/home/leorover-group9/opencv_ros/install/camera_open/lib/python3.10/site-packages/camera_open-0.0.0-py3.10.egg-info' (and everything under it)
[0.499s] Copying ../build/camera_open/camera_open.egg-info to /home/leorover-group9/opencv_ros/install/camera_open/lib/python3.10/site-packages/camera_open-0.0.0-py3.10.egg-info
[0.499s] running install_scripts
[0.510s] Installing color_detection script to /home/leorover-group9/opencv_ros/install/camera_open/lib/camera_open
[0.511s] writing list of installed files to '/home/leorover-group9/opencv_ros/build/camera_open/install.log'
[0.523s] Invoked command in '/home/leorover-group9/opencv_ros/camera_open' returned '0': PYTHONPATH=/home/leorover-group9/opencv_ros/build/camera_open/prefix_override:/usr/lib/python3/dist-packages/colcon_core/task/python/colcon_distutils_commands:/home/leorover-group9/opencv_ros/install/camera_open/lib/python3.10/site-packages:${PYTHONPATH} /usr/bin/python3 -W ignore:setup.py install is deprecated setup.py egg_info --egg-base ../build/camera_open build --build-base /home/leorover-group9/opencv_ros/build/camera_open/build install --record /home/leorover-group9/opencv_ros/build/camera_open/install.log --single-version-externally-managed install_data
