[1.185s] Invoking command in '/home/mscrobotics2425laptop4/LEO-ROVER-CODING/Final_nav/src/nav_final': PYTHONPATH=/home/mscrobotics2425laptop4/LEO-ROVER-CODING/build/nav_final/prefix_override:/usr/lib/python3/dist-packages/colcon_core/task/python/colcon_distutils_commands:/home/mscrobotics2425laptop4/LEO-ROVER-CODING/install/nav_final/lib/python3.10/site-packages:${PYTHONPATH} /usr/bin/python3 -W ignore:setup.py install is deprecated -W ignore:easy_install command is deprecated setup.py egg_info --egg-base ../../../build/nav_final build --build-base /home/mscrobotics2425laptop4/LEO-ROVER-CODING/build/nav_final/build install --record /home/mscrobotics2425laptop4/LEO-ROVER-CODING/build/nav_final/install.log --single-version-externally-managed install_data
[1.460s] running egg_info
[1.460s] writing ../../../build/nav_final/nav_final.egg-info/PKG-INFO
[1.461s] writing dependency_links to ../../../build/nav_final/nav_final.egg-info/dependency_links.txt
[1.461s] writing entry points to ../../../build/nav_final/nav_final.egg-info/entry_points.txt
[1.461s] writing requirements to ../../../build/nav_final/nav_final.egg-info/requires.txt
[1.461s] writing top-level names to ../../../build/nav_final/nav_final.egg-info/top_level.txt
[1.463s] reading manifest file '../../../build/nav_final/nav_final.egg-info/SOURCES.txt'
[1.464s] writing manifest file '../../../build/nav_final/nav_final.egg-info/SOURCES.txt'
[1.464s] running build
[1.464s] running build_py
[1.464s] running install
[1.465s] running install_lib
[1.466s] running install_data
[1.467s] running install_egg_info
[1.469s] removing '/home/mscrobotics2425laptop4/LEO-ROVER-CODING/install/nav_final/lib/python3.10/site-packages/nav_final-0.0.0-py3.10.egg-info' (and everything under it)
[1.470s] Copying ../../../build/nav_final/nav_final.egg-info to /home/mscrobotics2425laptop4/LEO-ROVER-CODING/install/nav_final/lib/python3.10/site-packages/nav_final-0.0.0-py3.10.egg-info
[1.470s] running install_scripts
[1.489s] writing list of installed files to '/home/mscrobotics2425laptop4/LEO-ROVER-CODING/build/nav_final/install.log'
[1.971s] Invoked command in '/home/mscrobotics2425laptop4/LEO-ROVER-CODING/Final_nav/src/nav_final' returned '0': PYTHONPATH=/home/mscrobotics2425laptop4/LEO-ROVER-CODING/build/nav_final/prefix_override:/usr/lib/python3/dist-packages/colcon_core/task/python/colcon_distutils_commands:/home/mscrobotics2425laptop4/LEO-ROVER-CODING/install/nav_final/lib/python3.10/site-packages:${PYTHONPATH} /usr/bin/python3 -W ignore:setup.py install is deprecated -W ignore:easy_install command is deprecated setup.py egg_info --egg-base ../../../build/nav_final build --build-base /home/mscrobotics2425laptop4/LEO-ROVER-CODING/build/nav_final/build install --record /home/mscrobotics2425laptop4/LEO-ROVER-CODING/build/nav_final/install.log --single-version-externally-managed install_data
