[0.633s] Invoking command in '/home/mscrobotics2425laptop4/interbotix_ws/build/moveit_visual_tools': CMAKE_PREFIX_PATH=${CMAKE_PREFIX_PATH}:/opt/ros/humble /usr/bin/cmake /home/mscrobotics2425laptop4/interbotix_ws/src/moveit_visual_tools -DCMAKE_INSTALL_PREFIX=/home/mscrobotics2425laptop4/interbotix_ws/install/moveit_visual_tools
[0.815s] -- The C compiler identification is GNU 11.4.0
[0.946s] -- The CXX compiler identification is GNU 11.4.0
[0.971s] -- Detecting C compiler ABI info
[1.154s] -- Detecting C compiler ABI info - done
[1.194s] -- Check for working C compiler: /usr/bin/cc - skipped
[1.195s] -- Detecting C compile features
[1.197s] -- Detecting C compile features - done
[1.208s] -- Detecting CXX compiler ABI info
[1.425s] -- Detecting CXX compiler ABI info - done
[1.443s] -- Check for working CXX compiler: /usr/bin/c++ - skipped
[1.444s] -- Detecting CXX compile features
[1.445s] -- Detecting CXX compile features - done
[1.450s] -- Found moveit_common: 2.5.8 (/opt/ros/humble/share/moveit_common/cmake)
[1.454s] -- Found ament_cmake: 1.3.11 (/opt/ros/humble/share/ament_cmake/cmake)
[1.946s] -- Found Python3: /usr/bin/python3 (found version "3.10.12") found components: Interpreter 
[2.424s] [0mmoveit_visual_tools: You did not request a specific build type: Choosing 'Release' for maximum performance[0m
[2.458s] -- Found Boost: /usr/lib/x86_64-linux-gnu/cmake/Boost-1.74.0/BoostConfig.cmake (found version "1.74.0") found components: system 
[2.496s] -- Found geometry_msgs: 4.2.4 (/opt/ros/humble/share/geometry_msgs/cmake)
[2.606s] -- Found rosidl_generator_c: 3.1.6 (/opt/ros/humble/share/rosidl_generator_c/cmake)
[2.621s] -- Found rosidl_adapter: 3.1.6 (/opt/ros/humble/share/rosidl_adapter/cmake)
[2.651s] -- Found rosidl_generator_cpp: 3.1.6 (/opt/ros/humble/share/rosidl_generator_cpp/cmake)
[2.697s] -- Using all available rosidl_typesupport_c: rosidl_typesupport_fastrtps_c;rosidl_typesupport_introspection_c
[2.740s] -- Using all available rosidl_typesupport_cpp: rosidl_typesupport_fastrtps_cpp;rosidl_typesupport_introspection_cpp
[2.862s] -- Found graph_msgs: 0.2.0 (/opt/ros/humble/share/graph_msgs/cmake)
[2.915s] -- Found moveit_core: 2.5.8 (/opt/ros/humble/share/moveit_core/cmake)
[3.519s] -- Found Boost: /usr/lib/x86_64-linux-gnu/cmake/Boost-1.74.0/BoostConfig.cmake (found version "1.74.0") found components: chrono date_time filesystem iostreams program_options regex serialization system thread 
[3.646s] -- Found parameter_traits: 0.4.0 (/opt/ros/humble/share/parameter_traits/cmake)
[3.790s] -- Found rmw_implementation_cmake: 6.1.2 (/opt/ros/humble/share/rmw_implementation_cmake/cmake)
[3.796s] -- Found rmw_fastrtps_cpp: 6.2.7 (/opt/ros/humble/share/rmw_fastrtps_cpp/cmake)
[4.013s] -- Found OpenSSL: /usr/lib/x86_64-linux-gnu/libcrypto.so (found version "3.0.2")  
[4.085s] -- Found FastRTPS: /opt/ros/humble/include  
[4.200s] -- Using RMW implementation 'rmw_fastrtps_cpp' as default
[4.228s] -- Found Threads: TRUE  
[4.350s] -- Found Eigen3: TRUE (found version "3.4.0") 
[4.366s] -- Found rclcpp_lifecycle: 16.0.11 (/opt/ros/humble/share/rclcpp_lifecycle/cmake)
[4.456s] -- Found Boost: /usr/lib/x86_64-linux-gnu/cmake/Boost-1.74.0/BoostConfig.cmake (found version "1.74.0") found components: filesystem 
[4.712s] -- library: /usr/lib/x86_64-linux-gnu/libcurl.so
[4.919s] -- Ensuring Eigen3 include directory is part of orocos-kdl CMake target
[5.641s] -- Found moveit_ros_planning: 2.5.8 (/opt/ros/humble/share/moveit_ros_planning/cmake)
[5.661s] -- Found Boost: /usr/lib/x86_64-linux-gnu/cmake/Boost-1.74.0/BoostConfig.cmake (found version "1.74.0") found components: system filesystem date_time program_options thread chrono 
[5.718s] -- Found rviz_visual_tools: 4.1.4 (/opt/ros/humble/share/rviz_visual_tools/cmake)
[5.917s] -- Setting assimp_DIR to: '/opt/ros/humble/share/rviz_assimp_vendor/cmake/../../../opt/rviz_assimp_vendor/lib/cmake/assimp-4.1'
[5.968s] -- Setting OGRE_DIR to: '/opt/ros/humble/share/rviz_ogre_vendor/cmake/../../../opt/rviz_ogre_vendor/lib/OGRE/cmake'
[5.978s] -- Found OGRE
[5.978s] --   static     : OFF
[5.978s] --   components : HLMS;MeshLodGenerator;Overlay;Paging;Property;RTShaderSystem;Terrain;Volume
[5.978s] --   plugins    : Plugin_BSPSceneManager;Plugin_OctreeSceneManager;Plugin_PCZSceneManager;Plugin_ParticleFX;RenderSystem_GL;RenderSystem_GL3Plus;Codec_STBI
[5.979s] --   media      : /opt/ros/humble/opt/rviz_ogre_vendor/share/OGRE/Media
[5.979s] -- OGRE_LIBRARIES: OgreHLMS;OgreMeshLodGenerator;OgreOverlay;OgrePaging;OgreProperty;OgreRTShaderSystem;OgreTerrain;OgreVolume;OgreMain
[5.979s] -- OGRE_LIBRARY_DIRS: /opt/ros/humble/opt/rviz_ogre_vendor/lib
[5.979s] -- OGRE_PLUGINS: Plugin_BSPSceneManager;Plugin_OctreeSceneManager;Plugin_PCZSceneManager;Plugin_ParticleFX;RenderSystem_GL;RenderSystem_GL3Plus;Codec_STBI
[5.979s] -- OGRE_PLUGIN_DIR: /opt/ros/humble/opt/rviz_ogre_vendor/lib/OGRE
[5.979s] -- rviz_ogre_vendor::OgreOverlay for IMPORTED_LOCATION_RELEASE: /opt/ros/humble/opt/rviz_ogre_vendor/lib/libOgreOverlay.so
[5.980s] -- rviz_ogre_vendor::OgreOverlay for IMPORTED_LOCATION_DEBUG: /opt/ros/humble/opt/rviz_ogre_vendor/lib/libOgreOverlay.so
[5.981s] -- rviz_ogre_vendor::OgreMain for IMPORTED_LOCATION_RELEASE: /opt/ros/humble/opt/rviz_ogre_vendor/lib/libOgreMain.so
[5.981s] -- rviz_ogre_vendor::OgreMain for IMPORTED_LOCATION_DEBUG: /opt/ros/humble/opt/rviz_ogre_vendor/lib/libOgreMain.so
[6.050s] -- Found ZLIB: /usr/lib/x86_64-linux-gnu/libz.so (found version "1.2.11") 
[6.071s] -- Found OpenGL: /usr/lib/x86_64-linux-gnu/libOpenGL.so   
[6.422s] -- Found X11: /usr/include   
[6.422s] -- Looking for XOpenDisplay in /usr/lib/x86_64-linux-gnu/libX11.so;/usr/lib/x86_64-linux-gnu/libXext.so
[6.725s] -- Looking for XOpenDisplay in /usr/lib/x86_64-linux-gnu/libX11.so;/usr/lib/x86_64-linux-gnu/libXext.so - found
[6.726s] -- Looking for gethostbyname
[7.031s] -- Looking for gethostbyname - found
[7.031s] -- Looking for connect
[7.318s] -- Looking for connect - found
[7.318s] -- Looking for remove
[7.688s] -- Looking for remove - found
[7.693s] -- Looking for shmat
[8.327s] -- Looking for shmat - found
[8.328s] -- Looking for IceConnectionNumber in ICE
[8.880s] -- Looking for IceConnectionNumber in ICE - found
[9.525s] -- Found ament_lint_auto: 0.12.11 (/opt/ros/humble/share/ament_lint_auto/cmake)
[9.589s] -- Added test 'copyright' to check source files copyright and LICENSE
[9.591s] -- Added test 'flake8' to check Python code syntax and style conventions
[9.599s] -- Added test 'lint_cmake' to check CMake code style
[9.606s] -- Added test 'pep257' to check Python code against some of the docstring style conventions in PEP 257
[9.618s] -- Added test 'xmllint' to check XML markup files
[9.621s] -- Configuring done
[9.962s] -- Generating done
[10.012s] -- Build files have been written to: /home/mscrobotics2425laptop4/interbotix_ws/build/moveit_visual_tools
[10.073s] Invoked command in '/home/mscrobotics2425laptop4/interbotix_ws/build/moveit_visual_tools' returned '0': CMAKE_PREFIX_PATH=${CMAKE_PREFIX_PATH}:/opt/ros/humble /usr/bin/cmake /home/mscrobotics2425laptop4/interbotix_ws/src/moveit_visual_tools -DCMAKE_INSTALL_PREFIX=/home/mscrobotics2425laptop4/interbotix_ws/install/moveit_visual_tools
[10.106s] Invoking command in '/home/mscrobotics2425laptop4/interbotix_ws/build/moveit_visual_tools': CMAKE_PREFIX_PATH=${CMAKE_PREFIX_PATH}:/opt/ros/humble /usr/bin/cmake --build /home/mscrobotics2425laptop4/interbotix_ws/build/moveit_visual_tools -- -j12 -l12
[10.444s] [ 16%] [32mBuilding CXX object CMakeFiles/moveit_visual_tools.dir/src/moveit_visual_tools.cpp.o[0m
[10.447s] [ 33%] [32mBuilding CXX object CMakeFiles/moveit_visual_tools.dir/src/imarker_robot_state.cpp.o[0m
[10.457s] [ 50%] [32mBuilding CXX object CMakeFiles/moveit_visual_tools.dir/src/imarker_end_effector.cpp.o[0m
[54.876s] [ 66%] [32m[1mLinking CXX shared library libmoveit_visual_tools.so[0m
[55.679s] [ 66%] Built target moveit_visual_tools
[55.721s] [ 83%] [32mBuilding CXX object CMakeFiles/moveit_visual_tools_demo.dir/src/moveit_visual_tools_demo.cpp.o[0m
[82.451s] [100%] [32m[1mLinking CXX executable moveit_visual_tools_demo[0m
[83.036s] [100%] Built target moveit_visual_tools_demo
[83.055s] Invoked command in '/home/mscrobotics2425laptop4/interbotix_ws/build/moveit_visual_tools' returned '0': CMAKE_PREFIX_PATH=${CMAKE_PREFIX_PATH}:/opt/ros/humble /usr/bin/cmake --build /home/mscrobotics2425laptop4/interbotix_ws/build/moveit_visual_tools -- -j12 -l12
[83.063s] Invoking command in '/home/mscrobotics2425laptop4/interbotix_ws/build/moveit_visual_tools': CMAKE_PREFIX_PATH=${CMAKE_PREFIX_PATH}:/opt/ros/humble /usr/bin/cmake --install /home/mscrobotics2425laptop4/interbotix_ws/build/moveit_visual_tools
[83.085s] -- Install configuration: "Release"
[83.085s] -- Installing: /home/mscrobotics2425laptop4/interbotix_ws/install/moveit_visual_tools/share/moveit_visual_tools/environment/library_path.sh
[83.085s] -- Installing: /home/mscrobotics2425laptop4/interbotix_ws/install/moveit_visual_tools/share/moveit_visual_tools/environment/library_path.dsv
[83.085s] -- Installing: /home/mscrobotics2425laptop4/interbotix_ws/install/moveit_visual_tools/lib/libmoveit_visual_tools.so
[83.088s] -- Set runtime path of "/home/mscrobotics2425laptop4/interbotix_ws/install/moveit_visual_tools/lib/libmoveit_visual_tools.so" to ""
[83.089s] -- Installing: /home/mscrobotics2425laptop4/interbotix_ws/install/moveit_visual_tools/lib/moveit_visual_tools/moveit_visual_tools_demo
[83.090s] -- Set runtime path of "/home/mscrobotics2425laptop4/interbotix_ws/install/moveit_visual_tools/lib/moveit_visual_tools/moveit_visual_tools_demo" to ""
[83.091s] -- Installing: /home/mscrobotics2425laptop4/interbotix_ws/install/moveit_visual_tools/include
[83.091s] -- Installing: /home/mscrobotics2425laptop4/interbotix_ws/install/moveit_visual_tools/include/moveit_visual_tools
[83.092s] -- Installing: /home/mscrobotics2425laptop4/interbotix_ws/install/moveit_visual_tools/include/moveit_visual_tools/imarker_end_effector.h
[83.092s] -- Installing: /home/mscrobotics2425laptop4/interbotix_ws/install/moveit_visual_tools/include/moveit_visual_tools/moveit_visual_tools.h
[83.093s] -- Installing: /home/mscrobotics2425laptop4/interbotix_ws/install/moveit_visual_tools/include/moveit_visual_tools/imarker_robot_state.h
[83.093s] -- Installing: /home/mscrobotics2425laptop4/interbotix_ws/install/moveit_visual_tools/share/moveit_visual_tools/launch
[83.094s] -- Installing: /home/mscrobotics2425laptop4/interbotix_ws/install/moveit_visual_tools/share/moveit_visual_tools/launch/demo_rviz.launch.py
[83.095s] -- Installing: /home/mscrobotics2425laptop4/interbotix_ws/install/moveit_visual_tools/share/moveit_visual_tools/launch/demo.rviz
[83.097s] -- Installing: /home/mscrobotics2425laptop4/interbotix_ws/install/moveit_visual_tools/share/moveit_visual_tools/resources
[83.098s] -- Installing: /home/mscrobotics2425laptop4/interbotix_ws/install/moveit_visual_tools/share/moveit_visual_tools/resources/demo.png
[83.100s] -- Installing: /home/mscrobotics2425laptop4/interbotix_ws/install/moveit_visual_tools/share/moveit_visual_tools/resources/rrbot.srdf
[83.100s] -- Installing: /home/mscrobotics2425laptop4/interbotix_ws/install/moveit_visual_tools/share/moveit_visual_tools/resources/screenshot.png
[83.100s] -- Installing: /home/mscrobotics2425laptop4/interbotix_ws/install/moveit_visual_tools/share/moveit_visual_tools/resources/demo_mesh.stl
[83.101s] -- Installing: /home/mscrobotics2425laptop4/interbotix_ws/install/moveit_visual_tools/share/moveit_visual_tools/resources/rrbot.urdf
[83.101s] -- Installing: /home/mscrobotics2425laptop4/interbotix_ws/install/moveit_visual_tools/share/ament_index/resource_index/package_run_dependencies/moveit_visual_tools
[83.101s] -- Installing: /home/mscrobotics2425laptop4/interbotix_ws/install/moveit_visual_tools/share/ament_index/resource_index/parent_prefix_path/moveit_visual_tools
[83.101s] -- Installing: /home/mscrobotics2425laptop4/interbotix_ws/install/moveit_visual_tools/share/moveit_visual_tools/environment/ament_prefix_path.sh
[83.102s] -- Installing: /home/mscrobotics2425laptop4/interbotix_ws/install/moveit_visual_tools/share/moveit_visual_tools/environment/ament_prefix_path.dsv
[83.102s] -- Installing: /home/mscrobotics2425laptop4/interbotix_ws/install/moveit_visual_tools/share/moveit_visual_tools/environment/path.sh
[83.103s] -- Installing: /home/mscrobotics2425laptop4/interbotix_ws/install/moveit_visual_tools/share/moveit_visual_tools/environment/path.dsv
[83.103s] -- Installing: /home/mscrobotics2425laptop4/interbotix_ws/install/moveit_visual_tools/share/moveit_visual_tools/local_setup.bash
[83.103s] -- Installing: /home/mscrobotics2425laptop4/interbotix_ws/install/moveit_visual_tools/share/moveit_visual_tools/local_setup.sh
[83.104s] -- Installing: /home/mscrobotics2425laptop4/interbotix_ws/install/moveit_visual_tools/share/moveit_visual_tools/local_setup.zsh
[83.104s] -- Installing: /home/mscrobotics2425laptop4/interbotix_ws/install/moveit_visual_tools/share/moveit_visual_tools/local_setup.dsv
[83.104s] -- Installing: /home/mscrobotics2425laptop4/interbotix_ws/install/moveit_visual_tools/share/moveit_visual_tools/package.dsv
[83.105s] -- Installing: /home/mscrobotics2425laptop4/interbotix_ws/install/moveit_visual_tools/share/ament_index/resource_index/packages/moveit_visual_tools
[83.105s] -- Installing: /home/mscrobotics2425laptop4/interbotix_ws/install/moveit_visual_tools/share/moveit_visual_tools/cmake/export_moveit_visual_toolsExport.cmake
[83.105s] -- Installing: /home/mscrobotics2425laptop4/interbotix_ws/install/moveit_visual_tools/share/moveit_visual_tools/cmake/export_moveit_visual_toolsExport-release.cmake
[83.105s] -- Installing: /home/mscrobotics2425laptop4/interbotix_ws/install/moveit_visual_tools/share/moveit_visual_tools/cmake/ament_cmake_export_targets-extras.cmake
[83.105s] -- Installing: /home/mscrobotics2425laptop4/interbotix_ws/install/moveit_visual_tools/share/moveit_visual_tools/cmake/ament_cmake_export_dependencies-extras.cmake
[83.105s] -- Installing: /home/mscrobotics2425laptop4/interbotix_ws/install/moveit_visual_tools/share/moveit_visual_tools/cmake/moveit_visual_toolsConfig.cmake
[83.106s] -- Installing: /home/mscrobotics2425laptop4/interbotix_ws/install/moveit_visual_tools/share/moveit_visual_tools/cmake/moveit_visual_toolsConfig-version.cmake
[83.107s] -- Installing: /home/mscrobotics2425laptop4/interbotix_ws/install/moveit_visual_tools/share/moveit_visual_tools/package.xml
[83.110s] Invoked command in '/home/mscrobotics2425laptop4/interbotix_ws/build/moveit_visual_tools' returned '0': CMAKE_PREFIX_PATH=${CMAKE_PREFIX_PATH}:/opt/ros/humble /usr/bin/cmake --install /home/mscrobotics2425laptop4/interbotix_ws/build/moveit_visual_tools
