[1.131s] Invoking command in '/home/mscrobotics2425laptop4/LEO-ROVER-CODING/interbotix_ws/src/leo_main': AMENT_PREFIX_PATH=/home/mscrobotics2425laptop4/LEO-ROVER-CODING/install/interbotix_xs_modules:/home/mscrobotics2425laptop4/LEO-ROVER-CODING/install/interbotix_xs_sdk:/home/mscrobotics2425laptop4/LEO-ROVER-CODING/install/interbotix_xs_driver:/home/mscrobotics2425laptop4/LEO-ROVER-CODING/install/leo_with_interfaces:/home/mscrobotics2425laptop4/LEO-ROVER-CODING/install/interbotix_xs_msgs:/home/mscrobotics2425laptop4/LEO-ROVER-CODING/install/interbotix_common_modules:/home/mscrobotics2425laptop4/LEO-ROVER-CODING/install/dynamixel_workbench_toolbox:${AMENT_PREFIX_PATH} CMAKE_PREFIX_PATH=/home/mscrobotics2425laptop4/LEO-ROVER-CODING/install/interbotix_xs_sdk:/home/mscrobotics2425laptop4/LEO-ROVER-CODING/install/interbotix_xs_driver:/home/mscrobotics2425laptop4/LEO-ROVER-CODING/install/leo_with_interfaces:/home/mscrobotics2425laptop4/LEO-ROVER-CODING/install/interbotix_xs_msgs:/home/mscrobotics2425laptop4/LEO-ROVER-CODING/install/dynamixel_workbench_toolbox:${CMAKE_PREFIX_PATH} LD_LIBRARY_PATH=/home/mscrobotics2425laptop4/LEO-ROVER-CODING/install/interbotix_xs_driver/lib:/home/mscrobotics2425laptop4/LEO-ROVER-CODING/install/leo_with_interfaces/lib:/home/mscrobotics2425laptop4/LEO-ROVER-CODING/install/interbotix_xs_msgs/lib:/home/mscrobotics2425laptop4/LEO-ROVER-CODING/install/dynamixel_workbench_toolbox/lib:${LD_LIBRARY_PATH} PYTHONPATH=/home/mscrobotics2425laptop4/LEO-ROVER-CODING/build/leo_main/prefix_override:/usr/lib/python3/dist-packages/colcon_core/task/python/colcon_distutils_commands:/home/mscrobotics2425laptop4/LEO-ROVER-CODING/install/leo_main/lib/python3.10/site-packages:/home/mscrobotics2425laptop4/LEO-ROVER-CODING/install/interbotix_xs_modules/lib/python3.10/site-packages:/home/mscrobotics2425laptop4/LEO-ROVER-CODING/install/leo_with_interfaces/local/lib/python3.10/dist-packages:/home/mscrobotics2425laptop4/LEO-ROVER-CODING/install/interbotix_xs_msgs/local/lib/python3.10/dist-packages:/home/mscrobotics2425laptop4/LEO-ROVER-CODING/install/interbotix_common_modules/lib/python3.10/site-packages:${PYTHONPATH} /usr/bin/python3 -W ignore:setup.py install is deprecated -W ignore:easy_install command is deprecated setup.py egg_info --egg-base ../../../build/leo_main build --build-base /home/mscrobotics2425laptop4/LEO-ROVER-CODING/build/leo_main/build install --record /home/mscrobotics2425laptop4/LEO-ROVER-CODING/build/leo_main/install.log --single-version-externally-managed install_data
[1.344s] running egg_info
[1.345s] creating ../../../build/leo_main/leo_main.egg-info
[1.345s] writing ../../../build/leo_main/leo_main.egg-info/PKG-INFO
[1.345s] writing dependency_links to ../../../build/leo_main/leo_main.egg-info/dependency_links.txt
[1.345s] writing entry points to ../../../build/leo_main/leo_main.egg-info/entry_points.txt
[1.346s] writing requirements to ../../../build/leo_main/leo_main.egg-info/requires.txt
[1.346s] writing top-level names to ../../../build/leo_main/leo_main.egg-info/top_level.txt
[1.346s] writing manifest file '../../../build/leo_main/leo_main.egg-info/SOURCES.txt'
[1.349s] reading manifest file '../../../build/leo_main/leo_main.egg-info/SOURCES.txt'
[1.349s] writing manifest file '../../../build/leo_main/leo_main.egg-info/SOURCES.txt'
[1.349s] running build
[1.349s] running build_py
[1.349s] creating /home/mscrobotics2425laptop4/LEO-ROVER-CODING/build/leo_main/build
[1.349s] creating /home/mscrobotics2425laptop4/LEO-ROVER-CODING/build/leo_main/build/lib
[1.350s] creating /home/mscrobotics2425laptop4/LEO-ROVER-CODING/build/leo_main/build/lib/leo_main
[1.350s] copying leo_main/__init__.py -> /home/mscrobotics2425laptop4/LEO-ROVER-CODING/build/leo_main/build/lib/leo_main
[1.350s] copying leo_main/central_node.py -> /home/mscrobotics2425laptop4/LEO-ROVER-CODING/build/leo_main/build/lib/leo_main
[1.350s] running install
[1.350s] running install_lib
[1.351s] creating /home/mscrobotics2425laptop4/LEO-ROVER-CODING/install/leo_main/lib/python3.10/site-packages/leo_main
[1.351s] copying /home/mscrobotics2425laptop4/LEO-ROVER-CODING/build/leo_main/build/lib/leo_main/__init__.py -> /home/mscrobotics2425laptop4/LEO-ROVER-CODING/install/leo_main/lib/python3.10/site-packages/leo_main
[1.351s] copying /home/mscrobotics2425laptop4/LEO-ROVER-CODING/build/leo_main/build/lib/leo_main/central_node.py -> /home/mscrobotics2425laptop4/LEO-ROVER-CODING/install/leo_main/lib/python3.10/site-packages/leo_main
[1.352s] byte-compiling /home/mscrobotics2425laptop4/LEO-ROVER-CODING/install/leo_main/lib/python3.10/site-packages/leo_main/__init__.py to __init__.cpython-310.pyc
[1.352s] byte-compiling /home/mscrobotics2425laptop4/LEO-ROVER-CODING/install/leo_main/lib/python3.10/site-packages/leo_main/central_node.py to central_node.cpython-310.pyc
[1.352s] running install_data
[1.352s] creating /home/mscrobotics2425laptop4/LEO-ROVER-CODING/install/leo_main/share/ament_index
[1.353s] creating /home/mscrobotics2425laptop4/LEO-ROVER-CODING/install/leo_main/share/ament_index/resource_index
[1.353s] creating /home/mscrobotics2425laptop4/LEO-ROVER-CODING/install/leo_main/share/ament_index/resource_index/packages
[1.353s] copying resource/leo_main -> /home/mscrobotics2425laptop4/LEO-ROVER-CODING/install/leo_main/share/ament_index/resource_index/packages
[1.353s] copying package.xml -> /home/mscrobotics2425laptop4/LEO-ROVER-CODING/install/leo_main/share/leo_main
[1.353s] running install_egg_info
[1.355s] Copying ../../../build/leo_main/leo_main.egg-info to /home/mscrobotics2425laptop4/LEO-ROVER-CODING/install/leo_main/lib/python3.10/site-packages/leo_main-0.0.0-py3.10.egg-info
[1.355s] running install_scripts
[1.383s] Installing central_node script to /home/mscrobotics2425laptop4/LEO-ROVER-CODING/install/leo_main/lib/leo_main
[1.384s] writing list of installed files to '/home/mscrobotics2425laptop4/LEO-ROVER-CODING/build/leo_main/install.log'
[1.421s] Invoked command in '/home/mscrobotics2425laptop4/LEO-ROVER-CODING/interbotix_ws/src/leo_main' returned '0': AMENT_PREFIX_PATH=/home/mscrobotics2425laptop4/LEO-ROVER-CODING/install/interbotix_xs_modules:/home/mscrobotics2425laptop4/LEO-ROVER-CODING/install/interbotix_xs_sdk:/home/mscrobotics2425laptop4/LEO-ROVER-CODING/install/interbotix_xs_driver:/home/mscrobotics2425laptop4/LEO-ROVER-CODING/install/leo_with_interfaces:/home/mscrobotics2425laptop4/LEO-ROVER-CODING/install/interbotix_xs_msgs:/home/mscrobotics2425laptop4/LEO-ROVER-CODING/install/interbotix_common_modules:/home/mscrobotics2425laptop4/LEO-ROVER-CODING/install/dynamixel_workbench_toolbox:${AMENT_PREFIX_PATH} CMAKE_PREFIX_PATH=/home/mscrobotics2425laptop4/LEO-ROVER-CODING/install/interbotix_xs_sdk:/home/mscrobotics2425laptop4/LEO-ROVER-CODING/install/interbotix_xs_driver:/home/mscrobotics2425laptop4/LEO-ROVER-CODING/install/leo_with_interfaces:/home/mscrobotics2425laptop4/LEO-ROVER-CODING/install/interbotix_xs_msgs:/home/mscrobotics2425laptop4/LEO-ROVER-CODING/install/dynamixel_workbench_toolbox:${CMAKE_PREFIX_PATH} LD_LIBRARY_PATH=/home/mscrobotics2425laptop4/LEO-ROVER-CODING/install/interbotix_xs_driver/lib:/home/mscrobotics2425laptop4/LEO-ROVER-CODING/install/leo_with_interfaces/lib:/home/mscrobotics2425laptop4/LEO-ROVER-CODING/install/interbotix_xs_msgs/lib:/home/mscrobotics2425laptop4/LEO-ROVER-CODING/install/dynamixel_workbench_toolbox/lib:${LD_LIBRARY_PATH} PYTHONPATH=/home/mscrobotics2425laptop4/LEO-ROVER-CODING/build/leo_main/prefix_override:/usr/lib/python3/dist-packages/colcon_core/task/python/colcon_distutils_commands:/home/mscrobotics2425laptop4/LEO-ROVER-CODING/install/leo_main/lib/python3.10/site-packages:/home/mscrobotics2425laptop4/LEO-ROVER-CODING/install/interbotix_xs_modules/lib/python3.10/site-packages:/home/mscrobotics2425laptop4/LEO-ROVER-CODING/install/leo_with_interfaces/local/lib/python3.10/dist-packages:/home/mscrobotics2425laptop4/LEO-ROVER-CODING/install/interbotix_xs_msgs/local/lib/python3.10/dist-packages:/home/mscrobotics2425laptop4/LEO-ROVER-CODING/install/interbotix_common_modules/lib/python3.10/site-packages:${PYTHONPATH} /usr/bin/python3 -W ignore:setup.py install is deprecated -W ignore:easy_install command is deprecated setup.py egg_info --egg-base ../../../build/leo_main build --build-base /home/mscrobotics2425laptop4/LEO-ROVER-CODING/build/leo_main/build install --record /home/mscrobotics2425laptop4/LEO-ROVER-CODING/build/leo_main/install.log --single-version-externally-managed install_data
