[1.884s] Invoking command in '/home/mscrobotics2425laptop4/interbotix_ws/src/interbotix_ros_toolboxes/interbotix_common_toolbox/interbotix_common_modules': PYTHONPATH=/home/mscrobotics2425laptop4/interbotix_ws/build/interbotix_common_modules/prefix_override:/usr/lib/python3/dist-packages/colcon_core/task/python/colcon_distutils_commands:/home/mscrobotics2425laptop4/interbotix_ws/install/interbotix_common_modules/lib/python3.10/site-packages:${PYTHONPATH} /usr/bin/python3 -W ignore:setup.py install is deprecated -W ignore:easy_install command is deprecated setup.py egg_info --egg-base ../../../../build/interbotix_common_modules build --build-base /home/mscrobotics2425laptop4/interbotix_ws/build/interbotix_common_modules/build install --record /home/mscrobotics2425laptop4/interbotix_ws/build/interbotix_common_modules/install.log --single-version-externally-managed install_data
[2.696s] running egg_info
[2.697s] creating ../../../../build/interbotix_common_modules/interbotix_common_modules.egg-info
[2.698s] writing ../../../../build/interbotix_common_modules/interbotix_common_modules.egg-info/PKG-INFO
[2.698s] writing dependency_links to ../../../../build/interbotix_common_modules/interbotix_common_modules.egg-info/dependency_links.txt
[2.699s] writing entry points to ../../../../build/interbotix_common_modules/interbotix_common_modules.egg-info/entry_points.txt
[2.699s] writing requirements to ../../../../build/interbotix_common_modules/interbotix_common_modules.egg-info/requires.txt
[2.700s] writing top-level names to ../../../../build/interbotix_common_modules/interbotix_common_modules.egg-info/top_level.txt
[2.701s] writing manifest file '../../../../build/interbotix_common_modules/interbotix_common_modules.egg-info/SOURCES.txt'
[2.710s] reading manifest file '../../../../build/interbotix_common_modules/interbotix_common_modules.egg-info/SOURCES.txt'
[2.710s] writing manifest file '../../../../build/interbotix_common_modules/interbotix_common_modules.egg-info/SOURCES.txt'
[2.712s] running build
[2.712s] running build_py
[2.716s] creating /home/mscrobotics2425laptop4/interbotix_ws/build/interbotix_common_modules/build
[2.716s] creating /home/mscrobotics2425laptop4/interbotix_ws/build/interbotix_common_modules/build/lib
[2.717s] creating /home/mscrobotics2425laptop4/interbotix_ws/build/interbotix_common_modules/build/lib/interbotix_common_modules
[2.718s] copying interbotix_common_modules/__init__.py -> /home/mscrobotics2425laptop4/interbotix_ws/build/interbotix_common_modules/build/lib/interbotix_common_modules
[2.718s] creating /home/mscrobotics2425laptop4/interbotix_ws/build/interbotix_common_modules/build/lib/interbotix_common_modules/common_robot
[2.719s] copying interbotix_common_modules/common_robot/robot.py -> /home/mscrobotics2425laptop4/interbotix_ws/build/interbotix_common_modules/build/lib/interbotix_common_modules/common_robot
[2.720s] copying interbotix_common_modules/common_robot/__init__.py -> /home/mscrobotics2425laptop4/interbotix_ws/build/interbotix_common_modules/build/lib/interbotix_common_modules/common_robot
[2.721s] copying interbotix_common_modules/common_robot/exceptions.py -> /home/mscrobotics2425laptop4/interbotix_ws/build/interbotix_common_modules/build/lib/interbotix_common_modules/common_robot
[2.726s] creating /home/mscrobotics2425laptop4/interbotix_ws/build/interbotix_common_modules/build/lib/interbotix_common_modules/angle_manipulation
[2.726s] copying interbotix_common_modules/angle_manipulation/angle_manipulation.py -> /home/mscrobotics2425laptop4/interbotix_ws/build/interbotix_common_modules/build/lib/interbotix_common_modules/angle_manipulation
[2.726s] copying interbotix_common_modules/angle_manipulation/__init__.py -> /home/mscrobotics2425laptop4/interbotix_ws/build/interbotix_common_modules/build/lib/interbotix_common_modules/angle_manipulation
[2.726s] creating /home/mscrobotics2425laptop4/interbotix_ws/build/interbotix_common_modules/build/lib/interbotix_common_modules/py_common
[2.727s] copying interbotix_common_modules/py_common/params.py -> /home/mscrobotics2425laptop4/interbotix_ws/build/interbotix_common_modules/build/lib/interbotix_common_modules/py_common
[2.727s] copying interbotix_common_modules/py_common/__init__.py -> /home/mscrobotics2425laptop4/interbotix_ws/build/interbotix_common_modules/build/lib/interbotix_common_modules/py_common
[2.727s] creating /home/mscrobotics2425laptop4/interbotix_ws/build/interbotix_common_modules/build/lib/interbotix_common_modules/launch
[2.727s] copying interbotix_common_modules/launch/or_condition.py -> /home/mscrobotics2425laptop4/interbotix_ws/build/interbotix_common_modules/build/lib/interbotix_common_modules/launch
[2.728s] copying interbotix_common_modules/launch/__init__.py -> /home/mscrobotics2425laptop4/interbotix_ws/build/interbotix_common_modules/build/lib/interbotix_common_modules/launch
[2.729s] copying interbotix_common_modules/launch/and_condition.py -> /home/mscrobotics2425laptop4/interbotix_ws/build/interbotix_common_modules/build/lib/interbotix_common_modules/launch
[2.729s] running install
[2.729s] running install_lib
[2.729s] creating /home/mscrobotics2425laptop4/interbotix_ws/install/interbotix_common_modules/lib/python3.10/site-packages/interbotix_common_modules
[2.733s] creating /home/mscrobotics2425laptop4/interbotix_ws/install/interbotix_common_modules/lib/python3.10/site-packages/interbotix_common_modules/common_robot
[2.734s] copying /home/mscrobotics2425laptop4/interbotix_ws/build/interbotix_common_modules/build/lib/interbotix_common_modules/common_robot/robot.py -> /home/mscrobotics2425laptop4/interbotix_ws/install/interbotix_common_modules/lib/python3.10/site-packages/interbotix_common_modules/common_robot
[2.734s] copying /home/mscrobotics2425laptop4/interbotix_ws/build/interbotix_common_modules/build/lib/interbotix_common_modules/common_robot/__init__.py -> /home/mscrobotics2425laptop4/interbotix_ws/install/interbotix_common_modules/lib/python3.10/site-packages/interbotix_common_modules/common_robot
[2.735s] copying /home/mscrobotics2425laptop4/interbotix_ws/build/interbotix_common_modules/build/lib/interbotix_common_modules/common_robot/exceptions.py -> /home/mscrobotics2425laptop4/interbotix_ws/install/interbotix_common_modules/lib/python3.10/site-packages/interbotix_common_modules/common_robot
[2.735s] creating /home/mscrobotics2425laptop4/interbotix_ws/install/interbotix_common_modules/lib/python3.10/site-packages/interbotix_common_modules/angle_manipulation
[2.735s] copying /home/mscrobotics2425laptop4/interbotix_ws/build/interbotix_common_modules/build/lib/interbotix_common_modules/angle_manipulation/angle_manipulation.py -> /home/mscrobotics2425laptop4/interbotix_ws/install/interbotix_common_modules/lib/python3.10/site-packages/interbotix_common_modules/angle_manipulation
[2.736s] copying /home/mscrobotics2425laptop4/interbotix_ws/build/interbotix_common_modules/build/lib/interbotix_common_modules/angle_manipulation/__init__.py -> /home/mscrobotics2425laptop4/interbotix_ws/install/interbotix_common_modules/lib/python3.10/site-packages/interbotix_common_modules/angle_manipulation
[2.736s] copying /home/mscrobotics2425laptop4/interbotix_ws/build/interbotix_common_modules/build/lib/interbotix_common_modules/__init__.py -> /home/mscrobotics2425laptop4/interbotix_ws/install/interbotix_common_modules/lib/python3.10/site-packages/interbotix_common_modules
[2.736s] creating /home/mscrobotics2425laptop4/interbotix_ws/install/interbotix_common_modules/lib/python3.10/site-packages/interbotix_common_modules/py_common
[2.737s] copying /home/mscrobotics2425laptop4/interbotix_ws/build/interbotix_common_modules/build/lib/interbotix_common_modules/py_common/params.py -> /home/mscrobotics2425laptop4/interbotix_ws/install/interbotix_common_modules/lib/python3.10/site-packages/interbotix_common_modules/py_common
[2.737s] copying /home/mscrobotics2425laptop4/interbotix_ws/build/interbotix_common_modules/build/lib/interbotix_common_modules/py_common/__init__.py -> /home/mscrobotics2425laptop4/interbotix_ws/install/interbotix_common_modules/lib/python3.10/site-packages/interbotix_common_modules/py_common
[2.738s] creating /home/mscrobotics2425laptop4/interbotix_ws/install/interbotix_common_modules/lib/python3.10/site-packages/interbotix_common_modules/launch
[2.738s] copying /home/mscrobotics2425laptop4/interbotix_ws/build/interbotix_common_modules/build/lib/interbotix_common_modules/launch/or_condition.py -> /home/mscrobotics2425laptop4/interbotix_ws/install/interbotix_common_modules/lib/python3.10/site-packages/interbotix_common_modules/launch
[2.739s] copying /home/mscrobotics2425laptop4/interbotix_ws/build/interbotix_common_modules/build/lib/interbotix_common_modules/launch/__init__.py -> /home/mscrobotics2425laptop4/interbotix_ws/install/interbotix_common_modules/lib/python3.10/site-packages/interbotix_common_modules/launch
[2.739s] copying /home/mscrobotics2425laptop4/interbotix_ws/build/interbotix_common_modules/build/lib/interbotix_common_modules/launch/and_condition.py -> /home/mscrobotics2425laptop4/interbotix_ws/install/interbotix_common_modules/lib/python3.10/site-packages/interbotix_common_modules/launch
[2.739s] byte-compiling /home/mscrobotics2425laptop4/interbotix_ws/install/interbotix_common_modules/lib/python3.10/site-packages/interbotix_common_modules/common_robot/robot.py to robot.cpython-310.pyc
[2.739s] byte-compiling /home/mscrobotics2425laptop4/interbotix_ws/install/interbotix_common_modules/lib/python3.10/site-packages/interbotix_common_modules/common_robot/__init__.py to __init__.cpython-310.pyc
[2.739s] byte-compiling /home/mscrobotics2425laptop4/interbotix_ws/install/interbotix_common_modules/lib/python3.10/site-packages/interbotix_common_modules/common_robot/exceptions.py to exceptions.cpython-310.pyc
[2.740s] byte-compiling /home/mscrobotics2425laptop4/interbotix_ws/install/interbotix_common_modules/lib/python3.10/site-packages/interbotix_common_modules/angle_manipulation/angle_manipulation.py to angle_manipulation.cpython-310.pyc
[2.740s] byte-compiling /home/mscrobotics2425laptop4/interbotix_ws/install/interbotix_common_modules/lib/python3.10/site-packages/interbotix_common_modules/angle_manipulation/__init__.py to __init__.cpython-310.pyc
[2.741s] byte-compiling /home/mscrobotics2425laptop4/interbotix_ws/install/interbotix_common_modules/lib/python3.10/site-packages/interbotix_common_modules/__init__.py to __init__.cpython-310.pyc
[2.742s] byte-compiling /home/mscrobotics2425laptop4/interbotix_ws/install/interbotix_common_modules/lib/python3.10/site-packages/interbotix_common_modules/py_common/params.py to params.cpython-310.pyc
[2.744s] byte-compiling /home/mscrobotics2425laptop4/interbotix_ws/install/interbotix_common_modules/lib/python3.10/site-packages/interbotix_common_modules/py_common/__init__.py to __init__.cpython-310.pyc
[2.744s] byte-compiling /home/mscrobotics2425laptop4/interbotix_ws/install/interbotix_common_modules/lib/python3.10/site-packages/interbotix_common_modules/launch/or_condition.py to or_condition.cpython-310.pyc
[2.746s] byte-compiling /home/mscrobotics2425laptop4/interbotix_ws/install/interbotix_common_modules/lib/python3.10/site-packages/interbotix_common_modules/launch/__init__.py to __init__.cpython-310.pyc
[2.747s] byte-compiling /home/mscrobotics2425laptop4/interbotix_ws/install/interbotix_common_modules/lib/python3.10/site-packages/interbotix_common_modules/launch/and_condition.py to and_condition.cpython-310.pyc
[2.748s] running install_data
[2.748s] creating /home/mscrobotics2425laptop4/interbotix_ws/install/interbotix_common_modules/share/ament_index
[2.748s] creating /home/mscrobotics2425laptop4/interbotix_ws/install/interbotix_common_modules/share/ament_index/resource_index
[2.749s] creating /home/mscrobotics2425laptop4/interbotix_ws/install/interbotix_common_modules/share/ament_index/resource_index/packages
[2.749s] copying resource/interbotix_common_modules -> /home/mscrobotics2425laptop4/interbotix_ws/install/interbotix_common_modules/share/ament_index/resource_index/packages
[2.749s] copying package.xml -> /home/mscrobotics2425laptop4/interbotix_ws/install/interbotix_common_modules/share/interbotix_common_modules
[2.749s] running install_egg_info
[2.754s] Copying ../../../../build/interbotix_common_modules/interbotix_common_modules.egg-info to /home/mscrobotics2425laptop4/interbotix_ws/install/interbotix_common_modules/lib/python3.10/site-packages/interbotix_common_modules-0.0.0-py3.10.egg-info
[2.756s] running install_scripts
[2.847s] writing list of installed files to '/home/mscrobotics2425laptop4/interbotix_ws/build/interbotix_common_modules/install.log'
[2.927s] Invoked command in '/home/mscrobotics2425laptop4/interbotix_ws/src/interbotix_ros_toolboxes/interbotix_common_toolbox/interbotix_common_modules' returned '0': PYTHONPATH=/home/mscrobotics2425laptop4/interbotix_ws/build/interbotix_common_modules/prefix_override:/usr/lib/python3/dist-packages/colcon_core/task/python/colcon_distutils_commands:/home/mscrobotics2425laptop4/interbotix_ws/install/interbotix_common_modules/lib/python3.10/site-packages:${PYTHONPATH} /usr/bin/python3 -W ignore:setup.py install is deprecated -W ignore:easy_install command is deprecated setup.py egg_info --egg-base ../../../../build/interbotix_common_modules build --build-base /home/mscrobotics2425laptop4/interbotix_ws/build/interbotix_common_modules/build install --record /home/mscrobotics2425laptop4/interbotix_ws/build/interbotix_common_modules/install.log --single-version-externally-managed install_data
