running egg_info
creating ../../build/leo_realsense/leo_realsense.egg-info
writing ../../build/leo_realsense/leo_realsense.egg-info/PKG-INFO
writing dependency_links to ../../build/leo_realsense/leo_realsense.egg-info/dependency_links.txt
writing entry points to ../../build/leo_realsense/leo_realsense.egg-info/entry_points.txt
writing requirements to ../../build/leo_realsense/leo_realsense.egg-info/requires.txt
writing top-level names to ../../build/leo_realsense/leo_realsense.egg-info/top_level.txt
writing manifest file '../../build/leo_realsense/leo_realsense.egg-info/SOURCES.txt'
reading manifest file '../../build/leo_realsense/leo_realsense.egg-info/SOURCES.txt'
writing manifest file '../../build/leo_realsense/leo_realsense.egg-info/SOURCES.txt'
running build
running build_py
creating /home/mscrobotics2425laptop4/interbotix_ws/build/leo_realsense/build
creating /home/mscrobotics2425laptop4/interbotix_ws/build/leo_realsense/build/lib
creating /home/mscrobotics2425laptop4/interbotix_ws/build/leo_realsense/build/lib/leo_realsense
copying leo_realsense/realsense_node.py -> /home/mscrobotics2425laptop4/interbotix_ws/build/leo_realsense/build/lib/leo_realsense
copying leo_realsense/__init__.py -> /home/mscrobotics2425laptop4/interbotix_ws/build/leo_realsense/build/lib/leo_realsense
running install
running install_lib
creating /home/mscrobotics2425laptop4/interbotix_ws/install/leo_realsense/lib/python3.10/site-packages/leo_realsense
copying /home/mscrobotics2425laptop4/interbotix_ws/build/leo_realsense/build/lib/leo_realsense/realsense_node.py -> /home/mscrobotics2425laptop4/interbotix_ws/install/leo_realsense/lib/python3.10/site-packages/leo_realsense
copying /home/mscrobotics2425laptop4/interbotix_ws/build/leo_realsense/build/lib/leo_realsense/__init__.py -> /home/mscrobotics2425laptop4/interbotix_ws/install/leo_realsense/lib/python3.10/site-packages/leo_realsense
byte-compiling /home/mscrobotics2425laptop4/interbotix_ws/install/leo_realsense/lib/python3.10/site-packages/leo_realsense/realsense_node.py to realsense_node.cpython-310.pyc
byte-compiling /home/mscrobotics2425laptop4/interbotix_ws/install/leo_realsense/lib/python3.10/site-packages/leo_realsense/__init__.py to __init__.cpython-310.pyc
running install_data
creating /home/mscrobotics2425laptop4/interbotix_ws/install/leo_realsense/share/ament_index
creating /home/mscrobotics2425laptop4/interbotix_ws/install/leo_realsense/share/ament_index/resource_index
creating /home/mscrobotics2425laptop4/interbotix_ws/install/leo_realsense/share/ament_index/resource_index/packages
copying resource/leo_realsense -> /home/mscrobotics2425laptop4/interbotix_ws/install/leo_realsense/share/ament_index/resource_index/packages
copying package.xml -> /home/mscrobotics2425laptop4/interbotix_ws/install/leo_realsense/share/leo_realsense
running install_egg_info
Copying ../../build/leo_realsense/leo_realsense.egg-info to /home/mscrobotics2425laptop4/interbotix_ws/install/leo_realsense/lib/python3.10/site-packages/leo_realsense-0.0.0-py3.10.egg-info
running install_scripts
Installing realsense_node script to /home/mscrobotics2425laptop4/interbotix_ws/install/leo_realsense/lib/leo_realsense
writing list of installed files to '/home/mscrobotics2425laptop4/interbotix_ws/build/leo_realsense/install.log'
