[1.279s] Invoking command in '/home/mscrobotics2425laptop4/LEO-ROVER-CODING/interbotix_ws/src/leo_launcher': PYTHONPATH=/home/mscrobotics2425laptop4/LEO-ROVER-CODING/build/leo_launcher/prefix_override:/usr/lib/python3/dist-packages/colcon_core/task/python/colcon_distutils_commands:/home/mscrobotics2425laptop4/LEO-ROVER-CODING/install/leo_launcher/lib/python3.10/site-packages:${PYTHONPATH} /usr/bin/python3 -W ignore:setup.py install is deprecated -W ignore:easy_install command is deprecated setup.py egg_info --egg-base ../../../build/leo_launcher build --build-base /home/mscrobotics2425laptop4/LEO-ROVER-CODING/build/leo_launcher/build install --record /home/mscrobotics2425laptop4/LEO-ROVER-CODING/build/leo_launcher/install.log --single-version-externally-managed install_data
[1.621s] running egg_info
[1.621s] writing ../../../build/leo_launcher/leo_launcher.egg-info/PKG-INFO
[1.622s] writing dependency_links to ../../../build/leo_launcher/leo_launcher.egg-info/dependency_links.txt
[1.622s] writing entry points to ../../../build/leo_launcher/leo_launcher.egg-info/entry_points.txt
[1.622s] writing requirements to ../../../build/leo_launcher/leo_launcher.egg-info/requires.txt
[1.622s] writing top-level names to ../../../build/leo_launcher/leo_launcher.egg-info/top_level.txt
[1.624s] reading manifest file '../../../build/leo_launcher/leo_launcher.egg-info/SOURCES.txt'
[1.625s] writing manifest file '../../../build/leo_launcher/leo_launcher.egg-info/SOURCES.txt'
[1.625s] running build
[1.625s] running build_py
[1.625s] running install
[1.626s] running install_lib
[1.627s] running install_data
[1.627s] running install_egg_info
[1.629s] removing '/home/mscrobotics2425laptop4/LEO-ROVER-CODING/install/leo_launcher/lib/python3.10/site-packages/leo_launcher-0.0.0-py3.10.egg-info' (and everything under it)
[1.630s] Copying ../../../build/leo_launcher/leo_launcher.egg-info to /home/mscrobotics2425laptop4/LEO-ROVER-CODING/install/leo_launcher/lib/python3.10/site-packages/leo_launcher-0.0.0-py3.10.egg-info
[1.631s] running install_scripts
[1.665s] writing list of installed files to '/home/mscrobotics2425laptop4/LEO-ROVER-CODING/build/leo_launcher/install.log'
[1.908s] Invoked command in '/home/mscrobotics2425laptop4/LEO-ROVER-CODING/interbotix_ws/src/leo_launcher' returned '0': PYTHONPATH=/home/mscrobotics2425laptop4/LEO-ROVER-CODING/build/leo_launcher/prefix_override:/usr/lib/python3/dist-packages/colcon_core/task/python/colcon_distutils_commands:/home/mscrobotics2425laptop4/LEO-ROVER-CODING/install/leo_launcher/lib/python3.10/site-packages:${PYTHONPATH} /usr/bin/python3 -W ignore:setup.py install is deprecated -W ignore:easy_install command is deprecated setup.py egg_info --egg-base ../../../build/leo_launcher build --build-base /home/mscrobotics2425laptop4/LEO-ROVER-CODING/build/leo_launcher/build install --record /home/mscrobotics2425laptop4/LEO-ROVER-CODING/build/leo_launcher/install.log --single-version-externally-managed install_data
