[0.773s] Invoking command in '/home/mscrobotics2425laptop4/interbotix_ws/build/interbotix_tf_tools': CMAKE_PREFIX_PATH=${CMAKE_PREFIX_PATH}:/home/mscrobotics2425laptop4/interbotix_ws/install/ros_cv_messages:/home/mscrobotics2425laptop4/interbotix_ws/install/leo_realsense:/home/mscrobotics2425laptop4/interbotix_ws/install/leo_manipulator:/home/mscrobotics2425laptop4/interbotix_ws/install/leo_main:/home/mscrobotics2425laptop4/interbotix_ws/install/leo_launch:/home/mscrobotics2425laptop4/interbotix_ws/install/interbotix_xs_modules:/home/mscrobotics2425laptop4/interbotix_ws/install/interbotix_perception_modules:/home/mscrobotics2425laptop4/interbotix_ws/install/interbotix_common_modules:/opt/ros/humble /usr/bin/cmake --build /home/mscrobotics2425laptop4/interbotix_ws/build/interbotix_tf_tools -- -j12 -l12
[0.942s] [100%] Built target tf_rebroadcaster
[1.940s] Invoked command in '/home/mscrobotics2425laptop4/interbotix_ws/build/interbotix_tf_tools' returned '0': CMAKE_PREFIX_PATH=${CMAKE_PREFIX_PATH}:/home/mscrobotics2425laptop4/interbotix_ws/install/ros_cv_messages:/home/mscrobotics2425laptop4/interbotix_ws/install/leo_realsense:/home/mscrobotics2425laptop4/interbotix_ws/install/leo_manipulator:/home/mscrobotics2425laptop4/interbotix_ws/install/leo_main:/home/mscrobotics2425laptop4/interbotix_ws/install/leo_launch:/home/mscrobotics2425laptop4/interbotix_ws/install/interbotix_xs_modules:/home/mscrobotics2425laptop4/interbotix_ws/install/interbotix_perception_modules:/home/mscrobotics2425laptop4/interbotix_ws/install/interbotix_common_modules:/opt/ros/humble /usr/bin/cmake --build /home/mscrobotics2425laptop4/interbotix_ws/build/interbotix_tf_tools -- -j12 -l12
[1.949s] Invoking command in '/home/mscrobotics2425laptop4/interbotix_ws/build/interbotix_tf_tools': CMAKE_PREFIX_PATH=${CMAKE_PREFIX_PATH}:/home/mscrobotics2425laptop4/interbotix_ws/install/ros_cv_messages:/home/mscrobotics2425laptop4/interbotix_ws/install/leo_realsense:/home/mscrobotics2425laptop4/interbotix_ws/install/leo_manipulator:/home/mscrobotics2425laptop4/interbotix_ws/install/leo_main:/home/mscrobotics2425laptop4/interbotix_ws/install/leo_launch:/home/mscrobotics2425laptop4/interbotix_ws/install/interbotix_xs_modules:/home/mscrobotics2425laptop4/interbotix_ws/install/interbotix_perception_modules:/home/mscrobotics2425laptop4/interbotix_ws/install/interbotix_common_modules:/opt/ros/humble /usr/bin/cmake --install /home/mscrobotics2425laptop4/interbotix_ws/build/interbotix_tf_tools
[2.011s] -- Install configuration: ""
[2.014s] -- Up-to-date: /home/mscrobotics2425laptop4/interbotix_ws/install/interbotix_tf_tools/lib/libtf_rebroadcaster.so
[2.014s] -- Up-to-date: /home/mscrobotics2425laptop4/interbotix_ws/install/interbotix_tf_tools/lib/interbotix_tf_tools/static_trans_pub.py
[2.014s] -- Up-to-date: /home/mscrobotics2425laptop4/interbotix_ws/install/interbotix_tf_tools/share/interbotix_tf_tools//config
[2.015s] -- Up-to-date: /home/mscrobotics2425laptop4/interbotix_ws/install/interbotix_tf_tools/share/interbotix_tf_tools//config/tf_rebroadcaster.yaml
[2.015s] -- Up-to-date: /home/mscrobotics2425laptop4/interbotix_ws/install/interbotix_tf_tools/share/interbotix_tf_tools//launch
[2.015s] -- Up-to-date: /home/mscrobotics2425laptop4/interbotix_ws/install/interbotix_tf_tools/share/interbotix_tf_tools//launch/tf_rebroadcaster.launch.py
[2.016s] -- Up-to-date: /home/mscrobotics2425laptop4/interbotix_ws/install/interbotix_tf_tools/share/interbotix_tf_tools//launch/static_transform_pub.launch.py
[2.017s] -- Up-to-date: /home/mscrobotics2425laptop4/interbotix_ws/install/interbotix_tf_tools/share/ament_index/resource_index/package_run_dependencies/interbotix_tf_tools
[2.017s] -- Up-to-date: /home/mscrobotics2425laptop4/interbotix_ws/install/interbotix_tf_tools/share/ament_index/resource_index/parent_prefix_path/interbotix_tf_tools
[2.017s] -- Up-to-date: /home/mscrobotics2425laptop4/interbotix_ws/install/interbotix_tf_tools/share/interbotix_tf_tools/environment/ament_prefix_path.sh
[2.017s] -- Up-to-date: /home/mscrobotics2425laptop4/interbotix_ws/install/interbotix_tf_tools/share/interbotix_tf_tools/environment/ament_prefix_path.dsv
[2.017s] -- Up-to-date: /home/mscrobotics2425laptop4/interbotix_ws/install/interbotix_tf_tools/share/interbotix_tf_tools/environment/path.sh
[2.017s] -- Up-to-date: /home/mscrobotics2425laptop4/interbotix_ws/install/interbotix_tf_tools/share/interbotix_tf_tools/environment/path.dsv
[2.017s] -- Up-to-date: /home/mscrobotics2425laptop4/interbotix_ws/install/interbotix_tf_tools/share/interbotix_tf_tools/local_setup.bash
[2.017s] -- Up-to-date: /home/mscrobotics2425laptop4/interbotix_ws/install/interbotix_tf_tools/share/interbotix_tf_tools/local_setup.sh
[2.018s] -- Up-to-date: /home/mscrobotics2425laptop4/interbotix_ws/install/interbotix_tf_tools/share/interbotix_tf_tools/local_setup.zsh
[2.018s] -- Up-to-date: /home/mscrobotics2425laptop4/interbotix_ws/install/interbotix_tf_tools/share/interbotix_tf_tools/local_setup.dsv
[2.018s] -- Installing: /home/mscrobotics2425laptop4/interbotix_ws/install/interbotix_tf_tools/share/interbotix_tf_tools/package.dsv
[2.019s] -- Up-to-date: /home/mscrobotics2425laptop4/interbotix_ws/install/interbotix_tf_tools/share/ament_index/resource_index/packages/interbotix_tf_tools
[2.021s] -- Up-to-date: /home/mscrobotics2425laptop4/interbotix_ws/install/interbotix_tf_tools/share/ament_index/resource_index/rclcpp_components/interbotix_tf_tools
[2.022s] -- Up-to-date: /home/mscrobotics2425laptop4/interbotix_ws/install/interbotix_tf_tools/share/interbotix_tf_tools/cmake/interbotix_tf_toolsConfig.cmake
[2.024s] -- Up-to-date: /home/mscrobotics2425laptop4/interbotix_ws/install/interbotix_tf_tools/share/interbotix_tf_tools/cmake/interbotix_tf_toolsConfig-version.cmake
[2.026s] -- Up-to-date: /home/mscrobotics2425laptop4/interbotix_ws/install/interbotix_tf_tools/share/interbotix_tf_tools/package.xml
[2.204s] Invoked command in '/home/mscrobotics2425laptop4/interbotix_ws/build/interbotix_tf_tools' returned '0': CMAKE_PREFIX_PATH=${CMAKE_PREFIX_PATH}:/home/mscrobotics2425laptop4/interbotix_ws/install/ros_cv_messages:/home/mscrobotics2425laptop4/interbotix_ws/install/leo_realsense:/home/mscrobotics2425laptop4/interbotix_ws/install/leo_manipulator:/home/mscrobotics2425laptop4/interbotix_ws/install/leo_main:/home/mscrobotics2425laptop4/interbotix_ws/install/leo_launch:/home/mscrobotics2425laptop4/interbotix_ws/install/interbotix_xs_modules:/home/mscrobotics2425laptop4/interbotix_ws/install/interbotix_perception_modules:/home/mscrobotics2425laptop4/interbotix_ws/install/interbotix_common_modules:/opt/ros/humble /usr/bin/cmake --install /home/mscrobotics2425laptop4/interbotix_ws/build/interbotix_tf_tools
