[0.408s] Invoking command in '/home/mscrobotics2425laptop4/LEO-ROVER-CODING/build/explore_lite': CMAKE_PREFIX_PATH=${CMAKE_PREFIX_PATH}:/home/mscrobotics2425laptop4/LEO-ROVER-CODING/install/ros_cv_messages:/home/mscrobotics2425laptop4/LEO-ROVER-CODING/install/nav_final:/home/mscrobotics2425laptop4/LEO-ROVER-CODING/install/leo_realsense:/home/mscrobotics2425laptop4/LEO-ROVER-CODING/install/leo_manipulator:/home/mscrobotics2425laptop4/LEO-ROVER-CODING/install/leo_main:/home/mscrobotics2425laptop4/LEO-ROVER-CODING/install/leo_launcher:/home/mscrobotics2425laptop4/LEO-ROVER-CODING/install/leo_launch:/home/mscrobotics2425laptop4/LEO-ROVER-CODING/install/interbotix_xs_modules:/home/mscrobotics2425laptop4/LEO-ROVER-CODING/install/interbotix_perception_modules:/home/mscrobotics2425laptop4/LEO-ROVER-CODING/install/interbotix_common_modules:/home/mscrobotics2425laptop4/interbotix_ws/install/ros_cv_messages:/home/mscrobotics2425laptop4/interbotix_ws/install/leo_realsense:/home/mscrobotics2425laptop4/interbotix_ws/install/leo_manipulator:/home/mscrobotics2425laptop4/interbotix_ws/install/leo_main:/home/mscrobotics2425laptop4/interbotix_ws/install/leo_launch:/home/mscrobotics2425laptop4/interbotix_ws/install/interbotix_xs_modules:/home/mscrobotics2425laptop4/interbotix_ws/install/interbotix_perception_modules:/home/mscrobotics2425laptop4/interbotix_ws/install/interbotix_common_modules:/home/mscrobotics2425laptop4/ros2_tutorial_workspace/install/the_simplest_python_package:/home/mscrobotics2425laptop4/ros2_tutorial_workspace/install/test_package:/home/mscrobotics2425laptop4/ros2_tutorial_workspace/install/python_package_with_a_node:/home/mscrobotics2425laptop4/ros2_tutorial_workspace/install/python_package_that_uses_the_library:/home/mscrobotics2425laptop4/ros2_tutorial_workspace/install/python_package_with_a_library:/home/mscrobotics2425laptop4/ros2_tutorial_workspace/install/python_package_that_uses_the_services:/home/mscrobotics2425laptop4/ros2_tutorial_workspace/install/python_package_that_uses_the_messages:/home/mscrobotics2425laptop4/ros2_tutorial_workspace/install/python_package_that_uses_parameters_and_launch_files:/home/mscrobotics2425laptop4/ros2_tutorial_workspace/install/navigation_leo:/home/mscrobotics2425laptop4/ros2_tutorial_workspace/install/navigation_demos_custom_map:/home/mscrobotics2425laptop4/ros2_tutorial_workspace/install/navigation_demos:/home/mscrobotics2425laptop4/ros2_tutorial_workspace/install/m_explore_toggle:/home/mscrobotics2425laptop4/ros2_tutorial_workspace/install/lidar_emulator:/home/mscrobotics2425laptop4/ros2_tutorial_workspace/install/leo_team9:/home/mscrobotics2425laptop4/ros2_tutorial_workspace/install/gz_example_robot_description:/home/mscrobotics2425laptop4/ros2_tutorial_workspace/install/example_urdf_robot:/home/mscrobotics2425laptop4/ros2_tutorial_workspace/install/example_urdf_description:/home/mscrobotics2425laptop4/ros2_tutorial_workspace/install/example_gz_robot:/home/mscrobotics2425laptop4/ros2_tutorial_workspace/install/custom_server_package:/home/mscrobotics2425laptop4/ros2_tutorial_workspace/install/custom_client_package:/home/mscrobotics2425laptop4/ros2_tutorial_workspace/install/challenge_package:/home/mscrobotics2425laptop4/ros2_tutorial_workspace/install/bt_demos:/opt/ros/humble /usr/bin/cmake /home/mscrobotics2425laptop4/LEO-ROVER-CODING/Final_nav/src/m-explore-ros2/explore -DCMAKE_INSTALL_PREFIX=/home/mscrobotics2425laptop4/LEO-ROVER-CODING/install/explore_lite
[1.594s] -- The C compiler identification is GNU 11.4.0
[1.594s] -- The CXX compiler identification is GNU 11.4.0
[1.594s] -- Detecting C compiler ABI info
[1.594s] -- Detecting C compiler ABI info - done
[1.595s] -- Check for working C compiler: /usr/bin/cc - skipped
[1.595s] -- Detecting C compile features
[1.595s] -- Detecting C compile features - done
[1.595s] -- Detecting CXX compiler ABI info
[1.595s] -- Detecting CXX compiler ABI info - done
[1.595s] -- Check for working CXX compiler: /usr/bin/c++ - skipped
[1.595s] -- Detecting CXX compile features
[1.595s] -- Detecting CXX compile features - done
[1.595s] -- BuilD for ROS2: humble
[1.595s] -- Found ament_cmake: 1.3.11 (/opt/ros/humble/share/ament_cmake/cmake)
[1.595s] -- Found Python3: /usr/bin/python3 (found version "3.10.12") found components: Interpreter 
[1.595s] -- Found rclcpp: 16.0.11 (/opt/ros/humble/share/rclcpp/cmake)
[1.595s] -- Found rosidl_generator_c: 3.1.6 (/opt/ros/humble/share/rosidl_generator_c/cmake)
[1.605s] -- Found rosidl_adapter: 3.1.6 (/opt/ros/humble/share/rosidl_adapter/cmake)
[1.626s] -- Found rosidl_generator_cpp: 3.1.6 (/opt/ros/humble/share/rosidl_generator_cpp/cmake)
[1.657s] -- Using all available rosidl_typesupport_c: rosidl_typesupport_fastrtps_c;rosidl_typesupport_introspection_c
[1.700s] -- Using all available rosidl_typesupport_cpp: rosidl_typesupport_fastrtps_cpp;rosidl_typesupport_introspection_cpp
[1.821s] -- Found rmw_implementation_cmake: 6.1.2 (/opt/ros/humble/share/rmw_implementation_cmake/cmake)
[1.835s] -- Found rmw_fastrtps_cpp: 6.2.7 (/opt/ros/humble/share/rmw_fastrtps_cpp/cmake)
[2.004s] -- Found OpenSSL: /usr/lib/x86_64-linux-gnu/libcrypto.so (found version "3.0.2")  
[2.055s] -- Found FastRTPS: /opt/ros/humble/include  
[2.125s] -- Using RMW implementation 'rmw_fastrtps_cpp' as default
[2.155s] -- Looking for pthread.h
[2.216s] -- Looking for pthread.h - found
[2.216s] -- Performing Test CMAKE_HAVE_LIBC_PTHREAD
[2.297s] -- Performing Test CMAKE_HAVE_LIBC_PTHREAD - Success
[2.300s] -- Found Threads: TRUE  
[2.407s] -- Found sensor_msgs: 4.2.4 (/opt/ros/humble/share/sensor_msgs/cmake)
[2.460s] -- Found tf2_ros: 0.25.12 (/opt/ros/humble/share/tf2_ros/cmake)
[2.672s] -- Found tf2_geometry_msgs: 0.25.12 (/opt/ros/humble/share/tf2_geometry_msgs/cmake)
[2.718s] -- Found eigen3_cmake_module: 0.1.1 (/opt/ros/humble/share/eigen3_cmake_module/cmake)
[2.719s] -- Found Eigen3: TRUE (found version "3.4.0") 
[2.719s] -- Ensuring Eigen3 include directory is part of orocos-kdl CMake target
[2.731s] -- Found nav2_msgs: 1.1.18 (/opt/ros/humble/share/nav2_msgs/cmake)
[2.809s] -- Found map_msgs: 2.1.0 (/opt/ros/humble/share/map_msgs/cmake)
[2.835s] -- Found visualization_msgs: 4.2.4 (/opt/ros/humble/share/visualization_msgs/cmake)
[2.867s] -- Found nav2_costmap_2d: 1.1.18 (/opt/ros/humble/share/nav2_costmap_2d/cmake)
[3.222s] -- Found ament_lint_auto: 0.12.11 (/opt/ros/humble/share/ament_lint_auto/cmake)
[3.386s] -- Found ament_cmake_gtest: 1.3.11 (/opt/ros/humble/share/ament_cmake_gtest/cmake)
[3.395s] -- Found gtest sources under '/opt/ros/humble/src/gtest_vendor': C++ tests using 'Google Test' will be built
[3.519s] -- Added test 'cppcheck' to perform static code analysis on C / C++ code
[3.519s] -- Configured cppcheck include dirs: /home/mscrobotics2425laptop4/LEO-ROVER-CODING/Final_nav/src/m-explore-ros2/explore/include;$<BUILD_INTERFACE:/home/mscrobotics2425laptop4/LEO-ROVER-CODING/Final_nav/src/m-explore-ros2/explore/include>
[3.519s] -- Configured cppcheck exclude dirs and/or files: 
[3.521s] -- Added test 'flake8' to check Python code syntax and style conventions
[3.524s] -- Added test 'lint_cmake' to check CMake code style
[3.526s] -- Added test 'pep257' to check Python code against some of the docstring style conventions in PEP 257
[3.529s] -- Added test 'uncrustify' to check C / C++ code style
[3.529s] -- Configured uncrustify additional arguments: 
[3.531s] -- Added test 'xmllint' to check XML markup files
[3.536s] -- Configuring done
[3.654s] -- Generating done
[3.684s] -- Build files have been written to: /home/mscrobotics2425laptop4/LEO-ROVER-CODING/build/explore_lite
[3.735s] Invoked command in '/home/mscrobotics2425laptop4/LEO-ROVER-CODING/build/explore_lite' returned '0': CMAKE_PREFIX_PATH=${CMAKE_PREFIX_PATH}:/home/mscrobotics2425laptop4/LEO-ROVER-CODING/install/ros_cv_messages:/home/mscrobotics2425laptop4/LEO-ROVER-CODING/install/nav_final:/home/mscrobotics2425laptop4/LEO-ROVER-CODING/install/leo_realsense:/home/mscrobotics2425laptop4/LEO-ROVER-CODING/install/leo_manipulator:/home/mscrobotics2425laptop4/LEO-ROVER-CODING/install/leo_main:/home/mscrobotics2425laptop4/LEO-ROVER-CODING/install/leo_launcher:/home/mscrobotics2425laptop4/LEO-ROVER-CODING/install/leo_launch:/home/mscrobotics2425laptop4/LEO-ROVER-CODING/install/interbotix_xs_modules:/home/mscrobotics2425laptop4/LEO-ROVER-CODING/install/interbotix_perception_modules:/home/mscrobotics2425laptop4/LEO-ROVER-CODING/install/interbotix_common_modules:/home/mscrobotics2425laptop4/interbotix_ws/install/ros_cv_messages:/home/mscrobotics2425laptop4/interbotix_ws/install/leo_realsense:/home/mscrobotics2425laptop4/interbotix_ws/install/leo_manipulator:/home/mscrobotics2425laptop4/interbotix_ws/install/leo_main:/home/mscrobotics2425laptop4/interbotix_ws/install/leo_launch:/home/mscrobotics2425laptop4/interbotix_ws/install/interbotix_xs_modules:/home/mscrobotics2425laptop4/interbotix_ws/install/interbotix_perception_modules:/home/mscrobotics2425laptop4/interbotix_ws/install/interbotix_common_modules:/home/mscrobotics2425laptop4/ros2_tutorial_workspace/install/the_simplest_python_package:/home/mscrobotics2425laptop4/ros2_tutorial_workspace/install/test_package:/home/mscrobotics2425laptop4/ros2_tutorial_workspace/install/python_package_with_a_node:/home/mscrobotics2425laptop4/ros2_tutorial_workspace/install/python_package_that_uses_the_library:/home/mscrobotics2425laptop4/ros2_tutorial_workspace/install/python_package_with_a_library:/home/mscrobotics2425laptop4/ros2_tutorial_workspace/install/python_package_that_uses_the_services:/home/mscrobotics2425laptop4/ros2_tutorial_workspace/install/python_package_that_uses_the_messages:/home/mscrobotics2425laptop4/ros2_tutorial_workspace/install/python_package_that_uses_parameters_and_launch_files:/home/mscrobotics2425laptop4/ros2_tutorial_workspace/install/navigation_leo:/home/mscrobotics2425laptop4/ros2_tutorial_workspace/install/navigation_demos_custom_map:/home/mscrobotics2425laptop4/ros2_tutorial_workspace/install/navigation_demos:/home/mscrobotics2425laptop4/ros2_tutorial_workspace/install/m_explore_toggle:/home/mscrobotics2425laptop4/ros2_tutorial_workspace/install/lidar_emulator:/home/mscrobotics2425laptop4/ros2_tutorial_workspace/install/leo_team9:/home/mscrobotics2425laptop4/ros2_tutorial_workspace/install/gz_example_robot_description:/home/mscrobotics2425laptop4/ros2_tutorial_workspace/install/example_urdf_robot:/home/mscrobotics2425laptop4/ros2_tutorial_workspace/install/example_urdf_description:/home/mscrobotics2425laptop4/ros2_tutorial_workspace/install/example_gz_robot:/home/mscrobotics2425laptop4/ros2_tutorial_workspace/install/custom_server_package:/home/mscrobotics2425laptop4/ros2_tutorial_workspace/install/custom_client_package:/home/mscrobotics2425laptop4/ros2_tutorial_workspace/install/challenge_package:/home/mscrobotics2425laptop4/ros2_tutorial_workspace/install/bt_demos:/opt/ros/humble /usr/bin/cmake /home/mscrobotics2425laptop4/LEO-ROVER-CODING/Final_nav/src/m-explore-ros2/explore -DCMAKE_INSTALL_PREFIX=/home/mscrobotics2425laptop4/LEO-ROVER-CODING/install/explore_lite
[3.736s] Invoking command in '/home/mscrobotics2425laptop4/LEO-ROVER-CODING/build/explore_lite': CMAKE_PREFIX_PATH=${CMAKE_PREFIX_PATH}:/home/mscrobotics2425laptop4/LEO-ROVER-CODING/install/ros_cv_messages:/home/mscrobotics2425laptop4/LEO-ROVER-CODING/install/nav_final:/home/mscrobotics2425laptop4/LEO-ROVER-CODING/install/leo_realsense:/home/mscrobotics2425laptop4/LEO-ROVER-CODING/install/leo_manipulator:/home/mscrobotics2425laptop4/LEO-ROVER-CODING/install/leo_main:/home/mscrobotics2425laptop4/LEO-ROVER-CODING/install/leo_launcher:/home/mscrobotics2425laptop4/LEO-ROVER-CODING/install/leo_launch:/home/mscrobotics2425laptop4/LEO-ROVER-CODING/install/interbotix_xs_modules:/home/mscrobotics2425laptop4/LEO-ROVER-CODING/install/interbotix_perception_modules:/home/mscrobotics2425laptop4/LEO-ROVER-CODING/install/interbotix_common_modules:/home/mscrobotics2425laptop4/interbotix_ws/install/ros_cv_messages:/home/mscrobotics2425laptop4/interbotix_ws/install/leo_realsense:/home/mscrobotics2425laptop4/interbotix_ws/install/leo_manipulator:/home/mscrobotics2425laptop4/interbotix_ws/install/leo_main:/home/mscrobotics2425laptop4/interbotix_ws/install/leo_launch:/home/mscrobotics2425laptop4/interbotix_ws/install/interbotix_xs_modules:/home/mscrobotics2425laptop4/interbotix_ws/install/interbotix_perception_modules:/home/mscrobotics2425laptop4/interbotix_ws/install/interbotix_common_modules:/home/mscrobotics2425laptop4/ros2_tutorial_workspace/install/the_simplest_python_package:/home/mscrobotics2425laptop4/ros2_tutorial_workspace/install/test_package:/home/mscrobotics2425laptop4/ros2_tutorial_workspace/install/python_package_with_a_node:/home/mscrobotics2425laptop4/ros2_tutorial_workspace/install/python_package_that_uses_the_library:/home/mscrobotics2425laptop4/ros2_tutorial_workspace/install/python_package_with_a_library:/home/mscrobotics2425laptop4/ros2_tutorial_workspace/install/python_package_that_uses_the_services:/home/mscrobotics2425laptop4/ros2_tutorial_workspace/install/python_package_that_uses_the_messages:/home/mscrobotics2425laptop4/ros2_tutorial_workspace/install/python_package_that_uses_parameters_and_launch_files:/home/mscrobotics2425laptop4/ros2_tutorial_workspace/install/navigation_leo:/home/mscrobotics2425laptop4/ros2_tutorial_workspace/install/navigation_demos_custom_map:/home/mscrobotics2425laptop4/ros2_tutorial_workspace/install/navigation_demos:/home/mscrobotics2425laptop4/ros2_tutorial_workspace/install/m_explore_toggle:/home/mscrobotics2425laptop4/ros2_tutorial_workspace/install/lidar_emulator:/home/mscrobotics2425laptop4/ros2_tutorial_workspace/install/leo_team9:/home/mscrobotics2425laptop4/ros2_tutorial_workspace/install/gz_example_robot_description:/home/mscrobotics2425laptop4/ros2_tutorial_workspace/install/example_urdf_robot:/home/mscrobotics2425laptop4/ros2_tutorial_workspace/install/example_urdf_description:/home/mscrobotics2425laptop4/ros2_tutorial_workspace/install/example_gz_robot:/home/mscrobotics2425laptop4/ros2_tutorial_workspace/install/custom_server_package:/home/mscrobotics2425laptop4/ros2_tutorial_workspace/install/custom_client_package:/home/mscrobotics2425laptop4/ros2_tutorial_workspace/install/challenge_package:/home/mscrobotics2425laptop4/ros2_tutorial_workspace/install/bt_demos:/opt/ros/humble /usr/bin/cmake --build /home/mscrobotics2425laptop4/LEO-ROVER-CODING/build/explore_lite -- -j12 -l12
[9.148s] [ 10%] [32mBuilding CXX object gtest/CMakeFiles/gtest_main.dir/src/gtest_main.cc.o[0m
[9.148s] [ 20%] [32mBuilding CXX object CMakeFiles/explore.dir/src/costmap_client.cpp.o[0m
[9.148s] [ 30%] [32mBuilding CXX object CMakeFiles/explore.dir/src/explore.cpp.o[0m
[9.148s] [ 40%] [32mBuilding CXX object CMakeFiles/explore.dir/src/frontier_search.cpp.o[0m
[9.149s] [ 50%] [32mBuilding CXX object gtest/CMakeFiles/gtest.dir/src/gtest-all.cc.o[0m
[9.149s] [ 60%] [32m[1mLinking CXX static library libgtest_main.a[0m
[9.149s] [ 60%] Built target gtest_main
[15.928s] [ 70%] [32m[1mLinking CXX static library libgtest.a[0m
[16.105s] [ 70%] Built target gtest
[16.195s] [ 80%] [32mBuilding CXX object CMakeFiles/test_explore.dir/test/test_explore.cpp.o[0m
[22.578s] [ 90%] [32m[1mLinking CXX executable test_explore[0m
[26.874s] [ 90%] Built target test_explore
[37.138s] [100%] [32m[1mLinking CXX executable explore[0m
[39.571s] [100%] Built target explore
[39.588s] Invoked command in '/home/mscrobotics2425laptop4/LEO-ROVER-CODING/build/explore_lite' returned '0': CMAKE_PREFIX_PATH=${CMAKE_PREFIX_PATH}:/home/mscrobotics2425laptop4/LEO-ROVER-CODING/install/ros_cv_messages:/home/mscrobotics2425laptop4/LEO-ROVER-CODING/install/nav_final:/home/mscrobotics2425laptop4/LEO-ROVER-CODING/install/leo_realsense:/home/mscrobotics2425laptop4/LEO-ROVER-CODING/install/leo_manipulator:/home/mscrobotics2425laptop4/LEO-ROVER-CODING/install/leo_main:/home/mscrobotics2425laptop4/LEO-ROVER-CODING/install/leo_launcher:/home/mscrobotics2425laptop4/LEO-ROVER-CODING/install/leo_launch:/home/mscrobotics2425laptop4/LEO-ROVER-CODING/install/interbotix_xs_modules:/home/mscrobotics2425laptop4/LEO-ROVER-CODING/install/interbotix_perception_modules:/home/mscrobotics2425laptop4/LEO-ROVER-CODING/install/interbotix_common_modules:/home/mscrobotics2425laptop4/interbotix_ws/install/ros_cv_messages:/home/mscrobotics2425laptop4/interbotix_ws/install/leo_realsense:/home/mscrobotics2425laptop4/interbotix_ws/install/leo_manipulator:/home/mscrobotics2425laptop4/interbotix_ws/install/leo_main:/home/mscrobotics2425laptop4/interbotix_ws/install/leo_launch:/home/mscrobotics2425laptop4/interbotix_ws/install/interbotix_xs_modules:/home/mscrobotics2425laptop4/interbotix_ws/install/interbotix_perception_modules:/home/mscrobotics2425laptop4/interbotix_ws/install/interbotix_common_modules:/home/mscrobotics2425laptop4/ros2_tutorial_workspace/install/the_simplest_python_package:/home/mscrobotics2425laptop4/ros2_tutorial_workspace/install/test_package:/home/mscrobotics2425laptop4/ros2_tutorial_workspace/install/python_package_with_a_node:/home/mscrobotics2425laptop4/ros2_tutorial_workspace/install/python_package_that_uses_the_library:/home/mscrobotics2425laptop4/ros2_tutorial_workspace/install/python_package_with_a_library:/home/mscrobotics2425laptop4/ros2_tutorial_workspace/install/python_package_that_uses_the_services:/home/mscrobotics2425laptop4/ros2_tutorial_workspace/install/python_package_that_uses_the_messages:/home/mscrobotics2425laptop4/ros2_tutorial_workspace/install/python_package_that_uses_parameters_and_launch_files:/home/mscrobotics2425laptop4/ros2_tutorial_workspace/install/navigation_leo:/home/mscrobotics2425laptop4/ros2_tutorial_workspace/install/navigation_demos_custom_map:/home/mscrobotics2425laptop4/ros2_tutorial_workspace/install/navigation_demos:/home/mscrobotics2425laptop4/ros2_tutorial_workspace/install/m_explore_toggle:/home/mscrobotics2425laptop4/ros2_tutorial_workspace/install/lidar_emulator:/home/mscrobotics2425laptop4/ros2_tutorial_workspace/install/leo_team9:/home/mscrobotics2425laptop4/ros2_tutorial_workspace/install/gz_example_robot_description:/home/mscrobotics2425laptop4/ros2_tutorial_workspace/install/example_urdf_robot:/home/mscrobotics2425laptop4/ros2_tutorial_workspace/install/example_urdf_description:/home/mscrobotics2425laptop4/ros2_tutorial_workspace/install/example_gz_robot:/home/mscrobotics2425laptop4/ros2_tutorial_workspace/install/custom_server_package:/home/mscrobotics2425laptop4/ros2_tutorial_workspace/install/custom_client_package:/home/mscrobotics2425laptop4/ros2_tutorial_workspace/install/challenge_package:/home/mscrobotics2425laptop4/ros2_tutorial_workspace/install/bt_demos:/opt/ros/humble /usr/bin/cmake --build /home/mscrobotics2425laptop4/LEO-ROVER-CODING/build/explore_lite -- -j12 -l12
[39.589s] Invoking command in '/home/mscrobotics2425laptop4/LEO-ROVER-CODING/build/explore_lite': CMAKE_PREFIX_PATH=${CMAKE_PREFIX_PATH}:/home/mscrobotics2425laptop4/LEO-ROVER-CODING/install/ros_cv_messages:/home/mscrobotics2425laptop4/LEO-ROVER-CODING/install/nav_final:/home/mscrobotics2425laptop4/LEO-ROVER-CODING/install/leo_realsense:/home/mscrobotics2425laptop4/LEO-ROVER-CODING/install/leo_manipulator:/home/mscrobotics2425laptop4/LEO-ROVER-CODING/install/leo_main:/home/mscrobotics2425laptop4/LEO-ROVER-CODING/install/leo_launcher:/home/mscrobotics2425laptop4/LEO-ROVER-CODING/install/leo_launch:/home/mscrobotics2425laptop4/LEO-ROVER-CODING/install/interbotix_xs_modules:/home/mscrobotics2425laptop4/LEO-ROVER-CODING/install/interbotix_perception_modules:/home/mscrobotics2425laptop4/LEO-ROVER-CODING/install/interbotix_common_modules:/home/mscrobotics2425laptop4/interbotix_ws/install/ros_cv_messages:/home/mscrobotics2425laptop4/interbotix_ws/install/leo_realsense:/home/mscrobotics2425laptop4/interbotix_ws/install/leo_manipulator:/home/mscrobotics2425laptop4/interbotix_ws/install/leo_main:/home/mscrobotics2425laptop4/interbotix_ws/install/leo_launch:/home/mscrobotics2425laptop4/interbotix_ws/install/interbotix_xs_modules:/home/mscrobotics2425laptop4/interbotix_ws/install/interbotix_perception_modules:/home/mscrobotics2425laptop4/interbotix_ws/install/interbotix_common_modules:/home/mscrobotics2425laptop4/ros2_tutorial_workspace/install/the_simplest_python_package:/home/mscrobotics2425laptop4/ros2_tutorial_workspace/install/test_package:/home/mscrobotics2425laptop4/ros2_tutorial_workspace/install/python_package_with_a_node:/home/mscrobotics2425laptop4/ros2_tutorial_workspace/install/python_package_that_uses_the_library:/home/mscrobotics2425laptop4/ros2_tutorial_workspace/install/python_package_with_a_library:/home/mscrobotics2425laptop4/ros2_tutorial_workspace/install/python_package_that_uses_the_services:/home/mscrobotics2425laptop4/ros2_tutorial_workspace/install/python_package_that_uses_the_messages:/home/mscrobotics2425laptop4/ros2_tutorial_workspace/install/python_package_that_uses_parameters_and_launch_files:/home/mscrobotics2425laptop4/ros2_tutorial_workspace/install/navigation_leo:/home/mscrobotics2425laptop4/ros2_tutorial_workspace/install/navigation_demos_custom_map:/home/mscrobotics2425laptop4/ros2_tutorial_workspace/install/navigation_demos:/home/mscrobotics2425laptop4/ros2_tutorial_workspace/install/m_explore_toggle:/home/mscrobotics2425laptop4/ros2_tutorial_workspace/install/lidar_emulator:/home/mscrobotics2425laptop4/ros2_tutorial_workspace/install/leo_team9:/home/mscrobotics2425laptop4/ros2_tutorial_workspace/install/gz_example_robot_description:/home/mscrobotics2425laptop4/ros2_tutorial_workspace/install/example_urdf_robot:/home/mscrobotics2425laptop4/ros2_tutorial_workspace/install/example_urdf_description:/home/mscrobotics2425laptop4/ros2_tutorial_workspace/install/example_gz_robot:/home/mscrobotics2425laptop4/ros2_tutorial_workspace/install/custom_server_package:/home/mscrobotics2425laptop4/ros2_tutorial_workspace/install/custom_client_package:/home/mscrobotics2425laptop4/ros2_tutorial_workspace/install/challenge_package:/home/mscrobotics2425laptop4/ros2_tutorial_workspace/install/bt_demos:/opt/ros/humble /usr/bin/cmake --install /home/mscrobotics2425laptop4/LEO-ROVER-CODING/build/explore_lite
[39.599s] -- Install configuration: ""
[39.600s] -- Installing: /home/mscrobotics2425laptop4/LEO-ROVER-CODING/install/explore_lite/include/explore/
[39.600s] -- Installing: /home/mscrobotics2425laptop4/LEO-ROVER-CODING/install/explore_lite/include/explore//frontier_search.h
[39.600s] -- Installing: /home/mscrobotics2425laptop4/LEO-ROVER-CODING/install/explore_lite/include/explore//explore.h
[39.600s] -- Installing: /home/mscrobotics2425laptop4/LEO-ROVER-CODING/install/explore_lite/include/explore//costmap_client.h
[39.600s] -- Installing: /home/mscrobotics2425laptop4/LEO-ROVER-CODING/install/explore_lite/include/explore//costmap_tools.h
[39.600s] -- Installing: /home/mscrobotics2425laptop4/LEO-ROVER-CODING/install/explore_lite/share/explore_lite/config
[39.602s] -- Installing: /home/mscrobotics2425laptop4/LEO-ROVER-CODING/install/explore_lite/share/explore_lite/config/params_costmap.yaml
[39.602s] -- Installing: /home/mscrobotics2425laptop4/LEO-ROVER-CODING/install/explore_lite/share/explore_lite/config/params.yaml
[39.602s] -- Installing: /home/mscrobotics2425laptop4/LEO-ROVER-CODING/install/explore_lite/share/explore_lite/launch
[39.602s] -- Installing: /home/mscrobotics2425laptop4/LEO-ROVER-CODING/install/explore_lite/share/explore_lite/launch/explore.launch.py
[39.602s] -- Installing: /home/mscrobotics2425laptop4/LEO-ROVER-CODING/install/explore_lite/lib/explore_lite/explore
[39.607s] -- Set runtime path of "/home/mscrobotics2425laptop4/LEO-ROVER-CODING/install/explore_lite/lib/explore_lite/explore" to ""
[39.607s] -- Installing: /home/mscrobotics2425laptop4/LEO-ROVER-CODING/install/explore_lite/share/ament_index/resource_index/package_run_dependencies/explore_lite
[39.607s] -- Installing: /home/mscrobotics2425laptop4/LEO-ROVER-CODING/install/explore_lite/share/ament_index/resource_index/parent_prefix_path/explore_lite
[39.608s] -- Installing: /home/mscrobotics2425laptop4/LEO-ROVER-CODING/install/explore_lite/share/explore_lite/environment/ament_prefix_path.sh
[39.608s] -- Installing: /home/mscrobotics2425laptop4/LEO-ROVER-CODING/install/explore_lite/share/explore_lite/environment/ament_prefix_path.dsv
[39.608s] -- Installing: /home/mscrobotics2425laptop4/LEO-ROVER-CODING/install/explore_lite/share/explore_lite/environment/path.sh
[39.608s] -- Installing: /home/mscrobotics2425laptop4/LEO-ROVER-CODING/install/explore_lite/share/explore_lite/environment/path.dsv
[39.608s] -- Installing: /home/mscrobotics2425laptop4/LEO-ROVER-CODING/install/explore_lite/share/explore_lite/local_setup.bash
[39.609s] -- Installing: /home/mscrobotics2425laptop4/LEO-ROVER-CODING/install/explore_lite/share/explore_lite/local_setup.sh
[39.609s] -- Installing: /home/mscrobotics2425laptop4/LEO-ROVER-CODING/install/explore_lite/share/explore_lite/local_setup.zsh
[39.609s] -- Installing: /home/mscrobotics2425laptop4/LEO-ROVER-CODING/install/explore_lite/share/explore_lite/local_setup.dsv
[39.609s] -- Installing: /home/mscrobotics2425laptop4/LEO-ROVER-CODING/install/explore_lite/share/explore_lite/package.dsv
[39.610s] -- Installing: /home/mscrobotics2425laptop4/LEO-ROVER-CODING/install/explore_lite/share/ament_index/resource_index/packages/explore_lite
[39.610s] -- Installing: /home/mscrobotics2425laptop4/LEO-ROVER-CODING/install/explore_lite/share/explore_lite/cmake/ament_cmake_export_include_directories-extras.cmake
[39.611s] -- Installing: /home/mscrobotics2425laptop4/LEO-ROVER-CODING/install/explore_lite/share/explore_lite/cmake/explore_liteConfig.cmake
[39.611s] -- Installing: /home/mscrobotics2425laptop4/LEO-ROVER-CODING/install/explore_lite/share/explore_lite/cmake/explore_liteConfig-version.cmake
[39.612s] -- Installing: /home/mscrobotics2425laptop4/LEO-ROVER-CODING/install/explore_lite/share/explore_lite/package.xml
[39.614s] Invoked command in '/home/mscrobotics2425laptop4/LEO-ROVER-CODING/build/explore_lite' returned '0': CMAKE_PREFIX_PATH=${CMAKE_PREFIX_PATH}:/home/mscrobotics2425laptop4/LEO-ROVER-CODING/install/ros_cv_messages:/home/mscrobotics2425laptop4/LEO-ROVER-CODING/install/nav_final:/home/mscrobotics2425laptop4/LEO-ROVER-CODING/install/leo_realsense:/home/mscrobotics2425laptop4/LEO-ROVER-CODING/install/leo_manipulator:/home/mscrobotics2425laptop4/LEO-ROVER-CODING/install/leo_main:/home/mscrobotics2425laptop4/LEO-ROVER-CODING/install/leo_launcher:/home/mscrobotics2425laptop4/LEO-ROVER-CODING/install/leo_launch:/home/mscrobotics2425laptop4/LEO-ROVER-CODING/install/interbotix_xs_modules:/home/mscrobotics2425laptop4/LEO-ROVER-CODING/install/interbotix_perception_modules:/home/mscrobotics2425laptop4/LEO-ROVER-CODING/install/interbotix_common_modules:/home/mscrobotics2425laptop4/interbotix_ws/install/ros_cv_messages:/home/mscrobotics2425laptop4/interbotix_ws/install/leo_realsense:/home/mscrobotics2425laptop4/interbotix_ws/install/leo_manipulator:/home/mscrobotics2425laptop4/interbotix_ws/install/leo_main:/home/mscrobotics2425laptop4/interbotix_ws/install/leo_launch:/home/mscrobotics2425laptop4/interbotix_ws/install/interbotix_xs_modules:/home/mscrobotics2425laptop4/interbotix_ws/install/interbotix_perception_modules:/home/mscrobotics2425laptop4/interbotix_ws/install/interbotix_common_modules:/home/mscrobotics2425laptop4/ros2_tutorial_workspace/install/the_simplest_python_package:/home/mscrobotics2425laptop4/ros2_tutorial_workspace/install/test_package:/home/mscrobotics2425laptop4/ros2_tutorial_workspace/install/python_package_with_a_node:/home/mscrobotics2425laptop4/ros2_tutorial_workspace/install/python_package_that_uses_the_library:/home/mscrobotics2425laptop4/ros2_tutorial_workspace/install/python_package_with_a_library:/home/mscrobotics2425laptop4/ros2_tutorial_workspace/install/python_package_that_uses_the_services:/home/mscrobotics2425laptop4/ros2_tutorial_workspace/install/python_package_that_uses_the_messages:/home/mscrobotics2425laptop4/ros2_tutorial_workspace/install/python_package_that_uses_parameters_and_launch_files:/home/mscrobotics2425laptop4/ros2_tutorial_workspace/install/navigation_leo:/home/mscrobotics2425laptop4/ros2_tutorial_workspace/install/navigation_demos_custom_map:/home/mscrobotics2425laptop4/ros2_tutorial_workspace/install/navigation_demos:/home/mscrobotics2425laptop4/ros2_tutorial_workspace/install/m_explore_toggle:/home/mscrobotics2425laptop4/ros2_tutorial_workspace/install/lidar_emulator:/home/mscrobotics2425laptop4/ros2_tutorial_workspace/install/leo_team9:/home/mscrobotics2425laptop4/ros2_tutorial_workspace/install/gz_example_robot_description:/home/mscrobotics2425laptop4/ros2_tutorial_workspace/install/example_urdf_robot:/home/mscrobotics2425laptop4/ros2_tutorial_workspace/install/example_urdf_description:/home/mscrobotics2425laptop4/ros2_tutorial_workspace/install/example_gz_robot:/home/mscrobotics2425laptop4/ros2_tutorial_workspace/install/custom_server_package:/home/mscrobotics2425laptop4/ros2_tutorial_workspace/install/custom_client_package:/home/mscrobotics2425laptop4/ros2_tutorial_workspace/install/challenge_package:/home/mscrobotics2425laptop4/ros2_tutorial_workspace/install/bt_demos:/opt/ros/humble /usr/bin/cmake --install /home/mscrobotics2425laptop4/LEO-ROVER-CODING/build/explore_lite
