running egg_info
creating ../build/autohsvtune/autohsvtune.egg-info
writing ../build/autohsvtune/autohsvtune.egg-info/PKG-INFO
writing dependency_links to ../build/autohsvtune/autohsvtune.egg-info/dependency_links.txt
writing entry points to ../build/autohsvtune/autohsvtune.egg-info/entry_points.txt
writing requirements to ../build/autohsvtune/autohsvtune.egg-info/requires.txt
writing top-level names to ../build/autohsvtune/autohsvtune.egg-info/top_level.txt
writing manifest file '../build/autohsvtune/autohsvtune.egg-info/SOURCES.txt'
reading manifest file '../build/autohsvtune/autohsvtune.egg-info/SOURCES.txt'
writing manifest file '../build/autohsvtune/autohsvtune.egg-info/SOURCES.txt'
running build
running build_py
creating /home/mscrobotics2425laptop4/LEO-ROVER-CODING/build/autohsvtune/build
creating /home/mscrobotics2425laptop4/LEO-ROVER-CODING/build/autohsvtune/build/lib
creating /home/mscrobotics2425laptop4/LEO-ROVER-CODING/build/autohsvtune/build/lib/autohsvtune
copying autohsvtune/__init__.py -> /home/mscrobotics2425laptop4/LEO-ROVER-CODING/build/autohsvtune/build/lib/autohsvtune
copying autohsvtune/autohsvtune.py -> /home/mscrobotics2425laptop4/LEO-ROVER-CODING/build/autohsvtune/build/lib/autohsvtune
running install
running install_lib
creating /home/mscrobotics2425laptop4/LEO-ROVER-CODING/install/autohsvtune/lib/python3.10/site-packages/autohsvtune
copying /home/mscrobotics2425laptop4/LEO-ROVER-CODING/build/autohsvtune/build/lib/autohsvtune/__init__.py -> /home/mscrobotics2425laptop4/LEO-ROVER-CODING/install/autohsvtune/lib/python3.10/site-packages/autohsvtune
copying /home/mscrobotics2425laptop4/LEO-ROVER-CODING/build/autohsvtune/build/lib/autohsvtune/autohsvtune.py -> /home/mscrobotics2425laptop4/LEO-ROVER-CODING/install/autohsvtune/lib/python3.10/site-packages/autohsvtune
byte-compiling /home/mscrobotics2425laptop4/LEO-ROVER-CODING/install/autohsvtune/lib/python3.10/site-packages/autohsvtune/__init__.py to __init__.cpython-310.pyc
byte-compiling /home/mscrobotics2425laptop4/LEO-ROVER-CODING/install/autohsvtune/lib/python3.10/site-packages/autohsvtune/autohsvtune.py to autohsvtune.cpython-310.pyc
running install_data
creating /home/mscrobotics2425laptop4/LEO-ROVER-CODING/install/autohsvtune/share/ament_index
creating /home/mscrobotics2425laptop4/LEO-ROVER-CODING/install/autohsvtune/share/ament_index/resource_index
creating /home/mscrobotics2425laptop4/LEO-ROVER-CODING/install/autohsvtune/share/ament_index/resource_index/packages
copying resource/autohsvtune -> /home/mscrobotics2425laptop4/LEO-ROVER-CODING/install/autohsvtune/share/ament_index/resource_index/packages
copying package.xml -> /home/mscrobotics2425laptop4/LEO-ROVER-CODING/install/autohsvtune/share/autohsvtune
running install_egg_info
Copying ../build/autohsvtune/autohsvtune.egg-info to /home/mscrobotics2425laptop4/LEO-ROVER-CODING/install/autohsvtune/lib/python3.10/site-packages/autohsvtune-0.0.0-py3.10.egg-info
running install_scripts
Installing autohsvtune script to /home/mscrobotics2425laptop4/LEO-ROVER-CODING/install/autohsvtune/lib/autohsvtune
writing list of installed files to '/home/mscrobotics2425laptop4/LEO-ROVER-CODING/build/autohsvtune/install.log'
