[1.783s] Invoking command in '/home/mscrobotics2425laptop4/LEO-ROVER-CODING/autohsvtune': PYTHONPATH=/home/mscrobotics2425laptop4/LEO-ROVER-CODING/build/autohsvtune/prefix_override:/usr/lib/python3/dist-packages/colcon_core/task/python/colcon_distutils_commands:/home/mscrobotics2425laptop4/LEO-ROVER-CODING/install/autohsvtune/lib/python3.10/site-packages:${PYTHONPATH} /usr/bin/python3 -W ignore:setup.py install is deprecated -W ignore:easy_install command is deprecated setup.py egg_info --egg-base ../build/autohsvtune build --build-base /home/mscrobotics2425laptop4/LEO-ROVER-CODING/build/autohsvtune/build install --record /home/mscrobotics2425laptop4/LEO-ROVER-CODING/build/autohsvtune/install.log --single-version-externally-managed install_data
[2.171s] running egg_info
[2.171s] creating ../build/autohsvtune/autohsvtune.egg-info
[2.171s] writing ../build/autohsvtune/autohsvtune.egg-info/PKG-INFO
[2.172s] writing dependency_links to ../build/autohsvtune/autohsvtune.egg-info/dependency_links.txt
[2.172s] writing entry points to ../build/autohsvtune/autohsvtune.egg-info/entry_points.txt
[2.172s] writing requirements to ../build/autohsvtune/autohsvtune.egg-info/requires.txt
[2.172s] writing top-level names to ../build/autohsvtune/autohsvtune.egg-info/top_level.txt
[2.172s] writing manifest file '../build/autohsvtune/autohsvtune.egg-info/SOURCES.txt'
[2.175s] reading manifest file '../build/autohsvtune/autohsvtune.egg-info/SOURCES.txt'
[2.176s] writing manifest file '../build/autohsvtune/autohsvtune.egg-info/SOURCES.txt'
[2.176s] running build
[2.176s] running build_py
[2.176s] creating /home/mscrobotics2425laptop4/LEO-ROVER-CODING/build/autohsvtune/build
[2.176s] creating /home/mscrobotics2425laptop4/LEO-ROVER-CODING/build/autohsvtune/build/lib
[2.176s] creating /home/mscrobotics2425laptop4/LEO-ROVER-CODING/build/autohsvtune/build/lib/autohsvtune
[2.176s] copying autohsvtune/__init__.py -> /home/mscrobotics2425laptop4/LEO-ROVER-CODING/build/autohsvtune/build/lib/autohsvtune
[2.176s] copying autohsvtune/autohsvtune.py -> /home/mscrobotics2425laptop4/LEO-ROVER-CODING/build/autohsvtune/build/lib/autohsvtune
[2.177s] running install
[2.177s] running install_lib
[2.178s] creating /home/mscrobotics2425laptop4/LEO-ROVER-CODING/install/autohsvtune/lib/python3.10/site-packages/autohsvtune
[2.178s] copying /home/mscrobotics2425laptop4/LEO-ROVER-CODING/build/autohsvtune/build/lib/autohsvtune/__init__.py -> /home/mscrobotics2425laptop4/LEO-ROVER-CODING/install/autohsvtune/lib/python3.10/site-packages/autohsvtune
[2.178s] copying /home/mscrobotics2425laptop4/LEO-ROVER-CODING/build/autohsvtune/build/lib/autohsvtune/autohsvtune.py -> /home/mscrobotics2425laptop4/LEO-ROVER-CODING/install/autohsvtune/lib/python3.10/site-packages/autohsvtune
[2.179s] byte-compiling /home/mscrobotics2425laptop4/LEO-ROVER-CODING/install/autohsvtune/lib/python3.10/site-packages/autohsvtune/__init__.py to __init__.cpython-310.pyc
[2.179s] byte-compiling /home/mscrobotics2425laptop4/LEO-ROVER-CODING/install/autohsvtune/lib/python3.10/site-packages/autohsvtune/autohsvtune.py to autohsvtune.cpython-310.pyc
[2.180s] running install_data
[2.180s] creating /home/mscrobotics2425laptop4/LEO-ROVER-CODING/install/autohsvtune/share/ament_index
[2.180s] creating /home/mscrobotics2425laptop4/LEO-ROVER-CODING/install/autohsvtune/share/ament_index/resource_index
[2.180s] creating /home/mscrobotics2425laptop4/LEO-ROVER-CODING/install/autohsvtune/share/ament_index/resource_index/packages
[2.181s] copying resource/autohsvtune -> /home/mscrobotics2425laptop4/LEO-ROVER-CODING/install/autohsvtune/share/ament_index/resource_index/packages
[2.181s] copying package.xml -> /home/mscrobotics2425laptop4/LEO-ROVER-CODING/install/autohsvtune/share/autohsvtune
[2.181s] running install_egg_info
[2.185s] Copying ../build/autohsvtune/autohsvtune.egg-info to /home/mscrobotics2425laptop4/LEO-ROVER-CODING/install/autohsvtune/lib/python3.10/site-packages/autohsvtune-0.0.0-py3.10.egg-info
[2.187s] running install_scripts
[2.216s] Installing autohsvtune script to /home/mscrobotics2425laptop4/LEO-ROVER-CODING/install/autohsvtune/lib/autohsvtune
[2.216s] writing list of installed files to '/home/mscrobotics2425laptop4/LEO-ROVER-CODING/build/autohsvtune/install.log'
[2.324s] Invoked command in '/home/mscrobotics2425laptop4/LEO-ROVER-CODING/autohsvtune' returned '0': PYTHONPATH=/home/mscrobotics2425laptop4/LEO-ROVER-CODING/build/autohsvtune/prefix_override:/usr/lib/python3/dist-packages/colcon_core/task/python/colcon_distutils_commands:/home/mscrobotics2425laptop4/LEO-ROVER-CODING/install/autohsvtune/lib/python3.10/site-packages:${PYTHONPATH} /usr/bin/python3 -W ignore:setup.py install is deprecated -W ignore:easy_install command is deprecated setup.py egg_info --egg-base ../build/autohsvtune build --build-base /home/mscrobotics2425laptop4/LEO-ROVER-CODING/build/autohsvtune/build install --record /home/mscrobotics2425laptop4/LEO-ROVER-CODING/build/autohsvtune/install.log --single-version-externally-managed install_data
