[0.563s] Invoking command in '/home/mscrobotics2425laptop4/interbotix_ws/build/explore_lite': CMAKE_PREFIX_PATH=${CMAKE_PREFIX_PATH}:/home/mscrobotics2425laptop4/interbotix_ws/install/ros_cv_messages:/home/mscrobotics2425laptop4/interbotix_ws/install/leo_realsense:/home/mscrobotics2425laptop4/interbotix_ws/install/leo_manipulator:/home/mscrobotics2425laptop4/interbotix_ws/install/leo_main:/home/mscrobotics2425laptop4/interbotix_ws/install/leo_launch:/home/mscrobotics2425laptop4/interbotix_ws/install/interbotix_xs_modules:/home/mscrobotics2425laptop4/interbotix_ws/install/interbotix_perception_modules:/home/mscrobotics2425laptop4/interbotix_ws/install/interbotix_common_modules:/opt/ros/humble /usr/bin/cmake /home/mscrobotics2425laptop4/interbotix_ws/src/m-explore-ros2-main/explore -DCMAKE_INSTALL_PREFIX=/home/mscrobotics2425laptop4/interbotix_ws/install/explore_lite
[1.581s] -- The C compiler identification is GNU 11.4.0
[1.581s] -- The CXX compiler identification is GNU 11.4.0
[1.581s] -- Detecting C compiler ABI info
[1.581s] -- Detecting C compiler ABI info - done
[1.581s] -- Check for working C compiler: /usr/bin/cc - skipped
[1.581s] -- Detecting C compile features
[1.581s] -- Detecting C compile features - done
[1.581s] -- Detecting CXX compiler ABI info
[1.600s] -- Detecting CXX compiler ABI info - done
[1.621s] -- Check for working CXX compiler: /usr/bin/c++ - skipped
[1.621s] -- Detecting CXX compile features
[1.621s] -- Detecting CXX compile features - done
[1.622s] -- BuilD for ROS2: humble
[1.774s] -- Found ament_cmake: 1.3.11 (/opt/ros/humble/share/ament_cmake/cmake)
[2.149s] -- Found Python3: /usr/bin/python3 (found version "3.10.12") found components: Interpreter 
[2.516s] -- Found rclcpp: 16.0.11 (/opt/ros/humble/share/rclcpp/cmake)
[2.754s] -- Found rosidl_generator_c: 3.1.6 (/opt/ros/humble/share/rosidl_generator_c/cmake)
[2.780s] -- Found rosidl_adapter: 3.1.6 (/opt/ros/humble/share/rosidl_adapter/cmake)
[2.831s] -- Found rosidl_generator_cpp: 3.1.6 (/opt/ros/humble/share/rosidl_generator_cpp/cmake)
[2.889s] -- Using all available rosidl_typesupport_c: rosidl_typesupport_fastrtps_c;rosidl_typesupport_introspection_c
[2.949s] -- Using all available rosidl_typesupport_cpp: rosidl_typesupport_fastrtps_cpp;rosidl_typesupport_introspection_cpp
[3.149s] -- Found rmw_implementation_cmake: 6.1.2 (/opt/ros/humble/share/rmw_implementation_cmake/cmake)
[3.170s] -- Found rmw_fastrtps_cpp: 6.2.7 (/opt/ros/humble/share/rmw_fastrtps_cpp/cmake)
[3.438s] -- Found OpenSSL: /usr/lib/x86_64-linux-gnu/libcrypto.so (found version "3.0.2")  
[3.535s] -- Found FastRTPS: /opt/ros/humble/include  
[3.680s] -- Using RMW implementation 'rmw_fastrtps_cpp' as default
[3.744s] -- Looking for pthread.h
[3.941s] -- Looking for pthread.h - found
[3.942s] -- Performing Test CMAKE_HAVE_LIBC_PTHREAD
[4.134s] -- Performing Test CMAKE_HAVE_LIBC_PTHREAD - Success
[4.136s] -- Found Threads: TRUE  
[4.375s] -- Found sensor_msgs: 4.2.4 (/opt/ros/humble/share/sensor_msgs/cmake)
[4.482s] -- Found tf2_ros: 0.25.12 (/opt/ros/humble/share/tf2_ros/cmake)
[4.849s] -- Found tf2_geometry_msgs: 0.25.12 (/opt/ros/humble/share/tf2_geometry_msgs/cmake)
[4.889s] -- Found eigen3_cmake_module: 0.1.1 (/opt/ros/humble/share/eigen3_cmake_module/cmake)
[4.892s] -- Found Eigen3: TRUE (found version "3.4.0") 
[4.892s] -- Ensuring Eigen3 include directory is part of orocos-kdl CMake target
[4.901s] -- Found nav2_msgs: 1.1.18 (/opt/ros/humble/share/nav2_msgs/cmake)
[4.983s] -- Found map_msgs: 2.1.0 (/opt/ros/humble/share/map_msgs/cmake)
[5.032s] -- Found visualization_msgs: 4.2.4 (/opt/ros/humble/share/visualization_msgs/cmake)
[5.116s] [31mCMake Error at CMakeLists.txt:44 (find_package):
[5.117s]   By not providing "Findnav2_costmap_2d.cmake" in CMAKE_MODULE_PATH this
[5.117s]   project has asked CMake to find a package configuration file provided by
[5.117s]   "nav2_costmap_2d", but CMake did not find one.
[5.117s] 
[5.117s]   Could not find a package configuration file provided by "nav2_costmap_2d"
[5.117s]   with any of the following names:
[5.117s] 
[5.117s]     nav2_costmap_2dConfig.cmake
[5.118s]     nav2_costmap_2d-config.cmake
[5.118s] 
[5.118s]   Add the installation prefix of "nav2_costmap_2d" to CMAKE_PREFIX_PATH or
[5.118s]   set "nav2_costmap_2d_DIR" to a directory containing one of the above files.
[5.118s]   If "nav2_costmap_2d" provides a separate development package or SDK, be
[5.118s]   sure it has been installed.
[5.118s] 
[5.118s] [0m
[5.118s] -- Configuring incomplete, errors occurred!
[5.118s] See also "/home/mscrobotics2425laptop4/interbotix_ws/build/explore_lite/CMakeFiles/CMakeOutput.log".
[5.463s] Invoked command in '/home/mscrobotics2425laptop4/interbotix_ws/build/explore_lite' returned '1': CMAKE_PREFIX_PATH=${CMAKE_PREFIX_PATH}:/home/mscrobotics2425laptop4/interbotix_ws/install/ros_cv_messages:/home/mscrobotics2425laptop4/interbotix_ws/install/leo_realsense:/home/mscrobotics2425laptop4/interbotix_ws/install/leo_manipulator:/home/mscrobotics2425laptop4/interbotix_ws/install/leo_main:/home/mscrobotics2425laptop4/interbotix_ws/install/leo_launch:/home/mscrobotics2425laptop4/interbotix_ws/install/interbotix_xs_modules:/home/mscrobotics2425laptop4/interbotix_ws/install/interbotix_perception_modules:/home/mscrobotics2425laptop4/interbotix_ws/install/interbotix_common_modules:/opt/ros/humble /usr/bin/cmake /home/mscrobotics2425laptop4/interbotix_ws/src/m-explore-ros2-main/explore -DCMAKE_INSTALL_PREFIX=/home/mscrobotics2425laptop4/interbotix_ws/install/explore_lite
