[0.283s] Invoking command in '/home/mscrobotics2425laptop4/LEO-ROVER-CODING/build/interbotix_moveit_interface_msgs': CMAKE_PREFIX_PATH=${CMAKE_PREFIX_PATH}:/home/mscrobotics2425laptop4/LEO-ROVER-CODING/install/ros_cv_messages:/home/mscrobotics2425laptop4/LEO-ROVER-CODING/install/nav_final:/home/mscrobotics2425laptop4/LEO-ROVER-CODING/install/leo_realsense:/home/mscrobotics2425laptop4/LEO-ROVER-CODING/install/leo_manipulator:/home/mscrobotics2425laptop4/LEO-ROVER-CODING/install/leo_main:/home/mscrobotics2425laptop4/LEO-ROVER-CODING/install/leo_launcher:/home/mscrobotics2425laptop4/LEO-ROVER-CODING/install/leo_launch:/home/mscrobotics2425laptop4/LEO-ROVER-CODING/install/interbotix_xs_modules:/home/mscrobotics2425laptop4/LEO-ROVER-CODING/install/interbotix_perception_modules:/home/mscrobotics2425laptop4/LEO-ROVER-CODING/install/interbotix_common_modules:/home/mscrobotics2425laptop4/interbotix_ws/install/ros_cv_messages:/home/mscrobotics2425laptop4/interbotix_ws/install/leo_realsense:/home/mscrobotics2425laptop4/interbotix_ws/install/leo_manipulator:/home/mscrobotics2425laptop4/interbotix_ws/install/leo_main:/home/mscrobotics2425laptop4/interbotix_ws/install/leo_launch:/home/mscrobotics2425laptop4/interbotix_ws/install/interbotix_xs_modules:/home/mscrobotics2425laptop4/interbotix_ws/install/interbotix_perception_modules:/home/mscrobotics2425laptop4/interbotix_ws/install/interbotix_common_modules:/home/mscrobotics2425laptop4/ros2_tutorial_workspace/install/the_simplest_python_package:/home/mscrobotics2425laptop4/ros2_tutorial_workspace/install/test_package:/home/mscrobotics2425laptop4/ros2_tutorial_workspace/install/python_package_with_a_node:/home/mscrobotics2425laptop4/ros2_tutorial_workspace/install/python_package_that_uses_the_library:/home/mscrobotics2425laptop4/ros2_tutorial_workspace/install/python_package_with_a_library:/home/mscrobotics2425laptop4/ros2_tutorial_workspace/install/python_package_that_uses_the_services:/home/mscrobotics2425laptop4/ros2_tutorial_workspace/install/python_package_that_uses_the_messages:/home/mscrobotics2425laptop4/ros2_tutorial_workspace/install/python_package_that_uses_parameters_and_launch_files:/home/mscrobotics2425laptop4/ros2_tutorial_workspace/install/navigation_leo:/home/mscrobotics2425laptop4/ros2_tutorial_workspace/install/navigation_demos_custom_map:/home/mscrobotics2425laptop4/ros2_tutorial_workspace/install/navigation_demos:/home/mscrobotics2425laptop4/ros2_tutorial_workspace/install/m_explore_toggle:/home/mscrobotics2425laptop4/ros2_tutorial_workspace/install/lidar_emulator:/home/mscrobotics2425laptop4/ros2_tutorial_workspace/install/leo_team9:/home/mscrobotics2425laptop4/ros2_tutorial_workspace/install/gz_example_robot_description:/home/mscrobotics2425laptop4/ros2_tutorial_workspace/install/example_urdf_robot:/home/mscrobotics2425laptop4/ros2_tutorial_workspace/install/example_urdf_description:/home/mscrobotics2425laptop4/ros2_tutorial_workspace/install/example_gz_robot:/home/mscrobotics2425laptop4/ros2_tutorial_workspace/install/custom_server_package:/home/mscrobotics2425laptop4/ros2_tutorial_workspace/install/custom_client_package:/home/mscrobotics2425laptop4/ros2_tutorial_workspace/install/challenge_package:/home/mscrobotics2425laptop4/ros2_tutorial_workspace/install/bt_demos:/opt/ros/humble /usr/bin/cmake --build /home/mscrobotics2425laptop4/LEO-ROVER-CODING/build/interbotix_moveit_interface_msgs -- -j12 -l12
[0.376s] [  9%] Built target interbotix_moveit_interface_msgs__rosidl_generator_c
[0.392s] [  9%] Built target ament_cmake_python_copy_interbotix_moveit_interface_msgs
[0.422s] [ 12%] Built target interbotix_moveit_interface_msgs__cpp
[0.450s] [ 22%] Built target interbotix_moveit_interface_msgs__rosidl_typesupport_fastrtps_c
[0.450s] [ 32%] Built target interbotix_moveit_interface_msgs__rosidl_typesupport_introspection_cpp
[0.512s] [ 41%] Built target interbotix_moveit_interface_msgs__rosidl_typesupport_introspection_c
[0.528s] [ 51%] Built target interbotix_moveit_interface_msgs__rosidl_typesupport_c
[0.528s] [ 61%] Built target interbotix_moveit_interface_msgs__rosidl_typesupport_cpp
[0.528s] [ 70%] Built target interbotix_moveit_interface_msgs__rosidl_typesupport_fastrtps_cpp
[0.577s] [ 70%] Built target interbotix_moveit_interface_msgs
[0.615s] [ 74%] Built target interbotix_moveit_interface_msgs__py
[0.650s] [ 80%] Built target interbotix_moveit_interface_msgs__rosidl_generator_py
[0.697s] [ 87%] Built target interbotix_moveit_interface_msgs__rosidl_typesupport_c__pyext
[0.699s] [ 93%] Built target interbotix_moveit_interface_msgs__rosidl_typesupport_fastrtps_c__pyext
[0.710s] [100%] Built target interbotix_moveit_interface_msgs__rosidl_typesupport_introspection_c__pyext
[0.922s] running egg_info
[0.923s] writing interbotix_moveit_interface_msgs.egg-info/PKG-INFO
[0.923s] writing dependency_links to interbotix_moveit_interface_msgs.egg-info/dependency_links.txt
[0.923s] writing top-level names to interbotix_moveit_interface_msgs.egg-info/top_level.txt
[0.926s] reading manifest file 'interbotix_moveit_interface_msgs.egg-info/SOURCES.txt'
[0.926s] writing manifest file 'interbotix_moveit_interface_msgs.egg-info/SOURCES.txt'
[0.965s] [100%] Built target ament_cmake_python_build_interbotix_moveit_interface_msgs_egg
[1.068s] Invoked command in '/home/mscrobotics2425laptop4/LEO-ROVER-CODING/build/interbotix_moveit_interface_msgs' returned '0': CMAKE_PREFIX_PATH=${CMAKE_PREFIX_PATH}:/home/mscrobotics2425laptop4/LEO-ROVER-CODING/install/ros_cv_messages:/home/mscrobotics2425laptop4/LEO-ROVER-CODING/install/nav_final:/home/mscrobotics2425laptop4/LEO-ROVER-CODING/install/leo_realsense:/home/mscrobotics2425laptop4/LEO-ROVER-CODING/install/leo_manipulator:/home/mscrobotics2425laptop4/LEO-ROVER-CODING/install/leo_main:/home/mscrobotics2425laptop4/LEO-ROVER-CODING/install/leo_launcher:/home/mscrobotics2425laptop4/LEO-ROVER-CODING/install/leo_launch:/home/mscrobotics2425laptop4/LEO-ROVER-CODING/install/interbotix_xs_modules:/home/mscrobotics2425laptop4/LEO-ROVER-CODING/install/interbotix_perception_modules:/home/mscrobotics2425laptop4/LEO-ROVER-CODING/install/interbotix_common_modules:/home/mscrobotics2425laptop4/interbotix_ws/install/ros_cv_messages:/home/mscrobotics2425laptop4/interbotix_ws/install/leo_realsense:/home/mscrobotics2425laptop4/interbotix_ws/install/leo_manipulator:/home/mscrobotics2425laptop4/interbotix_ws/install/leo_main:/home/mscrobotics2425laptop4/interbotix_ws/install/leo_launch:/home/mscrobotics2425laptop4/interbotix_ws/install/interbotix_xs_modules:/home/mscrobotics2425laptop4/interbotix_ws/install/interbotix_perception_modules:/home/mscrobotics2425laptop4/interbotix_ws/install/interbotix_common_modules:/home/mscrobotics2425laptop4/ros2_tutorial_workspace/install/the_simplest_python_package:/home/mscrobotics2425laptop4/ros2_tutorial_workspace/install/test_package:/home/mscrobotics2425laptop4/ros2_tutorial_workspace/install/python_package_with_a_node:/home/mscrobotics2425laptop4/ros2_tutorial_workspace/install/python_package_that_uses_the_library:/home/mscrobotics2425laptop4/ros2_tutorial_workspace/install/python_package_with_a_library:/home/mscrobotics2425laptop4/ros2_tutorial_workspace/install/python_package_that_uses_the_services:/home/mscrobotics2425laptop4/ros2_tutorial_workspace/install/python_package_that_uses_the_messages:/home/mscrobotics2425laptop4/ros2_tutorial_workspace/install/python_package_that_uses_parameters_and_launch_files:/home/mscrobotics2425laptop4/ros2_tutorial_workspace/install/navigation_leo:/home/mscrobotics2425laptop4/ros2_tutorial_workspace/install/navigation_demos_custom_map:/home/mscrobotics2425laptop4/ros2_tutorial_workspace/install/navigation_demos:/home/mscrobotics2425laptop4/ros2_tutorial_workspace/install/m_explore_toggle:/home/mscrobotics2425laptop4/ros2_tutorial_workspace/install/lidar_emulator:/home/mscrobotics2425laptop4/ros2_tutorial_workspace/install/leo_team9:/home/mscrobotics2425laptop4/ros2_tutorial_workspace/install/gz_example_robot_description:/home/mscrobotics2425laptop4/ros2_tutorial_workspace/install/example_urdf_robot:/home/mscrobotics2425laptop4/ros2_tutorial_workspace/install/example_urdf_description:/home/mscrobotics2425laptop4/ros2_tutorial_workspace/install/example_gz_robot:/home/mscrobotics2425laptop4/ros2_tutorial_workspace/install/custom_server_package:/home/mscrobotics2425laptop4/ros2_tutorial_workspace/install/custom_client_package:/home/mscrobotics2425laptop4/ros2_tutorial_workspace/install/challenge_package:/home/mscrobotics2425laptop4/ros2_tutorial_workspace/install/bt_demos:/opt/ros/humble /usr/bin/cmake --build /home/mscrobotics2425laptop4/LEO-ROVER-CODING/build/interbotix_moveit_interface_msgs -- -j12 -l12
[1.069s] Invoking command in '/home/mscrobotics2425laptop4/LEO-ROVER-CODING/build/interbotix_moveit_interface_msgs': CMAKE_PREFIX_PATH=${CMAKE_PREFIX_PATH}:/home/mscrobotics2425laptop4/LEO-ROVER-CODING/install/ros_cv_messages:/home/mscrobotics2425laptop4/LEO-ROVER-CODING/install/nav_final:/home/mscrobotics2425laptop4/LEO-ROVER-CODING/install/leo_realsense:/home/mscrobotics2425laptop4/LEO-ROVER-CODING/install/leo_manipulator:/home/mscrobotics2425laptop4/LEO-ROVER-CODING/install/leo_main:/home/mscrobotics2425laptop4/LEO-ROVER-CODING/install/leo_launcher:/home/mscrobotics2425laptop4/LEO-ROVER-CODING/install/leo_launch:/home/mscrobotics2425laptop4/LEO-ROVER-CODING/install/interbotix_xs_modules:/home/mscrobotics2425laptop4/LEO-ROVER-CODING/install/interbotix_perception_modules:/home/mscrobotics2425laptop4/LEO-ROVER-CODING/install/interbotix_common_modules:/home/mscrobotics2425laptop4/interbotix_ws/install/ros_cv_messages:/home/mscrobotics2425laptop4/interbotix_ws/install/leo_realsense:/home/mscrobotics2425laptop4/interbotix_ws/install/leo_manipulator:/home/mscrobotics2425laptop4/interbotix_ws/install/leo_main:/home/mscrobotics2425laptop4/interbotix_ws/install/leo_launch:/home/mscrobotics2425laptop4/interbotix_ws/install/interbotix_xs_modules:/home/mscrobotics2425laptop4/interbotix_ws/install/interbotix_perception_modules:/home/mscrobotics2425laptop4/interbotix_ws/install/interbotix_common_modules:/home/mscrobotics2425laptop4/ros2_tutorial_workspace/install/the_simplest_python_package:/home/mscrobotics2425laptop4/ros2_tutorial_workspace/install/test_package:/home/mscrobotics2425laptop4/ros2_tutorial_workspace/install/python_package_with_a_node:/home/mscrobotics2425laptop4/ros2_tutorial_workspace/install/python_package_that_uses_the_library:/home/mscrobotics2425laptop4/ros2_tutorial_workspace/install/python_package_with_a_library:/home/mscrobotics2425laptop4/ros2_tutorial_workspace/install/python_package_that_uses_the_services:/home/mscrobotics2425laptop4/ros2_tutorial_workspace/install/python_package_that_uses_the_messages:/home/mscrobotics2425laptop4/ros2_tutorial_workspace/install/python_package_that_uses_parameters_and_launch_files:/home/mscrobotics2425laptop4/ros2_tutorial_workspace/install/navigation_leo:/home/mscrobotics2425laptop4/ros2_tutorial_workspace/install/navigation_demos_custom_map:/home/mscrobotics2425laptop4/ros2_tutorial_workspace/install/navigation_demos:/home/mscrobotics2425laptop4/ros2_tutorial_workspace/install/m_explore_toggle:/home/mscrobotics2425laptop4/ros2_tutorial_workspace/install/lidar_emulator:/home/mscrobotics2425laptop4/ros2_tutorial_workspace/install/leo_team9:/home/mscrobotics2425laptop4/ros2_tutorial_workspace/install/gz_example_robot_description:/home/mscrobotics2425laptop4/ros2_tutorial_workspace/install/example_urdf_robot:/home/mscrobotics2425laptop4/ros2_tutorial_workspace/install/example_urdf_description:/home/mscrobotics2425laptop4/ros2_tutorial_workspace/install/example_gz_robot:/home/mscrobotics2425laptop4/ros2_tutorial_workspace/install/custom_server_package:/home/mscrobotics2425laptop4/ros2_tutorial_workspace/install/custom_client_package:/home/mscrobotics2425laptop4/ros2_tutorial_workspace/install/challenge_package:/home/mscrobotics2425laptop4/ros2_tutorial_workspace/install/bt_demos:/opt/ros/humble /usr/bin/cmake --install /home/mscrobotics2425laptop4/LEO-ROVER-CODING/build/interbotix_moveit_interface_msgs
[1.129s] -- Install configuration: ""
[1.130s] -- Up-to-date: /home/mscrobotics2425laptop4/LEO-ROVER-CODING/install/interbotix_moveit_interface_msgs/share/ament_index/resource_index/rosidl_interfaces/interbotix_moveit_interface_msgs
[1.130s] -- Up-to-date: /home/mscrobotics2425laptop4/LEO-ROVER-CODING/install/interbotix_moveit_interface_msgs/include/interbotix_moveit_interface_msgs/interbotix_moveit_interface_msgs
[1.130s] -- Up-to-date: /home/mscrobotics2425laptop4/LEO-ROVER-CODING/install/interbotix_moveit_interface_msgs/include/interbotix_moveit_interface_msgs/interbotix_moveit_interface_msgs/msg
[1.130s] -- Up-to-date: /home/mscrobotics2425laptop4/LEO-ROVER-CODING/install/interbotix_moveit_interface_msgs/include/interbotix_moveit_interface_msgs/interbotix_moveit_interface_msgs/msg/rosidl_generator_c__visibility_control.h
[1.130s] -- Up-to-date: /home/mscrobotics2425laptop4/LEO-ROVER-CODING/install/interbotix_moveit_interface_msgs/include/interbotix_moveit_interface_msgs/interbotix_moveit_interface_msgs/srv
[1.130s] -- Up-to-date: /home/mscrobotics2425laptop4/LEO-ROVER-CODING/install/interbotix_moveit_interface_msgs/include/interbotix_moveit_interface_msgs/interbotix_moveit_interface_msgs/srv/move_it_plan.h
[1.130s] -- Up-to-date: /home/mscrobotics2425laptop4/LEO-ROVER-CODING/install/interbotix_moveit_interface_msgs/include/interbotix_moveit_interface_msgs/interbotix_moveit_interface_msgs/srv/detail
[1.130s] -- Up-to-date: /home/mscrobotics2425laptop4/LEO-ROVER-CODING/install/interbotix_moveit_interface_msgs/include/interbotix_moveit_interface_msgs/interbotix_moveit_interface_msgs/srv/detail/move_it_plan__type_support.h
[1.130s] -- Up-to-date: /home/mscrobotics2425laptop4/LEO-ROVER-CODING/install/interbotix_moveit_interface_msgs/include/interbotix_moveit_interface_msgs/interbotix_moveit_interface_msgs/srv/detail/move_it_plan__functions.c
[1.130s] -- Up-to-date: /home/mscrobotics2425laptop4/LEO-ROVER-CODING/install/interbotix_moveit_interface_msgs/include/interbotix_moveit_interface_msgs/interbotix_moveit_interface_msgs/srv/detail/move_it_plan__functions.h
[1.130s] -- Up-to-date: /home/mscrobotics2425laptop4/LEO-ROVER-CODING/install/interbotix_moveit_interface_msgs/include/interbotix_moveit_interface_msgs/interbotix_moveit_interface_msgs/srv/detail/move_it_plan__struct.h
[1.130s] -- Up-to-date: /home/mscrobotics2425laptop4/LEO-ROVER-CODING/install/interbotix_moveit_interface_msgs/share/interbotix_moveit_interface_msgs/environment/library_path.sh
[1.130s] -- Up-to-date: /home/mscrobotics2425laptop4/LEO-ROVER-CODING/install/interbotix_moveit_interface_msgs/share/interbotix_moveit_interface_msgs/environment/library_path.dsv
[1.130s] -- Up-to-date: /home/mscrobotics2425laptop4/LEO-ROVER-CODING/install/interbotix_moveit_interface_msgs/lib/libinterbotix_moveit_interface_msgs__rosidl_generator_c.so
[1.130s] -- Up-to-date: /home/mscrobotics2425laptop4/LEO-ROVER-CODING/install/interbotix_moveit_interface_msgs/include/interbotix_moveit_interface_msgs/interbotix_moveit_interface_msgs
[1.130s] -- Up-to-date: /home/mscrobotics2425laptop4/LEO-ROVER-CODING/install/interbotix_moveit_interface_msgs/include/interbotix_moveit_interface_msgs/interbotix_moveit_interface_msgs/msg
[1.130s] -- Up-to-date: /home/mscrobotics2425laptop4/LEO-ROVER-CODING/install/interbotix_moveit_interface_msgs/include/interbotix_moveit_interface_msgs/interbotix_moveit_interface_msgs/msg/rosidl_typesupport_fastrtps_c__visibility_control.h
[1.130s] -- Up-to-date: /home/mscrobotics2425laptop4/LEO-ROVER-CODING/install/interbotix_moveit_interface_msgs/include/interbotix_moveit_interface_msgs/interbotix_moveit_interface_msgs/srv
[1.130s] -- Up-to-date: /home/mscrobotics2425laptop4/LEO-ROVER-CODING/install/interbotix_moveit_interface_msgs/include/interbotix_moveit_interface_msgs/interbotix_moveit_interface_msgs/srv/detail
[1.130s] -- Up-to-date: /home/mscrobotics2425laptop4/LEO-ROVER-CODING/install/interbotix_moveit_interface_msgs/include/interbotix_moveit_interface_msgs/interbotix_moveit_interface_msgs/srv/detail/move_it_plan__rosidl_typesupport_fastrtps_c.h
[1.130s] -- Up-to-date: /home/mscrobotics2425laptop4/LEO-ROVER-CODING/install/interbotix_moveit_interface_msgs/lib/libinterbotix_moveit_interface_msgs__rosidl_typesupport_fastrtps_c.so
[1.130s] -- Up-to-date: /home/mscrobotics2425laptop4/LEO-ROVER-CODING/install/interbotix_moveit_interface_msgs/include/interbotix_moveit_interface_msgs/interbotix_moveit_interface_msgs
[1.130s] -- Up-to-date: /home/mscrobotics2425laptop4/LEO-ROVER-CODING/install/interbotix_moveit_interface_msgs/include/interbotix_moveit_interface_msgs/interbotix_moveit_interface_msgs/msg
[1.130s] -- Up-to-date: /home/mscrobotics2425laptop4/LEO-ROVER-CODING/install/interbotix_moveit_interface_msgs/include/interbotix_moveit_interface_msgs/interbotix_moveit_interface_msgs/msg/rosidl_typesupport_introspection_c__visibility_control.h
[1.130s] -- Up-to-date: /home/mscrobotics2425laptop4/LEO-ROVER-CODING/install/interbotix_moveit_interface_msgs/include/interbotix_moveit_interface_msgs/interbotix_moveit_interface_msgs/srv
[1.130s] -- Up-to-date: /home/mscrobotics2425laptop4/LEO-ROVER-CODING/install/interbotix_moveit_interface_msgs/include/interbotix_moveit_interface_msgs/interbotix_moveit_interface_msgs/srv/detail
[1.131s] -- Up-to-date: /home/mscrobotics2425laptop4/LEO-ROVER-CODING/install/interbotix_moveit_interface_msgs/include/interbotix_moveit_interface_msgs/interbotix_moveit_interface_msgs/srv/detail/move_it_plan__rosidl_typesupport_introspection_c.h
[1.131s] -- Up-to-date: /home/mscrobotics2425laptop4/LEO-ROVER-CODING/install/interbotix_moveit_interface_msgs/include/interbotix_moveit_interface_msgs/interbotix_moveit_interface_msgs/srv/detail/move_it_plan__type_support.c
[1.131s] -- Up-to-date: /home/mscrobotics2425laptop4/LEO-ROVER-CODING/install/interbotix_moveit_interface_msgs/lib/libinterbotix_moveit_interface_msgs__rosidl_typesupport_introspection_c.so
[1.131s] -- Up-to-date: /home/mscrobotics2425laptop4/LEO-ROVER-CODING/install/interbotix_moveit_interface_msgs/lib/libinterbotix_moveit_interface_msgs__rosidl_typesupport_c.so
[1.131s] -- Up-to-date: /home/mscrobotics2425laptop4/LEO-ROVER-CODING/install/interbotix_moveit_interface_msgs/include/interbotix_moveit_interface_msgs/interbotix_moveit_interface_msgs
[1.131s] -- Up-to-date: /home/mscrobotics2425laptop4/LEO-ROVER-CODING/install/interbotix_moveit_interface_msgs/include/interbotix_moveit_interface_msgs/interbotix_moveit_interface_msgs/msg
[1.131s] -- Up-to-date: /home/mscrobotics2425laptop4/LEO-ROVER-CODING/install/interbotix_moveit_interface_msgs/include/interbotix_moveit_interface_msgs/interbotix_moveit_interface_msgs/msg/rosidl_generator_cpp__visibility_control.hpp
[1.131s] -- Up-to-date: /home/mscrobotics2425laptop4/LEO-ROVER-CODING/install/interbotix_moveit_interface_msgs/include/interbotix_moveit_interface_msgs/interbotix_moveit_interface_msgs/srv
[1.131s] -- Up-to-date: /home/mscrobotics2425laptop4/LEO-ROVER-CODING/install/interbotix_moveit_interface_msgs/include/interbotix_moveit_interface_msgs/interbotix_moveit_interface_msgs/srv/move_it_plan.hpp
[1.131s] -- Up-to-date: /home/mscrobotics2425laptop4/LEO-ROVER-CODING/install/interbotix_moveit_interface_msgs/include/interbotix_moveit_interface_msgs/interbotix_moveit_interface_msgs/srv/detail
[1.131s] -- Up-to-date: /home/mscrobotics2425laptop4/LEO-ROVER-CODING/install/interbotix_moveit_interface_msgs/include/interbotix_moveit_interface_msgs/interbotix_moveit_interface_msgs/srv/detail/move_it_plan__struct.hpp
[1.131s] -- Up-to-date: /home/mscrobotics2425laptop4/LEO-ROVER-CODING/install/interbotix_moveit_interface_msgs/include/interbotix_moveit_interface_msgs/interbotix_moveit_interface_msgs/srv/detail/move_it_plan__builder.hpp
[1.131s] -- Up-to-date: /home/mscrobotics2425laptop4/LEO-ROVER-CODING/install/interbotix_moveit_interface_msgs/include/interbotix_moveit_interface_msgs/interbotix_moveit_interface_msgs/srv/detail/move_it_plan__traits.hpp
[1.131s] -- Up-to-date: /home/mscrobotics2425laptop4/LEO-ROVER-CODING/install/interbotix_moveit_interface_msgs/include/interbotix_moveit_interface_msgs/interbotix_moveit_interface_msgs/srv/detail/move_it_plan__type_support.hpp
[1.131s] -- Up-to-date: /home/mscrobotics2425laptop4/LEO-ROVER-CODING/install/interbotix_moveit_interface_msgs/include/interbotix_moveit_interface_msgs/interbotix_moveit_interface_msgs
[1.132s] -- Up-to-date: /home/mscrobotics2425laptop4/LEO-ROVER-CODING/install/interbotix_moveit_interface_msgs/include/interbotix_moveit_interface_msgs/interbotix_moveit_interface_msgs/msg
[1.132s] -- Up-to-date: /home/mscrobotics2425laptop4/LEO-ROVER-CODING/install/interbotix_moveit_interface_msgs/include/interbotix_moveit_interface_msgs/interbotix_moveit_interface_msgs/msg/rosidl_typesupport_fastrtps_cpp__visibility_control.h
[1.132s] -- Up-to-date: /home/mscrobotics2425laptop4/LEO-ROVER-CODING/install/interbotix_moveit_interface_msgs/include/interbotix_moveit_interface_msgs/interbotix_moveit_interface_msgs/srv
[1.132s] -- Up-to-date: /home/mscrobotics2425laptop4/LEO-ROVER-CODING/install/interbotix_moveit_interface_msgs/include/interbotix_moveit_interface_msgs/interbotix_moveit_interface_msgs/srv/detail
[1.132s] -- Up-to-date: /home/mscrobotics2425laptop4/LEO-ROVER-CODING/install/interbotix_moveit_interface_msgs/include/interbotix_moveit_interface_msgs/interbotix_moveit_interface_msgs/srv/detail/dds_fastrtps
[1.132s] -- Up-to-date: /home/mscrobotics2425laptop4/LEO-ROVER-CODING/install/interbotix_moveit_interface_msgs/include/interbotix_moveit_interface_msgs/interbotix_moveit_interface_msgs/srv/detail/move_it_plan__rosidl_typesupport_fastrtps_cpp.hpp
[1.132s] -- Up-to-date: /home/mscrobotics2425laptop4/LEO-ROVER-CODING/install/interbotix_moveit_interface_msgs/lib/libinterbotix_moveit_interface_msgs__rosidl_typesupport_fastrtps_cpp.so
[1.132s] -- Up-to-date: /home/mscrobotics2425laptop4/LEO-ROVER-CODING/install/interbotix_moveit_interface_msgs/include/interbotix_moveit_interface_msgs/interbotix_moveit_interface_msgs
[1.132s] -- Up-to-date: /home/mscrobotics2425laptop4/LEO-ROVER-CODING/install/interbotix_moveit_interface_msgs/include/interbotix_moveit_interface_msgs/interbotix_moveit_interface_msgs/srv
[1.132s] -- Up-to-date: /home/mscrobotics2425laptop4/LEO-ROVER-CODING/install/interbotix_moveit_interface_msgs/include/interbotix_moveit_interface_msgs/interbotix_moveit_interface_msgs/srv/detail
[1.132s] -- Up-to-date: /home/mscrobotics2425laptop4/LEO-ROVER-CODING/install/interbotix_moveit_interface_msgs/include/interbotix_moveit_interface_msgs/interbotix_moveit_interface_msgs/srv/detail/move_it_plan__rosidl_typesupport_introspection_cpp.hpp
[1.132s] -- Up-to-date: /home/mscrobotics2425laptop4/LEO-ROVER-CODING/install/interbotix_moveit_interface_msgs/include/interbotix_moveit_interface_msgs/interbotix_moveit_interface_msgs/srv/detail/move_it_plan__type_support.cpp
[1.133s] -- Up-to-date: /home/mscrobotics2425laptop4/LEO-ROVER-CODING/install/interbotix_moveit_interface_msgs/lib/libinterbotix_moveit_interface_msgs__rosidl_typesupport_introspection_cpp.so
[1.133s] -- Up-to-date: /home/mscrobotics2425laptop4/LEO-ROVER-CODING/install/interbotix_moveit_interface_msgs/lib/libinterbotix_moveit_interface_msgs__rosidl_typesupport_cpp.so
[1.133s] -- Up-to-date: /home/mscrobotics2425laptop4/LEO-ROVER-CODING/install/interbotix_moveit_interface_msgs/share/interbotix_moveit_interface_msgs/environment/pythonpath.sh
[1.133s] -- Up-to-date: /home/mscrobotics2425laptop4/LEO-ROVER-CODING/install/interbotix_moveit_interface_msgs/share/interbotix_moveit_interface_msgs/environment/pythonpath.dsv
[1.133s] -- Up-to-date: /home/mscrobotics2425laptop4/LEO-ROVER-CODING/install/interbotix_moveit_interface_msgs/local/lib/python3.10/dist-packages/interbotix_moveit_interface_msgs-0.0.0-py3.10.egg-info
[1.133s] -- Installing: /home/mscrobotics2425laptop4/LEO-ROVER-CODING/install/interbotix_moveit_interface_msgs/local/lib/python3.10/dist-packages/interbotix_moveit_interface_msgs-0.0.0-py3.10.egg-info/dependency_links.txt
[1.133s] -- Installing: /home/mscrobotics2425laptop4/LEO-ROVER-CODING/install/interbotix_moveit_interface_msgs/local/lib/python3.10/dist-packages/interbotix_moveit_interface_msgs-0.0.0-py3.10.egg-info/SOURCES.txt
[1.133s] -- Installing: /home/mscrobotics2425laptop4/LEO-ROVER-CODING/install/interbotix_moveit_interface_msgs/local/lib/python3.10/dist-packages/interbotix_moveit_interface_msgs-0.0.0-py3.10.egg-info/PKG-INFO
[1.133s] -- Installing: /home/mscrobotics2425laptop4/LEO-ROVER-CODING/install/interbotix_moveit_interface_msgs/local/lib/python3.10/dist-packages/interbotix_moveit_interface_msgs-0.0.0-py3.10.egg-info/top_level.txt
[1.134s] -- Up-to-date: /home/mscrobotics2425laptop4/LEO-ROVER-CODING/install/interbotix_moveit_interface_msgs/local/lib/python3.10/dist-packages/interbotix_moveit_interface_msgs
[1.134s] -- Up-to-date: /home/mscrobotics2425laptop4/LEO-ROVER-CODING/install/interbotix_moveit_interface_msgs/local/lib/python3.10/dist-packages/interbotix_moveit_interface_msgs/_interbotix_moveit_interface_msgs_s.ep.rosidl_typesupport_introspection_c.c
[1.134s] -- Up-to-date: /home/mscrobotics2425laptop4/LEO-ROVER-CODING/install/interbotix_moveit_interface_msgs/local/lib/python3.10/dist-packages/interbotix_moveit_interface_msgs/interbotix_moveit_interface_msgs_s__rosidl_typesupport_c.cpython-310-x86_64-linux-gnu.so
[1.135s] -- Up-to-date: /home/mscrobotics2425laptop4/LEO-ROVER-CODING/install/interbotix_moveit_interface_msgs/local/lib/python3.10/dist-packages/interbotix_moveit_interface_msgs/interbotix_moveit_interface_msgs_s__rosidl_typesupport_fastrtps_c.cpython-310-x86_64-linux-gnu.so
[1.135s] -- Up-to-date: /home/mscrobotics2425laptop4/LEO-ROVER-CODING/install/interbotix_moveit_interface_msgs/local/lib/python3.10/dist-packages/interbotix_moveit_interface_msgs/libinterbotix_moveit_interface_msgs__rosidl_generator_py.so
[1.135s] -- Up-to-date: /home/mscrobotics2425laptop4/LEO-ROVER-CODING/install/interbotix_moveit_interface_msgs/local/lib/python3.10/dist-packages/interbotix_moveit_interface_msgs/_interbotix_moveit_interface_msgs_s.ep.rosidl_typesupport_c.c
[1.135s] -- Up-to-date: /home/mscrobotics2425laptop4/LEO-ROVER-CODING/install/interbotix_moveit_interface_msgs/local/lib/python3.10/dist-packages/interbotix_moveit_interface_msgs/__init__.py
[1.135s] -- Up-to-date: /home/mscrobotics2425laptop4/LEO-ROVER-CODING/install/interbotix_moveit_interface_msgs/local/lib/python3.10/dist-packages/interbotix_moveit_interface_msgs/interbotix_moveit_interface_msgs_s__rosidl_typesupport_introspection_c.cpython-310-x86_64-linux-gnu.so
[1.135s] -- Up-to-date: /home/mscrobotics2425laptop4/LEO-ROVER-CODING/install/interbotix_moveit_interface_msgs/local/lib/python3.10/dist-packages/interbotix_moveit_interface_msgs/_interbotix_moveit_interface_msgs_s.ep.rosidl_typesupport_fastrtps_c.c
[1.135s] -- Up-to-date: /home/mscrobotics2425laptop4/LEO-ROVER-CODING/install/interbotix_moveit_interface_msgs/local/lib/python3.10/dist-packages/interbotix_moveit_interface_msgs/srv
[1.135s] -- Up-to-date: /home/mscrobotics2425laptop4/LEO-ROVER-CODING/install/interbotix_moveit_interface_msgs/local/lib/python3.10/dist-packages/interbotix_moveit_interface_msgs/srv/_move_it_plan_s.c
[1.135s] -- Up-to-date: /home/mscrobotics2425laptop4/LEO-ROVER-CODING/install/interbotix_moveit_interface_msgs/local/lib/python3.10/dist-packages/interbotix_moveit_interface_msgs/srv/__init__.py
[1.135s] -- Up-to-date: /home/mscrobotics2425laptop4/LEO-ROVER-CODING/install/interbotix_moveit_interface_msgs/local/lib/python3.10/dist-packages/interbotix_moveit_interface_msgs/srv/_move_it_plan.py
[1.148s] Listing '/home/mscrobotics2425laptop4/LEO-ROVER-CODING/install/interbotix_moveit_interface_msgs/local/lib/python3.10/dist-packages/interbotix_moveit_interface_msgs'...
[1.148s] Listing '/home/mscrobotics2425laptop4/LEO-ROVER-CODING/install/interbotix_moveit_interface_msgs/local/lib/python3.10/dist-packages/interbotix_moveit_interface_msgs/srv'...
[1.150s] -- Up-to-date: /home/mscrobotics2425laptop4/LEO-ROVER-CODING/install/interbotix_moveit_interface_msgs/local/lib/python3.10/dist-packages/interbotix_moveit_interface_msgs/interbotix_moveit_interface_msgs_s__rosidl_typesupport_fastrtps_c.cpython-310-x86_64-linux-gnu.so
[1.150s] -- Up-to-date: /home/mscrobotics2425laptop4/LEO-ROVER-CODING/install/interbotix_moveit_interface_msgs/local/lib/python3.10/dist-packages/interbotix_moveit_interface_msgs/interbotix_moveit_interface_msgs_s__rosidl_typesupport_introspection_c.cpython-310-x86_64-linux-gnu.so
[1.151s] -- Up-to-date: /home/mscrobotics2425laptop4/LEO-ROVER-CODING/install/interbotix_moveit_interface_msgs/local/lib/python3.10/dist-packages/interbotix_moveit_interface_msgs/interbotix_moveit_interface_msgs_s__rosidl_typesupport_c.cpython-310-x86_64-linux-gnu.so
[1.151s] -- Up-to-date: /home/mscrobotics2425laptop4/LEO-ROVER-CODING/install/interbotix_moveit_interface_msgs/lib/libinterbotix_moveit_interface_msgs__rosidl_generator_py.so
[1.151s] -- Up-to-date: /home/mscrobotics2425laptop4/LEO-ROVER-CODING/install/interbotix_moveit_interface_msgs/share/interbotix_moveit_interface_msgs/srv/MoveItPlan.idl
[1.151s] -- Up-to-date: /home/mscrobotics2425laptop4/LEO-ROVER-CODING/install/interbotix_moveit_interface_msgs/share/interbotix_moveit_interface_msgs/srv/MoveItPlan.srv
[1.151s] -- Up-to-date: /home/mscrobotics2425laptop4/LEO-ROVER-CODING/install/interbotix_moveit_interface_msgs/share/interbotix_moveit_interface_msgs/srv/MoveItPlan_Request.msg
[1.151s] -- Up-to-date: /home/mscrobotics2425laptop4/LEO-ROVER-CODING/install/interbotix_moveit_interface_msgs/share/interbotix_moveit_interface_msgs/srv/MoveItPlan_Response.msg
[1.151s] -- Up-to-date: /home/mscrobotics2425laptop4/LEO-ROVER-CODING/install/interbotix_moveit_interface_msgs/share/ament_index/resource_index/package_run_dependencies/interbotix_moveit_interface_msgs
[1.151s] -- Up-to-date: /home/mscrobotics2425laptop4/LEO-ROVER-CODING/install/interbotix_moveit_interface_msgs/share/ament_index/resource_index/parent_prefix_path/interbotix_moveit_interface_msgs
[1.152s] -- Up-to-date: /home/mscrobotics2425laptop4/LEO-ROVER-CODING/install/interbotix_moveit_interface_msgs/share/interbotix_moveit_interface_msgs/environment/ament_prefix_path.sh
[1.152s] -- Up-to-date: /home/mscrobotics2425laptop4/LEO-ROVER-CODING/install/interbotix_moveit_interface_msgs/share/interbotix_moveit_interface_msgs/environment/ament_prefix_path.dsv
[1.152s] -- Up-to-date: /home/mscrobotics2425laptop4/LEO-ROVER-CODING/install/interbotix_moveit_interface_msgs/share/interbotix_moveit_interface_msgs/environment/path.sh
[1.152s] -- Up-to-date: /home/mscrobotics2425laptop4/LEO-ROVER-CODING/install/interbotix_moveit_interface_msgs/share/interbotix_moveit_interface_msgs/environment/path.dsv
[1.152s] -- Up-to-date: /home/mscrobotics2425laptop4/LEO-ROVER-CODING/install/interbotix_moveit_interface_msgs/share/interbotix_moveit_interface_msgs/local_setup.bash
[1.152s] -- Up-to-date: /home/mscrobotics2425laptop4/LEO-ROVER-CODING/install/interbotix_moveit_interface_msgs/share/interbotix_moveit_interface_msgs/local_setup.sh
[1.152s] -- Up-to-date: /home/mscrobotics2425laptop4/LEO-ROVER-CODING/install/interbotix_moveit_interface_msgs/share/interbotix_moveit_interface_msgs/local_setup.zsh
[1.152s] -- Up-to-date: /home/mscrobotics2425laptop4/LEO-ROVER-CODING/install/interbotix_moveit_interface_msgs/share/interbotix_moveit_interface_msgs/local_setup.dsv
[1.152s] -- Installing: /home/mscrobotics2425laptop4/LEO-ROVER-CODING/install/interbotix_moveit_interface_msgs/share/interbotix_moveit_interface_msgs/package.dsv
[1.152s] -- Up-to-date: /home/mscrobotics2425laptop4/LEO-ROVER-CODING/install/interbotix_moveit_interface_msgs/share/ament_index/resource_index/packages/interbotix_moveit_interface_msgs
[1.152s] -- Up-to-date: /home/mscrobotics2425laptop4/LEO-ROVER-CODING/install/interbotix_moveit_interface_msgs/share/interbotix_moveit_interface_msgs/cmake/export_interbotix_moveit_interface_msgs__rosidl_generator_cExport.cmake
[1.152s] -- Up-to-date: /home/mscrobotics2425laptop4/LEO-ROVER-CODING/install/interbotix_moveit_interface_msgs/share/interbotix_moveit_interface_msgs/cmake/export_interbotix_moveit_interface_msgs__rosidl_generator_cExport-noconfig.cmake
[1.153s] -- Up-to-date: /home/mscrobotics2425laptop4/LEO-ROVER-CODING/install/interbotix_moveit_interface_msgs/share/interbotix_moveit_interface_msgs/cmake/export_interbotix_moveit_interface_msgs__rosidl_typesupport_fastrtps_cExport.cmake
[1.154s] -- Up-to-date: /home/mscrobotics2425laptop4/LEO-ROVER-CODING/install/interbotix_moveit_interface_msgs/share/interbotix_moveit_interface_msgs/cmake/export_interbotix_moveit_interface_msgs__rosidl_typesupport_fastrtps_cExport-noconfig.cmake
[1.154s] -- Up-to-date: /home/mscrobotics2425laptop4/LEO-ROVER-CODING/install/interbotix_moveit_interface_msgs/share/interbotix_moveit_interface_msgs/cmake/interbotix_moveit_interface_msgs__rosidl_typesupport_introspection_cExport.cmake
[1.154s] -- Up-to-date: /home/mscrobotics2425laptop4/LEO-ROVER-CODING/install/interbotix_moveit_interface_msgs/share/interbotix_moveit_interface_msgs/cmake/interbotix_moveit_interface_msgs__rosidl_typesupport_introspection_cExport-noconfig.cmake
[1.154s] -- Up-to-date: /home/mscrobotics2425laptop4/LEO-ROVER-CODING/install/interbotix_moveit_interface_msgs/share/interbotix_moveit_interface_msgs/cmake/interbotix_moveit_interface_msgs__rosidl_typesupport_cExport.cmake
[1.154s] -- Up-to-date: /home/mscrobotics2425laptop4/LEO-ROVER-CODING/install/interbotix_moveit_interface_msgs/share/interbotix_moveit_interface_msgs/cmake/interbotix_moveit_interface_msgs__rosidl_typesupport_cExport-noconfig.cmake
[1.154s] -- Up-to-date: /home/mscrobotics2425laptop4/LEO-ROVER-CODING/install/interbotix_moveit_interface_msgs/share/interbotix_moveit_interface_msgs/cmake/export_interbotix_moveit_interface_msgs__rosidl_generator_cppExport.cmake
[1.155s] -- Up-to-date: /home/mscrobotics2425laptop4/LEO-ROVER-CODING/install/interbotix_moveit_interface_msgs/share/interbotix_moveit_interface_msgs/cmake/export_interbotix_moveit_interface_msgs__rosidl_typesupport_fastrtps_cppExport.cmake
[1.155s] -- Up-to-date: /home/mscrobotics2425laptop4/LEO-ROVER-CODING/install/interbotix_moveit_interface_msgs/share/interbotix_moveit_interface_msgs/cmake/export_interbotix_moveit_interface_msgs__rosidl_typesupport_fastrtps_cppExport-noconfig.cmake
[1.155s] -- Up-to-date: /home/mscrobotics2425laptop4/LEO-ROVER-CODING/install/interbotix_moveit_interface_msgs/share/interbotix_moveit_interface_msgs/cmake/interbotix_moveit_interface_msgs__rosidl_typesupport_introspection_cppExport.cmake
[1.155s] -- Up-to-date: /home/mscrobotics2425laptop4/LEO-ROVER-CODING/install/interbotix_moveit_interface_msgs/share/interbotix_moveit_interface_msgs/cmake/interbotix_moveit_interface_msgs__rosidl_typesupport_introspection_cppExport-noconfig.cmake
[1.155s] -- Up-to-date: /home/mscrobotics2425laptop4/LEO-ROVER-CODING/install/interbotix_moveit_interface_msgs/share/interbotix_moveit_interface_msgs/cmake/interbotix_moveit_interface_msgs__rosidl_typesupport_cppExport.cmake
[1.155s] -- Up-to-date: /home/mscrobotics2425laptop4/LEO-ROVER-CODING/install/interbotix_moveit_interface_msgs/share/interbotix_moveit_interface_msgs/cmake/interbotix_moveit_interface_msgs__rosidl_typesupport_cppExport-noconfig.cmake
[1.155s] -- Up-to-date: /home/mscrobotics2425laptop4/LEO-ROVER-CODING/install/interbotix_moveit_interface_msgs/share/interbotix_moveit_interface_msgs/cmake/export_interbotix_moveit_interface_msgs__rosidl_generator_pyExport.cmake
[1.155s] -- Up-to-date: /home/mscrobotics2425laptop4/LEO-ROVER-CODING/install/interbotix_moveit_interface_msgs/share/interbotix_moveit_interface_msgs/cmake/export_interbotix_moveit_interface_msgs__rosidl_generator_pyExport-noconfig.cmake
[1.156s] -- Up-to-date: /home/mscrobotics2425laptop4/LEO-ROVER-CODING/install/interbotix_moveit_interface_msgs/share/interbotix_moveit_interface_msgs/cmake/rosidl_cmake-extras.cmake
[1.156s] -- Up-to-date: /home/mscrobotics2425laptop4/LEO-ROVER-CODING/install/interbotix_moveit_interface_msgs/share/interbotix_moveit_interface_msgs/cmake/ament_cmake_export_dependencies-extras.cmake
[1.156s] -- Up-to-date: /home/mscrobotics2425laptop4/LEO-ROVER-CODING/install/interbotix_moveit_interface_msgs/share/interbotix_moveit_interface_msgs/cmake/ament_cmake_export_include_directories-extras.cmake
[1.156s] -- Up-to-date: /home/mscrobotics2425laptop4/LEO-ROVER-CODING/install/interbotix_moveit_interface_msgs/share/interbotix_moveit_interface_msgs/cmake/ament_cmake_export_libraries-extras.cmake
[1.156s] -- Up-to-date: /home/mscrobotics2425laptop4/LEO-ROVER-CODING/install/interbotix_moveit_interface_msgs/share/interbotix_moveit_interface_msgs/cmake/ament_cmake_export_targets-extras.cmake
[1.156s] -- Up-to-date: /home/mscrobotics2425laptop4/LEO-ROVER-CODING/install/interbotix_moveit_interface_msgs/share/interbotix_moveit_interface_msgs/cmake/rosidl_cmake_export_typesupport_targets-extras.cmake
[1.156s] -- Up-to-date: /home/mscrobotics2425laptop4/LEO-ROVER-CODING/install/interbotix_moveit_interface_msgs/share/interbotix_moveit_interface_msgs/cmake/rosidl_cmake_export_typesupport_libraries-extras.cmake
[1.156s] -- Up-to-date: /home/mscrobotics2425laptop4/LEO-ROVER-CODING/install/interbotix_moveit_interface_msgs/share/interbotix_moveit_interface_msgs/cmake/interbotix_moveit_interface_msgsConfig.cmake
[1.156s] -- Up-to-date: /home/mscrobotics2425laptop4/LEO-ROVER-CODING/install/interbotix_moveit_interface_msgs/share/interbotix_moveit_interface_msgs/cmake/interbotix_moveit_interface_msgsConfig-version.cmake
[1.156s] -- Up-to-date: /home/mscrobotics2425laptop4/LEO-ROVER-CODING/install/interbotix_moveit_interface_msgs/share/interbotix_moveit_interface_msgs/package.xml
[1.455s] Invoked command in '/home/mscrobotics2425laptop4/LEO-ROVER-CODING/build/interbotix_moveit_interface_msgs' returned '0': CMAKE_PREFIX_PATH=${CMAKE_PREFIX_PATH}:/home/mscrobotics2425laptop4/LEO-ROVER-CODING/install/ros_cv_messages:/home/mscrobotics2425laptop4/LEO-ROVER-CODING/install/nav_final:/home/mscrobotics2425laptop4/LEO-ROVER-CODING/install/leo_realsense:/home/mscrobotics2425laptop4/LEO-ROVER-CODING/install/leo_manipulator:/home/mscrobotics2425laptop4/LEO-ROVER-CODING/install/leo_main:/home/mscrobotics2425laptop4/LEO-ROVER-CODING/install/leo_launcher:/home/mscrobotics2425laptop4/LEO-ROVER-CODING/install/leo_launch:/home/mscrobotics2425laptop4/LEO-ROVER-CODING/install/interbotix_xs_modules:/home/mscrobotics2425laptop4/LEO-ROVER-CODING/install/interbotix_perception_modules:/home/mscrobotics2425laptop4/LEO-ROVER-CODING/install/interbotix_common_modules:/home/mscrobotics2425laptop4/interbotix_ws/install/ros_cv_messages:/home/mscrobotics2425laptop4/interbotix_ws/install/leo_realsense:/home/mscrobotics2425laptop4/interbotix_ws/install/leo_manipulator:/home/mscrobotics2425laptop4/interbotix_ws/install/leo_main:/home/mscrobotics2425laptop4/interbotix_ws/install/leo_launch:/home/mscrobotics2425laptop4/interbotix_ws/install/interbotix_xs_modules:/home/mscrobotics2425laptop4/interbotix_ws/install/interbotix_perception_modules:/home/mscrobotics2425laptop4/interbotix_ws/install/interbotix_common_modules:/home/mscrobotics2425laptop4/ros2_tutorial_workspace/install/the_simplest_python_package:/home/mscrobotics2425laptop4/ros2_tutorial_workspace/install/test_package:/home/mscrobotics2425laptop4/ros2_tutorial_workspace/install/python_package_with_a_node:/home/mscrobotics2425laptop4/ros2_tutorial_workspace/install/python_package_that_uses_the_library:/home/mscrobotics2425laptop4/ros2_tutorial_workspace/install/python_package_with_a_library:/home/mscrobotics2425laptop4/ros2_tutorial_workspace/install/python_package_that_uses_the_services:/home/mscrobotics2425laptop4/ros2_tutorial_workspace/install/python_package_that_uses_the_messages:/home/mscrobotics2425laptop4/ros2_tutorial_workspace/install/python_package_that_uses_parameters_and_launch_files:/home/mscrobotics2425laptop4/ros2_tutorial_workspace/install/navigation_leo:/home/mscrobotics2425laptop4/ros2_tutorial_workspace/install/navigation_demos_custom_map:/home/mscrobotics2425laptop4/ros2_tutorial_workspace/install/navigation_demos:/home/mscrobotics2425laptop4/ros2_tutorial_workspace/install/m_explore_toggle:/home/mscrobotics2425laptop4/ros2_tutorial_workspace/install/lidar_emulator:/home/mscrobotics2425laptop4/ros2_tutorial_workspace/install/leo_team9:/home/mscrobotics2425laptop4/ros2_tutorial_workspace/install/gz_example_robot_description:/home/mscrobotics2425laptop4/ros2_tutorial_workspace/install/example_urdf_robot:/home/mscrobotics2425laptop4/ros2_tutorial_workspace/install/example_urdf_description:/home/mscrobotics2425laptop4/ros2_tutorial_workspace/install/example_gz_robot:/home/mscrobotics2425laptop4/ros2_tutorial_workspace/install/custom_server_package:/home/mscrobotics2425laptop4/ros2_tutorial_workspace/install/custom_client_package:/home/mscrobotics2425laptop4/ros2_tutorial_workspace/install/challenge_package:/home/mscrobotics2425laptop4/ros2_tutorial_workspace/install/bt_demos:/opt/ros/humble /usr/bin/cmake --install /home/mscrobotics2425laptop4/LEO-ROVER-CODING/build/interbotix_moveit_interface_msgs
