[1.537s] Invoking command in '/home/mscrobotics2425laptop4/LEO-ROVER-CODING/Final_nav/src/nav_final': PYTHONPATH=/home/mscrobotics2425laptop4/LEO-ROVER-CODING/build/nav_final/prefix_override:/usr/lib/python3/dist-packages/colcon_core/task/python/colcon_distutils_commands:/home/mscrobotics2425laptop4/LEO-ROVER-CODING/install/nav_final/lib/python3.10/site-packages:${PYTHONPATH} /usr/bin/python3 -W ignore:setup.py install is deprecated -W ignore:easy_install command is deprecated setup.py egg_info --egg-base ../../../build/nav_final build --build-base /home/mscrobotics2425laptop4/LEO-ROVER-CODING/build/nav_final/build install --record /home/mscrobotics2425laptop4/LEO-ROVER-CODING/build/nav_final/install.log --single-version-externally-managed install_data
[1.780s] running egg_info
[1.780s] writing ../../../build/nav_final/nav_final.egg-info/PKG-INFO
[1.780s] writing dependency_links to ../../../build/nav_final/nav_final.egg-info/dependency_links.txt
[1.781s] writing entry points to ../../../build/nav_final/nav_final.egg-info/entry_points.txt
[1.781s] writing requirements to ../../../build/nav_final/nav_final.egg-info/requires.txt
[1.781s] writing top-level names to ../../../build/nav_final/nav_final.egg-info/top_level.txt
[1.783s] reading manifest file '../../../build/nav_final/nav_final.egg-info/SOURCES.txt'
[1.784s] writing manifest file '../../../build/nav_final/nav_final.egg-info/SOURCES.txt'
[1.784s] running build
[1.784s] running build_py
[1.785s] running install
[1.785s] running install_lib
[1.786s] running install_data
[1.787s] running install_egg_info
[1.789s] removing '/home/mscrobotics2425laptop4/LEO-ROVER-CODING/install/nav_final/lib/python3.10/site-packages/nav_final-0.0.0-py3.10.egg-info' (and everything under it)
[1.790s] Copying ../../../build/nav_final/nav_final.egg-info to /home/mscrobotics2425laptop4/LEO-ROVER-CODING/install/nav_final/lib/python3.10/site-packages/nav_final-0.0.0-py3.10.egg-info
[1.791s] running install_scripts
[1.817s] writing list of installed files to '/home/mscrobotics2425laptop4/LEO-ROVER-CODING/build/nav_final/install.log'
[1.960s] Invoked command in '/home/mscrobotics2425laptop4/LEO-ROVER-CODING/Final_nav/src/nav_final' returned '0': PYTHONPATH=/home/mscrobotics2425laptop4/LEO-ROVER-CODING/build/nav_final/prefix_override:/usr/lib/python3/dist-packages/colcon_core/task/python/colcon_distutils_commands:/home/mscrobotics2425laptop4/LEO-ROVER-CODING/install/nav_final/lib/python3.10/site-packages:${PYTHONPATH} /usr/bin/python3 -W ignore:setup.py install is deprecated -W ignore:easy_install command is deprecated setup.py egg_info --egg-base ../../../build/nav_final build --build-base /home/mscrobotics2425laptop4/LEO-ROVER-CODING/build/nav_final/build install --record /home/mscrobotics2425laptop4/LEO-ROVER-CODING/build/nav_final/install.log --single-version-externally-managed install_data
