[3.507s] Invoking command in '/home/mscrobotics2425laptop4/interbotix_ws/src/interbotix_ros_toolboxes/interbotix_common_toolbox/interbotix_common_modules': PYTHONPATH=/home/mscrobotics2425laptop4/interbotix_ws/build/interbotix_common_modules/prefix_override:/usr/lib/python3/dist-packages/colcon_core/task/python/colcon_distutils_commands:/home/mscrobotics2425laptop4/interbotix_ws/install/interbotix_common_modules/lib/python3.10/site-packages:${PYTHONPATH} /usr/bin/python3 -W ignore:setup.py install is deprecated -W ignore:easy_install command is deprecated setup.py egg_info --egg-base ../../../../build/interbotix_common_modules build --build-base /home/mscrobotics2425laptop4/interbotix_ws/build/interbotix_common_modules/build install --record /home/mscrobotics2425laptop4/interbotix_ws/build/interbotix_common_modules/install.log --single-version-externally-managed install_data
[4.180s] running egg_info
[4.182s] writing ../../../../build/interbotix_common_modules/interbotix_common_modules.egg-info/PKG-INFO
[4.183s] writing dependency_links to ../../../../build/interbotix_common_modules/interbotix_common_modules.egg-info/dependency_links.txt
[4.184s] writing entry points to ../../../../build/interbotix_common_modules/interbotix_common_modules.egg-info/entry_points.txt
[4.184s] writing requirements to ../../../../build/interbotix_common_modules/interbotix_common_modules.egg-info/requires.txt
[4.185s] writing top-level names to ../../../../build/interbotix_common_modules/interbotix_common_modules.egg-info/top_level.txt
[4.197s] reading manifest file '../../../../build/interbotix_common_modules/interbotix_common_modules.egg-info/SOURCES.txt'
[4.198s] writing manifest file '../../../../build/interbotix_common_modules/interbotix_common_modules.egg-info/SOURCES.txt'
[4.199s] running build
[4.200s] running build_py
[4.201s] running install
[4.201s] running install_lib
[4.206s] running install_data
[4.206s] running install_egg_info
[4.212s] removing '/home/mscrobotics2425laptop4/interbotix_ws/install/interbotix_common_modules/lib/python3.10/site-packages/interbotix_common_modules-0.0.0-py3.10.egg-info' (and everything under it)
[4.212s] Copying ../../../../build/interbotix_common_modules/interbotix_common_modules.egg-info to /home/mscrobotics2425laptop4/interbotix_ws/install/interbotix_common_modules/lib/python3.10/site-packages/interbotix_common_modules-0.0.0-py3.10.egg-info
[4.217s] running install_scripts
[4.292s] writing list of installed files to '/home/mscrobotics2425laptop4/interbotix_ws/build/interbotix_common_modules/install.log'
[4.391s] Invoked command in '/home/mscrobotics2425laptop4/interbotix_ws/src/interbotix_ros_toolboxes/interbotix_common_toolbox/interbotix_common_modules' returned '0': PYTHONPATH=/home/mscrobotics2425laptop4/interbotix_ws/build/interbotix_common_modules/prefix_override:/usr/lib/python3/dist-packages/colcon_core/task/python/colcon_distutils_commands:/home/mscrobotics2425laptop4/interbotix_ws/install/interbotix_common_modules/lib/python3.10/site-packages:${PYTHONPATH} /usr/bin/python3 -W ignore:setup.py install is deprecated -W ignore:easy_install command is deprecated setup.py egg_info --egg-base ../../../../build/interbotix_common_modules build --build-base /home/mscrobotics2425laptop4/interbotix_ws/build/interbotix_common_modules/build install --record /home/mscrobotics2425laptop4/interbotix_ws/build/interbotix_common_modules/install.log --single-version-externally-managed install_data
