[1.351s] Invoking command in '/home/mscrobotics2425laptop4/LEO-ROVER-CODING/interbotix_ws/src/leo_realsense': AMENT_PREFIX_PATH=/home/mscrobotics2425laptop4/LEO-ROVER-CODING/install/interbotix_xs_modules:/home/mscrobotics2425laptop4/LEO-ROVER-CODING/install/interbotix_xs_sdk:/home/mscrobotics2425laptop4/LEO-ROVER-CODING/install/interbotix_xs_driver:/home/mscrobotics2425laptop4/LEO-ROVER-CODING/install/leo_with_interfaces:/home/mscrobotics2425laptop4/LEO-ROVER-CODING/install/interbotix_xs_msgs:/home/mscrobotics2425laptop4/LEO-ROVER-CODING/install/interbotix_common_modules:/home/mscrobotics2425laptop4/LEO-ROVER-CODING/install/dynamixel_workbench_toolbox:${AMENT_PREFIX_PATH} CMAKE_PREFIX_PATH=/home/mscrobotics2425laptop4/LEO-ROVER-CODING/install/interbotix_xs_sdk:/home/mscrobotics2425laptop4/LEO-ROVER-CODING/install/interbotix_xs_driver:/home/mscrobotics2425laptop4/LEO-ROVER-CODING/install/leo_with_interfaces:/home/mscrobotics2425laptop4/LEO-ROVER-CODING/install/interbotix_xs_msgs:/home/mscrobotics2425laptop4/LEO-ROVER-CODING/install/dynamixel_workbench_toolbox:${CMAKE_PREFIX_PATH} LD_LIBRARY_PATH=/home/mscrobotics2425laptop4/LEO-ROVER-CODING/install/interbotix_xs_driver/lib:/home/mscrobotics2425laptop4/LEO-ROVER-CODING/install/leo_with_interfaces/lib:/home/mscrobotics2425laptop4/LEO-ROVER-CODING/install/interbotix_xs_msgs/lib:/home/mscrobotics2425laptop4/LEO-ROVER-CODING/install/dynamixel_workbench_toolbox/lib:${LD_LIBRARY_PATH} PYTHONPATH=/home/mscrobotics2425laptop4/LEO-ROVER-CODING/build/leo_realsense/prefix_override:/usr/lib/python3/dist-packages/colcon_core/task/python/colcon_distutils_commands:/home/mscrobotics2425laptop4/LEO-ROVER-CODING/install/leo_realsense/lib/python3.10/site-packages:/home/mscrobotics2425laptop4/LEO-ROVER-CODING/install/interbotix_xs_modules/lib/python3.10/site-packages:/home/mscrobotics2425laptop4/LEO-ROVER-CODING/install/leo_with_interfaces/local/lib/python3.10/dist-packages:/home/mscrobotics2425laptop4/LEO-ROVER-CODING/install/interbotix_xs_msgs/local/lib/python3.10/dist-packages:/home/mscrobotics2425laptop4/LEO-ROVER-CODING/install/interbotix_common_modules/lib/python3.10/site-packages:${PYTHONPATH} /usr/bin/python3 -W ignore:setup.py install is deprecated -W ignore:easy_install command is deprecated setup.py egg_info --egg-base ../../../build/leo_realsense build --build-base /home/mscrobotics2425laptop4/LEO-ROVER-CODING/build/leo_realsense/build install --record /home/mscrobotics2425laptop4/LEO-ROVER-CODING/build/leo_realsense/install.log --single-version-externally-managed install_data
[1.778s] running egg_info
[1.778s] creating ../../../build/leo_realsense/leo_realsense.egg-info
[1.779s] writing ../../../build/leo_realsense/leo_realsense.egg-info/PKG-INFO
[1.779s] writing dependency_links to ../../../build/leo_realsense/leo_realsense.egg-info/dependency_links.txt
[1.779s] writing entry points to ../../../build/leo_realsense/leo_realsense.egg-info/entry_points.txt
[1.779s] writing requirements to ../../../build/leo_realsense/leo_realsense.egg-info/requires.txt
[1.779s] writing top-level names to ../../../build/leo_realsense/leo_realsense.egg-info/top_level.txt
[1.779s] writing manifest file '../../../build/leo_realsense/leo_realsense.egg-info/SOURCES.txt'
[1.783s] reading manifest file '../../../build/leo_realsense/leo_realsense.egg-info/SOURCES.txt'
[1.784s] writing manifest file '../../../build/leo_realsense/leo_realsense.egg-info/SOURCES.txt'
[1.784s] running build
[1.784s] running build_py
[1.784s] creating /home/mscrobotics2425laptop4/LEO-ROVER-CODING/build/leo_realsense/build
[1.784s] creating /home/mscrobotics2425laptop4/LEO-ROVER-CODING/build/leo_realsense/build/lib
[1.785s] creating /home/mscrobotics2425laptop4/LEO-ROVER-CODING/build/leo_realsense/build/lib/leo_realsense
[1.785s] copying leo_realsense/realsense_node.py -> /home/mscrobotics2425laptop4/LEO-ROVER-CODING/build/leo_realsense/build/lib/leo_realsense
[1.785s] copying leo_realsense/__init__.py -> /home/mscrobotics2425laptop4/LEO-ROVER-CODING/build/leo_realsense/build/lib/leo_realsense
[1.785s] running install
[1.785s] running install_lib
[1.786s] creating /home/mscrobotics2425laptop4/LEO-ROVER-CODING/install/leo_realsense/lib/python3.10/site-packages/leo_realsense
[1.786s] copying /home/mscrobotics2425laptop4/LEO-ROVER-CODING/build/leo_realsense/build/lib/leo_realsense/realsense_node.py -> /home/mscrobotics2425laptop4/LEO-ROVER-CODING/install/leo_realsense/lib/python3.10/site-packages/leo_realsense
[1.787s] copying /home/mscrobotics2425laptop4/LEO-ROVER-CODING/build/leo_realsense/build/lib/leo_realsense/__init__.py -> /home/mscrobotics2425laptop4/LEO-ROVER-CODING/install/leo_realsense/lib/python3.10/site-packages/leo_realsense
[1.788s] byte-compiling /home/mscrobotics2425laptop4/LEO-ROVER-CODING/install/leo_realsense/lib/python3.10/site-packages/leo_realsense/realsense_node.py to realsense_node.cpython-310.pyc
[1.788s] byte-compiling /home/mscrobotics2425laptop4/LEO-ROVER-CODING/install/leo_realsense/lib/python3.10/site-packages/leo_realsense/__init__.py to __init__.cpython-310.pyc
[1.788s] running install_data
[1.788s] creating /home/mscrobotics2425laptop4/LEO-ROVER-CODING/install/leo_realsense/share/ament_index
[1.788s] creating /home/mscrobotics2425laptop4/LEO-ROVER-CODING/install/leo_realsense/share/ament_index/resource_index
[1.789s] creating /home/mscrobotics2425laptop4/LEO-ROVER-CODING/install/leo_realsense/share/ament_index/resource_index/packages
[1.789s] copying resource/leo_realsense -> /home/mscrobotics2425laptop4/LEO-ROVER-CODING/install/leo_realsense/share/ament_index/resource_index/packages
[1.789s] copying package.xml -> /home/mscrobotics2425laptop4/LEO-ROVER-CODING/install/leo_realsense/share/leo_realsense
[1.789s] running install_egg_info
[1.793s] Copying ../../../build/leo_realsense/leo_realsense.egg-info to /home/mscrobotics2425laptop4/LEO-ROVER-CODING/install/leo_realsense/lib/python3.10/site-packages/leo_realsense-0.0.0-py3.10.egg-info
[1.795s] running install_scripts
[1.824s] Installing realsense_node script to /home/mscrobotics2425laptop4/LEO-ROVER-CODING/install/leo_realsense/lib/leo_realsense
[1.824s] writing list of installed files to '/home/mscrobotics2425laptop4/LEO-ROVER-CODING/build/leo_realsense/install.log'
[1.855s] Invoked command in '/home/mscrobotics2425laptop4/LEO-ROVER-CODING/interbotix_ws/src/leo_realsense' returned '0': AMENT_PREFIX_PATH=/home/mscrobotics2425laptop4/LEO-ROVER-CODING/install/interbotix_xs_modules:/home/mscrobotics2425laptop4/LEO-ROVER-CODING/install/interbotix_xs_sdk:/home/mscrobotics2425laptop4/LEO-ROVER-CODING/install/interbotix_xs_driver:/home/mscrobotics2425laptop4/LEO-ROVER-CODING/install/leo_with_interfaces:/home/mscrobotics2425laptop4/LEO-ROVER-CODING/install/interbotix_xs_msgs:/home/mscrobotics2425laptop4/LEO-ROVER-CODING/install/interbotix_common_modules:/home/mscrobotics2425laptop4/LEO-ROVER-CODING/install/dynamixel_workbench_toolbox:${AMENT_PREFIX_PATH} CMAKE_PREFIX_PATH=/home/mscrobotics2425laptop4/LEO-ROVER-CODING/install/interbotix_xs_sdk:/home/mscrobotics2425laptop4/LEO-ROVER-CODING/install/interbotix_xs_driver:/home/mscrobotics2425laptop4/LEO-ROVER-CODING/install/leo_with_interfaces:/home/mscrobotics2425laptop4/LEO-ROVER-CODING/install/interbotix_xs_msgs:/home/mscrobotics2425laptop4/LEO-ROVER-CODING/install/dynamixel_workbench_toolbox:${CMAKE_PREFIX_PATH} LD_LIBRARY_PATH=/home/mscrobotics2425laptop4/LEO-ROVER-CODING/install/interbotix_xs_driver/lib:/home/mscrobotics2425laptop4/LEO-ROVER-CODING/install/leo_with_interfaces/lib:/home/mscrobotics2425laptop4/LEO-ROVER-CODING/install/interbotix_xs_msgs/lib:/home/mscrobotics2425laptop4/LEO-ROVER-CODING/install/dynamixel_workbench_toolbox/lib:${LD_LIBRARY_PATH} PYTHONPATH=/home/mscrobotics2425laptop4/LEO-ROVER-CODING/build/leo_realsense/prefix_override:/usr/lib/python3/dist-packages/colcon_core/task/python/colcon_distutils_commands:/home/mscrobotics2425laptop4/LEO-ROVER-CODING/install/leo_realsense/lib/python3.10/site-packages:/home/mscrobotics2425laptop4/LEO-ROVER-CODING/install/interbotix_xs_modules/lib/python3.10/site-packages:/home/mscrobotics2425laptop4/LEO-ROVER-CODING/install/leo_with_interfaces/local/lib/python3.10/dist-packages:/home/mscrobotics2425laptop4/LEO-ROVER-CODING/install/interbotix_xs_msgs/local/lib/python3.10/dist-packages:/home/mscrobotics2425laptop4/LEO-ROVER-CODING/install/interbotix_common_modules/lib/python3.10/site-packages:${PYTHONPATH} /usr/bin/python3 -W ignore:setup.py install is deprecated -W ignore:easy_install command is deprecated setup.py egg_info --egg-base ../../../build/leo_realsense build --build-base /home/mscrobotics2425laptop4/LEO-ROVER-CODING/build/leo_realsense/build install --record /home/mscrobotics2425laptop4/LEO-ROVER-CODING/build/leo_realsense/install.log --single-version-externally-managed install_data
