[0.312s] Invoking command in '/home/mscrobotics2425laptop4/interbotix_ws/build/leo_with_interfaces': CMAKE_PREFIX_PATH=${CMAKE_PREFIX_PATH}:/home/mscrobotics2425laptop4/interbotix_ws/install/ros_cv_messages:/home/mscrobotics2425laptop4/interbotix_ws/install/leo_realsense:/home/mscrobotics2425laptop4/interbotix_ws/install/leo_manipulator:/home/mscrobotics2425laptop4/interbotix_ws/install/leo_main:/home/mscrobotics2425laptop4/interbotix_ws/install/leo_launch:/home/mscrobotics2425laptop4/interbotix_ws/install/interbotix_xs_modules:/home/mscrobotics2425laptop4/interbotix_ws/install/interbotix_perception_modules:/home/mscrobotics2425laptop4/interbotix_ws/install/interbotix_common_modules:/opt/ros/humble /usr/bin/cmake --build /home/mscrobotics2425laptop4/interbotix_ws/build/leo_with_interfaces -- -j12 -l12
[0.371s] [  9%] Built target leo_with_interfaces__rosidl_generator_c
[0.374s] [ 12%] Built target leo_with_interfaces__cpp
[0.397s] [ 12%] Built target ament_cmake_python_copy_leo_with_interfaces
[0.434s] [ 22%] Built target leo_with_interfaces__rosidl_typesupport_fastrtps_c
[0.439s] [ 32%] Built target leo_with_interfaces__rosidl_typesupport_c
[0.448s] [ 41%] Built target leo_with_interfaces__rosidl_typesupport_cpp
[0.450s] [ 51%] Built target leo_with_interfaces__rosidl_typesupport_introspection_cpp
[0.451s] [ 61%] Built target leo_with_interfaces__rosidl_typesupport_introspection_c
[0.464s] [ 70%] Built target leo_with_interfaces__rosidl_typesupport_fastrtps_cpp
[0.502s] [ 70%] Built target leo_with_interfaces
[0.520s] [ 74%] Built target leo_with_interfaces__py
[0.541s] [ 80%] Built target leo_with_interfaces__rosidl_generator_py
[0.566s] [ 87%] Built target leo_with_interfaces__rosidl_typesupport_c__pyext
[0.571s] [ 93%] Built target leo_with_interfaces__rosidl_typesupport_introspection_c__pyext
[0.581s] [100%] Built target leo_with_interfaces__rosidl_typesupport_fastrtps_c__pyext
[0.781s] running egg_info
[0.781s] writing leo_with_interfaces.egg-info/PKG-INFO
[0.781s] writing dependency_links to leo_with_interfaces.egg-info/dependency_links.txt
[0.781s] writing top-level names to leo_with_interfaces.egg-info/top_level.txt
[0.785s] reading manifest file 'leo_with_interfaces.egg-info/SOURCES.txt'
[0.786s] writing manifest file 'leo_with_interfaces.egg-info/SOURCES.txt'
[0.821s] [100%] Built target ament_cmake_python_build_leo_with_interfaces_egg
