[1.714s] Invoking command in '/home/mscrobotics2425laptop4/LEO-ROVER-CODING/autohsvtune': PYTHONPATH=/home/mscrobotics2425laptop4/LEO-ROVER-CODING/build/autohsvtune/prefix_override:/usr/lib/python3/dist-packages/colcon_core/task/python/colcon_distutils_commands:/home/mscrobotics2425laptop4/LEO-ROVER-CODING/install/autohsvtune/lib/python3.10/site-packages:${PYTHONPATH} /usr/bin/python3 -W ignore:setup.py install is deprecated -W ignore:easy_install command is deprecated setup.py egg_info --egg-base ../build/autohsvtune build --build-base /home/mscrobotics2425laptop4/LEO-ROVER-CODING/build/autohsvtune/build install --record /home/mscrobotics2425laptop4/LEO-ROVER-CODING/build/autohsvtune/install.log --single-version-externally-managed install_data
[2.068s] running egg_info
[2.069s] writing ../build/autohsvtune/autohsvtune.egg-info/PKG-INFO
[2.069s] writing dependency_links to ../build/autohsvtune/autohsvtune.egg-info/dependency_links.txt
[2.069s] writing entry points to ../build/autohsvtune/autohsvtune.egg-info/entry_points.txt
[2.069s] writing requirements to ../build/autohsvtune/autohsvtune.egg-info/requires.txt
[2.069s] writing top-level names to ../build/autohsvtune/autohsvtune.egg-info/top_level.txt
[2.071s] reading manifest file '../build/autohsvtune/autohsvtune.egg-info/SOURCES.txt'
[2.071s] writing manifest file '../build/autohsvtune/autohsvtune.egg-info/SOURCES.txt'
[2.071s] running build
[2.071s] running build_py
[2.071s] running install
[2.072s] running install_lib
[2.073s] running install_data
[2.073s] running install_egg_info
[2.074s] removing '/home/mscrobotics2425laptop4/LEO-ROVER-CODING/install/autohsvtune/lib/python3.10/site-packages/autohsvtune-0.0.0-py3.10.egg-info' (and everything under it)
[2.074s] Copying ../build/autohsvtune/autohsvtune.egg-info to /home/mscrobotics2425laptop4/LEO-ROVER-CODING/install/autohsvtune/lib/python3.10/site-packages/autohsvtune-0.0.0-py3.10.egg-info
[2.075s] running install_scripts
[2.102s] Installing autohsvtune script to /home/mscrobotics2425laptop4/LEO-ROVER-CODING/install/autohsvtune/lib/autohsvtune
[2.102s] writing list of installed files to '/home/mscrobotics2425laptop4/LEO-ROVER-CODING/build/autohsvtune/install.log'
[2.187s] Invoked command in '/home/mscrobotics2425laptop4/LEO-ROVER-CODING/autohsvtune' returned '0': PYTHONPATH=/home/mscrobotics2425laptop4/LEO-ROVER-CODING/build/autohsvtune/prefix_override:/usr/lib/python3/dist-packages/colcon_core/task/python/colcon_distutils_commands:/home/mscrobotics2425laptop4/LEO-ROVER-CODING/install/autohsvtune/lib/python3.10/site-packages:${PYTHONPATH} /usr/bin/python3 -W ignore:setup.py install is deprecated -W ignore:easy_install command is deprecated setup.py egg_info --egg-base ../build/autohsvtune build --build-base /home/mscrobotics2425laptop4/LEO-ROVER-CODING/build/autohsvtune/build install --record /home/mscrobotics2425laptop4/LEO-ROVER-CODING/build/autohsvtune/install.log --single-version-externally-managed install_data
