[1.346s] Invoking command in '/home/mscrobotics2425laptop4/interbotix_ws/src/ros_cv_messages': PYTHONPATH=/home/mscrobotics2425laptop4/interbotix_ws/build/ros_cv_messages/prefix_override:/usr/lib/python3/dist-packages/colcon_core/task/python/colcon_distutils_commands:/home/mscrobotics2425laptop4/interbotix_ws/install/ros_cv_messages/lib/python3.10/site-packages:${PYTHONPATH} /usr/bin/python3 -W ignore:setup.py install is deprecated -W ignore:easy_install command is deprecated setup.py egg_info --egg-base ../../build/ros_cv_messages build --build-base /home/mscrobotics2425laptop4/interbotix_ws/build/ros_cv_messages/build install --record /home/mscrobotics2425laptop4/interbotix_ws/build/ros_cv_messages/install.log --single-version-externally-managed install_data
[1.636s] running egg_info
[1.637s] writing ../../build/ros_cv_messages/ros_cv_messages.egg-info/PKG-INFO
[1.637s] writing dependency_links to ../../build/ros_cv_messages/ros_cv_messages.egg-info/dependency_links.txt
[1.637s] writing entry points to ../../build/ros_cv_messages/ros_cv_messages.egg-info/entry_points.txt
[1.638s] writing requirements to ../../build/ros_cv_messages/ros_cv_messages.egg-info/requires.txt
[1.638s] writing top-level names to ../../build/ros_cv_messages/ros_cv_messages.egg-info/top_level.txt
[1.641s] reading manifest file '../../build/ros_cv_messages/ros_cv_messages.egg-info/SOURCES.txt'
[1.642s] writing manifest file '../../build/ros_cv_messages/ros_cv_messages.egg-info/SOURCES.txt'
[1.642s] running build
[1.642s] running build_py
[1.643s] running install
[1.643s] running install_lib
[1.645s] running install_data
[1.645s] running install_egg_info
[1.647s] removing '/home/mscrobotics2425laptop4/interbotix_ws/install/ros_cv_messages/lib/python3.10/site-packages/ros_cv_messages-0.0.0-py3.10.egg-info' (and everything under it)
[1.648s] Copying ../../build/ros_cv_messages/ros_cv_messages.egg-info to /home/mscrobotics2425laptop4/interbotix_ws/install/ros_cv_messages/lib/python3.10/site-packages/ros_cv_messages-0.0.0-py3.10.egg-info
[1.649s] running install_scripts
[1.677s] Installing ros_cv_messages script to /home/mscrobotics2425laptop4/interbotix_ws/install/ros_cv_messages/lib/ros_cv_messages
[1.677s] writing list of installed files to '/home/mscrobotics2425laptop4/interbotix_ws/build/ros_cv_messages/install.log'
[1.721s] Invoked command in '/home/mscrobotics2425laptop4/interbotix_ws/src/ros_cv_messages' returned '0': PYTHONPATH=/home/mscrobotics2425laptop4/interbotix_ws/build/ros_cv_messages/prefix_override:/usr/lib/python3/dist-packages/colcon_core/task/python/colcon_distutils_commands:/home/mscrobotics2425laptop4/interbotix_ws/install/ros_cv_messages/lib/python3.10/site-packages:${PYTHONPATH} /usr/bin/python3 -W ignore:setup.py install is deprecated -W ignore:easy_install command is deprecated setup.py egg_info --egg-base ../../build/ros_cv_messages build --build-base /home/mscrobotics2425laptop4/interbotix_ws/build/ros_cv_messages/build install --record /home/mscrobotics2425laptop4/interbotix_ws/build/ros_cv_messages/install.log --single-version-externally-managed install_data
