running egg_info
creating ../../build/leo_launch/leo_launch.egg-info
writing ../../build/leo_launch/leo_launch.egg-info/PKG-INFO
writing dependency_links to ../../build/leo_launch/leo_launch.egg-info/dependency_links.txt
writing entry points to ../../build/leo_launch/leo_launch.egg-info/entry_points.txt
writing requirements to ../../build/leo_launch/leo_launch.egg-info/requires.txt
writing top-level names to ../../build/leo_launch/leo_launch.egg-info/top_level.txt
writing manifest file '../../build/leo_launch/leo_launch.egg-info/SOURCES.txt'
reading manifest file '../../build/leo_launch/leo_launch.egg-info/SOURCES.txt'
writing manifest file '../../build/leo_launch/leo_launch.egg-info/SOURCES.txt'
running build
running build_py
creating /home/mscrobotics2425laptop4/interbotix_ws/build/leo_launch/build
creating /home/mscrobotics2425laptop4/interbotix_ws/build/leo_launch/build/lib
creating /home/mscrobotics2425laptop4/interbotix_ws/build/leo_launch/build/lib/leo_launch
copying leo_launch/__init__.py -> /home/mscrobotics2425laptop4/interbotix_ws/build/leo_launch/build/lib/leo_launch
running install
running install_lib
creating /home/mscrobotics2425laptop4/interbotix_ws/install/leo_launch/lib/python3.10/site-packages/leo_launch
copying /home/mscrobotics2425laptop4/interbotix_ws/build/leo_launch/build/lib/leo_launch/__init__.py -> /home/mscrobotics2425laptop4/interbotix_ws/install/leo_launch/lib/python3.10/site-packages/leo_launch
byte-compiling /home/mscrobotics2425laptop4/interbotix_ws/install/leo_launch/lib/python3.10/site-packages/leo_launch/__init__.py to __init__.cpython-310.pyc
running install_data
creating /home/mscrobotics2425laptop4/interbotix_ws/install/leo_launch/share/ament_index
creating /home/mscrobotics2425laptop4/interbotix_ws/install/leo_launch/share/ament_index/resource_index
creating /home/mscrobotics2425laptop4/interbotix_ws/install/leo_launch/share/ament_index/resource_index/packages
copying resource/leo_launch -> /home/mscrobotics2425laptop4/interbotix_ws/install/leo_launch/share/ament_index/resource_index/packages
copying package.xml -> /home/mscrobotics2425laptop4/interbotix_ws/install/leo_launch/share/leo_launch
running install_egg_info
Copying ../../build/leo_launch/leo_launch.egg-info to /home/mscrobotics2425laptop4/interbotix_ws/install/leo_launch/lib/python3.10/site-packages/leo_launch-0.0.0-py3.10.egg-info
running install_scripts
writing list of installed files to '/home/mscrobotics2425laptop4/interbotix_ws/build/leo_launch/install.log'
