[1.698s] Invoking command in '/home/mscrobotics2425laptop4/interbotix_ws/src/leo_launch': PYTHONPATH=/home/mscrobotics2425laptop4/interbotix_ws/build/leo_launch/prefix_override:/usr/lib/python3/dist-packages/colcon_core/task/python/colcon_distutils_commands:/home/mscrobotics2425laptop4/interbotix_ws/install/leo_launch/lib/python3.10/site-packages:${PYTHONPATH} /usr/bin/python3 -W ignore:setup.py install is deprecated -W ignore:easy_install command is deprecated setup.py egg_info --egg-base ../../build/leo_launch build --build-base /home/mscrobotics2425laptop4/interbotix_ws/build/leo_launch/build install --record /home/mscrobotics2425laptop4/interbotix_ws/build/leo_launch/install.log --single-version-externally-managed install_data
[2.062s] running egg_info
[2.063s] creating ../../build/leo_launch/leo_launch.egg-info
[2.063s] writing ../../build/leo_launch/leo_launch.egg-info/PKG-INFO
[2.064s] writing dependency_links to ../../build/leo_launch/leo_launch.egg-info/dependency_links.txt
[2.064s] writing entry points to ../../build/leo_launch/leo_launch.egg-info/entry_points.txt
[2.064s] writing requirements to ../../build/leo_launch/leo_launch.egg-info/requires.txt
[2.064s] writing top-level names to ../../build/leo_launch/leo_launch.egg-info/top_level.txt
[2.064s] writing manifest file '../../build/leo_launch/leo_launch.egg-info/SOURCES.txt'
[2.068s] reading manifest file '../../build/leo_launch/leo_launch.egg-info/SOURCES.txt'
[2.069s] writing manifest file '../../build/leo_launch/leo_launch.egg-info/SOURCES.txt'
[2.069s] running build
[2.069s] running build_py
[2.069s] creating /home/mscrobotics2425laptop4/interbotix_ws/build/leo_launch/build
[2.070s] creating /home/mscrobotics2425laptop4/interbotix_ws/build/leo_launch/build/lib
[2.070s] creating /home/mscrobotics2425laptop4/interbotix_ws/build/leo_launch/build/lib/leo_launch
[2.070s] copying leo_launch/__init__.py -> /home/mscrobotics2425laptop4/interbotix_ws/build/leo_launch/build/lib/leo_launch
[2.070s] running install
[2.070s] running install_lib
[2.071s] creating /home/mscrobotics2425laptop4/interbotix_ws/install/leo_launch/lib/python3.10/site-packages/leo_launch
[2.072s] copying /home/mscrobotics2425laptop4/interbotix_ws/build/leo_launch/build/lib/leo_launch/__init__.py -> /home/mscrobotics2425laptop4/interbotix_ws/install/leo_launch/lib/python3.10/site-packages/leo_launch
[2.077s] byte-compiling /home/mscrobotics2425laptop4/interbotix_ws/install/leo_launch/lib/python3.10/site-packages/leo_launch/__init__.py to __init__.cpython-310.pyc
[2.080s] running install_data
[2.080s] creating /home/mscrobotics2425laptop4/interbotix_ws/install/leo_launch/share/ament_index
[2.080s] creating /home/mscrobotics2425laptop4/interbotix_ws/install/leo_launch/share/ament_index/resource_index
[2.081s] creating /home/mscrobotics2425laptop4/interbotix_ws/install/leo_launch/share/ament_index/resource_index/packages
[2.081s] copying resource/leo_launch -> /home/mscrobotics2425laptop4/interbotix_ws/install/leo_launch/share/ament_index/resource_index/packages
[2.081s] copying package.xml -> /home/mscrobotics2425laptop4/interbotix_ws/install/leo_launch/share/leo_launch
[2.081s] running install_egg_info
[2.081s] Copying ../../build/leo_launch/leo_launch.egg-info to /home/mscrobotics2425laptop4/interbotix_ws/install/leo_launch/lib/python3.10/site-packages/leo_launch-0.0.0-py3.10.egg-info
[2.081s] running install_scripts
[2.101s] writing list of installed files to '/home/mscrobotics2425laptop4/interbotix_ws/build/leo_launch/install.log'
[2.128s] Invoked command in '/home/mscrobotics2425laptop4/interbotix_ws/src/leo_launch' returned '0': PYTHONPATH=/home/mscrobotics2425laptop4/interbotix_ws/build/leo_launch/prefix_override:/usr/lib/python3/dist-packages/colcon_core/task/python/colcon_distutils_commands:/home/mscrobotics2425laptop4/interbotix_ws/install/leo_launch/lib/python3.10/site-packages:${PYTHONPATH} /usr/bin/python3 -W ignore:setup.py install is deprecated -W ignore:easy_install command is deprecated setup.py egg_info --egg-base ../../build/leo_launch build --build-base /home/mscrobotics2425laptop4/interbotix_ws/build/leo_launch/build install --record /home/mscrobotics2425laptop4/interbotix_ws/build/leo_launch/install.log --single-version-externally-managed install_data
