[0.066s] Invoking command in '/home/mscrobotics2425laptop4/interbotix_ws/build/interbotix_xsarm_puppet': AMENT_PREFIX_PATH=/home/mscrobotics2425laptop4/interbotix_ws/install/interbotix_xsarm_control:/home/mscrobotics2425laptop4/interbotix_ws/install/interbotix_xsarm_descriptions:/home/mscrobotics2425laptop4/interbotix_ws/install/interbotix_xs_modules:/home/mscrobotics2425laptop4/interbotix_ws/install/interbotix_xs_sdk:/home/mscrobotics2425laptop4/interbotix_ws/install/interbotix_xs_driver:/home/mscrobotics2425laptop4/interbotix_ws/install/interbotix_xs_msgs:/home/mscrobotics2425laptop4/interbotix_ws/install/interbotix_common_modules:/home/mscrobotics2425laptop4/interbotix_ws/install/dynamixel_workbench_toolbox:${AMENT_PREFIX_PATH} CMAKE_PREFIX_PATH=/home/mscrobotics2425laptop4/interbotix_ws/install/interbotix_xsarm_control:/home/mscrobotics2425laptop4/interbotix_ws/install/interbotix_xsarm_descriptions:/home/mscrobotics2425laptop4/interbotix_ws/install/interbotix_xs_sdk:/home/mscrobotics2425laptop4/interbotix_ws/install/interbotix_xs_driver:/home/mscrobotics2425laptop4/interbotix_ws/install/interbotix_xs_msgs:/home/mscrobotics2425laptop4/interbotix_ws/install/dynamixel_workbench_toolbox:/home/mscrobotics2425laptop4/apriltag_ws/install/apriltag_ros:/opt/ros/humble LD_LIBRARY_PATH=/home/mscrobotics2425laptop4/interbotix_ws/install/interbotix_xs_driver/lib:/home/mscrobotics2425laptop4/interbotix_ws/install/interbotix_xs_msgs/lib:/home/mscrobotics2425laptop4/interbotix_ws/install/dynamixel_workbench_toolbox/lib:${LD_LIBRARY_PATH} PYTHONPATH=/home/mscrobotics2425laptop4/interbotix_ws/install/interbotix_xs_modules/lib/python3.10/site-packages:/home/mscrobotics2425laptop4/interbotix_ws/install/interbotix_xs_msgs/local/lib/python3.10/dist-packages:/home/mscrobotics2425laptop4/interbotix_ws/install/interbotix_common_modules/lib/python3.10/site-packages:${PYTHONPATH} /usr/bin/cmake /home/mscrobotics2425laptop4/interbotix_ws/src/interbotix_ros_manipulators/interbotix_ros_xsarms/examples/interbotix_xsarm_puppet -DCMAKE_INSTALL_PREFIX=/home/mscrobotics2425laptop4/interbotix_ws/install/interbotix_xsarm_puppet
[0.196s] -- The C compiler identification is GNU 11.4.0
[0.352s] -- The CXX compiler identification is GNU 11.4.0
[0.364s] -- Detecting C compiler ABI info
[0.539s] -- Detecting C compiler ABI info - done
[0.558s] -- Check for working C compiler: /usr/bin/cc - skipped
[0.558s] -- Detecting C compile features
[0.563s] -- Detecting C compile features - done
[0.568s] -- Detecting CXX compiler ABI info
[0.771s] -- Detecting CXX compiler ABI info - done
[0.787s] -- Check for working CXX compiler: /usr/bin/c++ - skipped
[0.788s] -- Detecting CXX compile features
[0.789s] -- Detecting CXX compile features - done
[0.794s] -- Found ament_cmake: 1.3.11 (/opt/ros/humble/share/ament_cmake/cmake)
[1.230s] -- Found Python3: /usr/bin/python3 (found version "3.10.12") found components: Interpreter 
[1.487s] -- Found interbotix_xs_msgs: 0.0.0 (/home/mscrobotics2425laptop4/interbotix_ws/install/interbotix_xs_msgs/share/interbotix_xs_msgs/cmake)
[1.568s] -- Found rosidl_generator_c: 3.1.6 (/opt/ros/humble/share/rosidl_generator_c/cmake)
[1.581s] -- Found rosidl_adapter: 3.1.6 (/opt/ros/humble/share/rosidl_adapter/cmake)
[1.604s] -- Found rosidl_generator_cpp: 3.1.6 (/opt/ros/humble/share/rosidl_generator_cpp/cmake)
[1.637s] -- Using all available rosidl_typesupport_c: rosidl_typesupport_fastrtps_c;rosidl_typesupport_introspection_c
[1.673s] -- Using all available rosidl_typesupport_cpp: rosidl_typesupport_fastrtps_cpp;rosidl_typesupport_introspection_cpp
[1.819s] -- Found rclcpp: 16.0.11 (/opt/ros/humble/share/rclcpp/cmake)
[1.909s] -- Found rmw_implementation_cmake: 6.1.2 (/opt/ros/humble/share/rmw_implementation_cmake/cmake)
[1.915s] -- Found rmw_fastrtps_cpp: 6.2.7 (/opt/ros/humble/share/rmw_fastrtps_cpp/cmake)
[2.155s] -- Found OpenSSL: /usr/lib/x86_64-linux-gnu/libcrypto.so (found version "3.0.2")  
[2.213s] -- Found FastRTPS: /opt/ros/humble/include  
[2.338s] -- Using RMW implementation 'rmw_fastrtps_cpp' as default
[2.372s] -- Looking for pthread.h
[2.533s] -- Looking for pthread.h - found
[2.535s] -- Performing Test CMAKE_HAVE_LIBC_PTHREAD
[2.703s] -- Performing Test CMAKE_HAVE_LIBC_PTHREAD - Success
[2.705s] -- Found Threads: TRUE  
[2.848s] -- Found sensor_msgs: 4.2.4 (/opt/ros/humble/share/sensor_msgs/cmake)
[2.919s] -- Found ament_lint_auto: 0.12.11 (/opt/ros/humble/share/ament_lint_auto/cmake)
[3.086s] -- Added test 'copyright' to check source files copyright and LICENSE
[3.088s] -- Added test 'cppcheck' to perform static code analysis on C / C++ code
[3.089s] -- Configured cppcheck include dirs: /home/mscrobotics2425laptop4/interbotix_ws/src/interbotix_ros_manipulators/interbotix_ros_xsarms/examples/interbotix_xsarm_puppet/include
[3.089s] -- Configured cppcheck exclude dirs and/or files: 
[3.091s] -- Added test 'cpplint' to check C / C++ code against the Google style
[3.091s] -- Configured cpplint exclude dirs and/or files: 
[3.092s] -- Added test 'flake8' to check Python code syntax and style conventions
[3.093s] -- Added test 'lint_cmake' to check CMake code style
[3.094s] -- Added test 'pep257' to check Python code against some of the docstring style conventions in PEP 257
[3.096s] -- Added test 'uncrustify' to check C / C++ code style
[3.096s] -- Configured uncrustify additional arguments: 
[3.097s] -- Added test 'xmllint' to check XML markup files
[3.099s] -- Configuring done
[3.140s] -- Generating done
[3.151s] -- Build files have been written to: /home/mscrobotics2425laptop4/interbotix_ws/build/interbotix_xsarm_puppet
[3.167s] Invoked command in '/home/mscrobotics2425laptop4/interbotix_ws/build/interbotix_xsarm_puppet' returned '0': AMENT_PREFIX_PATH=/home/mscrobotics2425laptop4/interbotix_ws/install/interbotix_xsarm_control:/home/mscrobotics2425laptop4/interbotix_ws/install/interbotix_xsarm_descriptions:/home/mscrobotics2425laptop4/interbotix_ws/install/interbotix_xs_modules:/home/mscrobotics2425laptop4/interbotix_ws/install/interbotix_xs_sdk:/home/mscrobotics2425laptop4/interbotix_ws/install/interbotix_xs_driver:/home/mscrobotics2425laptop4/interbotix_ws/install/interbotix_xs_msgs:/home/mscrobotics2425laptop4/interbotix_ws/install/interbotix_common_modules:/home/mscrobotics2425laptop4/interbotix_ws/install/dynamixel_workbench_toolbox:${AMENT_PREFIX_PATH} CMAKE_PREFIX_PATH=/home/mscrobotics2425laptop4/interbotix_ws/install/interbotix_xsarm_control:/home/mscrobotics2425laptop4/interbotix_ws/install/interbotix_xsarm_descriptions:/home/mscrobotics2425laptop4/interbotix_ws/install/interbotix_xs_sdk:/home/mscrobotics2425laptop4/interbotix_ws/install/interbotix_xs_driver:/home/mscrobotics2425laptop4/interbotix_ws/install/interbotix_xs_msgs:/home/mscrobotics2425laptop4/interbotix_ws/install/dynamixel_workbench_toolbox:/home/mscrobotics2425laptop4/apriltag_ws/install/apriltag_ros:/opt/ros/humble LD_LIBRARY_PATH=/home/mscrobotics2425laptop4/interbotix_ws/install/interbotix_xs_driver/lib:/home/mscrobotics2425laptop4/interbotix_ws/install/interbotix_xs_msgs/lib:/home/mscrobotics2425laptop4/interbotix_ws/install/dynamixel_workbench_toolbox/lib:${LD_LIBRARY_PATH} PYTHONPATH=/home/mscrobotics2425laptop4/interbotix_ws/install/interbotix_xs_modules/lib/python3.10/site-packages:/home/mscrobotics2425laptop4/interbotix_ws/install/interbotix_xs_msgs/local/lib/python3.10/dist-packages:/home/mscrobotics2425laptop4/interbotix_ws/install/interbotix_common_modules/lib/python3.10/site-packages:${PYTHONPATH} /usr/bin/cmake /home/mscrobotics2425laptop4/interbotix_ws/src/interbotix_ros_manipulators/interbotix_ros_xsarms/examples/interbotix_xsarm_puppet -DCMAKE_INSTALL_PREFIX=/home/mscrobotics2425laptop4/interbotix_ws/install/interbotix_xsarm_puppet
[3.171s] Invoking command in '/home/mscrobotics2425laptop4/interbotix_ws/build/interbotix_xsarm_puppet': AMENT_PREFIX_PATH=/home/mscrobotics2425laptop4/interbotix_ws/install/interbotix_xsarm_control:/home/mscrobotics2425laptop4/interbotix_ws/install/interbotix_xsarm_descriptions:/home/mscrobotics2425laptop4/interbotix_ws/install/interbotix_xs_modules:/home/mscrobotics2425laptop4/interbotix_ws/install/interbotix_xs_sdk:/home/mscrobotics2425laptop4/interbotix_ws/install/interbotix_xs_driver:/home/mscrobotics2425laptop4/interbotix_ws/install/interbotix_xs_msgs:/home/mscrobotics2425laptop4/interbotix_ws/install/interbotix_common_modules:/home/mscrobotics2425laptop4/interbotix_ws/install/dynamixel_workbench_toolbox:${AMENT_PREFIX_PATH} CMAKE_PREFIX_PATH=/home/mscrobotics2425laptop4/interbotix_ws/install/interbotix_xsarm_control:/home/mscrobotics2425laptop4/interbotix_ws/install/interbotix_xsarm_descriptions:/home/mscrobotics2425laptop4/interbotix_ws/install/interbotix_xs_sdk:/home/mscrobotics2425laptop4/interbotix_ws/install/interbotix_xs_driver:/home/mscrobotics2425laptop4/interbotix_ws/install/interbotix_xs_msgs:/home/mscrobotics2425laptop4/interbotix_ws/install/dynamixel_workbench_toolbox:/home/mscrobotics2425laptop4/apriltag_ws/install/apriltag_ros:/opt/ros/humble LD_LIBRARY_PATH=/home/mscrobotics2425laptop4/interbotix_ws/install/interbotix_xs_driver/lib:/home/mscrobotics2425laptop4/interbotix_ws/install/interbotix_xs_msgs/lib:/home/mscrobotics2425laptop4/interbotix_ws/install/dynamixel_workbench_toolbox/lib:${LD_LIBRARY_PATH} PYTHONPATH=/home/mscrobotics2425laptop4/interbotix_ws/install/interbotix_xs_modules/lib/python3.10/site-packages:/home/mscrobotics2425laptop4/interbotix_ws/install/interbotix_xs_msgs/local/lib/python3.10/dist-packages:/home/mscrobotics2425laptop4/interbotix_ws/install/interbotix_common_modules/lib/python3.10/site-packages:${PYTHONPATH} /usr/bin/cmake --build /home/mscrobotics2425laptop4/interbotix_ws/build/interbotix_xsarm_puppet -- -j12 -l12
[3.280s] [ 25%] [32mBuilding CXX object CMakeFiles/xsarm_puppet.dir/src/xsarm_puppet.cpp.o[0m
[3.302s] [ 50%] [32mBuilding CXX object CMakeFiles/xsarm_puppet_single.dir/src/xsarm_puppet_single.cpp.o[0m
[20.156s] [ 75%] [32m[1mLinking CXX executable xsarm_puppet[0m
[20.974s] [ 75%] Built target xsarm_puppet
[22.234s] [100%] [32m[1mLinking CXX executable xsarm_puppet_single[0m
[22.963s] [100%] Built target xsarm_puppet_single
[22.982s] Invoked command in '/home/mscrobotics2425laptop4/interbotix_ws/build/interbotix_xsarm_puppet' returned '0': AMENT_PREFIX_PATH=/home/mscrobotics2425laptop4/interbotix_ws/install/interbotix_xsarm_control:/home/mscrobotics2425laptop4/interbotix_ws/install/interbotix_xsarm_descriptions:/home/mscrobotics2425laptop4/interbotix_ws/install/interbotix_xs_modules:/home/mscrobotics2425laptop4/interbotix_ws/install/interbotix_xs_sdk:/home/mscrobotics2425laptop4/interbotix_ws/install/interbotix_xs_driver:/home/mscrobotics2425laptop4/interbotix_ws/install/interbotix_xs_msgs:/home/mscrobotics2425laptop4/interbotix_ws/install/interbotix_common_modules:/home/mscrobotics2425laptop4/interbotix_ws/install/dynamixel_workbench_toolbox:${AMENT_PREFIX_PATH} CMAKE_PREFIX_PATH=/home/mscrobotics2425laptop4/interbotix_ws/install/interbotix_xsarm_control:/home/mscrobotics2425laptop4/interbotix_ws/install/interbotix_xsarm_descriptions:/home/mscrobotics2425laptop4/interbotix_ws/install/interbotix_xs_sdk:/home/mscrobotics2425laptop4/interbotix_ws/install/interbotix_xs_driver:/home/mscrobotics2425laptop4/interbotix_ws/install/interbotix_xs_msgs:/home/mscrobotics2425laptop4/interbotix_ws/install/dynamixel_workbench_toolbox:/home/mscrobotics2425laptop4/apriltag_ws/install/apriltag_ros:/opt/ros/humble LD_LIBRARY_PATH=/home/mscrobotics2425laptop4/interbotix_ws/install/interbotix_xs_driver/lib:/home/mscrobotics2425laptop4/interbotix_ws/install/interbotix_xs_msgs/lib:/home/mscrobotics2425laptop4/interbotix_ws/install/dynamixel_workbench_toolbox/lib:${LD_LIBRARY_PATH} PYTHONPATH=/home/mscrobotics2425laptop4/interbotix_ws/install/interbotix_xs_modules/lib/python3.10/site-packages:/home/mscrobotics2425laptop4/interbotix_ws/install/interbotix_xs_msgs/local/lib/python3.10/dist-packages:/home/mscrobotics2425laptop4/interbotix_ws/install/interbotix_common_modules/lib/python3.10/site-packages:${PYTHONPATH} /usr/bin/cmake --build /home/mscrobotics2425laptop4/interbotix_ws/build/interbotix_xsarm_puppet -- -j12 -l12
[22.984s] Invoking command in '/home/mscrobotics2425laptop4/interbotix_ws/build/interbotix_xsarm_puppet': AMENT_PREFIX_PATH=/home/mscrobotics2425laptop4/interbotix_ws/install/interbotix_xsarm_control:/home/mscrobotics2425laptop4/interbotix_ws/install/interbotix_xsarm_descriptions:/home/mscrobotics2425laptop4/interbotix_ws/install/interbotix_xs_modules:/home/mscrobotics2425laptop4/interbotix_ws/install/interbotix_xs_sdk:/home/mscrobotics2425laptop4/interbotix_ws/install/interbotix_xs_driver:/home/mscrobotics2425laptop4/interbotix_ws/install/interbotix_xs_msgs:/home/mscrobotics2425laptop4/interbotix_ws/install/interbotix_common_modules:/home/mscrobotics2425laptop4/interbotix_ws/install/dynamixel_workbench_toolbox:${AMENT_PREFIX_PATH} CMAKE_PREFIX_PATH=/home/mscrobotics2425laptop4/interbotix_ws/install/interbotix_xsarm_control:/home/mscrobotics2425laptop4/interbotix_ws/install/interbotix_xsarm_descriptions:/home/mscrobotics2425laptop4/interbotix_ws/install/interbotix_xs_sdk:/home/mscrobotics2425laptop4/interbotix_ws/install/interbotix_xs_driver:/home/mscrobotics2425laptop4/interbotix_ws/install/interbotix_xs_msgs:/home/mscrobotics2425laptop4/interbotix_ws/install/dynamixel_workbench_toolbox:/home/mscrobotics2425laptop4/apriltag_ws/install/apriltag_ros:/opt/ros/humble LD_LIBRARY_PATH=/home/mscrobotics2425laptop4/interbotix_ws/install/interbotix_xs_driver/lib:/home/mscrobotics2425laptop4/interbotix_ws/install/interbotix_xs_msgs/lib:/home/mscrobotics2425laptop4/interbotix_ws/install/dynamixel_workbench_toolbox/lib:${LD_LIBRARY_PATH} PYTHONPATH=/home/mscrobotics2425laptop4/interbotix_ws/install/interbotix_xs_modules/lib/python3.10/site-packages:/home/mscrobotics2425laptop4/interbotix_ws/install/interbotix_xs_msgs/local/lib/python3.10/dist-packages:/home/mscrobotics2425laptop4/interbotix_ws/install/interbotix_common_modules/lib/python3.10/site-packages:${PYTHONPATH} /usr/bin/cmake --install /home/mscrobotics2425laptop4/interbotix_ws/build/interbotix_xsarm_puppet
[22.999s] -- Install configuration: ""
[22.999s] -- Installing: /home/mscrobotics2425laptop4/interbotix_ws/install/interbotix_xsarm_puppet/lib/interbotix_xsarm_puppet/xsarm_puppet
[23.006s] -- Set runtime path of "/home/mscrobotics2425laptop4/interbotix_ws/install/interbotix_xsarm_puppet/lib/interbotix_xsarm_puppet/xsarm_puppet" to ""
[23.006s] -- Installing: /home/mscrobotics2425laptop4/interbotix_ws/install/interbotix_xsarm_puppet/lib/interbotix_xsarm_puppet/xsarm_puppet_single
[23.017s] -- Set runtime path of "/home/mscrobotics2425laptop4/interbotix_ws/install/interbotix_xsarm_puppet/lib/interbotix_xsarm_puppet/xsarm_puppet_single" to ""
[23.018s] -- Installing: /home/mscrobotics2425laptop4/interbotix_ws/install/interbotix_xsarm_puppet/share/interbotix_xsarm_puppet//bag
[23.018s] -- Installing: /home/mscrobotics2425laptop4/interbotix_ws/install/interbotix_xsarm_puppet/share/interbotix_xsarm_puppet//bag/duck_dunk.bag
[23.020s] -- Installing: /home/mscrobotics2425laptop4/interbotix_ws/install/interbotix_xsarm_puppet/share/interbotix_xsarm_puppet//bag/.gitkeep
[23.021s] -- Installing: /home/mscrobotics2425laptop4/interbotix_ws/install/interbotix_xsarm_puppet/share/interbotix_xsarm_puppet//config
[23.021s] -- Installing: /home/mscrobotics2425laptop4/interbotix_ws/install/interbotix_xsarm_puppet/share/interbotix_xsarm_puppet//config/record_modes.yaml
[23.022s] -- Installing: /home/mscrobotics2425laptop4/interbotix_ws/install/interbotix_xsarm_puppet/share/interbotix_xsarm_puppet//config/playback_modes.yaml
[23.022s] -- Installing: /home/mscrobotics2425laptop4/interbotix_ws/install/interbotix_xsarm_puppet/share/interbotix_xsarm_puppet//config/follower_modes.yaml
[23.023s] -- Installing: /home/mscrobotics2425laptop4/interbotix_ws/install/interbotix_xsarm_puppet/share/interbotix_xsarm_puppet//config/leader_modes.yaml
[23.023s] -- Installing: /home/mscrobotics2425laptop4/interbotix_ws/install/interbotix_xsarm_puppet/share/interbotix_xsarm_puppet//launch
[23.023s] -- Installing: /home/mscrobotics2425laptop4/interbotix_ws/install/interbotix_xsarm_puppet/share/interbotix_xsarm_puppet//launch/xsarm_puppet_single.launch.py
[23.024s] -- Installing: /home/mscrobotics2425laptop4/interbotix_ws/install/interbotix_xsarm_puppet/share/interbotix_xsarm_puppet//launch/xsarm_puppet.launch.py
[23.024s] -- Installing: /home/mscrobotics2425laptop4/interbotix_ws/install/interbotix_xsarm_puppet/share/interbotix_xsarm_puppet//rviz
[23.024s] -- Installing: /home/mscrobotics2425laptop4/interbotix_ws/install/interbotix_xsarm_puppet/share/interbotix_xsarm_puppet//rviz/xsarm_puppet.rviz
[23.025s] -- Installing: /home/mscrobotics2425laptop4/interbotix_ws/install/interbotix_xsarm_puppet/share/ament_index/resource_index/package_run_dependencies/interbotix_xsarm_puppet
[23.026s] -- Installing: /home/mscrobotics2425laptop4/interbotix_ws/install/interbotix_xsarm_puppet/share/ament_index/resource_index/parent_prefix_path/interbotix_xsarm_puppet
[23.026s] -- Installing: /home/mscrobotics2425laptop4/interbotix_ws/install/interbotix_xsarm_puppet/share/interbotix_xsarm_puppet/environment/ament_prefix_path.sh
[23.026s] -- Installing: /home/mscrobotics2425laptop4/interbotix_ws/install/interbotix_xsarm_puppet/share/interbotix_xsarm_puppet/environment/ament_prefix_path.dsv
[23.027s] -- Installing: /home/mscrobotics2425laptop4/interbotix_ws/install/interbotix_xsarm_puppet/share/interbotix_xsarm_puppet/environment/path.sh
[23.027s] -- Installing: /home/mscrobotics2425laptop4/interbotix_ws/install/interbotix_xsarm_puppet/share/interbotix_xsarm_puppet/environment/path.dsv
[23.028s] -- Installing: /home/mscrobotics2425laptop4/interbotix_ws/install/interbotix_xsarm_puppet/share/interbotix_xsarm_puppet/local_setup.bash
[23.028s] -- Installing: /home/mscrobotics2425laptop4/interbotix_ws/install/interbotix_xsarm_puppet/share/interbotix_xsarm_puppet/local_setup.sh
[23.029s] -- Installing: /home/mscrobotics2425laptop4/interbotix_ws/install/interbotix_xsarm_puppet/share/interbotix_xsarm_puppet/local_setup.zsh
[23.030s] -- Installing: /home/mscrobotics2425laptop4/interbotix_ws/install/interbotix_xsarm_puppet/share/interbotix_xsarm_puppet/local_setup.dsv
[23.030s] -- Installing: /home/mscrobotics2425laptop4/interbotix_ws/install/interbotix_xsarm_puppet/share/interbotix_xsarm_puppet/package.dsv
[23.030s] -- Installing: /home/mscrobotics2425laptop4/interbotix_ws/install/interbotix_xsarm_puppet/share/ament_index/resource_index/packages/interbotix_xsarm_puppet
[23.030s] -- Installing: /home/mscrobotics2425laptop4/interbotix_ws/install/interbotix_xsarm_puppet/share/interbotix_xsarm_puppet/cmake/interbotix_xsarm_puppetConfig.cmake
[23.030s] -- Installing: /home/mscrobotics2425laptop4/interbotix_ws/install/interbotix_xsarm_puppet/share/interbotix_xsarm_puppet/cmake/interbotix_xsarm_puppetConfig-version.cmake
[23.030s] -- Installing: /home/mscrobotics2425laptop4/interbotix_ws/install/interbotix_xsarm_puppet/share/interbotix_xsarm_puppet/package.xml
[23.036s] Invoked command in '/home/mscrobotics2425laptop4/interbotix_ws/build/interbotix_xsarm_puppet' returned '0': AMENT_PREFIX_PATH=/home/mscrobotics2425laptop4/interbotix_ws/install/interbotix_xsarm_control:/home/mscrobotics2425laptop4/interbotix_ws/install/interbotix_xsarm_descriptions:/home/mscrobotics2425laptop4/interbotix_ws/install/interbotix_xs_modules:/home/mscrobotics2425laptop4/interbotix_ws/install/interbotix_xs_sdk:/home/mscrobotics2425laptop4/interbotix_ws/install/interbotix_xs_driver:/home/mscrobotics2425laptop4/interbotix_ws/install/interbotix_xs_msgs:/home/mscrobotics2425laptop4/interbotix_ws/install/interbotix_common_modules:/home/mscrobotics2425laptop4/interbotix_ws/install/dynamixel_workbench_toolbox:${AMENT_PREFIX_PATH} CMAKE_PREFIX_PATH=/home/mscrobotics2425laptop4/interbotix_ws/install/interbotix_xsarm_control:/home/mscrobotics2425laptop4/interbotix_ws/install/interbotix_xsarm_descriptions:/home/mscrobotics2425laptop4/interbotix_ws/install/interbotix_xs_sdk:/home/mscrobotics2425laptop4/interbotix_ws/install/interbotix_xs_driver:/home/mscrobotics2425laptop4/interbotix_ws/install/interbotix_xs_msgs:/home/mscrobotics2425laptop4/interbotix_ws/install/dynamixel_workbench_toolbox:/home/mscrobotics2425laptop4/apriltag_ws/install/apriltag_ros:/opt/ros/humble LD_LIBRARY_PATH=/home/mscrobotics2425laptop4/interbotix_ws/install/interbotix_xs_driver/lib:/home/mscrobotics2425laptop4/interbotix_ws/install/interbotix_xs_msgs/lib:/home/mscrobotics2425laptop4/interbotix_ws/install/dynamixel_workbench_toolbox/lib:${LD_LIBRARY_PATH} PYTHONPATH=/home/mscrobotics2425laptop4/interbotix_ws/install/interbotix_xs_modules/lib/python3.10/site-packages:/home/mscrobotics2425laptop4/interbotix_ws/install/interbotix_xs_msgs/local/lib/python3.10/dist-packages:/home/mscrobotics2425laptop4/interbotix_ws/install/interbotix_common_modules/lib/python3.10/site-packages:${PYTHONPATH} /usr/bin/cmake --install /home/mscrobotics2425laptop4/interbotix_ws/build/interbotix_xsarm_puppet
