running egg_info
writing ../../build/ros_cv_messages/ros_cv_messages.egg-info/PKG-INFO
writing dependency_links to ../../build/ros_cv_messages/ros_cv_messages.egg-info/dependency_links.txt
writing entry points to ../../build/ros_cv_messages/ros_cv_messages.egg-info/entry_points.txt
writing requirements to ../../build/ros_cv_messages/ros_cv_messages.egg-info/requires.txt
writing top-level names to ../../build/ros_cv_messages/ros_cv_messages.egg-info/top_level.txt
reading manifest file '../../build/ros_cv_messages/ros_cv_messages.egg-info/SOURCES.txt'
writing manifest file '../../build/ros_cv_messages/ros_cv_messages.egg-info/SOURCES.txt'
running build
running build_py
copying ros_cv_messages/ros_cv_messages.py -> /home/mscrobotics2425laptop4/interbotix_ws/build/ros_cv_messages/build/lib/ros_cv_messages
running install
running install_lib
copying /home/mscrobotics2425laptop4/interbotix_ws/build/ros_cv_messages/build/lib/ros_cv_messages/ros_cv_messages.py -> /home/mscrobotics2425laptop4/interbotix_ws/install/ros_cv_messages/lib/python3.10/site-packages/ros_cv_messages
byte-compiling /home/mscrobotics2425laptop4/interbotix_ws/install/ros_cv_messages/lib/python3.10/site-packages/ros_cv_messages/ros_cv_messages.py to ros_cv_messages.cpython-310.pyc
running install_data
running install_egg_info
removing '/home/mscrobotics2425laptop4/interbotix_ws/install/ros_cv_messages/lib/python3.10/site-packages/ros_cv_messages-0.0.0-py3.10.egg-info' (and everything under it)
Copying ../../build/ros_cv_messages/ros_cv_messages.egg-info to /home/mscrobotics2425laptop4/interbotix_ws/install/ros_cv_messages/lib/python3.10/site-packages/ros_cv_messages-0.0.0-py3.10.egg-info
running install_scripts
Installing ros_cv_messages script to /home/mscrobotics2425laptop4/interbotix_ws/install/ros_cv_messages/lib/ros_cv_messages
writing list of installed files to '/home/mscrobotics2425laptop4/interbotix_ws/build/ros_cv_messages/install.log'
