[1.472s] Invoking command in '/home/mscrobotics2425laptop4/LEO-ROVER-CODING/Final_nav/src/nav_final': PYTHONPATH=/home/mscrobotics2425laptop4/LEO-ROVER-CODING/build/nav_final/prefix_override:/usr/lib/python3/dist-packages/colcon_core/task/python/colcon_distutils_commands:/home/mscrobotics2425laptop4/LEO-ROVER-CODING/install/nav_final/lib/python3.10/site-packages:${PYTHONPATH} /usr/bin/python3 -W ignore:setup.py install is deprecated -W ignore:easy_install command is deprecated setup.py egg_info --egg-base ../../../build/nav_final build --build-base /home/mscrobotics2425laptop4/LEO-ROVER-CODING/build/nav_final/build install --record /home/mscrobotics2425laptop4/LEO-ROVER-CODING/build/nav_final/install.log --single-version-externally-managed install_data
[1.971s] running egg_info
[1.974s] creating ../../../build/nav_final/nav_final.egg-info
[1.978s] writing ../../../build/nav_final/nav_final.egg-info/PKG-INFO
[1.978s] writing dependency_links to ../../../build/nav_final/nav_final.egg-info/dependency_links.txt
[1.978s] writing entry points to ../../../build/nav_final/nav_final.egg-info/entry_points.txt
[1.979s] writing requirements to ../../../build/nav_final/nav_final.egg-info/requires.txt
[1.979s] writing top-level names to ../../../build/nav_final/nav_final.egg-info/top_level.txt
[1.979s] writing manifest file '../../../build/nav_final/nav_final.egg-info/SOURCES.txt'
[1.986s] reading manifest file '../../../build/nav_final/nav_final.egg-info/SOURCES.txt'
[1.987s] writing manifest file '../../../build/nav_final/nav_final.egg-info/SOURCES.txt'
[1.987s] running build
[1.988s] running build_py
[1.988s] creating /home/mscrobotics2425laptop4/LEO-ROVER-CODING/build/nav_final/build
[1.988s] creating /home/mscrobotics2425laptop4/LEO-ROVER-CODING/build/nav_final/build/lib
[1.989s] creating /home/mscrobotics2425laptop4/LEO-ROVER-CODING/build/nav_final/build/lib/nav_final
[1.989s] copying nav_final/__init__.py -> /home/mscrobotics2425laptop4/LEO-ROVER-CODING/build/nav_final/build/lib/nav_final
[1.989s] running install
[1.989s] running install_lib
[1.990s] creating /home/mscrobotics2425laptop4/LEO-ROVER-CODING/install/nav_final/lib/python3.10/site-packages/nav_final
[1.990s] copying /home/mscrobotics2425laptop4/LEO-ROVER-CODING/build/nav_final/build/lib/nav_final/__init__.py -> /home/mscrobotics2425laptop4/LEO-ROVER-CODING/install/nav_final/lib/python3.10/site-packages/nav_final
[1.991s] byte-compiling /home/mscrobotics2425laptop4/LEO-ROVER-CODING/install/nav_final/lib/python3.10/site-packages/nav_final/__init__.py to __init__.cpython-310.pyc
[1.991s] running install_data
[1.991s] creating /home/mscrobotics2425laptop4/LEO-ROVER-CODING/install/nav_final/share/ament_index
[1.991s] creating /home/mscrobotics2425laptop4/LEO-ROVER-CODING/install/nav_final/share/ament_index/resource_index
[1.991s] creating /home/mscrobotics2425laptop4/LEO-ROVER-CODING/install/nav_final/share/ament_index/resource_index/packages
[1.992s] copying resource/nav_final -> /home/mscrobotics2425laptop4/LEO-ROVER-CODING/install/nav_final/share/ament_index/resource_index/packages
[1.992s] copying package.xml -> /home/mscrobotics2425laptop4/LEO-ROVER-CODING/install/nav_final/share/nav_final
[1.992s] creating /home/mscrobotics2425laptop4/LEO-ROVER-CODING/install/nav_final/share/nav_final/launch
[1.992s] copying launch/main_nav.launch.py -> /home/mscrobotics2425laptop4/LEO-ROVER-CODING/install/nav_final/share/nav_final/launch
[1.992s] copying launch/model_nav.launch.py -> /home/mscrobotics2425laptop4/LEO-ROVER-CODING/install/nav_final/share/nav_final/launch
[1.992s] copying launch/full_model_nav.launch.py -> /home/mscrobotics2425laptop4/LEO-ROVER-CODING/install/nav_final/share/nav_final/launch
[1.992s] creating /home/mscrobotics2425laptop4/LEO-ROVER-CODING/install/nav_final/share/nav_final/urdf
[1.995s] copying urdf/laser.urdf.xacro -> /home/mscrobotics2425laptop4/LEO-ROVER-CODING/install/nav_final/share/nav_final/urdf
[1.995s] creating /home/mscrobotics2425laptop4/LEO-ROVER-CODING/install/nav_final/share/nav_final/rviz
[1.995s] copying rviz/robot.rviz -> /home/mscrobotics2425laptop4/LEO-ROVER-CODING/install/nav_final/share/nav_final/rviz
[1.995s] copying rviz/view_model.rviz -> /home/mscrobotics2425laptop4/LEO-ROVER-CODING/install/nav_final/share/nav_final/rviz
[1.995s] creating /home/mscrobotics2425laptop4/LEO-ROVER-CODING/install/nav_final/share/nav_final/worlds
[1.995s] creating /home/mscrobotics2425laptop4/LEO-ROVER-CODING/install/nav_final/share/nav_final/config
[1.995s] copying config/ekf.yaml -> /home/mscrobotics2425laptop4/LEO-ROVER-CODING/install/nav_final/share/nav_final/config
[1.995s] copying config/controller.yaml -> /home/mscrobotics2425laptop4/LEO-ROVER-CODING/install/nav_final/share/nav_final/config
[1.995s] copying config/imu_filter.yaml -> /home/mscrobotics2425laptop4/LEO-ROVER-CODING/install/nav_final/share/nav_final/config
[1.996s] copying config/planner.yaml -> /home/mscrobotics2425laptop4/LEO-ROVER-CODING/install/nav_final/share/nav_final/config
[1.996s] copying config/bt_nav.yaml -> /home/mscrobotics2425laptop4/LEO-ROVER-CODING/install/nav_final/share/nav_final/config
[1.996s] creating /home/mscrobotics2425laptop4/LEO-ROVER-CODING/install/nav_final/share/nav_final/maps
[1.996s] running install_egg_info
[1.997s] Copying ../../../build/nav_final/nav_final.egg-info to /home/mscrobotics2425laptop4/LEO-ROVER-CODING/install/nav_final/lib/python3.10/site-packages/nav_final-0.0.0-py3.10.egg-info
[1.999s] running install_scripts
[2.033s] writing list of installed files to '/home/mscrobotics2425laptop4/LEO-ROVER-CODING/build/nav_final/install.log'
[2.100s] Invoked command in '/home/mscrobotics2425laptop4/LEO-ROVER-CODING/Final_nav/src/nav_final' returned '0': PYTHONPATH=/home/mscrobotics2425laptop4/LEO-ROVER-CODING/build/nav_final/prefix_override:/usr/lib/python3/dist-packages/colcon_core/task/python/colcon_distutils_commands:/home/mscrobotics2425laptop4/LEO-ROVER-CODING/install/nav_final/lib/python3.10/site-packages:${PYTHONPATH} /usr/bin/python3 -W ignore:setup.py install is deprecated -W ignore:easy_install command is deprecated setup.py egg_info --egg-base ../../../build/nav_final build --build-base /home/mscrobotics2425laptop4/LEO-ROVER-CODING/build/nav_final/build install --record /home/mscrobotics2425laptop4/LEO-ROVER-CODING/build/nav_final/install.log --single-version-externally-managed install_data
