[0.381s] Invoking command in '/home/mscrobotics2425laptop4/LEO-ROVER-CODING/build/leo_with_interfaces': CMAKE_PREFIX_PATH=${CMAKE_PREFIX_PATH}:/home/mscrobotics2425laptop4/LEO-ROVER-CODING/install/ros_cv_messages:/home/mscrobotics2425laptop4/LEO-ROVER-CODING/install/nav_final:/home/mscrobotics2425laptop4/LEO-ROVER-CODING/install/leo_realsense:/home/mscrobotics2425laptop4/LEO-ROVER-CODING/install/leo_manipulator:/home/mscrobotics2425laptop4/LEO-ROVER-CODING/install/leo_main:/home/mscrobotics2425laptop4/LEO-ROVER-CODING/install/leo_launcher:/home/mscrobotics2425laptop4/LEO-ROVER-CODING/install/leo_launch:/home/mscrobotics2425laptop4/LEO-ROVER-CODING/install/interbotix_xs_modules:/home/mscrobotics2425laptop4/LEO-ROVER-CODING/install/interbotix_perception_modules:/home/mscrobotics2425laptop4/LEO-ROVER-CODING/install/interbotix_common_modules:/home/mscrobotics2425laptop4/interbotix_ws/install/ros_cv_messages:/home/mscrobotics2425laptop4/interbotix_ws/install/leo_realsense:/home/mscrobotics2425laptop4/interbotix_ws/install/leo_manipulator:/home/mscrobotics2425laptop4/interbotix_ws/install/leo_main:/home/mscrobotics2425laptop4/interbotix_ws/install/leo_launch:/home/mscrobotics2425laptop4/interbotix_ws/install/interbotix_xs_modules:/home/mscrobotics2425laptop4/interbotix_ws/install/interbotix_perception_modules:/home/mscrobotics2425laptop4/interbotix_ws/install/interbotix_common_modules:/home/mscrobotics2425laptop4/ros2_tutorial_workspace/install/the_simplest_python_package:/home/mscrobotics2425laptop4/ros2_tutorial_workspace/install/test_package:/home/mscrobotics2425laptop4/ros2_tutorial_workspace/install/python_package_with_a_node:/home/mscrobotics2425laptop4/ros2_tutorial_workspace/install/python_package_that_uses_the_library:/home/mscrobotics2425laptop4/ros2_tutorial_workspace/install/python_package_with_a_library:/home/mscrobotics2425laptop4/ros2_tutorial_workspace/install/python_package_that_uses_the_services:/home/mscrobotics2425laptop4/ros2_tutorial_workspace/install/python_package_that_uses_the_messages:/home/mscrobotics2425laptop4/ros2_tutorial_workspace/install/python_package_that_uses_parameters_and_launch_files:/home/mscrobotics2425laptop4/ros2_tutorial_workspace/install/navigation_leo:/home/mscrobotics2425laptop4/ros2_tutorial_workspace/install/navigation_demos_custom_map:/home/mscrobotics2425laptop4/ros2_tutorial_workspace/install/navigation_demos:/home/mscrobotics2425laptop4/ros2_tutorial_workspace/install/m_explore_toggle:/home/mscrobotics2425laptop4/ros2_tutorial_workspace/install/lidar_emulator:/home/mscrobotics2425laptop4/ros2_tutorial_workspace/install/leo_team9:/home/mscrobotics2425laptop4/ros2_tutorial_workspace/install/gz_example_robot_description:/home/mscrobotics2425laptop4/ros2_tutorial_workspace/install/example_urdf_robot:/home/mscrobotics2425laptop4/ros2_tutorial_workspace/install/example_urdf_description:/home/mscrobotics2425laptop4/ros2_tutorial_workspace/install/example_gz_robot:/home/mscrobotics2425laptop4/ros2_tutorial_workspace/install/custom_server_package:/home/mscrobotics2425laptop4/ros2_tutorial_workspace/install/custom_client_package:/home/mscrobotics2425laptop4/ros2_tutorial_workspace/install/challenge_package:/home/mscrobotics2425laptop4/ros2_tutorial_workspace/install/bt_demos:/opt/ros/humble /usr/bin/cmake /home/mscrobotics2425laptop4/LEO-ROVER-CODING/interbotix_ws/src/leo_with_interfaces -DCMAKE_INSTALL_PREFIX=/home/mscrobotics2425laptop4/LEO-ROVER-CODING/install/leo_with_interfaces
[0.484s] -- The C compiler identification is GNU 11.4.0
[0.577s] -- The CXX compiler identification is GNU 11.4.0
[0.600s] -- Detecting C compiler ABI info
[0.700s] -- Detecting C compiler ABI info - done
[0.715s] -- Check for working C compiler: /usr/bin/cc - skipped
[0.717s] -- Detecting C compile features
[0.717s] -- Detecting C compile features - done
[0.721s] -- Detecting CXX compiler ABI info
[0.830s] -- Detecting CXX compiler ABI info - done
[0.839s] -- Check for working CXX compiler: /usr/bin/c++ - skipped
[0.840s] -- Detecting CXX compile features
[0.842s] -- Detecting CXX compile features - done
[0.854s] -- Found ament_cmake: 1.3.11 (/opt/ros/humble/share/ament_cmake/cmake)
[1.130s] -- Found Python3: /usr/bin/python3 (found version "3.10.12") found components: Interpreter 
[1.395s] -- Found geometry_msgs: 4.2.4 (/opt/ros/humble/share/geometry_msgs/cmake)
[1.497s] -- Found rosidl_generator_c: 3.1.6 (/opt/ros/humble/share/rosidl_generator_c/cmake)
[1.507s] -- Found rosidl_adapter: 3.1.6 (/opt/ros/humble/share/rosidl_adapter/cmake)
[1.525s] -- Found rosidl_generator_cpp: 3.1.6 (/opt/ros/humble/share/rosidl_generator_cpp/cmake)
[1.551s] -- Using all available rosidl_typesupport_c: rosidl_typesupport_fastrtps_c;rosidl_typesupport_introspection_c
[1.598s] -- Using all available rosidl_typesupport_cpp: rosidl_typesupport_fastrtps_cpp;rosidl_typesupport_introspection_cpp
[1.650s] -- Found rosidl_default_generators: 1.2.0 (/opt/ros/humble/share/rosidl_default_generators/cmake)
[2.075s] -- Found ament_cmake_ros: 0.10.0 (/opt/ros/humble/share/ament_cmake_ros/cmake)
[2.727s] -- Using all available rosidl_typesupport_c: rosidl_typesupport_fastrtps_c;rosidl_typesupport_introspection_c
[2.969s] -- Using all available rosidl_typesupport_cpp: rosidl_typesupport_fastrtps_cpp;rosidl_typesupport_introspection_cpp
[3.008s] -- Found PythonInterp: /usr/bin/python3 (found suitable version "3.10.12", minimum required is "3.6") 
[3.016s] -- Found python_cmake_module: 0.10.0 (/opt/ros/humble/share/python_cmake_module/cmake)
[3.065s] -- Found PythonLibs: /usr/lib/x86_64-linux-gnu/libpython3.10.so (found suitable version "3.10.12", minimum required is "3.5") 
[3.066s] -- Using PYTHON_EXECUTABLE: /usr/bin/python3
[3.066s] -- Using PYTHON_INCLUDE_DIRS: /usr/include/python3.10
[3.066s] -- Using PYTHON_LIBRARIES: /usr/lib/x86_64-linux-gnu/libpython3.10.so
[3.104s] -- Found PythonExtra: .so  
[3.310s] -- Found ament_lint_auto: 0.12.11 (/opt/ros/humble/share/ament_lint_auto/cmake)
[3.361s] -- Added test 'lint_cmake' to check CMake code style
[3.363s] -- Added test 'xmllint' to check XML markup files
[3.366s] -- Configuring done
[3.393s] -- Generating done
[3.407s] -- Build files have been written to: /home/mscrobotics2425laptop4/LEO-ROVER-CODING/build/leo_with_interfaces
[3.598s] Invoked command in '/home/mscrobotics2425laptop4/LEO-ROVER-CODING/build/leo_with_interfaces' returned '0': CMAKE_PREFIX_PATH=${CMAKE_PREFIX_PATH}:/home/mscrobotics2425laptop4/LEO-ROVER-CODING/install/ros_cv_messages:/home/mscrobotics2425laptop4/LEO-ROVER-CODING/install/nav_final:/home/mscrobotics2425laptop4/LEO-ROVER-CODING/install/leo_realsense:/home/mscrobotics2425laptop4/LEO-ROVER-CODING/install/leo_manipulator:/home/mscrobotics2425laptop4/LEO-ROVER-CODING/install/leo_main:/home/mscrobotics2425laptop4/LEO-ROVER-CODING/install/leo_launcher:/home/mscrobotics2425laptop4/LEO-ROVER-CODING/install/leo_launch:/home/mscrobotics2425laptop4/LEO-ROVER-CODING/install/interbotix_xs_modules:/home/mscrobotics2425laptop4/LEO-ROVER-CODING/install/interbotix_perception_modules:/home/mscrobotics2425laptop4/LEO-ROVER-CODING/install/interbotix_common_modules:/home/mscrobotics2425laptop4/interbotix_ws/install/ros_cv_messages:/home/mscrobotics2425laptop4/interbotix_ws/install/leo_realsense:/home/mscrobotics2425laptop4/interbotix_ws/install/leo_manipulator:/home/mscrobotics2425laptop4/interbotix_ws/install/leo_main:/home/mscrobotics2425laptop4/interbotix_ws/install/leo_launch:/home/mscrobotics2425laptop4/interbotix_ws/install/interbotix_xs_modules:/home/mscrobotics2425laptop4/interbotix_ws/install/interbotix_perception_modules:/home/mscrobotics2425laptop4/interbotix_ws/install/interbotix_common_modules:/home/mscrobotics2425laptop4/ros2_tutorial_workspace/install/the_simplest_python_package:/home/mscrobotics2425laptop4/ros2_tutorial_workspace/install/test_package:/home/mscrobotics2425laptop4/ros2_tutorial_workspace/install/python_package_with_a_node:/home/mscrobotics2425laptop4/ros2_tutorial_workspace/install/python_package_that_uses_the_library:/home/mscrobotics2425laptop4/ros2_tutorial_workspace/install/python_package_with_a_library:/home/mscrobotics2425laptop4/ros2_tutorial_workspace/install/python_package_that_uses_the_services:/home/mscrobotics2425laptop4/ros2_tutorial_workspace/install/python_package_that_uses_the_messages:/home/mscrobotics2425laptop4/ros2_tutorial_workspace/install/python_package_that_uses_parameters_and_launch_files:/home/mscrobotics2425laptop4/ros2_tutorial_workspace/install/navigation_leo:/home/mscrobotics2425laptop4/ros2_tutorial_workspace/install/navigation_demos_custom_map:/home/mscrobotics2425laptop4/ros2_tutorial_workspace/install/navigation_demos:/home/mscrobotics2425laptop4/ros2_tutorial_workspace/install/m_explore_toggle:/home/mscrobotics2425laptop4/ros2_tutorial_workspace/install/lidar_emulator:/home/mscrobotics2425laptop4/ros2_tutorial_workspace/install/leo_team9:/home/mscrobotics2425laptop4/ros2_tutorial_workspace/install/gz_example_robot_description:/home/mscrobotics2425laptop4/ros2_tutorial_workspace/install/example_urdf_robot:/home/mscrobotics2425laptop4/ros2_tutorial_workspace/install/example_urdf_description:/home/mscrobotics2425laptop4/ros2_tutorial_workspace/install/example_gz_robot:/home/mscrobotics2425laptop4/ros2_tutorial_workspace/install/custom_server_package:/home/mscrobotics2425laptop4/ros2_tutorial_workspace/install/custom_client_package:/home/mscrobotics2425laptop4/ros2_tutorial_workspace/install/challenge_package:/home/mscrobotics2425laptop4/ros2_tutorial_workspace/install/bt_demos:/opt/ros/humble /usr/bin/cmake /home/mscrobotics2425laptop4/LEO-ROVER-CODING/interbotix_ws/src/leo_with_interfaces -DCMAKE_INSTALL_PREFIX=/home/mscrobotics2425laptop4/LEO-ROVER-CODING/install/leo_with_interfaces
[3.600s] Invoking command in '/home/mscrobotics2425laptop4/LEO-ROVER-CODING/build/leo_with_interfaces': CMAKE_PREFIX_PATH=${CMAKE_PREFIX_PATH}:/home/mscrobotics2425laptop4/LEO-ROVER-CODING/install/ros_cv_messages:/home/mscrobotics2425laptop4/LEO-ROVER-CODING/install/nav_final:/home/mscrobotics2425laptop4/LEO-ROVER-CODING/install/leo_realsense:/home/mscrobotics2425laptop4/LEO-ROVER-CODING/install/leo_manipulator:/home/mscrobotics2425laptop4/LEO-ROVER-CODING/install/leo_main:/home/mscrobotics2425laptop4/LEO-ROVER-CODING/install/leo_launcher:/home/mscrobotics2425laptop4/LEO-ROVER-CODING/install/leo_launch:/home/mscrobotics2425laptop4/LEO-ROVER-CODING/install/interbotix_xs_modules:/home/mscrobotics2425laptop4/LEO-ROVER-CODING/install/interbotix_perception_modules:/home/mscrobotics2425laptop4/LEO-ROVER-CODING/install/interbotix_common_modules:/home/mscrobotics2425laptop4/interbotix_ws/install/ros_cv_messages:/home/mscrobotics2425laptop4/interbotix_ws/install/leo_realsense:/home/mscrobotics2425laptop4/interbotix_ws/install/leo_manipulator:/home/mscrobotics2425laptop4/interbotix_ws/install/leo_main:/home/mscrobotics2425laptop4/interbotix_ws/install/leo_launch:/home/mscrobotics2425laptop4/interbotix_ws/install/interbotix_xs_modules:/home/mscrobotics2425laptop4/interbotix_ws/install/interbotix_perception_modules:/home/mscrobotics2425laptop4/interbotix_ws/install/interbotix_common_modules:/home/mscrobotics2425laptop4/ros2_tutorial_workspace/install/the_simplest_python_package:/home/mscrobotics2425laptop4/ros2_tutorial_workspace/install/test_package:/home/mscrobotics2425laptop4/ros2_tutorial_workspace/install/python_package_with_a_node:/home/mscrobotics2425laptop4/ros2_tutorial_workspace/install/python_package_that_uses_the_library:/home/mscrobotics2425laptop4/ros2_tutorial_workspace/install/python_package_with_a_library:/home/mscrobotics2425laptop4/ros2_tutorial_workspace/install/python_package_that_uses_the_services:/home/mscrobotics2425laptop4/ros2_tutorial_workspace/install/python_package_that_uses_the_messages:/home/mscrobotics2425laptop4/ros2_tutorial_workspace/install/python_package_that_uses_parameters_and_launch_files:/home/mscrobotics2425laptop4/ros2_tutorial_workspace/install/navigation_leo:/home/mscrobotics2425laptop4/ros2_tutorial_workspace/install/navigation_demos_custom_map:/home/mscrobotics2425laptop4/ros2_tutorial_workspace/install/navigation_demos:/home/mscrobotics2425laptop4/ros2_tutorial_workspace/install/m_explore_toggle:/home/mscrobotics2425laptop4/ros2_tutorial_workspace/install/lidar_emulator:/home/mscrobotics2425laptop4/ros2_tutorial_workspace/install/leo_team9:/home/mscrobotics2425laptop4/ros2_tutorial_workspace/install/gz_example_robot_description:/home/mscrobotics2425laptop4/ros2_tutorial_workspace/install/example_urdf_robot:/home/mscrobotics2425laptop4/ros2_tutorial_workspace/install/example_urdf_description:/home/mscrobotics2425laptop4/ros2_tutorial_workspace/install/example_gz_robot:/home/mscrobotics2425laptop4/ros2_tutorial_workspace/install/custom_server_package:/home/mscrobotics2425laptop4/ros2_tutorial_workspace/install/custom_client_package:/home/mscrobotics2425laptop4/ros2_tutorial_workspace/install/challenge_package:/home/mscrobotics2425laptop4/ros2_tutorial_workspace/install/bt_demos:/opt/ros/humble /usr/bin/cmake --build /home/mscrobotics2425laptop4/LEO-ROVER-CODING/build/leo_with_interfaces -- -j12 -l12
[3.671s] [  3%] [34m[1mGenerating C code for ROS interfaces[0m
[3.685s] [  6%] [34m[1mGenerating C++ code for ROS interfaces[0m
[3.708s] [  6%] Built target ament_cmake_python_copy_leo_with_interfaces
[4.449s] [  6%] Built target leo_with_interfaces__cpp
[4.488s] [ 12%] [34m[1mGenerating C++ introspection for ROS interfaces[0m
[4.488s] [ 12%] [34m[1mGenerating C++ type support dispatch for ROS interfaces[0m
[4.492s] [ 16%] [34m[1mGenerating C++ type support for eProsima Fast-RTPS[0m
[4.726s] [ 19%] [32mBuilding C object CMakeFiles/leo_with_interfaces__rosidl_generator_c.dir/rosidl_generator_c/leo_with_interfaces/msg/detail/position__functions.c.o[0m
[4.832s] running egg_info
[4.836s] creating leo_with_interfaces.egg-info
[4.843s] writing leo_with_interfaces.egg-info/PKG-INFO
[4.844s] writing dependency_links to leo_with_interfaces.egg-info/dependency_links.txt
[4.844s] writing top-level names to leo_with_interfaces.egg-info/top_level.txt
[4.862s] writing manifest file 'leo_with_interfaces.egg-info/SOURCES.txt'
[4.862s] reading manifest file 'leo_with_interfaces.egg-info/SOURCES.txt'
[4.862s] writing manifest file 'leo_with_interfaces.egg-info/SOURCES.txt'
[4.890s] [ 22%] [32m[1mLinking C shared library libleo_with_interfaces__rosidl_generator_c.so[0m
[5.054s] [ 22%] Built target leo_with_interfaces__rosidl_generator_c
[5.071s] [ 22%] Built target ament_cmake_python_build_leo_with_interfaces_egg
[5.098s] [ 25%] [34m[1mGenerating C introspection for ROS interfaces[0m
[5.105s] [ 29%] [34m[1mGenerating C type support dispatch for ROS interfaces[0m
[5.121s] [ 32%] [34m[1mGenerating C type support for eProsima Fast-RTPS[0m
[5.407s] [ 35%] [32mBuilding CXX object CMakeFiles/leo_with_interfaces__rosidl_typesupport_cpp.dir/rosidl_typesupport_cpp/leo_with_interfaces/msg/position__type_support.cpp.o[0m
[5.474s] [ 38%] [32mBuilding CXX object CMakeFiles/leo_with_interfaces__rosidl_typesupport_fastrtps_cpp.dir/rosidl_typesupport_fastrtps_cpp/leo_with_interfaces/msg/detail/dds_fastrtps/position__type_support.cpp.o[0m
[5.987s] [ 41%] [32mBuilding CXX object CMakeFiles/leo_with_interfaces__rosidl_typesupport_introspection_cpp.dir/rosidl_typesupport_introspection_cpp/leo_with_interfaces/msg/detail/position__type_support.cpp.o[0m
[6.206s] [ 45%] [32mBuilding CXX object CMakeFiles/leo_with_interfaces__rosidl_typesupport_fastrtps_c.dir/rosidl_typesupport_fastrtps_c/leo_with_interfaces/msg/detail/position__type_support_c.cpp.o[0m
[6.470s] [ 48%] [32m[1mLinking CXX shared library libleo_with_interfaces__rosidl_typesupport_cpp.so[0m
[6.658s] [ 48%] Built target leo_with_interfaces__rosidl_typesupport_cpp
[6.672s] [ 51%] [32mBuilding CXX object CMakeFiles/leo_with_interfaces__rosidl_typesupport_c.dir/rosidl_typesupport_c/leo_with_interfaces/msg/position__type_support.cpp.o[0m
[6.797s] [ 54%] [32m[1mLinking CXX shared library libleo_with_interfaces__rosidl_typesupport_c.so[0m
[6.860s] [ 58%] [32mBuilding C object CMakeFiles/leo_with_interfaces__rosidl_typesupport_introspection_c.dir/rosidl_typesupport_introspection_c/leo_with_interfaces/msg/detail/position__type_support.c.o[0m
[6.943s] [ 61%] [32m[1mLinking CXX shared library libleo_with_interfaces__rosidl_typesupport_introspection_cpp.so[0m
[6.970s] [ 64%] [32m[1mLinking C shared library libleo_with_interfaces__rosidl_typesupport_introspection_c.so[0m
[6.997s] [ 64%] Built target leo_with_interfaces__rosidl_typesupport_c
[7.154s] [ 64%] Built target leo_with_interfaces__rosidl_typesupport_introspection_cpp
[7.202s] [ 64%] Built target leo_with_interfaces__rosidl_typesupport_introspection_c
[7.715s] [ 67%] [32m[1mLinking CXX shared library libleo_with_interfaces__rosidl_typesupport_fastrtps_cpp.so[0m
[7.872s] [ 70%] [32m[1mLinking CXX shared library libleo_with_interfaces__rosidl_typesupport_fastrtps_c.so[0m
[8.463s] [ 70%] Built target leo_with_interfaces__rosidl_typesupport_fastrtps_cpp
[8.546s] [ 70%] Built target leo_with_interfaces__rosidl_typesupport_fastrtps_c
[8.636s] [ 70%] Built target leo_with_interfaces
[8.748s] [ 74%] [34m[1mGenerating Python code for ROS interfaces[0m
[11.037s] [ 74%] Built target leo_with_interfaces__py
[11.141s] [ 77%] [32mBuilding C object CMakeFiles/leo_with_interfaces__rosidl_generator_py.dir/rosidl_generator_py/leo_with_interfaces/msg/_position_s.c.o[0m
[11.518s] [ 80%] [32m[1mLinking C shared library rosidl_generator_py/leo_with_interfaces/libleo_with_interfaces__rosidl_generator_py.so[0m
[11.722s] [ 80%] Built target leo_with_interfaces__rosidl_generator_py
[11.819s] [ 83%] [32mBuilding C object CMakeFiles/leo_with_interfaces__rosidl_typesupport_introspection_c__pyext.dir/rosidl_generator_py/leo_with_interfaces/_leo_with_interfaces_s.ep.rosidl_typesupport_introspection_c.c.o[0m
[11.850s] [ 87%] [32mBuilding C object CMakeFiles/leo_with_interfaces__rosidl_typesupport_fastrtps_c__pyext.dir/rosidl_generator_py/leo_with_interfaces/_leo_with_interfaces_s.ep.rosidl_typesupport_fastrtps_c.c.o[0m
[11.854s] [ 90%] [32mBuilding C object CMakeFiles/leo_with_interfaces__rosidl_typesupport_c__pyext.dir/rosidl_generator_py/leo_with_interfaces/_leo_with_interfaces_s.ep.rosidl_typesupport_c.c.o[0m
[12.067s] [ 93%] [32m[1mLinking C shared library rosidl_generator_py/leo_with_interfaces/leo_with_interfaces_s__rosidl_typesupport_introspection_c.cpython-310-x86_64-linux-gnu.so[0m
[12.282s] [ 96%] [32m[1mLinking C shared library rosidl_generator_py/leo_with_interfaces/leo_with_interfaces_s__rosidl_typesupport_c.cpython-310-x86_64-linux-gnu.so[0m
[12.298s] [ 96%] Built target leo_with_interfaces__rosidl_typesupport_introspection_c__pyext
[12.442s] [100%] [32m[1mLinking C shared library rosidl_generator_py/leo_with_interfaces/leo_with_interfaces_s__rosidl_typesupport_fastrtps_c.cpython-310-x86_64-linux-gnu.so[0m
[12.481s] [100%] Built target leo_with_interfaces__rosidl_typesupport_c__pyext
[12.615s] [100%] Built target leo_with_interfaces__rosidl_typesupport_fastrtps_c__pyext
[12.692s] Invoked command in '/home/mscrobotics2425laptop4/LEO-ROVER-CODING/build/leo_with_interfaces' returned '0': CMAKE_PREFIX_PATH=${CMAKE_PREFIX_PATH}:/home/mscrobotics2425laptop4/LEO-ROVER-CODING/install/ros_cv_messages:/home/mscrobotics2425laptop4/LEO-ROVER-CODING/install/nav_final:/home/mscrobotics2425laptop4/LEO-ROVER-CODING/install/leo_realsense:/home/mscrobotics2425laptop4/LEO-ROVER-CODING/install/leo_manipulator:/home/mscrobotics2425laptop4/LEO-ROVER-CODING/install/leo_main:/home/mscrobotics2425laptop4/LEO-ROVER-CODING/install/leo_launcher:/home/mscrobotics2425laptop4/LEO-ROVER-CODING/install/leo_launch:/home/mscrobotics2425laptop4/LEO-ROVER-CODING/install/interbotix_xs_modules:/home/mscrobotics2425laptop4/LEO-ROVER-CODING/install/interbotix_perception_modules:/home/mscrobotics2425laptop4/LEO-ROVER-CODING/install/interbotix_common_modules:/home/mscrobotics2425laptop4/interbotix_ws/install/ros_cv_messages:/home/mscrobotics2425laptop4/interbotix_ws/install/leo_realsense:/home/mscrobotics2425laptop4/interbotix_ws/install/leo_manipulator:/home/mscrobotics2425laptop4/interbotix_ws/install/leo_main:/home/mscrobotics2425laptop4/interbotix_ws/install/leo_launch:/home/mscrobotics2425laptop4/interbotix_ws/install/interbotix_xs_modules:/home/mscrobotics2425laptop4/interbotix_ws/install/interbotix_perception_modules:/home/mscrobotics2425laptop4/interbotix_ws/install/interbotix_common_modules:/home/mscrobotics2425laptop4/ros2_tutorial_workspace/install/the_simplest_python_package:/home/mscrobotics2425laptop4/ros2_tutorial_workspace/install/test_package:/home/mscrobotics2425laptop4/ros2_tutorial_workspace/install/python_package_with_a_node:/home/mscrobotics2425laptop4/ros2_tutorial_workspace/install/python_package_that_uses_the_library:/home/mscrobotics2425laptop4/ros2_tutorial_workspace/install/python_package_with_a_library:/home/mscrobotics2425laptop4/ros2_tutorial_workspace/install/python_package_that_uses_the_services:/home/mscrobotics2425laptop4/ros2_tutorial_workspace/install/python_package_that_uses_the_messages:/home/mscrobotics2425laptop4/ros2_tutorial_workspace/install/python_package_that_uses_parameters_and_launch_files:/home/mscrobotics2425laptop4/ros2_tutorial_workspace/install/navigation_leo:/home/mscrobotics2425laptop4/ros2_tutorial_workspace/install/navigation_demos_custom_map:/home/mscrobotics2425laptop4/ros2_tutorial_workspace/install/navigation_demos:/home/mscrobotics2425laptop4/ros2_tutorial_workspace/install/m_explore_toggle:/home/mscrobotics2425laptop4/ros2_tutorial_workspace/install/lidar_emulator:/home/mscrobotics2425laptop4/ros2_tutorial_workspace/install/leo_team9:/home/mscrobotics2425laptop4/ros2_tutorial_workspace/install/gz_example_robot_description:/home/mscrobotics2425laptop4/ros2_tutorial_workspace/install/example_urdf_robot:/home/mscrobotics2425laptop4/ros2_tutorial_workspace/install/example_urdf_description:/home/mscrobotics2425laptop4/ros2_tutorial_workspace/install/example_gz_robot:/home/mscrobotics2425laptop4/ros2_tutorial_workspace/install/custom_server_package:/home/mscrobotics2425laptop4/ros2_tutorial_workspace/install/custom_client_package:/home/mscrobotics2425laptop4/ros2_tutorial_workspace/install/challenge_package:/home/mscrobotics2425laptop4/ros2_tutorial_workspace/install/bt_demos:/opt/ros/humble /usr/bin/cmake --build /home/mscrobotics2425laptop4/LEO-ROVER-CODING/build/leo_with_interfaces -- -j12 -l12
[12.692s] Invoking command in '/home/mscrobotics2425laptop4/LEO-ROVER-CODING/build/leo_with_interfaces': CMAKE_PREFIX_PATH=${CMAKE_PREFIX_PATH}:/home/mscrobotics2425laptop4/LEO-ROVER-CODING/install/ros_cv_messages:/home/mscrobotics2425laptop4/LEO-ROVER-CODING/install/nav_final:/home/mscrobotics2425laptop4/LEO-ROVER-CODING/install/leo_realsense:/home/mscrobotics2425laptop4/LEO-ROVER-CODING/install/leo_manipulator:/home/mscrobotics2425laptop4/LEO-ROVER-CODING/install/leo_main:/home/mscrobotics2425laptop4/LEO-ROVER-CODING/install/leo_launcher:/home/mscrobotics2425laptop4/LEO-ROVER-CODING/install/leo_launch:/home/mscrobotics2425laptop4/LEO-ROVER-CODING/install/interbotix_xs_modules:/home/mscrobotics2425laptop4/LEO-ROVER-CODING/install/interbotix_perception_modules:/home/mscrobotics2425laptop4/LEO-ROVER-CODING/install/interbotix_common_modules:/home/mscrobotics2425laptop4/interbotix_ws/install/ros_cv_messages:/home/mscrobotics2425laptop4/interbotix_ws/install/leo_realsense:/home/mscrobotics2425laptop4/interbotix_ws/install/leo_manipulator:/home/mscrobotics2425laptop4/interbotix_ws/install/leo_main:/home/mscrobotics2425laptop4/interbotix_ws/install/leo_launch:/home/mscrobotics2425laptop4/interbotix_ws/install/interbotix_xs_modules:/home/mscrobotics2425laptop4/interbotix_ws/install/interbotix_perception_modules:/home/mscrobotics2425laptop4/interbotix_ws/install/interbotix_common_modules:/home/mscrobotics2425laptop4/ros2_tutorial_workspace/install/the_simplest_python_package:/home/mscrobotics2425laptop4/ros2_tutorial_workspace/install/test_package:/home/mscrobotics2425laptop4/ros2_tutorial_workspace/install/python_package_with_a_node:/home/mscrobotics2425laptop4/ros2_tutorial_workspace/install/python_package_that_uses_the_library:/home/mscrobotics2425laptop4/ros2_tutorial_workspace/install/python_package_with_a_library:/home/mscrobotics2425laptop4/ros2_tutorial_workspace/install/python_package_that_uses_the_services:/home/mscrobotics2425laptop4/ros2_tutorial_workspace/install/python_package_that_uses_the_messages:/home/mscrobotics2425laptop4/ros2_tutorial_workspace/install/python_package_that_uses_parameters_and_launch_files:/home/mscrobotics2425laptop4/ros2_tutorial_workspace/install/navigation_leo:/home/mscrobotics2425laptop4/ros2_tutorial_workspace/install/navigation_demos_custom_map:/home/mscrobotics2425laptop4/ros2_tutorial_workspace/install/navigation_demos:/home/mscrobotics2425laptop4/ros2_tutorial_workspace/install/m_explore_toggle:/home/mscrobotics2425laptop4/ros2_tutorial_workspace/install/lidar_emulator:/home/mscrobotics2425laptop4/ros2_tutorial_workspace/install/leo_team9:/home/mscrobotics2425laptop4/ros2_tutorial_workspace/install/gz_example_robot_description:/home/mscrobotics2425laptop4/ros2_tutorial_workspace/install/example_urdf_robot:/home/mscrobotics2425laptop4/ros2_tutorial_workspace/install/example_urdf_description:/home/mscrobotics2425laptop4/ros2_tutorial_workspace/install/example_gz_robot:/home/mscrobotics2425laptop4/ros2_tutorial_workspace/install/custom_server_package:/home/mscrobotics2425laptop4/ros2_tutorial_workspace/install/custom_client_package:/home/mscrobotics2425laptop4/ros2_tutorial_workspace/install/challenge_package:/home/mscrobotics2425laptop4/ros2_tutorial_workspace/install/bt_demos:/opt/ros/humble /usr/bin/cmake --install /home/mscrobotics2425laptop4/LEO-ROVER-CODING/build/leo_with_interfaces
[17.003s] -- Install configuration: ""
[17.003s] -- Installing: /home/mscrobotics2425laptop4/LEO-ROVER-CODING/install/leo_with_interfaces/share/ament_index/resource_index/rosidl_interfaces/leo_with_interfaces
[17.003s] -- Installing: /home/mscrobotics2425laptop4/LEO-ROVER-CODING/install/leo_with_interfaces/include/leo_with_interfaces/leo_with_interfaces
[17.004s] -- Installing: /home/mscrobotics2425laptop4/LEO-ROVER-CODING/install/leo_with_interfaces/include/leo_with_interfaces/leo_with_interfaces/msg
[17.004s] -- Installing: /home/mscrobotics2425laptop4/LEO-ROVER-CODING/install/leo_with_interfaces/include/leo_with_interfaces/leo_with_interfaces/msg/position.h
[17.004s] -- Installing: /home/mscrobotics2425laptop4/LEO-ROVER-CODING/install/leo_with_interfaces/include/leo_with_interfaces/leo_with_interfaces/msg/rosidl_generator_c__visibility_control.h
[17.004s] -- Installing: /home/mscrobotics2425laptop4/LEO-ROVER-CODING/install/leo_with_interfaces/include/leo_with_interfaces/leo_with_interfaces/msg/detail
[17.004s] -- Installing: /home/mscrobotics2425laptop4/LEO-ROVER-CODING/install/leo_with_interfaces/include/leo_with_interfaces/leo_with_interfaces/msg/detail/position__struct.h
[17.004s] -- Installing: /home/mscrobotics2425laptop4/LEO-ROVER-CODING/install/leo_with_interfaces/include/leo_with_interfaces/leo_with_interfaces/msg/detail/position__type_support.h
[17.009s] -- Installing: /home/mscrobotics2425laptop4/LEO-ROVER-CODING/install/leo_with_interfaces/include/leo_with_interfaces/leo_with_interfaces/msg/detail/position__functions.c
[17.009s] -- Installing: /home/mscrobotics2425laptop4/LEO-ROVER-CODING/install/leo_with_interfaces/include/leo_with_interfaces/leo_with_interfaces/msg/detail/position__functions.h
[17.009s] -- Installing: /home/mscrobotics2425laptop4/LEO-ROVER-CODING/install/leo_with_interfaces/share/leo_with_interfaces/environment/library_path.sh
[17.009s] -- Installing: /home/mscrobotics2425laptop4/LEO-ROVER-CODING/install/leo_with_interfaces/share/leo_with_interfaces/environment/library_path.dsv
[17.009s] -- Installing: /home/mscrobotics2425laptop4/LEO-ROVER-CODING/install/leo_with_interfaces/lib/libleo_with_interfaces__rosidl_generator_c.so
[17.009s] -- Set runtime path of "/home/mscrobotics2425laptop4/LEO-ROVER-CODING/install/leo_with_interfaces/lib/libleo_with_interfaces__rosidl_generator_c.so" to ""
[17.009s] -- Up-to-date: /home/mscrobotics2425laptop4/LEO-ROVER-CODING/install/leo_with_interfaces/include/leo_with_interfaces/leo_with_interfaces
[17.009s] -- Up-to-date: /home/mscrobotics2425laptop4/LEO-ROVER-CODING/install/leo_with_interfaces/include/leo_with_interfaces/leo_with_interfaces/msg
[17.009s] -- Installing: /home/mscrobotics2425laptop4/LEO-ROVER-CODING/install/leo_with_interfaces/include/leo_with_interfaces/leo_with_interfaces/msg/rosidl_typesupport_fastrtps_c__visibility_control.h
[17.009s] -- Up-to-date: /home/mscrobotics2425laptop4/LEO-ROVER-CODING/install/leo_with_interfaces/include/leo_with_interfaces/leo_with_interfaces/msg/detail
[17.009s] -- Installing: /home/mscrobotics2425laptop4/LEO-ROVER-CODING/install/leo_with_interfaces/include/leo_with_interfaces/leo_with_interfaces/msg/detail/position__rosidl_typesupport_fastrtps_c.h
[17.009s] -- Installing: /home/mscrobotics2425laptop4/LEO-ROVER-CODING/install/leo_with_interfaces/lib/libleo_with_interfaces__rosidl_typesupport_fastrtps_c.so
[17.009s] -- Set runtime path of "/home/mscrobotics2425laptop4/LEO-ROVER-CODING/install/leo_with_interfaces/lib/libleo_with_interfaces__rosidl_typesupport_fastrtps_c.so" to ""
[17.009s] -- Up-to-date: /home/mscrobotics2425laptop4/LEO-ROVER-CODING/install/leo_with_interfaces/include/leo_with_interfaces/leo_with_interfaces
[17.009s] -- Up-to-date: /home/mscrobotics2425laptop4/LEO-ROVER-CODING/install/leo_with_interfaces/include/leo_with_interfaces/leo_with_interfaces/msg
[17.010s] -- Installing: /home/mscrobotics2425laptop4/LEO-ROVER-CODING/install/leo_with_interfaces/include/leo_with_interfaces/leo_with_interfaces/msg/position.hpp
[17.010s] -- Up-to-date: /home/mscrobotics2425laptop4/LEO-ROVER-CODING/install/leo_with_interfaces/include/leo_with_interfaces/leo_with_interfaces/msg/detail
[17.010s] -- Installing: /home/mscrobotics2425laptop4/LEO-ROVER-CODING/install/leo_with_interfaces/include/leo_with_interfaces/leo_with_interfaces/msg/detail/position__traits.hpp
[17.010s] -- Installing: /home/mscrobotics2425laptop4/LEO-ROVER-CODING/install/leo_with_interfaces/include/leo_with_interfaces/leo_with_interfaces/msg/detail/position__struct.hpp
[17.010s] -- Installing: /home/mscrobotics2425laptop4/LEO-ROVER-CODING/install/leo_with_interfaces/include/leo_with_interfaces/leo_with_interfaces/msg/detail/position__type_support.hpp
[17.010s] -- Installing: /home/mscrobotics2425laptop4/LEO-ROVER-CODING/install/leo_with_interfaces/include/leo_with_interfaces/leo_with_interfaces/msg/detail/position__builder.hpp
[17.010s] -- Installing: /home/mscrobotics2425laptop4/LEO-ROVER-CODING/install/leo_with_interfaces/include/leo_with_interfaces/leo_with_interfaces/msg/rosidl_generator_cpp__visibility_control.hpp
[17.010s] -- Up-to-date: /home/mscrobotics2425laptop4/LEO-ROVER-CODING/install/leo_with_interfaces/include/leo_with_interfaces/leo_with_interfaces
[17.010s] -- Up-to-date: /home/mscrobotics2425laptop4/LEO-ROVER-CODING/install/leo_with_interfaces/include/leo_with_interfaces/leo_with_interfaces/msg
[17.010s] -- Up-to-date: /home/mscrobotics2425laptop4/LEO-ROVER-CODING/install/leo_with_interfaces/include/leo_with_interfaces/leo_with_interfaces/msg/detail
[17.010s] -- Installing: /home/mscrobotics2425laptop4/LEO-ROVER-CODING/install/leo_with_interfaces/include/leo_with_interfaces/leo_with_interfaces/msg/detail/dds_fastrtps
[17.010s] -- Installing: /home/mscrobotics2425laptop4/LEO-ROVER-CODING/install/leo_with_interfaces/include/leo_with_interfaces/leo_with_interfaces/msg/detail/position__rosidl_typesupport_fastrtps_cpp.hpp
[17.010s] -- Installing: /home/mscrobotics2425laptop4/LEO-ROVER-CODING/install/leo_with_interfaces/include/leo_with_interfaces/leo_with_interfaces/msg/rosidl_typesupport_fastrtps_cpp__visibility_control.h
[17.010s] -- Installing: /home/mscrobotics2425laptop4/LEO-ROVER-CODING/install/leo_with_interfaces/lib/libleo_with_interfaces__rosidl_typesupport_fastrtps_cpp.so
[17.010s] -- Set runtime path of "/home/mscrobotics2425laptop4/LEO-ROVER-CODING/install/leo_with_interfaces/lib/libleo_with_interfaces__rosidl_typesupport_fastrtps_cpp.so" to ""
[17.010s] -- Up-to-date: /home/mscrobotics2425laptop4/LEO-ROVER-CODING/install/leo_with_interfaces/include/leo_with_interfaces/leo_with_interfaces
[17.010s] -- Up-to-date: /home/mscrobotics2425laptop4/LEO-ROVER-CODING/install/leo_with_interfaces/include/leo_with_interfaces/leo_with_interfaces/msg
[17.011s] -- Installing: /home/mscrobotics2425laptop4/LEO-ROVER-CODING/install/leo_with_interfaces/include/leo_with_interfaces/leo_with_interfaces/msg/rosidl_typesupport_introspection_c__visibility_control.h
[17.011s] -- Up-to-date: /home/mscrobotics2425laptop4/LEO-ROVER-CODING/install/leo_with_interfaces/include/leo_with_interfaces/leo_with_interfaces/msg/detail
[17.011s] -- Installing: /home/mscrobotics2425laptop4/LEO-ROVER-CODING/install/leo_with_interfaces/include/leo_with_interfaces/leo_with_interfaces/msg/detail/position__type_support.c
[17.011s] -- Installing: /home/mscrobotics2425laptop4/LEO-ROVER-CODING/install/leo_with_interfaces/include/leo_with_interfaces/leo_with_interfaces/msg/detail/position__rosidl_typesupport_introspection_c.h
[17.011s] -- Installing: /home/mscrobotics2425laptop4/LEO-ROVER-CODING/install/leo_with_interfaces/lib/libleo_with_interfaces__rosidl_typesupport_introspection_c.so
[17.011s] -- Set runtime path of "/home/mscrobotics2425laptop4/LEO-ROVER-CODING/install/leo_with_interfaces/lib/libleo_with_interfaces__rosidl_typesupport_introspection_c.so" to ""
[17.011s] -- Installing: /home/mscrobotics2425laptop4/LEO-ROVER-CODING/install/leo_with_interfaces/lib/libleo_with_interfaces__rosidl_typesupport_c.so
[17.011s] -- Set runtime path of "/home/mscrobotics2425laptop4/LEO-ROVER-CODING/install/leo_with_interfaces/lib/libleo_with_interfaces__rosidl_typesupport_c.so" to ""
[17.011s] -- Up-to-date: /home/mscrobotics2425laptop4/LEO-ROVER-CODING/install/leo_with_interfaces/include/leo_with_interfaces/leo_with_interfaces
[17.011s] -- Up-to-date: /home/mscrobotics2425laptop4/LEO-ROVER-CODING/install/leo_with_interfaces/include/leo_with_interfaces/leo_with_interfaces/msg
[17.011s] -- Up-to-date: /home/mscrobotics2425laptop4/LEO-ROVER-CODING/install/leo_with_interfaces/include/leo_with_interfaces/leo_with_interfaces/msg/detail
[17.011s] -- Installing: /home/mscrobotics2425laptop4/LEO-ROVER-CODING/install/leo_with_interfaces/include/leo_with_interfaces/leo_with_interfaces/msg/detail/position__type_support.cpp
[17.011s] -- Installing: /home/mscrobotics2425laptop4/LEO-ROVER-CODING/install/leo_with_interfaces/include/leo_with_interfaces/leo_with_interfaces/msg/detail/position__rosidl_typesupport_introspection_cpp.hpp
[17.011s] -- Installing: /home/mscrobotics2425laptop4/LEO-ROVER-CODING/install/leo_with_interfaces/lib/libleo_with_interfaces__rosidl_typesupport_introspection_cpp.so
[17.011s] -- Set runtime path of "/home/mscrobotics2425laptop4/LEO-ROVER-CODING/install/leo_with_interfaces/lib/libleo_with_interfaces__rosidl_typesupport_introspection_cpp.so" to ""
[17.011s] -- Installing: /home/mscrobotics2425laptop4/LEO-ROVER-CODING/install/leo_with_interfaces/lib/libleo_with_interfaces__rosidl_typesupport_cpp.so
[17.011s] -- Set runtime path of "/home/mscrobotics2425laptop4/LEO-ROVER-CODING/install/leo_with_interfaces/lib/libleo_with_interfaces__rosidl_typesupport_cpp.so" to ""
[17.011s] -- Installing: /home/mscrobotics2425laptop4/LEO-ROVER-CODING/install/leo_with_interfaces/share/leo_with_interfaces/environment/pythonpath.sh
[17.015s] -- Installing: /home/mscrobotics2425laptop4/LEO-ROVER-CODING/install/leo_with_interfaces/share/leo_with_interfaces/environment/pythonpath.dsv
[17.015s] -- Installing: /home/mscrobotics2425laptop4/LEO-ROVER-CODING/install/leo_with_interfaces/local/lib/python3.10/dist-packages/leo_with_interfaces-0.0.0-py3.10.egg-info
[17.015s] -- Installing: /home/mscrobotics2425laptop4/LEO-ROVER-CODING/install/leo_with_interfaces/local/lib/python3.10/dist-packages/leo_with_interfaces-0.0.0-py3.10.egg-info/dependency_links.txt
[17.015s] -- Installing: /home/mscrobotics2425laptop4/LEO-ROVER-CODING/install/leo_with_interfaces/local/lib/python3.10/dist-packages/leo_with_interfaces-0.0.0-py3.10.egg-info/SOURCES.txt
[17.016s] -- Installing: /home/mscrobotics2425laptop4/LEO-ROVER-CODING/install/leo_with_interfaces/local/lib/python3.10/dist-packages/leo_with_interfaces-0.0.0-py3.10.egg-info/PKG-INFO
[17.016s] -- Installing: /home/mscrobotics2425laptop4/LEO-ROVER-CODING/install/leo_with_interfaces/local/lib/python3.10/dist-packages/leo_with_interfaces-0.0.0-py3.10.egg-info/top_level.txt
[17.016s] -- Installing: /home/mscrobotics2425laptop4/LEO-ROVER-CODING/install/leo_with_interfaces/local/lib/python3.10/dist-packages/leo_with_interfaces
[17.016s] -- Installing: /home/mscrobotics2425laptop4/LEO-ROVER-CODING/install/leo_with_interfaces/local/lib/python3.10/dist-packages/leo_with_interfaces/leo_with_interfaces_s__rosidl_typesupport_c.cpython-310-x86_64-linux-gnu.so
[17.016s] -- Installing: /home/mscrobotics2425laptop4/LEO-ROVER-CODING/install/leo_with_interfaces/local/lib/python3.10/dist-packages/leo_with_interfaces/leo_with_interfaces_s__rosidl_typesupport_introspection_c.cpython-310-x86_64-linux-gnu.so
[17.016s] -- Installing: /home/mscrobotics2425laptop4/LEO-ROVER-CODING/install/leo_with_interfaces/local/lib/python3.10/dist-packages/leo_with_interfaces/__init__.py
[17.020s] -- Installing: /home/mscrobotics2425laptop4/LEO-ROVER-CODING/install/leo_with_interfaces/local/lib/python3.10/dist-packages/leo_with_interfaces/_leo_with_interfaces_s.ep.rosidl_typesupport_c.c
[17.020s] -- Installing: /home/mscrobotics2425laptop4/LEO-ROVER-CODING/install/leo_with_interfaces/local/lib/python3.10/dist-packages/leo_with_interfaces/_leo_with_interfaces_s.ep.rosidl_typesupport_fastrtps_c.c
[17.020s] -- Installing: /home/mscrobotics2425laptop4/LEO-ROVER-CODING/install/leo_with_interfaces/local/lib/python3.10/dist-packages/leo_with_interfaces/libleo_with_interfaces__rosidl_generator_py.so
[17.020s] -- Installing: /home/mscrobotics2425laptop4/LEO-ROVER-CODING/install/leo_with_interfaces/local/lib/python3.10/dist-packages/leo_with_interfaces/_leo_with_interfaces_s.ep.rosidl_typesupport_introspection_c.c
[17.020s] -- Installing: /home/mscrobotics2425laptop4/LEO-ROVER-CODING/install/leo_with_interfaces/local/lib/python3.10/dist-packages/leo_with_interfaces/msg
[17.020s] -- Installing: /home/mscrobotics2425laptop4/LEO-ROVER-CODING/install/leo_with_interfaces/local/lib/python3.10/dist-packages/leo_with_interfaces/msg/_position.py
[17.020s] -- Installing: /home/mscrobotics2425laptop4/LEO-ROVER-CODING/install/leo_with_interfaces/local/lib/python3.10/dist-packages/leo_with_interfaces/msg/__init__.py
[17.020s] -- Installing: /home/mscrobotics2425laptop4/LEO-ROVER-CODING/install/leo_with_interfaces/local/lib/python3.10/dist-packages/leo_with_interfaces/msg/_position_s.c
[17.021s] -- Installing: /home/mscrobotics2425laptop4/LEO-ROVER-CODING/install/leo_with_interfaces/local/lib/python3.10/dist-packages/leo_with_interfaces/leo_with_interfaces_s__rosidl_typesupport_fastrtps_c.cpython-310-x86_64-linux-gnu.so
[17.021s] Listing '/home/mscrobotics2425laptop4/LEO-ROVER-CODING/install/leo_with_interfaces/local/lib/python3.10/dist-packages/leo_with_interfaces'...
[17.021s] Compiling '/home/mscrobotics2425laptop4/LEO-ROVER-CODING/install/leo_with_interfaces/local/lib/python3.10/dist-packages/leo_with_interfaces/__init__.py'...
[17.021s] Listing '/home/mscrobotics2425laptop4/LEO-ROVER-CODING/install/leo_with_interfaces/local/lib/python3.10/dist-packages/leo_with_interfaces/msg'...
[17.021s] Compiling '/home/mscrobotics2425laptop4/LEO-ROVER-CODING/install/leo_with_interfaces/local/lib/python3.10/dist-packages/leo_with_interfaces/msg/__init__.py'...
[17.021s] Compiling '/home/mscrobotics2425laptop4/LEO-ROVER-CODING/install/leo_with_interfaces/local/lib/python3.10/dist-packages/leo_with_interfaces/msg/_position.py'...
[17.021s] -- Installing: /home/mscrobotics2425laptop4/LEO-ROVER-CODING/install/leo_with_interfaces/local/lib/python3.10/dist-packages/leo_with_interfaces/leo_with_interfaces_s__rosidl_typesupport_fastrtps_c.cpython-310-x86_64-linux-gnu.so
[17.021s] -- Set runtime path of "/home/mscrobotics2425laptop4/LEO-ROVER-CODING/install/leo_with_interfaces/local/lib/python3.10/dist-packages/leo_with_interfaces/leo_with_interfaces_s__rosidl_typesupport_fastrtps_c.cpython-310-x86_64-linux-gnu.so" to ""
[17.021s] -- Installing: /home/mscrobotics2425laptop4/LEO-ROVER-CODING/install/leo_with_interfaces/local/lib/python3.10/dist-packages/leo_with_interfaces/leo_with_interfaces_s__rosidl_typesupport_introspection_c.cpython-310-x86_64-linux-gnu.so
[17.021s] -- Set runtime path of "/home/mscrobotics2425laptop4/LEO-ROVER-CODING/install/leo_with_interfaces/local/lib/python3.10/dist-packages/leo_with_interfaces/leo_with_interfaces_s__rosidl_typesupport_introspection_c.cpython-310-x86_64-linux-gnu.so" to ""
[17.021s] -- Installing: /home/mscrobotics2425laptop4/LEO-ROVER-CODING/install/leo_with_interfaces/local/lib/python3.10/dist-packages/leo_with_interfaces/leo_with_interfaces_s__rosidl_typesupport_c.cpython-310-x86_64-linux-gnu.so
[17.021s] -- Set runtime path of "/home/mscrobotics2425laptop4/LEO-ROVER-CODING/install/leo_with_interfaces/local/lib/python3.10/dist-packages/leo_with_interfaces/leo_with_interfaces_s__rosidl_typesupport_c.cpython-310-x86_64-linux-gnu.so" to ""
[17.021s] -- Installing: /home/mscrobotics2425laptop4/LEO-ROVER-CODING/install/leo_with_interfaces/lib/libleo_with_interfaces__rosidl_generator_py.so
[17.021s] -- Set runtime path of "/home/mscrobotics2425laptop4/LEO-ROVER-CODING/install/leo_with_interfaces/lib/libleo_with_interfaces__rosidl_generator_py.so" to ""
[17.021s] -- Installing: /home/mscrobotics2425laptop4/LEO-ROVER-CODING/install/leo_with_interfaces/share/leo_with_interfaces/msg/Position.idl
[17.021s] -- Installing: /home/mscrobotics2425laptop4/LEO-ROVER-CODING/install/leo_with_interfaces/share/leo_with_interfaces/msg/Position.msg
[17.021s] -- Installing: /home/mscrobotics2425laptop4/LEO-ROVER-CODING/install/leo_with_interfaces/share/ament_index/resource_index/package_run_dependencies/leo_with_interfaces
[17.021s] -- Installing: /home/mscrobotics2425laptop4/LEO-ROVER-CODING/install/leo_with_interfaces/share/ament_index/resource_index/parent_prefix_path/leo_with_interfaces
[17.021s] -- Installing: /home/mscrobotics2425laptop4/LEO-ROVER-CODING/install/leo_with_interfaces/share/leo_with_interfaces/environment/ament_prefix_path.sh
[17.022s] -- Installing: /home/mscrobotics2425laptop4/LEO-ROVER-CODING/install/leo_with_interfaces/share/leo_with_interfaces/environment/ament_prefix_path.dsv
[17.022s] -- Installing: /home/mscrobotics2425laptop4/LEO-ROVER-CODING/install/leo_with_interfaces/share/leo_with_interfaces/environment/path.sh
[17.022s] -- Installing: /home/mscrobotics2425laptop4/LEO-ROVER-CODING/install/leo_with_interfaces/share/leo_with_interfaces/environment/path.dsv
[17.022s] -- Installing: /home/mscrobotics2425laptop4/LEO-ROVER-CODING/install/leo_with_interfaces/share/leo_with_interfaces/local_setup.bash
[17.022s] -- Installing: /home/mscrobotics2425laptop4/LEO-ROVER-CODING/install/leo_with_interfaces/share/leo_with_interfaces/local_setup.sh
[17.022s] -- Installing: /home/mscrobotics2425laptop4/LEO-ROVER-CODING/install/leo_with_interfaces/share/leo_with_interfaces/local_setup.zsh
[17.022s] -- Installing: /home/mscrobotics2425laptop4/LEO-ROVER-CODING/install/leo_with_interfaces/share/leo_with_interfaces/local_setup.dsv
[17.022s] -- Installing: /home/mscrobotics2425laptop4/LEO-ROVER-CODING/install/leo_with_interfaces/share/leo_with_interfaces/package.dsv
[17.022s] -- Installing: /home/mscrobotics2425laptop4/LEO-ROVER-CODING/install/leo_with_interfaces/share/ament_index/resource_index/packages/leo_with_interfaces
[17.027s] -- Installing: /home/mscrobotics2425laptop4/LEO-ROVER-CODING/install/leo_with_interfaces/share/leo_with_interfaces/cmake/export_leo_with_interfaces__rosidl_generator_cExport.cmake
[17.027s] -- Installing: /home/mscrobotics2425laptop4/LEO-ROVER-CODING/install/leo_with_interfaces/share/leo_with_interfaces/cmake/export_leo_with_interfaces__rosidl_generator_cExport-noconfig.cmake
[17.028s] -- Installing: /home/mscrobotics2425laptop4/LEO-ROVER-CODING/install/leo_with_interfaces/share/leo_with_interfaces/cmake/export_leo_with_interfaces__rosidl_typesupport_fastrtps_cExport.cmake
[17.028s] -- Installing: /home/mscrobotics2425laptop4/LEO-ROVER-CODING/install/leo_with_interfaces/share/leo_with_interfaces/cmake/export_leo_with_interfaces__rosidl_typesupport_fastrtps_cExport-noconfig.cmake
[17.028s] -- Installing: /home/mscrobotics2425laptop4/LEO-ROVER-CODING/install/leo_with_interfaces/share/leo_with_interfaces/cmake/export_leo_with_interfaces__rosidl_generator_cppExport.cmake
[17.028s] -- Installing: /home/mscrobotics2425laptop4/LEO-ROVER-CODING/install/leo_with_interfaces/share/leo_with_interfaces/cmake/export_leo_with_interfaces__rosidl_typesupport_fastrtps_cppExport.cmake
[17.028s] -- Installing: /home/mscrobotics2425laptop4/LEO-ROVER-CODING/install/leo_with_interfaces/share/leo_with_interfaces/cmake/export_leo_with_interfaces__rosidl_typesupport_fastrtps_cppExport-noconfig.cmake
[17.028s] -- Installing: /home/mscrobotics2425laptop4/LEO-ROVER-CODING/install/leo_with_interfaces/share/leo_with_interfaces/cmake/leo_with_interfaces__rosidl_typesupport_introspection_cExport.cmake
[17.028s] -- Installing: /home/mscrobotics2425laptop4/LEO-ROVER-CODING/install/leo_with_interfaces/share/leo_with_interfaces/cmake/leo_with_interfaces__rosidl_typesupport_introspection_cExport-noconfig.cmake
[17.028s] -- Installing: /home/mscrobotics2425laptop4/LEO-ROVER-CODING/install/leo_with_interfaces/share/leo_with_interfaces/cmake/leo_with_interfaces__rosidl_typesupport_cExport.cmake
[17.028s] -- Installing: /home/mscrobotics2425laptop4/LEO-ROVER-CODING/install/leo_with_interfaces/share/leo_with_interfaces/cmake/leo_with_interfaces__rosidl_typesupport_cExport-noconfig.cmake
[17.028s] -- Installing: /home/mscrobotics2425laptop4/LEO-ROVER-CODING/install/leo_with_interfaces/share/leo_with_interfaces/cmake/leo_with_interfaces__rosidl_typesupport_introspection_cppExport.cmake
[17.028s] -- Installing: /home/mscrobotics2425laptop4/LEO-ROVER-CODING/install/leo_with_interfaces/share/leo_with_interfaces/cmake/leo_with_interfaces__rosidl_typesupport_introspection_cppExport-noconfig.cmake
[17.028s] -- Installing: /home/mscrobotics2425laptop4/LEO-ROVER-CODING/install/leo_with_interfaces/share/leo_with_interfaces/cmake/leo_with_interfaces__rosidl_typesupport_cppExport.cmake
[17.028s] -- Installing: /home/mscrobotics2425laptop4/LEO-ROVER-CODING/install/leo_with_interfaces/share/leo_with_interfaces/cmake/leo_with_interfaces__rosidl_typesupport_cppExport-noconfig.cmake
[17.028s] -- Installing: /home/mscrobotics2425laptop4/LEO-ROVER-CODING/install/leo_with_interfaces/share/leo_with_interfaces/cmake/export_leo_with_interfaces__rosidl_generator_pyExport.cmake
[17.028s] -- Installing: /home/mscrobotics2425laptop4/LEO-ROVER-CODING/install/leo_with_interfaces/share/leo_with_interfaces/cmake/export_leo_with_interfaces__rosidl_generator_pyExport-noconfig.cmake
[17.028s] -- Installing: /home/mscrobotics2425laptop4/LEO-ROVER-CODING/install/leo_with_interfaces/share/leo_with_interfaces/cmake/rosidl_cmake-extras.cmake
[17.028s] -- Installing: /home/mscrobotics2425laptop4/LEO-ROVER-CODING/install/leo_with_interfaces/share/leo_with_interfaces/cmake/ament_cmake_export_dependencies-extras.cmake
[17.028s] -- Installing: /home/mscrobotics2425laptop4/LEO-ROVER-CODING/install/leo_with_interfaces/share/leo_with_interfaces/cmake/ament_cmake_export_include_directories-extras.cmake
[17.028s] -- Installing: /home/mscrobotics2425laptop4/LEO-ROVER-CODING/install/leo_with_interfaces/share/leo_with_interfaces/cmake/ament_cmake_export_libraries-extras.cmake
[17.028s] -- Installing: /home/mscrobotics2425laptop4/LEO-ROVER-CODING/install/leo_with_interfaces/share/leo_with_interfaces/cmake/ament_cmake_export_targets-extras.cmake
[17.029s] -- Installing: /home/mscrobotics2425laptop4/LEO-ROVER-CODING/install/leo_with_interfaces/share/leo_with_interfaces/cmake/rosidl_cmake_export_typesupport_targets-extras.cmake
[17.029s] -- Installing: /home/mscrobotics2425laptop4/LEO-ROVER-CODING/install/leo_with_interfaces/share/leo_with_interfaces/cmake/rosidl_cmake_export_typesupport_libraries-extras.cmake
[17.029s] -- Installing: /home/mscrobotics2425laptop4/LEO-ROVER-CODING/install/leo_with_interfaces/share/leo_with_interfaces/cmake/leo_with_interfacesConfig.cmake
[17.029s] -- Installing: /home/mscrobotics2425laptop4/LEO-ROVER-CODING/install/leo_with_interfaces/share/leo_with_interfaces/cmake/leo_with_interfacesConfig-version.cmake
[17.029s] -- Installing: /home/mscrobotics2425laptop4/LEO-ROVER-CODING/install/leo_with_interfaces/share/leo_with_interfaces/package.xml
[17.038s] Invoked command in '/home/mscrobotics2425laptop4/LEO-ROVER-CODING/build/leo_with_interfaces' returned '0': CMAKE_PREFIX_PATH=${CMAKE_PREFIX_PATH}:/home/mscrobotics2425laptop4/LEO-ROVER-CODING/install/ros_cv_messages:/home/mscrobotics2425laptop4/LEO-ROVER-CODING/install/nav_final:/home/mscrobotics2425laptop4/LEO-ROVER-CODING/install/leo_realsense:/home/mscrobotics2425laptop4/LEO-ROVER-CODING/install/leo_manipulator:/home/mscrobotics2425laptop4/LEO-ROVER-CODING/install/leo_main:/home/mscrobotics2425laptop4/LEO-ROVER-CODING/install/leo_launcher:/home/mscrobotics2425laptop4/LEO-ROVER-CODING/install/leo_launch:/home/mscrobotics2425laptop4/LEO-ROVER-CODING/install/interbotix_xs_modules:/home/mscrobotics2425laptop4/LEO-ROVER-CODING/install/interbotix_perception_modules:/home/mscrobotics2425laptop4/LEO-ROVER-CODING/install/interbotix_common_modules:/home/mscrobotics2425laptop4/interbotix_ws/install/ros_cv_messages:/home/mscrobotics2425laptop4/interbotix_ws/install/leo_realsense:/home/mscrobotics2425laptop4/interbotix_ws/install/leo_manipulator:/home/mscrobotics2425laptop4/interbotix_ws/install/leo_main:/home/mscrobotics2425laptop4/interbotix_ws/install/leo_launch:/home/mscrobotics2425laptop4/interbotix_ws/install/interbotix_xs_modules:/home/mscrobotics2425laptop4/interbotix_ws/install/interbotix_perception_modules:/home/mscrobotics2425laptop4/interbotix_ws/install/interbotix_common_modules:/home/mscrobotics2425laptop4/ros2_tutorial_workspace/install/the_simplest_python_package:/home/mscrobotics2425laptop4/ros2_tutorial_workspace/install/test_package:/home/mscrobotics2425laptop4/ros2_tutorial_workspace/install/python_package_with_a_node:/home/mscrobotics2425laptop4/ros2_tutorial_workspace/install/python_package_that_uses_the_library:/home/mscrobotics2425laptop4/ros2_tutorial_workspace/install/python_package_with_a_library:/home/mscrobotics2425laptop4/ros2_tutorial_workspace/install/python_package_that_uses_the_services:/home/mscrobotics2425laptop4/ros2_tutorial_workspace/install/python_package_that_uses_the_messages:/home/mscrobotics2425laptop4/ros2_tutorial_workspace/install/python_package_that_uses_parameters_and_launch_files:/home/mscrobotics2425laptop4/ros2_tutorial_workspace/install/navigation_leo:/home/mscrobotics2425laptop4/ros2_tutorial_workspace/install/navigation_demos_custom_map:/home/mscrobotics2425laptop4/ros2_tutorial_workspace/install/navigation_demos:/home/mscrobotics2425laptop4/ros2_tutorial_workspace/install/m_explore_toggle:/home/mscrobotics2425laptop4/ros2_tutorial_workspace/install/lidar_emulator:/home/mscrobotics2425laptop4/ros2_tutorial_workspace/install/leo_team9:/home/mscrobotics2425laptop4/ros2_tutorial_workspace/install/gz_example_robot_description:/home/mscrobotics2425laptop4/ros2_tutorial_workspace/install/example_urdf_robot:/home/mscrobotics2425laptop4/ros2_tutorial_workspace/install/example_urdf_description:/home/mscrobotics2425laptop4/ros2_tutorial_workspace/install/example_gz_robot:/home/mscrobotics2425laptop4/ros2_tutorial_workspace/install/custom_server_package:/home/mscrobotics2425laptop4/ros2_tutorial_workspace/install/custom_client_package:/home/mscrobotics2425laptop4/ros2_tutorial_workspace/install/challenge_package:/home/mscrobotics2425laptop4/ros2_tutorial_workspace/install/bt_demos:/opt/ros/humble /usr/bin/cmake --install /home/mscrobotics2425laptop4/LEO-ROVER-CODING/build/leo_with_interfaces
