[0.023s] Invoking command in '/home/mscrobotics2425laptop4/interbotix_ws/build/interbotix_xs_driver': AMENT_PREFIX_PATH=/home/mscrobotics2425laptop4/interbotix_ws/install/dynamixel_workbench_toolbox:${AMENT_PREFIX_PATH} CMAKE_PREFIX_PATH=/home/mscrobotics2425laptop4/interbotix_ws/install/dynamixel_workbench_toolbox:/home/mscrobotics2425laptop4/apriltag_ws/install/apriltag_ros:/opt/ros/humble LD_LIBRARY_PATH=/home/mscrobotics2425laptop4/interbotix_ws/install/dynamixel_workbench_toolbox/lib:${LD_LIBRARY_PATH} /usr/bin/cmake /home/mscrobotics2425laptop4/interbotix_ws/src/interbotix_ros_core/interbotix_ros_xseries/interbotix_xs_driver -DCMAKE_INSTALL_PREFIX=/home/mscrobotics2425laptop4/interbotix_ws/install/interbotix_xs_driver
[0.196s] -- The CXX compiler identification is GNU 11.4.0
[0.213s] -- Detecting CXX compiler ABI info
[0.401s] -- Detecting CXX compiler ABI info - done
[0.422s] -- Check for working CXX compiler: /usr/bin/c++ - skipped
[0.422s] -- Detecting CXX compile features
[0.422s] -- Detecting CXX compile features - done
[0.425s] -- Found dynamixel_workbench_toolbox: 2.2.2 (/home/mscrobotics2425laptop4/interbotix_ws/install/dynamixel_workbench_toolbox/share/dynamixel_workbench_toolbox/cmake)
[0.828s] -- Found Python3: /usr/bin/python3 (found version "3.10.12") found components: Interpreter 
[1.303s] -- Found rosidl_generator_c: 3.1.6 (/opt/ros/humble/share/rosidl_generator_c/cmake)
[1.318s] -- Found rosidl_adapter: 3.1.6 (/opt/ros/humble/share/rosidl_adapter/cmake)
[1.353s] -- Found rosidl_generator_cpp: 3.1.6 (/opt/ros/humble/share/rosidl_generator_cpp/cmake)
[1.398s] -- Using all available rosidl_typesupport_c: rosidl_typesupport_fastrtps_c;rosidl_typesupport_introspection_c
[1.444s] -- Using all available rosidl_typesupport_cpp: rosidl_typesupport_fastrtps_cpp;rosidl_typesupport_introspection_cpp
[1.591s] -- Found rmw_implementation_cmake: 6.1.2 (/opt/ros/humble/share/rmw_implementation_cmake/cmake)
[1.598s] -- Found rmw_fastrtps_cpp: 6.2.7 (/opt/ros/humble/share/rmw_fastrtps_cpp/cmake)
[1.892s] -- Found OpenSSL: /usr/lib/x86_64-linux-gnu/libcrypto.so (found version "3.0.2")  
[2.018s] -- Found FastRTPS: /opt/ros/humble/include  
[2.127s] -- Using RMW implementation 'rmw_fastrtps_cpp' as default
[2.158s] -- Looking for C++ include pthread.h
[2.400s] -- Looking for C++ include pthread.h - found
[2.402s] -- Performing Test CMAKE_HAVE_LIBC_PTHREAD
[2.650s] -- Performing Test CMAKE_HAVE_LIBC_PTHREAD - Success
[2.661s] -- Found Threads: TRUE  
[2.883s] -- Found ament_lint_auto: 0.12.11 (/opt/ros/humble/share/ament_lint_auto/cmake)
[3.166s] -- Added test 'copyright' to check source files copyright and LICENSE
[3.169s] -- Added test 'cppcheck' to perform static code analysis on C / C++ code
[3.170s] -- Configured cppcheck include dirs: /home/mscrobotics2425laptop4/interbotix_ws/src/interbotix_ros_core/interbotix_ros_xseries/interbotix_xs_driver/include;$<BUILD_INTERFACE:/home/mscrobotics2425laptop4/interbotix_ws/src/interbotix_ros_core/interbotix_ros_xseries/interbotix_xs_driver/include>
[3.171s] -- Configured cppcheck exclude dirs and/or files: 
[3.175s] -- Added test 'cpplint' to check C / C++ code against the Google style
[3.176s] -- Configured cpplint exclude dirs and/or files: 
[3.180s] -- Added test 'lint_cmake' to check CMake code style
[3.189s] -- Added test 'uncrustify' to check C / C++ code style
[3.190s] -- Configured uncrustify additional arguments: 
[3.194s] -- Added test 'xmllint' to check XML markup files
[3.196s] -- Configuring done
[3.260s] -- Generating done
[3.280s] -- Build files have been written to: /home/mscrobotics2425laptop4/interbotix_ws/build/interbotix_xs_driver
[3.301s] Invoked command in '/home/mscrobotics2425laptop4/interbotix_ws/build/interbotix_xs_driver' returned '0': AMENT_PREFIX_PATH=/home/mscrobotics2425laptop4/interbotix_ws/install/dynamixel_workbench_toolbox:${AMENT_PREFIX_PATH} CMAKE_PREFIX_PATH=/home/mscrobotics2425laptop4/interbotix_ws/install/dynamixel_workbench_toolbox:/home/mscrobotics2425laptop4/apriltag_ws/install/apriltag_ros:/opt/ros/humble LD_LIBRARY_PATH=/home/mscrobotics2425laptop4/interbotix_ws/install/dynamixel_workbench_toolbox/lib:${LD_LIBRARY_PATH} /usr/bin/cmake /home/mscrobotics2425laptop4/interbotix_ws/src/interbotix_ros_core/interbotix_ros_xseries/interbotix_xs_driver -DCMAKE_INSTALL_PREFIX=/home/mscrobotics2425laptop4/interbotix_ws/install/interbotix_xs_driver
[3.304s] Invoking command in '/home/mscrobotics2425laptop4/interbotix_ws/build/interbotix_xs_driver': AMENT_PREFIX_PATH=/home/mscrobotics2425laptop4/interbotix_ws/install/dynamixel_workbench_toolbox:${AMENT_PREFIX_PATH} CMAKE_PREFIX_PATH=/home/mscrobotics2425laptop4/interbotix_ws/install/dynamixel_workbench_toolbox:/home/mscrobotics2425laptop4/apriltag_ws/install/apriltag_ros:/opt/ros/humble LD_LIBRARY_PATH=/home/mscrobotics2425laptop4/interbotix_ws/install/dynamixel_workbench_toolbox/lib:${LD_LIBRARY_PATH} /usr/bin/cmake --build /home/mscrobotics2425laptop4/interbotix_ws/build/interbotix_xs_driver -- -j12 -l12
[3.516s] [ 33%] [32mBuilding CXX object CMakeFiles/interbotix_xs_driver.dir/src/xs_driver.cpp.o[0m
[3.529s] [ 66%] [32mBuilding CXX object CMakeFiles/interbotix_xs_driver.dir/src/xs_logging.cpp.o[0m
[13.771s] [100%] [32m[1mLinking CXX shared library libinterbotix_xs_driver.so[0m
[14.165s] [100%] Built target interbotix_xs_driver
[14.185s] Invoked command in '/home/mscrobotics2425laptop4/interbotix_ws/build/interbotix_xs_driver' returned '0': AMENT_PREFIX_PATH=/home/mscrobotics2425laptop4/interbotix_ws/install/dynamixel_workbench_toolbox:${AMENT_PREFIX_PATH} CMAKE_PREFIX_PATH=/home/mscrobotics2425laptop4/interbotix_ws/install/dynamixel_workbench_toolbox:/home/mscrobotics2425laptop4/apriltag_ws/install/apriltag_ros:/opt/ros/humble LD_LIBRARY_PATH=/home/mscrobotics2425laptop4/interbotix_ws/install/dynamixel_workbench_toolbox/lib:${LD_LIBRARY_PATH} /usr/bin/cmake --build /home/mscrobotics2425laptop4/interbotix_ws/build/interbotix_xs_driver -- -j12 -l12
[14.189s] Invoking command in '/home/mscrobotics2425laptop4/interbotix_ws/build/interbotix_xs_driver': AMENT_PREFIX_PATH=/home/mscrobotics2425laptop4/interbotix_ws/install/dynamixel_workbench_toolbox:${AMENT_PREFIX_PATH} CMAKE_PREFIX_PATH=/home/mscrobotics2425laptop4/interbotix_ws/install/dynamixel_workbench_toolbox:/home/mscrobotics2425laptop4/apriltag_ws/install/apriltag_ros:/opt/ros/humble LD_LIBRARY_PATH=/home/mscrobotics2425laptop4/interbotix_ws/install/dynamixel_workbench_toolbox/lib:${LD_LIBRARY_PATH} /usr/bin/cmake --install /home/mscrobotics2425laptop4/interbotix_ws/build/interbotix_xs_driver
[14.203s] -- Install configuration: ""
[14.203s] -- Installing: /home/mscrobotics2425laptop4/interbotix_ws/install/interbotix_xs_driver/lib/libinterbotix_xs_driver.so
[14.205s] -- Set runtime path of "/home/mscrobotics2425laptop4/interbotix_ws/install/interbotix_xs_driver/lib/libinterbotix_xs_driver.so" to ""
[14.205s] -- Installing: /home/mscrobotics2425laptop4/interbotix_ws/install/interbotix_xs_driver/include/interbotix_xs_driver/version.hpp
[14.206s] -- Up-to-date: /home/mscrobotics2425laptop4/interbotix_ws/install/interbotix_xs_driver/include/interbotix_xs_driver
[14.206s] -- Installing: /home/mscrobotics2425laptop4/interbotix_ws/install/interbotix_xs_driver/include/interbotix_xs_driver/xs_driver.hpp
[14.206s] -- Installing: /home/mscrobotics2425laptop4/interbotix_ws/install/interbotix_xs_driver/include/interbotix_xs_driver/xs_logging.hpp
[14.206s] -- Installing: /home/mscrobotics2425laptop4/interbotix_ws/install/interbotix_xs_driver/include/interbotix_xs_driver/xs_common.hpp
[14.207s] -- Installing: /home/mscrobotics2425laptop4/interbotix_ws/install/interbotix_xs_driver/share/interbotix_xs_driver/package.xml
[14.207s] -- Installing: /home/mscrobotics2425laptop4/interbotix_ws/install/interbotix_xs_driver/share/ament_index/resource_index/package_run_dependencies/interbotix_xs_driver
[14.207s] -- Installing: /home/mscrobotics2425laptop4/interbotix_ws/install/interbotix_xs_driver/share/ament_index/resource_index/parent_prefix_path/interbotix_xs_driver
[14.207s] -- Installing: /home/mscrobotics2425laptop4/interbotix_ws/install/interbotix_xs_driver/share/interbotix_xs_driver/environment/ament_prefix_path.sh
[14.207s] -- Installing: /home/mscrobotics2425laptop4/interbotix_ws/install/interbotix_xs_driver/share/interbotix_xs_driver/environment/ament_prefix_path.dsv
[14.208s] -- Installing: /home/mscrobotics2425laptop4/interbotix_ws/install/interbotix_xs_driver/share/interbotix_xs_driver/environment/path.sh
[14.208s] -- Installing: /home/mscrobotics2425laptop4/interbotix_ws/install/interbotix_xs_driver/share/interbotix_xs_driver/environment/path.dsv
[14.208s] -- Installing: /home/mscrobotics2425laptop4/interbotix_ws/install/interbotix_xs_driver/share/interbotix_xs_driver/local_setup.bash
[14.208s] -- Installing: /home/mscrobotics2425laptop4/interbotix_ws/install/interbotix_xs_driver/share/interbotix_xs_driver/local_setup.sh
[14.208s] -- Installing: /home/mscrobotics2425laptop4/interbotix_ws/install/interbotix_xs_driver/share/interbotix_xs_driver/local_setup.zsh
[14.208s] -- Installing: /home/mscrobotics2425laptop4/interbotix_ws/install/interbotix_xs_driver/share/interbotix_xs_driver/local_setup.dsv
[14.209s] -- Installing: /home/mscrobotics2425laptop4/interbotix_ws/install/interbotix_xs_driver/share/interbotix_xs_driver/package.dsv
[14.209s] -- Installing: /home/mscrobotics2425laptop4/interbotix_ws/install/interbotix_xs_driver/share/ament_index/resource_index/packages/interbotix_xs_driver
[14.209s] -- Installing: /home/mscrobotics2425laptop4/interbotix_ws/install/interbotix_xs_driver/share/interbotix_xs_driver/cmake/export_interbotix_xs_driverExport.cmake
[14.209s] -- Installing: /home/mscrobotics2425laptop4/interbotix_ws/install/interbotix_xs_driver/share/interbotix_xs_driver/cmake/export_interbotix_xs_driverExport-noconfig.cmake
[14.209s] -- Installing: /home/mscrobotics2425laptop4/interbotix_ws/install/interbotix_xs_driver/share/interbotix_xs_driver/cmake/ament_cmake_export_dependencies-extras.cmake
[14.209s] -- Installing: /home/mscrobotics2425laptop4/interbotix_ws/install/interbotix_xs_driver/share/interbotix_xs_driver/cmake/ament_cmake_export_targets-extras.cmake
[14.210s] -- Installing: /home/mscrobotics2425laptop4/interbotix_ws/install/interbotix_xs_driver/share/interbotix_xs_driver/cmake/interbotix_xs_driverConfig.cmake
[14.210s] -- Installing: /home/mscrobotics2425laptop4/interbotix_ws/install/interbotix_xs_driver/share/interbotix_xs_driver/cmake/interbotix_xs_driverConfig-version.cmake
[14.210s] -- Up-to-date: /home/mscrobotics2425laptop4/interbotix_ws/install/interbotix_xs_driver/share/interbotix_xs_driver/package.xml
[14.212s] Invoked command in '/home/mscrobotics2425laptop4/interbotix_ws/build/interbotix_xs_driver' returned '0': AMENT_PREFIX_PATH=/home/mscrobotics2425laptop4/interbotix_ws/install/dynamixel_workbench_toolbox:${AMENT_PREFIX_PATH} CMAKE_PREFIX_PATH=/home/mscrobotics2425laptop4/interbotix_ws/install/dynamixel_workbench_toolbox:/home/mscrobotics2425laptop4/apriltag_ws/install/apriltag_ros:/opt/ros/humble LD_LIBRARY_PATH=/home/mscrobotics2425laptop4/interbotix_ws/install/dynamixel_workbench_toolbox/lib:${LD_LIBRARY_PATH} /usr/bin/cmake --install /home/mscrobotics2425laptop4/interbotix_ws/build/interbotix_xs_driver
