[1.673s] Invoking command in '/home/mscrobotics2425laptop4/LEO-ROVER-CODING/interbotix_ws/src/leo_main': AMENT_PREFIX_PATH=/home/mscrobotics2425laptop4/LEO-ROVER-CODING/install/interbotix_xs_modules:/home/mscrobotics2425laptop4/LEO-ROVER-CODING/install/interbotix_xs_sdk:/home/mscrobotics2425laptop4/LEO-ROVER-CODING/install/interbotix_xs_driver:/home/mscrobotics2425laptop4/LEO-ROVER-CODING/install/leo_with_interfaces:/home/mscrobotics2425laptop4/LEO-ROVER-CODING/install/interbotix_xs_msgs:/home/mscrobotics2425laptop4/LEO-ROVER-CODING/install/interbotix_common_modules:/home/mscrobotics2425laptop4/LEO-ROVER-CODING/install/dynamixel_workbench_toolbox:${AMENT_PREFIX_PATH} CMAKE_PREFIX_PATH=/home/mscrobotics2425laptop4/LEO-ROVER-CODING/install/interbotix_xs_sdk:/home/mscrobotics2425laptop4/LEO-ROVER-CODING/install/interbotix_xs_driver:/home/mscrobotics2425laptop4/LEO-ROVER-CODING/install/leo_with_interfaces:/home/mscrobotics2425laptop4/LEO-ROVER-CODING/install/interbotix_xs_msgs:/home/mscrobotics2425laptop4/LEO-ROVER-CODING/install/dynamixel_workbench_toolbox:${CMAKE_PREFIX_PATH} LD_LIBRARY_PATH=/home/mscrobotics2425laptop4/LEO-ROVER-CODING/install/interbotix_xs_driver/lib:/home/mscrobotics2425laptop4/LEO-ROVER-CODING/install/leo_with_interfaces/lib:/home/mscrobotics2425laptop4/LEO-ROVER-CODING/install/interbotix_xs_msgs/lib:/home/mscrobotics2425laptop4/LEO-ROVER-CODING/install/dynamixel_workbench_toolbox/lib:${LD_LIBRARY_PATH} PYTHONPATH=/home/mscrobotics2425laptop4/LEO-ROVER-CODING/build/leo_main/prefix_override:/usr/lib/python3/dist-packages/colcon_core/task/python/colcon_distutils_commands:/home/mscrobotics2425laptop4/LEO-ROVER-CODING/install/leo_main/lib/python3.10/site-packages:/home/mscrobotics2425laptop4/LEO-ROVER-CODING/install/interbotix_xs_modules/lib/python3.10/site-packages:/home/mscrobotics2425laptop4/LEO-ROVER-CODING/install/leo_with_interfaces/local/lib/python3.10/dist-packages:/home/mscrobotics2425laptop4/LEO-ROVER-CODING/install/interbotix_xs_msgs/local/lib/python3.10/dist-packages:/home/mscrobotics2425laptop4/LEO-ROVER-CODING/install/interbotix_common_modules/lib/python3.10/site-packages:${PYTHONPATH} /usr/bin/python3 -W ignore:setup.py install is deprecated -W ignore:easy_install command is deprecated setup.py egg_info --egg-base ../../../build/leo_main build --build-base /home/mscrobotics2425laptop4/LEO-ROVER-CODING/build/leo_main/build install --record /home/mscrobotics2425laptop4/LEO-ROVER-CODING/build/leo_main/install.log --single-version-externally-managed install_data
[2.069s] running egg_info
[2.070s] writing ../../../build/leo_main/leo_main.egg-info/PKG-INFO
[2.071s] writing dependency_links to ../../../build/leo_main/leo_main.egg-info/dependency_links.txt
[2.071s] writing entry points to ../../../build/leo_main/leo_main.egg-info/entry_points.txt
[2.072s] writing requirements to ../../../build/leo_main/leo_main.egg-info/requires.txt
[2.072s] writing top-level names to ../../../build/leo_main/leo_main.egg-info/top_level.txt
[2.075s] reading manifest file '../../../build/leo_main/leo_main.egg-info/SOURCES.txt'
[2.076s] writing manifest file '../../../build/leo_main/leo_main.egg-info/SOURCES.txt'
[2.077s] running build
[2.077s] running build_py
[2.077s] copying leo_main/central_node.py -> /home/mscrobotics2425laptop4/LEO-ROVER-CODING/build/leo_main/build/lib/leo_main
[2.077s] running install
[2.078s] running install_lib
[2.079s] copying /home/mscrobotics2425laptop4/LEO-ROVER-CODING/build/leo_main/build/lib/leo_main/central_node.py -> /home/mscrobotics2425laptop4/LEO-ROVER-CODING/install/leo_main/lib/python3.10/site-packages/leo_main
[2.080s] byte-compiling /home/mscrobotics2425laptop4/LEO-ROVER-CODING/install/leo_main/lib/python3.10/site-packages/leo_main/central_node.py to central_node.cpython-310.pyc
[2.081s] running install_data
[2.082s] running install_egg_info
[2.085s] removing '/home/mscrobotics2425laptop4/LEO-ROVER-CODING/install/leo_main/lib/python3.10/site-packages/leo_main-0.0.0-py3.10.egg-info' (and everything under it)
[2.085s] Copying ../../../build/leo_main/leo_main.egg-info to /home/mscrobotics2425laptop4/LEO-ROVER-CODING/install/leo_main/lib/python3.10/site-packages/leo_main-0.0.0-py3.10.egg-info
[2.086s] running install_scripts
[2.120s] Installing central_node script to /home/mscrobotics2425laptop4/LEO-ROVER-CODING/install/leo_main/lib/leo_main
[2.121s] writing list of installed files to '/home/mscrobotics2425laptop4/LEO-ROVER-CODING/build/leo_main/install.log'
[2.161s] Invoked command in '/home/mscrobotics2425laptop4/LEO-ROVER-CODING/interbotix_ws/src/leo_main' returned '0': AMENT_PREFIX_PATH=/home/mscrobotics2425laptop4/LEO-ROVER-CODING/install/interbotix_xs_modules:/home/mscrobotics2425laptop4/LEO-ROVER-CODING/install/interbotix_xs_sdk:/home/mscrobotics2425laptop4/LEO-ROVER-CODING/install/interbotix_xs_driver:/home/mscrobotics2425laptop4/LEO-ROVER-CODING/install/leo_with_interfaces:/home/mscrobotics2425laptop4/LEO-ROVER-CODING/install/interbotix_xs_msgs:/home/mscrobotics2425laptop4/LEO-ROVER-CODING/install/interbotix_common_modules:/home/mscrobotics2425laptop4/LEO-ROVER-CODING/install/dynamixel_workbench_toolbox:${AMENT_PREFIX_PATH} CMAKE_PREFIX_PATH=/home/mscrobotics2425laptop4/LEO-ROVER-CODING/install/interbotix_xs_sdk:/home/mscrobotics2425laptop4/LEO-ROVER-CODING/install/interbotix_xs_driver:/home/mscrobotics2425laptop4/LEO-ROVER-CODING/install/leo_with_interfaces:/home/mscrobotics2425laptop4/LEO-ROVER-CODING/install/interbotix_xs_msgs:/home/mscrobotics2425laptop4/LEO-ROVER-CODING/install/dynamixel_workbench_toolbox:${CMAKE_PREFIX_PATH} LD_LIBRARY_PATH=/home/mscrobotics2425laptop4/LEO-ROVER-CODING/install/interbotix_xs_driver/lib:/home/mscrobotics2425laptop4/LEO-ROVER-CODING/install/leo_with_interfaces/lib:/home/mscrobotics2425laptop4/LEO-ROVER-CODING/install/interbotix_xs_msgs/lib:/home/mscrobotics2425laptop4/LEO-ROVER-CODING/install/dynamixel_workbench_toolbox/lib:${LD_LIBRARY_PATH} PYTHONPATH=/home/mscrobotics2425laptop4/LEO-ROVER-CODING/build/leo_main/prefix_override:/usr/lib/python3/dist-packages/colcon_core/task/python/colcon_distutils_commands:/home/mscrobotics2425laptop4/LEO-ROVER-CODING/install/leo_main/lib/python3.10/site-packages:/home/mscrobotics2425laptop4/LEO-ROVER-CODING/install/interbotix_xs_modules/lib/python3.10/site-packages:/home/mscrobotics2425laptop4/LEO-ROVER-CODING/install/leo_with_interfaces/local/lib/python3.10/dist-packages:/home/mscrobotics2425laptop4/LEO-ROVER-CODING/install/interbotix_xs_msgs/local/lib/python3.10/dist-packages:/home/mscrobotics2425laptop4/LEO-ROVER-CODING/install/interbotix_common_modules/lib/python3.10/site-packages:${PYTHONPATH} /usr/bin/python3 -W ignore:setup.py install is deprecated -W ignore:easy_install command is deprecated setup.py egg_info --egg-base ../../../build/leo_main build --build-base /home/mscrobotics2425laptop4/LEO-ROVER-CODING/build/leo_main/build install --record /home/mscrobotics2425laptop4/LEO-ROVER-CODING/build/leo_main/install.log --single-version-externally-managed install_data
