[0.051s] Invoking command in '/home/mscrobotics2425laptop4/interbotix_ws/build/interbotix_xs_msgs': CMAKE_PREFIX_PATH=${CMAKE_PREFIX_PATH}:/home/mscrobotics2425laptop4/interbotix_ws/install/ros_cv_messages:/home/mscrobotics2425laptop4/interbotix_ws/install/leo_realsense:/home/mscrobotics2425laptop4/interbotix_ws/install/leo_manipulator:/home/mscrobotics2425laptop4/interbotix_ws/install/leo_main:/home/mscrobotics2425laptop4/interbotix_ws/install/leo_launch:/home/mscrobotics2425laptop4/interbotix_ws/install/interbotix_xs_modules:/home/mscrobotics2425laptop4/interbotix_ws/install/interbotix_perception_modules:/home/mscrobotics2425laptop4/interbotix_ws/install/interbotix_common_modules:/opt/ros/humble /usr/bin/cmake --build /home/mscrobotics2425laptop4/interbotix_ws/build/interbotix_xs_msgs -- -j12 -l12
[0.356s] [  0%] Built target interbotix_xs_msgs__cpp
[0.357s] [ 12%] Built target interbotix_xs_msgs__rosidl_generator_c
[0.357s] [ 12%] Built target ament_cmake_python_copy_interbotix_xs_msgs
[0.357s] [ 24%] Built target interbotix_xs_msgs__rosidl_typesupport_cpp
[0.357s] [ 36%] Built target interbotix_xs_msgs__rosidl_typesupport_introspection_cpp
[0.357s] [ 48%] Built target interbotix_xs_msgs__rosidl_typesupport_introspection_c
[0.357s] [ 62%] Built target interbotix_xs_msgs__rosidl_typesupport_fastrtps_cpp
[0.357s] [ 72%] Built target interbotix_xs_msgs__rosidl_typesupport_c
[0.357s] [ 84%] Built target interbotix_xs_msgs__rosidl_typesupport_fastrtps_c
[0.357s] [ 84%] Built target interbotix_xs_msgs
[0.357s] [ 85%] Built target interbotix_xs_msgs__py
[0.357s] [ 96%] Built target interbotix_xs_msgs__rosidl_generator_py
[0.357s] [ 97%] Built target interbotix_xs_msgs__rosidl_typesupport_fastrtps_c__pyext
[0.357s] [ 98%] Built target interbotix_xs_msgs__rosidl_typesupport_c__pyext
[0.357s] [100%] Built target interbotix_xs_msgs__rosidl_typesupport_introspection_c__pyext
[0.369s] running egg_info
[0.369s] writing interbotix_xs_msgs.egg-info/PKG-INFO
[0.369s] writing dependency_links to interbotix_xs_msgs.egg-info/dependency_links.txt
[0.369s] writing top-level names to interbotix_xs_msgs.egg-info/top_level.txt
[0.376s] reading manifest file 'interbotix_xs_msgs.egg-info/SOURCES.txt'
[0.377s] writing manifest file 'interbotix_xs_msgs.egg-info/SOURCES.txt'
[0.469s] [100%] Built target ament_cmake_python_build_interbotix_xs_msgs_egg
