[2.284s] Invoking command in '/home/mscrobotics2425laptop4/LEO-ROVER-CODING/Final_nav/src/nav_final': PYTHONPATH=/home/mscrobotics2425laptop4/LEO-ROVER-CODING/build/nav_final/prefix_override:/usr/lib/python3/dist-packages/colcon_core/task/python/colcon_distutils_commands:/home/mscrobotics2425laptop4/LEO-ROVER-CODING/install/nav_final/lib/python3.10/site-packages:${PYTHONPATH} /usr/bin/python3 -W ignore:setup.py install is deprecated -W ignore:easy_install command is deprecated setup.py egg_info --egg-base ../../../build/nav_final build --build-base /home/mscrobotics2425laptop4/LEO-ROVER-CODING/build/nav_final/build install --record /home/mscrobotics2425laptop4/LEO-ROVER-CODING/build/nav_final/install.log --single-version-externally-managed install_data
[2.614s] running egg_info
[2.614s] writing ../../../build/nav_final/nav_final.egg-info/PKG-INFO
[2.615s] writing dependency_links to ../../../build/nav_final/nav_final.egg-info/dependency_links.txt
[2.615s] writing entry points to ../../../build/nav_final/nav_final.egg-info/entry_points.txt
[2.615s] writing requirements to ../../../build/nav_final/nav_final.egg-info/requires.txt
[2.615s] writing top-level names to ../../../build/nav_final/nav_final.egg-info/top_level.txt
[2.618s] reading manifest file '../../../build/nav_final/nav_final.egg-info/SOURCES.txt'
[2.618s] writing manifest file '../../../build/nav_final/nav_final.egg-info/SOURCES.txt'
[2.619s] running build
[2.619s] running build_py
[2.619s] running install
[2.619s] running install_lib
[2.622s] running install_data
[2.622s] running install_egg_info
[2.624s] removing '/home/mscrobotics2425laptop4/LEO-ROVER-CODING/install/nav_final/lib/python3.10/site-packages/nav_final-0.0.0-py3.10.egg-info' (and everything under it)
[2.624s] Copying ../../../build/nav_final/nav_final.egg-info to /home/mscrobotics2425laptop4/LEO-ROVER-CODING/install/nav_final/lib/python3.10/site-packages/nav_final-0.0.0-py3.10.egg-info
[2.625s] running install_scripts
[2.651s] writing list of installed files to '/home/mscrobotics2425laptop4/LEO-ROVER-CODING/build/nav_final/install.log'
[3.028s] Invoked command in '/home/mscrobotics2425laptop4/LEO-ROVER-CODING/Final_nav/src/nav_final' returned '0': PYTHONPATH=/home/mscrobotics2425laptop4/LEO-ROVER-CODING/build/nav_final/prefix_override:/usr/lib/python3/dist-packages/colcon_core/task/python/colcon_distutils_commands:/home/mscrobotics2425laptop4/LEO-ROVER-CODING/install/nav_final/lib/python3.10/site-packages:${PYTHONPATH} /usr/bin/python3 -W ignore:setup.py install is deprecated -W ignore:easy_install command is deprecated setup.py egg_info --egg-base ../../../build/nav_final build --build-base /home/mscrobotics2425laptop4/LEO-ROVER-CODING/build/nav_final/build install --record /home/mscrobotics2425laptop4/LEO-ROVER-CODING/build/nav_final/install.log --single-version-externally-managed install_data
