[1.283s] Invoking command in '/home/mscrobotics2425laptop4/LEO-ROVER-CODING/interbotix_ws/src/leo_launch': PYTHONPATH=/home/mscrobotics2425laptop4/LEO-ROVER-CODING/build/leo_launch/prefix_override:/usr/lib/python3/dist-packages/colcon_core/task/python/colcon_distutils_commands:/home/mscrobotics2425laptop4/LEO-ROVER-CODING/install/leo_launch/lib/python3.10/site-packages:${PYTHONPATH} /usr/bin/python3 -W ignore:setup.py install is deprecated -W ignore:easy_install command is deprecated setup.py egg_info --egg-base ../../../build/leo_launch build --build-base /home/mscrobotics2425laptop4/LEO-ROVER-CODING/build/leo_launch/build install --record /home/mscrobotics2425laptop4/LEO-ROVER-CODING/build/leo_launch/install.log --single-version-externally-managed install_data
[1.621s] running egg_info
[1.623s] writing ../../../build/leo_launch/leo_launch.egg-info/PKG-INFO
[1.623s] writing dependency_links to ../../../build/leo_launch/leo_launch.egg-info/dependency_links.txt
[1.623s] writing entry points to ../../../build/leo_launch/leo_launch.egg-info/entry_points.txt
[1.623s] writing requirements to ../../../build/leo_launch/leo_launch.egg-info/requires.txt
[1.623s] writing top-level names to ../../../build/leo_launch/leo_launch.egg-info/top_level.txt
[1.626s] reading manifest file '../../../build/leo_launch/leo_launch.egg-info/SOURCES.txt'
[1.627s] writing manifest file '../../../build/leo_launch/leo_launch.egg-info/SOURCES.txt'
[1.628s] running build
[1.628s] running build_py
[1.628s] running install
[1.629s] running install_lib
[1.630s] running install_data
[1.630s] running install_egg_info
[1.634s] removing '/home/mscrobotics2425laptop4/LEO-ROVER-CODING/install/leo_launch/lib/python3.10/site-packages/leo_launch-0.0.0-py3.10.egg-info' (and everything under it)
[1.634s] Copying ../../../build/leo_launch/leo_launch.egg-info to /home/mscrobotics2425laptop4/LEO-ROVER-CODING/install/leo_launch/lib/python3.10/site-packages/leo_launch-0.0.0-py3.10.egg-info
[1.635s] running install_scripts
[1.664s] writing list of installed files to '/home/mscrobotics2425laptop4/LEO-ROVER-CODING/build/leo_launch/install.log'
[1.893s] Invoked command in '/home/mscrobotics2425laptop4/LEO-ROVER-CODING/interbotix_ws/src/leo_launch' returned '0': PYTHONPATH=/home/mscrobotics2425laptop4/LEO-ROVER-CODING/build/leo_launch/prefix_override:/usr/lib/python3/dist-packages/colcon_core/task/python/colcon_distutils_commands:/home/mscrobotics2425laptop4/LEO-ROVER-CODING/install/leo_launch/lib/python3.10/site-packages:${PYTHONPATH} /usr/bin/python3 -W ignore:setup.py install is deprecated -W ignore:easy_install command is deprecated setup.py egg_info --egg-base ../../../build/leo_launch build --build-base /home/mscrobotics2425laptop4/LEO-ROVER-CODING/build/leo_launch/build install --record /home/mscrobotics2425laptop4/LEO-ROVER-CODING/build/leo_launch/install.log --single-version-externally-managed install_data
