running egg_info
creating ../build/camera_open/camera_open.egg-info
writing ../build/camera_open/camera_open.egg-info/PKG-INFO
writing dependency_links to ../build/camera_open/camera_open.egg-info/dependency_links.txt
writing entry points to ../build/camera_open/camera_open.egg-info/entry_points.txt
writing requirements to ../build/camera_open/camera_open.egg-info/requires.txt
writing top-level names to ../build/camera_open/camera_open.egg-info/top_level.txt
writing manifest file '../build/camera_open/camera_open.egg-info/SOURCES.txt'
reading manifest file '../build/camera_open/camera_open.egg-info/SOURCES.txt'
writing manifest file '../build/camera_open/camera_open.egg-info/SOURCES.txt'
running build
running build_py
creating /home/leorover-group9/opencv_ros/build/camera_open/build
creating /home/leorover-group9/opencv_ros/build/camera_open/build/lib
creating /home/leorover-group9/opencv_ros/build/camera_open/build/lib/camera_open
copying camera_open/__init__.py -> /home/leorover-group9/opencv_ros/build/camera_open/build/lib/camera_open
copying camera_open/color_detection.py -> /home/leorover-group9/opencv_ros/build/camera_open/build/lib/camera_open
running install
running install_lib
creating /home/leorover-group9/opencv_ros/install/camera_open/lib/python3.10/site-packages/camera_open
copying /home/leorover-group9/opencv_ros/build/camera_open/build/lib/camera_open/__init__.py -> /home/leorover-group9/opencv_ros/install/camera_open/lib/python3.10/site-packages/camera_open
copying /home/leorover-group9/opencv_ros/build/camera_open/build/lib/camera_open/color_detection.py -> /home/leorover-group9/opencv_ros/install/camera_open/lib/python3.10/site-packages/camera_open
byte-compiling /home/leorover-group9/opencv_ros/install/camera_open/lib/python3.10/site-packages/camera_open/__init__.py to __init__.cpython-310.pyc
byte-compiling /home/leorover-group9/opencv_ros/install/camera_open/lib/python3.10/site-packages/camera_open/color_detection.py to color_detection.cpython-310.pyc
running install_data
creating /home/leorover-group9/opencv_ros/install/camera_open/share/ament_index
creating /home/leorover-group9/opencv_ros/install/camera_open/share/ament_index/resource_index
creating /home/leorover-group9/opencv_ros/install/camera_open/share/ament_index/resource_index/packages
copying resource/camera_open -> /home/leorover-group9/opencv_ros/install/camera_open/share/ament_index/resource_index/packages
copying package.xml -> /home/leorover-group9/opencv_ros/install/camera_open/share/camera_open
running install_egg_info
Copying ../build/camera_open/camera_open.egg-info to /home/leorover-group9/opencv_ros/install/camera_open/lib/python3.10/site-packages/camera_open-0.0.0-py3.10.egg-info
running install_scripts
Installing color_detection script to /home/leorover-group9/opencv_ros/install/camera_open/lib/camera_open
writing list of installed files to '/home/leorover-group9/opencv_ros/build/camera_open/install.log'
