running egg_info
writing ../build/camera_open/camera_open.egg-info/PKG-INFO
writing dependency_links to ../build/camera_open/camera_open.egg-info/dependency_links.txt
writing entry points to ../build/camera_open/camera_open.egg-info/entry_points.txt
writing requirements to ../build/camera_open/camera_open.egg-info/requires.txt
writing top-level names to ../build/camera_open/camera_open.egg-info/top_level.txt
reading manifest file '../build/camera_open/camera_open.egg-info/SOURCES.txt'
writing manifest file '../build/camera_open/camera_open.egg-info/SOURCES.txt'
running build
running build_py
copying camera_open/color_detection.py -> /home/leorover-group9/opencv_ros/build/camera_open/build/lib/camera_open
running install
running install_lib
copying /home/leorover-group9/opencv_ros/build/camera_open/build/lib/camera_open/color_detection.py -> /home/leorover-group9/opencv_ros/install/camera_open/lib/python3.10/site-packages/camera_open
byte-compiling /home/leorover-group9/opencv_ros/install/camera_open/lib/python3.10/site-packages/camera_open/color_detection.py to color_detection.cpython-310.pyc
running install_data
running install_egg_info
removing '/home/leorover-group9/opencv_ros/install/camera_open/lib/python3.10/site-packages/camera_open-0.0.0-py3.10.egg-info' (and everything under it)
Copying ../build/camera_open/camera_open.egg-info to /home/leorover-group9/opencv_ros/install/camera_open/lib/python3.10/site-packages/camera_open-0.0.0-py3.10.egg-info
running install_scripts
Installing color_detection script to /home/leorover-group9/opencv_ros/install/camera_open/lib/camera_open
writing list of installed files to '/home/leorover-group9/opencv_ros/build/camera_open/install.log'
