[0.347s] Invoking command in '/home/mscrobotics2425laptop4/LEO-ROVER-CODING/build/interbotix_moveit_interface_msgs': CMAKE_PREFIX_PATH=${CMAKE_PREFIX_PATH}:/home/mscrobotics2425laptop4/interbotix_ws/install/ros_cv_messages:/home/mscrobotics2425laptop4/interbotix_ws/install/leo_realsense:/home/mscrobotics2425laptop4/interbotix_ws/install/leo_manipulator:/home/mscrobotics2425laptop4/interbotix_ws/install/leo_main:/home/mscrobotics2425laptop4/interbotix_ws/install/leo_launch:/home/mscrobotics2425laptop4/interbotix_ws/install/interbotix_xs_modules:/home/mscrobotics2425laptop4/interbotix_ws/install/interbotix_perception_modules:/home/mscrobotics2425laptop4/interbotix_ws/install/interbotix_common_modules:/home/mscrobotics2425laptop4/LEO-ROVER-CODING/interbotix_ws/install/ros_cv_messages:/home/mscrobotics2425laptop4/LEO-ROVER-CODING/interbotix_ws/install/leo_realsense:/home/mscrobotics2425laptop4/LEO-ROVER-CODING/interbotix_ws/install/leo_manipulator:/home/mscrobotics2425laptop4/LEO-ROVER-CODING/interbotix_ws/install/leo_main:/home/mscrobotics2425laptop4/LEO-ROVER-CODING/interbotix_ws/install/leo_launch:/home/mscrobotics2425laptop4/LEO-ROVER-CODING/interbotix_ws/install/interbotix_xs_modules:/home/mscrobotics2425laptop4/LEO-ROVER-CODING/interbotix_ws/install/interbotix_perception_modules:/home/mscrobotics2425laptop4/LEO-ROVER-CODING/interbotix_ws/install/interbotix_common_modules:/home/mscrobotics2425laptop4/ros2_tutorial_workspace/install/the_simplest_python_package:/home/mscrobotics2425laptop4/ros2_tutorial_workspace/install/test_package:/home/mscrobotics2425laptop4/ros2_tutorial_workspace/install/python_package_with_a_node:/home/mscrobotics2425laptop4/ros2_tutorial_workspace/install/python_package_that_uses_the_library:/home/mscrobotics2425laptop4/ros2_tutorial_workspace/install/python_package_with_a_library:/home/mscrobotics2425laptop4/ros2_tutorial_workspace/install/python_package_that_uses_the_services:/home/mscrobotics2425laptop4/ros2_tutorial_workspace/install/python_package_that_uses_the_messages:/home/mscrobotics2425laptop4/ros2_tutorial_workspace/install/python_package_that_uses_parameters_and_launch_files:/home/mscrobotics2425laptop4/ros2_tutorial_workspace/install/navigation_leo:/home/mscrobotics2425laptop4/ros2_tutorial_workspace/install/navigation_demos_custom_map:/home/mscrobotics2425laptop4/ros2_tutorial_workspace/install/navigation_demos:/home/mscrobotics2425laptop4/ros2_tutorial_workspace/install/m_explore_toggle:/home/mscrobotics2425laptop4/ros2_tutorial_workspace/install/lidar_emulator:/home/mscrobotics2425laptop4/ros2_tutorial_workspace/install/leo_team9:/home/mscrobotics2425laptop4/ros2_tutorial_workspace/install/gz_example_robot_description:/home/mscrobotics2425laptop4/ros2_tutorial_workspace/install/example_urdf_robot:/home/mscrobotics2425laptop4/ros2_tutorial_workspace/install/example_urdf_description:/home/mscrobotics2425laptop4/ros2_tutorial_workspace/install/example_gz_robot:/home/mscrobotics2425laptop4/ros2_tutorial_workspace/install/custom_server_package:/home/mscrobotics2425laptop4/ros2_tutorial_workspace/install/custom_client_package:/home/mscrobotics2425laptop4/ros2_tutorial_workspace/install/challenge_package:/home/mscrobotics2425laptop4/ros2_tutorial_workspace/install/bt_demos:/opt/ros/humble /usr/bin/cmake /home/mscrobotics2425laptop4/LEO-ROVER-CODING/interbotix_ws/src/interbotix_ros_toolboxes/interbotix_common_toolbox/interbotix_moveit_interface_msgs -DCMAKE_INSTALL_PREFIX=/home/mscrobotics2425laptop4/LEO-ROVER-CODING/install/interbotix_moveit_interface_msgs
[0.424s] -- The C compiler identification is GNU 11.4.0
[0.509s] -- The CXX compiler identification is GNU 11.4.0
[0.516s] -- Detecting C compiler ABI info
[0.608s] -- Detecting C compiler ABI info - done
[0.614s] -- Check for working C compiler: /usr/bin/cc - skipped
[0.614s] -- Detecting C compile features
[0.615s] -- Detecting C compile features - done
[0.617s] -- Detecting CXX compiler ABI info
[0.714s] -- Detecting CXX compiler ABI info - done
[0.722s] -- Check for working CXX compiler: /usr/bin/c++ - skipped
[0.722s] -- Detecting CXX compile features
[0.723s] -- Detecting CXX compile features - done
[0.734s] -- Found rosidl_default_generators: 1.2.0 (/opt/ros/humble/share/rosidl_default_generators/cmake)
[0.751s] -- Found ament_cmake_core: 1.3.11 (/opt/ros/humble/share/ament_cmake_core/cmake)
[1.004s] -- Found Python3: /usr/bin/python3 (found version "3.10.12") found components: Interpreter 
[1.134s] -- Using all available rosidl_typesupport_c: rosidl_typesupport_fastrtps_c;rosidl_typesupport_introspection_c
[1.155s] -- Found rosidl_adapter: 3.1.6 (/opt/ros/humble/share/rosidl_adapter/cmake)
[1.399s] -- Using all available rosidl_typesupport_cpp: rosidl_typesupport_fastrtps_cpp;rosidl_typesupport_introspection_cpp
[1.501s] -- Found std_msgs: 4.2.4 (/opt/ros/humble/share/std_msgs/cmake)
[1.543s] -- Found geometry_msgs: 4.2.4 (/opt/ros/humble/share/geometry_msgs/cmake)
[2.033s] -- Found ament_cmake_ros: 0.10.0 (/opt/ros/humble/share/ament_cmake_ros/cmake)
[2.398s] -- Using all available rosidl_typesupport_c: rosidl_typesupport_fastrtps_c;rosidl_typesupport_introspection_c
[2.852s] -- Using all available rosidl_typesupport_cpp: rosidl_typesupport_fastrtps_cpp;rosidl_typesupport_introspection_cpp
[2.893s] -- Found PythonInterp: /usr/bin/python3 (found suitable version "3.10.12", minimum required is "3.6") 
[2.899s] -- Found python_cmake_module: 0.10.0 (/opt/ros/humble/share/python_cmake_module/cmake)
[2.937s] -- Found PythonLibs: /usr/lib/x86_64-linux-gnu/libpython3.10.so (found suitable version "3.10.12", minimum required is "3.5") 
[2.937s] -- Using PYTHON_EXECUTABLE: /usr/bin/python3
[2.937s] -- Using PYTHON_INCLUDE_DIRS: /usr/include/python3.10
[2.937s] -- Using PYTHON_LIBRARIES: /usr/lib/x86_64-linux-gnu/libpython3.10.so
[2.959s] -- Found PythonExtra: .so  
[3.085s] -- Found ament_lint_auto: 0.12.11 (/opt/ros/humble/share/ament_lint_auto/cmake)
[3.098s] -- Configuring done
[3.122s] -- Generating done
[3.133s] -- Build files have been written to: /home/mscrobotics2425laptop4/LEO-ROVER-CODING/build/interbotix_moveit_interface_msgs
[3.140s] Invoked command in '/home/mscrobotics2425laptop4/LEO-ROVER-CODING/build/interbotix_moveit_interface_msgs' returned '0': CMAKE_PREFIX_PATH=${CMAKE_PREFIX_PATH}:/home/mscrobotics2425laptop4/interbotix_ws/install/ros_cv_messages:/home/mscrobotics2425laptop4/interbotix_ws/install/leo_realsense:/home/mscrobotics2425laptop4/interbotix_ws/install/leo_manipulator:/home/mscrobotics2425laptop4/interbotix_ws/install/leo_main:/home/mscrobotics2425laptop4/interbotix_ws/install/leo_launch:/home/mscrobotics2425laptop4/interbotix_ws/install/interbotix_xs_modules:/home/mscrobotics2425laptop4/interbotix_ws/install/interbotix_perception_modules:/home/mscrobotics2425laptop4/interbotix_ws/install/interbotix_common_modules:/home/mscrobotics2425laptop4/LEO-ROVER-CODING/interbotix_ws/install/ros_cv_messages:/home/mscrobotics2425laptop4/LEO-ROVER-CODING/interbotix_ws/install/leo_realsense:/home/mscrobotics2425laptop4/LEO-ROVER-CODING/interbotix_ws/install/leo_manipulator:/home/mscrobotics2425laptop4/LEO-ROVER-CODING/interbotix_ws/install/leo_main:/home/mscrobotics2425laptop4/LEO-ROVER-CODING/interbotix_ws/install/leo_launch:/home/mscrobotics2425laptop4/LEO-ROVER-CODING/interbotix_ws/install/interbotix_xs_modules:/home/mscrobotics2425laptop4/LEO-ROVER-CODING/interbotix_ws/install/interbotix_perception_modules:/home/mscrobotics2425laptop4/LEO-ROVER-CODING/interbotix_ws/install/interbotix_common_modules:/home/mscrobotics2425laptop4/ros2_tutorial_workspace/install/the_simplest_python_package:/home/mscrobotics2425laptop4/ros2_tutorial_workspace/install/test_package:/home/mscrobotics2425laptop4/ros2_tutorial_workspace/install/python_package_with_a_node:/home/mscrobotics2425laptop4/ros2_tutorial_workspace/install/python_package_that_uses_the_library:/home/mscrobotics2425laptop4/ros2_tutorial_workspace/install/python_package_with_a_library:/home/mscrobotics2425laptop4/ros2_tutorial_workspace/install/python_package_that_uses_the_services:/home/mscrobotics2425laptop4/ros2_tutorial_workspace/install/python_package_that_uses_the_messages:/home/mscrobotics2425laptop4/ros2_tutorial_workspace/install/python_package_that_uses_parameters_and_launch_files:/home/mscrobotics2425laptop4/ros2_tutorial_workspace/install/navigation_leo:/home/mscrobotics2425laptop4/ros2_tutorial_workspace/install/navigation_demos_custom_map:/home/mscrobotics2425laptop4/ros2_tutorial_workspace/install/navigation_demos:/home/mscrobotics2425laptop4/ros2_tutorial_workspace/install/m_explore_toggle:/home/mscrobotics2425laptop4/ros2_tutorial_workspace/install/lidar_emulator:/home/mscrobotics2425laptop4/ros2_tutorial_workspace/install/leo_team9:/home/mscrobotics2425laptop4/ros2_tutorial_workspace/install/gz_example_robot_description:/home/mscrobotics2425laptop4/ros2_tutorial_workspace/install/example_urdf_robot:/home/mscrobotics2425laptop4/ros2_tutorial_workspace/install/example_urdf_description:/home/mscrobotics2425laptop4/ros2_tutorial_workspace/install/example_gz_robot:/home/mscrobotics2425laptop4/ros2_tutorial_workspace/install/custom_server_package:/home/mscrobotics2425laptop4/ros2_tutorial_workspace/install/custom_client_package:/home/mscrobotics2425laptop4/ros2_tutorial_workspace/install/challenge_package:/home/mscrobotics2425laptop4/ros2_tutorial_workspace/install/bt_demos:/opt/ros/humble /usr/bin/cmake /home/mscrobotics2425laptop4/LEO-ROVER-CODING/interbotix_ws/src/interbotix_ros_toolboxes/interbotix_common_toolbox/interbotix_moveit_interface_msgs -DCMAKE_INSTALL_PREFIX=/home/mscrobotics2425laptop4/LEO-ROVER-CODING/install/interbotix_moveit_interface_msgs
[3.141s] Invoking command in '/home/mscrobotics2425laptop4/LEO-ROVER-CODING/build/interbotix_moveit_interface_msgs': CMAKE_PREFIX_PATH=${CMAKE_PREFIX_PATH}:/home/mscrobotics2425laptop4/interbotix_ws/install/ros_cv_messages:/home/mscrobotics2425laptop4/interbotix_ws/install/leo_realsense:/home/mscrobotics2425laptop4/interbotix_ws/install/leo_manipulator:/home/mscrobotics2425laptop4/interbotix_ws/install/leo_main:/home/mscrobotics2425laptop4/interbotix_ws/install/leo_launch:/home/mscrobotics2425laptop4/interbotix_ws/install/interbotix_xs_modules:/home/mscrobotics2425laptop4/interbotix_ws/install/interbotix_perception_modules:/home/mscrobotics2425laptop4/interbotix_ws/install/interbotix_common_modules:/home/mscrobotics2425laptop4/LEO-ROVER-CODING/interbotix_ws/install/ros_cv_messages:/home/mscrobotics2425laptop4/LEO-ROVER-CODING/interbotix_ws/install/leo_realsense:/home/mscrobotics2425laptop4/LEO-ROVER-CODING/interbotix_ws/install/leo_manipulator:/home/mscrobotics2425laptop4/LEO-ROVER-CODING/interbotix_ws/install/leo_main:/home/mscrobotics2425laptop4/LEO-ROVER-CODING/interbotix_ws/install/leo_launch:/home/mscrobotics2425laptop4/LEO-ROVER-CODING/interbotix_ws/install/interbotix_xs_modules:/home/mscrobotics2425laptop4/LEO-ROVER-CODING/interbotix_ws/install/interbotix_perception_modules:/home/mscrobotics2425laptop4/LEO-ROVER-CODING/interbotix_ws/install/interbotix_common_modules:/home/mscrobotics2425laptop4/ros2_tutorial_workspace/install/the_simplest_python_package:/home/mscrobotics2425laptop4/ros2_tutorial_workspace/install/test_package:/home/mscrobotics2425laptop4/ros2_tutorial_workspace/install/python_package_with_a_node:/home/mscrobotics2425laptop4/ros2_tutorial_workspace/install/python_package_that_uses_the_library:/home/mscrobotics2425laptop4/ros2_tutorial_workspace/install/python_package_with_a_library:/home/mscrobotics2425laptop4/ros2_tutorial_workspace/install/python_package_that_uses_the_services:/home/mscrobotics2425laptop4/ros2_tutorial_workspace/install/python_package_that_uses_the_messages:/home/mscrobotics2425laptop4/ros2_tutorial_workspace/install/python_package_that_uses_parameters_and_launch_files:/home/mscrobotics2425laptop4/ros2_tutorial_workspace/install/navigation_leo:/home/mscrobotics2425laptop4/ros2_tutorial_workspace/install/navigation_demos_custom_map:/home/mscrobotics2425laptop4/ros2_tutorial_workspace/install/navigation_demos:/home/mscrobotics2425laptop4/ros2_tutorial_workspace/install/m_explore_toggle:/home/mscrobotics2425laptop4/ros2_tutorial_workspace/install/lidar_emulator:/home/mscrobotics2425laptop4/ros2_tutorial_workspace/install/leo_team9:/home/mscrobotics2425laptop4/ros2_tutorial_workspace/install/gz_example_robot_description:/home/mscrobotics2425laptop4/ros2_tutorial_workspace/install/example_urdf_robot:/home/mscrobotics2425laptop4/ros2_tutorial_workspace/install/example_urdf_description:/home/mscrobotics2425laptop4/ros2_tutorial_workspace/install/example_gz_robot:/home/mscrobotics2425laptop4/ros2_tutorial_workspace/install/custom_server_package:/home/mscrobotics2425laptop4/ros2_tutorial_workspace/install/custom_client_package:/home/mscrobotics2425laptop4/ros2_tutorial_workspace/install/challenge_package:/home/mscrobotics2425laptop4/ros2_tutorial_workspace/install/bt_demos:/opt/ros/humble /usr/bin/cmake --build /home/mscrobotics2425laptop4/LEO-ROVER-CODING/build/interbotix_moveit_interface_msgs -- -j12 -l12
[3.189s] [  3%] [34m[1mGenerating C code for ROS interfaces[0m
[3.202s] [  6%] [34m[1mGenerating C++ code for ROS interfaces[0m
[3.210s] [  6%] Built target ament_cmake_python_copy_interbotix_moveit_interface_msgs
[3.648s] running egg_info
[3.648s] creating interbotix_moveit_interface_msgs.egg-info
[3.648s] writing interbotix_moveit_interface_msgs.egg-info/PKG-INFO
[3.648s] writing dependency_links to interbotix_moveit_interface_msgs.egg-info/dependency_links.txt
[3.648s] writing top-level names to interbotix_moveit_interface_msgs.egg-info/top_level.txt
[3.648s] writing manifest file 'interbotix_moveit_interface_msgs.egg-info/SOURCES.txt'
[3.658s] reading manifest file 'interbotix_moveit_interface_msgs.egg-info/SOURCES.txt'
[3.659s] writing manifest file 'interbotix_moveit_interface_msgs.egg-info/SOURCES.txt'
[3.719s] [  9%] [32mBuilding C object CMakeFiles/interbotix_moveit_interface_msgs__rosidl_generator_c.dir/rosidl_generator_c/interbotix_moveit_interface_msgs/srv/detail/move_it_plan__functions.c.o[0m
[3.727s] [  9%] Built target ament_cmake_python_build_interbotix_moveit_interface_msgs_egg
[3.734s] [  9%] Built target interbotix_moveit_interface_msgs__cpp
[3.765s] [ 12%] [34m[1mGenerating C++ type support for eProsima Fast-RTPS[0m
[3.768s] [ 16%] [34m[1mGenerating C++ introspection for ROS interfaces[0m
[3.788s] [ 19%] [34m[1mGenerating C++ type support dispatch for ROS interfaces[0m
[3.913s] [ 22%] [32m[1mLinking C shared library libinterbotix_moveit_interface_msgs__rosidl_generator_c.so[0m
[4.029s] [ 22%] Built target interbotix_moveit_interface_msgs__rosidl_generator_c
[4.063s] [ 25%] [34m[1mGenerating C type support dispatch for ROS interfaces[0m
[4.064s] [ 32%] [34m[1mGenerating C type support for eProsima Fast-RTPS[0m
[4.064s] [ 32%] [34m[1mGenerating C introspection for ROS interfaces[0m
[4.498s] [ 35%] [32mBuilding CXX object CMakeFiles/interbotix_moveit_interface_msgs__rosidl_typesupport_cpp.dir/rosidl_typesupport_cpp/interbotix_moveit_interface_msgs/srv/move_it_plan__type_support.cpp.o[0m
[4.720s] [ 38%] [32mBuilding CXX object CMakeFiles/interbotix_moveit_interface_msgs__rosidl_typesupport_introspection_cpp.dir/rosidl_typesupport_introspection_cpp/interbotix_moveit_interface_msgs/srv/detail/move_it_plan__type_support.cpp.o[0m
[4.839s] [ 41%] [32mBuilding C object CMakeFiles/interbotix_moveit_interface_msgs__rosidl_typesupport_introspection_c.dir/rosidl_typesupport_introspection_c/interbotix_moveit_interface_msgs/srv/detail/move_it_plan__type_support.c.o[0m
[4.891s] [ 45%] [32mBuilding CXX object CMakeFiles/interbotix_moveit_interface_msgs__rosidl_typesupport_fastrtps_cpp.dir/rosidl_typesupport_fastrtps_cpp/interbotix_moveit_interface_msgs/srv/detail/dds_fastrtps/move_it_plan__type_support.cpp.o[0m
[4.973s] [ 48%] [32mBuilding CXX object CMakeFiles/interbotix_moveit_interface_msgs__rosidl_typesupport_fastrtps_c.dir/rosidl_typesupport_fastrtps_c/interbotix_moveit_interface_msgs/srv/detail/move_it_plan__type_support_c.cpp.o[0m
[5.005s] [ 51%] [32m[1mLinking C shared library libinterbotix_moveit_interface_msgs__rosidl_typesupport_introspection_c.so[0m
[5.103s] [ 51%] Built target interbotix_moveit_interface_msgs__rosidl_typesupport_introspection_c
[5.231s] [ 54%] [32mBuilding CXX object CMakeFiles/interbotix_moveit_interface_msgs__rosidl_typesupport_c.dir/rosidl_typesupport_c/interbotix_moveit_interface_msgs/srv/move_it_plan__type_support.cpp.o[0m
[5.327s] [ 58%] [32m[1mLinking CXX shared library libinterbotix_moveit_interface_msgs__rosidl_typesupport_c.so[0m
[5.418s] [ 61%] [32m[1mLinking CXX shared library libinterbotix_moveit_interface_msgs__rosidl_typesupport_cpp.so[0m
[5.488s] [ 61%] Built target interbotix_moveit_interface_msgs__rosidl_typesupport_c
[5.540s] [ 61%] Built target interbotix_moveit_interface_msgs__rosidl_typesupport_cpp
[5.567s] [ 64%] [32m[1mLinking CXX shared library libinterbotix_moveit_interface_msgs__rosidl_typesupport_fastrtps_c.so[0m
[5.775s] [ 64%] Built target interbotix_moveit_interface_msgs__rosidl_typesupport_fastrtps_c
[5.895s] [ 67%] [32m[1mLinking CXX shared library libinterbotix_moveit_interface_msgs__rosidl_typesupport_introspection_cpp.so[0m
[5.930s] [ 70%] [32m[1mLinking CXX shared library libinterbotix_moveit_interface_msgs__rosidl_typesupport_fastrtps_cpp.so[0m
[6.065s] [ 70%] Built target interbotix_moveit_interface_msgs__rosidl_typesupport_introspection_cpp
[6.137s] [ 70%] Built target interbotix_moveit_interface_msgs__rosidl_typesupport_fastrtps_cpp
[6.201s] [ 70%] Built target interbotix_moveit_interface_msgs
[6.253s] [ 74%] [34m[1mGenerating Python code for ROS interfaces[0m
[7.896s] [ 74%] Built target interbotix_moveit_interface_msgs__py
[7.960s] [ 77%] [32mBuilding C object CMakeFiles/interbotix_moveit_interface_msgs__rosidl_generator_py.dir/rosidl_generator_py/interbotix_moveit_interface_msgs/srv/_move_it_plan_s.c.o[0m
[8.242s] [ 80%] [32m[1mLinking C shared library rosidl_generator_py/interbotix_moveit_interface_msgs/libinterbotix_moveit_interface_msgs__rosidl_generator_py.so[0m
[8.420s] [ 80%] Built target interbotix_moveit_interface_msgs__rosidl_generator_py
[8.529s] [ 87%] [32mBuilding C object CMakeFiles/interbotix_moveit_interface_msgs__rosidl_typesupport_c__pyext.dir/rosidl_generator_py/interbotix_moveit_interface_msgs/_interbotix_moveit_interface_msgs_s.ep.rosidl_typesupport_c.c.o[0m
[8.535s] [ 87%] [32mBuilding C object CMakeFiles/interbotix_moveit_interface_msgs__rosidl_typesupport_fastrtps_c__pyext.dir/rosidl_generator_py/interbotix_moveit_interface_msgs/_interbotix_moveit_interface_msgs_s.ep.rosidl_typesupport_fastrtps_c.c.o[0m
[8.564s] [ 90%] [32mBuilding C object CMakeFiles/interbotix_moveit_interface_msgs__rosidl_typesupport_introspection_c__pyext.dir/rosidl_generator_py/interbotix_moveit_interface_msgs/_interbotix_moveit_interface_msgs_s.ep.rosidl_typesupport_introspection_c.c.o[0m
[8.796s] [ 93%] [32m[1mLinking C shared library rosidl_generator_py/interbotix_moveit_interface_msgs/interbotix_moveit_interface_msgs_s__rosidl_typesupport_introspection_c.cpython-310-x86_64-linux-gnu.so[0m
[8.850s] [ 96%] [32m[1mLinking C shared library rosidl_generator_py/interbotix_moveit_interface_msgs/interbotix_moveit_interface_msgs_s__rosidl_typesupport_fastrtps_c.cpython-310-x86_64-linux-gnu.so[0m
[8.872s] [100%] [32m[1mLinking C shared library rosidl_generator_py/interbotix_moveit_interface_msgs/interbotix_moveit_interface_msgs_s__rosidl_typesupport_c.cpython-310-x86_64-linux-gnu.so[0m
[8.881s] [100%] Built target interbotix_moveit_interface_msgs__rosidl_typesupport_introspection_c__pyext
[8.921s] [100%] Built target interbotix_moveit_interface_msgs__rosidl_typesupport_fastrtps_c__pyext
[8.946s] [100%] Built target interbotix_moveit_interface_msgs__rosidl_typesupport_c__pyext
[9.197s] Invoked command in '/home/mscrobotics2425laptop4/LEO-ROVER-CODING/build/interbotix_moveit_interface_msgs' returned '0': CMAKE_PREFIX_PATH=${CMAKE_PREFIX_PATH}:/home/mscrobotics2425laptop4/interbotix_ws/install/ros_cv_messages:/home/mscrobotics2425laptop4/interbotix_ws/install/leo_realsense:/home/mscrobotics2425laptop4/interbotix_ws/install/leo_manipulator:/home/mscrobotics2425laptop4/interbotix_ws/install/leo_main:/home/mscrobotics2425laptop4/interbotix_ws/install/leo_launch:/home/mscrobotics2425laptop4/interbotix_ws/install/interbotix_xs_modules:/home/mscrobotics2425laptop4/interbotix_ws/install/interbotix_perception_modules:/home/mscrobotics2425laptop4/interbotix_ws/install/interbotix_common_modules:/home/mscrobotics2425laptop4/LEO-ROVER-CODING/interbotix_ws/install/ros_cv_messages:/home/mscrobotics2425laptop4/LEO-ROVER-CODING/interbotix_ws/install/leo_realsense:/home/mscrobotics2425laptop4/LEO-ROVER-CODING/interbotix_ws/install/leo_manipulator:/home/mscrobotics2425laptop4/LEO-ROVER-CODING/interbotix_ws/install/leo_main:/home/mscrobotics2425laptop4/LEO-ROVER-CODING/interbotix_ws/install/leo_launch:/home/mscrobotics2425laptop4/LEO-ROVER-CODING/interbotix_ws/install/interbotix_xs_modules:/home/mscrobotics2425laptop4/LEO-ROVER-CODING/interbotix_ws/install/interbotix_perception_modules:/home/mscrobotics2425laptop4/LEO-ROVER-CODING/interbotix_ws/install/interbotix_common_modules:/home/mscrobotics2425laptop4/ros2_tutorial_workspace/install/the_simplest_python_package:/home/mscrobotics2425laptop4/ros2_tutorial_workspace/install/test_package:/home/mscrobotics2425laptop4/ros2_tutorial_workspace/install/python_package_with_a_node:/home/mscrobotics2425laptop4/ros2_tutorial_workspace/install/python_package_that_uses_the_library:/home/mscrobotics2425laptop4/ros2_tutorial_workspace/install/python_package_with_a_library:/home/mscrobotics2425laptop4/ros2_tutorial_workspace/install/python_package_that_uses_the_services:/home/mscrobotics2425laptop4/ros2_tutorial_workspace/install/python_package_that_uses_the_messages:/home/mscrobotics2425laptop4/ros2_tutorial_workspace/install/python_package_that_uses_parameters_and_launch_files:/home/mscrobotics2425laptop4/ros2_tutorial_workspace/install/navigation_leo:/home/mscrobotics2425laptop4/ros2_tutorial_workspace/install/navigation_demos_custom_map:/home/mscrobotics2425laptop4/ros2_tutorial_workspace/install/navigation_demos:/home/mscrobotics2425laptop4/ros2_tutorial_workspace/install/m_explore_toggle:/home/mscrobotics2425laptop4/ros2_tutorial_workspace/install/lidar_emulator:/home/mscrobotics2425laptop4/ros2_tutorial_workspace/install/leo_team9:/home/mscrobotics2425laptop4/ros2_tutorial_workspace/install/gz_example_robot_description:/home/mscrobotics2425laptop4/ros2_tutorial_workspace/install/example_urdf_robot:/home/mscrobotics2425laptop4/ros2_tutorial_workspace/install/example_urdf_description:/home/mscrobotics2425laptop4/ros2_tutorial_workspace/install/example_gz_robot:/home/mscrobotics2425laptop4/ros2_tutorial_workspace/install/custom_server_package:/home/mscrobotics2425laptop4/ros2_tutorial_workspace/install/custom_client_package:/home/mscrobotics2425laptop4/ros2_tutorial_workspace/install/challenge_package:/home/mscrobotics2425laptop4/ros2_tutorial_workspace/install/bt_demos:/opt/ros/humble /usr/bin/cmake --build /home/mscrobotics2425laptop4/LEO-ROVER-CODING/build/interbotix_moveit_interface_msgs -- -j12 -l12
[9.198s] Invoking command in '/home/mscrobotics2425laptop4/LEO-ROVER-CODING/build/interbotix_moveit_interface_msgs': CMAKE_PREFIX_PATH=${CMAKE_PREFIX_PATH}:/home/mscrobotics2425laptop4/interbotix_ws/install/ros_cv_messages:/home/mscrobotics2425laptop4/interbotix_ws/install/leo_realsense:/home/mscrobotics2425laptop4/interbotix_ws/install/leo_manipulator:/home/mscrobotics2425laptop4/interbotix_ws/install/leo_main:/home/mscrobotics2425laptop4/interbotix_ws/install/leo_launch:/home/mscrobotics2425laptop4/interbotix_ws/install/interbotix_xs_modules:/home/mscrobotics2425laptop4/interbotix_ws/install/interbotix_perception_modules:/home/mscrobotics2425laptop4/interbotix_ws/install/interbotix_common_modules:/home/mscrobotics2425laptop4/LEO-ROVER-CODING/interbotix_ws/install/ros_cv_messages:/home/mscrobotics2425laptop4/LEO-ROVER-CODING/interbotix_ws/install/leo_realsense:/home/mscrobotics2425laptop4/LEO-ROVER-CODING/interbotix_ws/install/leo_manipulator:/home/mscrobotics2425laptop4/LEO-ROVER-CODING/interbotix_ws/install/leo_main:/home/mscrobotics2425laptop4/LEO-ROVER-CODING/interbotix_ws/install/leo_launch:/home/mscrobotics2425laptop4/LEO-ROVER-CODING/interbotix_ws/install/interbotix_xs_modules:/home/mscrobotics2425laptop4/LEO-ROVER-CODING/interbotix_ws/install/interbotix_perception_modules:/home/mscrobotics2425laptop4/LEO-ROVER-CODING/interbotix_ws/install/interbotix_common_modules:/home/mscrobotics2425laptop4/ros2_tutorial_workspace/install/the_simplest_python_package:/home/mscrobotics2425laptop4/ros2_tutorial_workspace/install/test_package:/home/mscrobotics2425laptop4/ros2_tutorial_workspace/install/python_package_with_a_node:/home/mscrobotics2425laptop4/ros2_tutorial_workspace/install/python_package_that_uses_the_library:/home/mscrobotics2425laptop4/ros2_tutorial_workspace/install/python_package_with_a_library:/home/mscrobotics2425laptop4/ros2_tutorial_workspace/install/python_package_that_uses_the_services:/home/mscrobotics2425laptop4/ros2_tutorial_workspace/install/python_package_that_uses_the_messages:/home/mscrobotics2425laptop4/ros2_tutorial_workspace/install/python_package_that_uses_parameters_and_launch_files:/home/mscrobotics2425laptop4/ros2_tutorial_workspace/install/navigation_leo:/home/mscrobotics2425laptop4/ros2_tutorial_workspace/install/navigation_demos_custom_map:/home/mscrobotics2425laptop4/ros2_tutorial_workspace/install/navigation_demos:/home/mscrobotics2425laptop4/ros2_tutorial_workspace/install/m_explore_toggle:/home/mscrobotics2425laptop4/ros2_tutorial_workspace/install/lidar_emulator:/home/mscrobotics2425laptop4/ros2_tutorial_workspace/install/leo_team9:/home/mscrobotics2425laptop4/ros2_tutorial_workspace/install/gz_example_robot_description:/home/mscrobotics2425laptop4/ros2_tutorial_workspace/install/example_urdf_robot:/home/mscrobotics2425laptop4/ros2_tutorial_workspace/install/example_urdf_description:/home/mscrobotics2425laptop4/ros2_tutorial_workspace/install/example_gz_robot:/home/mscrobotics2425laptop4/ros2_tutorial_workspace/install/custom_server_package:/home/mscrobotics2425laptop4/ros2_tutorial_workspace/install/custom_client_package:/home/mscrobotics2425laptop4/ros2_tutorial_workspace/install/challenge_package:/home/mscrobotics2425laptop4/ros2_tutorial_workspace/install/bt_demos:/opt/ros/humble /usr/bin/cmake --install /home/mscrobotics2425laptop4/LEO-ROVER-CODING/build/interbotix_moveit_interface_msgs
[9.215s] -- Install configuration: ""
[9.216s] -- Installing: /home/mscrobotics2425laptop4/LEO-ROVER-CODING/install/interbotix_moveit_interface_msgs/share/ament_index/resource_index/rosidl_interfaces/interbotix_moveit_interface_msgs
[9.216s] -- Installing: /home/mscrobotics2425laptop4/LEO-ROVER-CODING/install/interbotix_moveit_interface_msgs/include/interbotix_moveit_interface_msgs/interbotix_moveit_interface_msgs
[9.216s] -- Installing: /home/mscrobotics2425laptop4/LEO-ROVER-CODING/install/interbotix_moveit_interface_msgs/include/interbotix_moveit_interface_msgs/interbotix_moveit_interface_msgs/msg
[9.221s] -- Installing: /home/mscrobotics2425laptop4/LEO-ROVER-CODING/install/interbotix_moveit_interface_msgs/include/interbotix_moveit_interface_msgs/interbotix_moveit_interface_msgs/msg/rosidl_generator_c__visibility_control.h
[9.221s] -- Installing: /home/mscrobotics2425laptop4/LEO-ROVER-CODING/install/interbotix_moveit_interface_msgs/include/interbotix_moveit_interface_msgs/interbotix_moveit_interface_msgs/srv
[9.221s] -- Installing: /home/mscrobotics2425laptop4/LEO-ROVER-CODING/install/interbotix_moveit_interface_msgs/include/interbotix_moveit_interface_msgs/interbotix_moveit_interface_msgs/srv/move_it_plan.h
[9.221s] -- Installing: /home/mscrobotics2425laptop4/LEO-ROVER-CODING/install/interbotix_moveit_interface_msgs/include/interbotix_moveit_interface_msgs/interbotix_moveit_interface_msgs/srv/detail
[9.221s] -- Installing: /home/mscrobotics2425laptop4/LEO-ROVER-CODING/install/interbotix_moveit_interface_msgs/include/interbotix_moveit_interface_msgs/interbotix_moveit_interface_msgs/srv/detail/move_it_plan__type_support.h
[9.221s] -- Installing: /home/mscrobotics2425laptop4/LEO-ROVER-CODING/install/interbotix_moveit_interface_msgs/include/interbotix_moveit_interface_msgs/interbotix_moveit_interface_msgs/srv/detail/move_it_plan__functions.c
[9.221s] -- Installing: /home/mscrobotics2425laptop4/LEO-ROVER-CODING/install/interbotix_moveit_interface_msgs/include/interbotix_moveit_interface_msgs/interbotix_moveit_interface_msgs/srv/detail/move_it_plan__functions.h
[9.221s] -- Installing: /home/mscrobotics2425laptop4/LEO-ROVER-CODING/install/interbotix_moveit_interface_msgs/include/interbotix_moveit_interface_msgs/interbotix_moveit_interface_msgs/srv/detail/move_it_plan__struct.h
[9.221s] -- Installing: /home/mscrobotics2425laptop4/LEO-ROVER-CODING/install/interbotix_moveit_interface_msgs/share/interbotix_moveit_interface_msgs/environment/library_path.sh
[9.222s] -- Installing: /home/mscrobotics2425laptop4/LEO-ROVER-CODING/install/interbotix_moveit_interface_msgs/share/interbotix_moveit_interface_msgs/environment/library_path.dsv
[9.222s] -- Installing: /home/mscrobotics2425laptop4/LEO-ROVER-CODING/install/interbotix_moveit_interface_msgs/lib/libinterbotix_moveit_interface_msgs__rosidl_generator_c.so
[9.222s] -- Set runtime path of "/home/mscrobotics2425laptop4/LEO-ROVER-CODING/install/interbotix_moveit_interface_msgs/lib/libinterbotix_moveit_interface_msgs__rosidl_generator_c.so" to ""
[9.222s] -- Up-to-date: /home/mscrobotics2425laptop4/LEO-ROVER-CODING/install/interbotix_moveit_interface_msgs/include/interbotix_moveit_interface_msgs/interbotix_moveit_interface_msgs
[9.222s] -- Up-to-date: /home/mscrobotics2425laptop4/LEO-ROVER-CODING/install/interbotix_moveit_interface_msgs/include/interbotix_moveit_interface_msgs/interbotix_moveit_interface_msgs/msg
[9.222s] -- Installing: /home/mscrobotics2425laptop4/LEO-ROVER-CODING/install/interbotix_moveit_interface_msgs/include/interbotix_moveit_interface_msgs/interbotix_moveit_interface_msgs/msg/rosidl_typesupport_fastrtps_c__visibility_control.h
[9.222s] -- Up-to-date: /home/mscrobotics2425laptop4/LEO-ROVER-CODING/install/interbotix_moveit_interface_msgs/include/interbotix_moveit_interface_msgs/interbotix_moveit_interface_msgs/srv
[9.222s] -- Up-to-date: /home/mscrobotics2425laptop4/LEO-ROVER-CODING/install/interbotix_moveit_interface_msgs/include/interbotix_moveit_interface_msgs/interbotix_moveit_interface_msgs/srv/detail
[9.225s] -- Installing: /home/mscrobotics2425laptop4/LEO-ROVER-CODING/install/interbotix_moveit_interface_msgs/include/interbotix_moveit_interface_msgs/interbotix_moveit_interface_msgs/srv/detail/move_it_plan__rosidl_typesupport_fastrtps_c.h
[9.225s] -- Installing: /home/mscrobotics2425laptop4/LEO-ROVER-CODING/install/interbotix_moveit_interface_msgs/lib/libinterbotix_moveit_interface_msgs__rosidl_typesupport_fastrtps_c.so
[9.225s] -- Set runtime path of "/home/mscrobotics2425laptop4/LEO-ROVER-CODING/install/interbotix_moveit_interface_msgs/lib/libinterbotix_moveit_interface_msgs__rosidl_typesupport_fastrtps_c.so" to ""
[9.225s] -- Up-to-date: /home/mscrobotics2425laptop4/LEO-ROVER-CODING/install/interbotix_moveit_interface_msgs/include/interbotix_moveit_interface_msgs/interbotix_moveit_interface_msgs
[9.225s] -- Up-to-date: /home/mscrobotics2425laptop4/LEO-ROVER-CODING/install/interbotix_moveit_interface_msgs/include/interbotix_moveit_interface_msgs/interbotix_moveit_interface_msgs/msg
[9.225s] -- Installing: /home/mscrobotics2425laptop4/LEO-ROVER-CODING/install/interbotix_moveit_interface_msgs/include/interbotix_moveit_interface_msgs/interbotix_moveit_interface_msgs/msg/rosidl_typesupport_introspection_c__visibility_control.h
[9.226s] -- Up-to-date: /home/mscrobotics2425laptop4/LEO-ROVER-CODING/install/interbotix_moveit_interface_msgs/include/interbotix_moveit_interface_msgs/interbotix_moveit_interface_msgs/srv
[9.226s] -- Up-to-date: /home/mscrobotics2425laptop4/LEO-ROVER-CODING/install/interbotix_moveit_interface_msgs/include/interbotix_moveit_interface_msgs/interbotix_moveit_interface_msgs/srv/detail
[9.226s] -- Installing: /home/mscrobotics2425laptop4/LEO-ROVER-CODING/install/interbotix_moveit_interface_msgs/include/interbotix_moveit_interface_msgs/interbotix_moveit_interface_msgs/srv/detail/move_it_plan__rosidl_typesupport_introspection_c.h
[9.226s] -- Installing: /home/mscrobotics2425laptop4/LEO-ROVER-CODING/install/interbotix_moveit_interface_msgs/include/interbotix_moveit_interface_msgs/interbotix_moveit_interface_msgs/srv/detail/move_it_plan__type_support.c
[9.226s] -- Installing: /home/mscrobotics2425laptop4/LEO-ROVER-CODING/install/interbotix_moveit_interface_msgs/lib/libinterbotix_moveit_interface_msgs__rosidl_typesupport_introspection_c.so
[9.226s] -- Set runtime path of "/home/mscrobotics2425laptop4/LEO-ROVER-CODING/install/interbotix_moveit_interface_msgs/lib/libinterbotix_moveit_interface_msgs__rosidl_typesupport_introspection_c.so" to ""
[9.226s] -- Installing: /home/mscrobotics2425laptop4/LEO-ROVER-CODING/install/interbotix_moveit_interface_msgs/lib/libinterbotix_moveit_interface_msgs__rosidl_typesupport_c.so
[9.226s] -- Set runtime path of "/home/mscrobotics2425laptop4/LEO-ROVER-CODING/install/interbotix_moveit_interface_msgs/lib/libinterbotix_moveit_interface_msgs__rosidl_typesupport_c.so" to ""
[9.226s] -- Up-to-date: /home/mscrobotics2425laptop4/LEO-ROVER-CODING/install/interbotix_moveit_interface_msgs/include/interbotix_moveit_interface_msgs/interbotix_moveit_interface_msgs
[9.226s] -- Up-to-date: /home/mscrobotics2425laptop4/LEO-ROVER-CODING/install/interbotix_moveit_interface_msgs/include/interbotix_moveit_interface_msgs/interbotix_moveit_interface_msgs/msg
[9.226s] -- Installing: /home/mscrobotics2425laptop4/LEO-ROVER-CODING/install/interbotix_moveit_interface_msgs/include/interbotix_moveit_interface_msgs/interbotix_moveit_interface_msgs/msg/rosidl_generator_cpp__visibility_control.hpp
[9.226s] -- Up-to-date: /home/mscrobotics2425laptop4/LEO-ROVER-CODING/install/interbotix_moveit_interface_msgs/include/interbotix_moveit_interface_msgs/interbotix_moveit_interface_msgs/srv
[9.227s] -- Installing: /home/mscrobotics2425laptop4/LEO-ROVER-CODING/install/interbotix_moveit_interface_msgs/include/interbotix_moveit_interface_msgs/interbotix_moveit_interface_msgs/srv/move_it_plan.hpp
[9.227s] -- Up-to-date: /home/mscrobotics2425laptop4/LEO-ROVER-CODING/install/interbotix_moveit_interface_msgs/include/interbotix_moveit_interface_msgs/interbotix_moveit_interface_msgs/srv/detail
[9.227s] -- Installing: /home/mscrobotics2425laptop4/LEO-ROVER-CODING/install/interbotix_moveit_interface_msgs/include/interbotix_moveit_interface_msgs/interbotix_moveit_interface_msgs/srv/detail/move_it_plan__struct.hpp
[9.227s] -- Installing: /home/mscrobotics2425laptop4/LEO-ROVER-CODING/install/interbotix_moveit_interface_msgs/include/interbotix_moveit_interface_msgs/interbotix_moveit_interface_msgs/srv/detail/move_it_plan__builder.hpp
[9.227s] -- Installing: /home/mscrobotics2425laptop4/LEO-ROVER-CODING/install/interbotix_moveit_interface_msgs/include/interbotix_moveit_interface_msgs/interbotix_moveit_interface_msgs/srv/detail/move_it_plan__traits.hpp
[9.227s] -- Installing: /home/mscrobotics2425laptop4/LEO-ROVER-CODING/install/interbotix_moveit_interface_msgs/include/interbotix_moveit_interface_msgs/interbotix_moveit_interface_msgs/srv/detail/move_it_plan__type_support.hpp
[9.227s] -- Up-to-date: /home/mscrobotics2425laptop4/LEO-ROVER-CODING/install/interbotix_moveit_interface_msgs/include/interbotix_moveit_interface_msgs/interbotix_moveit_interface_msgs
[9.227s] -- Up-to-date: /home/mscrobotics2425laptop4/LEO-ROVER-CODING/install/interbotix_moveit_interface_msgs/include/interbotix_moveit_interface_msgs/interbotix_moveit_interface_msgs/msg
[9.227s] -- Installing: /home/mscrobotics2425laptop4/LEO-ROVER-CODING/install/interbotix_moveit_interface_msgs/include/interbotix_moveit_interface_msgs/interbotix_moveit_interface_msgs/msg/rosidl_typesupport_fastrtps_cpp__visibility_control.h
[9.227s] -- Up-to-date: /home/mscrobotics2425laptop4/LEO-ROVER-CODING/install/interbotix_moveit_interface_msgs/include/interbotix_moveit_interface_msgs/interbotix_moveit_interface_msgs/srv
[9.227s] -- Up-to-date: /home/mscrobotics2425laptop4/LEO-ROVER-CODING/install/interbotix_moveit_interface_msgs/include/interbotix_moveit_interface_msgs/interbotix_moveit_interface_msgs/srv/detail
[9.227s] -- Installing: /home/mscrobotics2425laptop4/LEO-ROVER-CODING/install/interbotix_moveit_interface_msgs/include/interbotix_moveit_interface_msgs/interbotix_moveit_interface_msgs/srv/detail/dds_fastrtps
[9.230s] -- Installing: /home/mscrobotics2425laptop4/LEO-ROVER-CODING/install/interbotix_moveit_interface_msgs/include/interbotix_moveit_interface_msgs/interbotix_moveit_interface_msgs/srv/detail/move_it_plan__rosidl_typesupport_fastrtps_cpp.hpp
[9.230s] -- Installing: /home/mscrobotics2425laptop4/LEO-ROVER-CODING/install/interbotix_moveit_interface_msgs/lib/libinterbotix_moveit_interface_msgs__rosidl_typesupport_fastrtps_cpp.so
[9.230s] -- Set runtime path of "/home/mscrobotics2425laptop4/LEO-ROVER-CODING/install/interbotix_moveit_interface_msgs/lib/libinterbotix_moveit_interface_msgs__rosidl_typesupport_fastrtps_cpp.so" to ""
[9.230s] -- Up-to-date: /home/mscrobotics2425laptop4/LEO-ROVER-CODING/install/interbotix_moveit_interface_msgs/include/interbotix_moveit_interface_msgs/interbotix_moveit_interface_msgs
[9.230s] -- Up-to-date: /home/mscrobotics2425laptop4/LEO-ROVER-CODING/install/interbotix_moveit_interface_msgs/include/interbotix_moveit_interface_msgs/interbotix_moveit_interface_msgs/srv
[9.230s] -- Up-to-date: /home/mscrobotics2425laptop4/LEO-ROVER-CODING/install/interbotix_moveit_interface_msgs/include/interbotix_moveit_interface_msgs/interbotix_moveit_interface_msgs/srv/detail
[9.230s] -- Installing: /home/mscrobotics2425laptop4/LEO-ROVER-CODING/install/interbotix_moveit_interface_msgs/include/interbotix_moveit_interface_msgs/interbotix_moveit_interface_msgs/srv/detail/move_it_plan__rosidl_typesupport_introspection_cpp.hpp
[9.230s] -- Installing: /home/mscrobotics2425laptop4/LEO-ROVER-CODING/install/interbotix_moveit_interface_msgs/include/interbotix_moveit_interface_msgs/interbotix_moveit_interface_msgs/srv/detail/move_it_plan__type_support.cpp
[9.231s] -- Installing: /home/mscrobotics2425laptop4/LEO-ROVER-CODING/install/interbotix_moveit_interface_msgs/lib/libinterbotix_moveit_interface_msgs__rosidl_typesupport_introspection_cpp.so
[9.231s] -- Set runtime path of "/home/mscrobotics2425laptop4/LEO-ROVER-CODING/install/interbotix_moveit_interface_msgs/lib/libinterbotix_moveit_interface_msgs__rosidl_typesupport_introspection_cpp.so" to ""
[9.231s] -- Installing: /home/mscrobotics2425laptop4/LEO-ROVER-CODING/install/interbotix_moveit_interface_msgs/lib/libinterbotix_moveit_interface_msgs__rosidl_typesupport_cpp.so
[9.231s] -- Set runtime path of "/home/mscrobotics2425laptop4/LEO-ROVER-CODING/install/interbotix_moveit_interface_msgs/lib/libinterbotix_moveit_interface_msgs__rosidl_typesupport_cpp.so" to ""
[9.231s] -- Installing: /home/mscrobotics2425laptop4/LEO-ROVER-CODING/install/interbotix_moveit_interface_msgs/share/interbotix_moveit_interface_msgs/environment/pythonpath.sh
[9.231s] -- Installing: /home/mscrobotics2425laptop4/LEO-ROVER-CODING/install/interbotix_moveit_interface_msgs/share/interbotix_moveit_interface_msgs/environment/pythonpath.dsv
[9.231s] -- Installing: /home/mscrobotics2425laptop4/LEO-ROVER-CODING/install/interbotix_moveit_interface_msgs/local/lib/python3.10/dist-packages/interbotix_moveit_interface_msgs-0.0.0-py3.10.egg-info
[9.231s] -- Installing: /home/mscrobotics2425laptop4/LEO-ROVER-CODING/install/interbotix_moveit_interface_msgs/local/lib/python3.10/dist-packages/interbotix_moveit_interface_msgs-0.0.0-py3.10.egg-info/dependency_links.txt
[9.231s] -- Installing: /home/mscrobotics2425laptop4/LEO-ROVER-CODING/install/interbotix_moveit_interface_msgs/local/lib/python3.10/dist-packages/interbotix_moveit_interface_msgs-0.0.0-py3.10.egg-info/SOURCES.txt
[9.231s] -- Installing: /home/mscrobotics2425laptop4/LEO-ROVER-CODING/install/interbotix_moveit_interface_msgs/local/lib/python3.10/dist-packages/interbotix_moveit_interface_msgs-0.0.0-py3.10.egg-info/PKG-INFO
[9.231s] -- Installing: /home/mscrobotics2425laptop4/LEO-ROVER-CODING/install/interbotix_moveit_interface_msgs/local/lib/python3.10/dist-packages/interbotix_moveit_interface_msgs-0.0.0-py3.10.egg-info/top_level.txt
[9.231s] -- Installing: /home/mscrobotics2425laptop4/LEO-ROVER-CODING/install/interbotix_moveit_interface_msgs/local/lib/python3.10/dist-packages/interbotix_moveit_interface_msgs
[9.231s] -- Installing: /home/mscrobotics2425laptop4/LEO-ROVER-CODING/install/interbotix_moveit_interface_msgs/local/lib/python3.10/dist-packages/interbotix_moveit_interface_msgs/_interbotix_moveit_interface_msgs_s.ep.rosidl_typesupport_introspection_c.c
[9.231s] -- Installing: /home/mscrobotics2425laptop4/LEO-ROVER-CODING/install/interbotix_moveit_interface_msgs/local/lib/python3.10/dist-packages/interbotix_moveit_interface_msgs/interbotix_moveit_interface_msgs_s__rosidl_typesupport_c.cpython-310-x86_64-linux-gnu.so
[9.231s] -- Installing: /home/mscrobotics2425laptop4/LEO-ROVER-CODING/install/interbotix_moveit_interface_msgs/local/lib/python3.10/dist-packages/interbotix_moveit_interface_msgs/interbotix_moveit_interface_msgs_s__rosidl_typesupport_fastrtps_c.cpython-310-x86_64-linux-gnu.so
[9.232s] -- Installing: /home/mscrobotics2425laptop4/LEO-ROVER-CODING/install/interbotix_moveit_interface_msgs/local/lib/python3.10/dist-packages/interbotix_moveit_interface_msgs/libinterbotix_moveit_interface_msgs__rosidl_generator_py.so
[9.232s] -- Installing: /home/mscrobotics2425laptop4/LEO-ROVER-CODING/install/interbotix_moveit_interface_msgs/local/lib/python3.10/dist-packages/interbotix_moveit_interface_msgs/_interbotix_moveit_interface_msgs_s.ep.rosidl_typesupport_c.c
[9.232s] -- Installing: /home/mscrobotics2425laptop4/LEO-ROVER-CODING/install/interbotix_moveit_interface_msgs/local/lib/python3.10/dist-packages/interbotix_moveit_interface_msgs/__init__.py
[9.232s] -- Installing: /home/mscrobotics2425laptop4/LEO-ROVER-CODING/install/interbotix_moveit_interface_msgs/local/lib/python3.10/dist-packages/interbotix_moveit_interface_msgs/interbotix_moveit_interface_msgs_s__rosidl_typesupport_introspection_c.cpython-310-x86_64-linux-gnu.so
[9.232s] -- Installing: /home/mscrobotics2425laptop4/LEO-ROVER-CODING/install/interbotix_moveit_interface_msgs/local/lib/python3.10/dist-packages/interbotix_moveit_interface_msgs/_interbotix_moveit_interface_msgs_s.ep.rosidl_typesupport_fastrtps_c.c
[9.232s] -- Installing: /home/mscrobotics2425laptop4/LEO-ROVER-CODING/install/interbotix_moveit_interface_msgs/local/lib/python3.10/dist-packages/interbotix_moveit_interface_msgs/srv
[9.232s] -- Installing: /home/mscrobotics2425laptop4/LEO-ROVER-CODING/install/interbotix_moveit_interface_msgs/local/lib/python3.10/dist-packages/interbotix_moveit_interface_msgs/srv/_move_it_plan_s.c
[9.239s] -- Installing: /home/mscrobotics2425laptop4/LEO-ROVER-CODING/install/interbotix_moveit_interface_msgs/local/lib/python3.10/dist-packages/interbotix_moveit_interface_msgs/srv/__init__.py
[9.239s] -- Installing: /home/mscrobotics2425laptop4/LEO-ROVER-CODING/install/interbotix_moveit_interface_msgs/local/lib/python3.10/dist-packages/interbotix_moveit_interface_msgs/srv/_move_it_plan.py
[9.351s] Listing '/home/mscrobotics2425laptop4/LEO-ROVER-CODING/install/interbotix_moveit_interface_msgs/local/lib/python3.10/dist-packages/interbotix_moveit_interface_msgs'...
[9.351s] Compiling '/home/mscrobotics2425laptop4/LEO-ROVER-CODING/install/interbotix_moveit_interface_msgs/local/lib/python3.10/dist-packages/interbotix_moveit_interface_msgs/__init__.py'...
[9.351s] Listing '/home/mscrobotics2425laptop4/LEO-ROVER-CODING/install/interbotix_moveit_interface_msgs/local/lib/python3.10/dist-packages/interbotix_moveit_interface_msgs/srv'...
[9.351s] Compiling '/home/mscrobotics2425laptop4/LEO-ROVER-CODING/install/interbotix_moveit_interface_msgs/local/lib/python3.10/dist-packages/interbotix_moveit_interface_msgs/srv/__init__.py'...
[9.351s] Compiling '/home/mscrobotics2425laptop4/LEO-ROVER-CODING/install/interbotix_moveit_interface_msgs/local/lib/python3.10/dist-packages/interbotix_moveit_interface_msgs/srv/_move_it_plan.py'...
[9.364s] -- Installing: /home/mscrobotics2425laptop4/LEO-ROVER-CODING/install/interbotix_moveit_interface_msgs/local/lib/python3.10/dist-packages/interbotix_moveit_interface_msgs/interbotix_moveit_interface_msgs_s__rosidl_typesupport_fastrtps_c.cpython-310-x86_64-linux-gnu.so
[9.369s] -- Set runtime path of "/home/mscrobotics2425laptop4/LEO-ROVER-CODING/install/interbotix_moveit_interface_msgs/local/lib/python3.10/dist-packages/interbotix_moveit_interface_msgs/interbotix_moveit_interface_msgs_s__rosidl_typesupport_fastrtps_c.cpython-310-x86_64-linux-gnu.so" to ""
[9.370s] -- Installing: /home/mscrobotics2425laptop4/LEO-ROVER-CODING/install/interbotix_moveit_interface_msgs/local/lib/python3.10/dist-packages/interbotix_moveit_interface_msgs/interbotix_moveit_interface_msgs_s__rosidl_typesupport_introspection_c.cpython-310-x86_64-linux-gnu.so
[9.372s] -- Set runtime path of "/home/mscrobotics2425laptop4/LEO-ROVER-CODING/install/interbotix_moveit_interface_msgs/local/lib/python3.10/dist-packages/interbotix_moveit_interface_msgs/interbotix_moveit_interface_msgs_s__rosidl_typesupport_introspection_c.cpython-310-x86_64-linux-gnu.so" to ""
[9.372s] -- Installing: /home/mscrobotics2425laptop4/LEO-ROVER-CODING/install/interbotix_moveit_interface_msgs/local/lib/python3.10/dist-packages/interbotix_moveit_interface_msgs/interbotix_moveit_interface_msgs_s__rosidl_typesupport_c.cpython-310-x86_64-linux-gnu.so
[9.372s] -- Set runtime path of "/home/mscrobotics2425laptop4/LEO-ROVER-CODING/install/interbotix_moveit_interface_msgs/local/lib/python3.10/dist-packages/interbotix_moveit_interface_msgs/interbotix_moveit_interface_msgs_s__rosidl_typesupport_c.cpython-310-x86_64-linux-gnu.so" to ""
[9.374s] -- Installing: /home/mscrobotics2425laptop4/LEO-ROVER-CODING/install/interbotix_moveit_interface_msgs/lib/libinterbotix_moveit_interface_msgs__rosidl_generator_py.so
[9.374s] -- Set runtime path of "/home/mscrobotics2425laptop4/LEO-ROVER-CODING/install/interbotix_moveit_interface_msgs/lib/libinterbotix_moveit_interface_msgs__rosidl_generator_py.so" to ""
[9.374s] -- Installing: /home/mscrobotics2425laptop4/LEO-ROVER-CODING/install/interbotix_moveit_interface_msgs/share/interbotix_moveit_interface_msgs/srv/MoveItPlan.idl
[9.374s] -- Installing: /home/mscrobotics2425laptop4/LEO-ROVER-CODING/install/interbotix_moveit_interface_msgs/share/interbotix_moveit_interface_msgs/srv/MoveItPlan.srv
[9.374s] -- Installing: /home/mscrobotics2425laptop4/LEO-ROVER-CODING/install/interbotix_moveit_interface_msgs/share/interbotix_moveit_interface_msgs/srv/MoveItPlan_Request.msg
[9.374s] -- Installing: /home/mscrobotics2425laptop4/LEO-ROVER-CODING/install/interbotix_moveit_interface_msgs/share/interbotix_moveit_interface_msgs/srv/MoveItPlan_Response.msg
[9.374s] -- Installing: /home/mscrobotics2425laptop4/LEO-ROVER-CODING/install/interbotix_moveit_interface_msgs/share/ament_index/resource_index/package_run_dependencies/interbotix_moveit_interface_msgs
[9.379s] -- Installing: /home/mscrobotics2425laptop4/LEO-ROVER-CODING/install/interbotix_moveit_interface_msgs/share/ament_index/resource_index/parent_prefix_path/interbotix_moveit_interface_msgs
[9.380s] -- Installing: /home/mscrobotics2425laptop4/LEO-ROVER-CODING/install/interbotix_moveit_interface_msgs/share/interbotix_moveit_interface_msgs/environment/ament_prefix_path.sh
[9.380s] -- Installing: /home/mscrobotics2425laptop4/LEO-ROVER-CODING/install/interbotix_moveit_interface_msgs/share/interbotix_moveit_interface_msgs/environment/ament_prefix_path.dsv
[9.380s] -- Installing: /home/mscrobotics2425laptop4/LEO-ROVER-CODING/install/interbotix_moveit_interface_msgs/share/interbotix_moveit_interface_msgs/environment/path.sh
[9.380s] -- Installing: /home/mscrobotics2425laptop4/LEO-ROVER-CODING/install/interbotix_moveit_interface_msgs/share/interbotix_moveit_interface_msgs/environment/path.dsv
[9.380s] -- Installing: /home/mscrobotics2425laptop4/LEO-ROVER-CODING/install/interbotix_moveit_interface_msgs/share/interbotix_moveit_interface_msgs/local_setup.bash
[9.381s] -- Installing: /home/mscrobotics2425laptop4/LEO-ROVER-CODING/install/interbotix_moveit_interface_msgs/share/interbotix_moveit_interface_msgs/local_setup.sh
[9.381s] -- Installing: /home/mscrobotics2425laptop4/LEO-ROVER-CODING/install/interbotix_moveit_interface_msgs/share/interbotix_moveit_interface_msgs/local_setup.zsh
[9.383s] -- Installing: /home/mscrobotics2425laptop4/LEO-ROVER-CODING/install/interbotix_moveit_interface_msgs/share/interbotix_moveit_interface_msgs/local_setup.dsv
[9.383s] -- Installing: /home/mscrobotics2425laptop4/LEO-ROVER-CODING/install/interbotix_moveit_interface_msgs/share/interbotix_moveit_interface_msgs/package.dsv
[9.384s] -- Installing: /home/mscrobotics2425laptop4/LEO-ROVER-CODING/install/interbotix_moveit_interface_msgs/share/ament_index/resource_index/packages/interbotix_moveit_interface_msgs
[9.384s] -- Installing: /home/mscrobotics2425laptop4/LEO-ROVER-CODING/install/interbotix_moveit_interface_msgs/share/interbotix_moveit_interface_msgs/cmake/export_interbotix_moveit_interface_msgs__rosidl_generator_cExport.cmake
[9.385s] -- Installing: /home/mscrobotics2425laptop4/LEO-ROVER-CODING/install/interbotix_moveit_interface_msgs/share/interbotix_moveit_interface_msgs/cmake/export_interbotix_moveit_interface_msgs__rosidl_generator_cExport-noconfig.cmake
[9.385s] -- Installing: /home/mscrobotics2425laptop4/LEO-ROVER-CODING/install/interbotix_moveit_interface_msgs/share/interbotix_moveit_interface_msgs/cmake/export_interbotix_moveit_interface_msgs__rosidl_typesupport_fastrtps_cExport.cmake
[9.385s] -- Installing: /home/mscrobotics2425laptop4/LEO-ROVER-CODING/install/interbotix_moveit_interface_msgs/share/interbotix_moveit_interface_msgs/cmake/export_interbotix_moveit_interface_msgs__rosidl_typesupport_fastrtps_cExport-noconfig.cmake
[9.389s] -- Installing: /home/mscrobotics2425laptop4/LEO-ROVER-CODING/install/interbotix_moveit_interface_msgs/share/interbotix_moveit_interface_msgs/cmake/interbotix_moveit_interface_msgs__rosidl_typesupport_introspection_cExport.cmake
[9.389s] -- Installing: /home/mscrobotics2425laptop4/LEO-ROVER-CODING/install/interbotix_moveit_interface_msgs/share/interbotix_moveit_interface_msgs/cmake/interbotix_moveit_interface_msgs__rosidl_typesupport_introspection_cExport-noconfig.cmake
[9.390s] -- Installing: /home/mscrobotics2425laptop4/LEO-ROVER-CODING/install/interbotix_moveit_interface_msgs/share/interbotix_moveit_interface_msgs/cmake/interbotix_moveit_interface_msgs__rosidl_typesupport_cExport.cmake
[9.392s] -- Installing: /home/mscrobotics2425laptop4/LEO-ROVER-CODING/install/interbotix_moveit_interface_msgs/share/interbotix_moveit_interface_msgs/cmake/interbotix_moveit_interface_msgs__rosidl_typesupport_cExport-noconfig.cmake
[9.393s] -- Installing: /home/mscrobotics2425laptop4/LEO-ROVER-CODING/install/interbotix_moveit_interface_msgs/share/interbotix_moveit_interface_msgs/cmake/export_interbotix_moveit_interface_msgs__rosidl_generator_cppExport.cmake
[9.393s] -- Installing: /home/mscrobotics2425laptop4/LEO-ROVER-CODING/install/interbotix_moveit_interface_msgs/share/interbotix_moveit_interface_msgs/cmake/export_interbotix_moveit_interface_msgs__rosidl_typesupport_fastrtps_cppExport.cmake
[9.393s] -- Installing: /home/mscrobotics2425laptop4/LEO-ROVER-CODING/install/interbotix_moveit_interface_msgs/share/interbotix_moveit_interface_msgs/cmake/export_interbotix_moveit_interface_msgs__rosidl_typesupport_fastrtps_cppExport-noconfig.cmake
[9.393s] -- Installing: /home/mscrobotics2425laptop4/LEO-ROVER-CODING/install/interbotix_moveit_interface_msgs/share/interbotix_moveit_interface_msgs/cmake/interbotix_moveit_interface_msgs__rosidl_typesupport_introspection_cppExport.cmake
[9.393s] -- Installing: /home/mscrobotics2425laptop4/LEO-ROVER-CODING/install/interbotix_moveit_interface_msgs/share/interbotix_moveit_interface_msgs/cmake/interbotix_moveit_interface_msgs__rosidl_typesupport_introspection_cppExport-noconfig.cmake
[9.393s] -- Installing: /home/mscrobotics2425laptop4/LEO-ROVER-CODING/install/interbotix_moveit_interface_msgs/share/interbotix_moveit_interface_msgs/cmake/interbotix_moveit_interface_msgs__rosidl_typesupport_cppExport.cmake
[9.393s] -- Installing: /home/mscrobotics2425laptop4/LEO-ROVER-CODING/install/interbotix_moveit_interface_msgs/share/interbotix_moveit_interface_msgs/cmake/interbotix_moveit_interface_msgs__rosidl_typesupport_cppExport-noconfig.cmake
[9.393s] -- Installing: /home/mscrobotics2425laptop4/LEO-ROVER-CODING/install/interbotix_moveit_interface_msgs/share/interbotix_moveit_interface_msgs/cmake/export_interbotix_moveit_interface_msgs__rosidl_generator_pyExport.cmake
[9.394s] -- Installing: /home/mscrobotics2425laptop4/LEO-ROVER-CODING/install/interbotix_moveit_interface_msgs/share/interbotix_moveit_interface_msgs/cmake/export_interbotix_moveit_interface_msgs__rosidl_generator_pyExport-noconfig.cmake
[9.394s] -- Installing: /home/mscrobotics2425laptop4/LEO-ROVER-CODING/install/interbotix_moveit_interface_msgs/share/interbotix_moveit_interface_msgs/cmake/rosidl_cmake-extras.cmake
[9.394s] -- Installing: /home/mscrobotics2425laptop4/LEO-ROVER-CODING/install/interbotix_moveit_interface_msgs/share/interbotix_moveit_interface_msgs/cmake/ament_cmake_export_dependencies-extras.cmake
[9.394s] -- Installing: /home/mscrobotics2425laptop4/LEO-ROVER-CODING/install/interbotix_moveit_interface_msgs/share/interbotix_moveit_interface_msgs/cmake/ament_cmake_export_include_directories-extras.cmake
[9.395s] -- Installing: /home/mscrobotics2425laptop4/LEO-ROVER-CODING/install/interbotix_moveit_interface_msgs/share/interbotix_moveit_interface_msgs/cmake/ament_cmake_export_libraries-extras.cmake
[9.395s] -- Installing: /home/mscrobotics2425laptop4/LEO-ROVER-CODING/install/interbotix_moveit_interface_msgs/share/interbotix_moveit_interface_msgs/cmake/ament_cmake_export_targets-extras.cmake
[9.395s] -- Installing: /home/mscrobotics2425laptop4/LEO-ROVER-CODING/install/interbotix_moveit_interface_msgs/share/interbotix_moveit_interface_msgs/cmake/rosidl_cmake_export_typesupport_targets-extras.cmake
[9.395s] -- Installing: /home/mscrobotics2425laptop4/LEO-ROVER-CODING/install/interbotix_moveit_interface_msgs/share/interbotix_moveit_interface_msgs/cmake/rosidl_cmake_export_typesupport_libraries-extras.cmake
[9.395s] -- Installing: /home/mscrobotics2425laptop4/LEO-ROVER-CODING/install/interbotix_moveit_interface_msgs/share/interbotix_moveit_interface_msgs/cmake/interbotix_moveit_interface_msgsConfig.cmake
[9.395s] -- Installing: /home/mscrobotics2425laptop4/LEO-ROVER-CODING/install/interbotix_moveit_interface_msgs/share/interbotix_moveit_interface_msgs/cmake/interbotix_moveit_interface_msgsConfig-version.cmake
[9.395s] -- Installing: /home/mscrobotics2425laptop4/LEO-ROVER-CODING/install/interbotix_moveit_interface_msgs/share/interbotix_moveit_interface_msgs/package.xml
[9.415s] Invoked command in '/home/mscrobotics2425laptop4/LEO-ROVER-CODING/build/interbotix_moveit_interface_msgs' returned '0': CMAKE_PREFIX_PATH=${CMAKE_PREFIX_PATH}:/home/mscrobotics2425laptop4/interbotix_ws/install/ros_cv_messages:/home/mscrobotics2425laptop4/interbotix_ws/install/leo_realsense:/home/mscrobotics2425laptop4/interbotix_ws/install/leo_manipulator:/home/mscrobotics2425laptop4/interbotix_ws/install/leo_main:/home/mscrobotics2425laptop4/interbotix_ws/install/leo_launch:/home/mscrobotics2425laptop4/interbotix_ws/install/interbotix_xs_modules:/home/mscrobotics2425laptop4/interbotix_ws/install/interbotix_perception_modules:/home/mscrobotics2425laptop4/interbotix_ws/install/interbotix_common_modules:/home/mscrobotics2425laptop4/LEO-ROVER-CODING/interbotix_ws/install/ros_cv_messages:/home/mscrobotics2425laptop4/LEO-ROVER-CODING/interbotix_ws/install/leo_realsense:/home/mscrobotics2425laptop4/LEO-ROVER-CODING/interbotix_ws/install/leo_manipulator:/home/mscrobotics2425laptop4/LEO-ROVER-CODING/interbotix_ws/install/leo_main:/home/mscrobotics2425laptop4/LEO-ROVER-CODING/interbotix_ws/install/leo_launch:/home/mscrobotics2425laptop4/LEO-ROVER-CODING/interbotix_ws/install/interbotix_xs_modules:/home/mscrobotics2425laptop4/LEO-ROVER-CODING/interbotix_ws/install/interbotix_perception_modules:/home/mscrobotics2425laptop4/LEO-ROVER-CODING/interbotix_ws/install/interbotix_common_modules:/home/mscrobotics2425laptop4/ros2_tutorial_workspace/install/the_simplest_python_package:/home/mscrobotics2425laptop4/ros2_tutorial_workspace/install/test_package:/home/mscrobotics2425laptop4/ros2_tutorial_workspace/install/python_package_with_a_node:/home/mscrobotics2425laptop4/ros2_tutorial_workspace/install/python_package_that_uses_the_library:/home/mscrobotics2425laptop4/ros2_tutorial_workspace/install/python_package_with_a_library:/home/mscrobotics2425laptop4/ros2_tutorial_workspace/install/python_package_that_uses_the_services:/home/mscrobotics2425laptop4/ros2_tutorial_workspace/install/python_package_that_uses_the_messages:/home/mscrobotics2425laptop4/ros2_tutorial_workspace/install/python_package_that_uses_parameters_and_launch_files:/home/mscrobotics2425laptop4/ros2_tutorial_workspace/install/navigation_leo:/home/mscrobotics2425laptop4/ros2_tutorial_workspace/install/navigation_demos_custom_map:/home/mscrobotics2425laptop4/ros2_tutorial_workspace/install/navigation_demos:/home/mscrobotics2425laptop4/ros2_tutorial_workspace/install/m_explore_toggle:/home/mscrobotics2425laptop4/ros2_tutorial_workspace/install/lidar_emulator:/home/mscrobotics2425laptop4/ros2_tutorial_workspace/install/leo_team9:/home/mscrobotics2425laptop4/ros2_tutorial_workspace/install/gz_example_robot_description:/home/mscrobotics2425laptop4/ros2_tutorial_workspace/install/example_urdf_robot:/home/mscrobotics2425laptop4/ros2_tutorial_workspace/install/example_urdf_description:/home/mscrobotics2425laptop4/ros2_tutorial_workspace/install/example_gz_robot:/home/mscrobotics2425laptop4/ros2_tutorial_workspace/install/custom_server_package:/home/mscrobotics2425laptop4/ros2_tutorial_workspace/install/custom_client_package:/home/mscrobotics2425laptop4/ros2_tutorial_workspace/install/challenge_package:/home/mscrobotics2425laptop4/ros2_tutorial_workspace/install/bt_demos:/opt/ros/humble /usr/bin/cmake --install /home/mscrobotics2425laptop4/LEO-ROVER-CODING/build/interbotix_moveit_interface_msgs
