[0.377s] Invoking command in '/home/mscrobotics2425laptop4/LEO-ROVER-CODING/build/leo_msgs': CMAKE_PREFIX_PATH=${CMAKE_PREFIX_PATH}:/home/mscrobotics2425laptop4/interbotix_ws/install/ros_cv_messages:/home/mscrobotics2425laptop4/interbotix_ws/install/leo_realsense:/home/mscrobotics2425laptop4/interbotix_ws/install/leo_manipulator:/home/mscrobotics2425laptop4/interbotix_ws/install/leo_main:/home/mscrobotics2425laptop4/interbotix_ws/install/leo_launch:/home/mscrobotics2425laptop4/interbotix_ws/install/interbotix_xs_modules:/home/mscrobotics2425laptop4/interbotix_ws/install/interbotix_perception_modules:/home/mscrobotics2425laptop4/interbotix_ws/install/interbotix_common_modules:/home/mscrobotics2425laptop4/ros2_tutorial_workspace/install/the_simplest_python_package:/home/mscrobotics2425laptop4/ros2_tutorial_workspace/install/test_package:/home/mscrobotics2425laptop4/ros2_tutorial_workspace/install/python_package_with_a_node:/home/mscrobotics2425laptop4/ros2_tutorial_workspace/install/python_package_that_uses_the_library:/home/mscrobotics2425laptop4/ros2_tutorial_workspace/install/python_package_with_a_library:/home/mscrobotics2425laptop4/ros2_tutorial_workspace/install/python_package_that_uses_the_services:/home/mscrobotics2425laptop4/ros2_tutorial_workspace/install/python_package_that_uses_the_messages:/home/mscrobotics2425laptop4/ros2_tutorial_workspace/install/python_package_that_uses_parameters_and_launch_files:/home/mscrobotics2425laptop4/ros2_tutorial_workspace/install/navigation_leo:/home/mscrobotics2425laptop4/ros2_tutorial_workspace/install/navigation_demos_custom_map:/home/mscrobotics2425laptop4/ros2_tutorial_workspace/install/navigation_demos:/home/mscrobotics2425laptop4/ros2_tutorial_workspace/install/m_explore_toggle:/home/mscrobotics2425laptop4/ros2_tutorial_workspace/install/lidar_emulator:/home/mscrobotics2425laptop4/ros2_tutorial_workspace/install/leo_team9:/home/mscrobotics2425laptop4/ros2_tutorial_workspace/install/gz_example_robot_description:/home/mscrobotics2425laptop4/ros2_tutorial_workspace/install/example_urdf_robot:/home/mscrobotics2425laptop4/ros2_tutorial_workspace/install/example_urdf_description:/home/mscrobotics2425laptop4/ros2_tutorial_workspace/install/example_gz_robot:/home/mscrobotics2425laptop4/ros2_tutorial_workspace/install/custom_server_package:/home/mscrobotics2425laptop4/ros2_tutorial_workspace/install/custom_client_package:/home/mscrobotics2425laptop4/ros2_tutorial_workspace/install/challenge_package:/home/mscrobotics2425laptop4/ros2_tutorial_workspace/install/bt_demos:/opt/ros/humble /usr/bin/cmake /home/mscrobotics2425laptop4/LEO-ROVER-CODING/Final_nav/src/leo_common-ros2/leo_msgs -DCMAKE_INSTALL_PREFIX=/home/mscrobotics2425laptop4/LEO-ROVER-CODING/install/leo_msgs
[0.530s] -- The C compiler identification is GNU 11.4.0
[0.684s] -- The CXX compiler identification is GNU 11.4.0
[0.714s] -- Detecting C compiler ABI info
[0.789s] -- Detecting C compiler ABI info - done
[0.795s] -- Check for working C compiler: /usr/bin/cc - skipped
[0.795s] -- Detecting C compile features
[0.795s] -- Detecting C compile features - done
[0.797s] -- Detecting CXX compiler ABI info
[0.886s] -- Detecting CXX compiler ABI info - done
[0.896s] -- Check for working CXX compiler: /usr/bin/c++ - skipped
[0.896s] -- Detecting CXX compile features
[0.896s] -- Detecting CXX compile features - done
[0.900s] -- Found ament_cmake: 1.3.11 (/opt/ros/humble/share/ament_cmake/cmake)
[1.219s] -- Found Python3: /usr/bin/python3 (found version "3.10.12") found components: Interpreter 
[1.408s] -- Found rosidl_default_generators: 1.2.0 (/opt/ros/humble/share/rosidl_default_generators/cmake)
[1.428s] -- Using all available rosidl_typesupport_c: rosidl_typesupport_fastrtps_c;rosidl_typesupport_introspection_c
[1.451s] -- Found rosidl_adapter: 3.1.6 (/opt/ros/humble/share/rosidl_adapter/cmake)
[1.510s] -- Using all available rosidl_typesupport_cpp: rosidl_typesupport_fastrtps_cpp;rosidl_typesupport_introspection_cpp
[1.548s] -- Found builtin_interfaces: 1.2.1 (/opt/ros/humble/share/builtin_interfaces/cmake)
[1.825s] -- Found ament_cmake_ros: 0.10.0 (/opt/ros/humble/share/ament_cmake_ros/cmake)
[2.132s] -- Using all available rosidl_typesupport_c: rosidl_typesupport_fastrtps_c;rosidl_typesupport_introspection_c
[2.453s] -- Using all available rosidl_typesupport_cpp: rosidl_typesupport_fastrtps_cpp;rosidl_typesupport_introspection_cpp
[2.476s] -- Found PythonInterp: /usr/bin/python3 (found suitable version "3.10.12", minimum required is "3.6") 
[2.483s] -- Found python_cmake_module: 0.10.0 (/opt/ros/humble/share/python_cmake_module/cmake)
[2.519s] -- Found PythonLibs: /usr/lib/x86_64-linux-gnu/libpython3.10.so (found suitable version "3.10.12", minimum required is "3.5") 
[2.519s] -- Using PYTHON_EXECUTABLE: /usr/bin/python3
[2.519s] -- Using PYTHON_INCLUDE_DIRS: /usr/include/python3.10
[2.519s] -- Using PYTHON_LIBRARIES: /usr/lib/x86_64-linux-gnu/libpython3.10.so
[2.548s] -- Found PythonExtra: .so  
[2.646s] -- Found ament_lint_auto: 0.12.11 (/opt/ros/humble/share/ament_lint_auto/cmake)
[2.665s] -- Added test 'lint_cmake' to check CMake code style
[2.666s] -- Added test 'xmllint' to check XML markup files
[2.670s] -- Configuring done
[2.715s] -- Generating done
[2.728s] -- Build files have been written to: /home/mscrobotics2425laptop4/LEO-ROVER-CODING/build/leo_msgs
[3.340s] Invoked command in '/home/mscrobotics2425laptop4/LEO-ROVER-CODING/build/leo_msgs' returned '0': CMAKE_PREFIX_PATH=${CMAKE_PREFIX_PATH}:/home/mscrobotics2425laptop4/interbotix_ws/install/ros_cv_messages:/home/mscrobotics2425laptop4/interbotix_ws/install/leo_realsense:/home/mscrobotics2425laptop4/interbotix_ws/install/leo_manipulator:/home/mscrobotics2425laptop4/interbotix_ws/install/leo_main:/home/mscrobotics2425laptop4/interbotix_ws/install/leo_launch:/home/mscrobotics2425laptop4/interbotix_ws/install/interbotix_xs_modules:/home/mscrobotics2425laptop4/interbotix_ws/install/interbotix_perception_modules:/home/mscrobotics2425laptop4/interbotix_ws/install/interbotix_common_modules:/home/mscrobotics2425laptop4/ros2_tutorial_workspace/install/the_simplest_python_package:/home/mscrobotics2425laptop4/ros2_tutorial_workspace/install/test_package:/home/mscrobotics2425laptop4/ros2_tutorial_workspace/install/python_package_with_a_node:/home/mscrobotics2425laptop4/ros2_tutorial_workspace/install/python_package_that_uses_the_library:/home/mscrobotics2425laptop4/ros2_tutorial_workspace/install/python_package_with_a_library:/home/mscrobotics2425laptop4/ros2_tutorial_workspace/install/python_package_that_uses_the_services:/home/mscrobotics2425laptop4/ros2_tutorial_workspace/install/python_package_that_uses_the_messages:/home/mscrobotics2425laptop4/ros2_tutorial_workspace/install/python_package_that_uses_parameters_and_launch_files:/home/mscrobotics2425laptop4/ros2_tutorial_workspace/install/navigation_leo:/home/mscrobotics2425laptop4/ros2_tutorial_workspace/install/navigation_demos_custom_map:/home/mscrobotics2425laptop4/ros2_tutorial_workspace/install/navigation_demos:/home/mscrobotics2425laptop4/ros2_tutorial_workspace/install/m_explore_toggle:/home/mscrobotics2425laptop4/ros2_tutorial_workspace/install/lidar_emulator:/home/mscrobotics2425laptop4/ros2_tutorial_workspace/install/leo_team9:/home/mscrobotics2425laptop4/ros2_tutorial_workspace/install/gz_example_robot_description:/home/mscrobotics2425laptop4/ros2_tutorial_workspace/install/example_urdf_robot:/home/mscrobotics2425laptop4/ros2_tutorial_workspace/install/example_urdf_description:/home/mscrobotics2425laptop4/ros2_tutorial_workspace/install/example_gz_robot:/home/mscrobotics2425laptop4/ros2_tutorial_workspace/install/custom_server_package:/home/mscrobotics2425laptop4/ros2_tutorial_workspace/install/custom_client_package:/home/mscrobotics2425laptop4/ros2_tutorial_workspace/install/challenge_package:/home/mscrobotics2425laptop4/ros2_tutorial_workspace/install/bt_demos:/opt/ros/humble /usr/bin/cmake /home/mscrobotics2425laptop4/LEO-ROVER-CODING/Final_nav/src/leo_common-ros2/leo_msgs -DCMAKE_INSTALL_PREFIX=/home/mscrobotics2425laptop4/LEO-ROVER-CODING/install/leo_msgs
[3.341s] Invoking command in '/home/mscrobotics2425laptop4/LEO-ROVER-CODING/build/leo_msgs': CMAKE_PREFIX_PATH=${CMAKE_PREFIX_PATH}:/home/mscrobotics2425laptop4/interbotix_ws/install/ros_cv_messages:/home/mscrobotics2425laptop4/interbotix_ws/install/leo_realsense:/home/mscrobotics2425laptop4/interbotix_ws/install/leo_manipulator:/home/mscrobotics2425laptop4/interbotix_ws/install/leo_main:/home/mscrobotics2425laptop4/interbotix_ws/install/leo_launch:/home/mscrobotics2425laptop4/interbotix_ws/install/interbotix_xs_modules:/home/mscrobotics2425laptop4/interbotix_ws/install/interbotix_perception_modules:/home/mscrobotics2425laptop4/interbotix_ws/install/interbotix_common_modules:/home/mscrobotics2425laptop4/ros2_tutorial_workspace/install/the_simplest_python_package:/home/mscrobotics2425laptop4/ros2_tutorial_workspace/install/test_package:/home/mscrobotics2425laptop4/ros2_tutorial_workspace/install/python_package_with_a_node:/home/mscrobotics2425laptop4/ros2_tutorial_workspace/install/python_package_that_uses_the_library:/home/mscrobotics2425laptop4/ros2_tutorial_workspace/install/python_package_with_a_library:/home/mscrobotics2425laptop4/ros2_tutorial_workspace/install/python_package_that_uses_the_services:/home/mscrobotics2425laptop4/ros2_tutorial_workspace/install/python_package_that_uses_the_messages:/home/mscrobotics2425laptop4/ros2_tutorial_workspace/install/python_package_that_uses_parameters_and_launch_files:/home/mscrobotics2425laptop4/ros2_tutorial_workspace/install/navigation_leo:/home/mscrobotics2425laptop4/ros2_tutorial_workspace/install/navigation_demos_custom_map:/home/mscrobotics2425laptop4/ros2_tutorial_workspace/install/navigation_demos:/home/mscrobotics2425laptop4/ros2_tutorial_workspace/install/m_explore_toggle:/home/mscrobotics2425laptop4/ros2_tutorial_workspace/install/lidar_emulator:/home/mscrobotics2425laptop4/ros2_tutorial_workspace/install/leo_team9:/home/mscrobotics2425laptop4/ros2_tutorial_workspace/install/gz_example_robot_description:/home/mscrobotics2425laptop4/ros2_tutorial_workspace/install/example_urdf_robot:/home/mscrobotics2425laptop4/ros2_tutorial_workspace/install/example_urdf_description:/home/mscrobotics2425laptop4/ros2_tutorial_workspace/install/example_gz_robot:/home/mscrobotics2425laptop4/ros2_tutorial_workspace/install/custom_server_package:/home/mscrobotics2425laptop4/ros2_tutorial_workspace/install/custom_client_package:/home/mscrobotics2425laptop4/ros2_tutorial_workspace/install/challenge_package:/home/mscrobotics2425laptop4/ros2_tutorial_workspace/install/bt_demos:/opt/ros/humble /usr/bin/cmake --build /home/mscrobotics2425laptop4/LEO-ROVER-CODING/build/leo_msgs -- -j12 -l12
[3.398s] [  1%] [34m[1mGenerating C code for ROS interfaces[0m
[3.405s] [  3%] [34m[1mGenerating C++ code for ROS interfaces[0m
[3.423s] [  3%] Built target ament_cmake_python_copy_leo_msgs
[3.932s] running egg_info
[3.932s] creating leo_msgs.egg-info
[3.932s] writing leo_msgs.egg-info/PKG-INFO
[3.932s] writing dependency_links to leo_msgs.egg-info/dependency_links.txt
[3.932s] writing top-level names to leo_msgs.egg-info/top_level.txt
[3.932s] writing manifest file 'leo_msgs.egg-info/SOURCES.txt'
[3.933s] reading manifest file 'leo_msgs.egg-info/SOURCES.txt'
[3.934s] writing manifest file 'leo_msgs.egg-info/SOURCES.txt'
[4.026s] [  3%] Built target ament_cmake_python_build_leo_msgs_egg
[4.336s] [  4%] [32mBuilding C object CMakeFiles/leo_msgs__rosidl_generator_c.dir/rosidl_generator_c/leo_msgs/msg/detail/wheel_odom__functions.c.o[0m
[4.349s] [  7%] [32mBuilding C object CMakeFiles/leo_msgs__rosidl_generator_c.dir/rosidl_generator_c/leo_msgs/msg/detail/wheel_odom_mecanum__functions.c.o[0m
[4.349s] [  9%] [32mBuilding C object CMakeFiles/leo_msgs__rosidl_generator_c.dir/rosidl_generator_c/leo_msgs/msg/detail/wheel_states__functions.c.o[0m
[4.349s] [  9%] [32mBuilding C object CMakeFiles/leo_msgs__rosidl_generator_c.dir/rosidl_generator_c/leo_msgs/msg/detail/imu__functions.c.o[0m
[4.369s] [ 11%] [32mBuilding C object CMakeFiles/leo_msgs__rosidl_generator_c.dir/rosidl_generator_c/leo_msgs/srv/detail/set_imu_calibration__functions.c.o[0m
[4.460s] [ 11%] Built target leo_msgs__cpp
[4.487s] [ 12%] [34m[1mGenerating C++ introspection for ROS interfaces[0m
[4.488s] [ 14%] [34m[1mGenerating C++ type support for eProsima Fast-RTPS[0m
[4.494s] [ 15%] [34m[1mGenerating C++ type support dispatch for ROS interfaces[0m
[4.494s] [ 17%] [32m[1mLinking C shared library libleo_msgs__rosidl_generator_c.so[0m
[4.568s] [ 17%] Built target leo_msgs__rosidl_generator_c
[4.590s] [ 19%] [34m[1mGenerating C type support dispatch for ROS interfaces[0m
[4.596s] [ 22%] [34m[1mGenerating C type support for eProsima Fast-RTPS[0m
[4.596s] [ 22%] [34m[1mGenerating C introspection for ROS interfaces[0m
[5.193s] [ 23%] [32mBuilding CXX object CMakeFiles/leo_msgs__rosidl_typesupport_cpp.dir/rosidl_typesupport_cpp/leo_msgs/msg/imu__type_support.cpp.o[0m
[5.200s] [ 25%] [32mBuilding CXX object CMakeFiles/leo_msgs__rosidl_typesupport_cpp.dir/rosidl_typesupport_cpp/leo_msgs/msg/wheel_odom_mecanum__type_support.cpp.o[0m
[5.217s] [ 26%] [32mBuilding CXX object CMakeFiles/leo_msgs__rosidl_typesupport_cpp.dir/rosidl_typesupport_cpp/leo_msgs/msg/wheel_states__type_support.cpp.o[0m
[5.223s] [ 28%] [32mBuilding CXX object CMakeFiles/leo_msgs__rosidl_typesupport_cpp.dir/rosidl_typesupport_cpp/leo_msgs/msg/wheel_odom__type_support.cpp.o[0m
[5.239s] [ 30%] [32mBuilding CXX object CMakeFiles/leo_msgs__rosidl_typesupport_cpp.dir/rosidl_typesupport_cpp/leo_msgs/srv/set_imu_calibration__type_support.cpp.o[0m
[5.321s] [ 33%] [32mBuilding CXX object CMakeFiles/leo_msgs__rosidl_typesupport_fastrtps_cpp.dir/rosidl_typesupport_fastrtps_cpp/leo_msgs/msg/detail/dds_fastrtps/imu__type_support.cpp.o[0m
[5.324s] [ 33%] [32mBuilding CXX object CMakeFiles/leo_msgs__rosidl_typesupport_fastrtps_cpp.dir/rosidl_typesupport_fastrtps_cpp/leo_msgs/msg/detail/dds_fastrtps/wheel_odom__type_support.cpp.o[0m
[5.362s] [ 34%] [32mBuilding CXX object CMakeFiles/leo_msgs__rosidl_typesupport_fastrtps_cpp.dir/rosidl_typesupport_fastrtps_cpp/leo_msgs/msg/detail/dds_fastrtps/wheel_odom_mecanum__type_support.cpp.o[0m
[5.369s] [ 36%] [32mBuilding CXX object CMakeFiles/leo_msgs__rosidl_typesupport_introspection_cpp.dir/rosidl_typesupport_introspection_cpp/leo_msgs/msg/detail/imu__type_support.cpp.o[0m
[5.385s] [ 38%] [32mBuilding CXX object CMakeFiles/leo_msgs__rosidl_typesupport_c.dir/rosidl_typesupport_c/leo_msgs/msg/imu__type_support.cpp.o[0m
[5.460s] [ 39%] [32mBuilding CXX object CMakeFiles/leo_msgs__rosidl_typesupport_c.dir/rosidl_typesupport_c/leo_msgs/msg/wheel_odom__type_support.cpp.o[0m
[5.572s] [ 41%] [32mBuilding CXX object CMakeFiles/leo_msgs__rosidl_typesupport_c.dir/rosidl_typesupport_c/leo_msgs/msg/wheel_odom_mecanum__type_support.cpp.o[0m
[5.617s] [ 42%] [32mBuilding C object CMakeFiles/leo_msgs__rosidl_typesupport_introspection_c.dir/rosidl_typesupport_introspection_c/leo_msgs/msg/detail/imu__type_support.c.o[0m
[5.637s] [ 44%] [32mBuilding CXX object CMakeFiles/leo_msgs__rosidl_typesupport_fastrtps_cpp.dir/rosidl_typesupport_fastrtps_cpp/leo_msgs/msg/detail/dds_fastrtps/wheel_states__type_support.cpp.o[0m
[5.704s] [ 46%] [32mBuilding CXX object CMakeFiles/leo_msgs__rosidl_typesupport_c.dir/rosidl_typesupport_c/leo_msgs/msg/wheel_states__type_support.cpp.o[0m
[5.732s] [ 47%] [32mBuilding C object CMakeFiles/leo_msgs__rosidl_typesupport_introspection_c.dir/rosidl_typesupport_introspection_c/leo_msgs/msg/detail/wheel_odom__type_support.c.o[0m
[5.741s] [ 49%] [32mBuilding CXX object CMakeFiles/leo_msgs__rosidl_typesupport_fastrtps_cpp.dir/rosidl_typesupport_fastrtps_cpp/leo_msgs/srv/detail/dds_fastrtps/set_imu_calibration__type_support.cpp.o[0m
[5.756s] [ 50%] [32mBuilding CXX object CMakeFiles/leo_msgs__rosidl_typesupport_introspection_cpp.dir/rosidl_typesupport_introspection_cpp/leo_msgs/msg/detail/wheel_odom__type_support.cpp.o[0m
[5.794s] [ 52%] [32mBuilding CXX object CMakeFiles/leo_msgs__rosidl_typesupport_c.dir/rosidl_typesupport_c/leo_msgs/srv/set_imu_calibration__type_support.cpp.o[0m
[5.803s] [ 53%] [32mBuilding CXX object CMakeFiles/leo_msgs__rosidl_typesupport_fastrtps_c.dir/rosidl_typesupport_fastrtps_c/leo_msgs/msg/detail/imu__type_support_c.cpp.o[0m
[5.818s] [ 55%] [32mBuilding C object CMakeFiles/leo_msgs__rosidl_typesupport_introspection_c.dir/rosidl_typesupport_introspection_c/leo_msgs/msg/detail/wheel_odom_mecanum__type_support.c.o[0m
[5.940s] [ 57%] [32m[1mLinking CXX shared library libleo_msgs__rosidl_typesupport_c.so[0m
[5.974s] [ 58%] [32mBuilding C object CMakeFiles/leo_msgs__rosidl_typesupport_introspection_c.dir/rosidl_typesupport_introspection_c/leo_msgs/msg/detail/wheel_states__type_support.c.o[0m
[6.055s] [ 60%] [32mBuilding C object CMakeFiles/leo_msgs__rosidl_typesupport_introspection_c.dir/rosidl_typesupport_introspection_c/leo_msgs/srv/detail/set_imu_calibration__type_support.c.o[0m
[6.085s] [ 60%] Built target leo_msgs__rosidl_typesupport_c
[6.110s] [ 61%] [32mBuilding CXX object CMakeFiles/leo_msgs__rosidl_typesupport_introspection_cpp.dir/rosidl_typesupport_introspection_cpp/leo_msgs/msg/detail/wheel_odom_mecanum__type_support.cpp.o[0m
[6.136s] [ 63%] [32mBuilding CXX object CMakeFiles/leo_msgs__rosidl_typesupport_introspection_cpp.dir/rosidl_typesupport_introspection_cpp/leo_msgs/msg/detail/wheel_states__type_support.cpp.o[0m
[6.182s] [ 65%] [32m[1mLinking CXX shared library libleo_msgs__rosidl_typesupport_cpp.so[0m
[6.191s] [ 66%] [32m[1mLinking C shared library libleo_msgs__rosidl_typesupport_introspection_c.so[0m
[6.298s] [ 66%] Built target leo_msgs__rosidl_typesupport_introspection_c
[6.338s] [ 68%] [32mBuilding CXX object CMakeFiles/leo_msgs__rosidl_typesupport_fastrtps_c.dir/rosidl_typesupport_fastrtps_c/leo_msgs/msg/detail/wheel_odom__type_support_c.cpp.o[0m
[6.401s] [ 69%] [32mBuilding CXX object CMakeFiles/leo_msgs__rosidl_typesupport_introspection_cpp.dir/rosidl_typesupport_introspection_cpp/leo_msgs/srv/detail/set_imu_calibration__type_support.cpp.o[0m
[6.413s] [ 69%] Built target leo_msgs__rosidl_typesupport_cpp
[6.440s] [ 71%] [32mBuilding CXX object CMakeFiles/leo_msgs__rosidl_typesupport_fastrtps_c.dir/rosidl_typesupport_fastrtps_c/leo_msgs/msg/detail/wheel_odom_mecanum__type_support_c.cpp.o[0m
[6.571s] [ 73%] [32mBuilding CXX object CMakeFiles/leo_msgs__rosidl_typesupport_fastrtps_c.dir/rosidl_typesupport_fastrtps_c/leo_msgs/msg/detail/wheel_states__type_support_c.cpp.o[0m
[6.578s] [ 74%] [32mBuilding CXX object CMakeFiles/leo_msgs__rosidl_typesupport_fastrtps_c.dir/rosidl_typesupport_fastrtps_c/leo_msgs/srv/detail/set_imu_calibration__type_support_c.cpp.o[0m
[7.591s] [ 76%] [32m[1mLinking CXX shared library libleo_msgs__rosidl_typesupport_fastrtps_cpp.so[0m
[7.826s] [ 77%] [32m[1mLinking CXX shared library libleo_msgs__rosidl_typesupport_introspection_cpp.so[0m
[8.001s] [ 77%] Built target leo_msgs__rosidl_typesupport_fastrtps_cpp
[8.008s] [ 79%] [32m[1mLinking CXX shared library libleo_msgs__rosidl_typesupport_fastrtps_c.so[0m
[8.125s] [ 79%] Built target leo_msgs__rosidl_typesupport_introspection_cpp
[8.288s] [ 79%] Built target leo_msgs__rosidl_typesupport_fastrtps_c
[8.368s] [ 79%] Built target leo_msgs
[8.464s] [ 80%] [34m[1mGenerating Python code for ROS interfaces[0m
[11.001s] [ 80%] Built target leo_msgs__py
[11.078s] [ 82%] [32mBuilding C object CMakeFiles/leo_msgs__rosidl_generator_py.dir/rosidl_generator_py/leo_msgs/msg/_imu_s.c.o[0m
[11.083s] [ 84%] [32mBuilding C object CMakeFiles/leo_msgs__rosidl_generator_py.dir/rosidl_generator_py/leo_msgs/msg/_wheel_odom_s.c.o[0m
[11.084s] [ 85%] [32mBuilding C object CMakeFiles/leo_msgs__rosidl_generator_py.dir/rosidl_generator_py/leo_msgs/msg/_wheel_odom_mecanum_s.c.o[0m
[11.108s] [ 88%] [32mBuilding C object CMakeFiles/leo_msgs__rosidl_generator_py.dir/rosidl_generator_py/leo_msgs/msg/_wheel_states_s.c.o[0m
[11.108s] [ 88%] [32mBuilding C object CMakeFiles/leo_msgs__rosidl_generator_py.dir/rosidl_generator_py/leo_msgs/srv/_set_imu_calibration_s.c.o[0m
[11.443s] [ 90%] [32m[1mLinking C shared library rosidl_generator_py/leo_msgs/libleo_msgs__rosidl_generator_py.so[0m
[11.513s] [ 90%] Built target leo_msgs__rosidl_generator_py
[11.581s] [ 92%] [32mBuilding C object CMakeFiles/leo_msgs__rosidl_typesupport_introspection_c__pyext.dir/rosidl_generator_py/leo_msgs/_leo_msgs_s.ep.rosidl_typesupport_introspection_c.c.o[0m
[11.588s] [ 93%] [32mBuilding C object CMakeFiles/leo_msgs__rosidl_typesupport_fastrtps_c__pyext.dir/rosidl_generator_py/leo_msgs/_leo_msgs_s.ep.rosidl_typesupport_fastrtps_c.c.o[0m
[11.618s] [ 95%] [32mBuilding C object CMakeFiles/leo_msgs__rosidl_typesupport_c__pyext.dir/rosidl_generator_py/leo_msgs/_leo_msgs_s.ep.rosidl_typesupport_c.c.o[0m
[11.790s] [ 96%] [32m[1mLinking C shared library rosidl_generator_py/leo_msgs/leo_msgs_s__rosidl_typesupport_introspection_c.cpython-310-x86_64-linux-gnu.so[0m
[11.873s] [ 98%] [32m[1mLinking C shared library rosidl_generator_py/leo_msgs/leo_msgs_s__rosidl_typesupport_fastrtps_c.cpython-310-x86_64-linux-gnu.so[0m
[11.883s] [100%] [32m[1mLinking C shared library rosidl_generator_py/leo_msgs/leo_msgs_s__rosidl_typesupport_c.cpython-310-x86_64-linux-gnu.so[0m
[11.905s] [100%] Built target leo_msgs__rosidl_typesupport_introspection_c__pyext
[11.948s] [100%] Built target leo_msgs__rosidl_typesupport_fastrtps_c__pyext
[11.959s] [100%] Built target leo_msgs__rosidl_typesupport_c__pyext
[11.976s] Invoked command in '/home/mscrobotics2425laptop4/LEO-ROVER-CODING/build/leo_msgs' returned '0': CMAKE_PREFIX_PATH=${CMAKE_PREFIX_PATH}:/home/mscrobotics2425laptop4/interbotix_ws/install/ros_cv_messages:/home/mscrobotics2425laptop4/interbotix_ws/install/leo_realsense:/home/mscrobotics2425laptop4/interbotix_ws/install/leo_manipulator:/home/mscrobotics2425laptop4/interbotix_ws/install/leo_main:/home/mscrobotics2425laptop4/interbotix_ws/install/leo_launch:/home/mscrobotics2425laptop4/interbotix_ws/install/interbotix_xs_modules:/home/mscrobotics2425laptop4/interbotix_ws/install/interbotix_perception_modules:/home/mscrobotics2425laptop4/interbotix_ws/install/interbotix_common_modules:/home/mscrobotics2425laptop4/ros2_tutorial_workspace/install/the_simplest_python_package:/home/mscrobotics2425laptop4/ros2_tutorial_workspace/install/test_package:/home/mscrobotics2425laptop4/ros2_tutorial_workspace/install/python_package_with_a_node:/home/mscrobotics2425laptop4/ros2_tutorial_workspace/install/python_package_that_uses_the_library:/home/mscrobotics2425laptop4/ros2_tutorial_workspace/install/python_package_with_a_library:/home/mscrobotics2425laptop4/ros2_tutorial_workspace/install/python_package_that_uses_the_services:/home/mscrobotics2425laptop4/ros2_tutorial_workspace/install/python_package_that_uses_the_messages:/home/mscrobotics2425laptop4/ros2_tutorial_workspace/install/python_package_that_uses_parameters_and_launch_files:/home/mscrobotics2425laptop4/ros2_tutorial_workspace/install/navigation_leo:/home/mscrobotics2425laptop4/ros2_tutorial_workspace/install/navigation_demos_custom_map:/home/mscrobotics2425laptop4/ros2_tutorial_workspace/install/navigation_demos:/home/mscrobotics2425laptop4/ros2_tutorial_workspace/install/m_explore_toggle:/home/mscrobotics2425laptop4/ros2_tutorial_workspace/install/lidar_emulator:/home/mscrobotics2425laptop4/ros2_tutorial_workspace/install/leo_team9:/home/mscrobotics2425laptop4/ros2_tutorial_workspace/install/gz_example_robot_description:/home/mscrobotics2425laptop4/ros2_tutorial_workspace/install/example_urdf_robot:/home/mscrobotics2425laptop4/ros2_tutorial_workspace/install/example_urdf_description:/home/mscrobotics2425laptop4/ros2_tutorial_workspace/install/example_gz_robot:/home/mscrobotics2425laptop4/ros2_tutorial_workspace/install/custom_server_package:/home/mscrobotics2425laptop4/ros2_tutorial_workspace/install/custom_client_package:/home/mscrobotics2425laptop4/ros2_tutorial_workspace/install/challenge_package:/home/mscrobotics2425laptop4/ros2_tutorial_workspace/install/bt_demos:/opt/ros/humble /usr/bin/cmake --build /home/mscrobotics2425laptop4/LEO-ROVER-CODING/build/leo_msgs -- -j12 -l12
[11.980s] Invoking command in '/home/mscrobotics2425laptop4/LEO-ROVER-CODING/build/leo_msgs': CMAKE_PREFIX_PATH=${CMAKE_PREFIX_PATH}:/home/mscrobotics2425laptop4/interbotix_ws/install/ros_cv_messages:/home/mscrobotics2425laptop4/interbotix_ws/install/leo_realsense:/home/mscrobotics2425laptop4/interbotix_ws/install/leo_manipulator:/home/mscrobotics2425laptop4/interbotix_ws/install/leo_main:/home/mscrobotics2425laptop4/interbotix_ws/install/leo_launch:/home/mscrobotics2425laptop4/interbotix_ws/install/interbotix_xs_modules:/home/mscrobotics2425laptop4/interbotix_ws/install/interbotix_perception_modules:/home/mscrobotics2425laptop4/interbotix_ws/install/interbotix_common_modules:/home/mscrobotics2425laptop4/ros2_tutorial_workspace/install/the_simplest_python_package:/home/mscrobotics2425laptop4/ros2_tutorial_workspace/install/test_package:/home/mscrobotics2425laptop4/ros2_tutorial_workspace/install/python_package_with_a_node:/home/mscrobotics2425laptop4/ros2_tutorial_workspace/install/python_package_that_uses_the_library:/home/mscrobotics2425laptop4/ros2_tutorial_workspace/install/python_package_with_a_library:/home/mscrobotics2425laptop4/ros2_tutorial_workspace/install/python_package_that_uses_the_services:/home/mscrobotics2425laptop4/ros2_tutorial_workspace/install/python_package_that_uses_the_messages:/home/mscrobotics2425laptop4/ros2_tutorial_workspace/install/python_package_that_uses_parameters_and_launch_files:/home/mscrobotics2425laptop4/ros2_tutorial_workspace/install/navigation_leo:/home/mscrobotics2425laptop4/ros2_tutorial_workspace/install/navigation_demos_custom_map:/home/mscrobotics2425laptop4/ros2_tutorial_workspace/install/navigation_demos:/home/mscrobotics2425laptop4/ros2_tutorial_workspace/install/m_explore_toggle:/home/mscrobotics2425laptop4/ros2_tutorial_workspace/install/lidar_emulator:/home/mscrobotics2425laptop4/ros2_tutorial_workspace/install/leo_team9:/home/mscrobotics2425laptop4/ros2_tutorial_workspace/install/gz_example_robot_description:/home/mscrobotics2425laptop4/ros2_tutorial_workspace/install/example_urdf_robot:/home/mscrobotics2425laptop4/ros2_tutorial_workspace/install/example_urdf_description:/home/mscrobotics2425laptop4/ros2_tutorial_workspace/install/example_gz_robot:/home/mscrobotics2425laptop4/ros2_tutorial_workspace/install/custom_server_package:/home/mscrobotics2425laptop4/ros2_tutorial_workspace/install/custom_client_package:/home/mscrobotics2425laptop4/ros2_tutorial_workspace/install/challenge_package:/home/mscrobotics2425laptop4/ros2_tutorial_workspace/install/bt_demos:/opt/ros/humble /usr/bin/cmake --install /home/mscrobotics2425laptop4/LEO-ROVER-CODING/build/leo_msgs
[11.993s] -- Install configuration: ""
[11.995s] -- Installing: /home/mscrobotics2425laptop4/LEO-ROVER-CODING/install/leo_msgs/share/ament_index/resource_index/rosidl_interfaces/leo_msgs
[11.995s] -- Installing: /home/mscrobotics2425laptop4/LEO-ROVER-CODING/install/leo_msgs/include/leo_msgs/leo_msgs
[11.996s] -- Installing: /home/mscrobotics2425laptop4/LEO-ROVER-CODING/install/leo_msgs/include/leo_msgs/leo_msgs/msg
[11.996s] -- Installing: /home/mscrobotics2425laptop4/LEO-ROVER-CODING/install/leo_msgs/include/leo_msgs/leo_msgs/msg/wheel_states.h
[11.997s] -- Installing: /home/mscrobotics2425laptop4/LEO-ROVER-CODING/install/leo_msgs/include/leo_msgs/leo_msgs/msg/wheel_odom_mecanum.h
[11.998s] -- Installing: /home/mscrobotics2425laptop4/LEO-ROVER-CODING/install/leo_msgs/include/leo_msgs/leo_msgs/msg/rosidl_generator_c__visibility_control.h
[11.998s] -- Installing: /home/mscrobotics2425laptop4/LEO-ROVER-CODING/install/leo_msgs/include/leo_msgs/leo_msgs/msg/wheel_odom.h
[11.998s] -- Installing: /home/mscrobotics2425laptop4/LEO-ROVER-CODING/install/leo_msgs/include/leo_msgs/leo_msgs/msg/imu.h
[11.998s] -- Installing: /home/mscrobotics2425laptop4/LEO-ROVER-CODING/install/leo_msgs/include/leo_msgs/leo_msgs/msg/detail
[11.999s] -- Installing: /home/mscrobotics2425laptop4/LEO-ROVER-CODING/install/leo_msgs/include/leo_msgs/leo_msgs/msg/detail/imu__functions.h
[11.999s] -- Installing: /home/mscrobotics2425laptop4/LEO-ROVER-CODING/install/leo_msgs/include/leo_msgs/leo_msgs/msg/detail/wheel_states__functions.h
[11.999s] -- Installing: /home/mscrobotics2425laptop4/LEO-ROVER-CODING/install/leo_msgs/include/leo_msgs/leo_msgs/msg/detail/wheel_odom_mecanum__type_support.h
[11.999s] -- Installing: /home/mscrobotics2425laptop4/LEO-ROVER-CODING/install/leo_msgs/include/leo_msgs/leo_msgs/msg/detail/imu__struct.h
[11.999s] -- Installing: /home/mscrobotics2425laptop4/LEO-ROVER-CODING/install/leo_msgs/include/leo_msgs/leo_msgs/msg/detail/wheel_odom__type_support.h
[11.999s] -- Installing: /home/mscrobotics2425laptop4/LEO-ROVER-CODING/install/leo_msgs/include/leo_msgs/leo_msgs/msg/detail/wheel_odom__struct.h
[11.999s] -- Installing: /home/mscrobotics2425laptop4/LEO-ROVER-CODING/install/leo_msgs/include/leo_msgs/leo_msgs/msg/detail/wheel_odom_mecanum__struct.h
[11.999s] -- Installing: /home/mscrobotics2425laptop4/LEO-ROVER-CODING/install/leo_msgs/include/leo_msgs/leo_msgs/msg/detail/wheel_odom_mecanum__functions.c
[11.999s] -- Installing: /home/mscrobotics2425laptop4/LEO-ROVER-CODING/install/leo_msgs/include/leo_msgs/leo_msgs/msg/detail/wheel_odom_mecanum__functions.h
[11.999s] -- Installing: /home/mscrobotics2425laptop4/LEO-ROVER-CODING/install/leo_msgs/include/leo_msgs/leo_msgs/msg/detail/wheel_odom__functions.h
[11.999s] -- Installing: /home/mscrobotics2425laptop4/LEO-ROVER-CODING/install/leo_msgs/include/leo_msgs/leo_msgs/msg/detail/imu__type_support.h
[12.000s] -- Installing: /home/mscrobotics2425laptop4/LEO-ROVER-CODING/install/leo_msgs/include/leo_msgs/leo_msgs/msg/detail/imu__functions.c
[12.000s] -- Installing: /home/mscrobotics2425laptop4/LEO-ROVER-CODING/install/leo_msgs/include/leo_msgs/leo_msgs/msg/detail/wheel_states__type_support.h
[12.000s] -- Installing: /home/mscrobotics2425laptop4/LEO-ROVER-CODING/install/leo_msgs/include/leo_msgs/leo_msgs/msg/detail/wheel_states__functions.c
[12.000s] -- Installing: /home/mscrobotics2425laptop4/LEO-ROVER-CODING/install/leo_msgs/include/leo_msgs/leo_msgs/msg/detail/wheel_odom__functions.c
[12.000s] -- Installing: /home/mscrobotics2425laptop4/LEO-ROVER-CODING/install/leo_msgs/include/leo_msgs/leo_msgs/msg/detail/wheel_states__struct.h
[12.000s] -- Installing: /home/mscrobotics2425laptop4/LEO-ROVER-CODING/install/leo_msgs/include/leo_msgs/leo_msgs/srv
[12.000s] -- Installing: /home/mscrobotics2425laptop4/LEO-ROVER-CODING/install/leo_msgs/include/leo_msgs/leo_msgs/srv/set_imu_calibration.h
[12.000s] -- Installing: /home/mscrobotics2425laptop4/LEO-ROVER-CODING/install/leo_msgs/include/leo_msgs/leo_msgs/srv/detail
[12.000s] -- Installing: /home/mscrobotics2425laptop4/LEO-ROVER-CODING/install/leo_msgs/include/leo_msgs/leo_msgs/srv/detail/set_imu_calibration__struct.h
[12.000s] -- Installing: /home/mscrobotics2425laptop4/LEO-ROVER-CODING/install/leo_msgs/include/leo_msgs/leo_msgs/srv/detail/set_imu_calibration__functions.c
[12.000s] -- Installing: /home/mscrobotics2425laptop4/LEO-ROVER-CODING/install/leo_msgs/include/leo_msgs/leo_msgs/srv/detail/set_imu_calibration__type_support.h
[12.000s] -- Installing: /home/mscrobotics2425laptop4/LEO-ROVER-CODING/install/leo_msgs/include/leo_msgs/leo_msgs/srv/detail/set_imu_calibration__functions.h
[12.000s] -- Installing: /home/mscrobotics2425laptop4/LEO-ROVER-CODING/install/leo_msgs/share/leo_msgs/environment/library_path.sh
[12.000s] -- Installing: /home/mscrobotics2425laptop4/LEO-ROVER-CODING/install/leo_msgs/share/leo_msgs/environment/library_path.dsv
[12.001s] -- Installing: /home/mscrobotics2425laptop4/LEO-ROVER-CODING/install/leo_msgs/lib/libleo_msgs__rosidl_generator_c.so
[12.001s] -- Set runtime path of "/home/mscrobotics2425laptop4/LEO-ROVER-CODING/install/leo_msgs/lib/libleo_msgs__rosidl_generator_c.so" to ""
[12.001s] -- Up-to-date: /home/mscrobotics2425laptop4/LEO-ROVER-CODING/install/leo_msgs/include/leo_msgs/leo_msgs
[12.001s] -- Up-to-date: /home/mscrobotics2425laptop4/LEO-ROVER-CODING/install/leo_msgs/include/leo_msgs/leo_msgs/msg
[12.001s] -- Installing: /home/mscrobotics2425laptop4/LEO-ROVER-CODING/install/leo_msgs/include/leo_msgs/leo_msgs/msg/rosidl_typesupport_fastrtps_c__visibility_control.h
[12.001s] -- Up-to-date: /home/mscrobotics2425laptop4/LEO-ROVER-CODING/install/leo_msgs/include/leo_msgs/leo_msgs/msg/detail
[12.001s] -- Installing: /home/mscrobotics2425laptop4/LEO-ROVER-CODING/install/leo_msgs/include/leo_msgs/leo_msgs/msg/detail/wheel_states__rosidl_typesupport_fastrtps_c.h
[12.001s] -- Installing: /home/mscrobotics2425laptop4/LEO-ROVER-CODING/install/leo_msgs/include/leo_msgs/leo_msgs/msg/detail/imu__rosidl_typesupport_fastrtps_c.h
[12.001s] -- Installing: /home/mscrobotics2425laptop4/LEO-ROVER-CODING/install/leo_msgs/include/leo_msgs/leo_msgs/msg/detail/wheel_odom_mecanum__rosidl_typesupport_fastrtps_c.h
[12.001s] -- Installing: /home/mscrobotics2425laptop4/LEO-ROVER-CODING/install/leo_msgs/include/leo_msgs/leo_msgs/msg/detail/wheel_odom__rosidl_typesupport_fastrtps_c.h
[12.001s] -- Up-to-date: /home/mscrobotics2425laptop4/LEO-ROVER-CODING/install/leo_msgs/include/leo_msgs/leo_msgs/srv
[12.001s] -- Up-to-date: /home/mscrobotics2425laptop4/LEO-ROVER-CODING/install/leo_msgs/include/leo_msgs/leo_msgs/srv/detail
[12.001s] -- Installing: /home/mscrobotics2425laptop4/LEO-ROVER-CODING/install/leo_msgs/include/leo_msgs/leo_msgs/srv/detail/set_imu_calibration__rosidl_typesupport_fastrtps_c.h
[12.001s] -- Installing: /home/mscrobotics2425laptop4/LEO-ROVER-CODING/install/leo_msgs/lib/libleo_msgs__rosidl_typesupport_fastrtps_c.so
[12.002s] -- Set runtime path of "/home/mscrobotics2425laptop4/LEO-ROVER-CODING/install/leo_msgs/lib/libleo_msgs__rosidl_typesupport_fastrtps_c.so" to ""
[12.002s] -- Up-to-date: /home/mscrobotics2425laptop4/LEO-ROVER-CODING/install/leo_msgs/include/leo_msgs/leo_msgs
[12.002s] -- Up-to-date: /home/mscrobotics2425laptop4/LEO-ROVER-CODING/install/leo_msgs/include/leo_msgs/leo_msgs/msg
[12.002s] -- Installing: /home/mscrobotics2425laptop4/LEO-ROVER-CODING/install/leo_msgs/include/leo_msgs/leo_msgs/msg/rosidl_typesupport_introspection_c__visibility_control.h
[12.002s] -- Up-to-date: /home/mscrobotics2425laptop4/LEO-ROVER-CODING/install/leo_msgs/include/leo_msgs/leo_msgs/msg/detail
[12.002s] -- Installing: /home/mscrobotics2425laptop4/LEO-ROVER-CODING/install/leo_msgs/include/leo_msgs/leo_msgs/msg/detail/imu__type_support.c
[12.002s] -- Installing: /home/mscrobotics2425laptop4/LEO-ROVER-CODING/install/leo_msgs/include/leo_msgs/leo_msgs/msg/detail/wheel_odom__rosidl_typesupport_introspection_c.h
[12.002s] -- Installing: /home/mscrobotics2425laptop4/LEO-ROVER-CODING/install/leo_msgs/include/leo_msgs/leo_msgs/msg/detail/wheel_states__rosidl_typesupport_introspection_c.h
[12.002s] -- Installing: /home/mscrobotics2425laptop4/LEO-ROVER-CODING/install/leo_msgs/include/leo_msgs/leo_msgs/msg/detail/wheel_states__type_support.c
[12.002s] -- Installing: /home/mscrobotics2425laptop4/LEO-ROVER-CODING/install/leo_msgs/include/leo_msgs/leo_msgs/msg/detail/imu__rosidl_typesupport_introspection_c.h
[12.002s] -- Installing: /home/mscrobotics2425laptop4/LEO-ROVER-CODING/install/leo_msgs/include/leo_msgs/leo_msgs/msg/detail/wheel_odom_mecanum__type_support.c
[12.002s] -- Installing: /home/mscrobotics2425laptop4/LEO-ROVER-CODING/install/leo_msgs/include/leo_msgs/leo_msgs/msg/detail/wheel_odom_mecanum__rosidl_typesupport_introspection_c.h
[12.002s] -- Installing: /home/mscrobotics2425laptop4/LEO-ROVER-CODING/install/leo_msgs/include/leo_msgs/leo_msgs/msg/detail/wheel_odom__type_support.c
[12.002s] -- Up-to-date: /home/mscrobotics2425laptop4/LEO-ROVER-CODING/install/leo_msgs/include/leo_msgs/leo_msgs/srv
[12.002s] -- Up-to-date: /home/mscrobotics2425laptop4/LEO-ROVER-CODING/install/leo_msgs/include/leo_msgs/leo_msgs/srv/detail
[12.002s] -- Installing: /home/mscrobotics2425laptop4/LEO-ROVER-CODING/install/leo_msgs/include/leo_msgs/leo_msgs/srv/detail/set_imu_calibration__rosidl_typesupport_introspection_c.h
[12.002s] -- Installing: /home/mscrobotics2425laptop4/LEO-ROVER-CODING/install/leo_msgs/include/leo_msgs/leo_msgs/srv/detail/set_imu_calibration__type_support.c
[12.003s] -- Installing: /home/mscrobotics2425laptop4/LEO-ROVER-CODING/install/leo_msgs/lib/libleo_msgs__rosidl_typesupport_introspection_c.so
[12.003s] -- Set runtime path of "/home/mscrobotics2425laptop4/LEO-ROVER-CODING/install/leo_msgs/lib/libleo_msgs__rosidl_typesupport_introspection_c.so" to ""
[12.003s] -- Installing: /home/mscrobotics2425laptop4/LEO-ROVER-CODING/install/leo_msgs/lib/libleo_msgs__rosidl_typesupport_c.so
[12.009s] -- Set runtime path of "/home/mscrobotics2425laptop4/LEO-ROVER-CODING/install/leo_msgs/lib/libleo_msgs__rosidl_typesupport_c.so" to ""
[12.010s] -- Up-to-date: /home/mscrobotics2425laptop4/LEO-ROVER-CODING/install/leo_msgs/include/leo_msgs/leo_msgs
[12.010s] -- Up-to-date: /home/mscrobotics2425laptop4/LEO-ROVER-CODING/install/leo_msgs/include/leo_msgs/leo_msgs/msg
[12.010s] -- Installing: /home/mscrobotics2425laptop4/LEO-ROVER-CODING/install/leo_msgs/include/leo_msgs/leo_msgs/msg/wheel_odom.hpp
[12.010s] -- Installing: /home/mscrobotics2425laptop4/LEO-ROVER-CODING/install/leo_msgs/include/leo_msgs/leo_msgs/msg/wheel_odom_mecanum.hpp
[12.010s] -- Up-to-date: /home/mscrobotics2425laptop4/LEO-ROVER-CODING/install/leo_msgs/include/leo_msgs/leo_msgs/msg/detail
[12.010s] -- Installing: /home/mscrobotics2425laptop4/LEO-ROVER-CODING/install/leo_msgs/include/leo_msgs/leo_msgs/msg/detail/wheel_odom__type_support.hpp
[12.010s] -- Installing: /home/mscrobotics2425laptop4/LEO-ROVER-CODING/install/leo_msgs/include/leo_msgs/leo_msgs/msg/detail/imu__type_support.hpp
[12.010s] -- Installing: /home/mscrobotics2425laptop4/LEO-ROVER-CODING/install/leo_msgs/include/leo_msgs/leo_msgs/msg/detail/wheel_states__type_support.hpp
[12.010s] -- Installing: /home/mscrobotics2425laptop4/LEO-ROVER-CODING/install/leo_msgs/include/leo_msgs/leo_msgs/msg/detail/wheel_states__traits.hpp
[12.010s] -- Installing: /home/mscrobotics2425laptop4/LEO-ROVER-CODING/install/leo_msgs/include/leo_msgs/leo_msgs/msg/detail/wheel_odom__builder.hpp
[12.010s] -- Installing: /home/mscrobotics2425laptop4/LEO-ROVER-CODING/install/leo_msgs/include/leo_msgs/leo_msgs/msg/detail/wheel_odom__struct.hpp
[12.010s] -- Installing: /home/mscrobotics2425laptop4/LEO-ROVER-CODING/install/leo_msgs/include/leo_msgs/leo_msgs/msg/detail/wheel_odom_mecanum__builder.hpp
[12.010s] -- Installing: /home/mscrobotics2425laptop4/LEO-ROVER-CODING/install/leo_msgs/include/leo_msgs/leo_msgs/msg/detail/wheel_states__builder.hpp
[12.010s] -- Installing: /home/mscrobotics2425laptop4/LEO-ROVER-CODING/install/leo_msgs/include/leo_msgs/leo_msgs/msg/detail/wheel_states__struct.hpp
[12.010s] -- Installing: /home/mscrobotics2425laptop4/LEO-ROVER-CODING/install/leo_msgs/include/leo_msgs/leo_msgs/msg/detail/wheel_odom_mecanum__struct.hpp
[12.010s] -- Installing: /home/mscrobotics2425laptop4/LEO-ROVER-CODING/install/leo_msgs/include/leo_msgs/leo_msgs/msg/detail/wheel_odom_mecanum__traits.hpp
[12.010s] -- Installing: /home/mscrobotics2425laptop4/LEO-ROVER-CODING/install/leo_msgs/include/leo_msgs/leo_msgs/msg/detail/imu__traits.hpp
[12.010s] -- Installing: /home/mscrobotics2425laptop4/LEO-ROVER-CODING/install/leo_msgs/include/leo_msgs/leo_msgs/msg/detail/wheel_odom_mecanum__type_support.hpp
[12.010s] -- Installing: /home/mscrobotics2425laptop4/LEO-ROVER-CODING/install/leo_msgs/include/leo_msgs/leo_msgs/msg/detail/wheel_odom__traits.hpp
[12.011s] -- Installing: /home/mscrobotics2425laptop4/LEO-ROVER-CODING/install/leo_msgs/include/leo_msgs/leo_msgs/msg/detail/imu__builder.hpp
[12.011s] -- Installing: /home/mscrobotics2425laptop4/LEO-ROVER-CODING/install/leo_msgs/include/leo_msgs/leo_msgs/msg/detail/imu__struct.hpp
[12.011s] -- Installing: /home/mscrobotics2425laptop4/LEO-ROVER-CODING/install/leo_msgs/include/leo_msgs/leo_msgs/msg/wheel_states.hpp
[12.011s] -- Installing: /home/mscrobotics2425laptop4/LEO-ROVER-CODING/install/leo_msgs/include/leo_msgs/leo_msgs/msg/imu.hpp
[12.011s] -- Installing: /home/mscrobotics2425laptop4/LEO-ROVER-CODING/install/leo_msgs/include/leo_msgs/leo_msgs/msg/rosidl_generator_cpp__visibility_control.hpp
[12.011s] -- Up-to-date: /home/mscrobotics2425laptop4/LEO-ROVER-CODING/install/leo_msgs/include/leo_msgs/leo_msgs/srv
[12.011s] -- Installing: /home/mscrobotics2425laptop4/LEO-ROVER-CODING/install/leo_msgs/include/leo_msgs/leo_msgs/srv/set_imu_calibration.hpp
[12.011s] -- Up-to-date: /home/mscrobotics2425laptop4/LEO-ROVER-CODING/install/leo_msgs/include/leo_msgs/leo_msgs/srv/detail
[12.011s] -- Installing: /home/mscrobotics2425laptop4/LEO-ROVER-CODING/install/leo_msgs/include/leo_msgs/leo_msgs/srv/detail/set_imu_calibration__type_support.hpp
[12.011s] -- Installing: /home/mscrobotics2425laptop4/LEO-ROVER-CODING/install/leo_msgs/include/leo_msgs/leo_msgs/srv/detail/set_imu_calibration__struct.hpp
[12.011s] -- Installing: /home/mscrobotics2425laptop4/LEO-ROVER-CODING/install/leo_msgs/include/leo_msgs/leo_msgs/srv/detail/set_imu_calibration__builder.hpp
[12.011s] -- Installing: /home/mscrobotics2425laptop4/LEO-ROVER-CODING/install/leo_msgs/include/leo_msgs/leo_msgs/srv/detail/set_imu_calibration__traits.hpp
[12.011s] -- Up-to-date: /home/mscrobotics2425laptop4/LEO-ROVER-CODING/install/leo_msgs/include/leo_msgs/leo_msgs
[12.011s] -- Up-to-date: /home/mscrobotics2425laptop4/LEO-ROVER-CODING/install/leo_msgs/include/leo_msgs/leo_msgs/msg
[12.011s] -- Up-to-date: /home/mscrobotics2425laptop4/LEO-ROVER-CODING/install/leo_msgs/include/leo_msgs/leo_msgs/msg/detail
[12.011s] -- Installing: /home/mscrobotics2425laptop4/LEO-ROVER-CODING/install/leo_msgs/include/leo_msgs/leo_msgs/msg/detail/wheel_odom_mecanum__rosidl_typesupport_fastrtps_cpp.hpp
[12.019s] -- Installing: /home/mscrobotics2425laptop4/LEO-ROVER-CODING/install/leo_msgs/include/leo_msgs/leo_msgs/msg/detail/wheel_states__rosidl_typesupport_fastrtps_cpp.hpp
[12.019s] -- Installing: /home/mscrobotics2425laptop4/LEO-ROVER-CODING/install/leo_msgs/include/leo_msgs/leo_msgs/msg/detail/dds_fastrtps
[12.019s] -- Installing: /home/mscrobotics2425laptop4/LEO-ROVER-CODING/install/leo_msgs/include/leo_msgs/leo_msgs/msg/detail/imu__rosidl_typesupport_fastrtps_cpp.hpp
[12.019s] -- Installing: /home/mscrobotics2425laptop4/LEO-ROVER-CODING/install/leo_msgs/include/leo_msgs/leo_msgs/msg/detail/wheel_odom__rosidl_typesupport_fastrtps_cpp.hpp
[12.019s] -- Installing: /home/mscrobotics2425laptop4/LEO-ROVER-CODING/install/leo_msgs/include/leo_msgs/leo_msgs/msg/rosidl_typesupport_fastrtps_cpp__visibility_control.h
[12.019s] -- Up-to-date: /home/mscrobotics2425laptop4/LEO-ROVER-CODING/install/leo_msgs/include/leo_msgs/leo_msgs/srv
[12.019s] -- Up-to-date: /home/mscrobotics2425laptop4/LEO-ROVER-CODING/install/leo_msgs/include/leo_msgs/leo_msgs/srv/detail
[12.019s] -- Installing: /home/mscrobotics2425laptop4/LEO-ROVER-CODING/install/leo_msgs/include/leo_msgs/leo_msgs/srv/detail/set_imu_calibration__rosidl_typesupport_fastrtps_cpp.hpp
[12.020s] -- Installing: /home/mscrobotics2425laptop4/LEO-ROVER-CODING/install/leo_msgs/include/leo_msgs/leo_msgs/srv/detail/dds_fastrtps
[12.020s] -- Installing: /home/mscrobotics2425laptop4/LEO-ROVER-CODING/install/leo_msgs/lib/libleo_msgs__rosidl_typesupport_fastrtps_cpp.so
[12.020s] -- Set runtime path of "/home/mscrobotics2425laptop4/LEO-ROVER-CODING/install/leo_msgs/lib/libleo_msgs__rosidl_typesupport_fastrtps_cpp.so" to ""
[12.020s] -- Up-to-date: /home/mscrobotics2425laptop4/LEO-ROVER-CODING/install/leo_msgs/include/leo_msgs/leo_msgs
[12.020s] -- Up-to-date: /home/mscrobotics2425laptop4/LEO-ROVER-CODING/install/leo_msgs/include/leo_msgs/leo_msgs/msg
[12.020s] -- Up-to-date: /home/mscrobotics2425laptop4/LEO-ROVER-CODING/install/leo_msgs/include/leo_msgs/leo_msgs/msg/detail
[12.020s] -- Installing: /home/mscrobotics2425laptop4/LEO-ROVER-CODING/install/leo_msgs/include/leo_msgs/leo_msgs/msg/detail/imu__rosidl_typesupport_introspection_cpp.hpp
[12.020s] -- Installing: /home/mscrobotics2425laptop4/LEO-ROVER-CODING/install/leo_msgs/include/leo_msgs/leo_msgs/msg/detail/wheel_odom__rosidl_typesupport_introspection_cpp.hpp
[12.020s] -- Installing: /home/mscrobotics2425laptop4/LEO-ROVER-CODING/install/leo_msgs/include/leo_msgs/leo_msgs/msg/detail/wheel_odom__type_support.cpp
[12.020s] -- Installing: /home/mscrobotics2425laptop4/LEO-ROVER-CODING/install/leo_msgs/include/leo_msgs/leo_msgs/msg/detail/wheel_odom_mecanum__type_support.cpp
[12.020s] -- Installing: /home/mscrobotics2425laptop4/LEO-ROVER-CODING/install/leo_msgs/include/leo_msgs/leo_msgs/msg/detail/wheel_states__type_support.cpp
[12.020s] -- Installing: /home/mscrobotics2425laptop4/LEO-ROVER-CODING/install/leo_msgs/include/leo_msgs/leo_msgs/msg/detail/imu__type_support.cpp
[12.020s] -- Installing: /home/mscrobotics2425laptop4/LEO-ROVER-CODING/install/leo_msgs/include/leo_msgs/leo_msgs/msg/detail/wheel_odom_mecanum__rosidl_typesupport_introspection_cpp.hpp
[12.020s] -- Installing: /home/mscrobotics2425laptop4/LEO-ROVER-CODING/install/leo_msgs/include/leo_msgs/leo_msgs/msg/detail/wheel_states__rosidl_typesupport_introspection_cpp.hpp
[12.020s] -- Up-to-date: /home/mscrobotics2425laptop4/LEO-ROVER-CODING/install/leo_msgs/include/leo_msgs/leo_msgs/srv
[12.020s] -- Up-to-date: /home/mscrobotics2425laptop4/LEO-ROVER-CODING/install/leo_msgs/include/leo_msgs/leo_msgs/srv/detail
[12.020s] -- Installing: /home/mscrobotics2425laptop4/LEO-ROVER-CODING/install/leo_msgs/include/leo_msgs/leo_msgs/srv/detail/set_imu_calibration__type_support.cpp
[12.020s] -- Installing: /home/mscrobotics2425laptop4/LEO-ROVER-CODING/install/leo_msgs/include/leo_msgs/leo_msgs/srv/detail/set_imu_calibration__rosidl_typesupport_introspection_cpp.hpp
[12.020s] -- Installing: /home/mscrobotics2425laptop4/LEO-ROVER-CODING/install/leo_msgs/lib/libleo_msgs__rosidl_typesupport_introspection_cpp.so
[12.020s] -- Set runtime path of "/home/mscrobotics2425laptop4/LEO-ROVER-CODING/install/leo_msgs/lib/libleo_msgs__rosidl_typesupport_introspection_cpp.so" to ""
[12.020s] -- Installing: /home/mscrobotics2425laptop4/LEO-ROVER-CODING/install/leo_msgs/lib/libleo_msgs__rosidl_typesupport_cpp.so
[12.020s] -- Set runtime path of "/home/mscrobotics2425laptop4/LEO-ROVER-CODING/install/leo_msgs/lib/libleo_msgs__rosidl_typesupport_cpp.so" to ""
[12.021s] -- Installing: /home/mscrobotics2425laptop4/LEO-ROVER-CODING/install/leo_msgs/share/leo_msgs/environment/pythonpath.sh
[12.021s] -- Installing: /home/mscrobotics2425laptop4/LEO-ROVER-CODING/install/leo_msgs/share/leo_msgs/environment/pythonpath.dsv
[12.021s] -- Installing: /home/mscrobotics2425laptop4/LEO-ROVER-CODING/install/leo_msgs/local/lib/python3.10/dist-packages/leo_msgs-1.2.4-py3.10.egg-info
[12.021s] -- Installing: /home/mscrobotics2425laptop4/LEO-ROVER-CODING/install/leo_msgs/local/lib/python3.10/dist-packages/leo_msgs-1.2.4-py3.10.egg-info/dependency_links.txt
[12.022s] -- Installing: /home/mscrobotics2425laptop4/LEO-ROVER-CODING/install/leo_msgs/local/lib/python3.10/dist-packages/leo_msgs-1.2.4-py3.10.egg-info/SOURCES.txt
[12.022s] -- Installing: /home/mscrobotics2425laptop4/LEO-ROVER-CODING/install/leo_msgs/local/lib/python3.10/dist-packages/leo_msgs-1.2.4-py3.10.egg-info/PKG-INFO
[12.022s] -- Installing: /home/mscrobotics2425laptop4/LEO-ROVER-CODING/install/leo_msgs/local/lib/python3.10/dist-packages/leo_msgs-1.2.4-py3.10.egg-info/top_level.txt
[12.022s] -- Installing: /home/mscrobotics2425laptop4/LEO-ROVER-CODING/install/leo_msgs/local/lib/python3.10/dist-packages/leo_msgs
[12.022s] -- Installing: /home/mscrobotics2425laptop4/LEO-ROVER-CODING/install/leo_msgs/local/lib/python3.10/dist-packages/leo_msgs/leo_msgs_s__rosidl_typesupport_c.cpython-310-x86_64-linux-gnu.so
[12.022s] -- Installing: /home/mscrobotics2425laptop4/LEO-ROVER-CODING/install/leo_msgs/local/lib/python3.10/dist-packages/leo_msgs/_leo_msgs_s.ep.rosidl_typesupport_fastrtps_c.c
[12.022s] -- Installing: /home/mscrobotics2425laptop4/LEO-ROVER-CODING/install/leo_msgs/local/lib/python3.10/dist-packages/leo_msgs/_leo_msgs_s.ep.rosidl_typesupport_introspection_c.c
[12.022s] -- Installing: /home/mscrobotics2425laptop4/LEO-ROVER-CODING/install/leo_msgs/local/lib/python3.10/dist-packages/leo_msgs/leo_msgs_s__rosidl_typesupport_introspection_c.cpython-310-x86_64-linux-gnu.so
[12.022s] -- Installing: /home/mscrobotics2425laptop4/LEO-ROVER-CODING/install/leo_msgs/local/lib/python3.10/dist-packages/leo_msgs/__init__.py
[12.022s] -- Installing: /home/mscrobotics2425laptop4/LEO-ROVER-CODING/install/leo_msgs/local/lib/python3.10/dist-packages/leo_msgs/leo_msgs_s__rosidl_typesupport_fastrtps_c.cpython-310-x86_64-linux-gnu.so
[12.023s] -- Installing: /home/mscrobotics2425laptop4/LEO-ROVER-CODING/install/leo_msgs/local/lib/python3.10/dist-packages/leo_msgs/libleo_msgs__rosidl_generator_py.so
[12.023s] -- Installing: /home/mscrobotics2425laptop4/LEO-ROVER-CODING/install/leo_msgs/local/lib/python3.10/dist-packages/leo_msgs/_leo_msgs_s.ep.rosidl_typesupport_c.c
[12.024s] -- Installing: /home/mscrobotics2425laptop4/LEO-ROVER-CODING/install/leo_msgs/local/lib/python3.10/dist-packages/leo_msgs/msg
[12.024s] -- Installing: /home/mscrobotics2425laptop4/LEO-ROVER-CODING/install/leo_msgs/local/lib/python3.10/dist-packages/leo_msgs/msg/_imu.py
[12.024s] -- Installing: /home/mscrobotics2425laptop4/LEO-ROVER-CODING/install/leo_msgs/local/lib/python3.10/dist-packages/leo_msgs/msg/_wheel_odom.py
[12.024s] -- Installing: /home/mscrobotics2425laptop4/LEO-ROVER-CODING/install/leo_msgs/local/lib/python3.10/dist-packages/leo_msgs/msg/_imu_s.c
[12.024s] -- Installing: /home/mscrobotics2425laptop4/LEO-ROVER-CODING/install/leo_msgs/local/lib/python3.10/dist-packages/leo_msgs/msg/_wheel_states.py
[12.024s] -- Installing: /home/mscrobotics2425laptop4/LEO-ROVER-CODING/install/leo_msgs/local/lib/python3.10/dist-packages/leo_msgs/msg/__init__.py
[12.024s] -- Installing: /home/mscrobotics2425laptop4/LEO-ROVER-CODING/install/leo_msgs/local/lib/python3.10/dist-packages/leo_msgs/msg/_wheel_odom_mecanum_s.c
[12.025s] -- Installing: /home/mscrobotics2425laptop4/LEO-ROVER-CODING/install/leo_msgs/local/lib/python3.10/dist-packages/leo_msgs/msg/_wheel_odom_s.c
[12.027s] -- Installing: /home/mscrobotics2425laptop4/LEO-ROVER-CODING/install/leo_msgs/local/lib/python3.10/dist-packages/leo_msgs/msg/_wheel_odom_mecanum.py
[12.027s] -- Installing: /home/mscrobotics2425laptop4/LEO-ROVER-CODING/install/leo_msgs/local/lib/python3.10/dist-packages/leo_msgs/msg/_wheel_states_s.c
[12.027s] -- Installing: /home/mscrobotics2425laptop4/LEO-ROVER-CODING/install/leo_msgs/local/lib/python3.10/dist-packages/leo_msgs/srv
[12.027s] -- Installing: /home/mscrobotics2425laptop4/LEO-ROVER-CODING/install/leo_msgs/local/lib/python3.10/dist-packages/leo_msgs/srv/_set_imu_calibration_s.c
[12.027s] -- Installing: /home/mscrobotics2425laptop4/LEO-ROVER-CODING/install/leo_msgs/local/lib/python3.10/dist-packages/leo_msgs/srv/__init__.py
[12.027s] -- Installing: /home/mscrobotics2425laptop4/LEO-ROVER-CODING/install/leo_msgs/local/lib/python3.10/dist-packages/leo_msgs/srv/_set_imu_calibration.py
[12.090s] Listing '/home/mscrobotics2425laptop4/LEO-ROVER-CODING/install/leo_msgs/local/lib/python3.10/dist-packages/leo_msgs'...
[12.090s] Compiling '/home/mscrobotics2425laptop4/LEO-ROVER-CODING/install/leo_msgs/local/lib/python3.10/dist-packages/leo_msgs/__init__.py'...
[12.091s] Listing '/home/mscrobotics2425laptop4/LEO-ROVER-CODING/install/leo_msgs/local/lib/python3.10/dist-packages/leo_msgs/msg'...
[12.091s] Compiling '/home/mscrobotics2425laptop4/LEO-ROVER-CODING/install/leo_msgs/local/lib/python3.10/dist-packages/leo_msgs/msg/__init__.py'...
[12.091s] Compiling '/home/mscrobotics2425laptop4/LEO-ROVER-CODING/install/leo_msgs/local/lib/python3.10/dist-packages/leo_msgs/msg/_imu.py'...
[12.091s] Compiling '/home/mscrobotics2425laptop4/LEO-ROVER-CODING/install/leo_msgs/local/lib/python3.10/dist-packages/leo_msgs/msg/_wheel_odom.py'...
[12.091s] Compiling '/home/mscrobotics2425laptop4/LEO-ROVER-CODING/install/leo_msgs/local/lib/python3.10/dist-packages/leo_msgs/msg/_wheel_odom_mecanum.py'...
[12.091s] Compiling '/home/mscrobotics2425laptop4/LEO-ROVER-CODING/install/leo_msgs/local/lib/python3.10/dist-packages/leo_msgs/msg/_wheel_states.py'...
[12.091s] Listing '/home/mscrobotics2425laptop4/LEO-ROVER-CODING/install/leo_msgs/local/lib/python3.10/dist-packages/leo_msgs/srv'...
[12.091s] Compiling '/home/mscrobotics2425laptop4/LEO-ROVER-CODING/install/leo_msgs/local/lib/python3.10/dist-packages/leo_msgs/srv/__init__.py'...
[12.091s] Compiling '/home/mscrobotics2425laptop4/LEO-ROVER-CODING/install/leo_msgs/local/lib/python3.10/dist-packages/leo_msgs/srv/_set_imu_calibration.py'...
[12.099s] -- Installing: /home/mscrobotics2425laptop4/LEO-ROVER-CODING/install/leo_msgs/local/lib/python3.10/dist-packages/leo_msgs/leo_msgs_s__rosidl_typesupport_fastrtps_c.cpython-310-x86_64-linux-gnu.so
[12.099s] -- Set runtime path of "/home/mscrobotics2425laptop4/LEO-ROVER-CODING/install/leo_msgs/local/lib/python3.10/dist-packages/leo_msgs/leo_msgs_s__rosidl_typesupport_fastrtps_c.cpython-310-x86_64-linux-gnu.so" to ""
[12.099s] -- Installing: /home/mscrobotics2425laptop4/LEO-ROVER-CODING/install/leo_msgs/local/lib/python3.10/dist-packages/leo_msgs/leo_msgs_s__rosidl_typesupport_introspection_c.cpython-310-x86_64-linux-gnu.so
[12.099s] -- Set runtime path of "/home/mscrobotics2425laptop4/LEO-ROVER-CODING/install/leo_msgs/local/lib/python3.10/dist-packages/leo_msgs/leo_msgs_s__rosidl_typesupport_introspection_c.cpython-310-x86_64-linux-gnu.so" to ""
[12.099s] -- Installing: /home/mscrobotics2425laptop4/LEO-ROVER-CODING/install/leo_msgs/local/lib/python3.10/dist-packages/leo_msgs/leo_msgs_s__rosidl_typesupport_c.cpython-310-x86_64-linux-gnu.so
[12.099s] -- Set runtime path of "/home/mscrobotics2425laptop4/LEO-ROVER-CODING/install/leo_msgs/local/lib/python3.10/dist-packages/leo_msgs/leo_msgs_s__rosidl_typesupport_c.cpython-310-x86_64-linux-gnu.so" to ""
[12.099s] -- Installing: /home/mscrobotics2425laptop4/LEO-ROVER-CODING/install/leo_msgs/lib/libleo_msgs__rosidl_generator_py.so
[12.099s] -- Set runtime path of "/home/mscrobotics2425laptop4/LEO-ROVER-CODING/install/leo_msgs/lib/libleo_msgs__rosidl_generator_py.so" to ""
[12.100s] -- Installing: /home/mscrobotics2425laptop4/LEO-ROVER-CODING/install/leo_msgs/share/leo_msgs/msg/Imu.idl
[12.100s] -- Installing: /home/mscrobotics2425laptop4/LEO-ROVER-CODING/install/leo_msgs/share/leo_msgs/msg/WheelOdom.idl
[12.101s] -- Installing: /home/mscrobotics2425laptop4/LEO-ROVER-CODING/install/leo_msgs/share/leo_msgs/msg/WheelOdomMecanum.idl
[12.101s] -- Installing: /home/mscrobotics2425laptop4/LEO-ROVER-CODING/install/leo_msgs/share/leo_msgs/msg/WheelStates.idl
[12.101s] -- Installing: /home/mscrobotics2425laptop4/LEO-ROVER-CODING/install/leo_msgs/share/leo_msgs/srv/SetImuCalibration.idl
[12.102s] -- Installing: /home/mscrobotics2425laptop4/LEO-ROVER-CODING/install/leo_msgs/share/leo_msgs/msg/Imu.msg
[12.102s] -- Installing: /home/mscrobotics2425laptop4/LEO-ROVER-CODING/install/leo_msgs/share/leo_msgs/msg/WheelOdom.msg
[12.102s] -- Installing: /home/mscrobotics2425laptop4/LEO-ROVER-CODING/install/leo_msgs/share/leo_msgs/msg/WheelOdomMecanum.msg
[12.103s] -- Installing: /home/mscrobotics2425laptop4/LEO-ROVER-CODING/install/leo_msgs/share/leo_msgs/msg/WheelStates.msg
[12.103s] -- Installing: /home/mscrobotics2425laptop4/LEO-ROVER-CODING/install/leo_msgs/share/leo_msgs/srv/SetImuCalibration.srv
[12.103s] -- Installing: /home/mscrobotics2425laptop4/LEO-ROVER-CODING/install/leo_msgs/share/leo_msgs/srv/SetImuCalibration_Request.msg
[12.103s] -- Installing: /home/mscrobotics2425laptop4/LEO-ROVER-CODING/install/leo_msgs/share/leo_msgs/srv/SetImuCalibration_Response.msg
[12.104s] -- Installing: /home/mscrobotics2425laptop4/LEO-ROVER-CODING/install/leo_msgs/share/ament_index/resource_index/package_run_dependencies/leo_msgs
[12.104s] -- Installing: /home/mscrobotics2425laptop4/LEO-ROVER-CODING/install/leo_msgs/share/ament_index/resource_index/parent_prefix_path/leo_msgs
[12.104s] -- Installing: /home/mscrobotics2425laptop4/LEO-ROVER-CODING/install/leo_msgs/share/leo_msgs/environment/ament_prefix_path.sh
[12.105s] -- Installing: /home/mscrobotics2425laptop4/LEO-ROVER-CODING/install/leo_msgs/share/leo_msgs/environment/ament_prefix_path.dsv
[12.105s] -- Installing: /home/mscrobotics2425laptop4/LEO-ROVER-CODING/install/leo_msgs/share/leo_msgs/environment/path.sh
[12.105s] -- Installing: /home/mscrobotics2425laptop4/LEO-ROVER-CODING/install/leo_msgs/share/leo_msgs/environment/path.dsv
[12.105s] -- Installing: /home/mscrobotics2425laptop4/LEO-ROVER-CODING/install/leo_msgs/share/leo_msgs/local_setup.bash
[12.106s] -- Installing: /home/mscrobotics2425laptop4/LEO-ROVER-CODING/install/leo_msgs/share/leo_msgs/local_setup.sh
[12.107s] -- Installing: /home/mscrobotics2425laptop4/LEO-ROVER-CODING/install/leo_msgs/share/leo_msgs/local_setup.zsh
[12.111s] -- Installing: /home/mscrobotics2425laptop4/LEO-ROVER-CODING/install/leo_msgs/share/leo_msgs/local_setup.dsv
[12.111s] -- Installing: /home/mscrobotics2425laptop4/LEO-ROVER-CODING/install/leo_msgs/share/leo_msgs/package.dsv
[12.111s] -- Installing: /home/mscrobotics2425laptop4/LEO-ROVER-CODING/install/leo_msgs/share/ament_index/resource_index/packages/leo_msgs
[12.111s] -- Installing: /home/mscrobotics2425laptop4/LEO-ROVER-CODING/install/leo_msgs/share/leo_msgs/cmake/export_leo_msgs__rosidl_generator_cExport.cmake
[12.111s] -- Installing: /home/mscrobotics2425laptop4/LEO-ROVER-CODING/install/leo_msgs/share/leo_msgs/cmake/export_leo_msgs__rosidl_generator_cExport-noconfig.cmake
[12.111s] -- Installing: /home/mscrobotics2425laptop4/LEO-ROVER-CODING/install/leo_msgs/share/leo_msgs/cmake/export_leo_msgs__rosidl_typesupport_fastrtps_cExport.cmake
[12.112s] -- Installing: /home/mscrobotics2425laptop4/LEO-ROVER-CODING/install/leo_msgs/share/leo_msgs/cmake/export_leo_msgs__rosidl_typesupport_fastrtps_cExport-noconfig.cmake
[12.112s] -- Installing: /home/mscrobotics2425laptop4/LEO-ROVER-CODING/install/leo_msgs/share/leo_msgs/cmake/leo_msgs__rosidl_typesupport_introspection_cExport.cmake
[12.112s] -- Installing: /home/mscrobotics2425laptop4/LEO-ROVER-CODING/install/leo_msgs/share/leo_msgs/cmake/leo_msgs__rosidl_typesupport_introspection_cExport-noconfig.cmake
[12.112s] -- Installing: /home/mscrobotics2425laptop4/LEO-ROVER-CODING/install/leo_msgs/share/leo_msgs/cmake/leo_msgs__rosidl_typesupport_cExport.cmake
[12.112s] -- Installing: /home/mscrobotics2425laptop4/LEO-ROVER-CODING/install/leo_msgs/share/leo_msgs/cmake/leo_msgs__rosidl_typesupport_cExport-noconfig.cmake
[12.112s] -- Installing: /home/mscrobotics2425laptop4/LEO-ROVER-CODING/install/leo_msgs/share/leo_msgs/cmake/export_leo_msgs__rosidl_generator_cppExport.cmake
[12.112s] -- Installing: /home/mscrobotics2425laptop4/LEO-ROVER-CODING/install/leo_msgs/share/leo_msgs/cmake/export_leo_msgs__rosidl_typesupport_fastrtps_cppExport.cmake
[12.112s] -- Installing: /home/mscrobotics2425laptop4/LEO-ROVER-CODING/install/leo_msgs/share/leo_msgs/cmake/export_leo_msgs__rosidl_typesupport_fastrtps_cppExport-noconfig.cmake
[12.112s] -- Installing: /home/mscrobotics2425laptop4/LEO-ROVER-CODING/install/leo_msgs/share/leo_msgs/cmake/leo_msgs__rosidl_typesupport_introspection_cppExport.cmake
[12.112s] -- Installing: /home/mscrobotics2425laptop4/LEO-ROVER-CODING/install/leo_msgs/share/leo_msgs/cmake/leo_msgs__rosidl_typesupport_introspection_cppExport-noconfig.cmake
[12.112s] -- Installing: /home/mscrobotics2425laptop4/LEO-ROVER-CODING/install/leo_msgs/share/leo_msgs/cmake/leo_msgs__rosidl_typesupport_cppExport.cmake
[12.112s] -- Installing: /home/mscrobotics2425laptop4/LEO-ROVER-CODING/install/leo_msgs/share/leo_msgs/cmake/leo_msgs__rosidl_typesupport_cppExport-noconfig.cmake
[12.112s] -- Installing: /home/mscrobotics2425laptop4/LEO-ROVER-CODING/install/leo_msgs/share/leo_msgs/cmake/export_leo_msgs__rosidl_generator_pyExport.cmake
[12.112s] -- Installing: /home/mscrobotics2425laptop4/LEO-ROVER-CODING/install/leo_msgs/share/leo_msgs/cmake/export_leo_msgs__rosidl_generator_pyExport-noconfig.cmake
[12.112s] -- Installing: /home/mscrobotics2425laptop4/LEO-ROVER-CODING/install/leo_msgs/share/leo_msgs/cmake/rosidl_cmake-extras.cmake
[12.116s] -- Installing: /home/mscrobotics2425laptop4/LEO-ROVER-CODING/install/leo_msgs/share/leo_msgs/cmake/ament_cmake_export_dependencies-extras.cmake
[12.116s] -- Installing: /home/mscrobotics2425laptop4/LEO-ROVER-CODING/install/leo_msgs/share/leo_msgs/cmake/ament_cmake_export_include_directories-extras.cmake
[12.116s] -- Installing: /home/mscrobotics2425laptop4/LEO-ROVER-CODING/install/leo_msgs/share/leo_msgs/cmake/ament_cmake_export_libraries-extras.cmake
[12.116s] -- Installing: /home/mscrobotics2425laptop4/LEO-ROVER-CODING/install/leo_msgs/share/leo_msgs/cmake/ament_cmake_export_targets-extras.cmake
[12.116s] -- Installing: /home/mscrobotics2425laptop4/LEO-ROVER-CODING/install/leo_msgs/share/leo_msgs/cmake/rosidl_cmake_export_typesupport_targets-extras.cmake
[12.117s] -- Installing: /home/mscrobotics2425laptop4/LEO-ROVER-CODING/install/leo_msgs/share/leo_msgs/cmake/rosidl_cmake_export_typesupport_libraries-extras.cmake
[12.117s] -- Installing: /home/mscrobotics2425laptop4/LEO-ROVER-CODING/install/leo_msgs/share/leo_msgs/cmake/leo_msgsConfig.cmake
[12.117s] -- Installing: /home/mscrobotics2425laptop4/LEO-ROVER-CODING/install/leo_msgs/share/leo_msgs/cmake/leo_msgsConfig-version.cmake
[12.119s] -- Installing: /home/mscrobotics2425laptop4/LEO-ROVER-CODING/install/leo_msgs/share/leo_msgs/package.xml
[12.127s] Invoked command in '/home/mscrobotics2425laptop4/LEO-ROVER-CODING/build/leo_msgs' returned '0': CMAKE_PREFIX_PATH=${CMAKE_PREFIX_PATH}:/home/mscrobotics2425laptop4/interbotix_ws/install/ros_cv_messages:/home/mscrobotics2425laptop4/interbotix_ws/install/leo_realsense:/home/mscrobotics2425laptop4/interbotix_ws/install/leo_manipulator:/home/mscrobotics2425laptop4/interbotix_ws/install/leo_main:/home/mscrobotics2425laptop4/interbotix_ws/install/leo_launch:/home/mscrobotics2425laptop4/interbotix_ws/install/interbotix_xs_modules:/home/mscrobotics2425laptop4/interbotix_ws/install/interbotix_perception_modules:/home/mscrobotics2425laptop4/interbotix_ws/install/interbotix_common_modules:/home/mscrobotics2425laptop4/ros2_tutorial_workspace/install/the_simplest_python_package:/home/mscrobotics2425laptop4/ros2_tutorial_workspace/install/test_package:/home/mscrobotics2425laptop4/ros2_tutorial_workspace/install/python_package_with_a_node:/home/mscrobotics2425laptop4/ros2_tutorial_workspace/install/python_package_that_uses_the_library:/home/mscrobotics2425laptop4/ros2_tutorial_workspace/install/python_package_with_a_library:/home/mscrobotics2425laptop4/ros2_tutorial_workspace/install/python_package_that_uses_the_services:/home/mscrobotics2425laptop4/ros2_tutorial_workspace/install/python_package_that_uses_the_messages:/home/mscrobotics2425laptop4/ros2_tutorial_workspace/install/python_package_that_uses_parameters_and_launch_files:/home/mscrobotics2425laptop4/ros2_tutorial_workspace/install/navigation_leo:/home/mscrobotics2425laptop4/ros2_tutorial_workspace/install/navigation_demos_custom_map:/home/mscrobotics2425laptop4/ros2_tutorial_workspace/install/navigation_demos:/home/mscrobotics2425laptop4/ros2_tutorial_workspace/install/m_explore_toggle:/home/mscrobotics2425laptop4/ros2_tutorial_workspace/install/lidar_emulator:/home/mscrobotics2425laptop4/ros2_tutorial_workspace/install/leo_team9:/home/mscrobotics2425laptop4/ros2_tutorial_workspace/install/gz_example_robot_description:/home/mscrobotics2425laptop4/ros2_tutorial_workspace/install/example_urdf_robot:/home/mscrobotics2425laptop4/ros2_tutorial_workspace/install/example_urdf_description:/home/mscrobotics2425laptop4/ros2_tutorial_workspace/install/example_gz_robot:/home/mscrobotics2425laptop4/ros2_tutorial_workspace/install/custom_server_package:/home/mscrobotics2425laptop4/ros2_tutorial_workspace/install/custom_client_package:/home/mscrobotics2425laptop4/ros2_tutorial_workspace/install/challenge_package:/home/mscrobotics2425laptop4/ros2_tutorial_workspace/install/bt_demos:/opt/ros/humble /usr/bin/cmake --install /home/mscrobotics2425laptop4/LEO-ROVER-CODING/build/leo_msgs
