[0.303s] Invoking command in '/home/mscrobotics2425laptop4/LEO-ROVER-CODING/build/interbotix_perception_msgs': CMAKE_PREFIX_PATH=${CMAKE_PREFIX_PATH}:/home/mscrobotics2425laptop4/interbotix_ws/install/ros_cv_messages:/home/mscrobotics2425laptop4/interbotix_ws/install/leo_realsense:/home/mscrobotics2425laptop4/interbotix_ws/install/leo_manipulator:/home/mscrobotics2425laptop4/interbotix_ws/install/leo_main:/home/mscrobotics2425laptop4/interbotix_ws/install/leo_launch:/home/mscrobotics2425laptop4/interbotix_ws/install/interbotix_xs_modules:/home/mscrobotics2425laptop4/interbotix_ws/install/interbotix_perception_modules:/home/mscrobotics2425laptop4/interbotix_ws/install/interbotix_common_modules:/home/mscrobotics2425laptop4/ros2_tutorial_workspace/install/the_simplest_python_package:/home/mscrobotics2425laptop4/ros2_tutorial_workspace/install/test_package:/home/mscrobotics2425laptop4/ros2_tutorial_workspace/install/python_package_with_a_node:/home/mscrobotics2425laptop4/ros2_tutorial_workspace/install/python_package_that_uses_the_library:/home/mscrobotics2425laptop4/ros2_tutorial_workspace/install/python_package_with_a_library:/home/mscrobotics2425laptop4/ros2_tutorial_workspace/install/python_package_that_uses_the_services:/home/mscrobotics2425laptop4/ros2_tutorial_workspace/install/python_package_that_uses_the_messages:/home/mscrobotics2425laptop4/ros2_tutorial_workspace/install/python_package_that_uses_parameters_and_launch_files:/home/mscrobotics2425laptop4/ros2_tutorial_workspace/install/navigation_leo:/home/mscrobotics2425laptop4/ros2_tutorial_workspace/install/navigation_demos_custom_map:/home/mscrobotics2425laptop4/ros2_tutorial_workspace/install/navigation_demos:/home/mscrobotics2425laptop4/ros2_tutorial_workspace/install/m_explore_toggle:/home/mscrobotics2425laptop4/ros2_tutorial_workspace/install/lidar_emulator:/home/mscrobotics2425laptop4/ros2_tutorial_workspace/install/leo_team9:/home/mscrobotics2425laptop4/ros2_tutorial_workspace/install/gz_example_robot_description:/home/mscrobotics2425laptop4/ros2_tutorial_workspace/install/example_urdf_robot:/home/mscrobotics2425laptop4/ros2_tutorial_workspace/install/example_urdf_description:/home/mscrobotics2425laptop4/ros2_tutorial_workspace/install/example_gz_robot:/home/mscrobotics2425laptop4/ros2_tutorial_workspace/install/custom_server_package:/home/mscrobotics2425laptop4/ros2_tutorial_workspace/install/custom_client_package:/home/mscrobotics2425laptop4/ros2_tutorial_workspace/install/challenge_package:/home/mscrobotics2425laptop4/ros2_tutorial_workspace/install/bt_demos:/opt/ros/humble /usr/bin/cmake --build /home/mscrobotics2425laptop4/LEO-ROVER-CODING/build/interbotix_perception_msgs -- -j12 -l12
[0.371s] [  1%] Built target interbotix_perception_msgs__cpp
[0.391s] [ 12%] Built target interbotix_perception_msgs__rosidl_generator_c
[0.453s] [ 12%] Built target ament_cmake_python_copy_interbotix_perception_msgs
[0.472s] [ 23%] Built target interbotix_perception_msgs__rosidl_typesupport_cpp
[0.483s] [ 34%] Built target interbotix_perception_msgs__rosidl_typesupport_introspection_c
[0.488s] [ 52%] Built target interbotix_perception_msgs__rosidl_typesupport_introspection_cpp
[0.492s] [ 56%] Built target interbotix_perception_msgs__rosidl_typesupport_fastrtps_c
[0.498s] [ 67%] Built target interbotix_perception_msgs__rosidl_typesupport_fastrtps_cpp
[0.501s] [ 78%] Built target interbotix_perception_msgs__rosidl_typesupport_c
[0.583s] [ 78%] Built target interbotix_perception_msgs
[0.644s] [ 80%] Built target interbotix_perception_msgs__py
[0.702s] [ 89%] Built target interbotix_perception_msgs__rosidl_generator_py
[0.737s] [ 92%] Built target interbotix_perception_msgs__rosidl_typesupport_fastrtps_c__pyext
[0.743s] [ 96%] Built target interbotix_perception_msgs__rosidl_typesupport_introspection_c__pyext
[0.743s] [100%] Built target interbotix_perception_msgs__rosidl_typesupport_c__pyext
[1.042s] running egg_info
[1.043s] writing interbotix_perception_msgs.egg-info/PKG-INFO
[1.044s] writing dependency_links to interbotix_perception_msgs.egg-info/dependency_links.txt
[1.044s] writing top-level names to interbotix_perception_msgs.egg-info/top_level.txt
[1.048s] reading manifest file 'interbotix_perception_msgs.egg-info/SOURCES.txt'
[1.049s] writing manifest file 'interbotix_perception_msgs.egg-info/SOURCES.txt'
[1.087s] [100%] Built target ament_cmake_python_build_interbotix_perception_msgs_egg
[1.262s] Invoked command in '/home/mscrobotics2425laptop4/LEO-ROVER-CODING/build/interbotix_perception_msgs' returned '0': CMAKE_PREFIX_PATH=${CMAKE_PREFIX_PATH}:/home/mscrobotics2425laptop4/interbotix_ws/install/ros_cv_messages:/home/mscrobotics2425laptop4/interbotix_ws/install/leo_realsense:/home/mscrobotics2425laptop4/interbotix_ws/install/leo_manipulator:/home/mscrobotics2425laptop4/interbotix_ws/install/leo_main:/home/mscrobotics2425laptop4/interbotix_ws/install/leo_launch:/home/mscrobotics2425laptop4/interbotix_ws/install/interbotix_xs_modules:/home/mscrobotics2425laptop4/interbotix_ws/install/interbotix_perception_modules:/home/mscrobotics2425laptop4/interbotix_ws/install/interbotix_common_modules:/home/mscrobotics2425laptop4/ros2_tutorial_workspace/install/the_simplest_python_package:/home/mscrobotics2425laptop4/ros2_tutorial_workspace/install/test_package:/home/mscrobotics2425laptop4/ros2_tutorial_workspace/install/python_package_with_a_node:/home/mscrobotics2425laptop4/ros2_tutorial_workspace/install/python_package_that_uses_the_library:/home/mscrobotics2425laptop4/ros2_tutorial_workspace/install/python_package_with_a_library:/home/mscrobotics2425laptop4/ros2_tutorial_workspace/install/python_package_that_uses_the_services:/home/mscrobotics2425laptop4/ros2_tutorial_workspace/install/python_package_that_uses_the_messages:/home/mscrobotics2425laptop4/ros2_tutorial_workspace/install/python_package_that_uses_parameters_and_launch_files:/home/mscrobotics2425laptop4/ros2_tutorial_workspace/install/navigation_leo:/home/mscrobotics2425laptop4/ros2_tutorial_workspace/install/navigation_demos_custom_map:/home/mscrobotics2425laptop4/ros2_tutorial_workspace/install/navigation_demos:/home/mscrobotics2425laptop4/ros2_tutorial_workspace/install/m_explore_toggle:/home/mscrobotics2425laptop4/ros2_tutorial_workspace/install/lidar_emulator:/home/mscrobotics2425laptop4/ros2_tutorial_workspace/install/leo_team9:/home/mscrobotics2425laptop4/ros2_tutorial_workspace/install/gz_example_robot_description:/home/mscrobotics2425laptop4/ros2_tutorial_workspace/install/example_urdf_robot:/home/mscrobotics2425laptop4/ros2_tutorial_workspace/install/example_urdf_description:/home/mscrobotics2425laptop4/ros2_tutorial_workspace/install/example_gz_robot:/home/mscrobotics2425laptop4/ros2_tutorial_workspace/install/custom_server_package:/home/mscrobotics2425laptop4/ros2_tutorial_workspace/install/custom_client_package:/home/mscrobotics2425laptop4/ros2_tutorial_workspace/install/challenge_package:/home/mscrobotics2425laptop4/ros2_tutorial_workspace/install/bt_demos:/opt/ros/humble /usr/bin/cmake --build /home/mscrobotics2425laptop4/LEO-ROVER-CODING/build/interbotix_perception_msgs -- -j12 -l12
[1.263s] Invoking command in '/home/mscrobotics2425laptop4/LEO-ROVER-CODING/build/interbotix_perception_msgs': CMAKE_PREFIX_PATH=${CMAKE_PREFIX_PATH}:/home/mscrobotics2425laptop4/interbotix_ws/install/ros_cv_messages:/home/mscrobotics2425laptop4/interbotix_ws/install/leo_realsense:/home/mscrobotics2425laptop4/interbotix_ws/install/leo_manipulator:/home/mscrobotics2425laptop4/interbotix_ws/install/leo_main:/home/mscrobotics2425laptop4/interbotix_ws/install/leo_launch:/home/mscrobotics2425laptop4/interbotix_ws/install/interbotix_xs_modules:/home/mscrobotics2425laptop4/interbotix_ws/install/interbotix_perception_modules:/home/mscrobotics2425laptop4/interbotix_ws/install/interbotix_common_modules:/home/mscrobotics2425laptop4/ros2_tutorial_workspace/install/the_simplest_python_package:/home/mscrobotics2425laptop4/ros2_tutorial_workspace/install/test_package:/home/mscrobotics2425laptop4/ros2_tutorial_workspace/install/python_package_with_a_node:/home/mscrobotics2425laptop4/ros2_tutorial_workspace/install/python_package_that_uses_the_library:/home/mscrobotics2425laptop4/ros2_tutorial_workspace/install/python_package_with_a_library:/home/mscrobotics2425laptop4/ros2_tutorial_workspace/install/python_package_that_uses_the_services:/home/mscrobotics2425laptop4/ros2_tutorial_workspace/install/python_package_that_uses_the_messages:/home/mscrobotics2425laptop4/ros2_tutorial_workspace/install/python_package_that_uses_parameters_and_launch_files:/home/mscrobotics2425laptop4/ros2_tutorial_workspace/install/navigation_leo:/home/mscrobotics2425laptop4/ros2_tutorial_workspace/install/navigation_demos_custom_map:/home/mscrobotics2425laptop4/ros2_tutorial_workspace/install/navigation_demos:/home/mscrobotics2425laptop4/ros2_tutorial_workspace/install/m_explore_toggle:/home/mscrobotics2425laptop4/ros2_tutorial_workspace/install/lidar_emulator:/home/mscrobotics2425laptop4/ros2_tutorial_workspace/install/leo_team9:/home/mscrobotics2425laptop4/ros2_tutorial_workspace/install/gz_example_robot_description:/home/mscrobotics2425laptop4/ros2_tutorial_workspace/install/example_urdf_robot:/home/mscrobotics2425laptop4/ros2_tutorial_workspace/install/example_urdf_description:/home/mscrobotics2425laptop4/ros2_tutorial_workspace/install/example_gz_robot:/home/mscrobotics2425laptop4/ros2_tutorial_workspace/install/custom_server_package:/home/mscrobotics2425laptop4/ros2_tutorial_workspace/install/custom_client_package:/home/mscrobotics2425laptop4/ros2_tutorial_workspace/install/challenge_package:/home/mscrobotics2425laptop4/ros2_tutorial_workspace/install/bt_demos:/opt/ros/humble /usr/bin/cmake --install /home/mscrobotics2425laptop4/LEO-ROVER-CODING/build/interbotix_perception_msgs
[1.356s] -- Install configuration: ""
[1.356s] -- Up-to-date: /home/mscrobotics2425laptop4/LEO-ROVER-CODING/install/interbotix_perception_msgs/share/ament_index/resource_index/rosidl_interfaces/interbotix_perception_msgs
[1.356s] -- Up-to-date: /home/mscrobotics2425laptop4/LEO-ROVER-CODING/install/interbotix_perception_msgs/include/interbotix_perception_msgs/interbotix_perception_msgs
[1.356s] -- Up-to-date: /home/mscrobotics2425laptop4/LEO-ROVER-CODING/install/interbotix_perception_msgs/include/interbotix_perception_msgs/interbotix_perception_msgs/msg
[1.356s] -- Up-to-date: /home/mscrobotics2425laptop4/LEO-ROVER-CODING/install/interbotix_perception_msgs/include/interbotix_perception_msgs/interbotix_perception_msgs/msg/rosidl_generator_c__visibility_control.h
[1.356s] -- Up-to-date: /home/mscrobotics2425laptop4/LEO-ROVER-CODING/install/interbotix_perception_msgs/include/interbotix_perception_msgs/interbotix_perception_msgs/msg/detail
[1.356s] -- Up-to-date: /home/mscrobotics2425laptop4/LEO-ROVER-CODING/install/interbotix_perception_msgs/include/interbotix_perception_msgs/interbotix_perception_msgs/msg/detail/cluster_info__struct.h
[1.356s] -- Up-to-date: /home/mscrobotics2425laptop4/LEO-ROVER-CODING/install/interbotix_perception_msgs/include/interbotix_perception_msgs/interbotix_perception_msgs/msg/detail/cluster_info__type_support.h
[1.356s] -- Up-to-date: /home/mscrobotics2425laptop4/LEO-ROVER-CODING/install/interbotix_perception_msgs/include/interbotix_perception_msgs/interbotix_perception_msgs/msg/detail/cluster_info__functions.c
[1.356s] -- Up-to-date: /home/mscrobotics2425laptop4/LEO-ROVER-CODING/install/interbotix_perception_msgs/include/interbotix_perception_msgs/interbotix_perception_msgs/msg/detail/cluster_info__functions.h
[1.356s] -- Up-to-date: /home/mscrobotics2425laptop4/LEO-ROVER-CODING/install/interbotix_perception_msgs/include/interbotix_perception_msgs/interbotix_perception_msgs/msg/cluster_info.h
[1.356s] -- Up-to-date: /home/mscrobotics2425laptop4/LEO-ROVER-CODING/install/interbotix_perception_msgs/include/interbotix_perception_msgs/interbotix_perception_msgs/srv
[1.356s] -- Up-to-date: /home/mscrobotics2425laptop4/LEO-ROVER-CODING/install/interbotix_perception_msgs/include/interbotix_perception_msgs/interbotix_perception_msgs/srv/detail
[1.357s] -- Up-to-date: /home/mscrobotics2425laptop4/LEO-ROVER-CODING/install/interbotix_perception_msgs/include/interbotix_perception_msgs/interbotix_perception_msgs/srv/detail/snap_picture__functions.h
[1.357s] -- Up-to-date: /home/mscrobotics2425laptop4/LEO-ROVER-CODING/install/interbotix_perception_msgs/include/interbotix_perception_msgs/interbotix_perception_msgs/srv/detail/cluster_info_array__functions.h
[1.357s] -- Up-to-date: /home/mscrobotics2425laptop4/LEO-ROVER-CODING/install/interbotix_perception_msgs/include/interbotix_perception_msgs/interbotix_perception_msgs/srv/detail/cluster_info_array__functions.c
[1.357s] -- Up-to-date: /home/mscrobotics2425laptop4/LEO-ROVER-CODING/install/interbotix_perception_msgs/include/interbotix_perception_msgs/interbotix_perception_msgs/srv/detail/snap_picture__struct.h
[1.357s] -- Up-to-date: /home/mscrobotics2425laptop4/LEO-ROVER-CODING/install/interbotix_perception_msgs/include/interbotix_perception_msgs/interbotix_perception_msgs/srv/detail/snap_picture__functions.c
[1.357s] -- Up-to-date: /home/mscrobotics2425laptop4/LEO-ROVER-CODING/install/interbotix_perception_msgs/include/interbotix_perception_msgs/interbotix_perception_msgs/srv/detail/filter_params__functions.c
[1.357s] -- Up-to-date: /home/mscrobotics2425laptop4/LEO-ROVER-CODING/install/interbotix_perception_msgs/include/interbotix_perception_msgs/interbotix_perception_msgs/srv/detail/cluster_info_array__struct.h
[1.357s] -- Up-to-date: /home/mscrobotics2425laptop4/LEO-ROVER-CODING/install/interbotix_perception_msgs/include/interbotix_perception_msgs/interbotix_perception_msgs/srv/detail/snap_picture__type_support.h
[1.357s] -- Up-to-date: /home/mscrobotics2425laptop4/LEO-ROVER-CODING/install/interbotix_perception_msgs/include/interbotix_perception_msgs/interbotix_perception_msgs/srv/detail/filter_params__functions.h
[1.357s] -- Up-to-date: /home/mscrobotics2425laptop4/LEO-ROVER-CODING/install/interbotix_perception_msgs/include/interbotix_perception_msgs/interbotix_perception_msgs/srv/detail/filter_params__struct.h
[1.357s] -- Up-to-date: /home/mscrobotics2425laptop4/LEO-ROVER-CODING/install/interbotix_perception_msgs/include/interbotix_perception_msgs/interbotix_perception_msgs/srv/detail/cluster_info_array__type_support.h
[1.357s] -- Up-to-date: /home/mscrobotics2425laptop4/LEO-ROVER-CODING/install/interbotix_perception_msgs/include/interbotix_perception_msgs/interbotix_perception_msgs/srv/detail/filter_params__type_support.h
[1.358s] -- Up-to-date: /home/mscrobotics2425laptop4/LEO-ROVER-CODING/install/interbotix_perception_msgs/include/interbotix_perception_msgs/interbotix_perception_msgs/srv/filter_params.h
[1.358s] -- Up-to-date: /home/mscrobotics2425laptop4/LEO-ROVER-CODING/install/interbotix_perception_msgs/include/interbotix_perception_msgs/interbotix_perception_msgs/srv/snap_picture.h
[1.358s] -- Up-to-date: /home/mscrobotics2425laptop4/LEO-ROVER-CODING/install/interbotix_perception_msgs/include/interbotix_perception_msgs/interbotix_perception_msgs/srv/cluster_info_array.h
[1.358s] -- Up-to-date: /home/mscrobotics2425laptop4/LEO-ROVER-CODING/install/interbotix_perception_msgs/share/interbotix_perception_msgs/environment/library_path.sh
[1.358s] -- Up-to-date: /home/mscrobotics2425laptop4/LEO-ROVER-CODING/install/interbotix_perception_msgs/share/interbotix_perception_msgs/environment/library_path.dsv
[1.358s] -- Up-to-date: /home/mscrobotics2425laptop4/LEO-ROVER-CODING/install/interbotix_perception_msgs/lib/libinterbotix_perception_msgs__rosidl_generator_c.so
[1.358s] -- Up-to-date: /home/mscrobotics2425laptop4/LEO-ROVER-CODING/install/interbotix_perception_msgs/include/interbotix_perception_msgs/interbotix_perception_msgs
[1.358s] -- Up-to-date: /home/mscrobotics2425laptop4/LEO-ROVER-CODING/install/interbotix_perception_msgs/include/interbotix_perception_msgs/interbotix_perception_msgs/msg
[1.358s] -- Up-to-date: /home/mscrobotics2425laptop4/LEO-ROVER-CODING/install/interbotix_perception_msgs/include/interbotix_perception_msgs/interbotix_perception_msgs/msg/rosidl_typesupport_fastrtps_c__visibility_control.h
[1.358s] -- Up-to-date: /home/mscrobotics2425laptop4/LEO-ROVER-CODING/install/interbotix_perception_msgs/include/interbotix_perception_msgs/interbotix_perception_msgs/msg/detail
[1.358s] -- Up-to-date: /home/mscrobotics2425laptop4/LEO-ROVER-CODING/install/interbotix_perception_msgs/include/interbotix_perception_msgs/interbotix_perception_msgs/msg/detail/cluster_info__rosidl_typesupport_fastrtps_c.h
[1.358s] -- Up-to-date: /home/mscrobotics2425laptop4/LEO-ROVER-CODING/install/interbotix_perception_msgs/include/interbotix_perception_msgs/interbotix_perception_msgs/srv
[1.358s] -- Up-to-date: /home/mscrobotics2425laptop4/LEO-ROVER-CODING/install/interbotix_perception_msgs/include/interbotix_perception_msgs/interbotix_perception_msgs/srv/detail
[1.358s] -- Up-to-date: /home/mscrobotics2425laptop4/LEO-ROVER-CODING/install/interbotix_perception_msgs/include/interbotix_perception_msgs/interbotix_perception_msgs/srv/detail/filter_params__rosidl_typesupport_fastrtps_c.h
[1.358s] -- Up-to-date: /home/mscrobotics2425laptop4/LEO-ROVER-CODING/install/interbotix_perception_msgs/include/interbotix_perception_msgs/interbotix_perception_msgs/srv/detail/snap_picture__rosidl_typesupport_fastrtps_c.h
[1.358s] -- Up-to-date: /home/mscrobotics2425laptop4/LEO-ROVER-CODING/install/interbotix_perception_msgs/include/interbotix_perception_msgs/interbotix_perception_msgs/srv/detail/cluster_info_array__rosidl_typesupport_fastrtps_c.h
[1.358s] -- Up-to-date: /home/mscrobotics2425laptop4/LEO-ROVER-CODING/install/interbotix_perception_msgs/lib/libinterbotix_perception_msgs__rosidl_typesupport_fastrtps_c.so
[1.359s] -- Up-to-date: /home/mscrobotics2425laptop4/LEO-ROVER-CODING/install/interbotix_perception_msgs/include/interbotix_perception_msgs/interbotix_perception_msgs
[1.359s] -- Up-to-date: /home/mscrobotics2425laptop4/LEO-ROVER-CODING/install/interbotix_perception_msgs/include/interbotix_perception_msgs/interbotix_perception_msgs/msg
[1.359s] -- Up-to-date: /home/mscrobotics2425laptop4/LEO-ROVER-CODING/install/interbotix_perception_msgs/include/interbotix_perception_msgs/interbotix_perception_msgs/msg/rosidl_typesupport_introspection_c__visibility_control.h
[1.359s] -- Up-to-date: /home/mscrobotics2425laptop4/LEO-ROVER-CODING/install/interbotix_perception_msgs/include/interbotix_perception_msgs/interbotix_perception_msgs/msg/detail
[1.359s] -- Up-to-date: /home/mscrobotics2425laptop4/LEO-ROVER-CODING/install/interbotix_perception_msgs/include/interbotix_perception_msgs/interbotix_perception_msgs/msg/detail/cluster_info__rosidl_typesupport_introspection_c.h
[1.359s] -- Up-to-date: /home/mscrobotics2425laptop4/LEO-ROVER-CODING/install/interbotix_perception_msgs/include/interbotix_perception_msgs/interbotix_perception_msgs/msg/detail/cluster_info__type_support.c
[1.359s] -- Up-to-date: /home/mscrobotics2425laptop4/LEO-ROVER-CODING/install/interbotix_perception_msgs/include/interbotix_perception_msgs/interbotix_perception_msgs/srv
[1.359s] -- Up-to-date: /home/mscrobotics2425laptop4/LEO-ROVER-CODING/install/interbotix_perception_msgs/include/interbotix_perception_msgs/interbotix_perception_msgs/srv/detail
[1.359s] -- Up-to-date: /home/mscrobotics2425laptop4/LEO-ROVER-CODING/install/interbotix_perception_msgs/include/interbotix_perception_msgs/interbotix_perception_msgs/srv/detail/filter_params__type_support.c
[1.359s] -- Up-to-date: /home/mscrobotics2425laptop4/LEO-ROVER-CODING/install/interbotix_perception_msgs/include/interbotix_perception_msgs/interbotix_perception_msgs/srv/detail/snap_picture__type_support.c
[1.359s] -- Up-to-date: /home/mscrobotics2425laptop4/LEO-ROVER-CODING/install/interbotix_perception_msgs/include/interbotix_perception_msgs/interbotix_perception_msgs/srv/detail/cluster_info_array__type_support.c
[1.359s] -- Up-to-date: /home/mscrobotics2425laptop4/LEO-ROVER-CODING/install/interbotix_perception_msgs/include/interbotix_perception_msgs/interbotix_perception_msgs/srv/detail/filter_params__rosidl_typesupport_introspection_c.h
[1.359s] -- Up-to-date: /home/mscrobotics2425laptop4/LEO-ROVER-CODING/install/interbotix_perception_msgs/include/interbotix_perception_msgs/interbotix_perception_msgs/srv/detail/cluster_info_array__rosidl_typesupport_introspection_c.h
[1.359s] -- Up-to-date: /home/mscrobotics2425laptop4/LEO-ROVER-CODING/install/interbotix_perception_msgs/include/interbotix_perception_msgs/interbotix_perception_msgs/srv/detail/snap_picture__rosidl_typesupport_introspection_c.h
[1.359s] -- Up-to-date: /home/mscrobotics2425laptop4/LEO-ROVER-CODING/install/interbotix_perception_msgs/lib/libinterbotix_perception_msgs__rosidl_typesupport_introspection_c.so
[1.360s] -- Up-to-date: /home/mscrobotics2425laptop4/LEO-ROVER-CODING/install/interbotix_perception_msgs/lib/libinterbotix_perception_msgs__rosidl_typesupport_c.so
[1.360s] -- Up-to-date: /home/mscrobotics2425laptop4/LEO-ROVER-CODING/install/interbotix_perception_msgs/include/interbotix_perception_msgs/interbotix_perception_msgs
[1.360s] -- Up-to-date: /home/mscrobotics2425laptop4/LEO-ROVER-CODING/install/interbotix_perception_msgs/include/interbotix_perception_msgs/interbotix_perception_msgs/msg
[1.360s] -- Up-to-date: /home/mscrobotics2425laptop4/LEO-ROVER-CODING/install/interbotix_perception_msgs/include/interbotix_perception_msgs/interbotix_perception_msgs/msg/cluster_info.hpp
[1.360s] -- Up-to-date: /home/mscrobotics2425laptop4/LEO-ROVER-CODING/install/interbotix_perception_msgs/include/interbotix_perception_msgs/interbotix_perception_msgs/msg/detail
[1.360s] -- Up-to-date: /home/mscrobotics2425laptop4/LEO-ROVER-CODING/install/interbotix_perception_msgs/include/interbotix_perception_msgs/interbotix_perception_msgs/msg/detail/cluster_info__type_support.hpp
[1.360s] -- Up-to-date: /home/mscrobotics2425laptop4/LEO-ROVER-CODING/install/interbotix_perception_msgs/include/interbotix_perception_msgs/interbotix_perception_msgs/msg/detail/cluster_info__traits.hpp
[1.360s] -- Up-to-date: /home/mscrobotics2425laptop4/LEO-ROVER-CODING/install/interbotix_perception_msgs/include/interbotix_perception_msgs/interbotix_perception_msgs/msg/detail/cluster_info__builder.hpp
[1.360s] -- Up-to-date: /home/mscrobotics2425laptop4/LEO-ROVER-CODING/install/interbotix_perception_msgs/include/interbotix_perception_msgs/interbotix_perception_msgs/msg/detail/cluster_info__struct.hpp
[1.360s] -- Up-to-date: /home/mscrobotics2425laptop4/LEO-ROVER-CODING/install/interbotix_perception_msgs/include/interbotix_perception_msgs/interbotix_perception_msgs/msg/rosidl_generator_cpp__visibility_control.hpp
[1.360s] -- Up-to-date: /home/mscrobotics2425laptop4/LEO-ROVER-CODING/install/interbotix_perception_msgs/include/interbotix_perception_msgs/interbotix_perception_msgs/srv
[1.360s] -- Up-to-date: /home/mscrobotics2425laptop4/LEO-ROVER-CODING/install/interbotix_perception_msgs/include/interbotix_perception_msgs/interbotix_perception_msgs/srv/cluster_info_array.hpp
[1.360s] -- Up-to-date: /home/mscrobotics2425laptop4/LEO-ROVER-CODING/install/interbotix_perception_msgs/include/interbotix_perception_msgs/interbotix_perception_msgs/srv/snap_picture.hpp
[1.360s] -- Up-to-date: /home/mscrobotics2425laptop4/LEO-ROVER-CODING/install/interbotix_perception_msgs/include/interbotix_perception_msgs/interbotix_perception_msgs/srv/detail
[1.360s] -- Up-to-date: /home/mscrobotics2425laptop4/LEO-ROVER-CODING/install/interbotix_perception_msgs/include/interbotix_perception_msgs/interbotix_perception_msgs/srv/detail/cluster_info_array__builder.hpp
[1.360s] -- Up-to-date: /home/mscrobotics2425laptop4/LEO-ROVER-CODING/install/interbotix_perception_msgs/include/interbotix_perception_msgs/interbotix_perception_msgs/srv/detail/cluster_info_array__traits.hpp
[1.360s] -- Up-to-date: /home/mscrobotics2425laptop4/LEO-ROVER-CODING/install/interbotix_perception_msgs/include/interbotix_perception_msgs/interbotix_perception_msgs/srv/detail/snap_picture__type_support.hpp
[1.360s] -- Up-to-date: /home/mscrobotics2425laptop4/LEO-ROVER-CODING/install/interbotix_perception_msgs/include/interbotix_perception_msgs/interbotix_perception_msgs/srv/detail/snap_picture__builder.hpp
[1.360s] -- Up-to-date: /home/mscrobotics2425laptop4/LEO-ROVER-CODING/install/interbotix_perception_msgs/include/interbotix_perception_msgs/interbotix_perception_msgs/srv/detail/filter_params__builder.hpp
[1.360s] -- Up-to-date: /home/mscrobotics2425laptop4/LEO-ROVER-CODING/install/interbotix_perception_msgs/include/interbotix_perception_msgs/interbotix_perception_msgs/srv/detail/snap_picture__traits.hpp
[1.360s] -- Up-to-date: /home/mscrobotics2425laptop4/LEO-ROVER-CODING/install/interbotix_perception_msgs/include/interbotix_perception_msgs/interbotix_perception_msgs/srv/detail/cluster_info_array__struct.hpp
[1.360s] -- Up-to-date: /home/mscrobotics2425laptop4/LEO-ROVER-CODING/install/interbotix_perception_msgs/include/interbotix_perception_msgs/interbotix_perception_msgs/srv/detail/filter_params__traits.hpp
[1.360s] -- Up-to-date: /home/mscrobotics2425laptop4/LEO-ROVER-CODING/install/interbotix_perception_msgs/include/interbotix_perception_msgs/interbotix_perception_msgs/srv/detail/snap_picture__struct.hpp
[1.361s] -- Up-to-date: /home/mscrobotics2425laptop4/LEO-ROVER-CODING/install/interbotix_perception_msgs/include/interbotix_perception_msgs/interbotix_perception_msgs/srv/detail/filter_params__type_support.hpp
[1.361s] -- Up-to-date: /home/mscrobotics2425laptop4/LEO-ROVER-CODING/install/interbotix_perception_msgs/include/interbotix_perception_msgs/interbotix_perception_msgs/srv/detail/cluster_info_array__type_support.hpp
[1.361s] -- Up-to-date: /home/mscrobotics2425laptop4/LEO-ROVER-CODING/install/interbotix_perception_msgs/include/interbotix_perception_msgs/interbotix_perception_msgs/srv/detail/filter_params__struct.hpp
[1.361s] -- Up-to-date: /home/mscrobotics2425laptop4/LEO-ROVER-CODING/install/interbotix_perception_msgs/include/interbotix_perception_msgs/interbotix_perception_msgs/srv/filter_params.hpp
[1.361s] -- Up-to-date: /home/mscrobotics2425laptop4/LEO-ROVER-CODING/install/interbotix_perception_msgs/include/interbotix_perception_msgs/interbotix_perception_msgs
[1.361s] -- Up-to-date: /home/mscrobotics2425laptop4/LEO-ROVER-CODING/install/interbotix_perception_msgs/include/interbotix_perception_msgs/interbotix_perception_msgs/msg
[1.361s] -- Up-to-date: /home/mscrobotics2425laptop4/LEO-ROVER-CODING/install/interbotix_perception_msgs/include/interbotix_perception_msgs/interbotix_perception_msgs/msg/detail
[1.361s] -- Up-to-date: /home/mscrobotics2425laptop4/LEO-ROVER-CODING/install/interbotix_perception_msgs/include/interbotix_perception_msgs/interbotix_perception_msgs/msg/detail/cluster_info__rosidl_typesupport_fastrtps_cpp.hpp
[1.361s] -- Up-to-date: /home/mscrobotics2425laptop4/LEO-ROVER-CODING/install/interbotix_perception_msgs/include/interbotix_perception_msgs/interbotix_perception_msgs/msg/detail/dds_fastrtps
[1.361s] -- Up-to-date: /home/mscrobotics2425laptop4/LEO-ROVER-CODING/install/interbotix_perception_msgs/include/interbotix_perception_msgs/interbotix_perception_msgs/msg/rosidl_typesupport_fastrtps_cpp__visibility_control.h
[1.361s] -- Up-to-date: /home/mscrobotics2425laptop4/LEO-ROVER-CODING/install/interbotix_perception_msgs/include/interbotix_perception_msgs/interbotix_perception_msgs/srv
[1.361s] -- Up-to-date: /home/mscrobotics2425laptop4/LEO-ROVER-CODING/install/interbotix_perception_msgs/include/interbotix_perception_msgs/interbotix_perception_msgs/srv/detail
[1.361s] -- Up-to-date: /home/mscrobotics2425laptop4/LEO-ROVER-CODING/install/interbotix_perception_msgs/include/interbotix_perception_msgs/interbotix_perception_msgs/srv/detail/cluster_info_array__rosidl_typesupport_fastrtps_cpp.hpp
[1.361s] -- Up-to-date: /home/mscrobotics2425laptop4/LEO-ROVER-CODING/install/interbotix_perception_msgs/include/interbotix_perception_msgs/interbotix_perception_msgs/srv/detail/dds_fastrtps
[1.361s] -- Up-to-date: /home/mscrobotics2425laptop4/LEO-ROVER-CODING/install/interbotix_perception_msgs/include/interbotix_perception_msgs/interbotix_perception_msgs/srv/detail/snap_picture__rosidl_typesupport_fastrtps_cpp.hpp
[1.361s] -- Up-to-date: /home/mscrobotics2425laptop4/LEO-ROVER-CODING/install/interbotix_perception_msgs/include/interbotix_perception_msgs/interbotix_perception_msgs/srv/detail/filter_params__rosidl_typesupport_fastrtps_cpp.hpp
[1.366s] -- Up-to-date: /home/mscrobotics2425laptop4/LEO-ROVER-CODING/install/interbotix_perception_msgs/lib/libinterbotix_perception_msgs__rosidl_typesupport_fastrtps_cpp.so
[1.366s] -- Up-to-date: /home/mscrobotics2425laptop4/LEO-ROVER-CODING/install/interbotix_perception_msgs/include/interbotix_perception_msgs/interbotix_perception_msgs
[1.367s] -- Up-to-date: /home/mscrobotics2425laptop4/LEO-ROVER-CODING/install/interbotix_perception_msgs/include/interbotix_perception_msgs/interbotix_perception_msgs/msg
[1.367s] -- Up-to-date: /home/mscrobotics2425laptop4/LEO-ROVER-CODING/install/interbotix_perception_msgs/include/interbotix_perception_msgs/interbotix_perception_msgs/msg/detail
[1.370s] -- Up-to-date: /home/mscrobotics2425laptop4/LEO-ROVER-CODING/install/interbotix_perception_msgs/include/interbotix_perception_msgs/interbotix_perception_msgs/msg/detail/cluster_info__type_support.cpp
[1.370s] -- Up-to-date: /home/mscrobotics2425laptop4/LEO-ROVER-CODING/install/interbotix_perception_msgs/include/interbotix_perception_msgs/interbotix_perception_msgs/msg/detail/cluster_info__rosidl_typesupport_introspection_cpp.hpp
[1.370s] -- Up-to-date: /home/mscrobotics2425laptop4/LEO-ROVER-CODING/install/interbotix_perception_msgs/include/interbotix_perception_msgs/interbotix_perception_msgs/srv
[1.370s] -- Up-to-date: /home/mscrobotics2425laptop4/LEO-ROVER-CODING/install/interbotix_perception_msgs/include/interbotix_perception_msgs/interbotix_perception_msgs/srv/detail
[1.370s] -- Up-to-date: /home/mscrobotics2425laptop4/LEO-ROVER-CODING/install/interbotix_perception_msgs/include/interbotix_perception_msgs/interbotix_perception_msgs/srv/detail/filter_params__rosidl_typesupport_introspection_cpp.hpp
[1.370s] -- Up-to-date: /home/mscrobotics2425laptop4/LEO-ROVER-CODING/install/interbotix_perception_msgs/include/interbotix_perception_msgs/interbotix_perception_msgs/srv/detail/snap_picture__rosidl_typesupport_introspection_cpp.hpp
[1.370s] -- Up-to-date: /home/mscrobotics2425laptop4/LEO-ROVER-CODING/install/interbotix_perception_msgs/include/interbotix_perception_msgs/interbotix_perception_msgs/srv/detail/cluster_info_array__type_support.cpp
[1.370s] -- Up-to-date: /home/mscrobotics2425laptop4/LEO-ROVER-CODING/install/interbotix_perception_msgs/include/interbotix_perception_msgs/interbotix_perception_msgs/srv/detail/filter_params__type_support.cpp
[1.370s] -- Up-to-date: /home/mscrobotics2425laptop4/LEO-ROVER-CODING/install/interbotix_perception_msgs/include/interbotix_perception_msgs/interbotix_perception_msgs/srv/detail/cluster_info_array__rosidl_typesupport_introspection_cpp.hpp
[1.370s] -- Up-to-date: /home/mscrobotics2425laptop4/LEO-ROVER-CODING/install/interbotix_perception_msgs/include/interbotix_perception_msgs/interbotix_perception_msgs/srv/detail/snap_picture__type_support.cpp
[1.370s] -- Up-to-date: /home/mscrobotics2425laptop4/LEO-ROVER-CODING/install/interbotix_perception_msgs/lib/libinterbotix_perception_msgs__rosidl_typesupport_introspection_cpp.so
[1.370s] -- Up-to-date: /home/mscrobotics2425laptop4/LEO-ROVER-CODING/install/interbotix_perception_msgs/lib/libinterbotix_perception_msgs__rosidl_typesupport_cpp.so
[1.370s] -- Up-to-date: /home/mscrobotics2425laptop4/LEO-ROVER-CODING/install/interbotix_perception_msgs/share/interbotix_perception_msgs/environment/pythonpath.sh
[1.370s] -- Up-to-date: /home/mscrobotics2425laptop4/LEO-ROVER-CODING/install/interbotix_perception_msgs/share/interbotix_perception_msgs/environment/pythonpath.dsv
[1.370s] -- Up-to-date: /home/mscrobotics2425laptop4/LEO-ROVER-CODING/install/interbotix_perception_msgs/local/lib/python3.10/dist-packages/interbotix_perception_msgs-0.0.0-py3.10.egg-info
[1.371s] -- Installing: /home/mscrobotics2425laptop4/LEO-ROVER-CODING/install/interbotix_perception_msgs/local/lib/python3.10/dist-packages/interbotix_perception_msgs-0.0.0-py3.10.egg-info/dependency_links.txt
[1.371s] -- Installing: /home/mscrobotics2425laptop4/LEO-ROVER-CODING/install/interbotix_perception_msgs/local/lib/python3.10/dist-packages/interbotix_perception_msgs-0.0.0-py3.10.egg-info/SOURCES.txt
[1.371s] -- Installing: /home/mscrobotics2425laptop4/LEO-ROVER-CODING/install/interbotix_perception_msgs/local/lib/python3.10/dist-packages/interbotix_perception_msgs-0.0.0-py3.10.egg-info/PKG-INFO
[1.371s] -- Installing: /home/mscrobotics2425laptop4/LEO-ROVER-CODING/install/interbotix_perception_msgs/local/lib/python3.10/dist-packages/interbotix_perception_msgs-0.0.0-py3.10.egg-info/top_level.txt
[1.371s] -- Up-to-date: /home/mscrobotics2425laptop4/LEO-ROVER-CODING/install/interbotix_perception_msgs/local/lib/python3.10/dist-packages/interbotix_perception_msgs
[1.371s] -- Up-to-date: /home/mscrobotics2425laptop4/LEO-ROVER-CODING/install/interbotix_perception_msgs/local/lib/python3.10/dist-packages/interbotix_perception_msgs/interbotix_perception_msgs_s__rosidl_typesupport_fastrtps_c.cpython-310-x86_64-linux-gnu.so
[1.371s] -- Up-to-date: /home/mscrobotics2425laptop4/LEO-ROVER-CODING/install/interbotix_perception_msgs/local/lib/python3.10/dist-packages/interbotix_perception_msgs/_interbotix_perception_msgs_s.ep.rosidl_typesupport_c.c
[1.371s] -- Up-to-date: /home/mscrobotics2425laptop4/LEO-ROVER-CODING/install/interbotix_perception_msgs/local/lib/python3.10/dist-packages/interbotix_perception_msgs/_interbotix_perception_msgs_s.ep.rosidl_typesupport_fastrtps_c.c
[1.371s] -- Up-to-date: /home/mscrobotics2425laptop4/LEO-ROVER-CODING/install/interbotix_perception_msgs/local/lib/python3.10/dist-packages/interbotix_perception_msgs/interbotix_perception_msgs_s__rosidl_typesupport_introspection_c.cpython-310-x86_64-linux-gnu.so
[1.371s] -- Up-to-date: /home/mscrobotics2425laptop4/LEO-ROVER-CODING/install/interbotix_perception_msgs/local/lib/python3.10/dist-packages/interbotix_perception_msgs/interbotix_perception_msgs_s__rosidl_typesupport_c.cpython-310-x86_64-linux-gnu.so
[1.371s] -- Up-to-date: /home/mscrobotics2425laptop4/LEO-ROVER-CODING/install/interbotix_perception_msgs/local/lib/python3.10/dist-packages/interbotix_perception_msgs/_interbotix_perception_msgs_s.ep.rosidl_typesupport_introspection_c.c
[1.371s] -- Up-to-date: /home/mscrobotics2425laptop4/LEO-ROVER-CODING/install/interbotix_perception_msgs/local/lib/python3.10/dist-packages/interbotix_perception_msgs/__init__.py
[1.371s] -- Up-to-date: /home/mscrobotics2425laptop4/LEO-ROVER-CODING/install/interbotix_perception_msgs/local/lib/python3.10/dist-packages/interbotix_perception_msgs/libinterbotix_perception_msgs__rosidl_generator_py.so
[1.371s] -- Up-to-date: /home/mscrobotics2425laptop4/LEO-ROVER-CODING/install/interbotix_perception_msgs/local/lib/python3.10/dist-packages/interbotix_perception_msgs/msg
[1.371s] -- Up-to-date: /home/mscrobotics2425laptop4/LEO-ROVER-CODING/install/interbotix_perception_msgs/local/lib/python3.10/dist-packages/interbotix_perception_msgs/msg/_cluster_info.py
[1.371s] -- Up-to-date: /home/mscrobotics2425laptop4/LEO-ROVER-CODING/install/interbotix_perception_msgs/local/lib/python3.10/dist-packages/interbotix_perception_msgs/msg/__init__.py
[1.372s] -- Up-to-date: /home/mscrobotics2425laptop4/LEO-ROVER-CODING/install/interbotix_perception_msgs/local/lib/python3.10/dist-packages/interbotix_perception_msgs/msg/_cluster_info_s.c
[1.372s] -- Up-to-date: /home/mscrobotics2425laptop4/LEO-ROVER-CODING/install/interbotix_perception_msgs/local/lib/python3.10/dist-packages/interbotix_perception_msgs/srv
[1.372s] -- Up-to-date: /home/mscrobotics2425laptop4/LEO-ROVER-CODING/install/interbotix_perception_msgs/local/lib/python3.10/dist-packages/interbotix_perception_msgs/srv/_filter_params.py
[1.372s] -- Up-to-date: /home/mscrobotics2425laptop4/LEO-ROVER-CODING/install/interbotix_perception_msgs/local/lib/python3.10/dist-packages/interbotix_perception_msgs/srv/_snap_picture.py
[1.372s] -- Up-to-date: /home/mscrobotics2425laptop4/LEO-ROVER-CODING/install/interbotix_perception_msgs/local/lib/python3.10/dist-packages/interbotix_perception_msgs/srv/_filter_params_s.c
[1.372s] -- Up-to-date: /home/mscrobotics2425laptop4/LEO-ROVER-CODING/install/interbotix_perception_msgs/local/lib/python3.10/dist-packages/interbotix_perception_msgs/srv/__init__.py
[1.372s] -- Up-to-date: /home/mscrobotics2425laptop4/LEO-ROVER-CODING/install/interbotix_perception_msgs/local/lib/python3.10/dist-packages/interbotix_perception_msgs/srv/_cluster_info_array.py
[1.372s] -- Up-to-date: /home/mscrobotics2425laptop4/LEO-ROVER-CODING/install/interbotix_perception_msgs/local/lib/python3.10/dist-packages/interbotix_perception_msgs/srv/_cluster_info_array_s.c
[1.372s] -- Up-to-date: /home/mscrobotics2425laptop4/LEO-ROVER-CODING/install/interbotix_perception_msgs/local/lib/python3.10/dist-packages/interbotix_perception_msgs/srv/_snap_picture_s.c
[1.397s] Listing '/home/mscrobotics2425laptop4/LEO-ROVER-CODING/install/interbotix_perception_msgs/local/lib/python3.10/dist-packages/interbotix_perception_msgs'...
[1.397s] Listing '/home/mscrobotics2425laptop4/LEO-ROVER-CODING/install/interbotix_perception_msgs/local/lib/python3.10/dist-packages/interbotix_perception_msgs/msg'...
[1.398s] Listing '/home/mscrobotics2425laptop4/LEO-ROVER-CODING/install/interbotix_perception_msgs/local/lib/python3.10/dist-packages/interbotix_perception_msgs/srv'...
[1.410s] -- Up-to-date: /home/mscrobotics2425laptop4/LEO-ROVER-CODING/install/interbotix_perception_msgs/local/lib/python3.10/dist-packages/interbotix_perception_msgs/interbotix_perception_msgs_s__rosidl_typesupport_fastrtps_c.cpython-310-x86_64-linux-gnu.so
[1.410s] -- Up-to-date: /home/mscrobotics2425laptop4/LEO-ROVER-CODING/install/interbotix_perception_msgs/local/lib/python3.10/dist-packages/interbotix_perception_msgs/interbotix_perception_msgs_s__rosidl_typesupport_introspection_c.cpython-310-x86_64-linux-gnu.so
[1.410s] -- Up-to-date: /home/mscrobotics2425laptop4/LEO-ROVER-CODING/install/interbotix_perception_msgs/local/lib/python3.10/dist-packages/interbotix_perception_msgs/interbotix_perception_msgs_s__rosidl_typesupport_c.cpython-310-x86_64-linux-gnu.so
[1.412s] -- Up-to-date: /home/mscrobotics2425laptop4/LEO-ROVER-CODING/install/interbotix_perception_msgs/lib/libinterbotix_perception_msgs__rosidl_generator_py.so
[1.412s] -- Up-to-date: /home/mscrobotics2425laptop4/LEO-ROVER-CODING/install/interbotix_perception_msgs/share/interbotix_perception_msgs/msg/ClusterInfo.idl
[1.413s] -- Up-to-date: /home/mscrobotics2425laptop4/LEO-ROVER-CODING/install/interbotix_perception_msgs/share/interbotix_perception_msgs/srv/ClusterInfoArray.idl
[1.414s] -- Up-to-date: /home/mscrobotics2425laptop4/LEO-ROVER-CODING/install/interbotix_perception_msgs/share/interbotix_perception_msgs/srv/FilterParams.idl
[1.414s] -- Up-to-date: /home/mscrobotics2425laptop4/LEO-ROVER-CODING/install/interbotix_perception_msgs/share/interbotix_perception_msgs/srv/SnapPicture.idl
[1.414s] -- Up-to-date: /home/mscrobotics2425laptop4/LEO-ROVER-CODING/install/interbotix_perception_msgs/share/interbotix_perception_msgs/msg/ClusterInfo.msg
[1.414s] -- Up-to-date: /home/mscrobotics2425laptop4/LEO-ROVER-CODING/install/interbotix_perception_msgs/share/interbotix_perception_msgs/srv/ClusterInfoArray.srv
[1.414s] -- Up-to-date: /home/mscrobotics2425laptop4/LEO-ROVER-CODING/install/interbotix_perception_msgs/share/interbotix_perception_msgs/srv/ClusterInfoArray_Request.msg
[1.414s] -- Up-to-date: /home/mscrobotics2425laptop4/LEO-ROVER-CODING/install/interbotix_perception_msgs/share/interbotix_perception_msgs/srv/ClusterInfoArray_Response.msg
[1.414s] -- Up-to-date: /home/mscrobotics2425laptop4/LEO-ROVER-CODING/install/interbotix_perception_msgs/share/interbotix_perception_msgs/srv/FilterParams.srv
[1.414s] -- Up-to-date: /home/mscrobotics2425laptop4/LEO-ROVER-CODING/install/interbotix_perception_msgs/share/interbotix_perception_msgs/srv/FilterParams_Request.msg
[1.414s] -- Up-to-date: /home/mscrobotics2425laptop4/LEO-ROVER-CODING/install/interbotix_perception_msgs/share/interbotix_perception_msgs/srv/FilterParams_Response.msg
[1.414s] -- Up-to-date: /home/mscrobotics2425laptop4/LEO-ROVER-CODING/install/interbotix_perception_msgs/share/interbotix_perception_msgs/srv/SnapPicture.srv
[1.414s] -- Up-to-date: /home/mscrobotics2425laptop4/LEO-ROVER-CODING/install/interbotix_perception_msgs/share/interbotix_perception_msgs/srv/SnapPicture_Request.msg
[1.414s] -- Up-to-date: /home/mscrobotics2425laptop4/LEO-ROVER-CODING/install/interbotix_perception_msgs/share/interbotix_perception_msgs/srv/SnapPicture_Response.msg
[1.414s] -- Up-to-date: /home/mscrobotics2425laptop4/LEO-ROVER-CODING/install/interbotix_perception_msgs/share/ament_index/resource_index/package_run_dependencies/interbotix_perception_msgs
[1.414s] -- Up-to-date: /home/mscrobotics2425laptop4/LEO-ROVER-CODING/install/interbotix_perception_msgs/share/ament_index/resource_index/parent_prefix_path/interbotix_perception_msgs
[1.415s] -- Up-to-date: /home/mscrobotics2425laptop4/LEO-ROVER-CODING/install/interbotix_perception_msgs/share/interbotix_perception_msgs/environment/ament_prefix_path.sh
[1.415s] -- Up-to-date: /home/mscrobotics2425laptop4/LEO-ROVER-CODING/install/interbotix_perception_msgs/share/interbotix_perception_msgs/environment/ament_prefix_path.dsv
[1.415s] -- Up-to-date: /home/mscrobotics2425laptop4/LEO-ROVER-CODING/install/interbotix_perception_msgs/share/interbotix_perception_msgs/environment/path.sh
[1.415s] -- Up-to-date: /home/mscrobotics2425laptop4/LEO-ROVER-CODING/install/interbotix_perception_msgs/share/interbotix_perception_msgs/environment/path.dsv
[1.415s] -- Up-to-date: /home/mscrobotics2425laptop4/LEO-ROVER-CODING/install/interbotix_perception_msgs/share/interbotix_perception_msgs/local_setup.bash
[1.415s] -- Up-to-date: /home/mscrobotics2425laptop4/LEO-ROVER-CODING/install/interbotix_perception_msgs/share/interbotix_perception_msgs/local_setup.sh
[1.415s] -- Up-to-date: /home/mscrobotics2425laptop4/LEO-ROVER-CODING/install/interbotix_perception_msgs/share/interbotix_perception_msgs/local_setup.zsh
[1.415s] -- Up-to-date: /home/mscrobotics2425laptop4/LEO-ROVER-CODING/install/interbotix_perception_msgs/share/interbotix_perception_msgs/local_setup.dsv
[1.415s] -- Installing: /home/mscrobotics2425laptop4/LEO-ROVER-CODING/install/interbotix_perception_msgs/share/interbotix_perception_msgs/package.dsv
[1.415s] -- Up-to-date: /home/mscrobotics2425laptop4/LEO-ROVER-CODING/install/interbotix_perception_msgs/share/ament_index/resource_index/packages/interbotix_perception_msgs
[1.415s] -- Up-to-date: /home/mscrobotics2425laptop4/LEO-ROVER-CODING/install/interbotix_perception_msgs/share/interbotix_perception_msgs/cmake/export_interbotix_perception_msgs__rosidl_generator_cExport.cmake
[1.415s] -- Up-to-date: /home/mscrobotics2425laptop4/LEO-ROVER-CODING/install/interbotix_perception_msgs/share/interbotix_perception_msgs/cmake/export_interbotix_perception_msgs__rosidl_generator_cExport-noconfig.cmake
[1.415s] -- Up-to-date: /home/mscrobotics2425laptop4/LEO-ROVER-CODING/install/interbotix_perception_msgs/share/interbotix_perception_msgs/cmake/export_interbotix_perception_msgs__rosidl_typesupport_fastrtps_cExport.cmake
[1.416s] -- Up-to-date: /home/mscrobotics2425laptop4/LEO-ROVER-CODING/install/interbotix_perception_msgs/share/interbotix_perception_msgs/cmake/export_interbotix_perception_msgs__rosidl_typesupport_fastrtps_cExport-noconfig.cmake
[1.416s] -- Up-to-date: /home/mscrobotics2425laptop4/LEO-ROVER-CODING/install/interbotix_perception_msgs/share/interbotix_perception_msgs/cmake/interbotix_perception_msgs__rosidl_typesupport_introspection_cExport.cmake
[1.416s] -- Up-to-date: /home/mscrobotics2425laptop4/LEO-ROVER-CODING/install/interbotix_perception_msgs/share/interbotix_perception_msgs/cmake/interbotix_perception_msgs__rosidl_typesupport_introspection_cExport-noconfig.cmake
[1.416s] -- Up-to-date: /home/mscrobotics2425laptop4/LEO-ROVER-CODING/install/interbotix_perception_msgs/share/interbotix_perception_msgs/cmake/interbotix_perception_msgs__rosidl_typesupport_cExport.cmake
[1.416s] -- Up-to-date: /home/mscrobotics2425laptop4/LEO-ROVER-CODING/install/interbotix_perception_msgs/share/interbotix_perception_msgs/cmake/interbotix_perception_msgs__rosidl_typesupport_cExport-noconfig.cmake
[1.416s] -- Up-to-date: /home/mscrobotics2425laptop4/LEO-ROVER-CODING/install/interbotix_perception_msgs/share/interbotix_perception_msgs/cmake/export_interbotix_perception_msgs__rosidl_generator_cppExport.cmake
[1.416s] -- Up-to-date: /home/mscrobotics2425laptop4/LEO-ROVER-CODING/install/interbotix_perception_msgs/share/interbotix_perception_msgs/cmake/export_interbotix_perception_msgs__rosidl_typesupport_fastrtps_cppExport.cmake
[1.416s] -- Up-to-date: /home/mscrobotics2425laptop4/LEO-ROVER-CODING/install/interbotix_perception_msgs/share/interbotix_perception_msgs/cmake/export_interbotix_perception_msgs__rosidl_typesupport_fastrtps_cppExport-noconfig.cmake
[1.416s] -- Up-to-date: /home/mscrobotics2425laptop4/LEO-ROVER-CODING/install/interbotix_perception_msgs/share/interbotix_perception_msgs/cmake/interbotix_perception_msgs__rosidl_typesupport_introspection_cppExport.cmake
[1.417s] -- Up-to-date: /home/mscrobotics2425laptop4/LEO-ROVER-CODING/install/interbotix_perception_msgs/share/interbotix_perception_msgs/cmake/interbotix_perception_msgs__rosidl_typesupport_introspection_cppExport-noconfig.cmake
[1.417s] -- Up-to-date: /home/mscrobotics2425laptop4/LEO-ROVER-CODING/install/interbotix_perception_msgs/share/interbotix_perception_msgs/cmake/interbotix_perception_msgs__rosidl_typesupport_cppExport.cmake
[1.417s] -- Up-to-date: /home/mscrobotics2425laptop4/LEO-ROVER-CODING/install/interbotix_perception_msgs/share/interbotix_perception_msgs/cmake/interbotix_perception_msgs__rosidl_typesupport_cppExport-noconfig.cmake
[1.417s] -- Up-to-date: /home/mscrobotics2425laptop4/LEO-ROVER-CODING/install/interbotix_perception_msgs/share/interbotix_perception_msgs/cmake/export_interbotix_perception_msgs__rosidl_generator_pyExport.cmake
[1.417s] -- Up-to-date: /home/mscrobotics2425laptop4/LEO-ROVER-CODING/install/interbotix_perception_msgs/share/interbotix_perception_msgs/cmake/export_interbotix_perception_msgs__rosidl_generator_pyExport-noconfig.cmake
[1.417s] -- Up-to-date: /home/mscrobotics2425laptop4/LEO-ROVER-CODING/install/interbotix_perception_msgs/share/interbotix_perception_msgs/cmake/rosidl_cmake-extras.cmake
[1.417s] -- Up-to-date: /home/mscrobotics2425laptop4/LEO-ROVER-CODING/install/interbotix_perception_msgs/share/interbotix_perception_msgs/cmake/ament_cmake_export_dependencies-extras.cmake
[1.417s] -- Up-to-date: /home/mscrobotics2425laptop4/LEO-ROVER-CODING/install/interbotix_perception_msgs/share/interbotix_perception_msgs/cmake/ament_cmake_export_include_directories-extras.cmake
[1.418s] -- Up-to-date: /home/mscrobotics2425laptop4/LEO-ROVER-CODING/install/interbotix_perception_msgs/share/interbotix_perception_msgs/cmake/ament_cmake_export_libraries-extras.cmake
[1.418s] -- Up-to-date: /home/mscrobotics2425laptop4/LEO-ROVER-CODING/install/interbotix_perception_msgs/share/interbotix_perception_msgs/cmake/ament_cmake_export_targets-extras.cmake
[1.418s] -- Up-to-date: /home/mscrobotics2425laptop4/LEO-ROVER-CODING/install/interbotix_perception_msgs/share/interbotix_perception_msgs/cmake/rosidl_cmake_export_typesupport_targets-extras.cmake
[1.418s] -- Up-to-date: /home/mscrobotics2425laptop4/LEO-ROVER-CODING/install/interbotix_perception_msgs/share/interbotix_perception_msgs/cmake/rosidl_cmake_export_typesupport_libraries-extras.cmake
[1.418s] -- Up-to-date: /home/mscrobotics2425laptop4/LEO-ROVER-CODING/install/interbotix_perception_msgs/share/interbotix_perception_msgs/cmake/interbotix_perception_msgsConfig.cmake
[1.418s] -- Up-to-date: /home/mscrobotics2425laptop4/LEO-ROVER-CODING/install/interbotix_perception_msgs/share/interbotix_perception_msgs/cmake/interbotix_perception_msgsConfig-version.cmake
[1.418s] -- Up-to-date: /home/mscrobotics2425laptop4/LEO-ROVER-CODING/install/interbotix_perception_msgs/share/interbotix_perception_msgs/package.xml
[1.876s] Invoked command in '/home/mscrobotics2425laptop4/LEO-ROVER-CODING/build/interbotix_perception_msgs' returned '0': CMAKE_PREFIX_PATH=${CMAKE_PREFIX_PATH}:/home/mscrobotics2425laptop4/interbotix_ws/install/ros_cv_messages:/home/mscrobotics2425laptop4/interbotix_ws/install/leo_realsense:/home/mscrobotics2425laptop4/interbotix_ws/install/leo_manipulator:/home/mscrobotics2425laptop4/interbotix_ws/install/leo_main:/home/mscrobotics2425laptop4/interbotix_ws/install/leo_launch:/home/mscrobotics2425laptop4/interbotix_ws/install/interbotix_xs_modules:/home/mscrobotics2425laptop4/interbotix_ws/install/interbotix_perception_modules:/home/mscrobotics2425laptop4/interbotix_ws/install/interbotix_common_modules:/home/mscrobotics2425laptop4/ros2_tutorial_workspace/install/the_simplest_python_package:/home/mscrobotics2425laptop4/ros2_tutorial_workspace/install/test_package:/home/mscrobotics2425laptop4/ros2_tutorial_workspace/install/python_package_with_a_node:/home/mscrobotics2425laptop4/ros2_tutorial_workspace/install/python_package_that_uses_the_library:/home/mscrobotics2425laptop4/ros2_tutorial_workspace/install/python_package_with_a_library:/home/mscrobotics2425laptop4/ros2_tutorial_workspace/install/python_package_that_uses_the_services:/home/mscrobotics2425laptop4/ros2_tutorial_workspace/install/python_package_that_uses_the_messages:/home/mscrobotics2425laptop4/ros2_tutorial_workspace/install/python_package_that_uses_parameters_and_launch_files:/home/mscrobotics2425laptop4/ros2_tutorial_workspace/install/navigation_leo:/home/mscrobotics2425laptop4/ros2_tutorial_workspace/install/navigation_demos_custom_map:/home/mscrobotics2425laptop4/ros2_tutorial_workspace/install/navigation_demos:/home/mscrobotics2425laptop4/ros2_tutorial_workspace/install/m_explore_toggle:/home/mscrobotics2425laptop4/ros2_tutorial_workspace/install/lidar_emulator:/home/mscrobotics2425laptop4/ros2_tutorial_workspace/install/leo_team9:/home/mscrobotics2425laptop4/ros2_tutorial_workspace/install/gz_example_robot_description:/home/mscrobotics2425laptop4/ros2_tutorial_workspace/install/example_urdf_robot:/home/mscrobotics2425laptop4/ros2_tutorial_workspace/install/example_urdf_description:/home/mscrobotics2425laptop4/ros2_tutorial_workspace/install/example_gz_robot:/home/mscrobotics2425laptop4/ros2_tutorial_workspace/install/custom_server_package:/home/mscrobotics2425laptop4/ros2_tutorial_workspace/install/custom_client_package:/home/mscrobotics2425laptop4/ros2_tutorial_workspace/install/challenge_package:/home/mscrobotics2425laptop4/ros2_tutorial_workspace/install/bt_demos:/opt/ros/humble /usr/bin/cmake --install /home/mscrobotics2425laptop4/LEO-ROVER-CODING/build/interbotix_perception_msgs
