[1.354s] Invoking command in '/home/mscrobotics2425laptop4/LEO-ROVER-CODING/interbotix_ws/src/ros_cv_messages': AMENT_PREFIX_PATH=/home/mscrobotics2425laptop4/LEO-ROVER-CODING/install/leo_with_interfaces:${AMENT_PREFIX_PATH} CMAKE_PREFIX_PATH=/home/mscrobotics2425laptop4/LEO-ROVER-CODING/install/leo_with_interfaces:${CMAKE_PREFIX_PATH} LD_LIBRARY_PATH=/home/mscrobotics2425laptop4/LEO-ROVER-CODING/install/leo_with_interfaces/lib:${LD_LIBRARY_PATH} PYTHONPATH=/home/mscrobotics2425laptop4/LEO-ROVER-CODING/build/ros_cv_messages/prefix_override:/usr/lib/python3/dist-packages/colcon_core/task/python/colcon_distutils_commands:/home/mscrobotics2425laptop4/LEO-ROVER-CODING/install/ros_cv_messages/lib/python3.10/site-packages:/home/mscrobotics2425laptop4/LEO-ROVER-CODING/install/leo_with_interfaces/local/lib/python3.10/dist-packages:${PYTHONPATH} /usr/bin/python3 -W ignore:setup.py install is deprecated -W ignore:easy_install command is deprecated setup.py egg_info --egg-base ../../../build/ros_cv_messages build --build-base /home/mscrobotics2425laptop4/LEO-ROVER-CODING/build/ros_cv_messages/build install --record /home/mscrobotics2425laptop4/LEO-ROVER-CODING/build/ros_cv_messages/install.log --single-version-externally-managed install_data
[1.561s] running egg_info
[1.561s] writing ../../../build/ros_cv_messages/ros_cv_messages.egg-info/PKG-INFO
[1.561s] writing dependency_links to ../../../build/ros_cv_messages/ros_cv_messages.egg-info/dependency_links.txt
[1.561s] writing entry points to ../../../build/ros_cv_messages/ros_cv_messages.egg-info/entry_points.txt
[1.562s] writing requirements to ../../../build/ros_cv_messages/ros_cv_messages.egg-info/requires.txt
[1.562s] writing top-level names to ../../../build/ros_cv_messages/ros_cv_messages.egg-info/top_level.txt
[1.563s] reading manifest file '../../../build/ros_cv_messages/ros_cv_messages.egg-info/SOURCES.txt'
[1.564s] writing manifest file '../../../build/ros_cv_messages/ros_cv_messages.egg-info/SOURCES.txt'
[1.564s] running build
[1.564s] running build_py
[1.564s] running install
[1.565s] running install_lib
[1.566s] running install_data
[1.566s] running install_egg_info
[1.568s] removing '/home/mscrobotics2425laptop4/LEO-ROVER-CODING/install/ros_cv_messages/lib/python3.10/site-packages/ros_cv_messages-0.0.0-py3.10.egg-info' (and everything under it)
[1.568s] Copying ../../../build/ros_cv_messages/ros_cv_messages.egg-info to /home/mscrobotics2425laptop4/LEO-ROVER-CODING/install/ros_cv_messages/lib/python3.10/site-packages/ros_cv_messages-0.0.0-py3.10.egg-info
[1.568s] running install_scripts
[1.588s] Installing ros_cv_messages script to /home/mscrobotics2425laptop4/LEO-ROVER-CODING/install/ros_cv_messages/lib/ros_cv_messages
[1.588s] writing list of installed files to '/home/mscrobotics2425laptop4/LEO-ROVER-CODING/build/ros_cv_messages/install.log'
[1.614s] Invoked command in '/home/mscrobotics2425laptop4/LEO-ROVER-CODING/interbotix_ws/src/ros_cv_messages' returned '0': AMENT_PREFIX_PATH=/home/mscrobotics2425laptop4/LEO-ROVER-CODING/install/leo_with_interfaces:${AMENT_PREFIX_PATH} CMAKE_PREFIX_PATH=/home/mscrobotics2425laptop4/LEO-ROVER-CODING/install/leo_with_interfaces:${CMAKE_PREFIX_PATH} LD_LIBRARY_PATH=/home/mscrobotics2425laptop4/LEO-ROVER-CODING/install/leo_with_interfaces/lib:${LD_LIBRARY_PATH} PYTHONPATH=/home/mscrobotics2425laptop4/LEO-ROVER-CODING/build/ros_cv_messages/prefix_override:/usr/lib/python3/dist-packages/colcon_core/task/python/colcon_distutils_commands:/home/mscrobotics2425laptop4/LEO-ROVER-CODING/install/ros_cv_messages/lib/python3.10/site-packages:/home/mscrobotics2425laptop4/LEO-ROVER-CODING/install/leo_with_interfaces/local/lib/python3.10/dist-packages:${PYTHONPATH} /usr/bin/python3 -W ignore:setup.py install is deprecated -W ignore:easy_install command is deprecated setup.py egg_info --egg-base ../../../build/ros_cv_messages build --build-base /home/mscrobotics2425laptop4/LEO-ROVER-CODING/build/ros_cv_messages/build install --record /home/mscrobotics2425laptop4/LEO-ROVER-CODING/build/ros_cv_messages/install.log --single-version-externally-managed install_data
