[1.371s] Invoking command in '/home/mscrobotics2425laptop4/interbotix_ws/src/interbotix_ros_toolboxes/interbotix_xs_toolbox/interbotix_xs_modules': AMENT_PREFIX_PATH=/home/mscrobotics2425laptop4/interbotix_ws/install/interbotix_xs_sdk:/home/mscrobotics2425laptop4/interbotix_ws/install/interbotix_xs_driver:/home/mscrobotics2425laptop4/interbotix_ws/install/interbotix_xs_msgs:/home/mscrobotics2425laptop4/interbotix_ws/install/interbotix_common_modules:/home/mscrobotics2425laptop4/interbotix_ws/install/dynamixel_workbench_toolbox:${AMENT_PREFIX_PATH} CMAKE_PREFIX_PATH=/home/mscrobotics2425laptop4/interbotix_ws/install/interbotix_xs_sdk:/home/mscrobotics2425laptop4/interbotix_ws/install/interbotix_xs_driver:/home/mscrobotics2425laptop4/interbotix_ws/install/interbotix_xs_msgs:/home/mscrobotics2425laptop4/interbotix_ws/install/dynamixel_workbench_toolbox:${CMAKE_PREFIX_PATH} LD_LIBRARY_PATH=/home/mscrobotics2425laptop4/interbotix_ws/install/interbotix_xs_driver/lib:/home/mscrobotics2425laptop4/interbotix_ws/install/interbotix_xs_msgs/lib:/home/mscrobotics2425laptop4/interbotix_ws/install/dynamixel_workbench_toolbox/lib:${LD_LIBRARY_PATH} PYTHONPATH=/home/mscrobotics2425laptop4/interbotix_ws/build/interbotix_xs_modules/prefix_override:/usr/lib/python3/dist-packages/colcon_core/task/python/colcon_distutils_commands:/home/mscrobotics2425laptop4/interbotix_ws/install/interbotix_xs_modules/lib/python3.10/site-packages:/home/mscrobotics2425laptop4/interbotix_ws/install/interbotix_xs_msgs/local/lib/python3.10/dist-packages:/home/mscrobotics2425laptop4/interbotix_ws/install/interbotix_common_modules/lib/python3.10/site-packages:${PYTHONPATH} /usr/bin/python3 -W ignore:setup.py install is deprecated -W ignore:easy_install command is deprecated setup.py egg_info --egg-base ../../../../build/interbotix_xs_modules build --build-base /home/mscrobotics2425laptop4/interbotix_ws/build/interbotix_xs_modules/build install --record /home/mscrobotics2425laptop4/interbotix_ws/build/interbotix_xs_modules/install.log --single-version-externally-managed install_data
[2.044s] running egg_info
[2.045s] creating ../../../../build/interbotix_xs_modules/interbotix_xs_modules.egg-info
[2.045s] writing ../../../../build/interbotix_xs_modules/interbotix_xs_modules.egg-info/PKG-INFO
[2.046s] writing dependency_links to ../../../../build/interbotix_xs_modules/interbotix_xs_modules.egg-info/dependency_links.txt
[2.046s] writing entry points to ../../../../build/interbotix_xs_modules/interbotix_xs_modules.egg-info/entry_points.txt
[2.046s] writing requirements to ../../../../build/interbotix_xs_modules/interbotix_xs_modules.egg-info/requires.txt
[2.047s] writing top-level names to ../../../../build/interbotix_xs_modules/interbotix_xs_modules.egg-info/top_level.txt
[2.047s] writing manifest file '../../../../build/interbotix_xs_modules/interbotix_xs_modules.egg-info/SOURCES.txt'
[2.050s] reading manifest file '../../../../build/interbotix_xs_modules/interbotix_xs_modules.egg-info/SOURCES.txt'
[2.052s] writing manifest file '../../../../build/interbotix_xs_modules/interbotix_xs_modules.egg-info/SOURCES.txt'
[2.052s] running build
[2.053s] running build_py
[2.053s] creating /home/mscrobotics2425laptop4/interbotix_ws/build/interbotix_xs_modules/build
[2.053s] creating /home/mscrobotics2425laptop4/interbotix_ws/build/interbotix_xs_modules/build/lib
[2.053s] creating /home/mscrobotics2425laptop4/interbotix_ws/build/interbotix_xs_modules/build/lib/interbotix_xs_modules
[2.053s] copying interbotix_xs_modules/__init__.py -> /home/mscrobotics2425laptop4/interbotix_ws/build/interbotix_xs_modules/build/lib/interbotix_xs_modules
[2.053s] creating /home/mscrobotics2425laptop4/interbotix_ws/build/interbotix_xs_modules/build/lib/interbotix_xs_modules/xs_common
[2.053s] copying interbotix_xs_modules/xs_common/__init__.py -> /home/mscrobotics2425laptop4/interbotix_ws/build/interbotix_xs_modules/build/lib/interbotix_xs_modules/xs_common
[2.054s] copying interbotix_xs_modules/xs_common/xs_common.py -> /home/mscrobotics2425laptop4/interbotix_ws/build/interbotix_xs_modules/build/lib/interbotix_xs_modules/xs_common
[2.054s] creating /home/mscrobotics2425laptop4/interbotix_ws/build/interbotix_xs_modules/build/lib/interbotix_xs_modules/xs_launch
[2.054s] copying interbotix_xs_modules/xs_launch/xs_launch.py -> /home/mscrobotics2425laptop4/interbotix_ws/build/interbotix_xs_modules/build/lib/interbotix_xs_modules/xs_launch
[2.054s] copying interbotix_xs_modules/xs_launch/__init__.py -> /home/mscrobotics2425laptop4/interbotix_ws/build/interbotix_xs_modules/build/lib/interbotix_xs_modules/xs_launch
[2.054s] creating /home/mscrobotics2425laptop4/interbotix_ws/build/interbotix_xs_modules/build/lib/interbotix_xs_modules/xs_robot
[2.055s] copying interbotix_xs_modules/xs_robot/gravity_compensation.py -> /home/mscrobotics2425laptop4/interbotix_ws/build/interbotix_xs_modules/build/lib/interbotix_xs_modules/xs_robot
[2.055s] copying interbotix_xs_modules/xs_robot/create3.py -> /home/mscrobotics2425laptop4/interbotix_ws/build/interbotix_xs_modules/build/lib/interbotix_xs_modules/xs_robot
[2.055s] copying interbotix_xs_modules/xs_robot/gripper.py -> /home/mscrobotics2425laptop4/interbotix_ws/build/interbotix_xs_modules/build/lib/interbotix_xs_modules/xs_robot
[2.055s] copying interbotix_xs_modules/xs_robot/arm.py -> /home/mscrobotics2425laptop4/interbotix_ws/build/interbotix_xs_modules/build/lib/interbotix_xs_modules/xs_robot
[2.056s] copying interbotix_xs_modules/xs_robot/mobile_base.py -> /home/mscrobotics2425laptop4/interbotix_ws/build/interbotix_xs_modules/build/lib/interbotix_xs_modules/xs_robot
[2.056s] copying interbotix_xs_modules/xs_robot/slate.py -> /home/mscrobotics2425laptop4/interbotix_ws/build/interbotix_xs_modules/build/lib/interbotix_xs_modules/xs_robot
[2.056s] copying interbotix_xs_modules/xs_robot/turret.py -> /home/mscrobotics2425laptop4/interbotix_ws/build/interbotix_xs_modules/build/lib/interbotix_xs_modules/xs_robot
[2.057s] copying interbotix_xs_modules/xs_robot/__init__.py -> /home/mscrobotics2425laptop4/interbotix_ws/build/interbotix_xs_modules/build/lib/interbotix_xs_modules/xs_robot
[2.057s] copying interbotix_xs_modules/xs_robot/kobuki.py -> /home/mscrobotics2425laptop4/interbotix_ws/build/interbotix_xs_modules/build/lib/interbotix_xs_modules/xs_robot
[2.058s] copying interbotix_xs_modules/xs_robot/core.py -> /home/mscrobotics2425laptop4/interbotix_ws/build/interbotix_xs_modules/build/lib/interbotix_xs_modules/xs_robot
[2.058s] copying interbotix_xs_modules/xs_robot/mr_descriptions.py -> /home/mscrobotics2425laptop4/interbotix_ws/build/interbotix_xs_modules/build/lib/interbotix_xs_modules/xs_robot
[2.058s] copying interbotix_xs_modules/xs_robot/hexapod.py -> /home/mscrobotics2425laptop4/interbotix_ws/build/interbotix_xs_modules/build/lib/interbotix_xs_modules/xs_robot
[2.058s] copying interbotix_xs_modules/xs_robot/locobot.py -> /home/mscrobotics2425laptop4/interbotix_ws/build/interbotix_xs_modules/build/lib/interbotix_xs_modules/xs_robot
[2.060s] running install
[2.061s] running install_lib
[2.062s] creating /home/mscrobotics2425laptop4/interbotix_ws/install/interbotix_xs_modules/lib/python3.10/site-packages/interbotix_xs_modules
[2.063s] creating /home/mscrobotics2425laptop4/interbotix_ws/install/interbotix_xs_modules/lib/python3.10/site-packages/interbotix_xs_modules/xs_common
[2.064s] copying /home/mscrobotics2425laptop4/interbotix_ws/build/interbotix_xs_modules/build/lib/interbotix_xs_modules/xs_common/__init__.py -> /home/mscrobotics2425laptop4/interbotix_ws/install/interbotix_xs_modules/lib/python3.10/site-packages/interbotix_xs_modules/xs_common
[2.065s] copying /home/mscrobotics2425laptop4/interbotix_ws/build/interbotix_xs_modules/build/lib/interbotix_xs_modules/xs_common/xs_common.py -> /home/mscrobotics2425laptop4/interbotix_ws/install/interbotix_xs_modules/lib/python3.10/site-packages/interbotix_xs_modules/xs_common
[2.065s] creating /home/mscrobotics2425laptop4/interbotix_ws/install/interbotix_xs_modules/lib/python3.10/site-packages/interbotix_xs_modules/xs_launch
[2.071s] copying /home/mscrobotics2425laptop4/interbotix_ws/build/interbotix_xs_modules/build/lib/interbotix_xs_modules/xs_launch/xs_launch.py -> /home/mscrobotics2425laptop4/interbotix_ws/install/interbotix_xs_modules/lib/python3.10/site-packages/interbotix_xs_modules/xs_launch
[2.071s] copying /home/mscrobotics2425laptop4/interbotix_ws/build/interbotix_xs_modules/build/lib/interbotix_xs_modules/xs_launch/__init__.py -> /home/mscrobotics2425laptop4/interbotix_ws/install/interbotix_xs_modules/lib/python3.10/site-packages/interbotix_xs_modules/xs_launch
[2.072s] copying /home/mscrobotics2425laptop4/interbotix_ws/build/interbotix_xs_modules/build/lib/interbotix_xs_modules/__init__.py -> /home/mscrobotics2425laptop4/interbotix_ws/install/interbotix_xs_modules/lib/python3.10/site-packages/interbotix_xs_modules
[2.072s] creating /home/mscrobotics2425laptop4/interbotix_ws/install/interbotix_xs_modules/lib/python3.10/site-packages/interbotix_xs_modules/xs_robot
[2.073s] copying /home/mscrobotics2425laptop4/interbotix_ws/build/interbotix_xs_modules/build/lib/interbotix_xs_modules/xs_robot/gravity_compensation.py -> /home/mscrobotics2425laptop4/interbotix_ws/install/interbotix_xs_modules/lib/python3.10/site-packages/interbotix_xs_modules/xs_robot
[2.073s] copying /home/mscrobotics2425laptop4/interbotix_ws/build/interbotix_xs_modules/build/lib/interbotix_xs_modules/xs_robot/create3.py -> /home/mscrobotics2425laptop4/interbotix_ws/install/interbotix_xs_modules/lib/python3.10/site-packages/interbotix_xs_modules/xs_robot
[2.073s] copying /home/mscrobotics2425laptop4/interbotix_ws/build/interbotix_xs_modules/build/lib/interbotix_xs_modules/xs_robot/gripper.py -> /home/mscrobotics2425laptop4/interbotix_ws/install/interbotix_xs_modules/lib/python3.10/site-packages/interbotix_xs_modules/xs_robot
[2.073s] copying /home/mscrobotics2425laptop4/interbotix_ws/build/interbotix_xs_modules/build/lib/interbotix_xs_modules/xs_robot/arm.py -> /home/mscrobotics2425laptop4/interbotix_ws/install/interbotix_xs_modules/lib/python3.10/site-packages/interbotix_xs_modules/xs_robot
[2.073s] copying /home/mscrobotics2425laptop4/interbotix_ws/build/interbotix_xs_modules/build/lib/interbotix_xs_modules/xs_robot/mobile_base.py -> /home/mscrobotics2425laptop4/interbotix_ws/install/interbotix_xs_modules/lib/python3.10/site-packages/interbotix_xs_modules/xs_robot
[2.073s] copying /home/mscrobotics2425laptop4/interbotix_ws/build/interbotix_xs_modules/build/lib/interbotix_xs_modules/xs_robot/slate.py -> /home/mscrobotics2425laptop4/interbotix_ws/install/interbotix_xs_modules/lib/python3.10/site-packages/interbotix_xs_modules/xs_robot
[2.074s] copying /home/mscrobotics2425laptop4/interbotix_ws/build/interbotix_xs_modules/build/lib/interbotix_xs_modules/xs_robot/turret.py -> /home/mscrobotics2425laptop4/interbotix_ws/install/interbotix_xs_modules/lib/python3.10/site-packages/interbotix_xs_modules/xs_robot
[2.074s] copying /home/mscrobotics2425laptop4/interbotix_ws/build/interbotix_xs_modules/build/lib/interbotix_xs_modules/xs_robot/__init__.py -> /home/mscrobotics2425laptop4/interbotix_ws/install/interbotix_xs_modules/lib/python3.10/site-packages/interbotix_xs_modules/xs_robot
[2.079s] copying /home/mscrobotics2425laptop4/interbotix_ws/build/interbotix_xs_modules/build/lib/interbotix_xs_modules/xs_robot/kobuki.py -> /home/mscrobotics2425laptop4/interbotix_ws/install/interbotix_xs_modules/lib/python3.10/site-packages/interbotix_xs_modules/xs_robot
[2.079s] copying /home/mscrobotics2425laptop4/interbotix_ws/build/interbotix_xs_modules/build/lib/interbotix_xs_modules/xs_robot/core.py -> /home/mscrobotics2425laptop4/interbotix_ws/install/interbotix_xs_modules/lib/python3.10/site-packages/interbotix_xs_modules/xs_robot
[2.079s] copying /home/mscrobotics2425laptop4/interbotix_ws/build/interbotix_xs_modules/build/lib/interbotix_xs_modules/xs_robot/mr_descriptions.py -> /home/mscrobotics2425laptop4/interbotix_ws/install/interbotix_xs_modules/lib/python3.10/site-packages/interbotix_xs_modules/xs_robot
[2.079s] copying /home/mscrobotics2425laptop4/interbotix_ws/build/interbotix_xs_modules/build/lib/interbotix_xs_modules/xs_robot/hexapod.py -> /home/mscrobotics2425laptop4/interbotix_ws/install/interbotix_xs_modules/lib/python3.10/site-packages/interbotix_xs_modules/xs_robot
[2.079s] copying /home/mscrobotics2425laptop4/interbotix_ws/build/interbotix_xs_modules/build/lib/interbotix_xs_modules/xs_robot/locobot.py -> /home/mscrobotics2425laptop4/interbotix_ws/install/interbotix_xs_modules/lib/python3.10/site-packages/interbotix_xs_modules/xs_robot
[2.080s] byte-compiling /home/mscrobotics2425laptop4/interbotix_ws/install/interbotix_xs_modules/lib/python3.10/site-packages/interbotix_xs_modules/xs_common/__init__.py to __init__.cpython-310.pyc
[2.080s] byte-compiling /home/mscrobotics2425laptop4/interbotix_ws/install/interbotix_xs_modules/lib/python3.10/site-packages/interbotix_xs_modules/xs_common/xs_common.py to xs_common.cpython-310.pyc
[2.080s] byte-compiling /home/mscrobotics2425laptop4/interbotix_ws/install/interbotix_xs_modules/lib/python3.10/site-packages/interbotix_xs_modules/xs_launch/xs_launch.py to xs_launch.cpython-310.pyc
[2.082s] byte-compiling /home/mscrobotics2425laptop4/interbotix_ws/install/interbotix_xs_modules/lib/python3.10/site-packages/interbotix_xs_modules/xs_launch/__init__.py to __init__.cpython-310.pyc
[2.082s] byte-compiling /home/mscrobotics2425laptop4/interbotix_ws/install/interbotix_xs_modules/lib/python3.10/site-packages/interbotix_xs_modules/__init__.py to __init__.cpython-310.pyc
[2.083s] byte-compiling /home/mscrobotics2425laptop4/interbotix_ws/install/interbotix_xs_modules/lib/python3.10/site-packages/interbotix_xs_modules/xs_robot/gravity_compensation.py to gravity_compensation.cpython-310.pyc
[2.085s] byte-compiling /home/mscrobotics2425laptop4/interbotix_ws/install/interbotix_xs_modules/lib/python3.10/site-packages/interbotix_xs_modules/xs_robot/create3.py to create3.cpython-310.pyc
[2.087s] byte-compiling /home/mscrobotics2425laptop4/interbotix_ws/install/interbotix_xs_modules/lib/python3.10/site-packages/interbotix_xs_modules/xs_robot/gripper.py to gripper.cpython-310.pyc
[2.091s] byte-compiling /home/mscrobotics2425laptop4/interbotix_ws/install/interbotix_xs_modules/lib/python3.10/site-packages/interbotix_xs_modules/xs_robot/arm.py to arm.cpython-310.pyc
[2.098s] byte-compiling /home/mscrobotics2425laptop4/interbotix_ws/install/interbotix_xs_modules/lib/python3.10/site-packages/interbotix_xs_modules/xs_robot/mobile_base.py to mobile_base.cpython-310.pyc
[2.103s] byte-compiling /home/mscrobotics2425laptop4/interbotix_ws/install/interbotix_xs_modules/lib/python3.10/site-packages/interbotix_xs_modules/xs_robot/slate.py to slate.cpython-310.pyc
[2.104s] byte-compiling /home/mscrobotics2425laptop4/interbotix_ws/install/interbotix_xs_modules/lib/python3.10/site-packages/interbotix_xs_modules/xs_robot/turret.py to turret.cpython-310.pyc
[2.108s] byte-compiling /home/mscrobotics2425laptop4/interbotix_ws/install/interbotix_xs_modules/lib/python3.10/site-packages/interbotix_xs_modules/xs_robot/__init__.py to __init__.cpython-310.pyc
[2.109s] byte-compiling /home/mscrobotics2425laptop4/interbotix_ws/install/interbotix_xs_modules/lib/python3.10/site-packages/interbotix_xs_modules/xs_robot/kobuki.py to kobuki.cpython-310.pyc
[2.109s] byte-compiling /home/mscrobotics2425laptop4/interbotix_ws/install/interbotix_xs_modules/lib/python3.10/site-packages/interbotix_xs_modules/xs_robot/core.py to core.cpython-310.pyc
[2.112s] byte-compiling /home/mscrobotics2425laptop4/interbotix_ws/install/interbotix_xs_modules/lib/python3.10/site-packages/interbotix_xs_modules/xs_robot/mr_descriptions.py to mr_descriptions.cpython-310.pyc
[2.115s] byte-compiling /home/mscrobotics2425laptop4/interbotix_ws/install/interbotix_xs_modules/lib/python3.10/site-packages/interbotix_xs_modules/xs_robot/hexapod.py to hexapod.cpython-310.pyc
[2.123s] byte-compiling /home/mscrobotics2425laptop4/interbotix_ws/install/interbotix_xs_modules/lib/python3.10/site-packages/interbotix_xs_modules/xs_robot/locobot.py to locobot.cpython-310.pyc
[2.124s] running install_data
[2.124s] creating /home/mscrobotics2425laptop4/interbotix_ws/install/interbotix_xs_modules/share/ament_index
[2.124s] creating /home/mscrobotics2425laptop4/interbotix_ws/install/interbotix_xs_modules/share/ament_index/resource_index
[2.124s] creating /home/mscrobotics2425laptop4/interbotix_ws/install/interbotix_xs_modules/share/ament_index/resource_index/packages
[2.124s] copying resource/interbotix_xs_modules -> /home/mscrobotics2425laptop4/interbotix_ws/install/interbotix_xs_modules/share/ament_index/resource_index/packages
[2.125s] copying package.xml -> /home/mscrobotics2425laptop4/interbotix_ws/install/interbotix_xs_modules/share/interbotix_xs_modules
[2.125s] running install_egg_info
[2.128s] Copying ../../../../build/interbotix_xs_modules/interbotix_xs_modules.egg-info to /home/mscrobotics2425laptop4/interbotix_ws/install/interbotix_xs_modules/lib/python3.10/site-packages/interbotix_xs_modules-0.0.0-py3.10.egg-info
[2.129s] running install_scripts
[2.155s] writing list of installed files to '/home/mscrobotics2425laptop4/interbotix_ws/build/interbotix_xs_modules/install.log'
[2.200s] Invoked command in '/home/mscrobotics2425laptop4/interbotix_ws/src/interbotix_ros_toolboxes/interbotix_xs_toolbox/interbotix_xs_modules' returned '0': AMENT_PREFIX_PATH=/home/mscrobotics2425laptop4/interbotix_ws/install/interbotix_xs_sdk:/home/mscrobotics2425laptop4/interbotix_ws/install/interbotix_xs_driver:/home/mscrobotics2425laptop4/interbotix_ws/install/interbotix_xs_msgs:/home/mscrobotics2425laptop4/interbotix_ws/install/interbotix_common_modules:/home/mscrobotics2425laptop4/interbotix_ws/install/dynamixel_workbench_toolbox:${AMENT_PREFIX_PATH} CMAKE_PREFIX_PATH=/home/mscrobotics2425laptop4/interbotix_ws/install/interbotix_xs_sdk:/home/mscrobotics2425laptop4/interbotix_ws/install/interbotix_xs_driver:/home/mscrobotics2425laptop4/interbotix_ws/install/interbotix_xs_msgs:/home/mscrobotics2425laptop4/interbotix_ws/install/dynamixel_workbench_toolbox:${CMAKE_PREFIX_PATH} LD_LIBRARY_PATH=/home/mscrobotics2425laptop4/interbotix_ws/install/interbotix_xs_driver/lib:/home/mscrobotics2425laptop4/interbotix_ws/install/interbotix_xs_msgs/lib:/home/mscrobotics2425laptop4/interbotix_ws/install/dynamixel_workbench_toolbox/lib:${LD_LIBRARY_PATH} PYTHONPATH=/home/mscrobotics2425laptop4/interbotix_ws/build/interbotix_xs_modules/prefix_override:/usr/lib/python3/dist-packages/colcon_core/task/python/colcon_distutils_commands:/home/mscrobotics2425laptop4/interbotix_ws/install/interbotix_xs_modules/lib/python3.10/site-packages:/home/mscrobotics2425laptop4/interbotix_ws/install/interbotix_xs_msgs/local/lib/python3.10/dist-packages:/home/mscrobotics2425laptop4/interbotix_ws/install/interbotix_common_modules/lib/python3.10/site-packages:${PYTHONPATH} /usr/bin/python3 -W ignore:setup.py install is deprecated -W ignore:easy_install command is deprecated setup.py egg_info --egg-base ../../../../build/interbotix_xs_modules build --build-base /home/mscrobotics2425laptop4/interbotix_ws/build/interbotix_xs_modules/build install --record /home/mscrobotics2425laptop4/interbotix_ws/build/interbotix_xs_modules/install.log --single-version-externally-managed install_data
