[2.758s] Invoking command in '/home/mscrobotics2425laptop4/interbotix_ws/src/leo_launch': PYTHONPATH=/home/mscrobotics2425laptop4/interbotix_ws/build/leo_launch/prefix_override:/usr/lib/python3/dist-packages/colcon_core/task/python/colcon_distutils_commands:/home/mscrobotics2425laptop4/interbotix_ws/install/leo_launch/lib/python3.10/site-packages:${PYTHONPATH} /usr/bin/python3 -W ignore:setup.py install is deprecated -W ignore:easy_install command is deprecated setup.py egg_info --egg-base ../../build/leo_launch build --build-base /home/mscrobotics2425laptop4/interbotix_ws/build/leo_launch/build install --record /home/mscrobotics2425laptop4/interbotix_ws/build/leo_launch/install.log --single-version-externally-managed install_data
[3.409s] running egg_info
[3.411s] writing ../../build/leo_launch/leo_launch.egg-info/PKG-INFO
[3.412s] writing dependency_links to ../../build/leo_launch/leo_launch.egg-info/dependency_links.txt
[3.412s] writing entry points to ../../build/leo_launch/leo_launch.egg-info/entry_points.txt
[3.412s] writing requirements to ../../build/leo_launch/leo_launch.egg-info/requires.txt
[3.413s] writing top-level names to ../../build/leo_launch/leo_launch.egg-info/top_level.txt
[3.419s] reading manifest file '../../build/leo_launch/leo_launch.egg-info/SOURCES.txt'
[3.421s] writing manifest file '../../build/leo_launch/leo_launch.egg-info/SOURCES.txt'
[3.422s] running build
[3.423s] running build_py
[3.423s] running install
[3.426s] running install_lib
[3.426s] running install_data
[3.426s] running install_egg_info
[3.433s] removing '/home/mscrobotics2425laptop4/interbotix_ws/install/leo_launch/lib/python3.10/site-packages/leo_launch-0.0.0-py3.10.egg-info' (and everything under it)
[3.434s] Copying ../../build/leo_launch/leo_launch.egg-info to /home/mscrobotics2425laptop4/interbotix_ws/install/leo_launch/lib/python3.10/site-packages/leo_launch-0.0.0-py3.10.egg-info
[3.435s] running install_scripts
[3.494s] writing list of installed files to '/home/mscrobotics2425laptop4/interbotix_ws/build/leo_launch/install.log'
[3.552s] Invoked command in '/home/mscrobotics2425laptop4/interbotix_ws/src/leo_launch' returned '0': PYTHONPATH=/home/mscrobotics2425laptop4/interbotix_ws/build/leo_launch/prefix_override:/usr/lib/python3/dist-packages/colcon_core/task/python/colcon_distutils_commands:/home/mscrobotics2425laptop4/interbotix_ws/install/leo_launch/lib/python3.10/site-packages:${PYTHONPATH} /usr/bin/python3 -W ignore:setup.py install is deprecated -W ignore:easy_install command is deprecated setup.py egg_info --egg-base ../../build/leo_launch build --build-base /home/mscrobotics2425laptop4/interbotix_ws/build/leo_launch/build install --record /home/mscrobotics2425laptop4/interbotix_ws/build/leo_launch/install.log --single-version-externally-managed install_data
