[1.618s] Invoking command in '/home/mscrobotics2425laptop4/interbotix_ws/src/ros_cv_messages': PYTHONPATH=/home/mscrobotics2425laptop4/interbotix_ws/build/ros_cv_messages/prefix_override:/usr/lib/python3/dist-packages/colcon_core/task/python/colcon_distutils_commands:/home/mscrobotics2425laptop4/interbotix_ws/install/ros_cv_messages/lib/python3.10/site-packages:${PYTHONPATH} /usr/bin/python3 -W ignore:setup.py install is deprecated -W ignore:easy_install command is deprecated setup.py egg_info --egg-base ../../build/ros_cv_messages build --build-base /home/mscrobotics2425laptop4/interbotix_ws/build/ros_cv_messages/build install --record /home/mscrobotics2425laptop4/interbotix_ws/build/ros_cv_messages/install.log --single-version-externally-managed install_data
[1.910s] running egg_info
[1.910s] creating ../../build/ros_cv_messages/ros_cv_messages.egg-info
[1.910s] writing ../../build/ros_cv_messages/ros_cv_messages.egg-info/PKG-INFO
[1.911s] writing dependency_links to ../../build/ros_cv_messages/ros_cv_messages.egg-info/dependency_links.txt
[1.911s] writing entry points to ../../build/ros_cv_messages/ros_cv_messages.egg-info/entry_points.txt
[1.911s] writing requirements to ../../build/ros_cv_messages/ros_cv_messages.egg-info/requires.txt
[1.911s] writing top-level names to ../../build/ros_cv_messages/ros_cv_messages.egg-info/top_level.txt
[1.911s] writing manifest file '../../build/ros_cv_messages/ros_cv_messages.egg-info/SOURCES.txt'
[1.912s] reading manifest file '../../build/ros_cv_messages/ros_cv_messages.egg-info/SOURCES.txt'
[1.913s] writing manifest file '../../build/ros_cv_messages/ros_cv_messages.egg-info/SOURCES.txt'
[1.913s] running build
[1.913s] running build_py
[1.913s] creating /home/mscrobotics2425laptop4/interbotix_ws/build/ros_cv_messages/build
[1.913s] creating /home/mscrobotics2425laptop4/interbotix_ws/build/ros_cv_messages/build/lib
[1.914s] creating /home/mscrobotics2425laptop4/interbotix_ws/build/ros_cv_messages/build/lib/ros_cv_messages
[1.914s] copying ros_cv_messages/__init__.py -> /home/mscrobotics2425laptop4/interbotix_ws/build/ros_cv_messages/build/lib/ros_cv_messages
[1.914s] copying ros_cv_messages/ros_cv_messages.py -> /home/mscrobotics2425laptop4/interbotix_ws/build/ros_cv_messages/build/lib/ros_cv_messages
[1.914s] running install
[1.914s] running install_lib
[1.914s] creating /home/mscrobotics2425laptop4/interbotix_ws/install/ros_cv_messages/lib/python3.10/site-packages/ros_cv_messages
[1.914s] copying /home/mscrobotics2425laptop4/interbotix_ws/build/ros_cv_messages/build/lib/ros_cv_messages/__init__.py -> /home/mscrobotics2425laptop4/interbotix_ws/install/ros_cv_messages/lib/python3.10/site-packages/ros_cv_messages
[1.914s] copying /home/mscrobotics2425laptop4/interbotix_ws/build/ros_cv_messages/build/lib/ros_cv_messages/ros_cv_messages.py -> /home/mscrobotics2425laptop4/interbotix_ws/install/ros_cv_messages/lib/python3.10/site-packages/ros_cv_messages
[1.914s] byte-compiling /home/mscrobotics2425laptop4/interbotix_ws/install/ros_cv_messages/lib/python3.10/site-packages/ros_cv_messages/__init__.py to __init__.cpython-310.pyc
[1.915s] byte-compiling /home/mscrobotics2425laptop4/interbotix_ws/install/ros_cv_messages/lib/python3.10/site-packages/ros_cv_messages/ros_cv_messages.py to ros_cv_messages.cpython-310.pyc
[1.916s] running install_data
[1.916s] creating /home/mscrobotics2425laptop4/interbotix_ws/install/ros_cv_messages/share/ament_index
[1.916s] creating /home/mscrobotics2425laptop4/interbotix_ws/install/ros_cv_messages/share/ament_index/resource_index
[1.916s] creating /home/mscrobotics2425laptop4/interbotix_ws/install/ros_cv_messages/share/ament_index/resource_index/packages
[1.916s] copying resource/ros_cv_messages -> /home/mscrobotics2425laptop4/interbotix_ws/install/ros_cv_messages/share/ament_index/resource_index/packages
[1.916s] copying package.xml -> /home/mscrobotics2425laptop4/interbotix_ws/install/ros_cv_messages/share/ros_cv_messages
[1.916s] running install_egg_info
[1.917s] Copying ../../build/ros_cv_messages/ros_cv_messages.egg-info to /home/mscrobotics2425laptop4/interbotix_ws/install/ros_cv_messages/lib/python3.10/site-packages/ros_cv_messages-0.0.0-py3.10.egg-info
[1.918s] running install_scripts
[1.935s] Installing ros_cv_messages script to /home/mscrobotics2425laptop4/interbotix_ws/install/ros_cv_messages/lib/ros_cv_messages
[1.935s] writing list of installed files to '/home/mscrobotics2425laptop4/interbotix_ws/build/ros_cv_messages/install.log'
[1.981s] Invoked command in '/home/mscrobotics2425laptop4/interbotix_ws/src/ros_cv_messages' returned '0': PYTHONPATH=/home/mscrobotics2425laptop4/interbotix_ws/build/ros_cv_messages/prefix_override:/usr/lib/python3/dist-packages/colcon_core/task/python/colcon_distutils_commands:/home/mscrobotics2425laptop4/interbotix_ws/install/ros_cv_messages/lib/python3.10/site-packages:${PYTHONPATH} /usr/bin/python3 -W ignore:setup.py install is deprecated -W ignore:easy_install command is deprecated setup.py egg_info --egg-base ../../build/ros_cv_messages build --build-base /home/mscrobotics2425laptop4/interbotix_ws/build/ros_cv_messages/build install --record /home/mscrobotics2425laptop4/interbotix_ws/build/ros_cv_messages/install.log --single-version-externally-managed install_data
